[2025-11-10 20:03:54.423] [INFO ] [payment-service] [main] [com.bcu.edu.PaymentServiceApplication:?] - Starting PaymentServiceApplication using Java 17.0.6 with PID 44344 (E:\E\BYSJ\community-group-buy-backend\PaymentService\target\classes started by Gkr07 in E:\E\BYSJ\community-group-buy-backend)
[2025-11-10 20:03:54.433] [INFO ] [payment-service] [main] [com.bcu.edu.PaymentServiceApplication:?] - No active profile set, falling back to 1 default profile: "default"
[2025-11-10 20:03:57.102] [INFO ] [payment-service] [main] [o.s.d.r.config.RepositoryConfigurationDelegate:?] - Bootstrapping Spring Data JPA repositories in DEFAULT mode.
[2025-11-10 20:03:57.538] [INFO ] [payment-service] [main] [o.s.d.r.config.RepositoryConfigurationDelegate:?] - Finished Spring Data repository scanning in 424 ms. Found 2 JPA repository interfaces.
[2025-11-10 20:03:58.060] [INFO ] [payment-service] [main] [o.springframework.cloud.context.scope.GenericScope:?] - BeanFactory id=a9246f94-a812-33c9-a2f7-bd36df0628af
[2025-11-10 20:03:58.669] [WARN ] [payment-service] [main] [o.s.c.s.PostProcessorRegistrationDelegate$BeanPostProcessorChecker:?] - Bean 'org.springframework.cloud.client.loadbalancer.LoadBalancerAutoConfiguration$LoadBalancerInterceptorConfig' of type [org.springframework.cloud.client.loadbalancer.LoadBalancerAutoConfiguration$LoadBalancerInterceptorConfig] is not eligible for getting processed by all BeanPostProcessors (for example: not eligible for auto-proxying). The currently created BeanPostProcessor [lbRestClientPostProcessor] is declared through a non-static factory method on that class; consider declaring it as static instead.
[2025-11-10 20:03:58.692] [WARN ] [payment-service] [main] [o.s.c.s.PostProcessorRegistrationDelegate$BeanPostProcessorChecker:?] - Bean 'org.springframework.cloud.loadbalancer.config.BlockingLoadBalancerClientAutoConfiguration' of type [org.springframework.cloud.loadbalancer.config.BlockingLoadBalancerClientAutoConfiguration] is not eligible for getting processed by all BeanPostProcessors (for example: not eligible for auto-proxying). Is this bean getting eagerly injected into a currently created BeanPostProcessor [lbRestClientPostProcessor]? Check the corresponding BeanPostProcessor declaration and its dependencies.
[2025-11-10 20:03:58.697] [WARN ] [payment-service] [main] [o.s.c.s.PostProcessorRegistrationDelegate$BeanPostProcessorChecker:?] - Bean 'org.springframework.cloud.loadbalancer.config.LoadBalancerAutoConfiguration' of type [org.springframework.cloud.loadbalancer.config.LoadBalancerAutoConfiguration] is not eligible for getting processed by all BeanPostProcessors (for example: not eligible for auto-proxying). Is this bean getting eagerly injected into a currently created BeanPostProcessor [lbRestClientPostProcessor]? Check the corresponding BeanPostProcessor declaration and its dependencies.
[2025-11-10 20:03:58.729] [WARN ] [payment-service] [main] [o.s.c.s.PostProcessorRegistrationDelegate$BeanPostProcessorChecker:?] - Bean 'org.springframework.cloud.commons.config.CommonsConfigAutoConfiguration' of type [org.springframework.cloud.commons.config.CommonsConfigAutoConfiguration] is not eligible for getting processed by all BeanPostProcessors (for example: not eligible for auto-proxying). Is this bean getting eagerly injected into a currently created BeanPostProcessor [lbRestClientPostProcessor]? Check the corresponding BeanPostProcessor declaration and its dependencies.
[2025-11-10 20:03:58.736] [WARN ] [payment-service] [main] [o.s.c.s.PostProcessorRegistrationDelegate$BeanPostProcessorChecker:?] - Bean 'org.springframework.cloud.client.loadbalancer.LoadBalancerDefaultMappingsProviderAutoConfiguration' of type [org.springframework.cloud.client.loadbalancer.LoadBalancerDefaultMappingsProviderAutoConfiguration] is not eligible for getting processed by all BeanPostProcessors (for example: not eligible for auto-proxying). Is this bean getting eagerly injected into a currently created BeanPostProcessor [lbRestClientPostProcessor]? Check the corresponding BeanPostProcessor declaration and its dependencies.
[2025-11-10 20:03:58.739] [WARN ] [payment-service] [main] [o.s.c.s.PostProcessorRegistrationDelegate$BeanPostProcessorChecker:?] - Bean 'loadBalancerClientsDefaultsMappingsProvider' of type [org.springframework.cloud.client.loadbalancer.LoadBalancerDefaultMappingsProviderAutoConfiguration$$Lambda$787/0x00000008011667d0] is not eligible for getting processed by all BeanPostProcessors (for example: not eligible for auto-proxying). Is this bean getting eagerly injected into a currently created BeanPostProcessor [lbRestClientPostProcessor]? Check the corresponding BeanPostProcessor declaration and its dependencies.
[2025-11-10 20:03:58.746] [WARN ] [payment-service] [main] [o.s.c.s.PostProcessorRegistrationDelegate$BeanPostProcessorChecker:?] - Bean 'defaultsBindHandlerAdvisor' of type [org.springframework.cloud.commons.config.DefaultsBindHandlerAdvisor] is not eligible for getting processed by all BeanPostProcessors (for example: not eligible for auto-proxying). Is this bean getting eagerly injected into a currently created BeanPostProcessor [lbRestClientPostProcessor]? Check the corresponding BeanPostProcessor declaration and its dependencies.
[2025-11-10 20:03:58.764] [WARN ] [payment-service] [main] [o.s.c.s.PostProcessorRegistrationDelegate$BeanPostProcessorChecker:?] - Bean 'spring.cloud.loadbalancer-org.springframework.cloud.client.loadbalancer.LoadBalancerClientsProperties' of type [org.springframework.cloud.client.loadbalancer.LoadBalancerClientsProperties] is not eligible for getting processed by all BeanPostProcessors (for example: not eligible for auto-proxying). Is this bean getting eagerly injected into a currently created BeanPostProcessor [lbRestClientPostProcessor]? Check the corresponding BeanPostProcessor declaration and its dependencies.
[2025-11-10 20:03:58.782] [WARN ] [payment-service] [main] [o.s.c.s.PostProcessorRegistrationDelegate$BeanPostProcessorChecker:?] - Bean 'default.org.springframework.cloud.loadbalancer.config.LoadBalancerAutoConfiguration.LoadBalancerClientSpecification' of type [org.springframework.cloud.loadbalancer.annotation.LoadBalancerClientSpecification] is not eligible for getting processed by all BeanPostProcessors (for example: not eligible for auto-proxying). Is this bean getting eagerly injected into a currently created BeanPostProcessor [lbRestClientPostProcessor]? Check the corresponding BeanPostProcessor declaration and its dependencies.
[2025-11-10 20:03:58.785] [WARN ] [payment-service] [main] [o.s.c.s.PostProcessorRegistrationDelegate$BeanPostProcessorChecker:?] - Bean 'default.org.springframework.cloud.loadbalancer.config.BlockingLoadBalancerClientAutoConfiguration.LoadBalancerClientSpecification' of type [org.springframework.cloud.loadbalancer.annotation.LoadBalancerClientSpecification] is not eligible for getting processed by all BeanPostProcessors (for example: not eligible for auto-proxying). Is this bean getting eagerly injected into a currently created BeanPostProcessor [lbRestClientPostProcessor]? Check the corresponding BeanPostProcessor declaration and its dependencies.
[2025-11-10 20:03:58.790] [WARN ] [payment-service] [main] [o.s.c.s.PostProcessorRegistrationDelegate$BeanPostProcessorChecker:?] - Bean 'loadBalancerClientFactory' of type [org.springframework.cloud.loadbalancer.support.LoadBalancerClientFactory] is not eligible for getting processed by all BeanPostProcessors (for example: not eligible for auto-proxying). Is this bean getting eagerly injected into a currently created BeanPostProcessor [lbRestClientPostProcessor]? Check the corresponding BeanPostProcessor declaration and its dependencies.
[2025-11-10 20:03:58.821] [WARN ] [payment-service] [main] [o.s.c.s.PostProcessorRegistrationDelegate$BeanPostProcessorChecker:?] - Bean 'blockingLoadBalancerClient' of type [org.springframework.cloud.loadbalancer.blocking.client.BlockingLoadBalancerClient] is not eligible for getting processed by all BeanPostProcessors (for example: not eligible for auto-proxying). Is this bean getting eagerly injected into a currently created BeanPostProcessor [lbRestClientPostProcessor]? Check the corresponding BeanPostProcessor declaration and its dependencies.
[2025-11-10 20:03:58.839] [WARN ] [payment-service] [main] [o.s.c.s.PostProcessorRegistrationDelegate$BeanPostProcessorChecker:?] - Bean 'loadBalancerServiceInstanceCookieTransformer' of type [org.springframework.cloud.loadbalancer.core.LoadBalancerServiceInstanceCookieTransformer] is not eligible for getting processed by all BeanPostProcessors (for example: not eligible for auto-proxying). Is this bean getting eagerly injected into a currently created BeanPostProcessor [lbRestClientPostProcessor]? Check the corresponding BeanPostProcessor declaration and its dependencies.
[2025-11-10 20:03:58.848] [WARN ] [payment-service] [main] [o.s.c.s.PostProcessorRegistrationDelegate$BeanPostProcessorChecker:?] - Bean 'xForwarderHeadersTransformer' of type [org.springframework.cloud.loadbalancer.blocking.XForwardedHeadersTransformer] is not eligible for getting processed by all BeanPostProcessors (for example: not eligible for auto-proxying). Is this bean getting eagerly injected into a currently created BeanPostProcessor [lbRestClientPostProcessor]? Check the corresponding BeanPostProcessor declaration and its dependencies.
[2025-11-10 20:03:58.850] [WARN ] [payment-service] [main] [o.s.c.s.PostProcessorRegistrationDelegate$BeanPostProcessorChecker:?] - Bean 'org.springframework.cloud.client.loadbalancer.LoadBalancerAutoConfiguration' of type [org.springframework.cloud.client.loadbalancer.LoadBalancerAutoConfiguration] is not eligible for getting processed by all BeanPostProcessors (for example: not eligible for auto-proxying). Is this bean getting eagerly injected into a currently created BeanPostProcessor [lbRestClientPostProcessor]? Check the corresponding BeanPostProcessor declaration and its dependencies.
[2025-11-10 20:03:58.854] [WARN ] [payment-service] [main] [o.s.c.s.PostProcessorRegistrationDelegate$BeanPostProcessorChecker:?] - Bean 'loadBalancerRequestFactory' of type [org.springframework.cloud.client.loadbalancer.LoadBalancerRequestFactory] is not eligible for getting processed by all BeanPostProcessors (for example: not eligible for auto-proxying). Is this bean getting eagerly injected into a currently created BeanPostProcessor [lbRestClientPostProcessor]? Check the corresponding BeanPostProcessor declaration and its dependencies.
[2025-11-10 20:03:58.858] [WARN ] [payment-service] [main] [o.s.c.s.PostProcessorRegistrationDelegate$BeanPostProcessorChecker:?] - Bean 'loadBalancerInterceptor' of type [org.springframework.cloud.client.loadbalancer.LoadBalancerInterceptor] is not eligible for getting processed by all BeanPostProcessors (for example: not eligible for auto-proxying). Is this bean getting eagerly injected into a currently created BeanPostProcessor [lbRestClientPostProcessor]? Check the corresponding BeanPostProcessor declaration and its dependencies.
[2025-11-10 20:03:59.720] [INFO ] [payment-service] [main] [o.s.boot.web.embedded.tomcat.TomcatWebServer:?] - Tomcat initialized with port 8066 (http)
[2025-11-10 20:04:00.027] [INFO ] [payment-service] [main] [o.s.b.w.s.c.ServletWebServerApplicationContext:?] - Root WebApplicationContext: initialization completed in 5466 ms
[2025-11-10 20:04:01.175] [INFO ] [payment-service] [main] [org.hibernate.jpa.internal.util.LogHelper:?] - HHH000204: Processing PersistenceUnitInfo [name: default]
[2025-11-10 20:04:01.321] [INFO ] [payment-service] [main] [org.hibernate.Version:?] - HHH000412: Hibernate ORM core version 6.4.4.Final
[2025-11-10 20:04:01.400] [INFO ] [payment-service] [main] [o.hibernate.cache.internal.RegionFactoryInitiator:?] - HHH000026: Second-level cache disabled
[2025-11-10 20:04:02.282] [INFO ] [payment-service] [main] [o.s.o.j.persistenceunit.SpringPersistenceUnitInfo:?] - No LoadTimeWeaver setup: ignoring JPA class transformer
[2025-11-10 20:04:02.457] [INFO ] [payment-service] [main] [com.zaxxer.hikari.HikariDataSource:?] - HikariPool-1 - Starting...
[2025-11-10 20:04:03.241] [INFO ] [payment-service] [main] [com.zaxxer.hikari.pool.HikariPool:?] - HikariPool-1 - Added connection com.mysql.cj.jdbc.ConnectionImpl@7e84a52b
[2025-11-10 20:04:03.249] [INFO ] [payment-service] [main] [com.zaxxer.hikari.HikariDataSource:?] - HikariPool-1 - Start completed.
[2025-11-10 20:04:03.446] [WARN ] [payment-service] [main] [org.hibernate.orm.deprecation:?] - HHH90000025: MySQLDialect does not need to be specified explicitly using 'hibernate.dialect' (remove the property setting and it will be selected by default)
[2025-11-10 20:04:05.970] [INFO ] [payment-service] [main] [o.h.e.t.jta.platform.internal.JtaPlatformInitiator:?] - HHH000489: No JTA platform available (set 'hibernate.transaction.jta.platform' to enable JTA platform integration)
[2025-11-10 20:04:06.084] [INFO ] [payment-service] [main] [o.s.orm.jpa.LocalContainerEntityManagerFactoryBean:?] - Initialized JPA EntityManagerFactory for persistence unit 'default'
[2025-11-10 20:04:06.996] [INFO ] [payment-service] [main] [o.s.data.jpa.repository.query.QueryEnhancerFactory:?] - Hibernate is in classpath; If applicable, HQL parser will be used.
[2025-11-10 20:04:09.003] [WARN ] [payment-service] [main] [o.s.b.a.o.j.JpaBaseConfiguration$JpaWebConfiguration:?] - spring.jpa.open-in-view is enabled by default. Therefore, database queries may be performed during view rendering. Explicitly configure spring.jpa.open-in-view to disable this warning
[2025-11-10 20:04:11.343] [INFO ] [payment-service] [main] [o.s.cloud.openfeign.FeignClientFactoryBean:?] - For 'user-service' URL not provided. Will try picking an instance via load-balancing.
[2025-11-10 20:04:11.473] [INFO ] [payment-service] [main] [o.s.cloud.openfeign.FeignClientFactoryBean:?] - For 'order-service' URL not provided. Will try picking an instance via load-balancing.
[2025-11-10 20:04:11.521] [INFO ] [payment-service] [main] [o.s.cloud.openfeign.FeignClientFactoryBean:?] - For 'groupbuy-service' URL not provided. Will try picking an instance via load-balancing.
[2025-11-10 20:04:11.620] [INFO ] [payment-service] [main] [o.s.cloud.openfeign.FeignClientFactoryBean:?] - For 'user-service' URL not provided. Will try picking an instance via load-balancing.
[2025-11-10 20:04:16.639] [WARN ] [payment-service] [main] [o.s.c.l.c.LoadBalancerCacheAutoConfiguration$LoadBalancerCaffeineWarnLogger:?] - Spring Cloud LoadBalancer is currently working with the default cache. While this cache implementation is useful for development and tests, it's recommended to use Caffeine cache in production.You can switch to using Caffeine cache, by adding it and org.springframework.cache.caffeine.CaffeineCacheManager to the classpath.
[2025-11-10 20:04:16.694] [INFO ] [payment-service] [main] [o.s.b.actuate.endpoint.web.EndpointLinksResolver:?] - Exposing 2 endpoint(s) beneath base path '/actuator'
[2025-11-10 20:04:17.149] [INFO ] [payment-service] [main] [o.s.boot.web.embedded.tomcat.TomcatWebServer:?] - Tomcat started on port 8066 (http) with context path ''
[2025-11-10 20:04:17.153] [INFO ] [payment-service] [main] [o.s.c.consul.serviceregistry.ConsulServiceRegistry:?] - Registering service with consul: NewService{id='payment-service-8066', name='payment-service', tags=[], address='192.168.245.1', meta={secure=false}, port=8066, enableTagOverride=null, check=Check{script='null', dockerContainerID='null', shell='null', interval='10s', ttl='null', http='http://192.168.245.1:8066/actuator/health', method='null', header={}, tcp='null', timeout='null', deregisterCriticalServiceAfter='null', tlsSkipVerify=null, status='null', grpc='null', grpcUseTLS=null}, checks=null}
[2025-11-10 20:04:18.874] [INFO ] [payment-service] [main] [com.bcu.edu.PaymentServiceApplication:?] - Started PaymentServiceApplication in 26.435 seconds (process running for 27.591)
[2025-11-10 20:04:20.128] [INFO ] [payment-service] [RMI TCP Connection(9)-26.52.41.123] [org.springframework.web.servlet.DispatcherServlet:?] - Initializing Servlet 'dispatcherServlet'
[2025-11-10 20:04:20.135] [INFO ] [payment-service] [RMI TCP Connection(9)-26.52.41.123] [org.springframework.web.servlet.DispatcherServlet:?] - Completed initialization in 7 ms
[2025-11-10 20:48:41.408] [INFO ] [payment-service] [http-nio-8066-exec-10] [com.bcu.edu.controller.PaymentController:?] - 用户发起支付: userId=3, orderId=16, payType=3, amount=15.70
[2025-11-10 20:48:41.425] [INFO ] [payment-service] [http-nio-8066-exec-10] [com.bcu.edu.service.PaymentService:?] - 开始创建支付: userId=3, orderId=16, payType=3, amount=15.70
[2025-11-10 20:48:41.758] [INFO ] [payment-service] [http-nio-8066-exec-10] [com.bcu.edu.service.PaymentService:?] - 支付记录已创建: payId=19
[2025-11-10 20:48:41.759] [INFO ] [payment-service] [http-nio-8066-exec-10] [com.bcu.edu.service.PaymentService:?] - 开始余额支付: userId=3, amount=15.70
[2025-11-10 20:48:41.901] [INFO ] [payment-service] [http-nio-8066-exec-10] [com.bcu.edu.service.PaymentService:?] - 余额支付成功: payId=19, userId=3, sagaId=PAY_16
[2025-11-10 20:48:41.901] [INFO ] [payment-service] [http-nio-8066-exec-10] [com.bcu.edu.service.PaymentService:?] - 开始处理支付成功后逻辑: orderId=16, payId=19
[2025-11-10 20:48:41.954] [INFO ] [payment-service] [http-nio-8066-exec-10] [com.bcu.edu.service.PaymentService:?] - 订单支付状态已更新: orderId=16
[2025-11-10 20:48:41.975] [INFO ] [payment-service] [http-nio-8066-exec-10] [com.bcu.edu.service.PaymentService:?] - 检测到拼团订单，调用GroupBuyService支付回调: orderId=16
[2025-11-10 20:48:42.023] [INFO ] [payment-service] [http-nio-8066-exec-10] [com.bcu.edu.service.PaymentService:?] - GroupBuyService支付回调成功: orderId=16
[2025-11-10 20:48:42.023] [INFO ] [payment-service] [http-nio-8066-exec-10] [com.bcu.edu.service.PaymentService:?] - 支付成功后处理完成: orderId=16, payId=19
[2025-11-10 21:24:13.644] [INFO ] [payment-service] [http-nio-8066-exec-4] [com.bcu.edu.controller.PaymentController:?] - 用户发起支付: userId=4, orderId=18, payType=3, amount=24.56
[2025-11-10 21:24:13.647] [INFO ] [payment-service] [http-nio-8066-exec-4] [com.bcu.edu.service.PaymentService:?] - 开始创建支付: userId=4, orderId=18, payType=3, amount=24.56
[2025-11-10 21:24:13.654] [INFO ] [payment-service] [http-nio-8066-exec-4] [com.bcu.edu.service.PaymentService:?] - 支付记录已创建: payId=20
[2025-11-10 21:24:13.655] [INFO ] [payment-service] [http-nio-8066-exec-4] [com.bcu.edu.service.PaymentService:?] - 开始余额支付: userId=4, amount=24.56
[2025-11-10 21:24:13.669] [INFO ] [payment-service] [http-nio-8066-exec-4] [com.bcu.edu.service.PaymentService:?] - 余额支付成功: payId=20, userId=4, sagaId=PAY_18
[2025-11-10 21:24:13.669] [INFO ] [payment-service] [http-nio-8066-exec-4] [com.bcu.edu.service.PaymentService:?] - 开始处理支付成功后逻辑: orderId=18, payId=20
[2025-11-10 21:24:13.685] [INFO ] [payment-service] [http-nio-8066-exec-4] [com.bcu.edu.service.PaymentService:?] - 订单支付状态已更新: orderId=18
[2025-11-10 21:24:13.690] [INFO ] [payment-service] [http-nio-8066-exec-4] [com.bcu.edu.service.PaymentService:?] - 检测到拼团订单，调用GroupBuyService支付回调: orderId=18
[2025-11-10 21:24:13.703] [INFO ] [payment-service] [http-nio-8066-exec-4] [com.bcu.edu.service.PaymentService:?] - GroupBuyService支付回调成功: orderId=18
[2025-11-10 21:24:13.703] [INFO ] [payment-service] [http-nio-8066-exec-4] [com.bcu.edu.service.PaymentService:?] - 支付成功后处理完成: orderId=18, payId=20
[2025-11-10 21:27:13.507] [INFO ] [payment-service] [SpringApplicationShutdownHook] [o.s.c.consul.serviceregistry.ConsulServiceRegistry:?] - Deregistering service with consul: payment-service-8066
[2025-11-10 21:27:13.522] [INFO ] [payment-service] [SpringApplicationShutdownHook] [o.s.orm.jpa.LocalContainerEntityManagerFactoryBean:?] - Closing JPA EntityManagerFactory for persistence unit 'default'
[2025-11-10 21:27:13.527] [INFO ] [payment-service] [SpringApplicationShutdownHook] [com.zaxxer.hikari.HikariDataSource:?] - HikariPool-1 - Shutdown initiated...
[2025-11-10 21:27:13.531] [INFO ] [payment-service] [SpringApplicationShutdownHook] [com.zaxxer.hikari.HikariDataSource:?] - HikariPool-1 - Shutdown completed.
