[2025-11-08 21:50:10.502] [INFO ] [payment-service] [main] [com.bcu.edu.PaymentServiceApplication:?] - Starting PaymentServiceApplication using Java 17.0.6 with PID 21648 (E:\E\BYSJ\community-group-buy-backend\PaymentService\target\classes started by Gkr07 in E:\E\BYSJ\community-group-buy-backend)
[2025-11-08 21:50:10.513] [INFO ] [payment-service] [main] [com.bcu.edu.PaymentServiceApplication:?] - No active profile set, falling back to 1 default profile: "default"
[2025-11-08 21:50:12.504] [INFO ] [payment-service] [main] [o.s.d.r.config.RepositoryConfigurationDelegate:?] - Bootstrapping Spring Data JPA repositories in DEFAULT mode.
[2025-11-08 21:50:12.797] [INFO ] [payment-service] [main] [o.s.d.r.config.RepositoryConfigurationDelegate:?] - Finished Spring Data repository scanning in 280 ms. Found 2 JPA repository interfaces.
[2025-11-08 21:50:13.331] [INFO ] [payment-service] [main] [o.springframework.cloud.context.scope.GenericScope:?] - BeanFactory id=a9246f94-a812-33c9-a2f7-bd36df0628af
[2025-11-08 21:50:14.165] [WARN ] [payment-service] [main] [o.s.c.s.PostProcessorRegistrationDelegate$BeanPostProcessorChecker:?] - Bean 'org.springframework.cloud.client.loadbalancer.LoadBalancerAutoConfiguration$LoadBalancerInterceptorConfig' of type [org.springframework.cloud.client.loadbalancer.LoadBalancerAutoConfiguration$LoadBalancerInterceptorConfig] is not eligible for getting processed by all BeanPostProcessors (for example: not eligible for auto-proxying). The currently created BeanPostProcessor [lbRestClientPostProcessor] is declared through a non-static factory method on that class; consider declaring it as static instead.
[2025-11-08 21:50:14.169] [WARN ] [payment-service] [main] [o.s.c.s.PostProcessorRegistrationDelegate$BeanPostProcessorChecker:?] - Bean 'org.springframework.cloud.loadbalancer.config.BlockingLoadBalancerClientAutoConfiguration' of type [org.springframework.cloud.loadbalancer.config.BlockingLoadBalancerClientAutoConfiguration] is not eligible for getting processed by all BeanPostProcessors (for example: not eligible for auto-proxying). Is this bean getting eagerly injected into a currently created BeanPostProcessor [lbRestClientPostProcessor]? Check the corresponding BeanPostProcessor declaration and its dependencies.
[2025-11-08 21:50:14.174] [WARN ] [payment-service] [main] [o.s.c.s.PostProcessorRegistrationDelegate$BeanPostProcessorChecker:?] - Bean 'org.springframework.cloud.loadbalancer.config.LoadBalancerAutoConfiguration' of type [org.springframework.cloud.loadbalancer.config.LoadBalancerAutoConfiguration] is not eligible for getting processed by all BeanPostProcessors (for example: not eligible for auto-proxying). Is this bean getting eagerly injected into a currently created BeanPostProcessor [lbRestClientPostProcessor]? Check the corresponding BeanPostProcessor declaration and its dependencies.
[2025-11-08 21:50:14.188] [WARN ] [payment-service] [main] [o.s.c.s.PostProcessorRegistrationDelegate$BeanPostProcessorChecker:?] - Bean 'org.springframework.cloud.commons.config.CommonsConfigAutoConfiguration' of type [org.springframework.cloud.commons.config.CommonsConfigAutoConfiguration] is not eligible for getting processed by all BeanPostProcessors (for example: not eligible for auto-proxying). Is this bean getting eagerly injected into a currently created BeanPostProcessor [lbRestClientPostProcessor]? Check the corresponding BeanPostProcessor declaration and its dependencies.
[2025-11-08 21:50:14.192] [WARN ] [payment-service] [main] [o.s.c.s.PostProcessorRegistrationDelegate$BeanPostProcessorChecker:?] - Bean 'org.springframework.cloud.client.loadbalancer.LoadBalancerDefaultMappingsProviderAutoConfiguration' of type [org.springframework.cloud.client.loadbalancer.LoadBalancerDefaultMappingsProviderAutoConfiguration] is not eligible for getting processed by all BeanPostProcessors (for example: not eligible for auto-proxying). Is this bean getting eagerly injected into a currently created BeanPostProcessor [lbRestClientPostProcessor]? Check the corresponding BeanPostProcessor declaration and its dependencies.
[2025-11-08 21:50:14.193] [WARN ] [payment-service] [main] [o.s.c.s.PostProcessorRegistrationDelegate$BeanPostProcessorChecker:?] - Bean 'loadBalancerClientsDefaultsMappingsProvider' of type [org.springframework.cloud.client.loadbalancer.LoadBalancerDefaultMappingsProviderAutoConfiguration$$Lambda$787/0x0000000801166e28] is not eligible for getting processed by all BeanPostProcessors (for example: not eligible for auto-proxying). Is this bean getting eagerly injected into a currently created BeanPostProcessor [lbRestClientPostProcessor]? Check the corresponding BeanPostProcessor declaration and its dependencies.
[2025-11-08 21:50:14.199] [WARN ] [payment-service] [main] [o.s.c.s.PostProcessorRegistrationDelegate$BeanPostProcessorChecker:?] - Bean 'defaultsBindHandlerAdvisor' of type [org.springframework.cloud.commons.config.DefaultsBindHandlerAdvisor] is not eligible for getting processed by all BeanPostProcessors (for example: not eligible for auto-proxying). Is this bean getting eagerly injected into a currently created BeanPostProcessor [lbRestClientPostProcessor]? Check the corresponding BeanPostProcessor declaration and its dependencies.
[2025-11-08 21:50:14.209] [WARN ] [payment-service] [main] [o.s.c.s.PostProcessorRegistrationDelegate$BeanPostProcessorChecker:?] - Bean 'spring.cloud.loadbalancer-org.springframework.cloud.client.loadbalancer.LoadBalancerClientsProperties' of type [org.springframework.cloud.client.loadbalancer.LoadBalancerClientsProperties] is not eligible for getting processed by all BeanPostProcessors (for example: not eligible for auto-proxying). Is this bean getting eagerly injected into a currently created BeanPostProcessor [lbRestClientPostProcessor]? Check the corresponding BeanPostProcessor declaration and its dependencies.
[2025-11-08 21:50:14.221] [WARN ] [payment-service] [main] [o.s.c.s.PostProcessorRegistrationDelegate$BeanPostProcessorChecker:?] - Bean 'default.org.springframework.cloud.loadbalancer.config.LoadBalancerAutoConfiguration.LoadBalancerClientSpecification' of type [org.springframework.cloud.loadbalancer.annotation.LoadBalancerClientSpecification] is not eligible for getting processed by all BeanPostProcessors (for example: not eligible for auto-proxying). Is this bean getting eagerly injected into a currently created BeanPostProcessor [lbRestClientPostProcessor]? Check the corresponding BeanPostProcessor declaration and its dependencies.
[2025-11-08 21:50:14.224] [WARN ] [payment-service] [main] [o.s.c.s.PostProcessorRegistrationDelegate$BeanPostProcessorChecker:?] - Bean 'default.org.springframework.cloud.loadbalancer.config.BlockingLoadBalancerClientAutoConfiguration.LoadBalancerClientSpecification' of type [org.springframework.cloud.loadbalancer.annotation.LoadBalancerClientSpecification] is not eligible for getting processed by all BeanPostProcessors (for example: not eligible for auto-proxying). Is this bean getting eagerly injected into a currently created BeanPostProcessor [lbRestClientPostProcessor]? Check the corresponding BeanPostProcessor declaration and its dependencies.
[2025-11-08 21:50:14.226] [WARN ] [payment-service] [main] [o.s.c.s.PostProcessorRegistrationDelegate$BeanPostProcessorChecker:?] - Bean 'loadBalancerClientFactory' of type [org.springframework.cloud.loadbalancer.support.LoadBalancerClientFactory] is not eligible for getting processed by all BeanPostProcessors (for example: not eligible for auto-proxying). Is this bean getting eagerly injected into a currently created BeanPostProcessor [lbRestClientPostProcessor]? Check the corresponding BeanPostProcessor declaration and its dependencies.
[2025-11-08 21:50:14.237] [WARN ] [payment-service] [main] [o.s.c.s.PostProcessorRegistrationDelegate$BeanPostProcessorChecker:?] - Bean 'blockingLoadBalancerClient' of type [org.springframework.cloud.loadbalancer.blocking.client.BlockingLoadBalancerClient] is not eligible for getting processed by all BeanPostProcessors (for example: not eligible for auto-proxying). Is this bean getting eagerly injected into a currently created BeanPostProcessor [lbRestClientPostProcessor]? Check the corresponding BeanPostProcessor declaration and its dependencies.
[2025-11-08 21:50:14.249] [WARN ] [payment-service] [main] [o.s.c.s.PostProcessorRegistrationDelegate$BeanPostProcessorChecker:?] - Bean 'loadBalancerServiceInstanceCookieTransformer' of type [org.springframework.cloud.loadbalancer.core.LoadBalancerServiceInstanceCookieTransformer] is not eligible for getting processed by all BeanPostProcessors (for example: not eligible for auto-proxying). Is this bean getting eagerly injected into a currently created BeanPostProcessor [lbRestClientPostProcessor]? Check the corresponding BeanPostProcessor declaration and its dependencies.
[2025-11-08 21:50:14.253] [WARN ] [payment-service] [main] [o.s.c.s.PostProcessorRegistrationDelegate$BeanPostProcessorChecker:?] - Bean 'xForwarderHeadersTransformer' of type [org.springframework.cloud.loadbalancer.blocking.XForwardedHeadersTransformer] is not eligible for getting processed by all BeanPostProcessors (for example: not eligible for auto-proxying). Is this bean getting eagerly injected into a currently created BeanPostProcessor [lbRestClientPostProcessor]? Check the corresponding BeanPostProcessor declaration and its dependencies.
[2025-11-08 21:50:14.255] [WARN ] [payment-service] [main] [o.s.c.s.PostProcessorRegistrationDelegate$BeanPostProcessorChecker:?] - Bean 'org.springframework.cloud.client.loadbalancer.LoadBalancerAutoConfiguration' of type [org.springframework.cloud.client.loadbalancer.LoadBalancerAutoConfiguration] is not eligible for getting processed by all BeanPostProcessors (for example: not eligible for auto-proxying). Is this bean getting eagerly injected into a currently created BeanPostProcessor [lbRestClientPostProcessor]? Check the corresponding BeanPostProcessor declaration and its dependencies.
[2025-11-08 21:50:14.259] [WARN ] [payment-service] [main] [o.s.c.s.PostProcessorRegistrationDelegate$BeanPostProcessorChecker:?] - Bean 'loadBalancerRequestFactory' of type [org.springframework.cloud.client.loadbalancer.LoadBalancerRequestFactory] is not eligible for getting processed by all BeanPostProcessors (for example: not eligible for auto-proxying). Is this bean getting eagerly injected into a currently created BeanPostProcessor [lbRestClientPostProcessor]? Check the corresponding BeanPostProcessor declaration and its dependencies.
[2025-11-08 21:50:14.261] [WARN ] [payment-service] [main] [o.s.c.s.PostProcessorRegistrationDelegate$BeanPostProcessorChecker:?] - Bean 'loadBalancerInterceptor' of type [org.springframework.cloud.client.loadbalancer.LoadBalancerInterceptor] is not eligible for getting processed by all BeanPostProcessors (for example: not eligible for auto-proxying). Is this bean getting eagerly injected into a currently created BeanPostProcessor [lbRestClientPostProcessor]? Check the corresponding BeanPostProcessor declaration and its dependencies.
[2025-11-08 21:50:14.728] [INFO ] [payment-service] [main] [o.s.boot.web.embedded.tomcat.TomcatWebServer:?] - Tomcat initialized with port 8066 (http)
[2025-11-08 21:50:14.898] [INFO ] [payment-service] [main] [o.s.b.w.s.c.ServletWebServerApplicationContext:?] - Root WebApplicationContext: initialization completed in 4271 ms
[2025-11-08 21:50:15.519] [INFO ] [payment-service] [main] [org.hibernate.jpa.internal.util.LogHelper:?] - HHH000204: Processing PersistenceUnitInfo [name: default]
[2025-11-08 21:50:15.664] [INFO ] [payment-service] [main] [org.hibernate.Version:?] - HHH000412: Hibernate ORM core version 6.4.4.Final
[2025-11-08 21:50:15.765] [INFO ] [payment-service] [main] [o.hibernate.cache.internal.RegionFactoryInitiator:?] - HHH000026: Second-level cache disabled
[2025-11-08 21:50:16.411] [INFO ] [payment-service] [main] [o.s.o.j.persistenceunit.SpringPersistenceUnitInfo:?] - No LoadTimeWeaver setup: ignoring JPA class transformer
[2025-11-08 21:50:16.483] [INFO ] [payment-service] [main] [com.zaxxer.hikari.HikariDataSource:?] - HikariPool-1 - Starting...
[2025-11-08 21:50:16.831] [INFO ] [payment-service] [main] [com.zaxxer.hikari.pool.HikariPool:?] - HikariPool-1 - Added connection com.mysql.cj.jdbc.ConnectionImpl@5b74bb75
[2025-11-08 21:50:16.836] [INFO ] [payment-service] [main] [com.zaxxer.hikari.HikariDataSource:?] - HikariPool-1 - Start completed.
[2025-11-08 21:50:16.937] [WARN ] [payment-service] [main] [org.hibernate.orm.deprecation:?] - HHH90000025: MySQLDialect does not need to be specified explicitly using 'hibernate.dialect' (remove the property setting and it will be selected by default)
[2025-11-08 21:50:19.339] [INFO ] [payment-service] [main] [o.h.e.t.jta.platform.internal.JtaPlatformInitiator:?] - HHH000489: No JTA platform available (set 'hibernate.transaction.jta.platform' to enable JTA platform integration)
[2025-11-08 21:50:19.407] [INFO ] [payment-service] [main] [o.s.orm.jpa.LocalContainerEntityManagerFactoryBean:?] - Initialized JPA EntityManagerFactory for persistence unit 'default'
[2025-11-08 21:50:19.835] [INFO ] [payment-service] [main] [o.s.data.jpa.repository.query.QueryEnhancerFactory:?] - Hibernate is in classpath; If applicable, HQL parser will be used.
[2025-11-08 21:50:20.984] [WARN ] [payment-service] [main] [o.s.b.a.o.j.JpaBaseConfiguration$JpaWebConfiguration:?] - spring.jpa.open-in-view is enabled by default. Therefore, database queries may be performed during view rendering. Explicitly configure spring.jpa.open-in-view to disable this warning
[2025-11-08 21:50:22.273] [INFO ] [payment-service] [main] [o.s.cloud.openfeign.FeignClientFactoryBean:?] - For 'user-service' URL not provided. Will try picking an instance via load-balancing.
[2025-11-08 21:50:22.476] [INFO ] [payment-service] [main] [o.s.cloud.openfeign.FeignClientFactoryBean:?] - For 'order-service' URL not provided. Will try picking an instance via load-balancing.
[2025-11-08 21:50:22.513] [INFO ] [payment-service] [main] [o.s.cloud.openfeign.FeignClientFactoryBean:?] - For 'groupbuy-service' URL not provided. Will try picking an instance via load-balancing.
[2025-11-08 21:50:22.576] [INFO ] [payment-service] [main] [o.s.cloud.openfeign.FeignClientFactoryBean:?] - For 'user-service' URL not provided. Will try picking an instance via load-balancing.
[2025-11-08 21:50:24.319] [WARN ] [payment-service] [main] [o.s.c.l.c.LoadBalancerCacheAutoConfiguration$LoadBalancerCaffeineWarnLogger:?] - Spring Cloud LoadBalancer is currently working with the default cache. While this cache implementation is useful for development and tests, it's recommended to use Caffeine cache in production.You can switch to using Caffeine cache, by adding it and org.springframework.cache.caffeine.CaffeineCacheManager to the classpath.
[2025-11-08 21:50:24.336] [INFO ] [payment-service] [main] [o.s.b.actuate.endpoint.web.EndpointLinksResolver:?] - Exposing 2 endpoint(s) beneath base path '/actuator'
[2025-11-08 21:50:24.453] [INFO ] [payment-service] [main] [o.s.boot.web.embedded.tomcat.TomcatWebServer:?] - Tomcat started on port 8066 (http) with context path ''
[2025-11-08 21:50:24.456] [INFO ] [payment-service] [main] [o.s.c.consul.serviceregistry.ConsulServiceRegistry:?] - Registering service with consul: NewService{id='payment-service-8066', name='payment-service', tags=[], address='192.168.245.1', meta={secure=false}, port=8066, enableTagOverride=null, check=Check{script='null', dockerContainerID='null', shell='null', interval='10s', ttl='null', http='http://192.168.245.1:8066/actuator/health', method='null', header={}, tcp='null', timeout='null', deregisterCriticalServiceAfter='null', tlsSkipVerify=null, status='null', grpc='null', grpcUseTLS=null}, checks=null}
[2025-11-08 21:50:24.885] [INFO ] [payment-service] [main] [com.bcu.edu.PaymentServiceApplication:?] - Started PaymentServiceApplication in 16.069 seconds (process running for 17.424)
[2025-11-08 21:50:25.427] [INFO ] [payment-service] [RMI TCP Connection(8)-26.52.41.123] [org.springframework.web.servlet.DispatcherServlet:?] - Initializing Servlet 'dispatcherServlet'
[2025-11-08 21:50:25.430] [INFO ] [payment-service] [RMI TCP Connection(8)-26.52.41.123] [org.springframework.web.servlet.DispatcherServlet:?] - Completed initialization in 3 ms
[2025-11-11 18:42:22.973] [INFO ] [payment-service] [main] [com.bcu.edu.PaymentServiceApplication:?] - Starting PaymentServiceApplication using Java 17.0.6 with PID 4408 (E:\E\BYSJ\community-group-buy-backend\PaymentService\target\classes started by Gkr07 in E:\E\BYSJ\community-group-buy-backend)
[2025-11-11 18:42:22.976] [INFO ] [payment-service] [main] [com.bcu.edu.PaymentServiceApplication:?] - No active profile set, falling back to 1 default profile: "default"
[2025-11-11 18:42:24.209] [INFO ] [payment-service] [main] [o.s.d.r.config.RepositoryConfigurationDelegate:?] - Bootstrapping Spring Data JPA repositories in DEFAULT mode.
[2025-11-11 18:42:24.416] [INFO ] [payment-service] [main] [o.s.d.r.config.RepositoryConfigurationDelegate:?] - Finished Spring Data repository scanning in 197 ms. Found 2 JPA repository interfaces.
[2025-11-11 18:42:24.726] [INFO ] [payment-service] [main] [o.springframework.cloud.context.scope.GenericScope:?] - BeanFactory id=a9246f94-a812-33c9-a2f7-bd36df0628af
[2025-11-11 18:42:25.175] [WARN ] [payment-service] [main] [o.s.c.s.PostProcessorRegistrationDelegate$BeanPostProcessorChecker:?] - Bean 'org.springframework.cloud.client.loadbalancer.LoadBalancerAutoConfiguration$LoadBalancerInterceptorConfig' of type [org.springframework.cloud.client.loadbalancer.LoadBalancerAutoConfiguration$LoadBalancerInterceptorConfig] is not eligible for getting processed by all BeanPostProcessors (for example: not eligible for auto-proxying). The currently created BeanPostProcessor [lbRestClientPostProcessor] is declared through a non-static factory method on that class; consider declaring it as static instead.
[2025-11-11 18:42:25.178] [WARN ] [payment-service] [main] [o.s.c.s.PostProcessorRegistrationDelegate$BeanPostProcessorChecker:?] - Bean 'org.springframework.cloud.loadbalancer.config.BlockingLoadBalancerClientAutoConfiguration' of type [org.springframework.cloud.loadbalancer.config.BlockingLoadBalancerClientAutoConfiguration] is not eligible for getting processed by all BeanPostProcessors (for example: not eligible for auto-proxying). Is this bean getting eagerly injected into a currently created BeanPostProcessor [lbRestClientPostProcessor]? Check the corresponding BeanPostProcessor declaration and its dependencies.
[2025-11-11 18:42:25.181] [WARN ] [payment-service] [main] [o.s.c.s.PostProcessorRegistrationDelegate$BeanPostProcessorChecker:?] - Bean 'org.springframework.cloud.loadbalancer.config.LoadBalancerAutoConfiguration' of type [org.springframework.cloud.loadbalancer.config.LoadBalancerAutoConfiguration] is not eligible for getting processed by all BeanPostProcessors (for example: not eligible for auto-proxying). Is this bean getting eagerly injected into a currently created BeanPostProcessor [lbRestClientPostProcessor]? Check the corresponding BeanPostProcessor declaration and its dependencies.
[2025-11-11 18:42:25.191] [WARN ] [payment-service] [main] [o.s.c.s.PostProcessorRegistrationDelegate$BeanPostProcessorChecker:?] - Bean 'org.springframework.cloud.commons.config.CommonsConfigAutoConfiguration' of type [org.springframework.cloud.commons.config.CommonsConfigAutoConfiguration] is not eligible for getting processed by all BeanPostProcessors (for example: not eligible for auto-proxying). Is this bean getting eagerly injected into a currently created BeanPostProcessor [lbRestClientPostProcessor]? Check the corresponding BeanPostProcessor declaration and its dependencies.
[2025-11-11 18:42:25.193] [WARN ] [payment-service] [main] [o.s.c.s.PostProcessorRegistrationDelegate$BeanPostProcessorChecker:?] - Bean 'org.springframework.cloud.client.loadbalancer.LoadBalancerDefaultMappingsProviderAutoConfiguration' of type [org.springframework.cloud.client.loadbalancer.LoadBalancerDefaultMappingsProviderAutoConfiguration] is not eligible for getting processed by all BeanPostProcessors (for example: not eligible for auto-proxying). Is this bean getting eagerly injected into a currently created BeanPostProcessor [lbRestClientPostProcessor]? Check the corresponding BeanPostProcessor declaration and its dependencies.
[2025-11-11 18:42:25.195] [WARN ] [payment-service] [main] [o.s.c.s.PostProcessorRegistrationDelegate$BeanPostProcessorChecker:?] - Bean 'loadBalancerClientsDefaultsMappingsProvider' of type [org.springframework.cloud.client.loadbalancer.LoadBalancerDefaultMappingsProviderAutoConfiguration$$Lambda$787/0x00000008011667d0] is not eligible for getting processed by all BeanPostProcessors (for example: not eligible for auto-proxying). Is this bean getting eagerly injected into a currently created BeanPostProcessor [lbRestClientPostProcessor]? Check the corresponding BeanPostProcessor declaration and its dependencies.
[2025-11-11 18:42:25.198] [WARN ] [payment-service] [main] [o.s.c.s.PostProcessorRegistrationDelegate$BeanPostProcessorChecker:?] - Bean 'defaultsBindHandlerAdvisor' of type [org.springframework.cloud.commons.config.DefaultsBindHandlerAdvisor] is not eligible for getting processed by all BeanPostProcessors (for example: not eligible for auto-proxying). Is this bean getting eagerly injected into a currently created BeanPostProcessor [lbRestClientPostProcessor]? Check the corresponding BeanPostProcessor declaration and its dependencies.
[2025-11-11 18:42:25.205] [WARN ] [payment-service] [main] [o.s.c.s.PostProcessorRegistrationDelegate$BeanPostProcessorChecker:?] - Bean 'spring.cloud.loadbalancer-org.springframework.cloud.client.loadbalancer.LoadBalancerClientsProperties' of type [org.springframework.cloud.client.loadbalancer.LoadBalancerClientsProperties] is not eligible for getting processed by all BeanPostProcessors (for example: not eligible for auto-proxying). Is this bean getting eagerly injected into a currently created BeanPostProcessor [lbRestClientPostProcessor]? Check the corresponding BeanPostProcessor declaration and its dependencies.
[2025-11-11 18:42:25.211] [WARN ] [payment-service] [main] [o.s.c.s.PostProcessorRegistrationDelegate$BeanPostProcessorChecker:?] - Bean 'default.org.springframework.cloud.loadbalancer.config.LoadBalancerAutoConfiguration.LoadBalancerClientSpecification' of type [org.springframework.cloud.loadbalancer.annotation.LoadBalancerClientSpecification] is not eligible for getting processed by all BeanPostProcessors (for example: not eligible for auto-proxying). Is this bean getting eagerly injected into a currently created BeanPostProcessor [lbRestClientPostProcessor]? Check the corresponding BeanPostProcessor declaration and its dependencies.
[2025-11-11 18:42:25.214] [WARN ] [payment-service] [main] [o.s.c.s.PostProcessorRegistrationDelegate$BeanPostProcessorChecker:?] - Bean 'default.org.springframework.cloud.loadbalancer.config.BlockingLoadBalancerClientAutoConfiguration.LoadBalancerClientSpecification' of type [org.springframework.cloud.loadbalancer.annotation.LoadBalancerClientSpecification] is not eligible for getting processed by all BeanPostProcessors (for example: not eligible for auto-proxying). Is this bean getting eagerly injected into a currently created BeanPostProcessor [lbRestClientPostProcessor]? Check the corresponding BeanPostProcessor declaration and its dependencies.
[2025-11-11 18:42:25.216] [WARN ] [payment-service] [main] [o.s.c.s.PostProcessorRegistrationDelegate$BeanPostProcessorChecker:?] - Bean 'loadBalancerClientFactory' of type [org.springframework.cloud.loadbalancer.support.LoadBalancerClientFactory] is not eligible for getting processed by all BeanPostProcessors (for example: not eligible for auto-proxying). Is this bean getting eagerly injected into a currently created BeanPostProcessor [lbRestClientPostProcessor]? Check the corresponding BeanPostProcessor declaration and its dependencies.
[2025-11-11 18:42:25.222] [WARN ] [payment-service] [main] [o.s.c.s.PostProcessorRegistrationDelegate$BeanPostProcessorChecker:?] - Bean 'blockingLoadBalancerClient' of type [org.springframework.cloud.loadbalancer.blocking.client.BlockingLoadBalancerClient] is not eligible for getting processed by all BeanPostProcessors (for example: not eligible for auto-proxying). Is this bean getting eagerly injected into a currently created BeanPostProcessor [lbRestClientPostProcessor]? Check the corresponding BeanPostProcessor declaration and its dependencies.
[2025-11-11 18:42:25.229] [WARN ] [payment-service] [main] [o.s.c.s.PostProcessorRegistrationDelegate$BeanPostProcessorChecker:?] - Bean 'loadBalancerServiceInstanceCookieTransformer' of type [org.springframework.cloud.loadbalancer.core.LoadBalancerServiceInstanceCookieTransformer] is not eligible for getting processed by all BeanPostProcessors (for example: not eligible for auto-proxying). Is this bean getting eagerly injected into a currently created BeanPostProcessor [lbRestClientPostProcessor]? Check the corresponding BeanPostProcessor declaration and its dependencies.
[2025-11-11 18:42:25.231] [WARN ] [payment-service] [main] [o.s.c.s.PostProcessorRegistrationDelegate$BeanPostProcessorChecker:?] - Bean 'xForwarderHeadersTransformer' of type [org.springframework.cloud.loadbalancer.blocking.XForwardedHeadersTransformer] is not eligible for getting processed by all BeanPostProcessors (for example: not eligible for auto-proxying). Is this bean getting eagerly injected into a currently created BeanPostProcessor [lbRestClientPostProcessor]? Check the corresponding BeanPostProcessor declaration and its dependencies.
[2025-11-11 18:42:25.232] [WARN ] [payment-service] [main] [o.s.c.s.PostProcessorRegistrationDelegate$BeanPostProcessorChecker:?] - Bean 'org.springframework.cloud.client.loadbalancer.LoadBalancerAutoConfiguration' of type [org.springframework.cloud.client.loadbalancer.LoadBalancerAutoConfiguration] is not eligible for getting processed by all BeanPostProcessors (for example: not eligible for auto-proxying). Is this bean getting eagerly injected into a currently created BeanPostProcessor [lbRestClientPostProcessor]? Check the corresponding BeanPostProcessor declaration and its dependencies.
[2025-11-11 18:42:25.234] [WARN ] [payment-service] [main] [o.s.c.s.PostProcessorRegistrationDelegate$BeanPostProcessorChecker:?] - Bean 'loadBalancerRequestFactory' of type [org.springframework.cloud.client.loadbalancer.LoadBalancerRequestFactory] is not eligible for getting processed by all BeanPostProcessors (for example: not eligible for auto-proxying). Is this bean getting eagerly injected into a currently created BeanPostProcessor [lbRestClientPostProcessor]? Check the corresponding BeanPostProcessor declaration and its dependencies.
[2025-11-11 18:42:25.236] [WARN ] [payment-service] [main] [o.s.c.s.PostProcessorRegistrationDelegate$BeanPostProcessorChecker:?] - Bean 'loadBalancerInterceptor' of type [org.springframework.cloud.client.loadbalancer.LoadBalancerInterceptor] is not eligible for getting processed by all BeanPostProcessors (for example: not eligible for auto-proxying). Is this bean getting eagerly injected into a currently created BeanPostProcessor [lbRestClientPostProcessor]? Check the corresponding BeanPostProcessor declaration and its dependencies.
[2025-11-11 18:42:25.545] [INFO ] [payment-service] [main] [o.s.boot.web.embedded.tomcat.TomcatWebServer:?] - Tomcat initialized with port 8066 (http)
[2025-11-11 18:42:25.645] [INFO ] [payment-service] [main] [o.s.b.w.s.c.ServletWebServerApplicationContext:?] - Root WebApplicationContext: initialization completed in 2620 ms
[2025-11-11 18:42:26.012] [INFO ] [payment-service] [main] [org.hibernate.jpa.internal.util.LogHelper:?] - HHH000204: Processing PersistenceUnitInfo [name: default]
[2025-11-11 18:42:26.090] [INFO ] [payment-service] [main] [org.hibernate.Version:?] - HHH000412: Hibernate ORM core version 6.4.4.Final
[2025-11-11 18:42:26.137] [INFO ] [payment-service] [main] [o.hibernate.cache.internal.RegionFactoryInitiator:?] - HHH000026: Second-level cache disabled
[2025-11-11 18:42:26.484] [INFO ] [payment-service] [main] [o.s.o.j.persistenceunit.SpringPersistenceUnitInfo:?] - No LoadTimeWeaver setup: ignoring JPA class transformer
[2025-11-11 18:42:26.531] [INFO ] [payment-service] [main] [com.zaxxer.hikari.HikariDataSource:?] - HikariPool-1 - Starting...
[2025-11-11 18:42:26.732] [INFO ] [payment-service] [main] [com.zaxxer.hikari.pool.HikariPool:?] - HikariPool-1 - Added connection com.mysql.cj.jdbc.ConnectionImpl@4a0c04ab
[2025-11-11 18:42:26.735] [INFO ] [payment-service] [main] [com.zaxxer.hikari.HikariDataSource:?] - HikariPool-1 - Start completed.
[2025-11-11 18:42:26.789] [WARN ] [payment-service] [main] [org.hibernate.orm.deprecation:?] - HHH90000025: MySQLDialect does not need to be specified explicitly using 'hibernate.dialect' (remove the property setting and it will be selected by default)
[2025-11-11 18:42:27.968] [INFO ] [payment-service] [main] [o.h.e.t.jta.platform.internal.JtaPlatformInitiator:?] - HHH000489: No JTA platform available (set 'hibernate.transaction.jta.platform' to enable JTA platform integration)
[2025-11-11 18:42:28.021] [INFO ] [payment-service] [main] [o.s.orm.jpa.LocalContainerEntityManagerFactoryBean:?] - Initialized JPA EntityManagerFactory for persistence unit 'default'
[2025-11-11 18:42:28.306] [INFO ] [payment-service] [main] [o.s.data.jpa.repository.query.QueryEnhancerFactory:?] - Hibernate is in classpath; If applicable, HQL parser will be used.
[2025-11-11 18:42:28.919] [WARN ] [payment-service] [main] [o.s.b.a.o.j.JpaBaseConfiguration$JpaWebConfiguration:?] - spring.jpa.open-in-view is enabled by default. Therefore, database queries may be performed during view rendering. Explicitly configure spring.jpa.open-in-view to disable this warning
[2025-11-11 18:42:29.629] [INFO ] [payment-service] [main] [o.s.cloud.openfeign.FeignClientFactoryBean:?] - For 'user-service' URL not provided. Will try picking an instance via load-balancing.
[2025-11-11 18:42:29.671] [INFO ] [payment-service] [main] [o.s.cloud.openfeign.FeignClientFactoryBean:?] - For 'order-service' URL not provided. Will try picking an instance via load-balancing.
[2025-11-11 18:42:29.691] [INFO ] [payment-service] [main] [o.s.cloud.openfeign.FeignClientFactoryBean:?] - For 'groupbuy-service' URL not provided. Will try picking an instance via load-balancing.
[2025-11-11 18:42:29.730] [INFO ] [payment-service] [main] [o.s.cloud.openfeign.FeignClientFactoryBean:?] - For 'user-service' URL not provided. Will try picking an instance via load-balancing.
[2025-11-11 18:42:31.159] [WARN ] [payment-service] [main] [o.s.c.l.c.LoadBalancerCacheAutoConfiguration$LoadBalancerCaffeineWarnLogger:?] - Spring Cloud LoadBalancer is currently working with the default cache. While this cache implementation is useful for development and tests, it's recommended to use Caffeine cache in production.You can switch to using Caffeine cache, by adding it and org.springframework.cache.caffeine.CaffeineCacheManager to the classpath.
[2025-11-11 18:42:31.174] [INFO ] [payment-service] [main] [o.s.b.actuate.endpoint.web.EndpointLinksResolver:?] - Exposing 2 endpoint(s) beneath base path '/actuator'
[2025-11-11 18:42:31.272] [INFO ] [payment-service] [main] [o.s.boot.web.embedded.tomcat.TomcatWebServer:?] - Tomcat started on port 8066 (http) with context path ''
[2025-11-11 18:42:31.275] [INFO ] [payment-service] [main] [o.s.c.consul.serviceregistry.ConsulServiceRegistry:?] - Registering service with consul: NewService{id='payment-service-8066', name='payment-service', tags=[], address='192.168.245.1', meta={secure=false}, port=8066, enableTagOverride=null, check=Check{script='null', dockerContainerID='null', shell='null', interval='10s', ttl='null', http='http://192.168.245.1:8066/actuator/health', method='null', header={}, tcp='null', timeout='null', deregisterCriticalServiceAfter='null', tlsSkipVerify=null, status='null', grpc='null', grpcUseTLS=null}, checks=null}
[2025-11-11 18:42:31.658] [INFO ] [payment-service] [main] [com.bcu.edu.PaymentServiceApplication:?] - Started PaymentServiceApplication in 9.82 seconds (process running for 10.58)
[2025-11-11 18:42:32.184] [INFO ] [payment-service] [RMI TCP Connection(5)-26.52.41.123] [org.springframework.web.servlet.DispatcherServlet:?] - Initializing Servlet 'dispatcherServlet'
[2025-11-11 18:42:32.188] [INFO ] [payment-service] [RMI TCP Connection(5)-26.52.41.123] [org.springframework.web.servlet.DispatcherServlet:?] - Completed initialization in 4 ms
[2025-11-11 20:08:23.193] [INFO ] [payment-service] [http-nio-8066-exec-5] [com.bcu.edu.controller.PaymentController:?] - 查询用户支付记录: userId=4
[2025-11-11 21:23:52.843] [INFO ] [payment-service] [http-nio-8066-exec-10] [com.bcu.edu.controller.PaymentController:?] - 用户发起支付: userId=3, orderId=19, payType=3, amount=15.70
[2025-11-11 21:23:52.877] [INFO ] [payment-service] [http-nio-8066-exec-10] [com.bcu.edu.service.PaymentService:?] - 开始创建支付: userId=3, orderId=19, payType=3, amount=15.70
[2025-11-11 21:23:53.227] [INFO ] [payment-service] [http-nio-8066-exec-10] [com.bcu.edu.service.PaymentService:?] - 支付记录已创建: payId=21
[2025-11-11 21:23:53.228] [INFO ] [payment-service] [http-nio-8066-exec-10] [com.bcu.edu.service.PaymentService:?] - 开始余额支付: userId=3, amount=15.70
[2025-11-11 21:23:53.386] [INFO ] [payment-service] [http-nio-8066-exec-10] [com.bcu.edu.service.PaymentService:?] - 余额支付成功: payId=21, userId=3, sagaId=PAY_19
[2025-11-11 21:23:53.386] [INFO ] [payment-service] [http-nio-8066-exec-10] [com.bcu.edu.service.PaymentService:?] - 开始处理支付成功后逻辑: orderId=19, payId=21
[2025-11-11 21:23:53.420] [INFO ] [payment-service] [http-nio-8066-exec-10] [com.bcu.edu.service.PaymentService:?] - 订单支付状态已更新: orderId=19
[2025-11-11 21:23:53.433] [INFO ] [payment-service] [http-nio-8066-exec-10] [com.bcu.edu.service.PaymentService:?] - 检测到拼团订单，调用GroupBuyService支付回调: orderId=19
[2025-11-11 21:23:53.541] [INFO ] [payment-service] [http-nio-8066-exec-10] [com.bcu.edu.service.PaymentService:?] - GroupBuyService支付回调成功: orderId=19
[2025-11-11 21:23:53.541] [INFO ] [payment-service] [http-nio-8066-exec-10] [com.bcu.edu.service.PaymentService:?] - 支付成功后处理完成: orderId=19, payId=21
[2025-11-11 21:25:29.076] [INFO ] [payment-service] [http-nio-8066-exec-1] [com.bcu.edu.controller.PaymentController:?] - 查询用户支付记录: userId=6
[2025-11-11 21:25:32.555] [INFO ] [payment-service] [http-nio-8066-exec-3] [com.bcu.edu.controller.PaymentController:?] - 用户发起充值: userId=6, amount=100
[2025-11-11 21:25:32.556] [INFO ] [payment-service] [http-nio-8066-exec-3] [com.bcu.edu.service.PaymentService:?] - 开始余额充值: userId=6, amount=100
[2025-11-11 21:25:32.559] [INFO ] [payment-service] [http-nio-8066-exec-3] [com.bcu.edu.service.PaymentService:?] - 充值记录已创建: payId=22
[2025-11-11 21:25:32.569] [INFO ] [payment-service] [http-nio-8066-exec-3] [com.bcu.edu.service.PaymentService:?] - 余额充值成功: payId=22, userId=6, amount=100
[2025-11-11 21:25:32.939] [INFO ] [payment-service] [http-nio-8066-exec-4] [com.bcu.edu.controller.PaymentController:?] - 查询用户支付记录: userId=6
[2025-11-11 21:25:49.257] [ERROR] [payment-service] [http-nio-8066-exec-6] [com.bcu.edu.common.handler.GlobalExceptionHandler:?] - 参数校验失败：支付金额必须大于0
[2025-11-11 21:44:43.421] [INFO ] [payment-service] [http-nio-8066-exec-1] [com.bcu.edu.controller.PaymentController:?] - 用户发起支付: userId=6, orderId=20, payType=3, amount=12.28
[2025-11-11 21:44:43.422] [INFO ] [payment-service] [http-nio-8066-exec-1] [com.bcu.edu.service.PaymentService:?] - 开始创建支付: userId=6, orderId=20, payType=3, amount=12.28
[2025-11-11 21:44:43.425] [INFO ] [payment-service] [http-nio-8066-exec-1] [com.bcu.edu.service.PaymentService:?] - 支付记录已创建: payId=23
[2025-11-11 21:44:43.425] [INFO ] [payment-service] [http-nio-8066-exec-1] [com.bcu.edu.service.PaymentService:?] - 开始余额支付: userId=6, amount=12.28
[2025-11-11 21:44:43.436] [INFO ] [payment-service] [http-nio-8066-exec-1] [com.bcu.edu.service.PaymentService:?] - 余额支付成功: payId=23, userId=6, sagaId=PAY_20
[2025-11-11 21:44:43.436] [INFO ] [payment-service] [http-nio-8066-exec-1] [com.bcu.edu.service.PaymentService:?] - 开始处理支付成功后逻辑: orderId=20, payId=23
[2025-11-11 21:44:43.524] [INFO ] [payment-service] [http-nio-8066-exec-1] [com.bcu.edu.service.PaymentService:?] - 订单支付状态已更新: orderId=20
[2025-11-11 21:44:43.536] [INFO ] [payment-service] [http-nio-8066-exec-1] [com.bcu.edu.service.PaymentService:?] - 检测到拼团订单，调用GroupBuyService支付回调: orderId=20
[2025-11-11 21:44:43.557] [INFO ] [payment-service] [http-nio-8066-exec-1] [com.bcu.edu.service.PaymentService:?] - GroupBuyService支付回调成功: orderId=20
[2025-11-11 21:44:43.557] [INFO ] [payment-service] [http-nio-8066-exec-1] [com.bcu.edu.service.PaymentService:?] - 支付成功后处理完成: orderId=20, payId=23
[2025-11-11 22:45:59.320] [INFO ] [payment-service] [http-nio-8066-exec-10] [com.bcu.edu.controller.PaymentController:?] - 用户发起支付: userId=4, orderId=27, payType=3, amount=49.12
[2025-11-11 22:45:59.323] [INFO ] [payment-service] [http-nio-8066-exec-10] [com.bcu.edu.service.PaymentService:?] - 开始创建支付: userId=4, orderId=27, payType=3, amount=49.12
[2025-11-11 22:45:59.336] [INFO ] [payment-service] [http-nio-8066-exec-10] [com.bcu.edu.service.PaymentService:?] - 支付记录已创建: payId=24
[2025-11-11 22:45:59.336] [INFO ] [payment-service] [http-nio-8066-exec-10] [com.bcu.edu.service.PaymentService:?] - 开始余额支付: userId=4, amount=49.12
[2025-11-11 22:45:59.357] [INFO ] [payment-service] [http-nio-8066-exec-10] [com.bcu.edu.service.PaymentService:?] - 余额支付成功: payId=24, userId=4, sagaId=PAY_27
[2025-11-11 22:45:59.357] [INFO ] [payment-service] [http-nio-8066-exec-10] [com.bcu.edu.service.PaymentService:?] - 开始处理支付成功后逻辑: orderId=27, payId=24
[2025-11-11 22:45:59.373] [INFO ] [payment-service] [http-nio-8066-exec-10] [com.bcu.edu.service.PaymentService:?] - 订单支付状态已更新: orderId=27
[2025-11-11 22:45:59.378] [INFO ] [payment-service] [http-nio-8066-exec-10] [com.bcu.edu.service.PaymentService:?] - 检测到拼团订单，调用GroupBuyService支付回调: orderId=27
[2025-11-11 22:45:59.435] [INFO ] [payment-service] [http-nio-8066-exec-10] [com.bcu.edu.service.PaymentService:?] - GroupBuyService支付回调成功: orderId=27
[2025-11-11 22:45:59.435] [INFO ] [payment-service] [http-nio-8066-exec-10] [com.bcu.edu.service.PaymentService:?] - 支付成功后处理完成: orderId=27, payId=24
[2025-11-11 22:46:35.822] [INFO ] [payment-service] [http-nio-8066-exec-4] [com.bcu.edu.controller.PaymentController:?] - 用户发起支付: userId=4, orderId=28, payType=3, amount=15.7
[2025-11-11 22:46:35.822] [INFO ] [payment-service] [http-nio-8066-exec-4] [com.bcu.edu.service.PaymentService:?] - 开始创建支付: userId=4, orderId=28, payType=3, amount=15.7
[2025-11-11 22:46:35.825] [INFO ] [payment-service] [http-nio-8066-exec-4] [com.bcu.edu.service.PaymentService:?] - 支付记录已创建: payId=25
[2025-11-11 22:46:35.825] [INFO ] [payment-service] [http-nio-8066-exec-4] [com.bcu.edu.service.PaymentService:?] - 开始余额支付: userId=4, amount=15.7
[2025-11-11 22:46:35.833] [INFO ] [payment-service] [http-nio-8066-exec-4] [com.bcu.edu.service.PaymentService:?] - 余额支付成功: payId=25, userId=4, sagaId=PAY_28
[2025-11-11 22:46:35.833] [INFO ] [payment-service] [http-nio-8066-exec-4] [com.bcu.edu.service.PaymentService:?] - 开始处理支付成功后逻辑: orderId=28, payId=25
[2025-11-11 22:46:35.847] [INFO ] [payment-service] [http-nio-8066-exec-4] [com.bcu.edu.service.PaymentService:?] - 订单支付状态已更新: orderId=28
[2025-11-11 22:46:35.851] [INFO ] [payment-service] [http-nio-8066-exec-4] [com.bcu.edu.service.PaymentService:?] - 检测到拼团订单，调用GroupBuyService支付回调: orderId=28
[2025-11-11 22:46:35.891] [INFO ] [payment-service] [http-nio-8066-exec-4] [com.bcu.edu.service.PaymentService:?] - GroupBuyService支付回调成功: orderId=28
[2025-11-11 22:46:35.891] [INFO ] [payment-service] [http-nio-8066-exec-4] [com.bcu.edu.service.PaymentService:?] - 支付成功后处理完成: orderId=28, payId=25
[2025-11-11 23:23:50.420] [INFO ] [payment-service] [http-nio-8066-exec-9] [com.bcu.edu.controller.PaymentController:?] - 用户发起支付: userId=3, orderId=29, payType=3, amount=24.56
[2025-11-11 23:23:50.421] [INFO ] [payment-service] [http-nio-8066-exec-9] [com.bcu.edu.service.PaymentService:?] - 开始创建支付: userId=3, orderId=29, payType=3, amount=24.56
[2025-11-11 23:23:50.427] [INFO ] [payment-service] [http-nio-8066-exec-9] [com.bcu.edu.service.PaymentService:?] - 支付记录已创建: payId=26
[2025-11-11 23:23:50.427] [INFO ] [payment-service] [http-nio-8066-exec-9] [com.bcu.edu.service.PaymentService:?] - 开始余额支付: userId=3, amount=24.56
[2025-11-11 23:23:50.442] [INFO ] [payment-service] [http-nio-8066-exec-9] [com.bcu.edu.service.PaymentService:?] - 余额支付成功: payId=26, userId=3, sagaId=PAY_29
[2025-11-11 23:23:50.442] [INFO ] [payment-service] [http-nio-8066-exec-9] [com.bcu.edu.service.PaymentService:?] - 开始处理支付成功后逻辑: orderId=29, payId=26
[2025-11-11 23:23:50.460] [INFO ] [payment-service] [http-nio-8066-exec-9] [com.bcu.edu.service.PaymentService:?] - 订单支付状态已更新: orderId=29
[2025-11-11 23:23:50.466] [INFO ] [payment-service] [http-nio-8066-exec-9] [com.bcu.edu.service.PaymentService:?] - 检测到拼团订单，调用GroupBuyService支付回调: orderId=29
[2025-11-11 23:23:50.514] [INFO ] [payment-service] [http-nio-8066-exec-9] [com.bcu.edu.service.PaymentService:?] - GroupBuyService支付回调成功: orderId=29
[2025-11-11 23:23:50.514] [INFO ] [payment-service] [http-nio-8066-exec-9] [com.bcu.edu.service.PaymentService:?] - 支付成功后处理完成: orderId=29, payId=26
[2025-11-11 23:25:04.337] [INFO ] [payment-service] [http-nio-8066-exec-9] [com.bcu.edu.controller.PaymentController:?] - 用户发起支付: userId=4, orderId=30, payType=3, amount=49.12
[2025-11-11 23:25:04.338] [INFO ] [payment-service] [http-nio-8066-exec-9] [com.bcu.edu.service.PaymentService:?] - 开始创建支付: userId=4, orderId=30, payType=3, amount=49.12
[2025-11-11 23:25:04.342] [INFO ] [payment-service] [http-nio-8066-exec-9] [com.bcu.edu.service.PaymentService:?] - 支付记录已创建: payId=27
[2025-11-11 23:25:04.342] [INFO ] [payment-service] [http-nio-8066-exec-9] [com.bcu.edu.service.PaymentService:?] - 开始余额支付: userId=4, amount=49.12
[2025-11-11 23:25:04.367] [INFO ] [payment-service] [http-nio-8066-exec-9] [com.bcu.edu.service.PaymentService:?] - 余额支付成功: payId=27, userId=4, sagaId=PAY_30
[2025-11-11 23:25:04.367] [INFO ] [payment-service] [http-nio-8066-exec-9] [com.bcu.edu.service.PaymentService:?] - 开始处理支付成功后逻辑: orderId=30, payId=27
[2025-11-11 23:25:04.409] [INFO ] [payment-service] [http-nio-8066-exec-9] [com.bcu.edu.service.PaymentService:?] - 订单支付状态已更新: orderId=30
[2025-11-11 23:25:04.418] [INFO ] [payment-service] [http-nio-8066-exec-9] [com.bcu.edu.service.PaymentService:?] - 检测到拼团订单，调用GroupBuyService支付回调: orderId=30
[2025-11-11 23:25:04.490] [INFO ] [payment-service] [http-nio-8066-exec-9] [com.bcu.edu.service.PaymentService:?] - GroupBuyService支付回调成功: orderId=30
[2025-11-11 23:25:04.490] [INFO ] [payment-service] [http-nio-8066-exec-9] [com.bcu.edu.service.PaymentService:?] - 支付成功后处理完成: orderId=30, payId=27
[2025-11-11 23:30:24.440] [INFO ] [payment-service] [SpringApplicationShutdownHook] [o.s.c.consul.serviceregistry.ConsulServiceRegistry:?] - Deregistering service with consul: payment-service-8066
[2025-11-11 23:30:24.452] [INFO ] [payment-service] [SpringApplicationShutdownHook] [o.s.orm.jpa.LocalContainerEntityManagerFactoryBean:?] - Closing JPA EntityManagerFactory for persistence unit 'default'
[2025-11-11 23:30:24.458] [INFO ] [payment-service] [SpringApplicationShutdownHook] [com.zaxxer.hikari.HikariDataSource:?] - HikariPool-1 - Shutdown initiated...
[2025-11-11 23:30:24.462] [INFO ] [payment-service] [SpringApplicationShutdownHook] [com.zaxxer.hikari.HikariDataSource:?] - HikariPool-1 - Shutdown completed.
[2025-11-11 23:30:46.428] [INFO ] [payment-service] [main] [com.bcu.edu.PaymentServiceApplication:?] - Starting PaymentServiceApplication using Java 17.0.6 with PID 36280 (E:\E\BYSJ\community-group-buy-backend\PaymentService\target\classes started by Gkr07 in E:\E\BYSJ\community-group-buy-backend)
[2025-11-11 23:30:46.431] [INFO ] [payment-service] [main] [com.bcu.edu.PaymentServiceApplication:?] - No active profile set, falling back to 1 default profile: "default"
[2025-11-11 23:30:48.203] [INFO ] [payment-service] [main] [o.s.d.r.config.RepositoryConfigurationDelegate:?] - Bootstrapping Spring Data JPA repositories in DEFAULT mode.
[2025-11-11 23:30:48.486] [INFO ] [payment-service] [main] [o.s.d.r.config.RepositoryConfigurationDelegate:?] - Finished Spring Data repository scanning in 265 ms. Found 2 JPA repository interfaces.
[2025-11-11 23:30:48.929] [INFO ] [payment-service] [main] [o.springframework.cloud.context.scope.GenericScope:?] - BeanFactory id=a9246f94-a812-33c9-a2f7-bd36df0628af
[2025-11-11 23:30:49.415] [WARN ] [payment-service] [main] [o.s.c.s.PostProcessorRegistrationDelegate$BeanPostProcessorChecker:?] - Bean 'org.springframework.cloud.client.loadbalancer.LoadBalancerAutoConfiguration$LoadBalancerInterceptorConfig' of type [org.springframework.cloud.client.loadbalancer.LoadBalancerAutoConfiguration$LoadBalancerInterceptorConfig] is not eligible for getting processed by all BeanPostProcessors (for example: not eligible for auto-proxying). The currently created BeanPostProcessor [lbRestClientPostProcessor] is declared through a non-static factory method on that class; consider declaring it as static instead.
[2025-11-11 23:30:49.419] [WARN ] [payment-service] [main] [o.s.c.s.PostProcessorRegistrationDelegate$BeanPostProcessorChecker:?] - Bean 'org.springframework.cloud.loadbalancer.config.BlockingLoadBalancerClientAutoConfiguration' of type [org.springframework.cloud.loadbalancer.config.BlockingLoadBalancerClientAutoConfiguration] is not eligible for getting processed by all BeanPostProcessors (for example: not eligible for auto-proxying). Is this bean getting eagerly injected into a currently created BeanPostProcessor [lbRestClientPostProcessor]? Check the corresponding BeanPostProcessor declaration and its dependencies.
[2025-11-11 23:30:49.422] [WARN ] [payment-service] [main] [o.s.c.s.PostProcessorRegistrationDelegate$BeanPostProcessorChecker:?] - Bean 'org.springframework.cloud.loadbalancer.config.LoadBalancerAutoConfiguration' of type [org.springframework.cloud.loadbalancer.config.LoadBalancerAutoConfiguration] is not eligible for getting processed by all BeanPostProcessors (for example: not eligible for auto-proxying). Is this bean getting eagerly injected into a currently created BeanPostProcessor [lbRestClientPostProcessor]? Check the corresponding BeanPostProcessor declaration and its dependencies.
[2025-11-11 23:30:49.432] [WARN ] [payment-service] [main] [o.s.c.s.PostProcessorRegistrationDelegate$BeanPostProcessorChecker:?] - Bean 'org.springframework.cloud.commons.config.CommonsConfigAutoConfiguration' of type [org.springframework.cloud.commons.config.CommonsConfigAutoConfiguration] is not eligible for getting processed by all BeanPostProcessors (for example: not eligible for auto-proxying). Is this bean getting eagerly injected into a currently created BeanPostProcessor [lbRestClientPostProcessor]? Check the corresponding BeanPostProcessor declaration and its dependencies.
[2025-11-11 23:30:49.435] [WARN ] [payment-service] [main] [o.s.c.s.PostProcessorRegistrationDelegate$BeanPostProcessorChecker:?] - Bean 'org.springframework.cloud.client.loadbalancer.LoadBalancerDefaultMappingsProviderAutoConfiguration' of type [org.springframework.cloud.client.loadbalancer.LoadBalancerDefaultMappingsProviderAutoConfiguration] is not eligible for getting processed by all BeanPostProcessors (for example: not eligible for auto-proxying). Is this bean getting eagerly injected into a currently created BeanPostProcessor [lbRestClientPostProcessor]? Check the corresponding BeanPostProcessor declaration and its dependencies.
[2025-11-11 23:30:49.437] [WARN ] [payment-service] [main] [o.s.c.s.PostProcessorRegistrationDelegate$BeanPostProcessorChecker:?] - Bean 'loadBalancerClientsDefaultsMappingsProvider' of type [org.springframework.cloud.client.loadbalancer.LoadBalancerDefaultMappingsProviderAutoConfiguration$$Lambda$787/0x00000008011647b0] is not eligible for getting processed by all BeanPostProcessors (for example: not eligible for auto-proxying). Is this bean getting eagerly injected into a currently created BeanPostProcessor [lbRestClientPostProcessor]? Check the corresponding BeanPostProcessor declaration and its dependencies.
[2025-11-11 23:30:49.441] [WARN ] [payment-service] [main] [o.s.c.s.PostProcessorRegistrationDelegate$BeanPostProcessorChecker:?] - Bean 'defaultsBindHandlerAdvisor' of type [org.springframework.cloud.commons.config.DefaultsBindHandlerAdvisor] is not eligible for getting processed by all BeanPostProcessors (for example: not eligible for auto-proxying). Is this bean getting eagerly injected into a currently created BeanPostProcessor [lbRestClientPostProcessor]? Check the corresponding BeanPostProcessor declaration and its dependencies.
[2025-11-11 23:30:49.451] [WARN ] [payment-service] [main] [o.s.c.s.PostProcessorRegistrationDelegate$BeanPostProcessorChecker:?] - Bean 'spring.cloud.loadbalancer-org.springframework.cloud.client.loadbalancer.LoadBalancerClientsProperties' of type [org.springframework.cloud.client.loadbalancer.LoadBalancerClientsProperties] is not eligible for getting processed by all BeanPostProcessors (for example: not eligible for auto-proxying). Is this bean getting eagerly injected into a currently created BeanPostProcessor [lbRestClientPostProcessor]? Check the corresponding BeanPostProcessor declaration and its dependencies.
[2025-11-11 23:30:49.459] [WARN ] [payment-service] [main] [o.s.c.s.PostProcessorRegistrationDelegate$BeanPostProcessorChecker:?] - Bean 'default.org.springframework.cloud.loadbalancer.config.LoadBalancerAutoConfiguration.LoadBalancerClientSpecification' of type [org.springframework.cloud.loadbalancer.annotation.LoadBalancerClientSpecification] is not eligible for getting processed by all BeanPostProcessors (for example: not eligible for auto-proxying). Is this bean getting eagerly injected into a currently created BeanPostProcessor [lbRestClientPostProcessor]? Check the corresponding BeanPostProcessor declaration and its dependencies.
[2025-11-11 23:30:49.462] [WARN ] [payment-service] [main] [o.s.c.s.PostProcessorRegistrationDelegate$BeanPostProcessorChecker:?] - Bean 'default.org.springframework.cloud.loadbalancer.config.BlockingLoadBalancerClientAutoConfiguration.LoadBalancerClientSpecification' of type [org.springframework.cloud.loadbalancer.annotation.LoadBalancerClientSpecification] is not eligible for getting processed by all BeanPostProcessors (for example: not eligible for auto-proxying). Is this bean getting eagerly injected into a currently created BeanPostProcessor [lbRestClientPostProcessor]? Check the corresponding BeanPostProcessor declaration and its dependencies.
[2025-11-11 23:30:49.463] [WARN ] [payment-service] [main] [o.s.c.s.PostProcessorRegistrationDelegate$BeanPostProcessorChecker:?] - Bean 'loadBalancerClientFactory' of type [org.springframework.cloud.loadbalancer.support.LoadBalancerClientFactory] is not eligible for getting processed by all BeanPostProcessors (for example: not eligible for auto-proxying). Is this bean getting eagerly injected into a currently created BeanPostProcessor [lbRestClientPostProcessor]? Check the corresponding BeanPostProcessor declaration and its dependencies.
[2025-11-11 23:30:49.472] [WARN ] [payment-service] [main] [o.s.c.s.PostProcessorRegistrationDelegate$BeanPostProcessorChecker:?] - Bean 'blockingLoadBalancerClient' of type [org.springframework.cloud.loadbalancer.blocking.client.BlockingLoadBalancerClient] is not eligible for getting processed by all BeanPostProcessors (for example: not eligible for auto-proxying). Is this bean getting eagerly injected into a currently created BeanPostProcessor [lbRestClientPostProcessor]? Check the corresponding BeanPostProcessor declaration and its dependencies.
[2025-11-11 23:30:49.482] [WARN ] [payment-service] [main] [o.s.c.s.PostProcessorRegistrationDelegate$BeanPostProcessorChecker:?] - Bean 'loadBalancerServiceInstanceCookieTransformer' of type [org.springframework.cloud.loadbalancer.core.LoadBalancerServiceInstanceCookieTransformer] is not eligible for getting processed by all BeanPostProcessors (for example: not eligible for auto-proxying). Is this bean getting eagerly injected into a currently created BeanPostProcessor [lbRestClientPostProcessor]? Check the corresponding BeanPostProcessor declaration and its dependencies.
[2025-11-11 23:30:49.485] [WARN ] [payment-service] [main] [o.s.c.s.PostProcessorRegistrationDelegate$BeanPostProcessorChecker:?] - Bean 'xForwarderHeadersTransformer' of type [org.springframework.cloud.loadbalancer.blocking.XForwardedHeadersTransformer] is not eligible for getting processed by all BeanPostProcessors (for example: not eligible for auto-proxying). Is this bean getting eagerly injected into a currently created BeanPostProcessor [lbRestClientPostProcessor]? Check the corresponding BeanPostProcessor declaration and its dependencies.
[2025-11-11 23:30:49.486] [WARN ] [payment-service] [main] [o.s.c.s.PostProcessorRegistrationDelegate$BeanPostProcessorChecker:?] - Bean 'org.springframework.cloud.client.loadbalancer.LoadBalancerAutoConfiguration' of type [org.springframework.cloud.client.loadbalancer.LoadBalancerAutoConfiguration] is not eligible for getting processed by all BeanPostProcessors (for example: not eligible for auto-proxying). Is this bean getting eagerly injected into a currently created BeanPostProcessor [lbRestClientPostProcessor]? Check the corresponding BeanPostProcessor declaration and its dependencies.
[2025-11-11 23:30:49.489] [WARN ] [payment-service] [main] [o.s.c.s.PostProcessorRegistrationDelegate$BeanPostProcessorChecker:?] - Bean 'loadBalancerRequestFactory' of type [org.springframework.cloud.client.loadbalancer.LoadBalancerRequestFactory] is not eligible for getting processed by all BeanPostProcessors (for example: not eligible for auto-proxying). Is this bean getting eagerly injected into a currently created BeanPostProcessor [lbRestClientPostProcessor]? Check the corresponding BeanPostProcessor declaration and its dependencies.
[2025-11-11 23:30:49.492] [WARN ] [payment-service] [main] [o.s.c.s.PostProcessorRegistrationDelegate$BeanPostProcessorChecker:?] - Bean 'loadBalancerInterceptor' of type [org.springframework.cloud.client.loadbalancer.LoadBalancerInterceptor] is not eligible for getting processed by all BeanPostProcessors (for example: not eligible for auto-proxying). Is this bean getting eagerly injected into a currently created BeanPostProcessor [lbRestClientPostProcessor]? Check the corresponding BeanPostProcessor declaration and its dependencies.
[2025-11-11 23:30:49.883] [INFO ] [payment-service] [main] [o.s.boot.web.embedded.tomcat.TomcatWebServer:?] - Tomcat initialized with port 8066 (http)
[2025-11-11 23:30:50.040] [INFO ] [payment-service] [main] [o.s.b.w.s.c.ServletWebServerApplicationContext:?] - Root WebApplicationContext: initialization completed in 3552 ms
[2025-11-11 23:30:50.440] [INFO ] [payment-service] [main] [org.hibernate.jpa.internal.util.LogHelper:?] - HHH000204: Processing PersistenceUnitInfo [name: default]
[2025-11-11 23:30:50.514] [INFO ] [payment-service] [main] [org.hibernate.Version:?] - HHH000412: Hibernate ORM core version 6.4.4.Final
[2025-11-11 23:30:50.559] [INFO ] [payment-service] [main] [o.hibernate.cache.internal.RegionFactoryInitiator:?] - HHH000026: Second-level cache disabled
[2025-11-11 23:30:50.841] [INFO ] [payment-service] [main] [o.s.o.j.persistenceunit.SpringPersistenceUnitInfo:?] - No LoadTimeWeaver setup: ignoring JPA class transformer
[2025-11-11 23:30:50.874] [INFO ] [payment-service] [main] [com.zaxxer.hikari.HikariDataSource:?] - HikariPool-1 - Starting...
[2025-11-11 23:30:51.070] [INFO ] [payment-service] [main] [com.zaxxer.hikari.pool.HikariPool:?] - HikariPool-1 - Added connection com.mysql.cj.jdbc.ConnectionImpl@2b409174
[2025-11-11 23:30:51.072] [INFO ] [payment-service] [main] [com.zaxxer.hikari.HikariDataSource:?] - HikariPool-1 - Start completed.
[2025-11-11 23:30:51.143] [WARN ] [payment-service] [main] [org.hibernate.orm.deprecation:?] - HHH90000025: MySQLDialect does not need to be specified explicitly using 'hibernate.dialect' (remove the property setting and it will be selected by default)
[2025-11-11 23:30:52.522] [INFO ] [payment-service] [main] [o.h.e.t.jta.platform.internal.JtaPlatformInitiator:?] - HHH000489: No JTA platform available (set 'hibernate.transaction.jta.platform' to enable JTA platform integration)
[2025-11-11 23:30:52.599] [INFO ] [payment-service] [main] [o.s.orm.jpa.LocalContainerEntityManagerFactoryBean:?] - Initialized JPA EntityManagerFactory for persistence unit 'default'
[2025-11-11 23:30:52.935] [INFO ] [payment-service] [main] [o.s.data.jpa.repository.query.QueryEnhancerFactory:?] - Hibernate is in classpath; If applicable, HQL parser will be used.
[2025-11-11 23:30:53.632] [WARN ] [payment-service] [main] [o.s.b.a.o.j.JpaBaseConfiguration$JpaWebConfiguration:?] - spring.jpa.open-in-view is enabled by default. Therefore, database queries may be performed during view rendering. Explicitly configure spring.jpa.open-in-view to disable this warning
[2025-11-11 23:30:56.365] [WARN ] [payment-service] [main] [o.s.c.l.c.LoadBalancerCacheAutoConfiguration$LoadBalancerCaffeineWarnLogger:?] - Spring Cloud LoadBalancer is currently working with the default cache. While this cache implementation is useful for development and tests, it's recommended to use Caffeine cache in production.You can switch to using Caffeine cache, by adding it and org.springframework.cache.caffeine.CaffeineCacheManager to the classpath.
[2025-11-11 23:30:56.386] [INFO ] [payment-service] [main] [o.s.b.actuate.endpoint.web.EndpointLinksResolver:?] - Exposing 2 endpoint(s) beneath base path '/actuator'
[2025-11-11 23:30:56.526] [INFO ] [payment-service] [main] [o.s.boot.web.embedded.tomcat.TomcatWebServer:?] - Tomcat started on port 8066 (http) with context path ''
[2025-11-11 23:30:56.529] [INFO ] [payment-service] [main] [o.s.c.consul.serviceregistry.ConsulServiceRegistry:?] - Registering service with consul: NewService{id='payment-service-8066', name='payment-service', tags=[], address='192.168.245.1', meta={secure=false}, port=8066, enableTagOverride=null, check=Check{script='null', dockerContainerID='null', shell='null', interval='10s', ttl='null', http='http://192.168.245.1:8066/actuator/health', method='null', header={}, tcp='null', timeout='null', deregisterCriticalServiceAfter='null', tlsSkipVerify=null, status='null', grpc='null', grpcUseTLS=null}, checks=null}
[2025-11-11 23:30:56.966] [INFO ] [payment-service] [main] [com.bcu.edu.PaymentServiceApplication:?] - Started PaymentServiceApplication in 12.078 seconds (process running for 13.136)
[2025-11-11 23:30:57.514] [INFO ] [payment-service] [RMI TCP Connection(3)-26.52.41.123] [org.springframework.web.servlet.DispatcherServlet:?] - Initializing Servlet 'dispatcherServlet'
[2025-11-11 23:30:57.522] [INFO ] [payment-service] [RMI TCP Connection(3)-26.52.41.123] [org.springframework.web.servlet.DispatcherServlet:?] - Completed initialization in 8 ms
[2025-11-11 23:34:13.696] [INFO ] [payment-service] [SpringApplicationShutdownHook] [o.s.c.consul.serviceregistry.ConsulServiceRegistry:?] - Deregistering service with consul: payment-service-8066
[2025-11-11 23:34:13.708] [INFO ] [payment-service] [SpringApplicationShutdownHook] [o.s.orm.jpa.LocalContainerEntityManagerFactoryBean:?] - Closing JPA EntityManagerFactory for persistence unit 'default'
[2025-11-11 23:34:13.710] [INFO ] [payment-service] [SpringApplicationShutdownHook] [com.zaxxer.hikari.HikariDataSource:?] - HikariPool-1 - Shutdown initiated...
[2025-11-11 23:34:13.718] [INFO ] [payment-service] [SpringApplicationShutdownHook] [com.zaxxer.hikari.HikariDataSource:?] - HikariPool-1 - Shutdown completed.
[2025-11-11 23:37:31.835] [INFO ] [payment-service] [main] [com.bcu.edu.PaymentServiceApplication:50] - Starting PaymentServiceApplication using Java 17.0.6 with PID 10600 (E:\E\BYSJ\community-group-buy-backend\PaymentService\target\classes started by Gkr07 in E:\E\BYSJ\community-group-buy-backend)
[2025-11-11 23:37:31.839] [INFO ] [payment-service] [main] [com.bcu.edu.PaymentServiceApplication:654] - No active profile set, falling back to 1 default profile: "default"
[2025-11-11 23:37:33.594] [INFO ] [payment-service] [main] [o.s.d.r.config.RepositoryConfigurationDelegate:139] - Bootstrapping Spring Data JPA repositories in DEFAULT mode.
[2025-11-11 23:37:33.841] [INFO ] [payment-service] [main] [o.s.d.r.config.RepositoryConfigurationDelegate:208] - Finished Spring Data repository scanning in 237 ms. Found 2 JPA repository interfaces.
[2025-11-11 23:37:34.273] [INFO ] [payment-service] [main] [o.springframework.cloud.context.scope.GenericScope:282] - BeanFactory id=c5e24788-f674-3103-acd5-f0c09946e196
[2025-11-11 23:37:34.832] [WARN ] [payment-service] [main] [o.s.c.s.PostProcessorRegistrationDelegate$BeanPostProcessorChecker:429] - Bean 'org.springframework.cloud.client.loadbalancer.LoadBalancerAutoConfiguration$LoadBalancerInterceptorConfig' of type [org.springframework.cloud.client.loadbalancer.LoadBalancerAutoConfiguration$LoadBalancerInterceptorConfig] is not eligible for getting processed by all BeanPostProcessors (for example: not eligible for auto-proxying). The currently created BeanPostProcessor [lbRestClientPostProcessor] is declared through a non-static factory method on that class; consider declaring it as static instead.
[2025-11-11 23:37:34.838] [WARN ] [payment-service] [main] [o.s.c.s.PostProcessorRegistrationDelegate$BeanPostProcessorChecker:437] - Bean 'org.springframework.cloud.loadbalancer.config.BlockingLoadBalancerClientAutoConfiguration' of type [org.springframework.cloud.loadbalancer.config.BlockingLoadBalancerClientAutoConfiguration] is not eligible for getting processed by all BeanPostProcessors (for example: not eligible for auto-proxying). Is this bean getting eagerly injected into a currently created BeanPostProcessor [lbRestClientPostProcessor]? Check the corresponding BeanPostProcessor declaration and its dependencies.
[2025-11-11 23:37:34.842] [WARN ] [payment-service] [main] [o.s.c.s.PostProcessorRegistrationDelegate$BeanPostProcessorChecker:437] - Bean 'org.springframework.cloud.loadbalancer.config.LoadBalancerAutoConfiguration' of type [org.springframework.cloud.loadbalancer.config.LoadBalancerAutoConfiguration] is not eligible for getting processed by all BeanPostProcessors (for example: not eligible for auto-proxying). Is this bean getting eagerly injected into a currently created BeanPostProcessor [lbRestClientPostProcessor]? Check the corresponding BeanPostProcessor declaration and its dependencies.
[2025-11-11 23:37:34.860] [WARN ] [payment-service] [main] [o.s.c.s.PostProcessorRegistrationDelegate$BeanPostProcessorChecker:437] - Bean 'org.springframework.cloud.commons.config.CommonsConfigAutoConfiguration' of type [org.springframework.cloud.commons.config.CommonsConfigAutoConfiguration] is not eligible for getting processed by all BeanPostProcessors (for example: not eligible for auto-proxying). Is this bean getting eagerly injected into a currently created BeanPostProcessor [lbRestClientPostProcessor]? Check the corresponding BeanPostProcessor declaration and its dependencies.
[2025-11-11 23:37:34.865] [WARN ] [payment-service] [main] [o.s.c.s.PostProcessorRegistrationDelegate$BeanPostProcessorChecker:437] - Bean 'org.springframework.cloud.client.loadbalancer.LoadBalancerDefaultMappingsProviderAutoConfiguration' of type [org.springframework.cloud.client.loadbalancer.LoadBalancerDefaultMappingsProviderAutoConfiguration] is not eligible for getting processed by all BeanPostProcessors (for example: not eligible for auto-proxying). Is this bean getting eagerly injected into a currently created BeanPostProcessor [lbRestClientPostProcessor]? Check the corresponding BeanPostProcessor declaration and its dependencies.
[2025-11-11 23:37:34.867] [WARN ] [payment-service] [main] [o.s.c.s.PostProcessorRegistrationDelegate$BeanPostProcessorChecker:437] - Bean 'loadBalancerClientsDefaultsMappingsProvider' of type [org.springframework.cloud.client.loadbalancer.LoadBalancerDefaultMappingsProviderAutoConfiguration$$Lambda$785/0x0000000801164248] is not eligible for getting processed by all BeanPostProcessors (for example: not eligible for auto-proxying). Is this bean getting eagerly injected into a currently created BeanPostProcessor [lbRestClientPostProcessor]? Check the corresponding BeanPostProcessor declaration and its dependencies.
[2025-11-11 23:37:34.872] [WARN ] [payment-service] [main] [o.s.c.s.PostProcessorRegistrationDelegate$BeanPostProcessorChecker:437] - Bean 'defaultsBindHandlerAdvisor' of type [org.springframework.cloud.commons.config.DefaultsBindHandlerAdvisor] is not eligible for getting processed by all BeanPostProcessors (for example: not eligible for auto-proxying). Is this bean getting eagerly injected into a currently created BeanPostProcessor [lbRestClientPostProcessor]? Check the corresponding BeanPostProcessor declaration and its dependencies.
[2025-11-11 23:37:34.885] [WARN ] [payment-service] [main] [o.s.c.s.PostProcessorRegistrationDelegate$BeanPostProcessorChecker:437] - Bean 'spring.cloud.loadbalancer-org.springframework.cloud.client.loadbalancer.LoadBalancerClientsProperties' of type [org.springframework.cloud.client.loadbalancer.LoadBalancerClientsProperties] is not eligible for getting processed by all BeanPostProcessors (for example: not eligible for auto-proxying). Is this bean getting eagerly injected into a currently created BeanPostProcessor [lbRestClientPostProcessor]? Check the corresponding BeanPostProcessor declaration and its dependencies.
[2025-11-11 23:37:34.895] [WARN ] [payment-service] [main] [o.s.c.s.PostProcessorRegistrationDelegate$BeanPostProcessorChecker:437] - Bean 'default.org.springframework.cloud.loadbalancer.config.LoadBalancerAutoConfiguration.LoadBalancerClientSpecification' of type [org.springframework.cloud.loadbalancer.annotation.LoadBalancerClientSpecification] is not eligible for getting processed by all BeanPostProcessors (for example: not eligible for auto-proxying). Is this bean getting eagerly injected into a currently created BeanPostProcessor [lbRestClientPostProcessor]? Check the corresponding BeanPostProcessor declaration and its dependencies.
[2025-11-11 23:37:34.899] [WARN ] [payment-service] [main] [o.s.c.s.PostProcessorRegistrationDelegate$BeanPostProcessorChecker:437] - Bean 'default.org.springframework.cloud.loadbalancer.config.BlockingLoadBalancerClientAutoConfiguration.LoadBalancerClientSpecification' of type [org.springframework.cloud.loadbalancer.annotation.LoadBalancerClientSpecification] is not eligible for getting processed by all BeanPostProcessors (for example: not eligible for auto-proxying). Is this bean getting eagerly injected into a currently created BeanPostProcessor [lbRestClientPostProcessor]? Check the corresponding BeanPostProcessor declaration and its dependencies.
[2025-11-11 23:37:34.901] [WARN ] [payment-service] [main] [o.s.c.s.PostProcessorRegistrationDelegate$BeanPostProcessorChecker:437] - Bean 'loadBalancerClientFactory' of type [org.springframework.cloud.loadbalancer.support.LoadBalancerClientFactory] is not eligible for getting processed by all BeanPostProcessors (for example: not eligible for auto-proxying). Is this bean getting eagerly injected into a currently created BeanPostProcessor [lbRestClientPostProcessor]? Check the corresponding BeanPostProcessor declaration and its dependencies.
[2025-11-11 23:37:34.911] [WARN ] [payment-service] [main] [o.s.c.s.PostProcessorRegistrationDelegate$BeanPostProcessorChecker:437] - Bean 'blockingLoadBalancerClient' of type [org.springframework.cloud.loadbalancer.blocking.client.BlockingLoadBalancerClient] is not eligible for getting processed by all BeanPostProcessors (for example: not eligible for auto-proxying). Is this bean getting eagerly injected into a currently created BeanPostProcessor [lbRestClientPostProcessor]? Check the corresponding BeanPostProcessor declaration and its dependencies.
[2025-11-11 23:37:34.926] [WARN ] [payment-service] [main] [o.s.c.s.PostProcessorRegistrationDelegate$BeanPostProcessorChecker:437] - Bean 'loadBalancerServiceInstanceCookieTransformer' of type [org.springframework.cloud.loadbalancer.core.LoadBalancerServiceInstanceCookieTransformer] is not eligible for getting processed by all BeanPostProcessors (for example: not eligible for auto-proxying). Is this bean getting eagerly injected into a currently created BeanPostProcessor [lbRestClientPostProcessor]? Check the corresponding BeanPostProcessor declaration and its dependencies.
[2025-11-11 23:37:34.930] [WARN ] [payment-service] [main] [o.s.c.s.PostProcessorRegistrationDelegate$BeanPostProcessorChecker:437] - Bean 'xForwarderHeadersTransformer' of type [org.springframework.cloud.loadbalancer.blocking.XForwardedHeadersTransformer] is not eligible for getting processed by all BeanPostProcessors (for example: not eligible for auto-proxying). Is this bean getting eagerly injected into a currently created BeanPostProcessor [lbRestClientPostProcessor]? Check the corresponding BeanPostProcessor declaration and its dependencies.
[2025-11-11 23:37:34.932] [WARN ] [payment-service] [main] [o.s.c.s.PostProcessorRegistrationDelegate$BeanPostProcessorChecker:437] - Bean 'org.springframework.cloud.client.loadbalancer.LoadBalancerAutoConfiguration' of type [org.springframework.cloud.client.loadbalancer.LoadBalancerAutoConfiguration] is not eligible for getting processed by all BeanPostProcessors (for example: not eligible for auto-proxying). Is this bean getting eagerly injected into a currently created BeanPostProcessor [lbRestClientPostProcessor]? Check the corresponding BeanPostProcessor declaration and its dependencies.
[2025-11-11 23:37:34.935] [WARN ] [payment-service] [main] [o.s.c.s.PostProcessorRegistrationDelegate$BeanPostProcessorChecker:437] - Bean 'loadBalancerRequestFactory' of type [org.springframework.cloud.client.loadbalancer.LoadBalancerRequestFactory] is not eligible for getting processed by all BeanPostProcessors (for example: not eligible for auto-proxying). Is this bean getting eagerly injected into a currently created BeanPostProcessor [lbRestClientPostProcessor]? Check the corresponding BeanPostProcessor declaration and its dependencies.
[2025-11-11 23:37:34.938] [WARN ] [payment-service] [main] [o.s.c.s.PostProcessorRegistrationDelegate$BeanPostProcessorChecker:437] - Bean 'loadBalancerInterceptor' of type [org.springframework.cloud.client.loadbalancer.LoadBalancerInterceptor] is not eligible for getting processed by all BeanPostProcessors (for example: not eligible for auto-proxying). Is this bean getting eagerly injected into a currently created BeanPostProcessor [lbRestClientPostProcessor]? Check the corresponding BeanPostProcessor declaration and its dependencies.
[2025-11-11 23:37:35.379] [INFO ] [payment-service] [main] [o.s.boot.web.embedded.tomcat.TomcatWebServer:109] - Tomcat initialized with port 8066 (http)
[2025-11-11 23:37:35.530] [INFO ] [payment-service] [main] [o.s.b.w.s.c.ServletWebServerApplicationContext:296] - Root WebApplicationContext: initialization completed in 3640 ms
[2025-11-11 23:37:36.051] [INFO ] [payment-service] [main] [org.hibernate.jpa.internal.util.LogHelper:31] - HHH000204: Processing PersistenceUnitInfo [name: default]
[2025-11-11 23:37:36.145] [INFO ] [payment-service] [main] [org.hibernate.Version:44] - HHH000412: Hibernate ORM core version 6.4.4.Final
[2025-11-11 23:37:36.196] [INFO ] [payment-service] [main] [o.hibernate.cache.internal.RegionFactoryInitiator:50] - HHH000026: Second-level cache disabled
[2025-11-11 23:37:36.539] [INFO ] [payment-service] [main] [o.s.o.j.persistenceunit.SpringPersistenceUnitInfo:87] - No LoadTimeWeaver setup: ignoring JPA class transformer
[2025-11-11 23:37:36.580] [INFO ] [payment-service] [main] [com.zaxxer.hikari.HikariDataSource:110] - HikariPool-1 - Starting...
[2025-11-11 23:37:36.776] [INFO ] [payment-service] [main] [com.zaxxer.hikari.pool.HikariPool:565] - HikariPool-1 - Added connection com.mysql.cj.jdbc.ConnectionImpl@7efba9b9
[2025-11-11 23:37:36.778] [INFO ] [payment-service] [main] [com.zaxxer.hikari.HikariDataSource:123] - HikariPool-1 - Start completed.
[2025-11-11 23:37:36.849] [WARN ] [payment-service] [main] [org.hibernate.orm.deprecation:153] - HHH90000025: MySQLDialect does not need to be specified explicitly using 'hibernate.dialect' (remove the property setting and it will be selected by default)
[2025-11-11 23:37:38.275] [INFO ] [payment-service] [main] [o.h.e.t.jta.platform.internal.JtaPlatformInitiator:58] - HHH000489: No JTA platform available (set 'hibernate.transaction.jta.platform' to enable JTA platform integration)
[2025-11-11 23:37:38.353] [INFO ] [payment-service] [main] [o.s.orm.jpa.LocalContainerEntityManagerFactoryBean:437] - Initialized JPA EntityManagerFactory for persistence unit 'default'
[2025-11-11 23:37:38.809] [INFO ] [payment-service] [main] [o.s.data.jpa.repository.query.QueryEnhancerFactory:49] - Hibernate is in classpath; If applicable, HQL parser will be used.
[2025-11-11 23:37:39.591] [WARN ] [payment-service] [main] [o.s.b.a.o.j.JpaBaseConfiguration$JpaWebConfiguration:232] - spring.jpa.open-in-view is enabled by default. Therefore, database queries may be performed during view rendering. Explicitly configure spring.jpa.open-in-view to disable this warning
[2025-11-11 23:37:42.145] [WARN ] [payment-service] [main] [o.s.c.l.c.LoadBalancerCacheAutoConfiguration$LoadBalancerCaffeineWarnLogger:94] - Spring Cloud LoadBalancer is currently working with the default cache. While this cache implementation is useful for development and tests, it's recommended to use Caffeine cache in production.You can switch to using Caffeine cache, by adding it and org.springframework.cache.caffeine.CaffeineCacheManager to the classpath.
[2025-11-11 23:37:42.161] [INFO ] [payment-service] [main] [o.s.b.actuate.endpoint.web.EndpointLinksResolver:58] - Exposing 2 endpoint(s) beneath base path '/actuator'
[2025-11-11 23:37:42.271] [INFO ] [payment-service] [main] [o.s.boot.web.embedded.tomcat.TomcatWebServer:241] - Tomcat started on port 8066 (http) with context path ''
[2025-11-11 23:37:42.274] [INFO ] [payment-service] [main] [o.s.c.consul.serviceregistry.ConsulServiceRegistry:65] - Registering service with consul: NewService{id='payment-service-8066', name='payment-service', tags=[], address='192.168.245.1', meta={secure=false}, port=8066, enableTagOverride=null, check=Check{script='null', dockerContainerID='null', shell='null', interval='10s', ttl='null', http='http://192.168.245.1:8066/actuator/health', method='null', header={}, tcp='null', timeout='null', deregisterCriticalServiceAfter='null', tlsSkipVerify=null, status='null', grpc='null', grpcUseTLS=null}, checks=null}
[2025-11-11 23:37:42.729] [INFO ] [payment-service] [http-nio-8066-exec-1] [org.springframework.web.servlet.DispatcherServlet:532] - Initializing Servlet 'dispatcherServlet'
[2025-11-11 23:37:42.733] [INFO ] [payment-service] [http-nio-8066-exec-1] [org.springframework.web.servlet.DispatcherServlet:554] - Completed initialization in 3 ms
[2025-11-11 23:37:42.761] [INFO ] [payment-service] [main] [com.bcu.edu.PaymentServiceApplication:56] - Started PaymentServiceApplication in 12.323 seconds (process running for 13.226)
[2025-11-11 23:41:57.561] [INFO ] [payment-service] [http-nio-8066-exec-7] [com.bcu.edu.controller.AdminPaymentController:81] - 管理端查询支付记录: page=0, size=20, payType=null, payStatus=null, recordType=null, keyword=null, startDate=null, endDate=null
[2025-11-11 23:41:57.564] [INFO ] [payment-service] [http-nio-8066-exec-7] [com.bcu.edu.service.PaymentService:455] - 管理端查询支付记录: payType=null, payStatus=null, recordType=null, keyword=null
[2025-11-11 23:41:57.714] [INFO ] [payment-service] [http-nio-8066-exec-7] [com.bcu.edu.controller.AdminPaymentController:96] - 查询成功: 总记录数=25, 当前页记录数=20
[2025-11-11 23:42:07.678] [INFO ] [payment-service] [http-nio-8066-exec-9] [com.bcu.edu.controller.AdminPaymentController:81] - 管理端查询支付记录: page=1, size=20, payType=null, payStatus=null, recordType=null, keyword=null, startDate=null, endDate=null
[2025-11-11 23:42:07.678] [INFO ] [payment-service] [http-nio-8066-exec-9] [com.bcu.edu.service.PaymentService:455] - 管理端查询支付记录: payType=null, payStatus=null, recordType=null, keyword=null
[2025-11-11 23:42:07.681] [INFO ] [payment-service] [http-nio-8066-exec-9] [com.bcu.edu.controller.AdminPaymentController:96] - 查询成功: 总记录数=25, 当前页记录数=5
[2025-11-11 23:42:09.565] [INFO ] [payment-service] [http-nio-8066-exec-10] [com.bcu.edu.controller.AdminPaymentController:81] - 管理端查询支付记录: page=0, size=20, payType=null, payStatus=null, recordType=null, keyword=null, startDate=null, endDate=null
[2025-11-11 23:42:09.565] [INFO ] [payment-service] [http-nio-8066-exec-10] [com.bcu.edu.service.PaymentService:455] - 管理端查询支付记录: payType=null, payStatus=null, recordType=null, keyword=null
[2025-11-11 23:42:09.573] [INFO ] [payment-service] [http-nio-8066-exec-10] [com.bcu.edu.controller.AdminPaymentController:96] - 查询成功: 总记录数=25, 当前页记录数=20
[2025-11-11 23:56:22.951] [INFO ] [payment-service] [SpringApplicationShutdownHook] [o.s.c.consul.serviceregistry.ConsulServiceRegistry:89] - Deregistering service with consul: payment-service-8066
[2025-11-11 23:56:22.962] [INFO ] [payment-service] [SpringApplicationShutdownHook] [o.s.orm.jpa.LocalContainerEntityManagerFactoryBean:650] - Closing JPA EntityManagerFactory for persistence unit 'default'
[2025-11-11 23:56:22.964] [INFO ] [payment-service] [SpringApplicationShutdownHook] [com.zaxxer.hikari.HikariDataSource:350] - HikariPool-1 - Shutdown initiated...
[2025-11-11 23:56:22.969] [INFO ] [payment-service] [SpringApplicationShutdownHook] [com.zaxxer.hikari.HikariDataSource:352] - HikariPool-1 - Shutdown completed.
