[2025-11-10 20:03:54.425] [DEBUG] [payment-service] [main] [com.bcu.edu.PaymentServiceApplication:51] - Running with Spring Boot v3.2.3, Spring v6.1.4
[2025-11-10 20:48:41.736] [DEBUG] [payment-service] [http-nio-8066-exec-10] [org.hibernate.SQL:135] - 
    insert 
    into
        payment_record
        (amount, create_time, encrypt_sign, order_id, pay_callback_info, pay_status, pay_type, transaction_id, user_id, wx_transaction_id) 
    values
        (?, ?, ?, ?, ?, ?, ?, ?, ?, ?)
[2025-11-10 20:48:42.047] [DEBUG] [payment-service] [http-nio-8066-exec-10] [com.bcu.edu.common.aspect.OperationLogAspect:113] - 操作日志已通过Feign记录: module=支付管理, operation=创建支付
[2025-11-10 20:48:42.063] [DEBUG] [payment-service] [http-nio-8066-exec-10] [org.hibernate.SQL:135] - 
    update
        payment_record 
    set
        amount=?,
        encrypt_sign=?,
        order_id=?,
        pay_callback_info=?,
        pay_status=?,
        pay_type=?,
        transaction_id=?,
        user_id=?,
        wx_transaction_id=? 
    where
        pay_id=?
[2025-11-10 21:24:13.650] [DEBUG] [payment-service] [http-nio-8066-exec-4] [org.hibernate.SQL:135] - 
    insert 
    into
        payment_record
        (amount, create_time, encrypt_sign, order_id, pay_callback_info, pay_status, pay_type, transaction_id, user_id, wx_transaction_id) 
    values
        (?, ?, ?, ?, ?, ?, ?, ?, ?, ?)
[2025-11-10 21:24:13.751] [DEBUG] [payment-service] [http-nio-8066-exec-4] [com.bcu.edu.common.aspect.OperationLogAspect:113] - 操作日志已通过Feign记录: module=支付管理, operation=创建支付
[2025-11-10 21:24:13.752] [DEBUG] [payment-service] [http-nio-8066-exec-4] [org.hibernate.SQL:135] - 
    update
        payment_record 
    set
        amount=?,
        encrypt_sign=?,
        order_id=?,
        pay_callback_info=?,
        pay_status=?,
        pay_type=?,
        transaction_id=?,
        user_id=?,
        wx_transaction_id=? 
    where
        pay_id=?
