[2025-12-18 12:23:19.533] [INFO ] [payment-service] [main] [com.bcu.edu.PaymentServiceApplication:50] - Starting PaymentServiceApplication using Java 17.0.6 with PID 21880 (E:\E\BYSJ\community-group-buy-backend\PaymentService\target\classes started by Gkr07 in E:\E\BYSJ\community-group-buy-backend)
[2025-12-18 12:23:19.542] [INFO ] [payment-service] [main] [com.bcu.edu.PaymentServiceApplication:654] - No active profile set, falling back to 1 default profile: "default"
[2025-12-18 12:23:21.276] [INFO ] [payment-service] [main] [o.s.d.r.config.RepositoryConfigurationDelegate:139] - Bootstrapping Spring Data JPA repositories in DEFAULT mode.
[2025-12-18 12:23:21.547] [INFO ] [payment-service] [main] [o.s.d.r.config.RepositoryConfigurationDelegate:208] - Finished Spring Data repository scanning in 260 ms. Found 2 JPA repository interfaces.
[2025-12-18 12:23:22.016] [INFO ] [payment-service] [main] [o.springframework.cloud.context.scope.GenericScope:282] - BeanFactory id=c5e24788-f674-3103-acd5-f0c09946e196
[2025-12-18 12:23:22.502] [WARN ] [payment-service] [main] [o.s.c.s.PostProcessorRegistrationDelegate$BeanPostProcessorChecker:429] - Bean 'org.springframework.cloud.client.loadbalancer.LoadBalancerAutoConfiguration$LoadBalancerInterceptorConfig' of type [org.springframework.cloud.client.loadbalancer.LoadBalancerAutoConfiguration$LoadBalancerInterceptorConfig] is not eligible for getting processed by all BeanPostProcessors (for example: not eligible for auto-proxying). The currently created BeanPostProcessor [lbRestClientPostProcessor] is declared through a non-static factory method on that class; consider declaring it as static instead.
[2025-12-18 12:23:22.506] [WARN ] [payment-service] [main] [o.s.c.s.PostProcessorRegistrationDelegate$BeanPostProcessorChecker:437] - Bean 'org.springframework.cloud.loadbalancer.config.BlockingLoadBalancerClientAutoConfiguration' of type [org.springframework.cloud.loadbalancer.config.BlockingLoadBalancerClientAutoConfiguration] is not eligible for getting processed by all BeanPostProcessors (for example: not eligible for auto-proxying). Is this bean getting eagerly injected into a currently created BeanPostProcessor [lbRestClientPostProcessor]? Check the corresponding BeanPostProcessor declaration and its dependencies.
[2025-12-18 12:23:22.510] [WARN ] [payment-service] [main] [o.s.c.s.PostProcessorRegistrationDelegate$BeanPostProcessorChecker:437] - Bean 'org.springframework.cloud.loadbalancer.config.LoadBalancerAutoConfiguration' of type [org.springframework.cloud.loadbalancer.config.LoadBalancerAutoConfiguration] is not eligible for getting processed by all BeanPostProcessors (for example: not eligible for auto-proxying). Is this bean getting eagerly injected into a currently created BeanPostProcessor [lbRestClientPostProcessor]? Check the corresponding BeanPostProcessor declaration and its dependencies.
[2025-12-18 12:23:22.525] [WARN ] [payment-service] [main] [o.s.c.s.PostProcessorRegistrationDelegate$BeanPostProcessorChecker:437] - Bean 'org.springframework.cloud.commons.config.CommonsConfigAutoConfiguration' of type [org.springframework.cloud.commons.config.CommonsConfigAutoConfiguration] is not eligible for getting processed by all BeanPostProcessors (for example: not eligible for auto-proxying). Is this bean getting eagerly injected into a currently created BeanPostProcessor [lbRestClientPostProcessor]? Check the corresponding BeanPostProcessor declaration and its dependencies.
[2025-12-18 12:23:22.528] [WARN ] [payment-service] [main] [o.s.c.s.PostProcessorRegistrationDelegate$BeanPostProcessorChecker:437] - Bean 'org.springframework.cloud.client.loadbalancer.LoadBalancerDefaultMappingsProviderAutoConfiguration' of type [org.springframework.cloud.client.loadbalancer.LoadBalancerDefaultMappingsProviderAutoConfiguration] is not eligible for getting processed by all BeanPostProcessors (for example: not eligible for auto-proxying). Is this bean getting eagerly injected into a currently created BeanPostProcessor [lbRestClientPostProcessor]? Check the corresponding BeanPostProcessor declaration and its dependencies.
[2025-12-18 12:23:22.531] [WARN ] [payment-service] [main] [o.s.c.s.PostProcessorRegistrationDelegate$BeanPostProcessorChecker:437] - Bean 'loadBalancerClientsDefaultsMappingsProvider' of type [org.springframework.cloud.client.loadbalancer.LoadBalancerDefaultMappingsProviderAutoConfiguration$$Lambda$785/0x0000000801165ea0] is not eligible for getting processed by all BeanPostProcessors (for example: not eligible for auto-proxying). Is this bean getting eagerly injected into a currently created BeanPostProcessor [lbRestClientPostProcessor]? Check the corresponding BeanPostProcessor declaration and its dependencies.
[2025-12-18 12:23:22.535] [WARN ] [payment-service] [main] [o.s.c.s.PostProcessorRegistrationDelegate$BeanPostProcessorChecker:437] - Bean 'defaultsBindHandlerAdvisor' of type [org.springframework.cloud.commons.config.DefaultsBindHandlerAdvisor] is not eligible for getting processed by all BeanPostProcessors (for example: not eligible for auto-proxying). Is this bean getting eagerly injected into a currently created BeanPostProcessor [lbRestClientPostProcessor]? Check the corresponding BeanPostProcessor declaration and its dependencies.
[2025-12-18 12:23:22.545] [WARN ] [payment-service] [main] [o.s.c.s.PostProcessorRegistrationDelegate$BeanPostProcessorChecker:437] - Bean 'spring.cloud.loadbalancer-org.springframework.cloud.client.loadbalancer.LoadBalancerClientsProperties' of type [org.springframework.cloud.client.loadbalancer.LoadBalancerClientsProperties] is not eligible for getting processed by all BeanPostProcessors (for example: not eligible for auto-proxying). Is this bean getting eagerly injected into a currently created BeanPostProcessor [lbRestClientPostProcessor]? Check the corresponding BeanPostProcessor declaration and its dependencies.
[2025-12-18 12:23:22.554] [WARN ] [payment-service] [main] [o.s.c.s.PostProcessorRegistrationDelegate$BeanPostProcessorChecker:437] - Bean 'default.org.springframework.cloud.loadbalancer.config.LoadBalancerAutoConfiguration.LoadBalancerClientSpecification' of type [org.springframework.cloud.loadbalancer.annotation.LoadBalancerClientSpecification] is not eligible for getting processed by all BeanPostProcessors (for example: not eligible for auto-proxying). Is this bean getting eagerly injected into a currently created BeanPostProcessor [lbRestClientPostProcessor]? Check the corresponding BeanPostProcessor declaration and its dependencies.
[2025-12-18 12:23:22.558] [WARN ] [payment-service] [main] [o.s.c.s.PostProcessorRegistrationDelegate$BeanPostProcessorChecker:437] - Bean 'default.org.springframework.cloud.loadbalancer.config.BlockingLoadBalancerClientAutoConfiguration.LoadBalancerClientSpecification' of type [org.springframework.cloud.loadbalancer.annotation.LoadBalancerClientSpecification] is not eligible for getting processed by all BeanPostProcessors (for example: not eligible for auto-proxying). Is this bean getting eagerly injected into a currently created BeanPostProcessor [lbRestClientPostProcessor]? Check the corresponding BeanPostProcessor declaration and its dependencies.
[2025-12-18 12:23:22.560] [WARN ] [payment-service] [main] [o.s.c.s.PostProcessorRegistrationDelegate$BeanPostProcessorChecker:437] - Bean 'loadBalancerClientFactory' of type [org.springframework.cloud.loadbalancer.support.LoadBalancerClientFactory] is not eligible for getting processed by all BeanPostProcessors (for example: not eligible for auto-proxying). Is this bean getting eagerly injected into a currently created BeanPostProcessor [lbRestClientPostProcessor]? Check the corresponding BeanPostProcessor declaration and its dependencies.
[2025-12-18 12:23:22.568] [WARN ] [payment-service] [main] [o.s.c.s.PostProcessorRegistrationDelegate$BeanPostProcessorChecker:437] - Bean 'blockingLoadBalancerClient' of type [org.springframework.cloud.loadbalancer.blocking.client.BlockingLoadBalancerClient] is not eligible for getting processed by all BeanPostProcessors (for example: not eligible for auto-proxying). Is this bean getting eagerly injected into a currently created BeanPostProcessor [lbRestClientPostProcessor]? Check the corresponding BeanPostProcessor declaration and its dependencies.
[2025-12-18 12:23:22.582] [WARN ] [payment-service] [main] [o.s.c.s.PostProcessorRegistrationDelegate$BeanPostProcessorChecker:437] - Bean 'loadBalancerServiceInstanceCookieTransformer' of type [org.springframework.cloud.loadbalancer.core.LoadBalancerServiceInstanceCookieTransformer] is not eligible for getting processed by all BeanPostProcessors (for example: not eligible for auto-proxying). Is this bean getting eagerly injected into a currently created BeanPostProcessor [lbRestClientPostProcessor]? Check the corresponding BeanPostProcessor declaration and its dependencies.
[2025-12-18 12:23:22.584] [WARN ] [payment-service] [main] [o.s.c.s.PostProcessorRegistrationDelegate$BeanPostProcessorChecker:437] - Bean 'xForwarderHeadersTransformer' of type [org.springframework.cloud.loadbalancer.blocking.XForwardedHeadersTransformer] is not eligible for getting processed by all BeanPostProcessors (for example: not eligible for auto-proxying). Is this bean getting eagerly injected into a currently created BeanPostProcessor [lbRestClientPostProcessor]? Check the corresponding BeanPostProcessor declaration and its dependencies.
[2025-12-18 12:23:22.587] [WARN ] [payment-service] [main] [o.s.c.s.PostProcessorRegistrationDelegate$BeanPostProcessorChecker:437] - Bean 'org.springframework.cloud.client.loadbalancer.LoadBalancerAutoConfiguration' of type [org.springframework.cloud.client.loadbalancer.LoadBalancerAutoConfiguration] is not eligible for getting processed by all BeanPostProcessors (for example: not eligible for auto-proxying). Is this bean getting eagerly injected into a currently created BeanPostProcessor [lbRestClientPostProcessor]? Check the corresponding BeanPostProcessor declaration and its dependencies.
[2025-12-18 12:23:22.591] [WARN ] [payment-service] [main] [o.s.c.s.PostProcessorRegistrationDelegate$BeanPostProcessorChecker:437] - Bean 'loadBalancerRequestFactory' of type [org.springframework.cloud.client.loadbalancer.LoadBalancerRequestFactory] is not eligible for getting processed by all BeanPostProcessors (for example: not eligible for auto-proxying). Is this bean getting eagerly injected into a currently created BeanPostProcessor [lbRestClientPostProcessor]? Check the corresponding BeanPostProcessor declaration and its dependencies.
[2025-12-18 12:23:22.593] [WARN ] [payment-service] [main] [o.s.c.s.PostProcessorRegistrationDelegate$BeanPostProcessorChecker:437] - Bean 'loadBalancerInterceptor' of type [org.springframework.cloud.client.loadbalancer.LoadBalancerInterceptor] is not eligible for getting processed by all BeanPostProcessors (for example: not eligible for auto-proxying). Is this bean getting eagerly injected into a currently created BeanPostProcessor [lbRestClientPostProcessor]? Check the corresponding BeanPostProcessor declaration and its dependencies.
[2025-12-18 12:23:23.049] [INFO ] [payment-service] [main] [o.s.boot.web.embedded.tomcat.TomcatWebServer:109] - Tomcat initialized with port 8066 (http)
[2025-12-18 12:23:23.206] [INFO ] [payment-service] [main] [o.s.b.w.s.c.ServletWebServerApplicationContext:296] - Root WebApplicationContext: initialization completed in 3586 ms
[2025-12-18 12:23:23.699] [INFO ] [payment-service] [main] [org.hibernate.jpa.internal.util.LogHelper:31] - HHH000204: Processing PersistenceUnitInfo [name: default]
[2025-12-18 12:23:23.801] [INFO ] [payment-service] [main] [org.hibernate.Version:44] - HHH000412: Hibernate ORM core version 6.4.4.Final
[2025-12-18 12:23:23.851] [INFO ] [payment-service] [main] [o.hibernate.cache.internal.RegionFactoryInitiator:50] - HHH000026: Second-level cache disabled
[2025-12-18 12:23:24.202] [INFO ] [payment-service] [main] [o.s.o.j.persistenceunit.SpringPersistenceUnitInfo:87] - No LoadTimeWeaver setup: ignoring JPA class transformer
[2025-12-18 12:23:24.246] [INFO ] [payment-service] [main] [com.zaxxer.hikari.HikariDataSource:110] - HikariPool-1 - Starting...
[2025-12-18 12:23:24.464] [INFO ] [payment-service] [main] [com.zaxxer.hikari.pool.HikariPool:565] - HikariPool-1 - Added connection com.mysql.cj.jdbc.ConnectionImpl@31b7112d
[2025-12-18 12:23:24.466] [INFO ] [payment-service] [main] [com.zaxxer.hikari.HikariDataSource:123] - HikariPool-1 - Start completed.
[2025-12-18 12:23:24.529] [WARN ] [payment-service] [main] [org.hibernate.orm.deprecation:153] - HHH90000025: MySQLDialect does not need to be specified explicitly using 'hibernate.dialect' (remove the property setting and it will be selected by default)
[2025-12-18 12:23:25.767] [INFO ] [payment-service] [main] [o.h.e.t.jta.platform.internal.JtaPlatformInitiator:58] - HHH000489: No JTA platform available (set 'hibernate.transaction.jta.platform' to enable JTA platform integration)
[2025-12-18 12:23:25.848] [INFO ] [payment-service] [main] [o.s.orm.jpa.LocalContainerEntityManagerFactoryBean:437] - Initialized JPA EntityManagerFactory for persistence unit 'default'
[2025-12-18 12:23:26.231] [INFO ] [payment-service] [main] [o.s.data.jpa.repository.query.QueryEnhancerFactory:49] - Hibernate is in classpath; If applicable, HQL parser will be used.
[2025-12-18 12:23:26.994] [WARN ] [payment-service] [main] [o.s.b.a.o.j.JpaBaseConfiguration$JpaWebConfiguration:232] - spring.jpa.open-in-view is enabled by default. Therefore, database queries may be performed during view rendering. Explicitly configure spring.jpa.open-in-view to disable this warning
[2025-12-18 12:23:29.449] [WARN ] [payment-service] [main] [o.s.c.l.c.LoadBalancerCacheAutoConfiguration$LoadBalancerCaffeineWarnLogger:94] - Spring Cloud LoadBalancer is currently working with the default cache. While this cache implementation is useful for development and tests, it's recommended to use Caffeine cache in production.You can switch to using Caffeine cache, by adding it and org.springframework.cache.caffeine.CaffeineCacheManager to the classpath.
[2025-12-18 12:23:29.480] [INFO ] [payment-service] [main] [o.s.b.actuate.endpoint.web.EndpointLinksResolver:58] - Exposing 2 endpoint(s) beneath base path '/actuator'
[2025-12-18 12:23:29.606] [INFO ] [payment-service] [main] [o.s.boot.web.embedded.tomcat.TomcatWebServer:241] - Tomcat started on port 8066 (http) with context path ''
[2025-12-18 12:23:29.609] [INFO ] [payment-service] [main] [o.s.c.consul.serviceregistry.ConsulServiceRegistry:65] - Registering service with consul: NewService{id='payment-service-8066', name='payment-service', tags=[], address='192.168.245.1', meta={secure=false}, port=8066, enableTagOverride=null, check=Check{script='null', dockerContainerID='null', shell='null', interval='10s', ttl='null', http='http://192.168.245.1:8066/actuator/health', method='null', header={}, tcp='null', timeout='null', deregisterCriticalServiceAfter='null', tlsSkipVerify=null, status='null', grpc='null', grpcUseTLS=null}, checks=null}
[2025-12-18 12:23:30.020] [INFO ] [payment-service] [main] [com.bcu.edu.PaymentServiceApplication:56] - Started PaymentServiceApplication in 11.896 seconds (process running for 12.843)
[2025-12-18 12:23:30.495] [INFO ] [payment-service] [RMI TCP Connection(5)-26.52.41.123] [org.springframework.web.servlet.DispatcherServlet:532] - Initializing Servlet 'dispatcherServlet'
[2025-12-18 12:23:30.505] [INFO ] [payment-service] [RMI TCP Connection(5)-26.52.41.123] [org.springframework.web.servlet.DispatcherServlet:554] - Completed initialization in 10 ms
[2025-12-18 12:28:26.407] [INFO ] [payment-service] [SpringApplicationShutdownHook] [o.s.c.consul.serviceregistry.ConsulServiceRegistry:89] - Deregistering service with consul: payment-service-8066
[2025-12-18 12:28:26.418] [INFO ] [payment-service] [SpringApplicationShutdownHook] [o.s.orm.jpa.LocalContainerEntityManagerFactoryBean:650] - Closing JPA EntityManagerFactory for persistence unit 'default'
[2025-12-18 12:28:26.420] [INFO ] [payment-service] [SpringApplicationShutdownHook] [com.zaxxer.hikari.HikariDataSource:350] - HikariPool-1 - Shutdown initiated...
[2025-12-18 12:28:26.426] [INFO ] [payment-service] [SpringApplicationShutdownHook] [com.zaxxer.hikari.HikariDataSource:352] - HikariPool-1 - Shutdown completed.
[2025-12-18 15:47:12.378] [INFO ] [payment-service] [main] [com.bcu.edu.PaymentServiceApplication:50] - Starting PaymentServiceApplication using Java 17.0.6 with PID 33944 (E:\E\BYSJ\community-group-buy-backend\PaymentService\target\classes started by Gkr07 in E:\E\BYSJ\community-group-buy-backend)
[2025-12-18 15:47:12.386] [INFO ] [payment-service] [main] [com.bcu.edu.PaymentServiceApplication:654] - No active profile set, falling back to 1 default profile: "default"
[2025-12-18 15:47:14.868] [INFO ] [payment-service] [main] [o.s.d.r.config.RepositoryConfigurationDelegate:139] - Bootstrapping Spring Data JPA repositories in DEFAULT mode.
[2025-12-18 15:47:15.126] [INFO ] [payment-service] [main] [o.s.d.r.config.RepositoryConfigurationDelegate:208] - Finished Spring Data repository scanning in 248 ms. Found 2 JPA repository interfaces.
[2025-12-18 15:47:15.579] [INFO ] [payment-service] [main] [o.springframework.cloud.context.scope.GenericScope:282] - BeanFactory id=c5e24788-f674-3103-acd5-f0c09946e196
[2025-12-18 15:47:16.203] [WARN ] [payment-service] [main] [o.s.c.s.PostProcessorRegistrationDelegate$BeanPostProcessorChecker:429] - Bean 'org.springframework.cloud.client.loadbalancer.LoadBalancerAutoConfiguration$LoadBalancerInterceptorConfig' of type [org.springframework.cloud.client.loadbalancer.LoadBalancerAutoConfiguration$LoadBalancerInterceptorConfig] is not eligible for getting processed by all BeanPostProcessors (for example: not eligible for auto-proxying). The currently created BeanPostProcessor [lbRestClientPostProcessor] is declared through a non-static factory method on that class; consider declaring it as static instead.
[2025-12-18 15:47:16.209] [WARN ] [payment-service] [main] [o.s.c.s.PostProcessorRegistrationDelegate$BeanPostProcessorChecker:437] - Bean 'org.springframework.cloud.loadbalancer.config.BlockingLoadBalancerClientAutoConfiguration' of type [org.springframework.cloud.loadbalancer.config.BlockingLoadBalancerClientAutoConfiguration] is not eligible for getting processed by all BeanPostProcessors (for example: not eligible for auto-proxying). Is this bean getting eagerly injected into a currently created BeanPostProcessor [lbRestClientPostProcessor]? Check the corresponding BeanPostProcessor declaration and its dependencies.
[2025-12-18 15:47:16.212] [WARN ] [payment-service] [main] [o.s.c.s.PostProcessorRegistrationDelegate$BeanPostProcessorChecker:437] - Bean 'org.springframework.cloud.loadbalancer.config.LoadBalancerAutoConfiguration' of type [org.springframework.cloud.loadbalancer.config.LoadBalancerAutoConfiguration] is not eligible for getting processed by all BeanPostProcessors (for example: not eligible for auto-proxying). Is this bean getting eagerly injected into a currently created BeanPostProcessor [lbRestClientPostProcessor]? Check the corresponding BeanPostProcessor declaration and its dependencies.
[2025-12-18 15:47:16.226] [WARN ] [payment-service] [main] [o.s.c.s.PostProcessorRegistrationDelegate$BeanPostProcessorChecker:437] - Bean 'org.springframework.cloud.commons.config.CommonsConfigAutoConfiguration' of type [org.springframework.cloud.commons.config.CommonsConfigAutoConfiguration] is not eligible for getting processed by all BeanPostProcessors (for example: not eligible for auto-proxying). Is this bean getting eagerly injected into a currently created BeanPostProcessor [lbRestClientPostProcessor]? Check the corresponding BeanPostProcessor declaration and its dependencies.
[2025-12-18 15:47:16.230] [WARN ] [payment-service] [main] [o.s.c.s.PostProcessorRegistrationDelegate$BeanPostProcessorChecker:437] - Bean 'org.springframework.cloud.client.loadbalancer.LoadBalancerDefaultMappingsProviderAutoConfiguration' of type [org.springframework.cloud.client.loadbalancer.LoadBalancerDefaultMappingsProviderAutoConfiguration] is not eligible for getting processed by all BeanPostProcessors (for example: not eligible for auto-proxying). Is this bean getting eagerly injected into a currently created BeanPostProcessor [lbRestClientPostProcessor]? Check the corresponding BeanPostProcessor declaration and its dependencies.
[2025-12-18 15:47:16.232] [WARN ] [payment-service] [main] [o.s.c.s.PostProcessorRegistrationDelegate$BeanPostProcessorChecker:437] - Bean 'loadBalancerClientsDefaultsMappingsProvider' of type [org.springframework.cloud.client.loadbalancer.LoadBalancerDefaultMappingsProviderAutoConfiguration$$Lambda$785/0x0000000801166590] is not eligible for getting processed by all BeanPostProcessors (for example: not eligible for auto-proxying). Is this bean getting eagerly injected into a currently created BeanPostProcessor [lbRestClientPostProcessor]? Check the corresponding BeanPostProcessor declaration and its dependencies.
[2025-12-18 15:47:16.237] [WARN ] [payment-service] [main] [o.s.c.s.PostProcessorRegistrationDelegate$BeanPostProcessorChecker:437] - Bean 'defaultsBindHandlerAdvisor' of type [org.springframework.cloud.commons.config.DefaultsBindHandlerAdvisor] is not eligible for getting processed by all BeanPostProcessors (for example: not eligible for auto-proxying). Is this bean getting eagerly injected into a currently created BeanPostProcessor [lbRestClientPostProcessor]? Check the corresponding BeanPostProcessor declaration and its dependencies.
[2025-12-18 15:47:16.248] [WARN ] [payment-service] [main] [o.s.c.s.PostProcessorRegistrationDelegate$BeanPostProcessorChecker:437] - Bean 'spring.cloud.loadbalancer-org.springframework.cloud.client.loadbalancer.LoadBalancerClientsProperties' of type [org.springframework.cloud.client.loadbalancer.LoadBalancerClientsProperties] is not eligible for getting processed by all BeanPostProcessors (for example: not eligible for auto-proxying). Is this bean getting eagerly injected into a currently created BeanPostProcessor [lbRestClientPostProcessor]? Check the corresponding BeanPostProcessor declaration and its dependencies.
[2025-12-18 15:47:16.256] [WARN ] [payment-service] [main] [o.s.c.s.PostProcessorRegistrationDelegate$BeanPostProcessorChecker:437] - Bean 'default.org.springframework.cloud.loadbalancer.config.LoadBalancerAutoConfiguration.LoadBalancerClientSpecification' of type [org.springframework.cloud.loadbalancer.annotation.LoadBalancerClientSpecification] is not eligible for getting processed by all BeanPostProcessors (for example: not eligible for auto-proxying). Is this bean getting eagerly injected into a currently created BeanPostProcessor [lbRestClientPostProcessor]? Check the corresponding BeanPostProcessor declaration and its dependencies.
[2025-12-18 15:47:16.260] [WARN ] [payment-service] [main] [o.s.c.s.PostProcessorRegistrationDelegate$BeanPostProcessorChecker:437] - Bean 'default.org.springframework.cloud.loadbalancer.config.BlockingLoadBalancerClientAutoConfiguration.LoadBalancerClientSpecification' of type [org.springframework.cloud.loadbalancer.annotation.LoadBalancerClientSpecification] is not eligible for getting processed by all BeanPostProcessors (for example: not eligible for auto-proxying). Is this bean getting eagerly injected into a currently created BeanPostProcessor [lbRestClientPostProcessor]? Check the corresponding BeanPostProcessor declaration and its dependencies.
[2025-12-18 15:47:16.263] [WARN ] [payment-service] [main] [o.s.c.s.PostProcessorRegistrationDelegate$BeanPostProcessorChecker:437] - Bean 'loadBalancerClientFactory' of type [org.springframework.cloud.loadbalancer.support.LoadBalancerClientFactory] is not eligible for getting processed by all BeanPostProcessors (for example: not eligible for auto-proxying). Is this bean getting eagerly injected into a currently created BeanPostProcessor [lbRestClientPostProcessor]? Check the corresponding BeanPostProcessor declaration and its dependencies.
[2025-12-18 15:47:16.272] [WARN ] [payment-service] [main] [o.s.c.s.PostProcessorRegistrationDelegate$BeanPostProcessorChecker:437] - Bean 'blockingLoadBalancerClient' of type [org.springframework.cloud.loadbalancer.blocking.client.BlockingLoadBalancerClient] is not eligible for getting processed by all BeanPostProcessors (for example: not eligible for auto-proxying). Is this bean getting eagerly injected into a currently created BeanPostProcessor [lbRestClientPostProcessor]? Check the corresponding BeanPostProcessor declaration and its dependencies.
[2025-12-18 15:47:16.284] [WARN ] [payment-service] [main] [o.s.c.s.PostProcessorRegistrationDelegate$BeanPostProcessorChecker:437] - Bean 'loadBalancerServiceInstanceCookieTransformer' of type [org.springframework.cloud.loadbalancer.core.LoadBalancerServiceInstanceCookieTransformer] is not eligible for getting processed by all BeanPostProcessors (for example: not eligible for auto-proxying). Is this bean getting eagerly injected into a currently created BeanPostProcessor [lbRestClientPostProcessor]? Check the corresponding BeanPostProcessor declaration and its dependencies.
[2025-12-18 15:47:16.290] [WARN ] [payment-service] [main] [o.s.c.s.PostProcessorRegistrationDelegate$BeanPostProcessorChecker:437] - Bean 'xForwarderHeadersTransformer' of type [org.springframework.cloud.loadbalancer.blocking.XForwardedHeadersTransformer] is not eligible for getting processed by all BeanPostProcessors (for example: not eligible for auto-proxying). Is this bean getting eagerly injected into a currently created BeanPostProcessor [lbRestClientPostProcessor]? Check the corresponding BeanPostProcessor declaration and its dependencies.
[2025-12-18 15:47:16.292] [WARN ] [payment-service] [main] [o.s.c.s.PostProcessorRegistrationDelegate$BeanPostProcessorChecker:437] - Bean 'org.springframework.cloud.client.loadbalancer.LoadBalancerAutoConfiguration' of type [org.springframework.cloud.client.loadbalancer.LoadBalancerAutoConfiguration] is not eligible for getting processed by all BeanPostProcessors (for example: not eligible for auto-proxying). Is this bean getting eagerly injected into a currently created BeanPostProcessor [lbRestClientPostProcessor]? Check the corresponding BeanPostProcessor declaration and its dependencies.
[2025-12-18 15:47:16.296] [WARN ] [payment-service] [main] [o.s.c.s.PostProcessorRegistrationDelegate$BeanPostProcessorChecker:437] - Bean 'loadBalancerRequestFactory' of type [org.springframework.cloud.client.loadbalancer.LoadBalancerRequestFactory] is not eligible for getting processed by all BeanPostProcessors (for example: not eligible for auto-proxying). Is this bean getting eagerly injected into a currently created BeanPostProcessor [lbRestClientPostProcessor]? Check the corresponding BeanPostProcessor declaration and its dependencies.
[2025-12-18 15:47:16.299] [WARN ] [payment-service] [main] [o.s.c.s.PostProcessorRegistrationDelegate$BeanPostProcessorChecker:437] - Bean 'loadBalancerInterceptor' of type [org.springframework.cloud.client.loadbalancer.LoadBalancerInterceptor] is not eligible for getting processed by all BeanPostProcessors (for example: not eligible for auto-proxying). Is this bean getting eagerly injected into a currently created BeanPostProcessor [lbRestClientPostProcessor]? Check the corresponding BeanPostProcessor declaration and its dependencies.
[2025-12-18 15:47:16.857] [INFO ] [payment-service] [main] [o.s.boot.web.embedded.tomcat.TomcatWebServer:109] - Tomcat initialized with port 8066 (http)
[2025-12-18 15:47:17.042] [INFO ] [payment-service] [main] [o.s.b.w.s.c.ServletWebServerApplicationContext:296] - Root WebApplicationContext: initialization completed in 4520 ms
[2025-12-18 15:47:17.646] [INFO ] [payment-service] [main] [org.hibernate.jpa.internal.util.LogHelper:31] - HHH000204: Processing PersistenceUnitInfo [name: default]
[2025-12-18 15:47:17.771] [INFO ] [payment-service] [main] [org.hibernate.Version:44] - HHH000412: Hibernate ORM core version 6.4.4.Final
[2025-12-18 15:47:17.836] [INFO ] [payment-service] [main] [o.hibernate.cache.internal.RegionFactoryInitiator:50] - HHH000026: Second-level cache disabled
[2025-12-18 15:47:18.233] [INFO ] [payment-service] [main] [o.s.o.j.persistenceunit.SpringPersistenceUnitInfo:87] - No LoadTimeWeaver setup: ignoring JPA class transformer
[2025-12-18 15:47:18.273] [INFO ] [payment-service] [main] [com.zaxxer.hikari.HikariDataSource:110] - HikariPool-1 - Starting...
[2025-12-18 15:47:18.669] [INFO ] [payment-service] [main] [com.zaxxer.hikari.pool.HikariPool:565] - HikariPool-1 - Added connection com.mysql.cj.jdbc.ConnectionImpl@703a2bc9
[2025-12-18 15:47:18.674] [INFO ] [payment-service] [main] [com.zaxxer.hikari.HikariDataSource:123] - HikariPool-1 - Start completed.
[2025-12-18 15:47:18.789] [WARN ] [payment-service] [main] [org.hibernate.orm.deprecation:153] - HHH90000025: MySQLDialect does not need to be specified explicitly using 'hibernate.dialect' (remove the property setting and it will be selected by default)
[2025-12-18 15:47:20.332] [INFO ] [payment-service] [main] [o.h.e.t.jta.platform.internal.JtaPlatformInitiator:58] - HHH000489: No JTA platform available (set 'hibernate.transaction.jta.platform' to enable JTA platform integration)
[2025-12-18 15:47:20.406] [INFO ] [payment-service] [main] [o.s.orm.jpa.LocalContainerEntityManagerFactoryBean:437] - Initialized JPA EntityManagerFactory for persistence unit 'default'
[2025-12-18 15:47:20.809] [INFO ] [payment-service] [main] [o.s.data.jpa.repository.query.QueryEnhancerFactory:49] - Hibernate is in classpath; If applicable, HQL parser will be used.
[2025-12-18 15:47:21.856] [WARN ] [payment-service] [main] [o.s.b.a.o.j.JpaBaseConfiguration$JpaWebConfiguration:232] - spring.jpa.open-in-view is enabled by default. Therefore, database queries may be performed during view rendering. Explicitly configure spring.jpa.open-in-view to disable this warning
[2025-12-18 15:47:24.368] [WARN ] [payment-service] [main] [o.s.c.l.c.LoadBalancerCacheAutoConfiguration$LoadBalancerCaffeineWarnLogger:94] - Spring Cloud LoadBalancer is currently working with the default cache. While this cache implementation is useful for development and tests, it's recommended to use Caffeine cache in production.You can switch to using Caffeine cache, by adding it and org.springframework.cache.caffeine.CaffeineCacheManager to the classpath.
[2025-12-18 15:47:24.383] [INFO ] [payment-service] [main] [o.s.b.actuate.endpoint.web.EndpointLinksResolver:58] - Exposing 2 endpoint(s) beneath base path '/actuator'
[2025-12-18 15:47:24.498] [INFO ] [payment-service] [main] [o.s.boot.web.embedded.tomcat.TomcatWebServer:241] - Tomcat started on port 8066 (http) with context path ''
[2025-12-18 15:47:24.501] [INFO ] [payment-service] [main] [o.s.c.consul.serviceregistry.ConsulServiceRegistry:65] - Registering service with consul: NewService{id='payment-service-8066', name='payment-service', tags=[], address='192.168.245.1', meta={secure=false}, port=8066, enableTagOverride=null, check=Check{script='null', dockerContainerID='null', shell='null', interval='10s', ttl='null', http='http://192.168.245.1:8066/actuator/health', method='null', header={}, tcp='null', timeout='null', deregisterCriticalServiceAfter='null', tlsSkipVerify=null, status='null', grpc='null', grpcUseTLS=null}, checks=null}
[2025-12-18 15:47:24.937] [INFO ] [payment-service] [main] [com.bcu.edu.PaymentServiceApplication:56] - Started PaymentServiceApplication in 15.681 seconds (process running for 17.051)
[2025-12-18 15:47:25.316] [INFO ] [payment-service] [RMI TCP Connection(4)-26.52.41.123] [org.springframework.web.servlet.DispatcherServlet:532] - Initializing Servlet 'dispatcherServlet'
[2025-12-18 15:47:25.322] [INFO ] [payment-service] [RMI TCP Connection(4)-26.52.41.123] [org.springframework.web.servlet.DispatcherServlet:554] - Completed initialization in 5 ms
[2025-12-18 15:48:46.303] [INFO ] [payment-service] [http-nio-8066-exec-9] [com.bcu.edu.controller.AdminPaymentController:81] - 管理端查询支付记录: page=0, size=20, payType=null, payStatus=null, recordType=null, keyword=null, startDate=null, endDate=null
[2025-12-18 15:48:46.306] [INFO ] [payment-service] [http-nio-8066-exec-9] [com.bcu.edu.service.PaymentService:455] - 管理端查询支付记录: payType=null, payStatus=null, recordType=null, keyword=null
[2025-12-18 15:48:46.449] [INFO ] [payment-service] [http-nio-8066-exec-9] [com.bcu.edu.controller.AdminPaymentController:96] - 查询成功: 总记录数=66, 当前页记录数=20
[2025-12-18 16:24:48.184] [INFO ] [payment-service] [http-nio-8066-exec-7] [com.bcu.edu.controller.AdminPaymentController:81] - 管理端查询支付记录: page=0, size=20, payType=null, payStatus=null, recordType=null, keyword=null, startDate=null, endDate=null
[2025-12-18 16:24:48.185] [INFO ] [payment-service] [http-nio-8066-exec-7] [com.bcu.edu.service.PaymentService:455] - 管理端查询支付记录: payType=null, payStatus=null, recordType=null, keyword=null
[2025-12-18 16:24:48.198] [INFO ] [payment-service] [http-nio-8066-exec-7] [com.bcu.edu.controller.AdminPaymentController:96] - 查询成功: 总记录数=66, 当前页记录数=20
[2025-12-18 17:08:19.881] [INFO ] [payment-service] [http-nio-8066-exec-10] [com.bcu.edu.controller.PaymentController:68] - 用户发起支付: userId=3, orderId=69, payType=3, amount=14.00
[2025-12-18 17:08:19.887] [INFO ] [payment-service] [http-nio-8066-exec-10] [com.bcu.edu.service.PaymentService:89] - 开始创建支付: userId=3, orderId=69, payType=3, amount=14.00
[2025-12-18 17:08:20.182] [INFO ] [payment-service] [http-nio-8066-exec-10] [com.bcu.edu.service.PaymentService:107] - 支付记录已创建: payId=69
[2025-12-18 17:08:20.183] [INFO ] [payment-service] [http-nio-8066-exec-10] [com.bcu.edu.service.PaymentService:146] - 开始余额支付: userId=3, amount=14.00
[2025-12-18 17:08:20.316] [INFO ] [payment-service] [http-nio-8066-exec-10] [com.bcu.edu.service.PaymentService:159] - 余额支付成功: payId=69, userId=3, sagaId=PAY_69
[2025-12-18 17:08:20.316] [INFO ] [payment-service] [http-nio-8066-exec-10] [com.bcu.edu.service.PaymentService:197] - 开始处理支付成功后逻辑: orderId=69, payId=69
[2025-12-18 17:08:20.355] [INFO ] [payment-service] [http-nio-8066-exec-10] [com.bcu.edu.service.PaymentService:206] - 订单支付状态已更新: orderId=69
[2025-12-18 17:08:20.365] [INFO ] [payment-service] [http-nio-8066-exec-10] [com.bcu.edu.service.PaymentService:218] - 检测到拼团订单，调用GroupBuyService支付回调: orderId=69
[2025-12-18 17:08:20.399] [INFO ] [payment-service] [http-nio-8066-exec-10] [com.bcu.edu.service.PaymentService:222] - GroupBuyService支付回调成功: orderId=69
[2025-12-18 17:08:20.400] [INFO ] [payment-service] [http-nio-8066-exec-10] [com.bcu.edu.service.PaymentService:232] - 支付成功后处理完成: orderId=69, payId=69
[2025-12-18 17:09:20.396] [INFO ] [payment-service] [http-nio-8066-exec-7] [com.bcu.edu.controller.PaymentController:68] - 用户发起支付: userId=4, orderId=70, payType=3, amount=14
[2025-12-18 17:09:20.397] [INFO ] [payment-service] [http-nio-8066-exec-7] [com.bcu.edu.service.PaymentService:89] - 开始创建支付: userId=4, orderId=70, payType=3, amount=14
[2025-12-18 17:09:20.400] [INFO ] [payment-service] [http-nio-8066-exec-7] [com.bcu.edu.service.PaymentService:107] - 支付记录已创建: payId=70
[2025-12-18 17:09:20.400] [INFO ] [payment-service] [http-nio-8066-exec-7] [com.bcu.edu.service.PaymentService:146] - 开始余额支付: userId=4, amount=14
[2025-12-18 17:09:20.410] [INFO ] [payment-service] [http-nio-8066-exec-7] [com.bcu.edu.service.PaymentService:159] - 余额支付成功: payId=70, userId=4, sagaId=PAY_70
[2025-12-18 17:09:20.411] [INFO ] [payment-service] [http-nio-8066-exec-7] [com.bcu.edu.service.PaymentService:197] - 开始处理支付成功后逻辑: orderId=70, payId=70
[2025-12-18 17:09:20.425] [INFO ] [payment-service] [http-nio-8066-exec-7] [com.bcu.edu.service.PaymentService:206] - 订单支付状态已更新: orderId=70
[2025-12-18 17:09:20.430] [INFO ] [payment-service] [http-nio-8066-exec-7] [com.bcu.edu.service.PaymentService:218] - 检测到拼团订单，调用GroupBuyService支付回调: orderId=70
[2025-12-18 17:09:20.471] [INFO ] [payment-service] [http-nio-8066-exec-7] [com.bcu.edu.service.PaymentService:222] - GroupBuyService支付回调成功: orderId=70
[2025-12-18 17:09:20.472] [INFO ] [payment-service] [http-nio-8066-exec-7] [com.bcu.edu.service.PaymentService:232] - 支付成功后处理完成: orderId=70, payId=70
[2025-12-18 17:09:33.797] [INFO ] [payment-service] [http-nio-8066-exec-10] [com.bcu.edu.controller.AdminPaymentController:81] - 管理端查询支付记录: page=0, size=20, payType=null, payStatus=null, recordType=null, keyword=null, startDate=null, endDate=null
[2025-12-18 17:09:33.797] [INFO ] [payment-service] [http-nio-8066-exec-10] [com.bcu.edu.service.PaymentService:455] - 管理端查询支付记录: payType=null, payStatus=null, recordType=null, keyword=null
[2025-12-18 17:09:33.807] [INFO ] [payment-service] [http-nio-8066-exec-10] [com.bcu.edu.controller.AdminPaymentController:96] - 查询成功: 总记录数=68, 当前页记录数=20
[2025-12-18 17:38:37.739] [INFO ] [payment-service] [http-nio-8066-exec-7] [com.bcu.edu.controller.PaymentController:68] - 用户发起支付: userId=3, orderId=71, payType=3, amount=9.90
[2025-12-18 17:38:37.741] [INFO ] [payment-service] [http-nio-8066-exec-7] [com.bcu.edu.service.PaymentService:89] - 开始创建支付: userId=3, orderId=71, payType=3, amount=9.90
[2025-12-18 17:38:37.746] [INFO ] [payment-service] [http-nio-8066-exec-7] [com.bcu.edu.service.PaymentService:107] - 支付记录已创建: payId=71
[2025-12-18 17:38:37.747] [INFO ] [payment-service] [http-nio-8066-exec-7] [com.bcu.edu.service.PaymentService:146] - 开始余额支付: userId=3, amount=9.90
[2025-12-18 17:38:37.761] [INFO ] [payment-service] [http-nio-8066-exec-7] [com.bcu.edu.service.PaymentService:159] - 余额支付成功: payId=71, userId=3, sagaId=PAY_71
[2025-12-18 17:38:37.761] [INFO ] [payment-service] [http-nio-8066-exec-7] [com.bcu.edu.service.PaymentService:197] - 开始处理支付成功后逻辑: orderId=71, payId=71
[2025-12-18 17:38:37.846] [INFO ] [payment-service] [http-nio-8066-exec-7] [com.bcu.edu.service.PaymentService:206] - 订单支付状态已更新: orderId=71
[2025-12-18 17:38:37.908] [INFO ] [payment-service] [http-nio-8066-exec-7] [com.bcu.edu.service.PaymentService:218] - 检测到拼团订单，调用GroupBuyService支付回调: orderId=71
[2025-12-18 17:38:37.923] [INFO ] [payment-service] [http-nio-8066-exec-7] [com.bcu.edu.service.PaymentService:222] - GroupBuyService支付回调成功: orderId=71
[2025-12-18 17:38:37.923] [INFO ] [payment-service] [http-nio-8066-exec-7] [com.bcu.edu.service.PaymentService:232] - 支付成功后处理完成: orderId=71, payId=71
[2025-12-18 17:39:01.438] [INFO ] [payment-service] [http-nio-8066-exec-10] [com.bcu.edu.controller.PaymentController:68] - 用户发起支付: userId=4, orderId=72, payType=3, amount=9.9
[2025-12-18 17:39:01.439] [INFO ] [payment-service] [http-nio-8066-exec-10] [com.bcu.edu.service.PaymentService:89] - 开始创建支付: userId=4, orderId=72, payType=3, amount=9.9
[2025-12-18 17:39:01.441] [INFO ] [payment-service] [http-nio-8066-exec-10] [com.bcu.edu.service.PaymentService:107] - 支付记录已创建: payId=72
[2025-12-18 17:39:01.441] [INFO ] [payment-service] [http-nio-8066-exec-10] [com.bcu.edu.service.PaymentService:146] - 开始余额支付: userId=4, amount=9.9
[2025-12-18 17:39:01.450] [INFO ] [payment-service] [http-nio-8066-exec-10] [com.bcu.edu.service.PaymentService:159] - 余额支付成功: payId=72, userId=4, sagaId=PAY_72
[2025-12-18 17:39:01.450] [INFO ] [payment-service] [http-nio-8066-exec-10] [com.bcu.edu.service.PaymentService:197] - 开始处理支付成功后逻辑: orderId=72, payId=72
[2025-12-18 17:39:01.465] [INFO ] [payment-service] [http-nio-8066-exec-10] [com.bcu.edu.service.PaymentService:206] - 订单支付状态已更新: orderId=72
[2025-12-18 17:39:01.471] [INFO ] [payment-service] [http-nio-8066-exec-10] [com.bcu.edu.service.PaymentService:218] - 检测到拼团订单，调用GroupBuyService支付回调: orderId=72
[2025-12-18 17:39:01.510] [INFO ] [payment-service] [http-nio-8066-exec-10] [com.bcu.edu.service.PaymentService:222] - GroupBuyService支付回调成功: orderId=72
[2025-12-18 17:39:01.511] [INFO ] [payment-service] [http-nio-8066-exec-10] [com.bcu.edu.service.PaymentService:232] - 支付成功后处理完成: orderId=72, payId=72
[2025-12-18 22:17:17.173] [INFO ] [payment-service] [SpringApplicationShutdownHook] [o.s.c.consul.serviceregistry.ConsulServiceRegistry:89] - Deregistering service with consul: payment-service-8066
[2025-12-18 22:17:17.186] [INFO ] [payment-service] [SpringApplicationShutdownHook] [o.s.orm.jpa.LocalContainerEntityManagerFactoryBean:650] - Closing JPA EntityManagerFactory for persistence unit 'default'
[2025-12-18 22:17:17.194] [INFO ] [payment-service] [SpringApplicationShutdownHook] [com.zaxxer.hikari.HikariDataSource:350] - HikariPool-1 - Shutdown initiated...
[2025-12-18 22:17:17.197] [INFO ] [payment-service] [SpringApplicationShutdownHook] [com.zaxxer.hikari.HikariDataSource:352] - HikariPool-1 - Shutdown completed.
