[2025-12-18 12:23:19.536] [DEBUG] [payment-service] [main] [com.bcu.edu.PaymentServiceApplication:51] - Running with Spring Boot v3.2.3, Spring v6.1.4
[2025-12-18 12:23:20.654] [DEBUG] [payment-service] [main] [o.s.cloud.openfeign.FeignClientsRegistrar$1:476] - Identified candidate component class: file [E:\E\BYSJ\community-group-buy-backend\PaymentService\target\classes\com\bcu\edu\client\GroupBuyServiceClient.class]
[2025-12-18 12:23:20.655] [DEBUG] [payment-service] [main] [o.s.cloud.openfeign.FeignClientsRegistrar$1:476] - Identified candidate component class: file [E:\E\BYSJ\community-group-buy-backend\PaymentService\target\classes\com\bcu\edu\client\OrderServiceClient.class]
[2025-12-18 12:23:20.656] [DEBUG] [payment-service] [main] [o.s.cloud.openfeign.FeignClientsRegistrar$1:476] - Identified candidate component class: file [E:\E\BYSJ\community-group-buy-backend\PaymentService\target\classes\com\bcu\edu\client\UserServiceClient.class]
[2025-12-18 12:23:20.657] [DEBUG] [payment-service] [main] [o.s.cloud.openfeign.FeignClientsRegistrar$1:476] - Identified candidate component class: file [E:\E\BYSJ\community-group-buy-backend\common\target\classes\com\bcu\edu\common\feign\LogFeignClient.class]
[2025-12-18 12:23:26.766] [DEBUG] [payment-service] [main] [o.s.cloud.openfeign.FeignClientFactoryBean:124] - Creating a FeignClientFactoryBean.
[2025-12-18 12:23:27.878] [DEBUG] [payment-service] [main] [o.s.cloud.openfeign.FeignClientFactoryBean:124] - Creating a FeignClientFactoryBean.
[2025-12-18 12:23:27.903] [DEBUG] [payment-service] [main] [o.s.cloud.openfeign.FeignClientFactoryBean:124] - Creating a FeignClientFactoryBean.
[2025-12-18 12:23:27.951] [DEBUG] [payment-service] [main] [o.s.cloud.openfeign.FeignClientFactoryBean:124] - Creating a FeignClientFactoryBean.
[2025-12-18 15:47:12.382] [DEBUG] [payment-service] [main] [com.bcu.edu.PaymentServiceApplication:51] - Running with Spring Boot v3.2.3, Spring v6.1.4
[2025-12-18 15:47:14.136] [DEBUG] [payment-service] [main] [o.s.cloud.openfeign.FeignClientsRegistrar$1:476] - Identified candidate component class: file [E:\E\BYSJ\community-group-buy-backend\PaymentService\target\classes\com\bcu\edu\client\GroupBuyServiceClient.class]
[2025-12-18 15:47:14.137] [DEBUG] [payment-service] [main] [o.s.cloud.openfeign.FeignClientsRegistrar$1:476] - Identified candidate component class: file [E:\E\BYSJ\community-group-buy-backend\PaymentService\target\classes\com\bcu\edu\client\OrderServiceClient.class]
[2025-12-18 15:47:14.138] [DEBUG] [payment-service] [main] [o.s.cloud.openfeign.FeignClientsRegistrar$1:476] - Identified candidate component class: file [E:\E\BYSJ\community-group-buy-backend\PaymentService\target\classes\com\bcu\edu\client\UserServiceClient.class]
[2025-12-18 15:47:14.140] [DEBUG] [payment-service] [main] [o.s.cloud.openfeign.FeignClientsRegistrar$1:476] - Identified candidate component class: file [E:\E\BYSJ\community-group-buy-backend\common\target\classes\com\bcu\edu\common\feign\LogFeignClient.class]
[2025-12-18 15:47:21.609] [DEBUG] [payment-service] [main] [o.s.cloud.openfeign.FeignClientFactoryBean:124] - Creating a FeignClientFactoryBean.
[2025-12-18 15:47:22.728] [DEBUG] [payment-service] [main] [o.s.cloud.openfeign.FeignClientFactoryBean:124] - Creating a FeignClientFactoryBean.
[2025-12-18 15:47:22.750] [DEBUG] [payment-service] [main] [o.s.cloud.openfeign.FeignClientFactoryBean:124] - Creating a FeignClientFactoryBean.
[2025-12-18 15:47:22.798] [DEBUG] [payment-service] [main] [o.s.cloud.openfeign.FeignClientFactoryBean:124] - Creating a FeignClientFactoryBean.
[2025-12-18 15:48:46.403] [DEBUG] [payment-service] [http-nio-8066-exec-9] [org.hibernate.SQL:135] - 
    select
        pr1_0.pay_id,
        pr1_0.amount,
        pr1_0.create_time,
        pr1_0.encrypt_sign,
        pr1_0.order_id,
        pr1_0.pay_callback_info,
        pr1_0.pay_status,
        pr1_0.pay_type,
        pr1_0.transaction_id,
        pr1_0.user_id,
        pr1_0.wx_transaction_id 
    from
        payment_record pr1_0 
    where
        1=1 
    order by
        pr1_0.create_time desc 
    limit
        ?, ?
[2025-12-18 15:48:46.440] [DEBUG] [payment-service] [http-nio-8066-exec-9] [org.hibernate.SQL:135] - 
    select
        count(pr1_0.pay_id) 
    from
        payment_record pr1_0 
    where
        1=1
[2025-12-18 16:24:48.190] [DEBUG] [payment-service] [http-nio-8066-exec-7] [org.hibernate.SQL:135] - 
    select
        pr1_0.pay_id,
        pr1_0.amount,
        pr1_0.create_time,
        pr1_0.encrypt_sign,
        pr1_0.order_id,
        pr1_0.pay_callback_info,
        pr1_0.pay_status,
        pr1_0.pay_type,
        pr1_0.transaction_id,
        pr1_0.user_id,
        pr1_0.wx_transaction_id 
    from
        payment_record pr1_0 
    where
        1=1 
    order by
        pr1_0.create_time desc 
    limit
        ?, ?
[2025-12-18 16:24:48.195] [DEBUG] [payment-service] [http-nio-8066-exec-7] [org.hibernate.SQL:135] - 
    select
        count(pr1_0.pay_id) 
    from
        payment_record pr1_0 
    where
        1=1
[2025-12-18 17:08:20.168] [DEBUG] [payment-service] [http-nio-8066-exec-10] [org.hibernate.SQL:135] - 
    insert 
    into
        payment_record
        (amount, create_time, encrypt_sign, order_id, pay_callback_info, pay_status, pay_type, transaction_id, user_id, wx_transaction_id) 
    values
        (?, ?, ?, ?, ?, ?, ?, ?, ?, ?)
[2025-12-18 17:08:20.410] [DEBUG] [payment-service] [http-nio-8066-exec-10] [o.s.cloud.openfeign.support.SpringEncoder:214] - Writing [OperationLogDTO(logId=null, userId=null, username=unknown, operation=创建支付, module=支付管理, method=public com.bcu.edu.dto.response.PaymentResponse com.bcu.edu.service.PaymentService.createPayment(com.bcu.edu.dto.request.CreatePaymentRequest,java.lang.Long), params=[{"orderId":69,"payType":3,"amount":14.00},3], result=SUCCESS, errorMsg=null, duration=513, ip=192.168.245.1, createTime=null)] using [org.springframework.http.converter.json.MappingJackson2HttpMessageConverter@29f32a41]
[2025-12-18 17:08:20.421] [DEBUG] [payment-service] [http-nio-8066-exec-10] [com.bcu.edu.common.aspect.OperationLogAspect:113] - 操作日志已通过Feign记录: module=支付管理, operation=创建支付
[2025-12-18 17:08:20.434] [DEBUG] [payment-service] [http-nio-8066-exec-10] [org.hibernate.SQL:135] - 
    update
        payment_record 
    set
        amount=?,
        encrypt_sign=?,
        order_id=?,
        pay_callback_info=?,
        pay_status=?,
        pay_type=?,
        transaction_id=?,
        user_id=?,
        wx_transaction_id=? 
    where
        pay_id=?
[2025-12-18 17:09:20.399] [DEBUG] [payment-service] [http-nio-8066-exec-7] [org.hibernate.SQL:135] - 
    insert 
    into
        payment_record
        (amount, create_time, encrypt_sign, order_id, pay_callback_info, pay_status, pay_type, transaction_id, user_id, wx_transaction_id) 
    values
        (?, ?, ?, ?, ?, ?, ?, ?, ?, ?)
[2025-12-18 17:09:20.502] [DEBUG] [payment-service] [http-nio-8066-exec-7] [o.s.cloud.openfeign.support.SpringEncoder:214] - Writing [OperationLogDTO(logId=null, userId=4, username=33, operation=创建支付, module=支付管理, method=public com.bcu.edu.dto.response.PaymentResponse com.bcu.edu.service.PaymentService.createPayment(com.bcu.edu.dto.request.CreatePaymentRequest,java.lang.Long), params=[{"orderId":70,"payType":3,"amount":14},4], result=SUCCESS, errorMsg=null, duration=75, ip=127.0.0.1, createTime=null)] using [org.springframework.http.converter.json.MappingJackson2HttpMessageConverter@29f32a41]
[2025-12-18 17:09:20.508] [DEBUG] [payment-service] [http-nio-8066-exec-7] [com.bcu.edu.common.aspect.OperationLogAspect:113] - 操作日志已通过Feign记录: module=支付管理, operation=创建支付
[2025-12-18 17:09:20.508] [DEBUG] [payment-service] [http-nio-8066-exec-7] [org.hibernate.SQL:135] - 
    update
        payment_record 
    set
        amount=?,
        encrypt_sign=?,
        order_id=?,
        pay_callback_info=?,
        pay_status=?,
        pay_type=?,
        transaction_id=?,
        user_id=?,
        wx_transaction_id=? 
    where
        pay_id=?
[2025-12-18 17:09:33.801] [DEBUG] [payment-service] [http-nio-8066-exec-10] [org.hibernate.SQL:135] - 
    select
        pr1_0.pay_id,
        pr1_0.amount,
        pr1_0.create_time,
        pr1_0.encrypt_sign,
        pr1_0.order_id,
        pr1_0.pay_callback_info,
        pr1_0.pay_status,
        pr1_0.pay_type,
        pr1_0.transaction_id,
        pr1_0.user_id,
        pr1_0.wx_transaction_id 
    from
        payment_record pr1_0 
    where
        1=1 
    order by
        pr1_0.create_time desc 
    limit
        ?, ?
[2025-12-18 17:09:33.804] [DEBUG] [payment-service] [http-nio-8066-exec-10] [org.hibernate.SQL:135] - 
    select
        count(pr1_0.pay_id) 
    from
        payment_record pr1_0 
    where
        1=1
[2025-12-18 17:38:37.744] [DEBUG] [payment-service] [http-nio-8066-exec-7] [org.hibernate.SQL:135] - 
    insert 
    into
        payment_record
        (amount, create_time, encrypt_sign, order_id, pay_callback_info, pay_status, pay_type, transaction_id, user_id, wx_transaction_id) 
    values
        (?, ?, ?, ?, ?, ?, ?, ?, ?, ?)
[2025-12-18 17:38:37.923] [DEBUG] [payment-service] [http-nio-8066-exec-7] [o.s.cloud.openfeign.support.SpringEncoder:214] - Writing [OperationLogDTO(logId=null, userId=null, username=unknown, operation=创建支付, module=支付管理, method=public com.bcu.edu.dto.response.PaymentResponse com.bcu.edu.service.PaymentService.createPayment(com.bcu.edu.dto.request.CreatePaymentRequest,java.lang.Long), params=[{"orderId":71,"payType":3,"amount":9.90},3], result=SUCCESS, errorMsg=null, duration=182, ip=192.168.245.1, createTime=null)] using [org.springframework.http.converter.json.MappingJackson2HttpMessageConverter@29f32a41]
[2025-12-18 17:38:37.927] [DEBUG] [payment-service] [http-nio-8066-exec-7] [com.bcu.edu.common.aspect.OperationLogAspect:113] - 操作日志已通过Feign记录: module=支付管理, operation=创建支付
[2025-12-18 17:38:37.929] [DEBUG] [payment-service] [http-nio-8066-exec-7] [org.hibernate.SQL:135] - 
    update
        payment_record 
    set
        amount=?,
        encrypt_sign=?,
        order_id=?,
        pay_callback_info=?,
        pay_status=?,
        pay_type=?,
        transaction_id=?,
        user_id=?,
        wx_transaction_id=? 
    where
        pay_id=?
[2025-12-18 17:39:01.440] [DEBUG] [payment-service] [http-nio-8066-exec-10] [org.hibernate.SQL:135] - 
    insert 
    into
        payment_record
        (amount, create_time, encrypt_sign, order_id, pay_callback_info, pay_status, pay_type, transaction_id, user_id, wx_transaction_id) 
    values
        (?, ?, ?, ?, ?, ?, ?, ?, ?, ?)
[2025-12-18 17:39:01.516] [DEBUG] [payment-service] [http-nio-8066-exec-10] [o.s.cloud.openfeign.support.SpringEncoder:214] - Writing [OperationLogDTO(logId=null, userId=4, username=33, operation=创建支付, module=支付管理, method=public com.bcu.edu.dto.response.PaymentResponse com.bcu.edu.service.PaymentService.createPayment(com.bcu.edu.dto.request.CreatePaymentRequest,java.lang.Long), params=[{"orderId":72,"payType":3,"amount":9.9},4], result=SUCCESS, errorMsg=null, duration=72, ip=127.0.0.1, createTime=null)] using [org.springframework.http.converter.json.MappingJackson2HttpMessageConverter@29f32a41]
[2025-12-18 17:39:01.520] [DEBUG] [payment-service] [http-nio-8066-exec-10] [com.bcu.edu.common.aspect.OperationLogAspect:113] - 操作日志已通过Feign记录: module=支付管理, operation=创建支付
[2025-12-18 17:39:01.521] [DEBUG] [payment-service] [http-nio-8066-exec-10] [org.hibernate.SQL:135] - 
    update
        payment_record 
    set
        amount=?,
        encrypt_sign=?,
        order_id=?,
        pay_callback_info=?,
        pay_status=?,
        pay_type=?,
        transaction_id=?,
        user_id=?,
        wx_transaction_id=? 
    where
        pay_id=?
