[2025-11-11 23:30:50.044] [DEBUG] [product-service] [main] [com.bcu.edu.ProductServiceApplication:51] - Running with Spring Boot v3.2.3, Spring v6.1.4
[2025-11-11 23:30:50.854] [DEBUG] [product-service] [main] [o.s.cloud.openfeign.FeignClientsRegistrar$1:476] - Identified candidate component class: file [E:\E\BYSJ\community-group-buy-backend\common\target\classes\com\bcu\edu\common\feign\LogFeignClient.class]
[2025-11-11 23:30:50.863] [DEBUG] [product-service] [main] [o.s.cloud.openfeign.FeignClientsRegistrar$1:476] - Identified candidate component class: file [E:\E\BYSJ\community-group-buy-backend\common\target\classes\com\bcu\edu\common\feign\LogFeignClient.class]
[2025-11-11 23:30:56.302] [DEBUG] [product-service] [main] [o.s.cloud.openfeign.FeignClientFactoryBean:124] - Creating a FeignClientFactoryBean.
[2025-11-11 23:32:09.627] [DEBUG] [product-service] [http-nio-8062-exec-5] [org.hibernate.SQL:135] - 
    select
        pc1_0.category_id,
        pc1_0.category_name,
        pc1_0.parent_id,
        pc1_0.sort,
        pc1_0.status 
    from
        product_category pc1_0 
    where
        pc1_0.status=? 
    order by
        pc1_0.sort
[2025-11-11 23:32:09.627] [DEBUG] [product-service] [http-nio-8062-exec-10] [org.hibernate.SQL:135] - 
    select
        p1_0.product_id,
        p1_0.category_id,
        p1_0.cover_img,
        p1_0.create_time,
        p1_0.detail,
        p1_0.group_price,
        p1_0.price,
        p1_0.product_name,
        p1_0.status,
        p1_0.stock,
        p1_0.update_time 
    from
        product p1_0 
    limit
        ?, ?
[2025-11-11 23:32:09.627] [DEBUG] [product-service] [http-nio-8062-exec-9] [org.hibernate.SQL:135] - 
    select
        count(*) 
    from
        product p1_0
[2025-11-11 23:32:09.658] [DEBUG] [product-service] [http-nio-8062-exec-9] [org.hibernate.SQL:135] - 
    select
        count(p1_0.product_id) 
    from
        product p1_0 
    where
        p1_0.status=?
[2025-11-11 23:32:09.662] [DEBUG] [product-service] [http-nio-8062-exec-9] [org.hibernate.SQL:135] - 
    select
        count(p1_0.product_id) 
    from
        product p1_0 
    where
        p1_0.status=?
[2025-11-11 23:32:09.668] [DEBUG] [product-service] [http-nio-8062-exec-9] [org.hibernate.SQL:135] - 
    select
        p1_0.product_id,
        p1_0.category_id,
        p1_0.cover_img,
        p1_0.create_time,
        p1_0.detail,
        p1_0.group_price,
        p1_0.price,
        p1_0.product_name,
        p1_0.status,
        p1_0.stock,
        p1_0.update_time 
    from
        product p1_0 
    where
        p1_0.stock<=? 
        and p1_0.status=?
[2025-11-11 23:32:09.674] [DEBUG] [product-service] [http-nio-8062-exec-9] [org.hibernate.SQL:135] - 
    select
        count(p1_0.product_id) 
    from
        product p1_0 
    where
        p1_0.create_time between ? and ?
[2025-11-11 23:32:11.048] [DEBUG] [product-service] [http-nio-8062-exec-1] [org.hibernate.SQL:135] - 
    select
        pc1_0.category_id,
        pc1_0.category_name,
        pc1_0.parent_id,
        pc1_0.sort,
        pc1_0.status 
    from
        product_category pc1_0 
    where
        pc1_0.status=? 
    order by
        pc1_0.sort
[2025-11-11 23:32:11.051] [DEBUG] [product-service] [http-nio-8062-exec-2] [org.hibernate.SQL:135] - 
    select
        pc1_0.category_id,
        pc1_0.category_name,
        pc1_0.parent_id,
        pc1_0.sort,
        pc1_0.status 
    from
        product_category pc1_0 
    where
        pc1_0.status=? 
    order by
        pc1_0.sort
[2025-11-11 23:32:12.234] [DEBUG] [product-service] [http-nio-8062-exec-4] [org.hibernate.SQL:135] - 
    select
        p1_0.product_id,
        p1_0.category_id,
        p1_0.cover_img,
        p1_0.create_time,
        p1_0.detail,
        p1_0.group_price,
        p1_0.price,
        p1_0.product_name,
        p1_0.status,
        p1_0.stock,
        p1_0.update_time 
    from
        product p1_0 
    where
        p1_0.product_id=?
[2025-11-11 23:32:12.234] [DEBUG] [product-service] [http-nio-8062-exec-8] [org.hibernate.SQL:135] - 
    select
        p1_0.product_id,
        p1_0.category_id,
        p1_0.cover_img,
        p1_0.create_time,
        p1_0.detail,
        p1_0.group_price,
        p1_0.price,
        p1_0.product_name,
        p1_0.status,
        p1_0.stock,
        p1_0.update_time 
    from
        product p1_0 
    where
        p1_0.product_id=?
[2025-11-11 23:32:12.234] [DEBUG] [product-service] [http-nio-8062-exec-3] [org.hibernate.SQL:135] - 
    select
        p1_0.product_id,
        p1_0.category_id,
        p1_0.cover_img,
        p1_0.create_time,
        p1_0.detail,
        p1_0.group_price,
        p1_0.price,
        p1_0.product_name,
        p1_0.status,
        p1_0.stock,
        p1_0.update_time 
    from
        product p1_0 
    where
        p1_0.product_id=?
[2025-11-11 23:32:21.633] [DEBUG] [product-service] [http-nio-8062-exec-7] [org.hibernate.SQL:135] - 
    select
        p1_0.product_id,
        p1_0.category_id,
        p1_0.cover_img,
        p1_0.create_time,
        p1_0.detail,
        p1_0.group_price,
        p1_0.price,
        p1_0.product_name,
        p1_0.status,
        p1_0.stock,
        p1_0.update_time 
    from
        product p1_0 
    where
        p1_0.product_id=?
[2025-11-11 23:32:21.686] [DEBUG] [product-service] [http-nio-8062-exec-5] [org.hibernate.SQL:135] - 
    select
        p1_0.product_id,
        p1_0.category_id,
        p1_0.cover_img,
        p1_0.create_time,
        p1_0.detail,
        p1_0.group_price,
        p1_0.price,
        p1_0.product_name,
        p1_0.status,
        p1_0.stock,
        p1_0.update_time 
    from
        product p1_0 
    where
        p1_0.product_id=?
[2025-11-11 23:32:24.600] [DEBUG] [product-service] [http-nio-8062-exec-9] [org.hibernate.SQL:135] - 
    select
        p1_0.product_id,
        p1_0.category_id,
        p1_0.cover_img,
        p1_0.create_time,
        p1_0.detail,
        p1_0.group_price,
        p1_0.price,
        p1_0.product_name,
        p1_0.status,
        p1_0.stock,
        p1_0.update_time 
    from
        product p1_0 
    where
        p1_0.product_id=?
[2025-11-11 23:32:24.608] [DEBUG] [product-service] [http-nio-8062-exec-1] [org.hibernate.SQL:135] - 
    select
        p1_0.product_id,
        p1_0.category_id,
        p1_0.cover_img,
        p1_0.create_time,
        p1_0.detail,
        p1_0.group_price,
        p1_0.price,
        p1_0.product_name,
        p1_0.status,
        p1_0.stock,
        p1_0.update_time 
    from
        product p1_0 
    where
        p1_0.product_id=?
[2025-11-11 23:32:27.115] [DEBUG] [product-service] [http-nio-8062-exec-2] [org.hibernate.SQL:135] - 
    select
        p1_0.product_id,
        p1_0.category_id,
        p1_0.cover_img,
        p1_0.create_time,
        p1_0.detail,
        p1_0.group_price,
        p1_0.price,
        p1_0.product_name,
        p1_0.status,
        p1_0.stock,
        p1_0.update_time 
    from
        product p1_0 
    where
        p1_0.product_id=?
[2025-11-11 23:32:27.123] [DEBUG] [product-service] [http-nio-8062-exec-8] [org.hibernate.SQL:135] - 
    select
        p1_0.product_id,
        p1_0.category_id,
        p1_0.cover_img,
        p1_0.create_time,
        p1_0.detail,
        p1_0.group_price,
        p1_0.price,
        p1_0.product_name,
        p1_0.status,
        p1_0.stock,
        p1_0.update_time 
    from
        product p1_0 
    where
        p1_0.product_id=?
[2025-11-11 23:32:34.411] [DEBUG] [product-service] [http-nio-8062-exec-3] [org.hibernate.SQL:135] - 
    select
        p1_0.product_id,
        p1_0.category_id,
        p1_0.cover_img,
        p1_0.create_time,
        p1_0.detail,
        p1_0.group_price,
        p1_0.price,
        p1_0.product_name,
        p1_0.status,
        p1_0.stock,
        p1_0.update_time 
    from
        product p1_0 
    where
        p1_0.product_id=?
[2025-11-11 23:32:34.418] [DEBUG] [product-service] [http-nio-8062-exec-6] [org.hibernate.SQL:135] - 
    select
        p1_0.product_id,
        p1_0.category_id,
        p1_0.cover_img,
        p1_0.create_time,
        p1_0.detail,
        p1_0.group_price,
        p1_0.price,
        p1_0.product_name,
        p1_0.status,
        p1_0.stock,
        p1_0.update_time 
    from
        product p1_0 
    where
        p1_0.product_id=?
[2025-11-11 23:32:34.425] [DEBUG] [product-service] [http-nio-8062-exec-7] [org.hibernate.SQL:135] - 
    select
        p1_0.product_id,
        p1_0.category_id,
        p1_0.cover_img,
        p1_0.create_time,
        p1_0.detail,
        p1_0.group_price,
        p1_0.price,
        p1_0.product_name,
        p1_0.status,
        p1_0.stock,
        p1_0.update_time 
    from
        product p1_0 
    where
        p1_0.product_id=?
[2025-11-11 23:32:34.433] [DEBUG] [product-service] [http-nio-8062-exec-5] [org.hibernate.SQL:135] - 
    select
        p1_0.product_id,
        p1_0.category_id,
        p1_0.cover_img,
        p1_0.create_time,
        p1_0.detail,
        p1_0.group_price,
        p1_0.price,
        p1_0.product_name,
        p1_0.status,
        p1_0.stock,
        p1_0.update_time 
    from
        product p1_0 
    where
        p1_0.product_id=?
[2025-11-11 23:32:34.442] [DEBUG] [product-service] [http-nio-8062-exec-10] [org.hibernate.SQL:135] - 
    select
        p1_0.product_id,
        p1_0.category_id,
        p1_0.cover_img,
        p1_0.create_time,
        p1_0.detail,
        p1_0.group_price,
        p1_0.price,
        p1_0.product_name,
        p1_0.status,
        p1_0.stock,
        p1_0.update_time 
    from
        product p1_0 
    where
        p1_0.product_id=?
[2025-11-11 23:32:34.449] [DEBUG] [product-service] [http-nio-8062-exec-9] [org.hibernate.SQL:135] - 
    select
        p1_0.product_id,
        p1_0.category_id,
        p1_0.cover_img,
        p1_0.create_time,
        p1_0.detail,
        p1_0.group_price,
        p1_0.price,
        p1_0.product_name,
        p1_0.status,
        p1_0.stock,
        p1_0.update_time 
    from
        product p1_0 
    where
        p1_0.product_id=?
[2025-11-11 23:32:34.457] [DEBUG] [product-service] [http-nio-8062-exec-1] [org.hibernate.SQL:135] - 
    select
        p1_0.product_id,
        p1_0.category_id,
        p1_0.cover_img,
        p1_0.create_time,
        p1_0.detail,
        p1_0.group_price,
        p1_0.price,
        p1_0.product_name,
        p1_0.status,
        p1_0.stock,
        p1_0.update_time 
    from
        product p1_0 
    where
        p1_0.product_id=?
[2025-11-11 23:32:34.465] [DEBUG] [product-service] [http-nio-8062-exec-2] [org.hibernate.SQL:135] - 
    select
        p1_0.product_id,
        p1_0.category_id,
        p1_0.cover_img,
        p1_0.create_time,
        p1_0.detail,
        p1_0.group_price,
        p1_0.price,
        p1_0.product_name,
        p1_0.status,
        p1_0.stock,
        p1_0.update_time 
    from
        product p1_0 
    where
        p1_0.product_id=?
[2025-11-11 23:32:42.515] [DEBUG] [product-service] [http-nio-8062-exec-8] [org.hibernate.SQL:135] - 
    select
        p1_0.product_id,
        p1_0.category_id,
        p1_0.cover_img,
        p1_0.create_time,
        p1_0.detail,
        p1_0.group_price,
        p1_0.price,
        p1_0.product_name,
        p1_0.status,
        p1_0.stock,
        p1_0.update_time 
    from
        product p1_0 
    where
        p1_0.product_id=?
[2025-11-11 23:32:42.524] [DEBUG] [product-service] [http-nio-8062-exec-4] [org.hibernate.SQL:135] - 
    select
        p1_0.product_id,
        p1_0.category_id,
        p1_0.cover_img,
        p1_0.create_time,
        p1_0.detail,
        p1_0.group_price,
        p1_0.price,
        p1_0.product_name,
        p1_0.status,
        p1_0.stock,
        p1_0.update_time 
    from
        product p1_0 
    where
        p1_0.product_id=?
[2025-11-11 23:32:43.946] [DEBUG] [product-service] [http-nio-8062-exec-6] [org.hibernate.SQL:135] - 
    select
        p1_0.product_id,
        p1_0.category_id,
        p1_0.cover_img,
        p1_0.create_time,
        p1_0.detail,
        p1_0.group_price,
        p1_0.price,
        p1_0.product_name,
        p1_0.status,
        p1_0.stock,
        p1_0.update_time 
    from
        product p1_0 
    where
        p1_0.product_id=?
[2025-11-11 23:32:53.604] [DEBUG] [product-service] [http-nio-8062-exec-5] [org.hibernate.SQL:135] - 
    select
        p1_0.product_id,
        p1_0.category_id,
        p1_0.cover_img,
        p1_0.create_time,
        p1_0.detail,
        p1_0.group_price,
        p1_0.price,
        p1_0.product_name,
        p1_0.status,
        p1_0.stock,
        p1_0.update_time 
    from
        product p1_0 
    where
        p1_0.product_id=?
[2025-11-11 23:33:00.543] [DEBUG] [product-service] [http-nio-8062-exec-10] [org.hibernate.SQL:135] - 
    select
        p1_0.product_id,
        p1_0.category_id,
        p1_0.cover_img,
        p1_0.create_time,
        p1_0.detail,
        p1_0.group_price,
        p1_0.price,
        p1_0.product_name,
        p1_0.status,
        p1_0.stock,
        p1_0.update_time 
    from
        product p1_0 
    where
        p1_0.product_id=?
[2025-11-11 23:33:09.651] [DEBUG] [product-service] [http-nio-8062-exec-1] [org.hibernate.SQL:135] - 
    select
        p1_0.product_id,
        p1_0.category_id,
        p1_0.cover_img,
        p1_0.create_time,
        p1_0.detail,
        p1_0.group_price,
        p1_0.price,
        p1_0.product_name,
        p1_0.status,
        p1_0.stock,
        p1_0.update_time 
    from
        product p1_0 
    where
        p1_0.product_id=?
[2025-11-11 23:33:09.658] [DEBUG] [product-service] [http-nio-8062-exec-2] [org.hibernate.SQL:135] - 
    select
        p1_0.product_id,
        p1_0.category_id,
        p1_0.cover_img,
        p1_0.create_time,
        p1_0.detail,
        p1_0.group_price,
        p1_0.price,
        p1_0.product_name,
        p1_0.status,
        p1_0.stock,
        p1_0.update_time 
    from
        product p1_0 
    where
        p1_0.product_id=?
[2025-11-11 23:33:11.165] [DEBUG] [product-service] [http-nio-8062-exec-8] [org.hibernate.SQL:135] - 
    select
        p1_0.product_id,
        p1_0.category_id,
        p1_0.cover_img,
        p1_0.create_time,
        p1_0.detail,
        p1_0.group_price,
        p1_0.price,
        p1_0.product_name,
        p1_0.status,
        p1_0.stock,
        p1_0.update_time 
    from
        product p1_0 
    where
        p1_0.product_id=?
[2025-11-11 23:33:13.351] [DEBUG] [product-service] [http-nio-8062-exec-3] [org.hibernate.SQL:135] - 
    select
        p1_0.product_id,
        p1_0.category_id,
        p1_0.cover_img,
        p1_0.create_time,
        p1_0.detail,
        p1_0.group_price,
        p1_0.price,
        p1_0.product_name,
        p1_0.status,
        p1_0.stock,
        p1_0.update_time 
    from
        product p1_0 
    where
        p1_0.product_id=?
[2025-11-11 23:33:30.481] [DEBUG] [product-service] [http-nio-8062-exec-9] [org.hibernate.SQL:135] - 
    select
        p1_0.product_id,
        p1_0.category_id,
        p1_0.cover_img,
        p1_0.create_time,
        p1_0.detail,
        p1_0.group_price,
        p1_0.price,
        p1_0.product_name,
        p1_0.status,
        p1_0.stock,
        p1_0.update_time 
    from
        product p1_0 
    where
        p1_0.product_id=?
[2025-11-11 23:33:30.481] [DEBUG] [product-service] [http-nio-8062-exec-2] [org.hibernate.SQL:135] - 
    select
        p1_0.product_id,
        p1_0.category_id,
        p1_0.cover_img,
        p1_0.create_time,
        p1_0.detail,
        p1_0.group_price,
        p1_0.price,
        p1_0.product_name,
        p1_0.status,
        p1_0.stock,
        p1_0.update_time 
    from
        product p1_0 
    where
        p1_0.product_id=?
[2025-11-11 23:33:30.481] [DEBUG] [product-service] [http-nio-8062-exec-1] [org.hibernate.SQL:135] - 
    select
        p1_0.product_id,
        p1_0.category_id,
        p1_0.cover_img,
        p1_0.create_time,
        p1_0.detail,
        p1_0.group_price,
        p1_0.price,
        p1_0.product_name,
        p1_0.status,
        p1_0.stock,
        p1_0.update_time 
    from
        product p1_0 
    where
        p1_0.product_id=?
[2025-11-11 23:37:35.470] [DEBUG] [product-service] [main] [com.bcu.edu.ProductServiceApplication:51] - Running with Spring Boot v3.2.3, Spring v6.1.4
[2025-11-11 23:37:36.482] [DEBUG] [product-service] [main] [o.s.cloud.openfeign.FeignClientsRegistrar$1:476] - Identified candidate component class: file [E:\E\BYSJ\community-group-buy-backend\common\target\classes\com\bcu\edu\common\feign\LogFeignClient.class]
[2025-11-11 23:37:36.495] [DEBUG] [product-service] [main] [o.s.cloud.openfeign.FeignClientsRegistrar$1:476] - Identified candidate component class: file [E:\E\BYSJ\community-group-buy-backend\common\target\classes\com\bcu\edu\common\feign\LogFeignClient.class]
[2025-11-11 23:37:42.130] [DEBUG] [product-service] [main] [o.s.cloud.openfeign.FeignClientFactoryBean:124] - Creating a FeignClientFactoryBean.
[2025-11-11 23:38:02.117] [DEBUG] [product-service] [http-nio-8062-exec-2] [org.hibernate.SQL:135] - 
    select
        p1_0.product_id,
        p1_0.category_id,
        p1_0.cover_img,
        p1_0.create_time,
        p1_0.detail,
        p1_0.group_price,
        p1_0.price,
        p1_0.product_name,
        p1_0.status,
        p1_0.stock,
        p1_0.update_time 
    from
        product p1_0 
    where
        p1_0.product_id=?
[2025-11-11 23:38:02.197] [DEBUG] [product-service] [http-nio-8062-exec-3] [org.hibernate.SQL:135] - 
    select
        p1_0.product_id,
        p1_0.category_id,
        p1_0.cover_img,
        p1_0.create_time,
        p1_0.detail,
        p1_0.group_price,
        p1_0.price,
        p1_0.product_name,
        p1_0.status,
        p1_0.stock,
        p1_0.update_time 
    from
        product p1_0 
    where
        p1_0.product_id=?
[2025-11-11 23:38:16.862] [DEBUG] [product-service] [http-nio-8062-exec-6] [org.hibernate.SQL:135] - 
    select
        p1_0.product_id,
        p1_0.category_id,
        p1_0.cover_img,
        p1_0.create_time,
        p1_0.detail,
        p1_0.group_price,
        p1_0.price,
        p1_0.product_name,
        p1_0.status,
        p1_0.stock,
        p1_0.update_time 
    from
        product p1_0 
    where
        p1_0.product_id=?
[2025-11-11 23:38:23.414] [DEBUG] [product-service] [http-nio-8062-exec-8] [org.hibernate.SQL:135] - 
    select
        p1_0.product_id,
        p1_0.category_id,
        p1_0.cover_img,
        p1_0.create_time,
        p1_0.detail,
        p1_0.group_price,
        p1_0.price,
        p1_0.product_name,
        p1_0.status,
        p1_0.stock,
        p1_0.update_time 
    from
        product p1_0 
    where
        p1_0.product_id=?
[2025-11-11 23:38:23.423] [DEBUG] [product-service] [http-nio-8062-exec-9] [org.hibernate.SQL:135] - 
    select
        p1_0.product_id,
        p1_0.category_id,
        p1_0.cover_img,
        p1_0.create_time,
        p1_0.detail,
        p1_0.group_price,
        p1_0.price,
        p1_0.product_name,
        p1_0.status,
        p1_0.stock,
        p1_0.update_time 
    from
        product p1_0 
    where
        p1_0.product_id=?
[2025-11-11 23:38:23.433] [DEBUG] [product-service] [http-nio-8062-exec-10] [org.hibernate.SQL:135] - 
    select
        p1_0.product_id,
        p1_0.category_id,
        p1_0.cover_img,
        p1_0.create_time,
        p1_0.detail,
        p1_0.group_price,
        p1_0.price,
        p1_0.product_name,
        p1_0.status,
        p1_0.stock,
        p1_0.update_time 
    from
        product p1_0 
    where
        p1_0.product_id=?
[2025-11-11 23:38:23.443] [DEBUG] [product-service] [http-nio-8062-exec-1] [org.hibernate.SQL:135] - 
    select
        p1_0.product_id,
        p1_0.category_id,
        p1_0.cover_img,
        p1_0.create_time,
        p1_0.detail,
        p1_0.group_price,
        p1_0.price,
        p1_0.product_name,
        p1_0.status,
        p1_0.stock,
        p1_0.update_time 
    from
        product p1_0 
    where
        p1_0.product_id=?
[2025-11-11 23:38:23.452] [DEBUG] [product-service] [http-nio-8062-exec-2] [org.hibernate.SQL:135] - 
    select
        p1_0.product_id,
        p1_0.category_id,
        p1_0.cover_img,
        p1_0.create_time,
        p1_0.detail,
        p1_0.group_price,
        p1_0.price,
        p1_0.product_name,
        p1_0.status,
        p1_0.stock,
        p1_0.update_time 
    from
        product p1_0 
    where
        p1_0.product_id=?
[2025-11-11 23:38:23.461] [DEBUG] [product-service] [http-nio-8062-exec-3] [org.hibernate.SQL:135] - 
    select
        p1_0.product_id,
        p1_0.category_id,
        p1_0.cover_img,
        p1_0.create_time,
        p1_0.detail,
        p1_0.group_price,
        p1_0.price,
        p1_0.product_name,
        p1_0.status,
        p1_0.stock,
        p1_0.update_time 
    from
        product p1_0 
    where
        p1_0.product_id=?
[2025-11-11 23:38:25.475] [DEBUG] [product-service] [http-nio-8062-exec-4] [org.hibernate.SQL:135] - 
    select
        p1_0.product_id,
        p1_0.category_id,
        p1_0.cover_img,
        p1_0.create_time,
        p1_0.detail,
        p1_0.group_price,
        p1_0.price,
        p1_0.product_name,
        p1_0.status,
        p1_0.stock,
        p1_0.update_time 
    from
        product p1_0 
    where
        p1_0.product_id=?
[2025-11-11 23:38:25.483] [DEBUG] [product-service] [http-nio-8062-exec-5] [org.hibernate.SQL:135] - 
    select
        p1_0.product_id,
        p1_0.category_id,
        p1_0.cover_img,
        p1_0.create_time,
        p1_0.detail,
        p1_0.group_price,
        p1_0.price,
        p1_0.product_name,
        p1_0.status,
        p1_0.stock,
        p1_0.update_time 
    from
        product p1_0 
    where
        p1_0.product_id=?
[2025-11-11 23:38:27.992] [DEBUG] [product-service] [http-nio-8062-exec-6] [org.hibernate.SQL:135] - 
    select
        p1_0.product_id,
        p1_0.category_id,
        p1_0.cover_img,
        p1_0.create_time,
        p1_0.detail,
        p1_0.group_price,
        p1_0.price,
        p1_0.product_name,
        p1_0.status,
        p1_0.stock,
        p1_0.update_time 
    from
        product p1_0 
    where
        p1_0.product_id=?
[2025-11-11 23:38:27.999] [DEBUG] [product-service] [http-nio-8062-exec-7] [org.hibernate.SQL:135] - 
    select
        p1_0.product_id,
        p1_0.category_id,
        p1_0.cover_img,
        p1_0.create_time,
        p1_0.detail,
        p1_0.group_price,
        p1_0.price,
        p1_0.product_name,
        p1_0.status,
        p1_0.stock,
        p1_0.update_time 
    from
        product p1_0 
    where
        p1_0.product_id=?
[2025-11-11 23:38:28.007] [DEBUG] [product-service] [http-nio-8062-exec-8] [org.hibernate.SQL:135] - 
    select
        p1_0.product_id,
        p1_0.category_id,
        p1_0.cover_img,
        p1_0.create_time,
        p1_0.detail,
        p1_0.group_price,
        p1_0.price,
        p1_0.product_name,
        p1_0.status,
        p1_0.stock,
        p1_0.update_time 
    from
        product p1_0 
    where
        p1_0.product_id=?
[2025-11-11 23:38:28.015] [DEBUG] [product-service] [http-nio-8062-exec-9] [org.hibernate.SQL:135] - 
    select
        p1_0.product_id,
        p1_0.category_id,
        p1_0.cover_img,
        p1_0.create_time,
        p1_0.detail,
        p1_0.group_price,
        p1_0.price,
        p1_0.product_name,
        p1_0.status,
        p1_0.stock,
        p1_0.update_time 
    from
        product p1_0 
    where
        p1_0.product_id=?
[2025-11-11 23:38:28.022] [DEBUG] [product-service] [http-nio-8062-exec-10] [org.hibernate.SQL:135] - 
    select
        p1_0.product_id,
        p1_0.category_id,
        p1_0.cover_img,
        p1_0.create_time,
        p1_0.detail,
        p1_0.group_price,
        p1_0.price,
        p1_0.product_name,
        p1_0.status,
        p1_0.stock,
        p1_0.update_time 
    from
        product p1_0 
    where
        p1_0.product_id=?
[2025-11-11 23:38:28.031] [DEBUG] [product-service] [http-nio-8062-exec-1] [org.hibernate.SQL:135] - 
    select
        p1_0.product_id,
        p1_0.category_id,
        p1_0.cover_img,
        p1_0.create_time,
        p1_0.detail,
        p1_0.group_price,
        p1_0.price,
        p1_0.product_name,
        p1_0.status,
        p1_0.stock,
        p1_0.update_time 
    from
        product p1_0 
    where
        p1_0.product_id=?
[2025-11-11 23:38:28.039] [DEBUG] [product-service] [http-nio-8062-exec-2] [org.hibernate.SQL:135] - 
    select
        p1_0.product_id,
        p1_0.category_id,
        p1_0.cover_img,
        p1_0.create_time,
        p1_0.detail,
        p1_0.group_price,
        p1_0.price,
        p1_0.product_name,
        p1_0.status,
        p1_0.stock,
        p1_0.update_time 
    from
        product p1_0 
    where
        p1_0.product_id=?
[2025-11-11 23:38:28.048] [DEBUG] [product-service] [http-nio-8062-exec-3] [org.hibernate.SQL:135] - 
    select
        p1_0.product_id,
        p1_0.category_id,
        p1_0.cover_img,
        p1_0.create_time,
        p1_0.detail,
        p1_0.group_price,
        p1_0.price,
        p1_0.product_name,
        p1_0.status,
        p1_0.stock,
        p1_0.update_time 
    from
        product p1_0 
    where
        p1_0.product_id=?
[2025-11-11 23:38:45.694] [DEBUG] [product-service] [http-nio-8062-exec-6] [org.hibernate.SQL:135] - 
    select
        p1_0.product_id,
        p1_0.category_id,
        p1_0.cover_img,
        p1_0.create_time,
        p1_0.detail,
        p1_0.group_price,
        p1_0.price,
        p1_0.product_name,
        p1_0.status,
        p1_0.stock,
        p1_0.update_time 
    from
        product p1_0 
    where
        p1_0.product_id=?
[2025-11-11 23:38:45.702] [DEBUG] [product-service] [http-nio-8062-exec-7] [org.hibernate.SQL:135] - 
    select
        p1_0.product_id,
        p1_0.category_id,
        p1_0.cover_img,
        p1_0.create_time,
        p1_0.detail,
        p1_0.group_price,
        p1_0.price,
        p1_0.product_name,
        p1_0.status,
        p1_0.stock,
        p1_0.update_time 
    from
        product p1_0 
    where
        p1_0.product_id=?
[2025-11-11 23:38:51.361] [DEBUG] [product-service] [http-nio-8062-exec-8] [org.hibernate.SQL:135] - 
    select
        p1_0.product_id,
        p1_0.category_id,
        p1_0.cover_img,
        p1_0.create_time,
        p1_0.detail,
        p1_0.group_price,
        p1_0.price,
        p1_0.product_name,
        p1_0.status,
        p1_0.stock,
        p1_0.update_time 
    from
        product p1_0 
    where
        p1_0.product_id=?
[2025-11-11 23:38:51.368] [DEBUG] [product-service] [http-nio-8062-exec-9] [org.hibernate.SQL:135] - 
    select
        p1_0.product_id,
        p1_0.category_id,
        p1_0.cover_img,
        p1_0.create_time,
        p1_0.detail,
        p1_0.group_price,
        p1_0.price,
        p1_0.product_name,
        p1_0.status,
        p1_0.stock,
        p1_0.update_time 
    from
        product p1_0 
    where
        p1_0.product_id=?
[2025-11-11 23:38:51.375] [DEBUG] [product-service] [http-nio-8062-exec-10] [org.hibernate.SQL:135] - 
    select
        p1_0.product_id,
        p1_0.category_id,
        p1_0.cover_img,
        p1_0.create_time,
        p1_0.detail,
        p1_0.group_price,
        p1_0.price,
        p1_0.product_name,
        p1_0.status,
        p1_0.stock,
        p1_0.update_time 
    from
        product p1_0 
    where
        p1_0.product_id=?
[2025-11-11 23:38:51.382] [DEBUG] [product-service] [http-nio-8062-exec-1] [org.hibernate.SQL:135] - 
    select
        p1_0.product_id,
        p1_0.category_id,
        p1_0.cover_img,
        p1_0.create_time,
        p1_0.detail,
        p1_0.group_price,
        p1_0.price,
        p1_0.product_name,
        p1_0.status,
        p1_0.stock,
        p1_0.update_time 
    from
        product p1_0 
    where
        p1_0.product_id=?
[2025-11-11 23:38:51.390] [DEBUG] [product-service] [http-nio-8062-exec-2] [org.hibernate.SQL:135] - 
    select
        p1_0.product_id,
        p1_0.category_id,
        p1_0.cover_img,
        p1_0.create_time,
        p1_0.detail,
        p1_0.group_price,
        p1_0.price,
        p1_0.product_name,
        p1_0.status,
        p1_0.stock,
        p1_0.update_time 
    from
        product p1_0 
    where
        p1_0.product_id=?
[2025-11-11 23:38:51.396] [DEBUG] [product-service] [http-nio-8062-exec-3] [org.hibernate.SQL:135] - 
    select
        p1_0.product_id,
        p1_0.category_id,
        p1_0.cover_img,
        p1_0.create_time,
        p1_0.detail,
        p1_0.group_price,
        p1_0.price,
        p1_0.product_name,
        p1_0.status,
        p1_0.stock,
        p1_0.update_time 
    from
        product p1_0 
    where
        p1_0.product_id=?
[2025-11-11 23:38:51.403] [DEBUG] [product-service] [http-nio-8062-exec-4] [org.hibernate.SQL:135] - 
    select
        p1_0.product_id,
        p1_0.category_id,
        p1_0.cover_img,
        p1_0.create_time,
        p1_0.detail,
        p1_0.group_price,
        p1_0.price,
        p1_0.product_name,
        p1_0.status,
        p1_0.stock,
        p1_0.update_time 
    from
        product p1_0 
    where
        p1_0.product_id=?
[2025-11-11 23:38:51.411] [DEBUG] [product-service] [http-nio-8062-exec-5] [org.hibernate.SQL:135] - 
    select
        p1_0.product_id,
        p1_0.category_id,
        p1_0.cover_img,
        p1_0.create_time,
        p1_0.detail,
        p1_0.group_price,
        p1_0.price,
        p1_0.product_name,
        p1_0.status,
        p1_0.stock,
        p1_0.update_time 
    from
        product p1_0 
    where
        p1_0.product_id=?
[2025-11-11 23:38:56.046] [DEBUG] [product-service] [http-nio-8062-exec-7] [org.hibernate.SQL:135] - 
    select
        p1_0.product_id,
        p1_0.category_id,
        p1_0.cover_img,
        p1_0.create_time,
        p1_0.detail,
        p1_0.group_price,
        p1_0.price,
        p1_0.product_name,
        p1_0.status,
        p1_0.stock,
        p1_0.update_time 
    from
        product p1_0 
    where
        p1_0.product_id=?
[2025-11-11 23:40:31.371] [DEBUG] [product-service] [http-nio-8062-exec-8] [org.hibernate.SQL:135] - 
    select
        p1_0.product_id,
        p1_0.category_id,
        p1_0.cover_img,
        p1_0.create_time,
        p1_0.detail,
        p1_0.group_price,
        p1_0.price,
        p1_0.product_name,
        p1_0.status,
        p1_0.stock,
        p1_0.update_time 
    from
        product p1_0 
    where
        p1_0.product_id=?
[2025-11-11 23:40:31.371] [DEBUG] [product-service] [http-nio-8062-exec-9] [org.hibernate.SQL:135] - 
    select
        p1_0.product_id,
        p1_0.category_id,
        p1_0.cover_img,
        p1_0.create_time,
        p1_0.detail,
        p1_0.group_price,
        p1_0.price,
        p1_0.product_name,
        p1_0.status,
        p1_0.stock,
        p1_0.update_time 
    from
        product p1_0 
    where
        p1_0.product_id=?
[2025-11-11 23:40:31.373] [DEBUG] [product-service] [http-nio-8062-exec-10] [org.hibernate.SQL:135] - 
    select
        p1_0.product_id,
        p1_0.category_id,
        p1_0.cover_img,
        p1_0.create_time,
        p1_0.detail,
        p1_0.group_price,
        p1_0.price,
        p1_0.product_name,
        p1_0.status,
        p1_0.stock,
        p1_0.update_time 
    from
        product p1_0 
    where
        p1_0.product_id=?
[2025-11-11 23:40:43.561] [DEBUG] [product-service] [http-nio-8062-exec-3] [org.hibernate.SQL:135] - 
    select
        p1_0.product_id,
        p1_0.category_id,
        p1_0.cover_img,
        p1_0.create_time,
        p1_0.detail,
        p1_0.group_price,
        p1_0.price,
        p1_0.product_name,
        p1_0.status,
        p1_0.stock,
        p1_0.update_time 
    from
        product p1_0 
    where
        p1_0.product_id=?
[2025-11-11 23:40:43.561] [DEBUG] [product-service] [http-nio-8062-exec-4] [org.hibernate.SQL:135] - 
    select
        p1_0.product_id,
        p1_0.category_id,
        p1_0.cover_img,
        p1_0.create_time,
        p1_0.detail,
        p1_0.group_price,
        p1_0.price,
        p1_0.product_name,
        p1_0.status,
        p1_0.stock,
        p1_0.update_time 
    from
        product p1_0 
    where
        p1_0.product_id=?
[2025-11-11 23:40:43.561] [DEBUG] [product-service] [http-nio-8062-exec-5] [org.hibernate.SQL:135] - 
    select
        p1_0.product_id,
        p1_0.category_id,
        p1_0.cover_img,
        p1_0.create_time,
        p1_0.detail,
        p1_0.group_price,
        p1_0.price,
        p1_0.product_name,
        p1_0.status,
        p1_0.stock,
        p1_0.update_time 
    from
        product p1_0 
    where
        p1_0.product_id=?
[2025-11-11 23:41:20.961] [DEBUG] [product-service] [http-nio-8062-exec-10] [org.hibernate.SQL:135] - 
    select
        p1_0.product_id,
        p1_0.category_id,
        p1_0.cover_img,
        p1_0.create_time,
        p1_0.detail,
        p1_0.group_price,
        p1_0.price,
        p1_0.product_name,
        p1_0.status,
        p1_0.stock,
        p1_0.update_time 
    from
        product p1_0 
    where
        p1_0.product_id=?
[2025-11-11 23:41:20.967] [DEBUG] [product-service] [http-nio-8062-exec-9] [org.hibernate.SQL:135] - 
    select
        p1_0.product_id,
        p1_0.category_id,
        p1_0.cover_img,
        p1_0.create_time,
        p1_0.detail,
        p1_0.group_price,
        p1_0.price,
        p1_0.product_name,
        p1_0.status,
        p1_0.stock,
        p1_0.update_time 
    from
        product p1_0 
    where
        p1_0.product_id=?
[2025-11-11 23:41:20.972] [DEBUG] [product-service] [http-nio-8062-exec-1] [org.hibernate.SQL:135] - 
    select
        p1_0.product_id,
        p1_0.category_id,
        p1_0.cover_img,
        p1_0.create_time,
        p1_0.detail,
        p1_0.group_price,
        p1_0.price,
        p1_0.product_name,
        p1_0.status,
        p1_0.stock,
        p1_0.update_time 
    from
        product p1_0 
    where
        p1_0.product_id=?
[2025-11-11 23:41:20.978] [DEBUG] [product-service] [http-nio-8062-exec-2] [org.hibernate.SQL:135] - 
    select
        p1_0.product_id,
        p1_0.category_id,
        p1_0.cover_img,
        p1_0.create_time,
        p1_0.detail,
        p1_0.group_price,
        p1_0.price,
        p1_0.product_name,
        p1_0.status,
        p1_0.stock,
        p1_0.update_time 
    from
        product p1_0 
    where
        p1_0.product_id=?
[2025-11-11 23:41:20.984] [DEBUG] [product-service] [http-nio-8062-exec-5] [org.hibernate.SQL:135] - 
    select
        p1_0.product_id,
        p1_0.category_id,
        p1_0.cover_img,
        p1_0.create_time,
        p1_0.detail,
        p1_0.group_price,
        p1_0.price,
        p1_0.product_name,
        p1_0.status,
        p1_0.stock,
        p1_0.update_time 
    from
        product p1_0 
    where
        p1_0.product_id=?
[2025-11-11 23:41:20.989] [DEBUG] [product-service] [http-nio-8062-exec-3] [org.hibernate.SQL:135] - 
    select
        p1_0.product_id,
        p1_0.category_id,
        p1_0.cover_img,
        p1_0.create_time,
        p1_0.detail,
        p1_0.group_price,
        p1_0.price,
        p1_0.product_name,
        p1_0.status,
        p1_0.stock,
        p1_0.update_time 
    from
        product p1_0 
    where
        p1_0.product_id=?
[2025-11-11 23:41:20.995] [DEBUG] [product-service] [http-nio-8062-exec-4] [org.hibernate.SQL:135] - 
    select
        p1_0.product_id,
        p1_0.category_id,
        p1_0.cover_img,
        p1_0.create_time,
        p1_0.detail,
        p1_0.group_price,
        p1_0.price,
        p1_0.product_name,
        p1_0.status,
        p1_0.stock,
        p1_0.update_time 
    from
        product p1_0 
    where
        p1_0.product_id=?
[2025-11-11 23:41:21.001] [DEBUG] [product-service] [http-nio-8062-exec-6] [org.hibernate.SQL:135] - 
    select
        p1_0.product_id,
        p1_0.category_id,
        p1_0.cover_img,
        p1_0.create_time,
        p1_0.detail,
        p1_0.group_price,
        p1_0.price,
        p1_0.product_name,
        p1_0.status,
        p1_0.stock,
        p1_0.update_time 
    from
        product p1_0 
    where
        p1_0.product_id=?
[2025-11-11 23:41:23.173] [DEBUG] [product-service] [http-nio-8062-exec-8] [org.hibernate.SQL:135] - 
    select
        p1_0.product_id,
        p1_0.category_id,
        p1_0.cover_img,
        p1_0.create_time,
        p1_0.detail,
        p1_0.group_price,
        p1_0.price,
        p1_0.product_name,
        p1_0.status,
        p1_0.stock,
        p1_0.update_time 
    from
        product p1_0 
    where
        p1_0.product_id=?
[2025-11-11 23:41:30.614] [DEBUG] [product-service] [http-nio-8062-exec-10] [org.hibernate.SQL:135] - 
    select
        p1_0.product_id,
        p1_0.category_id,
        p1_0.cover_img,
        p1_0.create_time,
        p1_0.detail,
        p1_0.group_price,
        p1_0.price,
        p1_0.product_name,
        p1_0.status,
        p1_0.stock,
        p1_0.update_time 
    from
        product p1_0 
    where
        p1_0.product_id=?
[2025-11-11 23:41:30.620] [DEBUG] [product-service] [http-nio-8062-exec-9] [org.hibernate.SQL:135] - 
    select
        p1_0.product_id,
        p1_0.category_id,
        p1_0.cover_img,
        p1_0.create_time,
        p1_0.detail,
        p1_0.group_price,
        p1_0.price,
        p1_0.product_name,
        p1_0.status,
        p1_0.stock,
        p1_0.update_time 
    from
        product p1_0 
    where
        p1_0.product_id=?
[2025-11-11 23:41:30.626] [DEBUG] [product-service] [http-nio-8062-exec-1] [org.hibernate.SQL:135] - 
    select
        p1_0.product_id,
        p1_0.category_id,
        p1_0.cover_img,
        p1_0.create_time,
        p1_0.detail,
        p1_0.group_price,
        p1_0.price,
        p1_0.product_name,
        p1_0.status,
        p1_0.stock,
        p1_0.update_time 
    from
        product p1_0 
    where
        p1_0.product_id=?
[2025-11-11 23:41:30.631] [DEBUG] [product-service] [http-nio-8062-exec-2] [org.hibernate.SQL:135] - 
    select
        p1_0.product_id,
        p1_0.category_id,
        p1_0.cover_img,
        p1_0.create_time,
        p1_0.detail,
        p1_0.group_price,
        p1_0.price,
        p1_0.product_name,
        p1_0.status,
        p1_0.stock,
        p1_0.update_time 
    from
        product p1_0 
    where
        p1_0.product_id=?
[2025-11-11 23:41:32.160] [DEBUG] [product-service] [http-nio-8062-exec-5] [org.hibernate.SQL:135] - 
    select
        p1_0.product_id,
        p1_0.category_id,
        p1_0.cover_img,
        p1_0.create_time,
        p1_0.detail,
        p1_0.group_price,
        p1_0.price,
        p1_0.product_name,
        p1_0.status,
        p1_0.stock,
        p1_0.update_time 
    from
        product p1_0 
    where
        p1_0.product_id=?
[2025-11-11 23:45:34.006] [DEBUG] [product-service] [http-nio-8062-exec-5] [org.hibernate.SQL:135] - 
    select
        p1_0.product_id,
        p1_0.category_id,
        p1_0.cover_img,
        p1_0.create_time,
        p1_0.detail,
        p1_0.group_price,
        p1_0.price,
        p1_0.product_name,
        p1_0.status,
        p1_0.stock,
        p1_0.update_time 
    from
        product p1_0 
    where
        p1_0.product_id=?
[2025-11-11 23:45:34.015] [DEBUG] [product-service] [http-nio-8062-exec-3] [org.hibernate.SQL:135] - 
    select
        p1_0.product_id,
        p1_0.category_id,
        p1_0.cover_img,
        p1_0.create_time,
        p1_0.detail,
        p1_0.group_price,
        p1_0.price,
        p1_0.product_name,
        p1_0.status,
        p1_0.stock,
        p1_0.update_time 
    from
        product p1_0 
    where
        p1_0.product_id=?
[2025-11-11 23:46:28.841] [DEBUG] [product-service] [http-nio-8062-exec-9] [org.hibernate.SQL:135] - 
    select
        p1_0.product_id,
        p1_0.category_id,
        p1_0.cover_img,
        p1_0.create_time,
        p1_0.detail,
        p1_0.group_price,
        p1_0.price,
        p1_0.product_name,
        p1_0.status,
        p1_0.stock,
        p1_0.update_time 
    from
        product p1_0 
    where
        p1_0.product_id=?
[2025-11-11 23:46:28.848] [DEBUG] [product-service] [http-nio-8062-exec-1] [org.hibernate.SQL:135] - 
    select
        p1_0.product_id,
        p1_0.category_id,
        p1_0.cover_img,
        p1_0.create_time,
        p1_0.detail,
        p1_0.group_price,
        p1_0.price,
        p1_0.product_name,
        p1_0.status,
        p1_0.stock,
        p1_0.update_time 
    from
        product p1_0 
    where
        p1_0.product_id=?
[2025-11-11 23:46:37.984] [DEBUG] [product-service] [http-nio-8062-exec-5] [org.hibernate.SQL:135] - 
    select
        p1_0.product_id,
        p1_0.category_id,
        p1_0.cover_img,
        p1_0.create_time,
        p1_0.detail,
        p1_0.group_price,
        p1_0.price,
        p1_0.product_name,
        p1_0.status,
        p1_0.stock,
        p1_0.update_time 
    from
        product p1_0 
    where
        p1_0.product_id=?
[2025-11-11 23:46:37.993] [DEBUG] [product-service] [http-nio-8062-exec-3] [org.hibernate.SQL:135] - 
    select
        p1_0.product_id,
        p1_0.category_id,
        p1_0.cover_img,
        p1_0.create_time,
        p1_0.detail,
        p1_0.group_price,
        p1_0.price,
        p1_0.product_name,
        p1_0.status,
        p1_0.stock,
        p1_0.update_time 
    from
        product p1_0 
    where
        p1_0.product_id=?
[2025-11-11 23:46:48.338] [DEBUG] [product-service] [http-nio-8062-exec-8] [org.hibernate.SQL:135] - 
    select
        p1_0.product_id,
        p1_0.category_id,
        p1_0.cover_img,
        p1_0.create_time,
        p1_0.detail,
        p1_0.group_price,
        p1_0.price,
        p1_0.product_name,
        p1_0.status,
        p1_0.stock,
        p1_0.update_time 
    from
        product p1_0 
    where
        p1_0.product_id=?
[2025-11-11 23:46:48.347] [DEBUG] [product-service] [http-nio-8062-exec-6] [org.hibernate.SQL:135] - 
    select
        p1_0.product_id,
        p1_0.category_id,
        p1_0.cover_img,
        p1_0.create_time,
        p1_0.detail,
        p1_0.group_price,
        p1_0.price,
        p1_0.product_name,
        p1_0.status,
        p1_0.stock,
        p1_0.update_time 
    from
        product p1_0 
    where
        p1_0.product_id=?
[2025-11-11 23:46:58.127] [DEBUG] [product-service] [http-nio-8062-exec-10] [org.hibernate.SQL:135] - 
    select
        p1_0.product_id,
        p1_0.category_id,
        p1_0.cover_img,
        p1_0.create_time,
        p1_0.detail,
        p1_0.group_price,
        p1_0.price,
        p1_0.product_name,
        p1_0.status,
        p1_0.stock,
        p1_0.update_time 
    from
        product p1_0 
    where
        p1_0.product_id=?
[2025-11-11 23:46:58.134] [DEBUG] [product-service] [http-nio-8062-exec-9] [org.hibernate.SQL:135] - 
    select
        p1_0.product_id,
        p1_0.category_id,
        p1_0.cover_img,
        p1_0.create_time,
        p1_0.detail,
        p1_0.group_price,
        p1_0.price,
        p1_0.product_name,
        p1_0.status,
        p1_0.stock,
        p1_0.update_time 
    from
        product p1_0 
    where
        p1_0.product_id=?
[2025-11-11 23:47:20.414] [DEBUG] [product-service] [http-nio-8062-exec-5] [org.hibernate.SQL:135] - 
    select
        p1_0.product_id,
        p1_0.category_id,
        p1_0.cover_img,
        p1_0.create_time,
        p1_0.detail,
        p1_0.group_price,
        p1_0.price,
        p1_0.product_name,
        p1_0.status,
        p1_0.stock,
        p1_0.update_time 
    from
        product p1_0 
    where
        p1_0.product_id=?
[2025-11-11 23:47:20.430] [DEBUG] [product-service] [http-nio-8062-exec-3] [org.hibernate.SQL:135] - 
    select
        p1_0.product_id,
        p1_0.category_id,
        p1_0.cover_img,
        p1_0.create_time,
        p1_0.detail,
        p1_0.group_price,
        p1_0.price,
        p1_0.product_name,
        p1_0.status,
        p1_0.stock,
        p1_0.update_time 
    from
        product p1_0 
    where
        p1_0.product_id=?
[2025-11-11 23:47:30.600] [DEBUG] [product-service] [http-nio-8062-exec-8] [org.hibernate.SQL:135] - 
    select
        p1_0.product_id,
        p1_0.category_id,
        p1_0.cover_img,
        p1_0.create_time,
        p1_0.detail,
        p1_0.group_price,
        p1_0.price,
        p1_0.product_name,
        p1_0.status,
        p1_0.stock,
        p1_0.update_time 
    from
        product p1_0 
    where
        p1_0.product_id=?
[2025-11-11 23:47:30.610] [DEBUG] [product-service] [http-nio-8062-exec-6] [org.hibernate.SQL:135] - 
    select
        p1_0.product_id,
        p1_0.category_id,
        p1_0.cover_img,
        p1_0.create_time,
        p1_0.detail,
        p1_0.group_price,
        p1_0.price,
        p1_0.product_name,
        p1_0.status,
        p1_0.stock,
        p1_0.update_time 
    from
        product p1_0 
    where
        p1_0.product_id=?
[2025-11-11 23:47:40.758] [DEBUG] [product-service] [http-nio-8062-exec-10] [org.hibernate.SQL:135] - 
    select
        p1_0.product_id,
        p1_0.category_id,
        p1_0.cover_img,
        p1_0.create_time,
        p1_0.detail,
        p1_0.group_price,
        p1_0.price,
        p1_0.product_name,
        p1_0.status,
        p1_0.stock,
        p1_0.update_time 
    from
        product p1_0 
    where
        p1_0.product_id=?
[2025-11-11 23:47:40.771] [DEBUG] [product-service] [http-nio-8062-exec-9] [org.hibernate.SQL:135] - 
    select
        p1_0.product_id,
        p1_0.category_id,
        p1_0.cover_img,
        p1_0.create_time,
        p1_0.detail,
        p1_0.group_price,
        p1_0.price,
        p1_0.product_name,
        p1_0.status,
        p1_0.stock,
        p1_0.update_time 
    from
        product p1_0 
    where
        p1_0.product_id=?
[2025-11-11 23:47:52.946] [DEBUG] [product-service] [http-nio-8062-exec-2] [org.hibernate.SQL:135] - 
    select
        p1_0.product_id,
        p1_0.category_id,
        p1_0.cover_img,
        p1_0.create_time,
        p1_0.detail,
        p1_0.group_price,
        p1_0.price,
        p1_0.product_name,
        p1_0.status,
        p1_0.stock,
        p1_0.update_time 
    from
        product p1_0 
    where
        p1_0.product_id=?
[2025-11-11 23:47:52.961] [DEBUG] [product-service] [http-nio-8062-exec-3] [org.hibernate.SQL:135] - 
    select
        p1_0.product_id,
        p1_0.category_id,
        p1_0.cover_img,
        p1_0.create_time,
        p1_0.detail,
        p1_0.group_price,
        p1_0.price,
        p1_0.product_name,
        p1_0.status,
        p1_0.stock,
        p1_0.update_time 
    from
        product p1_0 
    where
        p1_0.product_id=?
[2025-11-11 23:48:03.191] [DEBUG] [product-service] [http-nio-8062-exec-4] [org.hibernate.SQL:135] - 
    select
        p1_0.product_id,
        p1_0.category_id,
        p1_0.cover_img,
        p1_0.create_time,
        p1_0.detail,
        p1_0.group_price,
        p1_0.price,
        p1_0.product_name,
        p1_0.status,
        p1_0.stock,
        p1_0.update_time 
    from
        product p1_0 
    where
        p1_0.product_id=?
[2025-11-11 23:48:03.202] [DEBUG] [product-service] [http-nio-8062-exec-8] [org.hibernate.SQL:135] - 
    select
        p1_0.product_id,
        p1_0.category_id,
        p1_0.cover_img,
        p1_0.create_time,
        p1_0.detail,
        p1_0.group_price,
        p1_0.price,
        p1_0.product_name,
        p1_0.status,
        p1_0.stock,
        p1_0.update_time 
    from
        product p1_0 
    where
        p1_0.product_id=?
[2025-11-11 23:48:43.571] [DEBUG] [product-service] [http-nio-8062-exec-1] [org.hibernate.SQL:135] - 
    select
        p1_0.product_id,
        p1_0.category_id,
        p1_0.cover_img,
        p1_0.create_time,
        p1_0.detail,
        p1_0.group_price,
        p1_0.price,
        p1_0.product_name,
        p1_0.status,
        p1_0.stock,
        p1_0.update_time 
    from
        product p1_0 
    where
        p1_0.product_id=?
[2025-11-11 23:48:43.585] [DEBUG] [product-service] [http-nio-8062-exec-2] [org.hibernate.SQL:135] - 
    select
        p1_0.product_id,
        p1_0.category_id,
        p1_0.cover_img,
        p1_0.create_time,
        p1_0.detail,
        p1_0.group_price,
        p1_0.price,
        p1_0.product_name,
        p1_0.status,
        p1_0.stock,
        p1_0.update_time 
    from
        product p1_0 
    where
        p1_0.product_id=?
[2025-11-11 23:48:44.585] [DEBUG] [product-service] [http-nio-8062-exec-5] [org.hibernate.SQL:135] - 
    select
        pc1_0.category_id,
        pc1_0.category_name,
        pc1_0.parent_id,
        pc1_0.sort,
        pc1_0.status 
    from
        product_category pc1_0 
    where
        pc1_0.status=? 
    order by
        pc1_0.sort
[2025-11-11 23:48:44.760] [DEBUG] [product-service] [http-nio-8062-exec-4] [org.hibernate.SQL:135] - 
    select
        p1_0.product_id,
        p1_0.category_id,
        p1_0.cover_img,
        p1_0.create_time,
        p1_0.detail,
        p1_0.group_price,
        p1_0.price,
        p1_0.product_name,
        p1_0.status,
        p1_0.stock,
        p1_0.update_time 
    from
        product p1_0 
    where
        p1_0.status=? 
    order by
        p1_0.create_time desc,
        p1_0.create_time desc 
    limit
        ?, ?
[2025-11-11 23:48:44.820] [DEBUG] [product-service] [http-nio-8062-exec-8] [org.hibernate.SQL:135] - 
    select
        p1_0.product_id,
        p1_0.category_id,
        p1_0.cover_img,
        p1_0.create_time,
        p1_0.detail,
        p1_0.group_price,
        p1_0.price,
        p1_0.product_name,
        p1_0.status,
        p1_0.stock,
        p1_0.update_time 
    from
        product p1_0 
    where
        p1_0.status=? 
    order by
        p1_0.create_time desc,
        p1_0.create_time desc 
    limit
        ?, ?
[2025-11-11 23:48:45.741] [DEBUG] [product-service] [http-nio-8062-exec-6] [org.hibernate.SQL:135] - 
    select
        p1_0.product_id,
        p1_0.category_id,
        p1_0.cover_img,
        p1_0.create_time,
        p1_0.detail,
        p1_0.group_price,
        p1_0.price,
        p1_0.product_name,
        p1_0.status,
        p1_0.stock,
        p1_0.update_time 
    from
        product p1_0 
    where
        p1_0.product_id=?
[2025-11-11 23:48:45.751] [DEBUG] [product-service] [http-nio-8062-exec-7] [org.hibernate.SQL:135] - 
    select
        p1_0.product_id,
        p1_0.category_id,
        p1_0.cover_img,
        p1_0.create_time,
        p1_0.detail,
        p1_0.group_price,
        p1_0.price,
        p1_0.product_name,
        p1_0.status,
        p1_0.stock,
        p1_0.update_time 
    from
        product p1_0 
    where
        p1_0.product_id=?
[2025-11-11 23:48:46.979] [DEBUG] [product-service] [http-nio-8062-exec-9] [org.hibernate.SQL:135] - 
    select
        pc1_0.category_id,
        pc1_0.category_name,
        pc1_0.parent_id,
        pc1_0.sort,
        pc1_0.status 
    from
        product_category pc1_0 
    where
        pc1_0.status=? 
    order by
        pc1_0.sort
[2025-11-11 23:48:46.979] [DEBUG] [product-service] [http-nio-8062-exec-1] [org.hibernate.SQL:135] - 
    select
        p1_0.product_id,
        p1_0.category_id,
        p1_0.cover_img,
        p1_0.create_time,
        p1_0.detail,
        p1_0.group_price,
        p1_0.price,
        p1_0.product_name,
        p1_0.status,
        p1_0.stock,
        p1_0.update_time 
    from
        product p1_0 
    where
        p1_0.status=? 
    order by
        p1_0.create_time desc,
        p1_0.create_time desc 
    limit
        ?, ?
[2025-11-11 23:48:46.979] [DEBUG] [product-service] [http-nio-8062-exec-10] [org.hibernate.SQL:135] - 
    select
        p1_0.product_id,
        p1_0.category_id,
        p1_0.cover_img,
        p1_0.create_time,
        p1_0.detail,
        p1_0.group_price,
        p1_0.price,
        p1_0.product_name,
        p1_0.status,
        p1_0.stock,
        p1_0.update_time 
    from
        product p1_0 
    where
        p1_0.status=? 
    order by
        p1_0.create_time desc,
        p1_0.create_time desc 
    limit
        ?, ?
[2025-11-11 23:48:51.460] [DEBUG] [product-service] [http-nio-8062-exec-2] [org.hibernate.SQL:135] - 
    select
        pc1_0.category_id,
        pc1_0.category_name,
        pc1_0.parent_id,
        pc1_0.sort,
        pc1_0.status 
    from
        product_category pc1_0 
    where
        pc1_0.status=? 
    order by
        pc1_0.sort
[2025-11-11 23:48:51.461] [DEBUG] [product-service] [http-nio-8062-exec-3] [org.hibernate.SQL:135] - 
    select
        p1_0.product_id,
        p1_0.category_id,
        p1_0.cover_img,
        p1_0.create_time,
        p1_0.detail,
        p1_0.group_price,
        p1_0.price,
        p1_0.product_name,
        p1_0.status,
        p1_0.stock,
        p1_0.update_time 
    from
        product p1_0 
    where
        p1_0.status=? 
    order by
        p1_0.create_time desc,
        p1_0.create_time desc 
    limit
        ?, ?
[2025-11-11 23:48:51.466] [DEBUG] [product-service] [http-nio-8062-exec-5] [org.hibernate.SQL:135] - 
    select
        p1_0.product_id,
        p1_0.category_id,
        p1_0.cover_img,
        p1_0.create_time,
        p1_0.detail,
        p1_0.group_price,
        p1_0.price,
        p1_0.product_name,
        p1_0.status,
        p1_0.stock,
        p1_0.update_time 
    from
        product p1_0 
    where
        p1_0.status=? 
    order by
        p1_0.create_time desc,
        p1_0.create_time desc 
    limit
        ?, ?
[2025-11-11 23:48:52.566] [DEBUG] [product-service] [http-nio-8062-exec-4] [org.hibernate.SQL:135] - 
    select
        p1_0.product_id,
        p1_0.category_id,
        p1_0.cover_img,
        p1_0.create_time,
        p1_0.detail,
        p1_0.group_price,
        p1_0.price,
        p1_0.product_name,
        p1_0.status,
        p1_0.stock,
        p1_0.update_time 
    from
        product p1_0 
    where
        p1_0.product_id=?
[2025-11-11 23:48:52.574] [DEBUG] [product-service] [http-nio-8062-exec-8] [org.hibernate.SQL:135] - 
    select
        p1_0.product_id,
        p1_0.category_id,
        p1_0.cover_img,
        p1_0.create_time,
        p1_0.detail,
        p1_0.group_price,
        p1_0.price,
        p1_0.product_name,
        p1_0.status,
        p1_0.stock,
        p1_0.update_time 
    from
        product p1_0 
    where
        p1_0.product_id=?
[2025-11-11 23:48:54.187] [DEBUG] [product-service] [http-nio-8062-exec-7] [org.hibernate.SQL:135] - 
    select
        pc1_0.category_id,
        pc1_0.category_name,
        pc1_0.parent_id,
        pc1_0.sort,
        pc1_0.status 
    from
        product_category pc1_0 
    where
        pc1_0.status=? 
    order by
        pc1_0.sort
[2025-11-11 23:48:54.487] [DEBUG] [product-service] [http-nio-8062-exec-1] [org.hibernate.SQL:135] - 
    select
        p1_0.product_id,
        p1_0.category_id,
        p1_0.cover_img,
        p1_0.create_time,
        p1_0.detail,
        p1_0.group_price,
        p1_0.price,
        p1_0.product_name,
        p1_0.status,
        p1_0.stock,
        p1_0.update_time 
    from
        product p1_0 
    where
        p1_0.status=? 
    order by
        p1_0.create_time desc,
        p1_0.create_time desc 
    limit
        ?, ?
[2025-11-11 23:48:54.487] [DEBUG] [product-service] [http-nio-8062-exec-9] [org.hibernate.SQL:135] - 
    select
        p1_0.product_id,
        p1_0.category_id,
        p1_0.cover_img,
        p1_0.create_time,
        p1_0.detail,
        p1_0.group_price,
        p1_0.price,
        p1_0.product_name,
        p1_0.status,
        p1_0.stock,
        p1_0.update_time 
    from
        product p1_0 
    where
        p1_0.status=? 
    order by
        p1_0.create_time desc,
        p1_0.create_time desc 
    limit
        ?, ?
[2025-11-11 23:48:58.331] [DEBUG] [product-service] [http-nio-8062-exec-2] [org.hibernate.SQL:135] - 
    select
        pc1_0.category_id,
        pc1_0.category_name,
        pc1_0.parent_id,
        pc1_0.sort,
        pc1_0.status 
    from
        product_category pc1_0 
    where
        pc1_0.status=? 
    order by
        pc1_0.sort
[2025-11-11 23:48:58.331] [DEBUG] [product-service] [http-nio-8062-exec-10] [org.hibernate.SQL:135] - 
    select
        p1_0.product_id,
        p1_0.category_id,
        p1_0.cover_img,
        p1_0.create_time,
        p1_0.detail,
        p1_0.group_price,
        p1_0.price,
        p1_0.product_name,
        p1_0.status,
        p1_0.stock,
        p1_0.update_time 
    from
        product p1_0 
    where
        p1_0.status=? 
    order by
        p1_0.create_time desc,
        p1_0.create_time desc 
    limit
        ?, ?
[2025-11-11 23:48:58.331] [DEBUG] [product-service] [http-nio-8062-exec-3] [org.hibernate.SQL:135] - 
    select
        p1_0.product_id,
        p1_0.category_id,
        p1_0.cover_img,
        p1_0.create_time,
        p1_0.detail,
        p1_0.group_price,
        p1_0.price,
        p1_0.product_name,
        p1_0.status,
        p1_0.stock,
        p1_0.update_time 
    from
        product p1_0 
    where
        p1_0.status=? 
    order by
        p1_0.create_time desc,
        p1_0.create_time desc 
    limit
        ?, ?
[2025-11-11 23:48:58.940] [DEBUG] [product-service] [http-nio-8062-exec-5] [org.hibernate.SQL:135] - 
    select
        p1_0.product_id,
        p1_0.category_id,
        p1_0.cover_img,
        p1_0.create_time,
        p1_0.detail,
        p1_0.group_price,
        p1_0.price,
        p1_0.product_name,
        p1_0.status,
        p1_0.stock,
        p1_0.update_time 
    from
        product p1_0 
    where
        p1_0.product_id=?
[2025-11-11 23:48:58.946] [DEBUG] [product-service] [http-nio-8062-exec-4] [org.hibernate.SQL:135] - 
    select
        p1_0.product_id,
        p1_0.category_id,
        p1_0.cover_img,
        p1_0.create_time,
        p1_0.detail,
        p1_0.group_price,
        p1_0.price,
        p1_0.product_name,
        p1_0.status,
        p1_0.stock,
        p1_0.update_time 
    from
        product p1_0 
    where
        p1_0.product_id=?
[2025-11-11 23:49:20.145] [DEBUG] [product-service] [http-nio-8062-exec-7] [org.hibernate.SQL:135] - 
    select
        p1_0.product_id,
        p1_0.category_id,
        p1_0.cover_img,
        p1_0.create_time,
        p1_0.detail,
        p1_0.group_price,
        p1_0.price,
        p1_0.product_name,
        p1_0.status,
        p1_0.stock,
        p1_0.update_time 
    from
        product p1_0 
    where
        p1_0.product_id=?
[2025-11-11 23:49:20.153] [DEBUG] [product-service] [http-nio-8062-exec-9] [org.hibernate.SQL:135] - 
    select
        p1_0.product_id,
        p1_0.category_id,
        p1_0.cover_img,
        p1_0.create_time,
        p1_0.detail,
        p1_0.group_price,
        p1_0.price,
        p1_0.product_name,
        p1_0.status,
        p1_0.stock,
        p1_0.update_time 
    from
        product p1_0 
    where
        p1_0.product_id=?
[2025-11-11 23:49:22.617] [DEBUG] [product-service] [http-nio-8062-exec-1] [org.hibernate.SQL:135] - 
    select
        p1_0.product_id,
        p1_0.category_id,
        p1_0.cover_img,
        p1_0.create_time,
        p1_0.detail,
        p1_0.group_price,
        p1_0.price,
        p1_0.product_name,
        p1_0.status,
        p1_0.stock,
        p1_0.update_time 
    from
        product p1_0 
    where
        p1_0.product_id=?
[2025-11-11 23:49:22.628] [DEBUG] [product-service] [http-nio-8062-exec-10] [org.hibernate.SQL:135] - 
    select
        p1_0.product_id,
        p1_0.category_id,
        p1_0.cover_img,
        p1_0.create_time,
        p1_0.detail,
        p1_0.group_price,
        p1_0.price,
        p1_0.product_name,
        p1_0.status,
        p1_0.stock,
        p1_0.update_time 
    from
        product p1_0 
    where
        p1_0.product_id=?
[2025-11-11 23:53:38.202] [DEBUG] [product-service] [http-nio-8062-exec-3] [org.hibernate.SQL:135] - 
    select
        p1_0.product_id,
        p1_0.category_id,
        p1_0.cover_img,
        p1_0.create_time,
        p1_0.detail,
        p1_0.group_price,
        p1_0.price,
        p1_0.product_name,
        p1_0.status,
        p1_0.stock,
        p1_0.update_time 
    from
        product p1_0 
    where
        p1_0.product_id=?
[2025-11-11 23:53:38.212] [DEBUG] [product-service] [http-nio-8062-exec-2] [org.hibernate.SQL:135] - 
    select
        p1_0.product_id,
        p1_0.category_id,
        p1_0.cover_img,
        p1_0.create_time,
        p1_0.detail,
        p1_0.group_price,
        p1_0.price,
        p1_0.product_name,
        p1_0.status,
        p1_0.stock,
        p1_0.update_time 
    from
        product p1_0 
    where
        p1_0.product_id=?
[2025-11-11 23:54:01.668] [DEBUG] [product-service] [http-nio-8062-exec-6] [org.hibernate.SQL:135] - 
    select
        pc1_0.category_id,
        pc1_0.category_name,
        pc1_0.parent_id,
        pc1_0.sort,
        pc1_0.status 
    from
        product_category pc1_0 
    where
        pc1_0.status=? 
    order by
        pc1_0.sort
[2025-11-11 23:54:01.670] [DEBUG] [product-service] [http-nio-8062-exec-7] [org.hibernate.SQL:135] - 
    select
        p1_0.product_id,
        p1_0.category_id,
        p1_0.cover_img,
        p1_0.create_time,
        p1_0.detail,
        p1_0.group_price,
        p1_0.price,
        p1_0.product_name,
        p1_0.status,
        p1_0.stock,
        p1_0.update_time 
    from
        product p1_0 
    where
        p1_0.status=? 
    order by
        p1_0.create_time desc,
        p1_0.create_time desc 
    limit
        ?, ?
[2025-11-11 23:54:01.672] [DEBUG] [product-service] [http-nio-8062-exec-8] [org.hibernate.SQL:135] - 
    select
        p1_0.product_id,
        p1_0.category_id,
        p1_0.cover_img,
        p1_0.create_time,
        p1_0.detail,
        p1_0.group_price,
        p1_0.price,
        p1_0.product_name,
        p1_0.status,
        p1_0.stock,
        p1_0.update_time 
    from
        product p1_0 
    where
        p1_0.status=? 
    order by
        p1_0.create_time desc,
        p1_0.create_time desc 
    limit
        ?, ?
[2025-11-11 23:54:06.210] [DEBUG] [product-service] [http-nio-8062-exec-1] [org.hibernate.SQL:135] - 
    select
        pc1_0.category_id,
        pc1_0.category_name,
        pc1_0.parent_id,
        pc1_0.sort,
        pc1_0.status 
    from
        product_category pc1_0 
    where
        pc1_0.status=? 
    order by
        pc1_0.sort
[2025-11-11 23:54:06.232] [DEBUG] [product-service] [http-nio-8062-exec-10] [org.hibernate.SQL:135] - 
    select
        p1_0.product_id,
        p1_0.category_id,
        p1_0.cover_img,
        p1_0.create_time,
        p1_0.detail,
        p1_0.group_price,
        p1_0.price,
        p1_0.product_name,
        p1_0.status,
        p1_0.stock,
        p1_0.update_time 
    from
        product p1_0 
    where
        (
            ? is null 
            or p1_0.product_name like ? escape ''
        ) 
        and (
            ? is null 
            or p1_0.category_id=?
        ) 
        and p1_0.status=1 
    order by
        p1_0.create_time desc 
    limit
        ?, ?
[2025-11-11 23:54:08.470] [DEBUG] [product-service] [http-nio-8062-exec-3] [org.hibernate.SQL:135] - 
    select
        p1_0.product_id,
        p1_0.category_id,
        p1_0.cover_img,
        p1_0.create_time,
        p1_0.detail,
        p1_0.group_price,
        p1_0.price,
        p1_0.product_name,
        p1_0.status,
        p1_0.stock,
        p1_0.update_time 
    from
        product p1_0 
    where
        (
            ? is null 
            or p1_0.product_name like ? escape ''
        ) 
        and (
            ? is null 
            or p1_0.category_id=?
        ) 
        and p1_0.status=1 
    order by
        p1_0.create_time desc 
    limit
        ?, ?
[2025-11-11 23:54:09.043] [DEBUG] [product-service] [http-nio-8062-exec-2] [org.hibernate.SQL:135] - 
    select
        p1_0.product_id,
        p1_0.category_id,
        p1_0.cover_img,
        p1_0.create_time,
        p1_0.detail,
        p1_0.group_price,
        p1_0.price,
        p1_0.product_name,
        p1_0.status,
        p1_0.stock,
        p1_0.update_time 
    from
        product p1_0 
    where
        (
            ? is null 
            or p1_0.product_name like ? escape ''
        ) 
        and (
            ? is null 
            or p1_0.category_id=?
        ) 
        and p1_0.status=1 
    order by
        p1_0.create_time desc 
    limit
        ?, ?
[2025-11-11 23:54:09.819] [DEBUG] [product-service] [http-nio-8062-exec-5] [org.hibernate.SQL:135] - 
    select
        p1_0.product_id,
        p1_0.category_id,
        p1_0.cover_img,
        p1_0.create_time,
        p1_0.detail,
        p1_0.group_price,
        p1_0.price,
        p1_0.product_name,
        p1_0.status,
        p1_0.stock,
        p1_0.update_time 
    from
        product p1_0 
    where
        (
            ? is null 
            or p1_0.product_name like ? escape ''
        ) 
        and (
            ? is null 
            or p1_0.category_id=?
        ) 
        and p1_0.status=1 
    order by
        p1_0.create_time desc 
    limit
        ?, ?
[2025-11-11 23:54:10.382] [DEBUG] [product-service] [http-nio-8062-exec-4] [org.hibernate.SQL:135] - 
    select
        p1_0.product_id,
        p1_0.category_id,
        p1_0.cover_img,
        p1_0.create_time,
        p1_0.detail,
        p1_0.group_price,
        p1_0.price,
        p1_0.product_name,
        p1_0.status,
        p1_0.stock,
        p1_0.update_time 
    from
        product p1_0 
    where
        (
            ? is null 
            or p1_0.product_name like ? escape ''
        ) 
        and (
            ? is null 
            or p1_0.category_id=?
        ) 
        and p1_0.status=1 
    order by
        p1_0.create_time desc 
    limit
        ?, ?
[2025-11-11 23:54:13.208] [DEBUG] [product-service] [http-nio-8062-exec-8] [org.hibernate.SQL:135] - 
    select
        p1_0.product_id,
        p1_0.category_id,
        p1_0.cover_img,
        p1_0.create_time,
        p1_0.detail,
        p1_0.group_price,
        p1_0.price,
        p1_0.product_name,
        p1_0.status,
        p1_0.stock,
        p1_0.update_time 
    from
        product p1_0 
    where
        (
            ? is null 
            or p1_0.product_name like ? escape ''
        ) 
        and (
            ? is null 
            or p1_0.category_id=?
        ) 
        and p1_0.status=1 
    order by
        p1_0.create_time desc 
    limit
        ?, ?
[2025-11-11 23:54:13.796] [DEBUG] [product-service] [http-nio-8062-exec-6] [org.hibernate.SQL:135] - 
    select
        p1_0.product_id,
        p1_0.category_id,
        p1_0.cover_img,
        p1_0.create_time,
        p1_0.detail,
        p1_0.group_price,
        p1_0.price,
        p1_0.product_name,
        p1_0.status,
        p1_0.stock,
        p1_0.update_time 
    from
        product p1_0 
    where
        (
            ? is null 
            or p1_0.product_name like ? escape ''
        ) 
        and (
            ? is null 
            or p1_0.category_id=?
        ) 
        and p1_0.status=1 
    order by
        p1_0.create_time desc 
    limit
        ?, ?
[2025-11-11 23:54:16.003] [DEBUG] [product-service] [http-nio-8062-exec-1] [org.hibernate.SQL:135] - 
    select
        p1_0.product_id,
        p1_0.category_id,
        p1_0.cover_img,
        p1_0.create_time,
        p1_0.detail,
        p1_0.group_price,
        p1_0.price,
        p1_0.product_name,
        p1_0.status,
        p1_0.stock,
        p1_0.update_time 
    from
        product p1_0 
    where
        p1_0.status=? 
    order by
        p1_0.create_time desc,
        p1_0.create_time desc 
    limit
        ?, ?
[2025-11-11 23:54:16.003] [DEBUG] [product-service] [http-nio-8062-exec-10] [org.hibernate.SQL:135] - 
    select
        p1_0.product_id,
        p1_0.category_id,
        p1_0.cover_img,
        p1_0.create_time,
        p1_0.detail,
        p1_0.group_price,
        p1_0.price,
        p1_0.product_name,
        p1_0.status,
        p1_0.stock,
        p1_0.update_time 
    from
        product p1_0 
    where
        p1_0.status=? 
    order by
        p1_0.create_time desc,
        p1_0.create_time desc 
    limit
        ?, ?
[2025-11-11 23:54:16.003] [DEBUG] [product-service] [http-nio-8062-exec-9] [org.hibernate.SQL:135] - 
    select
        pc1_0.category_id,
        pc1_0.category_name,
        pc1_0.parent_id,
        pc1_0.sort,
        pc1_0.status 
    from
        product_category pc1_0 
    where
        pc1_0.status=? 
    order by
        pc1_0.sort
[2025-11-11 23:54:21.203] [DEBUG] [product-service] [http-nio-8062-exec-3] [org.hibernate.SQL:135] - 
    select
        p1_0.product_id,
        p1_0.category_id,
        p1_0.cover_img,
        p1_0.create_time,
        p1_0.detail,
        p1_0.group_price,
        p1_0.price,
        p1_0.product_name,
        p1_0.status,
        p1_0.stock,
        p1_0.update_time 
    from
        product p1_0 
    where
        p1_0.product_id=?
[2025-11-11 23:54:21.210] [DEBUG] [product-service] [http-nio-8062-exec-2] [org.hibernate.SQL:135] - 
    select
        p1_0.product_id,
        p1_0.category_id,
        p1_0.cover_img,
        p1_0.create_time,
        p1_0.detail,
        p1_0.group_price,
        p1_0.price,
        p1_0.product_name,
        p1_0.status,
        p1_0.stock,
        p1_0.update_time 
    from
        product p1_0 
    where
        p1_0.product_id=?
[2025-11-11 23:54:24.913] [DEBUG] [product-service] [http-nio-8062-exec-4] [org.hibernate.SQL:135] - 
    select
        p1_0.product_id,
        p1_0.category_id,
        p1_0.cover_img,
        p1_0.create_time,
        p1_0.detail,
        p1_0.group_price,
        p1_0.price,
        p1_0.product_name,
        p1_0.status,
        p1_0.stock,
        p1_0.update_time 
    from
        product p1_0 
    where
        p1_0.product_id=?
[2025-11-11 23:54:24.918] [DEBUG] [product-service] [http-nio-8062-exec-8] [org.hibernate.SQL:135] - 
    select
        p1_0.product_id,
        p1_0.category_id,
        p1_0.cover_img,
        p1_0.create_time,
        p1_0.detail,
        p1_0.group_price,
        p1_0.price,
        p1_0.product_name,
        p1_0.status,
        p1_0.stock,
        p1_0.update_time 
    from
        product p1_0 
    where
        p1_0.product_id=?
[2025-11-11 23:54:34.061] [DEBUG] [product-service] [http-nio-8062-exec-7] [org.hibernate.SQL:135] - 
    select
        p1_0.product_id,
        p1_0.category_id,
        p1_0.cover_img,
        p1_0.create_time,
        p1_0.detail,
        p1_0.group_price,
        p1_0.price,
        p1_0.product_name,
        p1_0.status,
        p1_0.stock,
        p1_0.update_time 
    from
        product p1_0 
    where
        p1_0.status=? 
    order by
        p1_0.create_time desc,
        p1_0.create_time desc 
    limit
        ?, ?
[2025-11-11 23:54:34.061] [DEBUG] [product-service] [http-nio-8062-exec-10] [org.hibernate.SQL:135] - 
    select
        pc1_0.category_id,
        pc1_0.category_name,
        pc1_0.parent_id,
        pc1_0.sort,
        pc1_0.status 
    from
        product_category pc1_0 
    where
        pc1_0.status=? 
    order by
        pc1_0.sort
[2025-11-11 23:54:34.061] [DEBUG] [product-service] [http-nio-8062-exec-6] [org.hibernate.SQL:135] - 
    select
        p1_0.product_id,
        p1_0.category_id,
        p1_0.cover_img,
        p1_0.create_time,
        p1_0.detail,
        p1_0.group_price,
        p1_0.price,
        p1_0.product_name,
        p1_0.status,
        p1_0.stock,
        p1_0.update_time 
    from
        product p1_0 
    where
        p1_0.status=? 
    order by
        p1_0.create_time desc,
        p1_0.create_time desc 
    limit
        ?, ?
