[2025-11-04 20:19:14.913] [INFO ] [user-service] [main] [com.bcu.edu.UserServiceApplication:?] - Starting UserServiceApplication using Java 17.0.6 with PID 4732 (E:\E\BYSJ\community-group-buy-backend\UserService\target\classes started by Gkr07 in E:\E\BYSJ\community-group-buy-backend)
[2025-11-04 20:19:14.920] [INFO ] [user-service] [main] [com.bcu.edu.UserServiceApplication:?] - No active profile set, falling back to 1 default profile: "default"
[2025-11-04 20:19:15.878] [INFO ] [user-service] [main] [o.s.d.r.config.RepositoryConfigurationDelegate:?] - Bootstrapping Spring Data JPA repositories in DEFAULT mode.
[2025-11-04 20:19:16.064] [INFO ] [user-service] [main] [o.s.d.r.config.RepositoryConfigurationDelegate:?] - Finished Spring Data repository scanning in 175 ms. Found 5 JPA repository interfaces.
[2025-11-04 20:19:16.717] [WARN ] [user-service] [main] [org.mybatis.spring.mapper.ClassPathMapperScanner:?] - No MyBatis mapper was found in '[com.bcu.edu]' package. Please check your configuration.
[2025-11-04 20:19:16.814] [INFO ] [user-service] [main] [o.springframework.cloud.context.scope.GenericScope:?] - BeanFactory id=3dd28b76-4628-374a-97a6-f724de785ab8
[2025-11-04 20:19:17.112] [WARN ] [user-service] [main] [o.s.c.s.PostProcessorRegistrationDelegate$BeanPostProcessorChecker:?] - Bean 'org.springframework.cloud.client.loadbalancer.LoadBalancerAutoConfiguration$LoadBalancerInterceptorConfig' of type [org.springframework.cloud.client.loadbalancer.LoadBalancerAutoConfiguration$LoadBalancerInterceptorConfig] is not eligible for getting processed by all BeanPostProcessors (for example: not eligible for auto-proxying). The currently created BeanPostProcessor [lbRestClientPostProcessor] is declared through a non-static factory method on that class; consider declaring it as static instead.
[2025-11-04 20:19:17.115] [WARN ] [user-service] [main] [o.s.c.s.PostProcessorRegistrationDelegate$BeanPostProcessorChecker:?] - Bean 'org.springframework.cloud.loadbalancer.config.BlockingLoadBalancerClientAutoConfiguration' of type [org.springframework.cloud.loadbalancer.config.BlockingLoadBalancerClientAutoConfiguration] is not eligible for getting processed by all BeanPostProcessors (for example: not eligible for auto-proxying). Is this bean getting eagerly injected into a currently created BeanPostProcessor [lbRestClientPostProcessor]? Check the corresponding BeanPostProcessor declaration and its dependencies.
[2025-11-04 20:19:17.118] [WARN ] [user-service] [main] [o.s.c.s.PostProcessorRegistrationDelegate$BeanPostProcessorChecker:?] - Bean 'org.springframework.cloud.loadbalancer.config.LoadBalancerAutoConfiguration' of type [org.springframework.cloud.loadbalancer.config.LoadBalancerAutoConfiguration] is not eligible for getting processed by all BeanPostProcessors (for example: not eligible for auto-proxying). Is this bean getting eagerly injected into a currently created BeanPostProcessor [lbRestClientPostProcessor]? Check the corresponding BeanPostProcessor declaration and its dependencies.
[2025-11-04 20:19:17.129] [WARN ] [user-service] [main] [o.s.c.s.PostProcessorRegistrationDelegate$BeanPostProcessorChecker:?] - Bean 'org.springframework.cloud.commons.config.CommonsConfigAutoConfiguration' of type [org.springframework.cloud.commons.config.CommonsConfigAutoConfiguration] is not eligible for getting processed by all BeanPostProcessors (for example: not eligible for auto-proxying). Is this bean getting eagerly injected into a currently created BeanPostProcessor [lbRestClientPostProcessor]? Check the corresponding BeanPostProcessor declaration and its dependencies.
[2025-11-04 20:19:17.132] [WARN ] [user-service] [main] [o.s.c.s.PostProcessorRegistrationDelegate$BeanPostProcessorChecker:?] - Bean 'org.springframework.cloud.client.loadbalancer.LoadBalancerDefaultMappingsProviderAutoConfiguration' of type [org.springframework.cloud.client.loadbalancer.LoadBalancerDefaultMappingsProviderAutoConfiguration] is not eligible for getting processed by all BeanPostProcessors (for example: not eligible for auto-proxying). Is this bean getting eagerly injected into a currently created BeanPostProcessor [lbRestClientPostProcessor]? Check the corresponding BeanPostProcessor declaration and its dependencies.
[2025-11-04 20:19:17.135] [WARN ] [user-service] [main] [o.s.c.s.PostProcessorRegistrationDelegate$BeanPostProcessorChecker:?] - Bean 'loadBalancerClientsDefaultsMappingsProvider' of type [org.springframework.cloud.client.loadbalancer.LoadBalancerDefaultMappingsProviderAutoConfiguration$$Lambda$802/0x0000000801165590] is not eligible for getting processed by all BeanPostProcessors (for example: not eligible for auto-proxying). Is this bean getting eagerly injected into a currently created BeanPostProcessor [lbRestClientPostProcessor]? Check the corresponding BeanPostProcessor declaration and its dependencies.
[2025-11-04 20:19:17.138] [WARN ] [user-service] [main] [o.s.c.s.PostProcessorRegistrationDelegate$BeanPostProcessorChecker:?] - Bean 'defaultsBindHandlerAdvisor' of type [org.springframework.cloud.commons.config.DefaultsBindHandlerAdvisor] is not eligible for getting processed by all BeanPostProcessors (for example: not eligible for auto-proxying). Is this bean getting eagerly injected into a currently created BeanPostProcessor [lbRestClientPostProcessor]? Check the corresponding BeanPostProcessor declaration and its dependencies.
[2025-11-04 20:19:17.144] [WARN ] [user-service] [main] [o.s.c.s.PostProcessorRegistrationDelegate$BeanPostProcessorChecker:?] - Bean 'spring.cloud.loadbalancer-org.springframework.cloud.client.loadbalancer.LoadBalancerClientsProperties' of type [org.springframework.cloud.client.loadbalancer.LoadBalancerClientsProperties] is not eligible for getting processed by all BeanPostProcessors (for example: not eligible for auto-proxying). Is this bean getting eagerly injected into a currently created BeanPostProcessor [lbRestClientPostProcessor]? Check the corresponding BeanPostProcessor declaration and its dependencies.
[2025-11-04 20:19:17.151] [WARN ] [user-service] [main] [o.s.c.s.PostProcessorRegistrationDelegate$BeanPostProcessorChecker:?] - Bean 'default.org.springframework.cloud.loadbalancer.config.LoadBalancerAutoConfiguration.LoadBalancerClientSpecification' of type [org.springframework.cloud.loadbalancer.annotation.LoadBalancerClientSpecification] is not eligible for getting processed by all BeanPostProcessors (for example: not eligible for auto-proxying). Is this bean getting eagerly injected into a currently created BeanPostProcessor [lbRestClientPostProcessor]? Check the corresponding BeanPostProcessor declaration and its dependencies.
[2025-11-04 20:19:17.153] [WARN ] [user-service] [main] [o.s.c.s.PostProcessorRegistrationDelegate$BeanPostProcessorChecker:?] - Bean 'default.org.springframework.cloud.loadbalancer.config.BlockingLoadBalancerClientAutoConfiguration.LoadBalancerClientSpecification' of type [org.springframework.cloud.loadbalancer.annotation.LoadBalancerClientSpecification] is not eligible for getting processed by all BeanPostProcessors (for example: not eligible for auto-proxying). Is this bean getting eagerly injected into a currently created BeanPostProcessor [lbRestClientPostProcessor]? Check the corresponding BeanPostProcessor declaration and its dependencies.
[2025-11-04 20:19:17.154] [WARN ] [user-service] [main] [o.s.c.s.PostProcessorRegistrationDelegate$BeanPostProcessorChecker:?] - Bean 'loadBalancerClientFactory' of type [org.springframework.cloud.loadbalancer.support.LoadBalancerClientFactory] is not eligible for getting processed by all BeanPostProcessors (for example: not eligible for auto-proxying). Is this bean getting eagerly injected into a currently created BeanPostProcessor [lbRestClientPostProcessor]? Check the corresponding BeanPostProcessor declaration and its dependencies.
[2025-11-04 20:19:17.161] [WARN ] [user-service] [main] [o.s.c.s.PostProcessorRegistrationDelegate$BeanPostProcessorChecker:?] - Bean 'blockingLoadBalancerClient' of type [org.springframework.cloud.loadbalancer.blocking.client.BlockingLoadBalancerClient] is not eligible for getting processed by all BeanPostProcessors (for example: not eligible for auto-proxying). Is this bean getting eagerly injected into a currently created BeanPostProcessor [lbRestClientPostProcessor]? Check the corresponding BeanPostProcessor declaration and its dependencies.
[2025-11-04 20:19:17.170] [WARN ] [user-service] [main] [o.s.c.s.PostProcessorRegistrationDelegate$BeanPostProcessorChecker:?] - Bean 'loadBalancerServiceInstanceCookieTransformer' of type [org.springframework.cloud.loadbalancer.core.LoadBalancerServiceInstanceCookieTransformer] is not eligible for getting processed by all BeanPostProcessors (for example: not eligible for auto-proxying). Is this bean getting eagerly injected into a currently created BeanPostProcessor [lbRestClientPostProcessor]? Check the corresponding BeanPostProcessor declaration and its dependencies.
[2025-11-04 20:19:17.172] [WARN ] [user-service] [main] [o.s.c.s.PostProcessorRegistrationDelegate$BeanPostProcessorChecker:?] - Bean 'xForwarderHeadersTransformer' of type [org.springframework.cloud.loadbalancer.blocking.XForwardedHeadersTransformer] is not eligible for getting processed by all BeanPostProcessors (for example: not eligible for auto-proxying). Is this bean getting eagerly injected into a currently created BeanPostProcessor [lbRestClientPostProcessor]? Check the corresponding BeanPostProcessor declaration and its dependencies.
[2025-11-04 20:19:17.173] [WARN ] [user-service] [main] [o.s.c.s.PostProcessorRegistrationDelegate$BeanPostProcessorChecker:?] - Bean 'org.springframework.cloud.client.loadbalancer.LoadBalancerAutoConfiguration' of type [org.springframework.cloud.client.loadbalancer.LoadBalancerAutoConfiguration] is not eligible for getting processed by all BeanPostProcessors (for example: not eligible for auto-proxying). Is this bean getting eagerly injected into a currently created BeanPostProcessor [lbRestClientPostProcessor]? Check the corresponding BeanPostProcessor declaration and its dependencies.
[2025-11-04 20:19:17.175] [WARN ] [user-service] [main] [o.s.c.s.PostProcessorRegistrationDelegate$BeanPostProcessorChecker:?] - Bean 'loadBalancerRequestFactory' of type [org.springframework.cloud.client.loadbalancer.LoadBalancerRequestFactory] is not eligible for getting processed by all BeanPostProcessors (for example: not eligible for auto-proxying). Is this bean getting eagerly injected into a currently created BeanPostProcessor [lbRestClientPostProcessor]? Check the corresponding BeanPostProcessor declaration and its dependencies.
[2025-11-04 20:19:17.177] [WARN ] [user-service] [main] [o.s.c.s.PostProcessorRegistrationDelegate$BeanPostProcessorChecker:?] - Bean 'loadBalancerInterceptor' of type [org.springframework.cloud.client.loadbalancer.LoadBalancerInterceptor] is not eligible for getting processed by all BeanPostProcessors (for example: not eligible for auto-proxying). Is this bean getting eagerly injected into a currently created BeanPostProcessor [lbRestClientPostProcessor]? Check the corresponding BeanPostProcessor declaration and its dependencies.
[2025-11-04 20:19:17.488] [INFO ] [user-service] [main] [o.s.boot.web.embedded.tomcat.TomcatWebServer:?] - Tomcat initialized with port 8061 (http)
[2025-11-04 20:19:17.590] [INFO ] [user-service] [main] [o.s.b.w.s.c.ServletWebServerApplicationContext:?] - Root WebApplicationContext: initialization completed in 2615 ms
[2025-11-04 20:19:17.928] [INFO ] [user-service] [main] [org.hibernate.jpa.internal.util.LogHelper:?] - HHH000204: Processing PersistenceUnitInfo [name: default]
[2025-11-04 20:19:18.018] [INFO ] [user-service] [main] [org.hibernate.Version:?] - HHH000412: Hibernate ORM core version 6.4.4.Final
[2025-11-04 20:19:18.075] [INFO ] [user-service] [main] [o.hibernate.cache.internal.RegionFactoryInitiator:?] - HHH000026: Second-level cache disabled
[2025-11-04 20:19:18.336] [INFO ] [user-service] [main] [o.s.o.j.persistenceunit.SpringPersistenceUnitInfo:?] - No LoadTimeWeaver setup: ignoring JPA class transformer
[2025-11-04 20:19:18.374] [INFO ] [user-service] [main] [com.zaxxer.hikari.HikariDataSource:?] - HikariPoolCP - Starting...
[2025-11-04 20:19:18.521] [INFO ] [user-service] [main] [com.zaxxer.hikari.pool.HikariPool:?] - HikariPoolCP - Added connection com.mysql.cj.jdbc.ConnectionImpl@56adbb07
[2025-11-04 20:19:18.523] [INFO ] [user-service] [main] [com.zaxxer.hikari.HikariDataSource:?] - HikariPoolCP - Start completed.
[2025-11-04 20:19:18.568] [WARN ] [user-service] [main] [org.hibernate.orm.deprecation:?] - HHH90000025: MySQL8Dialect does not need to be specified explicitly using 'hibernate.dialect' (remove the property setting and it will be selected by default)
[2025-11-04 20:19:18.569] [WARN ] [user-service] [main] [org.hibernate.orm.deprecation:?] - HHH90000026: MySQL8Dialect has been deprecated; use org.hibernate.dialect.MySQLDialect instead
[2025-11-04 20:19:19.516] [INFO ] [user-service] [main] [o.h.e.t.jta.platform.internal.JtaPlatformInitiator:?] - HHH000489: No JTA platform available (set 'hibernate.transaction.jta.platform' to enable JTA platform integration)
[2025-11-04 20:19:19.588] [INFO ] [user-service] [main] [o.s.orm.jpa.LocalContainerEntityManagerFactoryBean:?] - Initialized JPA EntityManagerFactory for persistence unit 'default'
[2025-11-04 20:19:19.979] [INFO ] [user-service] [main] [o.s.data.jpa.repository.query.QueryEnhancerFactory:?] - JSqlParser is in classpath; If applicable, JSqlParser will be used
[2025-11-04 20:19:19.979] [INFO ] [user-service] [main] [o.s.data.jpa.repository.query.QueryEnhancerFactory:?] - Hibernate is in classpath; If applicable, HQL parser will be used.
[2025-11-04 20:19:21.882] [INFO ] [user-service] [main] [o.s.b.actuate.endpoint.web.EndpointLinksResolver:?] - Exposing 17 endpoint(s) beneath base path '/actuator'
[2025-11-04 20:19:21.949] [WARN ] [user-service] [main] [o.s.b.a.o.j.JpaBaseConfiguration$JpaWebConfiguration:?] - spring.jpa.open-in-view is enabled by default. Therefore, database queries may be performed during view rendering. Explicitly configure spring.jpa.open-in-view to disable this warning
[2025-11-04 20:19:22.957] [WARN ] [user-service] [main] [o.s.c.l.c.LoadBalancerCacheAutoConfiguration$LoadBalancerCaffeineWarnLogger:?] - Spring Cloud LoadBalancer is currently working with the default cache. While this cache implementation is useful for development and tests, it's recommended to use Caffeine cache in production.You can switch to using Caffeine cache, by adding it and org.springframework.cache.caffeine.CaffeineCacheManager to the classpath.
[2025-11-04 20:19:23.066] [INFO ] [user-service] [main] [o.s.boot.web.embedded.tomcat.TomcatWebServer:?] - Tomcat started on port 8061 (http) with context path ''
[2025-11-04 20:19:23.068] [INFO ] [user-service] [main] [o.s.c.consul.serviceregistry.ConsulServiceRegistry:?] - Registering service with consul: NewService{id='user-service-8061', name='user-service', tags=[], address='192.168.245.1', meta={secure=false}, port=8061, enableTagOverride=null, check=Check{script='null', dockerContainerID='null', shell='null', interval='15s', ttl='null', http='http://192.168.245.1:8061/actuator/health', method='null', header={}, tcp='null', timeout='null', deregisterCriticalServiceAfter='null', tlsSkipVerify=null, status='null', grpc='null', grpcUseTLS=null}, checks=null}
[2025-11-04 20:19:23.436] [INFO ] [user-service] [main] [com.bcu.edu.UserServiceApplication:?] - Started UserServiceApplication in 9.679 seconds (process running for 10.556)
[2025-11-04 20:19:23.776] [INFO ] [user-service] [RMI TCP Connection(6)-26.52.41.123] [org.springframework.web.servlet.DispatcherServlet:?] - Initializing Servlet 'dispatcherServlet'
[2025-11-04 20:19:23.778] [INFO ] [user-service] [RMI TCP Connection(6)-26.52.41.123] [org.springframework.web.servlet.DispatcherServlet:?] - Completed initialization in 2 ms
[2025-11-04 20:20:00.430] [INFO ] [user-service] [log-async-1] [com.bcu.edu.service.LogService:?] - 操作日志已保存: module=订单管理, operation=取消订单, user=unknown, result=SUCCESS
[2025-11-04 20:59:10.774] [INFO ] [user-service] [http-nio-8061-exec-1] [com.bcu.edu.controller.FeignController:?] - [Feign] GroupBuyService 调用获取用户信息：userId=3
[2025-11-04 20:59:18.514] [INFO ] [user-service] [http-nio-8061-exec-2] [com.bcu.edu.controller.FeignController:?] - [Feign] GroupBuyService 调用获取用户信息：userId=3
[2025-11-04 20:59:22.228] [INFO ] [user-service] [log-async-2] [com.bcu.edu.service.LogService:?] - 操作日志已保存: module=拼团管理, operation=参与拼团, user=22, result=FAIL
[2025-11-04 20:59:25.495] [INFO ] [user-service] [http-nio-8061-exec-6] [com.bcu.edu.controller.FeignController:?] - [Feign] GroupBuyService 调用获取用户信息：userId=3
[2025-11-04 20:59:58.166] [INFO ] [user-service] [log-async-1] [com.bcu.edu.service.LogService:?] - 操作日志已保存: module=活动管理, operation=创建拼团活动, user=22, result=SUCCESS
[2025-11-04 21:00:35.014] [INFO ] [user-service] [http-nio-8061-exec-4] [com.bcu.edu.controller.FeignController:?] - [Feign] GroupBuyService 调用获取用户信息：userId=3
[2025-11-04 21:00:35.041] [INFO ] [user-service] [log-async-2] [com.bcu.edu.service.LogService:?] - 操作日志已保存: module=拼团管理, operation=发起拼团, user=22, result=SUCCESS
[2025-11-04 21:00:35.271] [INFO ] [user-service] [http-nio-8061-exec-6] [com.bcu.edu.controller.FeignController:?] - [Feign] GroupBuyService 调用获取用户信息：userId=3
[2025-11-04 21:00:45.152] [INFO ] [user-service] [http-nio-8061-exec-10] [com.bcu.edu.controller.FeignController:?] - [Feign] GroupBuyService 调用获取用户信息：userId=3
[2025-11-04 21:00:52.148] [INFO ] [user-service] [http-nio-8061-exec-2] [com.bcu.edu.service.UserService:?] - 用户登录成功: userId=4, username=33
[2025-11-04 21:00:52.151] [WARN ] [user-service] [http-nio-8061-exec-2] [com.bcu.edu.common.feign.LogFeignClientFallback:?] - 日志服务不可用，本地记录: module=认证管理, operation=用户登录, user=unknown
[2025-11-04 21:00:57.810] [INFO ] [user-service] [http-nio-8061-exec-6] [com.bcu.edu.controller.FeignController:?] - [Feign] PaymentService 调用余额充值：userId=4, amount=100
[2025-11-04 21:00:57.815] [INFO ] [user-service] [http-nio-8061-exec-6] [com.bcu.edu.service.AccountService:?] - 充值成功: userId=4, amount=100, newBalance=100.00
[2025-11-04 21:00:57.901] [INFO ] [user-service] [log-async-1] [com.bcu.edu.service.LogService:?] - 操作日志已保存: module=支付管理, operation=余额充值, user=33, result=SUCCESS
[2025-11-04 21:01:01.915] [INFO ] [user-service] [http-nio-8061-exec-8] [com.bcu.edu.controller.FeignController:?] - [Feign] PaymentService 调用余额充值：userId=4, amount=100
[2025-11-04 21:01:01.918] [INFO ] [user-service] [http-nio-8061-exec-8] [com.bcu.edu.service.AccountService:?] - 充值成功: userId=4, amount=100, newBalance=200.00
[2025-11-04 21:01:01.934] [INFO ] [user-service] [log-async-2] [com.bcu.edu.service.LogService:?] - 操作日志已保存: module=支付管理, operation=余额充值, user=33, result=SUCCESS
[2025-11-04 21:01:18.999] [INFO ] [user-service] [http-nio-8061-exec-1] [com.bcu.edu.controller.FeignController:?] - [Feign] PaymentService 调用余额充值：userId=4, amount=100
[2025-11-04 21:01:19.002] [INFO ] [user-service] [http-nio-8061-exec-1] [com.bcu.edu.service.AccountService:?] - 充值成功: userId=4, amount=100, newBalance=300.00
[2025-11-04 21:01:19.017] [INFO ] [user-service] [log-async-1] [com.bcu.edu.service.LogService:?] - 操作日志已保存: module=支付管理, operation=余额充值, user=33, result=SUCCESS
[2025-11-04 21:02:03.034] [INFO ] [user-service] [http-nio-8061-exec-2] [com.bcu.edu.controller.FeignController:?] - [Feign] GroupBuyService 调用获取用户信息：userId=3
[2025-11-04 21:02:14.466] [INFO ] [user-service] [http-nio-8061-exec-4] [com.bcu.edu.controller.FeignController:?] - [Feign] GroupBuyService 调用获取用户信息：userId=3
[2025-11-04 21:02:19.026] [INFO ] [user-service] [http-nio-8061-exec-6] [com.bcu.edu.controller.FeignController:?] - [Feign] OrderService 调用验证用户：userId=4
[2025-11-04 21:02:19.034] [INFO ] [user-service] [http-nio-8061-exec-7] [com.bcu.edu.controller.FeignController:?] - [Feign] OrderService 调用获取地址：addressId=2
[2025-11-04 21:02:19.096] [INFO ] [user-service] [log-async-2] [com.bcu.edu.service.LogService:?] - 操作日志已保存: module=订单管理, operation=创建订单, user=unknown, result=SUCCESS
[2025-11-04 21:02:19.120] [INFO ] [user-service] [log-async-1] [com.bcu.edu.service.LogService:?] - 操作日志已保存: module=拼团管理, operation=参与拼团, user=33, result=SUCCESS
[2025-11-04 21:02:19.459] [INFO ] [user-service] [http-nio-8061-exec-10] [com.bcu.edu.controller.FeignController:?] - [Feign] GroupBuyService 调用获取用户信息：userId=3
[2025-11-04 21:02:24.736] [INFO ] [user-service] [http-nio-8061-exec-3] [com.bcu.edu.controller.FeignController:?] - [Feign] GroupBuyService 调用获取用户信息：userId=3
[2025-11-04 21:02:36.720] [INFO ] [user-service] [log-async-2] [com.bcu.edu.service.LogService:?] - 操作日志已保存: module=订单管理, operation=查询我的订单, user=33, result=SUCCESS
[2025-11-04 21:02:41.533] [INFO ] [user-service] [http-nio-8061-exec-2] [com.bcu.edu.controller.FeignController:?] - [Feign] GroupBuyService 调用获取用户信息：userId=3
[2025-11-04 21:02:45.190] [INFO ] [user-service] [http-nio-8061-exec-5] [com.bcu.edu.controller.FeignController:?] - [Feign] GroupBuyService 调用获取用户信息：userId=3
[2025-11-04 21:02:45.213] [INFO ] [user-service] [http-nio-8061-exec-6] [com.bcu.edu.controller.FeignController:?] - [Feign] GroupBuyService 调用获取用户信息：userId=3
[2025-11-04 21:02:51.874] [INFO ] [user-service] [http-nio-8061-exec-8] [com.bcu.edu.controller.FeignController:?] - [Feign] GroupBuyService 调用获取用户信息：userId=3
[2025-11-04 21:02:51.900] [INFO ] [user-service] [http-nio-8061-exec-9] [com.bcu.edu.controller.FeignController:?] - [Feign] GroupBuyService 调用获取用户信息：userId=3
[2025-11-04 21:03:06.761] [INFO ] [user-service] [http-nio-8061-exec-10] [com.bcu.edu.controller.FeignController:?] - [Feign] GroupBuyService 调用获取用户信息：userId=3
