[2025-11-01 13:31:14.266] [DEBUG] [user-service] [main] [com.bcu.edu.UserServiceApplication:51] - Running with Spring Boot v3.2.3, Spring v6.1.4
[2025-11-01 13:31:17.079] [DEBUG] [user-service] [main] [com.bcu.edu.config.JwtAuthenticationFilter:240] - Filter 'jwtFilter' configured for use
[2025-11-01 13:31:50.715] [DEBUG] [user-service] [http-nio-8061-exec-3] [com.bcu.edu.config.JwtAuthenticationFilter:54] - 网关请求，用户信息: userId=3, username=22
[2025-11-01 13:31:50.811] [DEBUG] [user-service] [http-nio-8061-exec-3] [org.hibernate.SQL:135] - 
    select
        ua1_0.address_id,
        ua1_0.city,
        ua1_0.detail,
        ua1_0.district,
        ua1_0.is_default,
        ua1_0.latitude,
        ua1_0.longitude,
        ua1_0.phone,
        ua1_0.province,
        ua1_0.receiver,
        ua1_0.user_id 
    from
        user_address ua1_0 
    where
        ua1_0.user_id=?
[2025-11-01 13:36:23.129] [DEBUG] [user-service] [main] [com.bcu.edu.UserServiceApplication:51] - Running with Spring Boot v3.2.3, Spring v6.1.4
[2025-11-01 13:36:25.743] [DEBUG] [user-service] [main] [com.bcu.edu.config.JwtAuthenticationFilter:240] - Filter 'jwtFilter' configured for use
[2025-11-01 13:36:43.226] [DEBUG] [user-service] [http-nio-8061-exec-3] [com.bcu.edu.controller.LogController:39] - 收到日志保存请求: module=拼团管理, operation=发起拼团, user=22
[2025-11-01 13:36:43.259] [DEBUG] [user-service] [log-async-1] [org.hibernate.SQL:135] - 
    insert 
    into
        sys_operation_log
        (create_time, duration, error_msg, ip, method, module, operation, params, result, user_id, username) 
    values
        (?, ?, ?, ?, ?, ?, ?, ?, ?, ?, ?)
[2025-11-01 13:39:57.150] [DEBUG] [user-service] [main] [com.bcu.edu.UserServiceApplication:51] - Running with Spring Boot v3.2.3, Spring v6.1.4
[2025-11-01 13:39:59.502] [DEBUG] [user-service] [main] [com.bcu.edu.config.JwtAuthenticationFilter:240] - Filter 'jwtFilter' configured for use
[2025-11-01 13:40:15.765] [DEBUG] [user-service] [http-nio-8061-exec-2] [org.hibernate.SQL:135] - 
    select
        su1_0.user_id,
        su1_0.avatar,
        su1_0.community_id,
        su1_0.create_time,
        su1_0.password,
        su1_0.phone,
        su1_0.real_name,
        su1_0.role,
        su1_0.status,
        su1_0.update_time,
        su1_0.username,
        su1_0.wx_openid 
    from
        sys_user su1_0 
    where
        su1_0.user_id=?
[2025-11-01 13:40:15.878] [DEBUG] [user-service] [http-nio-8061-exec-3] [com.bcu.edu.controller.LogController:39] - 收到日志保存请求: module=拼团管理, operation=发起拼团, user=22
[2025-11-01 13:40:15.899] [DEBUG] [user-service] [log-async-1] [org.hibernate.SQL:135] - 
    insert 
    into
        sys_operation_log
        (create_time, duration, error_msg, ip, method, module, operation, params, result, user_id, username) 
    values
        (?, ?, ?, ?, ?, ?, ?, ?, ?, ?, ?)
[2025-11-01 13:41:12.647] [DEBUG] [user-service] [http-nio-8061-exec-8] [org.hibernate.SQL:135] - 
    select
        su1_0.user_id,
        su1_0.avatar,
        su1_0.community_id,
        su1_0.create_time,
        su1_0.password,
        su1_0.phone,
        su1_0.real_name,
        su1_0.role,
        su1_0.status,
        su1_0.update_time,
        su1_0.username,
        su1_0.wx_openid 
    from
        sys_user su1_0 
    where
        su1_0.user_id=?
[2025-11-01 13:41:18.757] [DEBUG] [user-service] [http-nio-8061-exec-9] [com.bcu.edu.config.JwtAuthenticationFilter:54] - 网关请求，用户信息: userId=3, username=22
[2025-11-01 13:41:18.809] [DEBUG] [user-service] [http-nio-8061-exec-9] [org.hibernate.SQL:135] - 
    select
        ua1_0.address_id,
        ua1_0.city,
        ua1_0.detail,
        ua1_0.district,
        ua1_0.is_default,
        ua1_0.latitude,
        ua1_0.longitude,
        ua1_0.phone,
        ua1_0.province,
        ua1_0.receiver,
        ua1_0.user_id 
    from
        user_address ua1_0 
    where
        ua1_0.user_id=?
[2025-11-01 13:42:45.910] [DEBUG] [user-service] [http-nio-8061-exec-8] [org.hibernate.SQL:135] - 
    select
        su1_0.user_id,
        su1_0.avatar,
        su1_0.community_id,
        su1_0.create_time,
        su1_0.password,
        su1_0.phone,
        su1_0.real_name,
        su1_0.role,
        su1_0.status,
        su1_0.update_time,
        su1_0.username,
        su1_0.wx_openid 
    from
        sys_user su1_0 
    where
        su1_0.user_id=?
[2025-11-01 13:42:53.752] [DEBUG] [user-service] [http-nio-8061-exec-10] [org.hibernate.SQL:135] - 
    select
        su1_0.user_id,
        su1_0.avatar,
        su1_0.community_id,
        su1_0.create_time,
        su1_0.password,
        su1_0.phone,
        su1_0.real_name,
        su1_0.role,
        su1_0.status,
        su1_0.update_time,
        su1_0.username,
        su1_0.wx_openid 
    from
        sys_user su1_0 
    where
        su1_0.user_id=?
[2025-11-01 13:43:01.852] [DEBUG] [user-service] [http-nio-8061-exec-1] [org.hibernate.SQL:135] - 
    select
        su1_0.user_id,
        su1_0.avatar,
        su1_0.community_id,
        su1_0.create_time,
        su1_0.password,
        su1_0.phone,
        su1_0.real_name,
        su1_0.role,
        su1_0.status,
        su1_0.update_time,
        su1_0.username,
        su1_0.wx_openid 
    from
        sys_user su1_0 
    where
        su1_0.user_id=?
[2025-11-01 13:43:05.178] [DEBUG] [user-service] [http-nio-8061-exec-2] [org.hibernate.SQL:135] - 
    select
        su1_0.user_id,
        su1_0.avatar,
        su1_0.community_id,
        su1_0.create_time,
        su1_0.password,
        su1_0.phone,
        su1_0.real_name,
        su1_0.role,
        su1_0.status,
        su1_0.update_time,
        su1_0.username,
        su1_0.wx_openid 
    from
        sys_user su1_0 
    where
        su1_0.user_id=?
[2025-11-01 13:43:06.360] [DEBUG] [user-service] [http-nio-8061-exec-4] [org.hibernate.SQL:135] - 
    select
        su1_0.user_id,
        su1_0.avatar,
        su1_0.community_id,
        su1_0.create_time,
        su1_0.password,
        su1_0.phone,
        su1_0.real_name,
        su1_0.role,
        su1_0.status,
        su1_0.update_time,
        su1_0.username,
        su1_0.wx_openid 
    from
        sys_user su1_0 
    where
        su1_0.user_id=?
[2025-11-01 13:43:17.859] [DEBUG] [user-service] [http-nio-8061-exec-5] [org.hibernate.SQL:135] - 
    select
        su1_0.user_id,
        su1_0.avatar,
        su1_0.community_id,
        su1_0.create_time,
        su1_0.password,
        su1_0.phone,
        su1_0.real_name,
        su1_0.role,
        su1_0.status,
        su1_0.update_time,
        su1_0.username,
        su1_0.wx_openid 
    from
        sys_user su1_0 
    where
        su1_0.user_id=?
[2025-11-01 13:46:19.632] [DEBUG] [user-service] [http-nio-8061-exec-9] [com.bcu.edu.config.JwtAuthenticationFilter:54] - 网关请求，用户信息: userId=3, username=22
[2025-11-01 13:46:19.636] [DEBUG] [user-service] [http-nio-8061-exec-9] [org.hibernate.SQL:135] - 
    select
        su1_0.user_id,
        su1_0.avatar,
        su1_0.community_id,
        su1_0.create_time,
        su1_0.password,
        su1_0.phone,
        su1_0.real_name,
        su1_0.role,
        su1_0.status,
        su1_0.update_time,
        su1_0.username,
        su1_0.wx_openid 
    from
        sys_user su1_0 
    where
        su1_0.user_id=?
[2025-11-01 13:46:19.651] [DEBUG] [user-service] [http-nio-8061-exec-10] [com.bcu.edu.config.JwtAuthenticationFilter:54] - 网关请求，用户信息: userId=3, username=22
[2025-11-01 13:46:19.655] [DEBUG] [user-service] [http-nio-8061-exec-10] [org.hibernate.SQL:135] - 
    select
        ua1_0.account_id,
        ua1_0.balance,
        ua1_0.freeze_amount,
        ua1_0.update_time,
        ua1_0.user_id 
    from
        user_account ua1_0 
    where
        ua1_0.user_id=?
[2025-11-01 13:46:36.698] [DEBUG] [user-service] [http-nio-8061-exec-3] [com.bcu.edu.config.JwtAuthenticationFilter:54] - 网关请求，用户信息: userId=3, username=22
[2025-11-01 13:46:36.701] [DEBUG] [user-service] [http-nio-8061-exec-3] [org.hibernate.SQL:135] - 
    select
        su1_0.user_id,
        su1_0.avatar,
        su1_0.community_id,
        su1_0.create_time,
        su1_0.password,
        su1_0.phone,
        su1_0.real_name,
        su1_0.role,
        su1_0.status,
        su1_0.update_time,
        su1_0.username,
        su1_0.wx_openid 
    from
        sys_user su1_0 
    where
        su1_0.user_id=?
[2025-11-01 13:46:36.717] [DEBUG] [user-service] [http-nio-8061-exec-4] [com.bcu.edu.config.JwtAuthenticationFilter:54] - 网关请求，用户信息: userId=3, username=22
[2025-11-01 13:46:36.720] [DEBUG] [user-service] [http-nio-8061-exec-4] [org.hibernate.SQL:135] - 
    select
        ua1_0.account_id,
        ua1_0.balance,
        ua1_0.freeze_amount,
        ua1_0.update_time,
        ua1_0.user_id 
    from
        user_account ua1_0 
    where
        ua1_0.user_id=?
[2025-11-01 13:47:14.913] [DEBUG] [user-service] [http-nio-8061-exec-7] [org.hibernate.SQL:135] - 
    select
        su1_0.user_id,
        su1_0.avatar,
        su1_0.community_id,
        su1_0.create_time,
        su1_0.password,
        su1_0.phone,
        su1_0.real_name,
        su1_0.role,
        su1_0.status,
        su1_0.update_time,
        su1_0.username,
        su1_0.wx_openid 
    from
        sys_user su1_0 
    where
        su1_0.username=?
[2025-11-01 13:47:15.158] [DEBUG] [user-service] [http-nio-8061-exec-7] [com.bcu.edu.common.aspect.OperationLogAspect:113] - 操作日志已通过Feign记录: module=认证管理, operation=用户登录
[2025-11-01 13:47:15.511] [DEBUG] [user-service] [http-nio-8061-exec-8] [com.bcu.edu.config.JwtAuthenticationFilter:54] - 网关请求，用户信息: userId=3, username=22
[2025-11-01 13:47:15.512] [DEBUG] [user-service] [http-nio-8061-exec-8] [org.hibernate.SQL:135] - 
    select
        su1_0.user_id,
        su1_0.avatar,
        su1_0.community_id,
        su1_0.create_time,
        su1_0.password,
        su1_0.phone,
        su1_0.real_name,
        su1_0.role,
        su1_0.status,
        su1_0.update_time,
        su1_0.username,
        su1_0.wx_openid 
    from
        sys_user su1_0 
    where
        su1_0.user_id=?
[2025-11-01 13:47:15.527] [DEBUG] [user-service] [http-nio-8061-exec-9] [com.bcu.edu.config.JwtAuthenticationFilter:54] - 网关请求，用户信息: userId=3, username=22
[2025-11-01 13:47:15.530] [DEBUG] [user-service] [http-nio-8061-exec-9] [org.hibernate.SQL:135] - 
    select
        ua1_0.account_id,
        ua1_0.balance,
        ua1_0.freeze_amount,
        ua1_0.update_time,
        ua1_0.user_id 
    from
        user_account ua1_0 
    where
        ua1_0.user_id=?
[2025-11-01 13:48:21.409] [DEBUG] [user-service] [http-nio-8061-exec-6] [com.bcu.edu.config.JwtAuthenticationFilter:54] - 网关请求，用户信息: userId=3, username=22
[2025-11-01 13:48:21.412] [DEBUG] [user-service] [http-nio-8061-exec-6] [org.hibernate.SQL:135] - 
    select
        ua1_0.address_id,
        ua1_0.city,
        ua1_0.detail,
        ua1_0.district,
        ua1_0.is_default,
        ua1_0.latitude,
        ua1_0.longitude,
        ua1_0.phone,
        ua1_0.province,
        ua1_0.receiver,
        ua1_0.user_id 
    from
        user_address ua1_0 
    where
        ua1_0.user_id=?
[2025-11-01 13:48:27.364] [DEBUG] [user-service] [http-nio-8061-exec-7] [com.bcu.edu.config.JwtAuthenticationFilter:54] - 网关请求，用户信息: userId=3, username=22
[2025-11-01 13:48:27.366] [DEBUG] [user-service] [http-nio-8061-exec-7] [org.hibernate.SQL:135] - 
    select
        ua1_0.address_id,
        ua1_0.city,
        ua1_0.detail,
        ua1_0.district,
        ua1_0.is_default,
        ua1_0.latitude,
        ua1_0.longitude,
        ua1_0.phone,
        ua1_0.province,
        ua1_0.receiver,
        ua1_0.user_id 
    from
        user_address ua1_0 
    where
        ua1_0.user_id=?
[2025-11-01 13:48:33.767] [DEBUG] [user-service] [http-nio-8061-exec-8] [com.bcu.edu.config.JwtAuthenticationFilter:54] - 网关请求，用户信息: userId=3, username=22
[2025-11-01 13:48:33.769] [DEBUG] [user-service] [http-nio-8061-exec-8] [org.hibernate.SQL:135] - 
    select
        ua1_0.address_id,
        ua1_0.city,
        ua1_0.detail,
        ua1_0.district,
        ua1_0.is_default,
        ua1_0.latitude,
        ua1_0.longitude,
        ua1_0.phone,
        ua1_0.province,
        ua1_0.receiver,
        ua1_0.user_id 
    from
        user_address ua1_0 
    where
        ua1_0.user_id=?
[2025-11-01 13:48:37.964] [DEBUG] [user-service] [http-nio-8061-exec-10] [com.bcu.edu.config.JwtAuthenticationFilter:54] - 网关请求，用户信息: userId=3, username=22
[2025-11-01 13:48:37.967] [DEBUG] [user-service] [http-nio-8061-exec-10] [org.hibernate.SQL:135] - 
    select
        su1_0.user_id,
        su1_0.avatar,
        su1_0.community_id,
        su1_0.create_time,
        su1_0.password,
        su1_0.phone,
        su1_0.real_name,
        su1_0.role,
        su1_0.status,
        su1_0.update_time,
        su1_0.username,
        su1_0.wx_openid 
    from
        sys_user su1_0 
    where
        su1_0.user_id=?
[2025-11-01 13:48:37.979] [DEBUG] [user-service] [http-nio-8061-exec-1] [com.bcu.edu.config.JwtAuthenticationFilter:54] - 网关请求，用户信息: userId=3, username=22
[2025-11-01 13:48:37.980] [DEBUG] [user-service] [http-nio-8061-exec-1] [org.hibernate.SQL:135] - 
    select
        ua1_0.account_id,
        ua1_0.balance,
        ua1_0.freeze_amount,
        ua1_0.update_time,
        ua1_0.user_id 
    from
        user_account ua1_0 
    where
        ua1_0.user_id=?
[2025-11-01 13:48:43.089] [DEBUG] [user-service] [http-nio-8061-exec-2] [com.bcu.edu.config.JwtAuthenticationFilter:54] - 网关请求，用户信息: userId=3, username=22
[2025-11-01 13:48:43.091] [DEBUG] [user-service] [http-nio-8061-exec-2] [org.hibernate.SQL:135] - 
    select
        su1_0.user_id,
        su1_0.avatar,
        su1_0.community_id,
        su1_0.create_time,
        su1_0.password,
        su1_0.phone,
        su1_0.real_name,
        su1_0.role,
        su1_0.status,
        su1_0.update_time,
        su1_0.username,
        su1_0.wx_openid 
    from
        sys_user su1_0 
    where
        su1_0.user_id=?
[2025-11-01 13:48:43.106] [DEBUG] [user-service] [http-nio-8061-exec-3] [com.bcu.edu.config.JwtAuthenticationFilter:54] - 网关请求，用户信息: userId=3, username=22
[2025-11-01 13:48:43.108] [DEBUG] [user-service] [http-nio-8061-exec-3] [org.hibernate.SQL:135] - 
    select
        ua1_0.account_id,
        ua1_0.balance,
        ua1_0.freeze_amount,
        ua1_0.update_time,
        ua1_0.user_id 
    from
        user_account ua1_0 
    where
        ua1_0.user_id=?
[2025-11-01 13:48:43.876] [DEBUG] [user-service] [http-nio-8061-exec-4] [org.hibernate.SQL:135] - 
    select
        su1_0.user_id,
        su1_0.avatar,
        su1_0.community_id,
        su1_0.create_time,
        su1_0.password,
        su1_0.phone,
        su1_0.real_name,
        su1_0.role,
        su1_0.status,
        su1_0.update_time,
        su1_0.username,
        su1_0.wx_openid 
    from
        sys_user su1_0 
    where
        su1_0.user_id=?
[2025-11-01 13:48:53.330] [DEBUG] [user-service] [http-nio-8061-exec-6] [org.hibernate.SQL:135] - 
    select
        su1_0.user_id,
        su1_0.avatar,
        su1_0.community_id,
        su1_0.create_time,
        su1_0.password,
        su1_0.phone,
        su1_0.real_name,
        su1_0.role,
        su1_0.status,
        su1_0.update_time,
        su1_0.username,
        su1_0.wx_openid 
    from
        sys_user su1_0 
    where
        su1_0.user_id=?
[2025-11-01 13:49:09.712] [DEBUG] [user-service] [http-nio-8061-exec-8] [com.bcu.edu.config.JwtAuthenticationFilter:54] - 网关请求，用户信息: userId=3, username=22
[2025-11-01 13:49:09.714] [DEBUG] [user-service] [http-nio-8061-exec-8] [org.hibernate.SQL:135] - 
    select
        ua1_0.address_id,
        ua1_0.city,
        ua1_0.detail,
        ua1_0.district,
        ua1_0.is_default,
        ua1_0.latitude,
        ua1_0.longitude,
        ua1_0.phone,
        ua1_0.province,
        ua1_0.receiver,
        ua1_0.user_id 
    from
        user_address ua1_0 
    where
        ua1_0.user_id=?
[2025-11-01 13:49:26.126] [DEBUG] [user-service] [http-nio-8061-exec-10] [org.hibernate.SQL:135] - 
    select
        su1_0.user_id,
        su1_0.avatar,
        su1_0.community_id,
        su1_0.create_time,
        su1_0.password,
        su1_0.phone,
        su1_0.real_name,
        su1_0.role,
        su1_0.status,
        su1_0.update_time,
        su1_0.username,
        su1_0.wx_openid 
    from
        sys_user su1_0 
    where
        su1_0.user_id=?
[2025-11-01 13:49:35.623] [DEBUG] [user-service] [http-nio-8061-exec-1] [com.bcu.edu.config.JwtAuthenticationFilter:54] - 网关请求，用户信息: userId=3, username=22
[2025-11-01 13:49:35.626] [DEBUG] [user-service] [http-nio-8061-exec-1] [org.hibernate.SQL:135] - 
    select
        su1_0.user_id,
        su1_0.avatar,
        su1_0.community_id,
        su1_0.create_time,
        su1_0.password,
        su1_0.phone,
        su1_0.real_name,
        su1_0.role,
        su1_0.status,
        su1_0.update_time,
        su1_0.username,
        su1_0.wx_openid 
    from
        sys_user su1_0 
    where
        su1_0.user_id=?
[2025-11-01 13:49:35.642] [DEBUG] [user-service] [http-nio-8061-exec-2] [com.bcu.edu.config.JwtAuthenticationFilter:54] - 网关请求，用户信息: userId=3, username=22
[2025-11-01 13:49:35.644] [DEBUG] [user-service] [http-nio-8061-exec-2] [org.hibernate.SQL:135] - 
    select
        ua1_0.account_id,
        ua1_0.balance,
        ua1_0.freeze_amount,
        ua1_0.update_time,
        ua1_0.user_id 
    from
        user_account ua1_0 
    where
        ua1_0.user_id=?
[2025-11-01 13:49:44.461] [DEBUG] [user-service] [http-nio-8061-exec-4] [com.bcu.edu.config.JwtAuthenticationFilter:54] - 网关请求，用户信息: userId=3, username=22
[2025-11-01 13:49:44.463] [DEBUG] [user-service] [http-nio-8061-exec-4] [org.hibernate.SQL:135] - 
    select
        su1_0.user_id,
        su1_0.avatar,
        su1_0.community_id,
        su1_0.create_time,
        su1_0.password,
        su1_0.phone,
        su1_0.real_name,
        su1_0.role,
        su1_0.status,
        su1_0.update_time,
        su1_0.username,
        su1_0.wx_openid 
    from
        sys_user su1_0 
    where
        su1_0.user_id=?
[2025-11-01 13:49:44.477] [DEBUG] [user-service] [http-nio-8061-exec-5] [com.bcu.edu.config.JwtAuthenticationFilter:54] - 网关请求，用户信息: userId=3, username=22
[2025-11-01 13:49:44.479] [DEBUG] [user-service] [http-nio-8061-exec-5] [org.hibernate.SQL:135] - 
    select
        ua1_0.account_id,
        ua1_0.balance,
        ua1_0.freeze_amount,
        ua1_0.update_time,
        ua1_0.user_id 
    from
        user_account ua1_0 
    where
        ua1_0.user_id=?
[2025-11-01 13:49:45.139] [DEBUG] [user-service] [http-nio-8061-exec-6] [org.hibernate.SQL:135] - 
    select
        su1_0.user_id,
        su1_0.avatar,
        su1_0.community_id,
        su1_0.create_time,
        su1_0.password,
        su1_0.phone,
        su1_0.real_name,
        su1_0.role,
        su1_0.status,
        su1_0.update_time,
        su1_0.username,
        su1_0.wx_openid 
    from
        sys_user su1_0 
    where
        su1_0.user_id=?
[2025-11-01 13:49:49.606] [DEBUG] [user-service] [http-nio-8061-exec-7] [org.hibernate.SQL:135] - 
    select
        su1_0.user_id,
        su1_0.avatar,
        su1_0.community_id,
        su1_0.create_time,
        su1_0.password,
        su1_0.phone,
        su1_0.real_name,
        su1_0.role,
        su1_0.status,
        su1_0.update_time,
        su1_0.username,
        su1_0.wx_openid 
    from
        sys_user su1_0 
    where
        su1_0.user_id=?
[2025-11-01 13:49:51.529] [DEBUG] [user-service] [http-nio-8061-exec-9] [com.bcu.edu.config.JwtAuthenticationFilter:54] - 网关请求，用户信息: userId=3, username=22
[2025-11-01 13:49:51.533] [DEBUG] [user-service] [http-nio-8061-exec-9] [org.hibernate.SQL:135] - 
    select
        ua1_0.address_id,
        ua1_0.city,
        ua1_0.detail,
        ua1_0.district,
        ua1_0.is_default,
        ua1_0.latitude,
        ua1_0.longitude,
        ua1_0.phone,
        ua1_0.province,
        ua1_0.receiver,
        ua1_0.user_id 
    from
        user_address ua1_0 
    where
        ua1_0.user_id=?
[2025-11-01 13:50:00.165] [DEBUG] [user-service] [http-nio-8061-exec-10] [com.bcu.edu.controller.LogController:39] - 收到日志保存请求: module=拼团管理, operation=参与拼团, user=22
[2025-11-01 13:50:00.167] [DEBUG] [user-service] [log-async-2] [org.hibernate.SQL:135] - 
    insert 
    into
        sys_operation_log
        (create_time, duration, error_msg, ip, method, module, operation, params, result, user_id, username) 
    values
        (?, ?, ?, ?, ?, ?, ?, ?, ?, ?, ?)
[2025-11-01 13:50:15.019] [DEBUG] [user-service] [http-nio-8061-exec-2] [com.bcu.edu.config.JwtAuthenticationFilter:54] - 网关请求，用户信息: userId=3, username=22
[2025-11-01 13:50:15.023] [DEBUG] [user-service] [http-nio-8061-exec-2] [org.hibernate.SQL:135] - 
    select
        su1_0.user_id,
        su1_0.avatar,
        su1_0.community_id,
        su1_0.create_time,
        su1_0.password,
        su1_0.phone,
        su1_0.real_name,
        su1_0.role,
        su1_0.status,
        su1_0.update_time,
        su1_0.username,
        su1_0.wx_openid 
    from
        sys_user su1_0 
    where
        su1_0.user_id=?
[2025-11-01 13:50:15.036] [DEBUG] [user-service] [http-nio-8061-exec-3] [com.bcu.edu.config.JwtAuthenticationFilter:54] - 网关请求，用户信息: userId=3, username=22
[2025-11-01 13:50:15.039] [DEBUG] [user-service] [http-nio-8061-exec-3] [org.hibernate.SQL:135] - 
    select
        ua1_0.account_id,
        ua1_0.balance,
        ua1_0.freeze_amount,
        ua1_0.update_time,
        ua1_0.user_id 
    from
        user_account ua1_0 
    where
        ua1_0.user_id=?
[2025-11-01 13:57:53.187] [DEBUG] [user-service] [http-nio-8061-exec-7] [com.bcu.edu.config.JwtAuthenticationFilter:54] - 网关请求，用户信息: userId=3, username=22
[2025-11-01 13:57:53.189] [DEBUG] [user-service] [http-nio-8061-exec-7] [org.hibernate.SQL:135] - 
    select
        su1_0.user_id,
        su1_0.avatar,
        su1_0.community_id,
        su1_0.create_time,
        su1_0.password,
        su1_0.phone,
        su1_0.real_name,
        su1_0.role,
        su1_0.status,
        su1_0.update_time,
        su1_0.username,
        su1_0.wx_openid 
    from
        sys_user su1_0 
    where
        su1_0.user_id=?
[2025-11-01 13:57:53.205] [DEBUG] [user-service] [http-nio-8061-exec-8] [com.bcu.edu.config.JwtAuthenticationFilter:54] - 网关请求，用户信息: userId=3, username=22
[2025-11-01 13:57:53.207] [DEBUG] [user-service] [http-nio-8061-exec-8] [org.hibernate.SQL:135] - 
    select
        ua1_0.account_id,
        ua1_0.balance,
        ua1_0.freeze_amount,
        ua1_0.update_time,
        ua1_0.user_id 
    from
        user_account ua1_0 
    where
        ua1_0.user_id=?
[2025-11-01 13:58:04.630] [DEBUG] [user-service] [http-nio-8061-exec-9] [com.bcu.edu.config.JwtAuthenticationFilter:54] - 网关请求，用户信息: userId=3, username=22
[2025-11-01 13:58:04.633] [DEBUG] [user-service] [http-nio-8061-exec-9] [org.hibernate.SQL:135] - 
    select
        su1_0.user_id,
        su1_0.avatar,
        su1_0.community_id,
        su1_0.create_time,
        su1_0.password,
        su1_0.phone,
        su1_0.real_name,
        su1_0.role,
        su1_0.status,
        su1_0.update_time,
        su1_0.username,
        su1_0.wx_openid 
    from
        sys_user su1_0 
    where
        su1_0.user_id=?
[2025-11-01 13:58:04.651] [DEBUG] [user-service] [http-nio-8061-exec-10] [com.bcu.edu.config.JwtAuthenticationFilter:54] - 网关请求，用户信息: userId=3, username=22
[2025-11-01 13:58:04.655] [DEBUG] [user-service] [http-nio-8061-exec-10] [org.hibernate.SQL:135] - 
    select
        ua1_0.account_id,
        ua1_0.balance,
        ua1_0.freeze_amount,
        ua1_0.update_time,
        ua1_0.user_id 
    from
        user_account ua1_0 
    where
        ua1_0.user_id=?
[2025-11-01 13:59:28.453] [DEBUG] [user-service] [http-nio-8061-exec-8] [com.bcu.edu.config.JwtAuthenticationFilter:54] - 网关请求，用户信息: userId=3, username=22
[2025-11-01 13:59:28.456] [DEBUG] [user-service] [http-nio-8061-exec-8] [org.hibernate.SQL:135] - 
    select
        su1_0.user_id,
        su1_0.avatar,
        su1_0.community_id,
        su1_0.create_time,
        su1_0.password,
        su1_0.phone,
        su1_0.real_name,
        su1_0.role,
        su1_0.status,
        su1_0.update_time,
        su1_0.username,
        su1_0.wx_openid 
    from
        sys_user su1_0 
    where
        su1_0.user_id=?
[2025-11-01 13:59:28.475] [DEBUG] [user-service] [http-nio-8061-exec-9] [com.bcu.edu.config.JwtAuthenticationFilter:54] - 网关请求，用户信息: userId=3, username=22
[2025-11-01 13:59:28.478] [DEBUG] [user-service] [http-nio-8061-exec-9] [org.hibernate.SQL:135] - 
    select
        ua1_0.account_id,
        ua1_0.balance,
        ua1_0.freeze_amount,
        ua1_0.update_time,
        ua1_0.user_id 
    from
        user_account ua1_0 
    where
        ua1_0.user_id=?
[2025-11-01 14:01:11.112] [DEBUG] [user-service] [http-nio-8061-exec-8] [com.bcu.edu.config.JwtAuthenticationFilter:54] - 网关请求，用户信息: userId=3, username=22
[2025-11-01 14:01:11.114] [DEBUG] [user-service] [http-nio-8061-exec-8] [org.hibernate.SQL:135] - 
    select
        ua1_0.address_id,
        ua1_0.city,
        ua1_0.detail,
        ua1_0.district,
        ua1_0.is_default,
        ua1_0.latitude,
        ua1_0.longitude,
        ua1_0.phone,
        ua1_0.province,
        ua1_0.receiver,
        ua1_0.user_id 
    from
        user_address ua1_0 
    where
        ua1_0.user_id=?
[2025-11-01 14:01:15.137] [DEBUG] [user-service] [http-nio-8061-exec-9] [com.bcu.edu.config.JwtAuthenticationFilter:54] - 网关请求，用户信息: userId=3, username=22
[2025-11-01 14:01:15.139] [DEBUG] [user-service] [http-nio-8061-exec-9] [org.hibernate.SQL:135] - 
    select
        su1_0.user_id,
        su1_0.avatar,
        su1_0.community_id,
        su1_0.create_time,
        su1_0.password,
        su1_0.phone,
        su1_0.real_name,
        su1_0.role,
        su1_0.status,
        su1_0.update_time,
        su1_0.username,
        su1_0.wx_openid 
    from
        sys_user su1_0 
    where
        su1_0.user_id=?
[2025-11-01 14:01:15.151] [DEBUG] [user-service] [http-nio-8061-exec-10] [com.bcu.edu.config.JwtAuthenticationFilter:54] - 网关请求，用户信息: userId=3, username=22
[2025-11-01 14:01:15.153] [DEBUG] [user-service] [http-nio-8061-exec-10] [org.hibernate.SQL:135] - 
    select
        ua1_0.account_id,
        ua1_0.balance,
        ua1_0.freeze_amount,
        ua1_0.update_time,
        ua1_0.user_id 
    from
        user_account ua1_0 
    where
        ua1_0.user_id=?
[2025-11-01 14:01:25.106] [DEBUG] [user-service] [http-nio-8061-exec-2] [org.hibernate.SQL:135] - 
    select
        su1_0.user_id,
        su1_0.avatar,
        su1_0.community_id,
        su1_0.create_time,
        su1_0.password,
        su1_0.phone,
        su1_0.real_name,
        su1_0.role,
        su1_0.status,
        su1_0.update_time,
        su1_0.username,
        su1_0.wx_openid 
    from
        sys_user su1_0 
    where
        su1_0.username=?
[2025-11-01 14:01:25.110] [DEBUG] [user-service] [http-nio-8061-exec-2] [com.bcu.edu.common.aspect.OperationLogAspect:113] - 操作日志已通过Feign记录: module=认证管理, operation=用户登录
[2025-11-01 14:01:25.132] [DEBUG] [user-service] [http-nio-8061-exec-3] [com.bcu.edu.config.JwtAuthenticationFilter:54] - 网关请求，用户信息: userId=4, username=33
[2025-11-01 14:01:25.134] [DEBUG] [user-service] [http-nio-8061-exec-3] [org.hibernate.SQL:135] - 
    select
        su1_0.user_id,
        su1_0.avatar,
        su1_0.community_id,
        su1_0.create_time,
        su1_0.password,
        su1_0.phone,
        su1_0.real_name,
        su1_0.role,
        su1_0.status,
        su1_0.update_time,
        su1_0.username,
        su1_0.wx_openid 
    from
        sys_user su1_0 
    where
        su1_0.user_id=?
[2025-11-01 14:01:25.148] [DEBUG] [user-service] [http-nio-8061-exec-4] [com.bcu.edu.config.JwtAuthenticationFilter:54] - 网关请求，用户信息: userId=4, username=33
[2025-11-01 14:01:25.150] [DEBUG] [user-service] [http-nio-8061-exec-4] [org.hibernate.SQL:135] - 
    select
        ua1_0.account_id,
        ua1_0.balance,
        ua1_0.freeze_amount,
        ua1_0.update_time,
        ua1_0.user_id 
    from
        user_account ua1_0 
    where
        ua1_0.user_id=?
[2025-11-01 14:01:31.747] [DEBUG] [user-service] [http-nio-8061-exec-5] [com.bcu.edu.config.JwtAuthenticationFilter:54] - 网关请求，用户信息: userId=4, username=33
[2025-11-01 14:01:31.748] [DEBUG] [user-service] [http-nio-8061-exec-5] [org.hibernate.SQL:135] - 
    select
        su1_0.user_id,
        su1_0.avatar,
        su1_0.community_id,
        su1_0.create_time,
        su1_0.password,
        su1_0.phone,
        su1_0.real_name,
        su1_0.role,
        su1_0.status,
        su1_0.update_time,
        su1_0.username,
        su1_0.wx_openid 
    from
        sys_user su1_0 
    where
        su1_0.user_id=?
[2025-11-01 14:01:31.758] [DEBUG] [user-service] [http-nio-8061-exec-6] [com.bcu.edu.config.JwtAuthenticationFilter:54] - 网关请求，用户信息: userId=4, username=33
[2025-11-01 14:01:31.760] [DEBUG] [user-service] [http-nio-8061-exec-6] [org.hibernate.SQL:135] - 
    select
        ua1_0.account_id,
        ua1_0.balance,
        ua1_0.freeze_amount,
        ua1_0.update_time,
        ua1_0.user_id 
    from
        user_account ua1_0 
    where
        ua1_0.user_id=?
[2025-11-01 14:01:35.467] [DEBUG] [user-service] [http-nio-8061-exec-7] [com.bcu.edu.config.JwtAuthenticationFilter:54] - 网关请求，用户信息: userId=4, username=33
[2025-11-01 14:01:35.470] [DEBUG] [user-service] [http-nio-8061-exec-7] [org.hibernate.SQL:135] - 
    select
        su1_0.user_id,
        su1_0.avatar,
        su1_0.community_id,
        su1_0.create_time,
        su1_0.password,
        su1_0.phone,
        su1_0.real_name,
        su1_0.role,
        su1_0.status,
        su1_0.update_time,
        su1_0.username,
        su1_0.wx_openid 
    from
        sys_user su1_0 
    where
        su1_0.user_id=?
[2025-11-01 14:01:35.492] [DEBUG] [user-service] [http-nio-8061-exec-8] [com.bcu.edu.config.JwtAuthenticationFilter:54] - 网关请求，用户信息: userId=4, username=33
[2025-11-01 14:01:35.496] [DEBUG] [user-service] [http-nio-8061-exec-8] [org.hibernate.SQL:135] - 
    select
        ua1_0.account_id,
        ua1_0.balance,
        ua1_0.freeze_amount,
        ua1_0.update_time,
        ua1_0.user_id 
    from
        user_account ua1_0 
    where
        ua1_0.user_id=?
[2025-11-01 14:01:51.401] [DEBUG] [user-service] [http-nio-8061-exec-10] [org.hibernate.SQL:135] - 
    select
        su1_0.user_id,
        su1_0.avatar,
        su1_0.community_id,
        su1_0.create_time,
        su1_0.password,
        su1_0.phone,
        su1_0.real_name,
        su1_0.role,
        su1_0.status,
        su1_0.update_time,
        su1_0.username,
        su1_0.wx_openid 
    from
        sys_user su1_0 
    where
        su1_0.user_id=?
[2025-11-01 14:01:55.734] [DEBUG] [user-service] [http-nio-8061-exec-2] [com.bcu.edu.config.JwtAuthenticationFilter:54] - 网关请求，用户信息: userId=4, username=33
[2025-11-01 14:01:55.736] [DEBUG] [user-service] [http-nio-8061-exec-2] [org.hibernate.SQL:135] - 
    select
        ua1_0.address_id,
        ua1_0.city,
        ua1_0.detail,
        ua1_0.district,
        ua1_0.is_default,
        ua1_0.latitude,
        ua1_0.longitude,
        ua1_0.phone,
        ua1_0.province,
        ua1_0.receiver,
        ua1_0.user_id 
    from
        user_address ua1_0 
    where
        ua1_0.user_id=?
[2025-11-01 14:02:02.261] [DEBUG] [user-service] [http-nio-8061-exec-3] [com.bcu.edu.config.JwtAuthenticationFilter:54] - 网关请求，用户信息: userId=4, username=33
[2025-11-01 14:02:02.263] [DEBUG] [user-service] [http-nio-8061-exec-3] [org.hibernate.SQL:135] - 
    select
        su1_0.user_id,
        su1_0.avatar,
        su1_0.community_id,
        su1_0.create_time,
        su1_0.password,
        su1_0.phone,
        su1_0.real_name,
        su1_0.role,
        su1_0.status,
        su1_0.update_time,
        su1_0.username,
        su1_0.wx_openid 
    from
        sys_user su1_0 
    where
        su1_0.user_id=?
[2025-11-01 14:02:02.274] [DEBUG] [user-service] [http-nio-8061-exec-4] [com.bcu.edu.config.JwtAuthenticationFilter:54] - 网关请求，用户信息: userId=4, username=33
[2025-11-01 14:02:02.276] [DEBUG] [user-service] [http-nio-8061-exec-4] [org.hibernate.SQL:135] - 
    select
        ua1_0.account_id,
        ua1_0.balance,
        ua1_0.freeze_amount,
        ua1_0.update_time,
        ua1_0.user_id 
    from
        user_account ua1_0 
    where
        ua1_0.user_id=?
[2025-11-01 14:02:03.955] [DEBUG] [user-service] [http-nio-8061-exec-5] [com.bcu.edu.config.JwtAuthenticationFilter:54] - 网关请求，用户信息: userId=4, username=33
[2025-11-01 14:02:03.957] [DEBUG] [user-service] [http-nio-8061-exec-5] [org.hibernate.SQL:135] - 
    select
        ua1_0.address_id,
        ua1_0.city,
        ua1_0.detail,
        ua1_0.district,
        ua1_0.is_default,
        ua1_0.latitude,
        ua1_0.longitude,
        ua1_0.phone,
        ua1_0.province,
        ua1_0.receiver,
        ua1_0.user_id 
    from
        user_address ua1_0 
    where
        ua1_0.user_id=?
[2025-11-01 14:02:49.031] [DEBUG] [user-service] [http-nio-8061-exec-9] [com.bcu.edu.config.JwtAuthenticationFilter:54] - 网关请求，用户信息: userId=4, username=33
[2025-11-01 14:03:11.646] [DEBUG] [user-service] [http-nio-8061-exec-3] [com.bcu.edu.config.JwtAuthenticationFilter:54] - 网关请求，用户信息: userId=4, username=33
[2025-11-01 14:03:11.658] [DEBUG] [user-service] [http-nio-8061-exec-3] [org.hibernate.SQL:135] - 
    update
        user_address 
    set
        is_default=0 
    where
        user_id=?
[2025-11-01 14:03:11.660] [DEBUG] [user-service] [http-nio-8061-exec-3] [org.hibernate.SQL:135] - 
    insert 
    into
        user_address
        (city, detail, district, is_default, latitude, longitude, phone, province, receiver, user_id) 
    values
        (?, ?, ?, ?, ?, ?, ?, ?, ?, ?)
[2025-11-01 14:03:11.674] [DEBUG] [user-service] [http-nio-8061-exec-4] [com.bcu.edu.config.JwtAuthenticationFilter:54] - 网关请求，用户信息: userId=4, username=33
[2025-11-01 14:03:11.676] [DEBUG] [user-service] [http-nio-8061-exec-4] [org.hibernate.SQL:135] - 
    select
        ua1_0.address_id,
        ua1_0.city,
        ua1_0.detail,
        ua1_0.district,
        ua1_0.is_default,
        ua1_0.latitude,
        ua1_0.longitude,
        ua1_0.phone,
        ua1_0.province,
        ua1_0.receiver,
        ua1_0.user_id 
    from
        user_address ua1_0 
    where
        ua1_0.user_id=?
[2025-11-01 14:03:13.555] [DEBUG] [user-service] [http-nio-8061-exec-5] [com.bcu.edu.config.JwtAuthenticationFilter:54] - 网关请求，用户信息: userId=4, username=33
[2025-11-01 14:03:13.558] [DEBUG] [user-service] [http-nio-8061-exec-5] [org.hibernate.SQL:135] - 
    select
        su1_0.user_id,
        su1_0.avatar,
        su1_0.community_id,
        su1_0.create_time,
        su1_0.password,
        su1_0.phone,
        su1_0.real_name,
        su1_0.role,
        su1_0.status,
        su1_0.update_time,
        su1_0.username,
        su1_0.wx_openid 
    from
        sys_user su1_0 
    where
        su1_0.user_id=?
[2025-11-01 14:03:13.568] [DEBUG] [user-service] [http-nio-8061-exec-6] [com.bcu.edu.config.JwtAuthenticationFilter:54] - 网关请求，用户信息: userId=4, username=33
[2025-11-01 14:03:13.571] [DEBUG] [user-service] [http-nio-8061-exec-6] [org.hibernate.SQL:135] - 
    select
        ua1_0.account_id,
        ua1_0.balance,
        ua1_0.freeze_amount,
        ua1_0.update_time,
        ua1_0.user_id 
    from
        user_account ua1_0 
    where
        ua1_0.user_id=?
[2025-11-01 14:03:15.344] [DEBUG] [user-service] [http-nio-8061-exec-7] [org.hibernate.SQL:135] - 
    select
        su1_0.user_id,
        su1_0.avatar,
        su1_0.community_id,
        su1_0.create_time,
        su1_0.password,
        su1_0.phone,
        su1_0.real_name,
        su1_0.role,
        su1_0.status,
        su1_0.update_time,
        su1_0.username,
        su1_0.wx_openid 
    from
        sys_user su1_0 
    where
        su1_0.user_id=?
[2025-11-01 14:03:16.486] [DEBUG] [user-service] [http-nio-8061-exec-8] [com.bcu.edu.config.JwtAuthenticationFilter:54] - 网关请求，用户信息: userId=4, username=33
[2025-11-01 14:03:16.488] [DEBUG] [user-service] [http-nio-8061-exec-8] [org.hibernate.SQL:135] - 
    select
        ua1_0.address_id,
        ua1_0.city,
        ua1_0.detail,
        ua1_0.district,
        ua1_0.is_default,
        ua1_0.latitude,
        ua1_0.longitude,
        ua1_0.phone,
        ua1_0.province,
        ua1_0.receiver,
        ua1_0.user_id 
    from
        user_address ua1_0 
    where
        ua1_0.user_id=?
[2025-11-01 14:03:21.193] [DEBUG] [user-service] [http-nio-8061-exec-9] [com.bcu.edu.controller.LogController:39] - 收到日志保存请求: module=拼团管理, operation=参与拼团, user=33
[2025-11-01 14:03:21.194] [DEBUG] [user-service] [log-async-1] [org.hibernate.SQL:135] - 
    insert 
    into
        sys_operation_log
        (create_time, duration, error_msg, ip, method, module, operation, params, result, user_id, username) 
    values
        (?, ?, ?, ?, ?, ?, ?, ?, ?, ?, ?)
[2025-11-01 15:03:13.061] [DEBUG] [user-service] [main] [com.bcu.edu.UserServiceApplication:51] - Running with Spring Boot v3.2.3, Spring v6.1.4
[2025-11-01 15:03:15.929] [DEBUG] [user-service] [main] [com.bcu.edu.config.JwtAuthenticationFilter:240] - Filter 'jwtFilter' configured for use
[2025-11-01 15:03:32.316] [DEBUG] [user-service] [http-nio-8061-exec-2] [com.bcu.edu.controller.LogController:39] - 收到日志保存请求: module=订单管理, operation=查询订单列表, user=1
[2025-11-01 15:03:32.316] [DEBUG] [user-service] [http-nio-8061-exec-3] [com.bcu.edu.controller.LogController:39] - 收到日志保存请求: module=订单管理, operation=查询订单统计, user=1
[2025-11-01 15:03:32.364] [DEBUG] [user-service] [log-async-2] [org.hibernate.SQL:135] - 
    insert 
    into
        sys_operation_log
        (create_time, duration, error_msg, ip, method, module, operation, params, result, user_id, username) 
    values
        (?, ?, ?, ?, ?, ?, ?, ?, ?, ?, ?)
[2025-11-01 15:03:32.364] [DEBUG] [user-service] [log-async-1] [org.hibernate.SQL:135] - 
    insert 
    into
        sys_operation_log
        (create_time, duration, error_msg, ip, method, module, operation, params, result, user_id, username) 
    values
        (?, ?, ?, ?, ?, ?, ?, ?, ?, ?, ?)
[2025-11-01 15:03:36.385] [DEBUG] [user-service] [http-nio-8061-exec-4] [com.bcu.edu.controller.LogController:39] - 收到日志保存请求: module=订单管理, operation=查询订单列表, user=1
[2025-11-01 15:03:36.387] [DEBUG] [user-service] [log-async-1] [org.hibernate.SQL:135] - 
    insert 
    into
        sys_operation_log
        (create_time, duration, error_msg, ip, method, module, operation, params, result, user_id, username) 
    values
        (?, ?, ?, ?, ?, ?, ?, ?, ?, ?, ?)
[2025-11-01 15:03:36.416] [DEBUG] [user-service] [http-nio-8061-exec-5] [com.bcu.edu.controller.LogController:39] - 收到日志保存请求: module=订单管理, operation=查询订单统计, user=1
[2025-11-01 15:03:36.418] [DEBUG] [user-service] [log-async-2] [org.hibernate.SQL:135] - 
    insert 
    into
        sys_operation_log
        (create_time, duration, error_msg, ip, method, module, operation, params, result, user_id, username) 
    values
        (?, ?, ?, ?, ?, ?, ?, ?, ?, ?, ?)
[2025-11-01 15:03:38.014] [DEBUG] [user-service] [http-nio-8061-exec-6] [com.bcu.edu.controller.LogController:39] - 收到日志保存请求: module=订单管理, operation=查询订单列表, user=1
[2025-11-01 15:03:38.017] [DEBUG] [user-service] [log-async-1] [org.hibernate.SQL:135] - 
    insert 
    into
        sys_operation_log
        (create_time, duration, error_msg, ip, method, module, operation, params, result, user_id, username) 
    values
        (?, ?, ?, ?, ?, ?, ?, ?, ?, ?, ?)
[2025-11-01 15:03:38.056] [DEBUG] [user-service] [http-nio-8061-exec-7] [com.bcu.edu.controller.LogController:39] - 收到日志保存请求: module=订单管理, operation=查询订单统计, user=1
[2025-11-01 15:03:38.058] [DEBUG] [user-service] [log-async-2] [org.hibernate.SQL:135] - 
    insert 
    into
        sys_operation_log
        (create_time, duration, error_msg, ip, method, module, operation, params, result, user_id, username) 
    values
        (?, ?, ?, ?, ?, ?, ?, ?, ?, ?, ?)
[2025-11-01 15:10:01.606] [DEBUG] [user-service] [http-nio-8061-exec-6] [org.hibernate.SQL:135] - 
    select
        su1_0.user_id,
        su1_0.avatar,
        su1_0.community_id,
        su1_0.create_time,
        su1_0.password,
        su1_0.phone,
        su1_0.real_name,
        su1_0.role,
        su1_0.status,
        su1_0.update_time,
        su1_0.username,
        su1_0.wx_openid 
    from
        sys_user su1_0 
    where
        su1_0.user_id=?
[2025-11-01 15:11:15.604] [DEBUG] [user-service] [http-nio-8061-exec-3] [org.hibernate.SQL:135] - 
    select
        su1_0.user_id,
        su1_0.avatar,
        su1_0.community_id,
        su1_0.create_time,
        su1_0.password,
        su1_0.phone,
        su1_0.real_name,
        su1_0.role,
        su1_0.status,
        su1_0.update_time,
        su1_0.username,
        su1_0.wx_openid 
    from
        sys_user su1_0 
    where
        su1_0.user_id=?
[2025-11-01 15:12:59.452] [DEBUG] [user-service] [http-nio-8061-exec-2] [com.bcu.edu.config.JwtAuthenticationFilter:54] - 网关请求，用户信息: userId=4, username=33
[2025-11-01 15:12:59.504] [DEBUG] [user-service] [http-nio-8061-exec-2] [org.hibernate.SQL:135] - 
    select
        ua1_0.address_id,
        ua1_0.city,
        ua1_0.detail,
        ua1_0.district,
        ua1_0.is_default,
        ua1_0.latitude,
        ua1_0.longitude,
        ua1_0.phone,
        ua1_0.province,
        ua1_0.receiver,
        ua1_0.user_id 
    from
        user_address ua1_0 
    where
        ua1_0.user_id=?
[2025-11-01 15:13:01.308] [DEBUG] [user-service] [http-nio-8061-exec-4] [com.bcu.edu.controller.LogController:39] - 收到日志保存请求: module=订单管理, operation=创建订单, user=unknown
[2025-11-01 15:13:01.310] [DEBUG] [user-service] [log-async-1] [org.hibernate.SQL:135] - 
    insert 
    into
        sys_operation_log
        (create_time, duration, error_msg, ip, method, module, operation, params, result, user_id, username) 
    values
        (?, ?, ?, ?, ?, ?, ?, ?, ?, ?, ?)
[2025-11-01 15:13:01.369] [DEBUG] [user-service] [http-nio-8061-exec-5] [com.bcu.edu.controller.LogController:39] - 收到日志保存请求: module=拼团管理, operation=参与拼团, user=33
[2025-11-01 15:13:01.370] [DEBUG] [user-service] [log-async-2] [org.hibernate.SQL:135] - 
    insert 
    into
        sys_operation_log
        (create_time, duration, error_msg, ip, method, module, operation, params, result, user_id, username) 
    values
        (?, ?, ?, ?, ?, ?, ?, ?, ?, ?, ?)
[2025-11-01 15:26:26.631] [DEBUG] [user-service] [http-nio-8061-exec-3] [com.bcu.edu.controller.LogController:39] - 收到日志保存请求: module=订单管理, operation=创建订单, user=unknown
[2025-11-01 15:26:26.632] [DEBUG] [user-service] [log-async-1] [org.hibernate.SQL:135] - 
    insert 
    into
        sys_operation_log
        (create_time, duration, error_msg, ip, method, module, operation, params, result, user_id, username) 
    values
        (?, ?, ?, ?, ?, ?, ?, ?, ?, ?, ?)
[2025-11-01 15:26:26.645] [DEBUG] [user-service] [http-nio-8061-exec-4] [com.bcu.edu.controller.LogController:39] - 收到日志保存请求: module=拼团管理, operation=参与拼团, user=33
[2025-11-01 15:26:26.646] [DEBUG] [user-service] [log-async-2] [org.hibernate.SQL:135] - 
    insert 
    into
        sys_operation_log
        (create_time, duration, error_msg, ip, method, module, operation, params, result, user_id, username) 
    values
        (?, ?, ?, ?, ?, ?, ?, ?, ?, ?, ?)
[2025-11-01 15:26:53.013] [DEBUG] [user-service] [main] [com.bcu.edu.UserServiceApplication:51] - Running with Spring Boot v3.2.3, Spring v6.1.4
[2025-11-01 15:26:55.545] [DEBUG] [user-service] [main] [com.bcu.edu.config.JwtAuthenticationFilter:240] - Filter 'jwtFilter' configured for use
[2025-11-01 15:27:13.047] [DEBUG] [user-service] [http-nio-8061-exec-2] [org.hibernate.SQL:135] - 
    select
        su1_0.user_id,
        su1_0.avatar,
        su1_0.community_id,
        su1_0.create_time,
        su1_0.password,
        su1_0.phone,
        su1_0.real_name,
        su1_0.role,
        su1_0.status,
        su1_0.update_time,
        su1_0.username,
        su1_0.wx_openid 
    from
        sys_user su1_0 
    where
        su1_0.user_id=?
[2025-11-01 15:27:13.088] [DEBUG] [user-service] [http-nio-8061-exec-3] [org.hibernate.SQL:135] - 
    select
        ua1_0.address_id,
        ua1_0.city,
        ua1_0.detail,
        ua1_0.district,
        ua1_0.is_default,
        ua1_0.latitude,
        ua1_0.longitude,
        ua1_0.phone,
        ua1_0.province,
        ua1_0.receiver,
        ua1_0.user_id 
    from
        user_address ua1_0 
    where
        ua1_0.address_id=?
[2025-11-01 15:27:13.191] [DEBUG] [user-service] [http-nio-8061-exec-4] [com.bcu.edu.controller.LogController:39] - 收到日志保存请求: module=订单管理, operation=创建订单, user=unknown
[2025-11-01 15:27:13.210] [DEBUG] [user-service] [log-async-1] [org.hibernate.SQL:135] - 
    insert 
    into
        sys_operation_log
        (create_time, duration, error_msg, ip, method, module, operation, params, result, user_id, username) 
    values
        (?, ?, ?, ?, ?, ?, ?, ?, ?, ?, ?)
[2025-11-01 15:27:13.275] [DEBUG] [user-service] [http-nio-8061-exec-5] [com.bcu.edu.controller.LogController:39] - 收到日志保存请求: module=拼团管理, operation=参与拼团, user=33
[2025-11-01 15:27:13.281] [DEBUG] [user-service] [log-async-2] [org.hibernate.SQL:135] - 
    insert 
    into
        sys_operation_log
        (create_time, duration, error_msg, ip, method, module, operation, params, result, user_id, username) 
    values
        (?, ?, ?, ?, ?, ?, ?, ?, ?, ?, ?)
[2025-11-01 15:27:16.898] [DEBUG] [user-service] [http-nio-8061-exec-8] [org.hibernate.SQL:135] - 
    select
        su1_0.user_id,
        su1_0.avatar,
        su1_0.community_id,
        su1_0.create_time,
        su1_0.password,
        su1_0.phone,
        su1_0.real_name,
        su1_0.role,
        su1_0.status,
        su1_0.update_time,
        su1_0.username,
        su1_0.wx_openid 
    from
        sys_user su1_0 
    where
        su1_0.user_id=?
[2025-11-01 15:27:16.906] [DEBUG] [user-service] [http-nio-8061-exec-7] [org.hibernate.SQL:135] - 
    select
        ua1_0.address_id,
        ua1_0.city,
        ua1_0.detail,
        ua1_0.district,
        ua1_0.is_default,
        ua1_0.latitude,
        ua1_0.longitude,
        ua1_0.phone,
        ua1_0.province,
        ua1_0.receiver,
        ua1_0.user_id 
    from
        user_address ua1_0 
    where
        ua1_0.address_id=?
[2025-11-01 15:27:16.921] [DEBUG] [user-service] [http-nio-8061-exec-6] [com.bcu.edu.controller.LogController:39] - 收到日志保存请求: module=订单管理, operation=创建订单, user=unknown
[2025-11-01 15:27:16.922] [DEBUG] [user-service] [log-async-1] [org.hibernate.SQL:135] - 
    insert 
    into
        sys_operation_log
        (create_time, duration, error_msg, ip, method, module, operation, params, result, user_id, username) 
    values
        (?, ?, ?, ?, ?, ?, ?, ?, ?, ?, ?)
[2025-11-01 15:27:16.935] [DEBUG] [user-service] [http-nio-8061-exec-9] [com.bcu.edu.controller.LogController:39] - 收到日志保存请求: module=拼团管理, operation=参与拼团, user=33
[2025-11-01 15:27:16.936] [DEBUG] [user-service] [log-async-2] [org.hibernate.SQL:135] - 
    insert 
    into
        sys_operation_log
        (create_time, duration, error_msg, ip, method, module, operation, params, result, user_id, username) 
    values
        (?, ?, ?, ?, ?, ?, ?, ?, ?, ?, ?)
[2025-11-01 15:30:42.928] [DEBUG] [user-service] [http-nio-8061-exec-8] [com.bcu.edu.config.JwtAuthenticationFilter:54] - 网关请求，用户信息: userId=4, username=33
[2025-11-01 15:30:42.932] [DEBUG] [user-service] [http-nio-8061-exec-8] [org.hibernate.SQL:135] - 
    select
        su1_0.user_id,
        su1_0.avatar,
        su1_0.community_id,
        su1_0.create_time,
        su1_0.password,
        su1_0.phone,
        su1_0.real_name,
        su1_0.role,
        su1_0.status,
        su1_0.update_time,
        su1_0.username,
        su1_0.wx_openid 
    from
        sys_user su1_0 
    where
        su1_0.user_id=?
[2025-11-01 15:30:42.955] [DEBUG] [user-service] [http-nio-8061-exec-7] [com.bcu.edu.config.JwtAuthenticationFilter:54] - 网关请求，用户信息: userId=4, username=33
[2025-11-01 15:30:43.021] [DEBUG] [user-service] [http-nio-8061-exec-7] [org.hibernate.SQL:135] - 
    select
        ua1_0.account_id,
        ua1_0.balance,
        ua1_0.freeze_amount,
        ua1_0.update_time,
        ua1_0.user_id 
    from
        user_account ua1_0 
    where
        ua1_0.user_id=?
[2025-11-01 15:30:45.165] [DEBUG] [user-service] [http-nio-8061-exec-6] [com.bcu.edu.controller.LogController:39] - 收到日志保存请求: module=订单管理, operation=查询我的订单, user=33
[2025-11-01 15:30:45.167] [DEBUG] [user-service] [log-async-1] [org.hibernate.SQL:135] - 
    insert 
    into
        sys_operation_log
        (create_time, duration, error_msg, ip, method, module, operation, params, result, user_id, username) 
    values
        (?, ?, ?, ?, ?, ?, ?, ?, ?, ?, ?)
[2025-11-01 15:30:53.859] [DEBUG] [user-service] [http-nio-8061-exec-10] [org.hibernate.SQL:135] - 
    select
        su1_0.user_id,
        su1_0.avatar,
        su1_0.community_id,
        su1_0.create_time,
        su1_0.password,
        su1_0.phone,
        su1_0.real_name,
        su1_0.role,
        su1_0.status,
        su1_0.update_time,
        su1_0.username,
        su1_0.wx_openid 
    from
        sys_user su1_0 
    where
        su1_0.username=?
[2025-11-01 15:30:54.111] [DEBUG] [user-service] [http-nio-8061-exec-10] [com.bcu.edu.common.aspect.OperationLogAspect:113] - 操作日志已通过Feign记录: module=认证管理, operation=用户登录
[2025-11-01 15:30:54.142] [DEBUG] [user-service] [http-nio-8061-exec-1] [com.bcu.edu.config.JwtAuthenticationFilter:54] - 网关请求，用户信息: userId=3, username=22
[2025-11-01 15:30:54.144] [DEBUG] [user-service] [http-nio-8061-exec-1] [org.hibernate.SQL:135] - 
    select
        su1_0.user_id,
        su1_0.avatar,
        su1_0.community_id,
        su1_0.create_time,
        su1_0.password,
        su1_0.phone,
        su1_0.real_name,
        su1_0.role,
        su1_0.status,
        su1_0.update_time,
        su1_0.username,
        su1_0.wx_openid 
    from
        sys_user su1_0 
    where
        su1_0.user_id=?
[2025-11-01 15:30:54.160] [DEBUG] [user-service] [http-nio-8061-exec-2] [com.bcu.edu.config.JwtAuthenticationFilter:54] - 网关请求，用户信息: userId=3, username=22
[2025-11-01 15:30:54.163] [DEBUG] [user-service] [http-nio-8061-exec-2] [org.hibernate.SQL:135] - 
    select
        ua1_0.account_id,
        ua1_0.balance,
        ua1_0.freeze_amount,
        ua1_0.update_time,
        ua1_0.user_id 
    from
        user_account ua1_0 
    where
        ua1_0.user_id=?
[2025-11-01 15:30:57.725] [DEBUG] [user-service] [http-nio-8061-exec-3] [com.bcu.edu.controller.LogController:39] - 收到日志保存请求: module=订单管理, operation=查询我的订单, user=22
[2025-11-01 15:30:57.727] [DEBUG] [user-service] [log-async-2] [org.hibernate.SQL:135] - 
    insert 
    into
        sys_operation_log
        (create_time, duration, error_msg, ip, method, module, operation, params, result, user_id, username) 
    values
        (?, ?, ?, ?, ?, ?, ?, ?, ?, ?, ?)
[2025-11-01 15:31:12.833] [DEBUG] [user-service] [http-nio-8061-exec-4] [com.bcu.edu.config.JwtAuthenticationFilter:54] - 网关请求，用户信息: userId=3, username=22
[2025-11-01 15:31:12.836] [DEBUG] [user-service] [http-nio-8061-exec-4] [org.hibernate.SQL:135] - 
    select
        su1_0.user_id,
        su1_0.avatar,
        su1_0.community_id,
        su1_0.create_time,
        su1_0.password,
        su1_0.phone,
        su1_0.real_name,
        su1_0.role,
        su1_0.status,
        su1_0.update_time,
        su1_0.username,
        su1_0.wx_openid 
    from
        sys_user su1_0 
    where
        su1_0.user_id=?
[2025-11-01 15:31:12.859] [DEBUG] [user-service] [http-nio-8061-exec-8] [com.bcu.edu.config.JwtAuthenticationFilter:54] - 网关请求，用户信息: userId=3, username=22
[2025-11-01 15:31:12.863] [DEBUG] [user-service] [http-nio-8061-exec-8] [org.hibernate.SQL:135] - 
    select
        ua1_0.account_id,
        ua1_0.balance,
        ua1_0.freeze_amount,
        ua1_0.update_time,
        ua1_0.user_id 
    from
        user_account ua1_0 
    where
        ua1_0.user_id=?
