[2025-11-08 21:50:01.778] [INFO ] [leader-service] [main] [com.bcu.edu.LeaderServiceApplication:?] - Starting LeaderServiceApplication using Java 17.0.6 with PID 17476 (E:\E\BYSJ\community-group-buy-backend\LeaderService\target\classes started by Gkr07 in E:\E\BYSJ\community-group-buy-backend)
[2025-11-08 21:50:01.788] [INFO ] [leader-service] [main] [com.bcu.edu.LeaderServiceApplication:?] - No active profile set, falling back to 1 default profile: "default"
[2025-11-08 21:50:03.516] [INFO ] [leader-service] [main] [o.s.d.r.config.RepositoryConfigurationDelegate:?] - Bootstrapping Spring Data JPA repositories in DEFAULT mode.
[2025-11-08 21:50:03.792] [INFO ] [leader-service] [main] [o.s.d.r.config.RepositoryConfigurationDelegate:?] - Finished Spring Data repository scanning in 262 ms. Found 5 JPA repository interfaces.
[2025-11-08 21:50:04.278] [INFO ] [leader-service] [main] [o.springframework.cloud.context.scope.GenericScope:?] - BeanFactory id=081f99ec-4975-3eec-8c21-5984ed4e2a56
[2025-11-08 21:50:04.865] [WARN ] [leader-service] [main] [o.s.c.s.PostProcessorRegistrationDelegate$BeanPostProcessorChecker:?] - Bean 'org.springframework.cloud.client.loadbalancer.LoadBalancerAutoConfiguration$LoadBalancerInterceptorConfig' of type [org.springframework.cloud.client.loadbalancer.LoadBalancerAutoConfiguration$LoadBalancerInterceptorConfig] is not eligible for getting processed by all BeanPostProcessors (for example: not eligible for auto-proxying). The currently created BeanPostProcessor [lbRestClientPostProcessor] is declared through a non-static factory method on that class; consider declaring it as static instead.
[2025-11-08 21:50:04.871] [WARN ] [leader-service] [main] [o.s.c.s.PostProcessorRegistrationDelegate$BeanPostProcessorChecker:?] - Bean 'org.springframework.cloud.loadbalancer.config.BlockingLoadBalancerClientAutoConfiguration' of type [org.springframework.cloud.loadbalancer.config.BlockingLoadBalancerClientAutoConfiguration] is not eligible for getting processed by all BeanPostProcessors (for example: not eligible for auto-proxying). Is this bean getting eagerly injected into a currently created BeanPostProcessor [lbRestClientPostProcessor]? Check the corresponding BeanPostProcessor declaration and its dependencies.
[2025-11-08 21:50:04.874] [WARN ] [leader-service] [main] [o.s.c.s.PostProcessorRegistrationDelegate$BeanPostProcessorChecker:?] - Bean 'org.springframework.cloud.loadbalancer.config.LoadBalancerAutoConfiguration' of type [org.springframework.cloud.loadbalancer.config.LoadBalancerAutoConfiguration] is not eligible for getting processed by all BeanPostProcessors (for example: not eligible for auto-proxying). Is this bean getting eagerly injected into a currently created BeanPostProcessor [lbRestClientPostProcessor]? Check the corresponding BeanPostProcessor declaration and its dependencies.
[2025-11-08 21:50:04.889] [WARN ] [leader-service] [main] [o.s.c.s.PostProcessorRegistrationDelegate$BeanPostProcessorChecker:?] - Bean 'org.springframework.cloud.commons.config.CommonsConfigAutoConfiguration' of type [org.springframework.cloud.commons.config.CommonsConfigAutoConfiguration] is not eligible for getting processed by all BeanPostProcessors (for example: not eligible for auto-proxying). Is this bean getting eagerly injected into a currently created BeanPostProcessor [lbRestClientPostProcessor]? Check the corresponding BeanPostProcessor declaration and its dependencies.
[2025-11-08 21:50:04.893] [WARN ] [leader-service] [main] [o.s.c.s.PostProcessorRegistrationDelegate$BeanPostProcessorChecker:?] - Bean 'org.springframework.cloud.client.loadbalancer.LoadBalancerDefaultMappingsProviderAutoConfiguration' of type [org.springframework.cloud.client.loadbalancer.LoadBalancerDefaultMappingsProviderAutoConfiguration] is not eligible for getting processed by all BeanPostProcessors (for example: not eligible for auto-proxying). Is this bean getting eagerly injected into a currently created BeanPostProcessor [lbRestClientPostProcessor]? Check the corresponding BeanPostProcessor declaration and its dependencies.
[2025-11-08 21:50:04.895] [WARN ] [leader-service] [main] [o.s.c.s.PostProcessorRegistrationDelegate$BeanPostProcessorChecker:?] - Bean 'loadBalancerClientsDefaultsMappingsProvider' of type [org.springframework.cloud.client.loadbalancer.LoadBalancerDefaultMappingsProviderAutoConfiguration$$Lambda$793/0x00000008011670f0] is not eligible for getting processed by all BeanPostProcessors (for example: not eligible for auto-proxying). Is this bean getting eagerly injected into a currently created BeanPostProcessor [lbRestClientPostProcessor]? Check the corresponding BeanPostProcessor declaration and its dependencies.
[2025-11-08 21:50:04.901] [WARN ] [leader-service] [main] [o.s.c.s.PostProcessorRegistrationDelegate$BeanPostProcessorChecker:?] - Bean 'defaultsBindHandlerAdvisor' of type [org.springframework.cloud.commons.config.DefaultsBindHandlerAdvisor] is not eligible for getting processed by all BeanPostProcessors (for example: not eligible for auto-proxying). Is this bean getting eagerly injected into a currently created BeanPostProcessor [lbRestClientPostProcessor]? Check the corresponding BeanPostProcessor declaration and its dependencies.
[2025-11-08 21:50:04.910] [WARN ] [leader-service] [main] [o.s.c.s.PostProcessorRegistrationDelegate$BeanPostProcessorChecker:?] - Bean 'spring.cloud.loadbalancer-org.springframework.cloud.client.loadbalancer.LoadBalancerClientsProperties' of type [org.springframework.cloud.client.loadbalancer.LoadBalancerClientsProperties] is not eligible for getting processed by all BeanPostProcessors (for example: not eligible for auto-proxying). Is this bean getting eagerly injected into a currently created BeanPostProcessor [lbRestClientPostProcessor]? Check the corresponding BeanPostProcessor declaration and its dependencies.
[2025-11-08 21:50:04.920] [WARN ] [leader-service] [main] [o.s.c.s.PostProcessorRegistrationDelegate$BeanPostProcessorChecker:?] - Bean 'default.org.springframework.cloud.loadbalancer.config.LoadBalancerAutoConfiguration.LoadBalancerClientSpecification' of type [org.springframework.cloud.loadbalancer.annotation.LoadBalancerClientSpecification] is not eligible for getting processed by all BeanPostProcessors (for example: not eligible for auto-proxying). Is this bean getting eagerly injected into a currently created BeanPostProcessor [lbRestClientPostProcessor]? Check the corresponding BeanPostProcessor declaration and its dependencies.
[2025-11-08 21:50:04.923] [WARN ] [leader-service] [main] [o.s.c.s.PostProcessorRegistrationDelegate$BeanPostProcessorChecker:?] - Bean 'default.org.springframework.cloud.loadbalancer.config.BlockingLoadBalancerClientAutoConfiguration.LoadBalancerClientSpecification' of type [org.springframework.cloud.loadbalancer.annotation.LoadBalancerClientSpecification] is not eligible for getting processed by all BeanPostProcessors (for example: not eligible for auto-proxying). Is this bean getting eagerly injected into a currently created BeanPostProcessor [lbRestClientPostProcessor]? Check the corresponding BeanPostProcessor declaration and its dependencies.
[2025-11-08 21:50:04.924] [WARN ] [leader-service] [main] [o.s.c.s.PostProcessorRegistrationDelegate$BeanPostProcessorChecker:?] - Bean 'loadBalancerClientFactory' of type [org.springframework.cloud.loadbalancer.support.LoadBalancerClientFactory] is not eligible for getting processed by all BeanPostProcessors (for example: not eligible for auto-proxying). Is this bean getting eagerly injected into a currently created BeanPostProcessor [lbRestClientPostProcessor]? Check the corresponding BeanPostProcessor declaration and its dependencies.
[2025-11-08 21:50:04.936] [WARN ] [leader-service] [main] [o.s.c.s.PostProcessorRegistrationDelegate$BeanPostProcessorChecker:?] - Bean 'blockingLoadBalancerClient' of type [org.springframework.cloud.loadbalancer.blocking.client.BlockingLoadBalancerClient] is not eligible for getting processed by all BeanPostProcessors (for example: not eligible for auto-proxying). Is this bean getting eagerly injected into a currently created BeanPostProcessor [lbRestClientPostProcessor]? Check the corresponding BeanPostProcessor declaration and its dependencies.
[2025-11-08 21:50:04.952] [WARN ] [leader-service] [main] [o.s.c.s.PostProcessorRegistrationDelegate$BeanPostProcessorChecker:?] - Bean 'loadBalancerServiceInstanceCookieTransformer' of type [org.springframework.cloud.loadbalancer.core.LoadBalancerServiceInstanceCookieTransformer] is not eligible for getting processed by all BeanPostProcessors (for example: not eligible for auto-proxying). Is this bean getting eagerly injected into a currently created BeanPostProcessor [lbRestClientPostProcessor]? Check the corresponding BeanPostProcessor declaration and its dependencies.
[2025-11-08 21:50:04.954] [WARN ] [leader-service] [main] [o.s.c.s.PostProcessorRegistrationDelegate$BeanPostProcessorChecker:?] - Bean 'xForwarderHeadersTransformer' of type [org.springframework.cloud.loadbalancer.blocking.XForwardedHeadersTransformer] is not eligible for getting processed by all BeanPostProcessors (for example: not eligible for auto-proxying). Is this bean getting eagerly injected into a currently created BeanPostProcessor [lbRestClientPostProcessor]? Check the corresponding BeanPostProcessor declaration and its dependencies.
[2025-11-08 21:50:04.956] [WARN ] [leader-service] [main] [o.s.c.s.PostProcessorRegistrationDelegate$BeanPostProcessorChecker:?] - Bean 'org.springframework.cloud.client.loadbalancer.LoadBalancerAutoConfiguration' of type [org.springframework.cloud.client.loadbalancer.LoadBalancerAutoConfiguration] is not eligible for getting processed by all BeanPostProcessors (for example: not eligible for auto-proxying). Is this bean getting eagerly injected into a currently created BeanPostProcessor [lbRestClientPostProcessor]? Check the corresponding BeanPostProcessor declaration and its dependencies.
[2025-11-08 21:50:04.961] [WARN ] [leader-service] [main] [o.s.c.s.PostProcessorRegistrationDelegate$BeanPostProcessorChecker:?] - Bean 'loadBalancerRequestFactory' of type [org.springframework.cloud.client.loadbalancer.LoadBalancerRequestFactory] is not eligible for getting processed by all BeanPostProcessors (for example: not eligible for auto-proxying). Is this bean getting eagerly injected into a currently created BeanPostProcessor [lbRestClientPostProcessor]? Check the corresponding BeanPostProcessor declaration and its dependencies.
[2025-11-08 21:50:04.964] [WARN ] [leader-service] [main] [o.s.c.s.PostProcessorRegistrationDelegate$BeanPostProcessorChecker:?] - Bean 'loadBalancerInterceptor' of type [org.springframework.cloud.client.loadbalancer.LoadBalancerInterceptor] is not eligible for getting processed by all BeanPostProcessors (for example: not eligible for auto-proxying). Is this bean getting eagerly injected into a currently created BeanPostProcessor [lbRestClientPostProcessor]? Check the corresponding BeanPostProcessor declaration and its dependencies.
[2025-11-08 21:50:05.421] [INFO ] [leader-service] [main] [o.s.boot.web.embedded.tomcat.TomcatWebServer:?] - Tomcat initialized with port 8068 (http)
[2025-11-08 21:50:05.584] [INFO ] [leader-service] [main] [o.s.b.w.s.c.ServletWebServerApplicationContext:?] - Root WebApplicationContext: initialization completed in 3731 ms
[2025-11-08 21:50:06.201] [INFO ] [leader-service] [main] [org.hibernate.jpa.internal.util.LogHelper:?] - HHH000204: Processing PersistenceUnitInfo [name: default]
[2025-11-08 21:50:06.302] [INFO ] [leader-service] [main] [org.hibernate.Version:?] - HHH000412: Hibernate ORM core version 6.4.4.Final
[2025-11-08 21:50:06.371] [INFO ] [leader-service] [main] [o.hibernate.cache.internal.RegionFactoryInitiator:?] - HHH000026: Second-level cache disabled
[2025-11-08 21:50:06.725] [INFO ] [leader-service] [main] [o.s.o.j.persistenceunit.SpringPersistenceUnitInfo:?] - No LoadTimeWeaver setup: ignoring JPA class transformer
[2025-11-08 21:50:06.773] [INFO ] [leader-service] [main] [com.zaxxer.hikari.HikariDataSource:?] - LeaderServiceHikariCP - Starting...
[2025-11-08 21:50:07.009] [INFO ] [leader-service] [main] [com.zaxxer.hikari.pool.HikariPool:?] - LeaderServiceHikariCP - Added connection com.mysql.cj.jdbc.ConnectionImpl@f8fe81e
[2025-11-08 21:50:07.013] [INFO ] [leader-service] [main] [com.zaxxer.hikari.HikariDataSource:?] - LeaderServiceHikariCP - Start completed.
[2025-11-08 21:50:07.078] [WARN ] [leader-service] [main] [org.hibernate.orm.deprecation:?] - HHH90000025: MySQL8Dialect does not need to be specified explicitly using 'hibernate.dialect' (remove the property setting and it will be selected by default)
[2025-11-08 21:50:07.080] [WARN ] [leader-service] [main] [org.hibernate.orm.deprecation:?] - HHH90000026: MySQL8Dialect has been deprecated; use org.hibernate.dialect.MySQLDialect instead
[2025-11-08 21:50:09.205] [INFO ] [leader-service] [main] [o.h.e.t.jta.platform.internal.JtaPlatformInitiator:?] - HHH000489: No JTA platform available (set 'hibernate.transaction.jta.platform' to enable JTA platform integration)
[2025-11-08 21:50:09.395] [INFO ] [leader-service] [main] [o.s.orm.jpa.LocalContainerEntityManagerFactoryBean:?] - Initialized JPA EntityManagerFactory for persistence unit 'default'
[2025-11-08 21:50:10.049] [INFO ] [leader-service] [main] [o.s.data.jpa.repository.query.QueryEnhancerFactory:?] - Hibernate is in classpath; If applicable, HQL parser will be used.
[2025-11-08 21:50:12.627] [INFO ] [leader-service] [main] [o.s.b.actuate.endpoint.web.EndpointLinksResolver:?] - Exposing 17 endpoint(s) beneath base path '/actuator'
[2025-11-08 21:50:12.747] [WARN ] [leader-service] [main] [o.s.b.a.o.j.JpaBaseConfiguration$JpaWebConfiguration:?] - spring.jpa.open-in-view is enabled by default. Therefore, database queries may be performed during view rendering. Explicitly configure spring.jpa.open-in-view to disable this warning
[2025-11-08 21:50:12.890] [INFO ] [leader-service] [main] [o.s.cloud.openfeign.FeignClientFactoryBean:?] - For 'user-service' URL not provided. Will try picking an instance via load-balancing.
[2025-11-08 21:50:13.112] [INFO ] [leader-service] [main] [o.s.cloud.openfeign.FeignClientFactoryBean:?] - For 'user-service' URL not provided. Will try picking an instance via load-balancing.
[2025-11-08 21:50:15.436] [WARN ] [leader-service] [main] [o.s.c.l.c.LoadBalancerCacheAutoConfiguration$LoadBalancerCaffeineWarnLogger:?] - Spring Cloud LoadBalancer is currently working with the default cache. While this cache implementation is useful for development and tests, it's recommended to use Caffeine cache in production.You can switch to using Caffeine cache, by adding it and org.springframework.cache.caffeine.CaffeineCacheManager to the classpath.
[2025-11-08 21:50:15.618] [INFO ] [leader-service] [main] [o.s.boot.web.embedded.tomcat.TomcatWebServer:?] - Tomcat started on port 8068 (http) with context path ''
[2025-11-08 21:50:15.622] [INFO ] [leader-service] [main] [o.s.c.consul.serviceregistry.ConsulServiceRegistry:?] - Registering service with consul: NewService{id='leader-service-8068', name='leader-service', tags=[], address='192.168.245.1', meta={secure=false}, port=8068, enableTagOverride=null, check=Check{script='null', dockerContainerID='null', shell='null', interval='15s', ttl='null', http='http://192.168.245.1:8068/actuator/health', method='null', header={}, tcp='null', timeout='null', deregisterCriticalServiceAfter='null', tlsSkipVerify=null, status='null', grpc='null', grpcUseTLS=null}, checks=null}
[2025-11-08 21:50:16.575] [INFO ] [leader-service] [main] [com.bcu.edu.LeaderServiceApplication:?] - Started LeaderServiceApplication in 16.337 seconds (process running for 17.345)
[2025-11-08 21:50:17.140] [INFO ] [leader-service] [RMI TCP Connection(4)-26.52.41.123] [org.springframework.web.servlet.DispatcherServlet:?] - Initializing Servlet 'dispatcherServlet'
[2025-11-08 21:50:17.147] [INFO ] [leader-service] [RMI TCP Connection(4)-26.52.41.123] [org.springframework.web.servlet.DispatcherServlet:?] - Completed initialization in 7 ms
[2025-11-08 21:52:10.777] [INFO ] [leader-service] [http-nio-8068-exec-8] [com.bcu.edu.controller.CommunityController:?] - 查询所有正常运营的社区
[2025-11-08 22:19:17.269] [INFO ] [leader-service] [http-nio-8068-exec-9] [com.bcu.edu.controller.LeaderController:?] - 用户3查询自己的团长信息
[2025-11-08 22:19:17.449] [INFO ] [leader-service] [http-nio-8068-exec-10] [com.bcu.edu.controller.CommissionController:?] - 团长3查询佣金统计
[2025-11-08 22:19:17.474] [INFO ] [leader-service] [http-nio-8068-exec-2] [com.bcu.edu.controller.CommissionController:?] - 团长3查询佣金记录
[2025-11-08 22:25:07.447] [INFO ] [leader-service] [http-nio-8068-exec-6] [com.bcu.edu.controller.LeaderController:?] - 用户3查询自己的团长信息
[2025-11-08 22:25:08.214] [INFO ] [leader-service] [http-nio-8068-exec-7] [com.bcu.edu.controller.FeignController:?] - [Feign] 查询社区：communityId=5
[2025-11-08 22:25:08.329] [INFO ] [leader-service] [http-nio-8068-exec-8] [com.bcu.edu.controller.FeignController:?] - [Feign] 查询社区：communityId=5
[2025-11-08 22:25:08.358] [INFO ] [leader-service] [http-nio-8068-exec-9] [com.bcu.edu.controller.FeignController:?] - [Feign] 查询社区：communityId=5
[2025-11-08 22:25:08.397] [INFO ] [leader-service] [http-nio-8068-exec-10] [com.bcu.edu.controller.FeignController:?] - [Feign] 查询社区：communityId=5
[2025-11-08 22:25:08.435] [INFO ] [leader-service] [http-nio-8068-exec-2] [com.bcu.edu.controller.FeignController:?] - [Feign] 查询社区：communityId=5
[2025-11-08 22:25:08.465] [INFO ] [leader-service] [http-nio-8068-exec-1] [com.bcu.edu.controller.FeignController:?] - [Feign] 查询社区：communityId=5
[2025-11-08 22:25:08.489] [INFO ] [leader-service] [http-nio-8068-exec-3] [com.bcu.edu.controller.FeignController:?] - [Feign] 查询社区：communityId=5
[2025-11-08 22:25:08.515] [INFO ] [leader-service] [http-nio-8068-exec-5] [com.bcu.edu.controller.FeignController:?] - [Feign] 查询社区：communityId=1
[2025-11-08 22:25:24.858] [INFO ] [leader-service] [http-nio-8068-exec-6] [com.bcu.edu.controller.FeignController:?] - [Feign] 查询社区：communityId=5
[2025-11-08 22:25:24.879] [INFO ] [leader-service] [http-nio-8068-exec-7] [com.bcu.edu.controller.FeignController:?] - [Feign] 查询社区：communityId=5
[2025-11-08 22:25:24.907] [INFO ] [leader-service] [http-nio-8068-exec-8] [com.bcu.edu.controller.FeignController:?] - [Feign] 查询社区：communityId=5
[2025-11-08 22:25:24.947] [INFO ] [leader-service] [http-nio-8068-exec-9] [com.bcu.edu.controller.FeignController:?] - [Feign] 查询社区：communityId=5
[2025-11-08 22:25:24.985] [INFO ] [leader-service] [http-nio-8068-exec-10] [com.bcu.edu.controller.FeignController:?] - [Feign] 查询社区：communityId=5
[2025-11-08 22:25:25.014] [INFO ] [leader-service] [http-nio-8068-exec-2] [com.bcu.edu.controller.FeignController:?] - [Feign] 查询社区：communityId=5
[2025-11-08 22:25:25.038] [INFO ] [leader-service] [http-nio-8068-exec-1] [com.bcu.edu.controller.FeignController:?] - [Feign] 查询社区：communityId=5
[2025-11-08 22:25:25.062] [INFO ] [leader-service] [http-nio-8068-exec-3] [com.bcu.edu.controller.FeignController:?] - [Feign] 查询社区：communityId=1
[2025-11-08 22:32:51.422] [INFO ] [leader-service] [http-nio-8068-exec-6] [com.bcu.edu.controller.CommunityController:?] - 查询所有正常运营的社区
[2025-11-08 22:33:10.866] [INFO ] [leader-service] [http-nio-8068-exec-8] [com.bcu.edu.controller.CommunityController:?] - 查询所有正常运营的社区
[2025-11-08 22:33:29.242] [INFO ] [leader-service] [http-nio-8068-exec-10] [com.bcu.edu.controller.CommunityController:?] - 查询所有正常运营的社区
[2025-11-08 22:33:44.613] [INFO ] [leader-service] [http-nio-8068-exec-1] [com.bcu.edu.controller.CommunityController:?] - 查询所有正常运营的社区
[2025-11-08 22:33:51.856] [INFO ] [leader-service] [http-nio-8068-exec-5] [com.bcu.edu.controller.CommunityController:?] - 查询所有正常运营的社区
[2025-11-08 22:34:24.576] [INFO ] [leader-service] [http-nio-8068-exec-7] [com.bcu.edu.controller.LeaderController:?] - 用户3查询自己的团长信息
[2025-11-08 22:34:24.663] [INFO ] [leader-service] [http-nio-8068-exec-8] [com.bcu.edu.controller.FeignController:?] - [Feign] 查询社区：communityId=5
[2025-11-08 22:34:24.691] [INFO ] [leader-service] [http-nio-8068-exec-9] [com.bcu.edu.controller.FeignController:?] - [Feign] 查询社区：communityId=5
[2025-11-08 22:34:24.717] [INFO ] [leader-service] [http-nio-8068-exec-10] [com.bcu.edu.controller.FeignController:?] - [Feign] 查询社区：communityId=5
[2025-11-08 22:34:24.752] [INFO ] [leader-service] [http-nio-8068-exec-2] [com.bcu.edu.controller.FeignController:?] - [Feign] 查询社区：communityId=5
[2025-11-08 22:34:24.790] [INFO ] [leader-service] [http-nio-8068-exec-1] [com.bcu.edu.controller.FeignController:?] - [Feign] 查询社区：communityId=5
[2025-11-08 22:34:24.823] [INFO ] [leader-service] [http-nio-8068-exec-3] [com.bcu.edu.controller.FeignController:?] - [Feign] 查询社区：communityId=5
[2025-11-08 22:34:24.846] [INFO ] [leader-service] [http-nio-8068-exec-5] [com.bcu.edu.controller.FeignController:?] - [Feign] 查询社区：communityId=5
[2025-11-08 22:34:24.871] [INFO ] [leader-service] [http-nio-8068-exec-4] [com.bcu.edu.controller.FeignController:?] - [Feign] 查询社区：communityId=1
[2025-11-08 22:34:25.934] [INFO ] [leader-service] [http-nio-8068-exec-6] [com.bcu.edu.controller.FeignController:?] - [Feign] 查询社区：communityId=5
[2025-11-08 22:34:25.957] [INFO ] [leader-service] [http-nio-8068-exec-7] [com.bcu.edu.controller.FeignController:?] - [Feign] 查询社区：communityId=5
[2025-11-08 22:34:25.980] [INFO ] [leader-service] [http-nio-8068-exec-8] [com.bcu.edu.controller.FeignController:?] - [Feign] 查询社区：communityId=5
[2025-11-08 22:34:26.016] [INFO ] [leader-service] [http-nio-8068-exec-9] [com.bcu.edu.controller.FeignController:?] - [Feign] 查询社区：communityId=5
[2025-11-08 22:34:26.053] [INFO ] [leader-service] [http-nio-8068-exec-10] [com.bcu.edu.controller.FeignController:?] - [Feign] 查询社区：communityId=5
[2025-11-08 22:34:26.086] [INFO ] [leader-service] [http-nio-8068-exec-2] [com.bcu.edu.controller.FeignController:?] - [Feign] 查询社区：communityId=5
[2025-11-08 22:34:26.111] [INFO ] [leader-service] [http-nio-8068-exec-1] [com.bcu.edu.controller.FeignController:?] - [Feign] 查询社区：communityId=5
[2025-11-08 22:34:26.134] [INFO ] [leader-service] [http-nio-8068-exec-3] [com.bcu.edu.controller.FeignController:?] - [Feign] 查询社区：communityId=1
[2025-11-08 22:34:41.989] [INFO ] [leader-service] [http-nio-8068-exec-4] [com.bcu.edu.controller.LeaderController:?] - 用户3查询自己的团长信息
[2025-11-08 22:34:42.152] [INFO ] [leader-service] [http-nio-8068-exec-6] [com.bcu.edu.controller.FeignController:?] - [Feign] 查询社区：communityId=5
[2025-11-08 22:34:42.178] [INFO ] [leader-service] [http-nio-8068-exec-7] [com.bcu.edu.controller.FeignController:?] - [Feign] 查询社区：communityId=5
[2025-11-08 22:34:42.203] [INFO ] [leader-service] [http-nio-8068-exec-8] [com.bcu.edu.controller.FeignController:?] - [Feign] 查询社区：communityId=5
[2025-11-08 22:34:42.244] [INFO ] [leader-service] [http-nio-8068-exec-9] [com.bcu.edu.controller.FeignController:?] - [Feign] 查询社区：communityId=5
[2025-11-08 22:34:42.281] [INFO ] [leader-service] [http-nio-8068-exec-10] [com.bcu.edu.controller.FeignController:?] - [Feign] 查询社区：communityId=5
[2025-11-08 22:34:42.310] [INFO ] [leader-service] [http-nio-8068-exec-2] [com.bcu.edu.controller.FeignController:?] - [Feign] 查询社区：communityId=5
[2025-11-08 22:34:42.332] [INFO ] [leader-service] [http-nio-8068-exec-1] [com.bcu.edu.controller.FeignController:?] - [Feign] 查询社区：communityId=5
[2025-11-08 22:34:42.352] [INFO ] [leader-service] [http-nio-8068-exec-3] [com.bcu.edu.controller.FeignController:?] - [Feign] 查询社区：communityId=1
[2025-11-08 22:34:43.201] [INFO ] [leader-service] [http-nio-8068-exec-5] [com.bcu.edu.controller.FeignController:?] - [Feign] 查询社区：communityId=5
[2025-11-08 22:34:43.222] [INFO ] [leader-service] [http-nio-8068-exec-4] [com.bcu.edu.controller.FeignController:?] - [Feign] 查询社区：communityId=5
[2025-11-08 22:34:43.243] [INFO ] [leader-service] [http-nio-8068-exec-6] [com.bcu.edu.controller.FeignController:?] - [Feign] 查询社区：communityId=5
[2025-11-08 22:34:43.276] [INFO ] [leader-service] [http-nio-8068-exec-7] [com.bcu.edu.controller.FeignController:?] - [Feign] 查询社区：communityId=5
[2025-11-08 22:34:43.310] [INFO ] [leader-service] [http-nio-8068-exec-8] [com.bcu.edu.controller.FeignController:?] - [Feign] 查询社区：communityId=5
[2025-11-08 22:34:43.338] [INFO ] [leader-service] [http-nio-8068-exec-9] [com.bcu.edu.controller.FeignController:?] - [Feign] 查询社区：communityId=5
[2025-11-08 22:34:43.357] [INFO ] [leader-service] [http-nio-8068-exec-10] [com.bcu.edu.controller.FeignController:?] - [Feign] 查询社区：communityId=5
[2025-11-08 22:34:43.378] [INFO ] [leader-service] [http-nio-8068-exec-2] [com.bcu.edu.controller.FeignController:?] - [Feign] 查询社区：communityId=1
[2025-11-08 22:34:45.856] [INFO ] [leader-service] [http-nio-8068-exec-1] [com.bcu.edu.controller.FeignController:?] - [Feign] 查询社区：communityId=5
[2025-11-08 22:34:45.876] [INFO ] [leader-service] [http-nio-8068-exec-3] [com.bcu.edu.controller.FeignController:?] - [Feign] 查询社区：communityId=5
[2025-11-08 22:34:53.273] [INFO ] [leader-service] [http-nio-8068-exec-4] [com.bcu.edu.controller.FeignController:?] - [Feign] 查询社区：communityId=5
[2025-11-08 22:34:53.297] [INFO ] [leader-service] [http-nio-8068-exec-6] [com.bcu.edu.controller.FeignController:?] - [Feign] 查询社区：communityId=5
[2025-11-08 22:34:53.322] [INFO ] [leader-service] [http-nio-8068-exec-7] [com.bcu.edu.controller.FeignController:?] - [Feign] 查询社区：communityId=5
[2025-11-08 22:34:53.359] [INFO ] [leader-service] [http-nio-8068-exec-8] [com.bcu.edu.controller.FeignController:?] - [Feign] 查询社区：communityId=5
[2025-11-08 22:34:53.401] [INFO ] [leader-service] [http-nio-8068-exec-9] [com.bcu.edu.controller.FeignController:?] - [Feign] 查询社区：communityId=5
[2025-11-08 22:34:53.435] [INFO ] [leader-service] [http-nio-8068-exec-10] [com.bcu.edu.controller.FeignController:?] - [Feign] 查询社区：communityId=5
[2025-11-08 22:34:53.463] [INFO ] [leader-service] [http-nio-8068-exec-2] [com.bcu.edu.controller.FeignController:?] - [Feign] 查询社区：communityId=5
[2025-11-08 22:34:53.484] [INFO ] [leader-service] [http-nio-8068-exec-1] [com.bcu.edu.controller.FeignController:?] - [Feign] 查询社区：communityId=1
[2025-11-08 22:34:55.928] [INFO ] [leader-service] [http-nio-8068-exec-3] [com.bcu.edu.controller.LeaderController:?] - 用户3查询自己的团长信息
[2025-11-08 22:34:56.109] [INFO ] [leader-service] [http-nio-8068-exec-5] [com.bcu.edu.controller.FeignController:?] - [Feign] 查询社区：communityId=5
[2025-11-08 22:34:56.134] [INFO ] [leader-service] [http-nio-8068-exec-4] [com.bcu.edu.controller.FeignController:?] - [Feign] 查询社区：communityId=5
[2025-11-08 22:34:56.165] [INFO ] [leader-service] [http-nio-8068-exec-6] [com.bcu.edu.controller.FeignController:?] - [Feign] 查询社区：communityId=5
[2025-11-08 22:34:56.212] [INFO ] [leader-service] [http-nio-8068-exec-7] [com.bcu.edu.controller.FeignController:?] - [Feign] 查询社区：communityId=5
[2025-11-08 22:34:56.248] [INFO ] [leader-service] [http-nio-8068-exec-8] [com.bcu.edu.controller.FeignController:?] - [Feign] 查询社区：communityId=5
[2025-11-08 22:34:56.277] [INFO ] [leader-service] [http-nio-8068-exec-9] [com.bcu.edu.controller.FeignController:?] - [Feign] 查询社区：communityId=5
[2025-11-08 22:34:56.300] [INFO ] [leader-service] [http-nio-8068-exec-10] [com.bcu.edu.controller.FeignController:?] - [Feign] 查询社区：communityId=5
[2025-11-08 22:34:56.323] [INFO ] [leader-service] [http-nio-8068-exec-2] [com.bcu.edu.controller.FeignController:?] - [Feign] 查询社区：communityId=1
[2025-11-08 22:34:57.388] [INFO ] [leader-service] [http-nio-8068-exec-1] [com.bcu.edu.controller.FeignController:?] - [Feign] 查询社区：communityId=5
[2025-11-08 22:34:57.404] [INFO ] [leader-service] [http-nio-8068-exec-3] [com.bcu.edu.controller.FeignController:?] - [Feign] 查询社区：communityId=5
[2025-11-08 22:34:57.423] [INFO ] [leader-service] [http-nio-8068-exec-5] [com.bcu.edu.controller.FeignController:?] - [Feign] 查询社区：communityId=5
[2025-11-08 22:34:57.449] [INFO ] [leader-service] [http-nio-8068-exec-4] [com.bcu.edu.controller.FeignController:?] - [Feign] 查询社区：communityId=5
[2025-11-08 22:34:57.475] [INFO ] [leader-service] [http-nio-8068-exec-6] [com.bcu.edu.controller.FeignController:?] - [Feign] 查询社区：communityId=5
[2025-11-08 22:34:57.505] [INFO ] [leader-service] [http-nio-8068-exec-7] [com.bcu.edu.controller.FeignController:?] - [Feign] 查询社区：communityId=5
[2025-11-08 22:34:57.523] [INFO ] [leader-service] [http-nio-8068-exec-8] [com.bcu.edu.controller.FeignController:?] - [Feign] 查询社区：communityId=5
[2025-11-08 22:34:57.541] [INFO ] [leader-service] [http-nio-8068-exec-9] [com.bcu.edu.controller.FeignController:?] - [Feign] 查询社区：communityId=1
[2025-11-08 22:49:42.500] [INFO ] [leader-service] [http-nio-8068-exec-2] [com.bcu.edu.controller.FeignController:?] - [Feign] 查询社区：communityId=5
[2025-11-08 22:55:04.058] [INFO ] [leader-service] [http-nio-8068-exec-4] [com.bcu.edu.controller.FeignController:?] - [Feign] 查询社区：communityId=5
[2025-11-08 23:13:45.785] [INFO ] [leader-service] [http-nio-8068-exec-2] [com.bcu.edu.controller.LeaderController:?] - 用户3查询自己的团长信息
[2025-11-08 23:13:45.918] [INFO ] [leader-service] [http-nio-8068-exec-1] [com.bcu.edu.controller.FeignController:?] - [Feign] 查询社区：communityId=5
[2025-11-08 23:13:45.955] [INFO ] [leader-service] [http-nio-8068-exec-3] [com.bcu.edu.controller.FeignController:?] - [Feign] 查询社区：communityId=5
[2025-11-08 23:13:45.977] [INFO ] [leader-service] [http-nio-8068-exec-5] [com.bcu.edu.controller.FeignController:?] - [Feign] 查询社区：communityId=5
[2025-11-08 23:13:46.014] [INFO ] [leader-service] [http-nio-8068-exec-4] [com.bcu.edu.controller.FeignController:?] - [Feign] 查询社区：communityId=5
[2025-11-08 23:13:46.047] [INFO ] [leader-service] [http-nio-8068-exec-6] [com.bcu.edu.controller.FeignController:?] - [Feign] 查询社区：communityId=5
[2025-11-08 23:13:46.073] [INFO ] [leader-service] [http-nio-8068-exec-7] [com.bcu.edu.controller.FeignController:?] - [Feign] 查询社区：communityId=5
[2025-11-08 23:13:46.093] [INFO ] [leader-service] [http-nio-8068-exec-8] [com.bcu.edu.controller.FeignController:?] - [Feign] 查询社区：communityId=5
[2025-11-08 23:13:46.114] [INFO ] [leader-service] [http-nio-8068-exec-9] [com.bcu.edu.controller.FeignController:?] - [Feign] 查询社区：communityId=1
[2025-11-08 23:13:47.282] [INFO ] [leader-service] [http-nio-8068-exec-10] [com.bcu.edu.controller.FeignController:?] - [Feign] 查询社区：communityId=5
[2025-11-08 23:13:47.303] [INFO ] [leader-service] [http-nio-8068-exec-2] [com.bcu.edu.controller.FeignController:?] - [Feign] 查询社区：communityId=5
[2025-11-08 23:13:47.326] [INFO ] [leader-service] [http-nio-8068-exec-1] [com.bcu.edu.controller.FeignController:?] - [Feign] 查询社区：communityId=5
[2025-11-08 23:13:47.358] [INFO ] [leader-service] [http-nio-8068-exec-3] [com.bcu.edu.controller.FeignController:?] - [Feign] 查询社区：communityId=5
[2025-11-08 23:13:47.387] [INFO ] [leader-service] [http-nio-8068-exec-5] [com.bcu.edu.controller.FeignController:?] - [Feign] 查询社区：communityId=5
[2025-11-08 23:13:47.412] [INFO ] [leader-service] [http-nio-8068-exec-4] [com.bcu.edu.controller.FeignController:?] - [Feign] 查询社区：communityId=5
[2025-11-08 23:13:47.433] [INFO ] [leader-service] [http-nio-8068-exec-6] [com.bcu.edu.controller.FeignController:?] - [Feign] 查询社区：communityId=5
[2025-11-08 23:13:47.451] [INFO ] [leader-service] [http-nio-8068-exec-7] [com.bcu.edu.controller.FeignController:?] - [Feign] 查询社区：communityId=1
[2025-11-08 23:14:12.267] [INFO ] [leader-service] [http-nio-8068-exec-10] [com.bcu.edu.controller.FeignController:?] - [Feign] 查询社区：communityId=5
[2025-11-08 23:14:14.382] [INFO ] [leader-service] [http-nio-8068-exec-2] [com.bcu.edu.controller.LeaderController:?] - 用户3查询自己的团长信息
[2025-11-08 23:14:15.053] [INFO ] [leader-service] [http-nio-8068-exec-1] [com.bcu.edu.controller.FeignController:?] - [Feign] 查询社区：communityId=5
[2025-11-08 23:14:15.074] [INFO ] [leader-service] [http-nio-8068-exec-3] [com.bcu.edu.controller.FeignController:?] - [Feign] 查询社区：communityId=5
[2025-11-08 23:14:15.096] [INFO ] [leader-service] [http-nio-8068-exec-5] [com.bcu.edu.controller.FeignController:?] - [Feign] 查询社区：communityId=5
[2025-11-08 23:14:15.128] [INFO ] [leader-service] [http-nio-8068-exec-4] [com.bcu.edu.controller.FeignController:?] - [Feign] 查询社区：communityId=5
[2025-11-08 23:14:15.165] [INFO ] [leader-service] [http-nio-8068-exec-6] [com.bcu.edu.controller.FeignController:?] - [Feign] 查询社区：communityId=5
[2025-11-08 23:14:15.193] [INFO ] [leader-service] [http-nio-8068-exec-7] [com.bcu.edu.controller.FeignController:?] - [Feign] 查询社区：communityId=5
[2025-11-08 23:14:15.213] [INFO ] [leader-service] [http-nio-8068-exec-8] [com.bcu.edu.controller.FeignController:?] - [Feign] 查询社区：communityId=5
[2025-11-08 23:14:15.234] [INFO ] [leader-service] [http-nio-8068-exec-9] [com.bcu.edu.controller.FeignController:?] - [Feign] 查询社区：communityId=1
[2025-11-08 23:14:17.214] [INFO ] [leader-service] [http-nio-8068-exec-10] [com.bcu.edu.controller.FeignController:?] - [Feign] 查询社区：communityId=5
[2025-11-08 23:14:17.234] [INFO ] [leader-service] [http-nio-8068-exec-2] [com.bcu.edu.controller.FeignController:?] - [Feign] 查询社区：communityId=5
[2025-11-08 23:14:17.256] [INFO ] [leader-service] [http-nio-8068-exec-1] [com.bcu.edu.controller.FeignController:?] - [Feign] 查询社区：communityId=5
[2025-11-08 23:14:17.288] [INFO ] [leader-service] [http-nio-8068-exec-3] [com.bcu.edu.controller.FeignController:?] - [Feign] 查询社区：communityId=5
[2025-11-08 23:14:17.318] [INFO ] [leader-service] [http-nio-8068-exec-5] [com.bcu.edu.controller.FeignController:?] - [Feign] 查询社区：communityId=5
[2025-11-08 23:14:17.341] [INFO ] [leader-service] [http-nio-8068-exec-4] [com.bcu.edu.controller.FeignController:?] - [Feign] 查询社区：communityId=5
[2025-11-08 23:14:17.361] [INFO ] [leader-service] [http-nio-8068-exec-6] [com.bcu.edu.controller.FeignController:?] - [Feign] 查询社区：communityId=5
[2025-11-08 23:14:17.380] [INFO ] [leader-service] [http-nio-8068-exec-7] [com.bcu.edu.controller.FeignController:?] - [Feign] 查询社区：communityId=1
[2025-11-08 23:14:19.004] [INFO ] [leader-service] [http-nio-8068-exec-8] [com.bcu.edu.controller.FeignController:?] - [Feign] 查询社区：communityId=5
[2025-11-08 23:14:22.289] [INFO ] [leader-service] [http-nio-8068-exec-10] [com.bcu.edu.controller.LeaderController:?] - 用户3查询自己的团长信息
[2025-11-08 23:14:22.650] [INFO ] [leader-service] [http-nio-8068-exec-2] [com.bcu.edu.controller.FeignController:?] - [Feign] 查询社区：communityId=5
[2025-11-08 23:14:22.668] [INFO ] [leader-service] [http-nio-8068-exec-1] [com.bcu.edu.controller.FeignController:?] - [Feign] 查询社区：communityId=5
[2025-11-08 23:14:22.688] [INFO ] [leader-service] [http-nio-8068-exec-3] [com.bcu.edu.controller.FeignController:?] - [Feign] 查询社区：communityId=5
[2025-11-08 23:14:22.715] [INFO ] [leader-service] [http-nio-8068-exec-5] [com.bcu.edu.controller.FeignController:?] - [Feign] 查询社区：communityId=5
[2025-11-08 23:14:22.742] [INFO ] [leader-service] [http-nio-8068-exec-4] [com.bcu.edu.controller.FeignController:?] - [Feign] 查询社区：communityId=5
[2025-11-08 23:14:22.766] [INFO ] [leader-service] [http-nio-8068-exec-6] [com.bcu.edu.controller.FeignController:?] - [Feign] 查询社区：communityId=5
[2025-11-08 23:14:22.783] [INFO ] [leader-service] [http-nio-8068-exec-7] [com.bcu.edu.controller.FeignController:?] - [Feign] 查询社区：communityId=5
[2025-11-08 23:14:22.801] [INFO ] [leader-service] [http-nio-8068-exec-8] [com.bcu.edu.controller.FeignController:?] - [Feign] 查询社区：communityId=1
[2025-11-08 23:14:25.343] [INFO ] [leader-service] [http-nio-8068-exec-9] [com.bcu.edu.controller.FeignController:?] - [Feign] 查询社区：communityId=5
[2025-11-08 23:14:25.361] [INFO ] [leader-service] [http-nio-8068-exec-10] [com.bcu.edu.controller.FeignController:?] - [Feign] 查询社区：communityId=5
[2025-11-08 23:14:25.379] [INFO ] [leader-service] [http-nio-8068-exec-2] [com.bcu.edu.controller.FeignController:?] - [Feign] 查询社区：communityId=5
[2025-11-08 23:14:25.408] [INFO ] [leader-service] [http-nio-8068-exec-1] [com.bcu.edu.controller.FeignController:?] - [Feign] 查询社区：communityId=5
[2025-11-08 23:14:25.437] [INFO ] [leader-service] [http-nio-8068-exec-3] [com.bcu.edu.controller.FeignController:?] - [Feign] 查询社区：communityId=5
[2025-11-08 23:14:25.460] [INFO ] [leader-service] [http-nio-8068-exec-5] [com.bcu.edu.controller.FeignController:?] - [Feign] 查询社区：communityId=5
[2025-11-08 23:14:25.479] [INFO ] [leader-service] [http-nio-8068-exec-4] [com.bcu.edu.controller.FeignController:?] - [Feign] 查询社区：communityId=5
[2025-11-08 23:14:25.496] [INFO ] [leader-service] [http-nio-8068-exec-6] [com.bcu.edu.controller.FeignController:?] - [Feign] 查询社区：communityId=1
[2025-11-08 23:15:29.547] [INFO ] [leader-service] [http-nio-8068-exec-3] [com.bcu.edu.controller.FeignController:?] - [Feign] 查询社区：communityId=5
[2025-11-08 23:16:28.903] [INFO ] [leader-service] [SpringApplicationShutdownHook] [o.s.c.consul.serviceregistry.ConsulServiceRegistry:?] - Deregistering service with consul: leader-service-8068
[2025-11-08 23:16:28.922] [INFO ] [leader-service] [SpringApplicationShutdownHook] [o.s.orm.jpa.LocalContainerEntityManagerFactoryBean:?] - Closing JPA EntityManagerFactory for persistence unit 'default'
[2025-11-08 23:16:28.925] [INFO ] [leader-service] [SpringApplicationShutdownHook] [com.zaxxer.hikari.HikariDataSource:?] - LeaderServiceHikariCP - Shutdown initiated...
[2025-11-08 23:16:28.945] [INFO ] [leader-service] [SpringApplicationShutdownHook] [com.zaxxer.hikari.HikariDataSource:?] - LeaderServiceHikariCP - Shutdown completed.
