[2025-11-06 19:48:39.575] [DEBUG] [leader-service] [main] [com.bcu.edu.LeaderServiceApplication:51] - Running with Spring Boot v3.2.3, Spring v6.1.4
[2025-11-06 19:52:28.008] [DEBUG] [leader-service] [main] [com.bcu.edu.LeaderServiceApplication:51] - Running with Spring Boot v3.2.3, Spring v6.1.4
[2025-11-06 19:53:10.209] [DEBUG] [leader-service] [http-nio-8068-exec-3] [org.hibernate.SQL:135] - 
    select
        c1_0.community_id,
        c1_0.address,
        c1_0.city,
        c1_0.created_at,
        c1_0.description,
        c1_0.district,
        c1_0.latitude,
        c1_0.longitude,
        c1_0.community_name,
        c1_0.province,
        c1_0.service_radius,
        c1_0.status,
        c1_0.updated_at 
    from
        community c1_0 
    where
        c1_0.status=1 
    order by
        c1_0.created_at desc
[2025-11-06 19:53:11.928] [DEBUG] [leader-service] [http-nio-8068-exec-4] [org.hibernate.SQL:135] - 
    select
        ca1_0.application_id,
        ca1_0.address,
        ca1_0.applicant_id,
        ca1_0.applicant_name,
        ca1_0.applicant_phone,
        ca1_0.application_reason,
        ca1_0.city,
        ca1_0.community_name,
        ca1_0.created_at,
        ca1_0.created_community_id,
        ca1_0.description,
        ca1_0.district,
        ca1_0.latitude,
        ca1_0.longitude,
        ca1_0.province,
        ca1_0.review_comment,
        ca1_0.reviewed_at,
        ca1_0.reviewer_id,
        ca1_0.service_radius,
        ca1_0.status,
        ca1_0.updated_at 
    from
        community_application ca1_0 
    where
        ca1_0.status=0 
    order by
        ca1_0.created_at
[2025-11-06 19:53:13.800] [DEBUG] [leader-service] [http-nio-8068-exec-5] [org.hibernate.SQL:135] - 
    select
        gls1_0.store_id,
        gls1_0.address,
        gls1_0.city,
        gls1_0.commission_rate,
        gls1_0.community_id,
        gls1_0.community_name,
        gls1_0.created_at,
        gls1_0.description,
        gls1_0.detail_address,
        gls1_0.district,
        gls1_0.latitude,
        gls1_0.leader_id,
        gls1_0.leader_name,
        gls1_0.leader_phone,
        gls1_0.longitude,
        gls1_0.max_delivery_range,
        gls1_0.province,
        gls1_0.review_comment,
        gls1_0.reviewed_at,
        gls1_0.reviewer_id,
        gls1_0.status,
        gls1_0.store_name,
        gls1_0.total_commission,
        gls1_0.updated_at 
    from
        group_leader_store gls1_0 
    where
        gls1_0.status=0 
    order by
        gls1_0.created_at
[2025-11-06 19:53:14.575] [DEBUG] [leader-service] [http-nio-8068-exec-6] [org.hibernate.SQL:135] - 
    select
        cr1_0.commission_id,
        cr1_0.commission_amount,
        cr1_0.commission_rate,
        cr1_0.created_at,
        cr1_0.leader_id,
        cr1_0.leader_name,
        cr1_0.order_amount,
        cr1_0.order_id,
        cr1_0.remark,
        cr1_0.settled_at,
        cr1_0.settlement_batch,
        cr1_0.status 
    from
        commission_record cr1_0 
    where
        cr1_0.status=0 
    order by
        cr1_0.created_at
[2025-11-06 19:53:51.780] [DEBUG] [leader-service] [http-nio-8068-exec-10] [org.hibernate.SQL:135] - 
    select
        c1_0.community_id,
        c1_0.address,
        c1_0.city,
        c1_0.created_at,
        c1_0.description,
        c1_0.district,
        c1_0.latitude,
        c1_0.longitude,
        c1_0.community_name,
        c1_0.province,
        c1_0.service_radius,
        c1_0.status,
        c1_0.updated_at 
    from
        community c1_0 
    where
        c1_0.status=1 
    order by
        c1_0.created_at desc
[2025-11-06 20:04:17.639] [DEBUG] [leader-service] [http-nio-8068-exec-3] [org.hibernate.SQL:135] - 
    select
        c1_0.community_id,
        c1_0.address,
        c1_0.city,
        c1_0.created_at,
        c1_0.description,
        c1_0.district,
        c1_0.latitude,
        c1_0.longitude,
        c1_0.community_name,
        c1_0.province,
        c1_0.service_radius,
        c1_0.status,
        c1_0.updated_at 
    from
        community c1_0 
    where
        c1_0.status=1 
    order by
        c1_0.created_at desc
[2025-11-06 20:04:23.946] [DEBUG] [leader-service] [http-nio-8068-exec-5] [org.hibernate.SQL:135] - 
    select
        c1_0.community_id,
        c1_0.address,
        c1_0.city,
        c1_0.created_at,
        c1_0.description,
        c1_0.district,
        c1_0.latitude,
        c1_0.longitude,
        c1_0.community_name,
        c1_0.province,
        c1_0.service_radius,
        c1_0.status,
        c1_0.updated_at 
    from
        community c1_0 
    where
        c1_0.status=1 
    order by
        c1_0.created_at desc
[2025-11-06 20:04:32.743] [DEBUG] [leader-service] [http-nio-8068-exec-6] [org.hibernate.SQL:135] - 
    select
        c1_0.community_id,
        c1_0.address,
        c1_0.city,
        c1_0.created_at,
        c1_0.description,
        c1_0.district,
        c1_0.latitude,
        c1_0.longitude,
        c1_0.community_name,
        c1_0.province,
        c1_0.service_radius,
        c1_0.status,
        c1_0.updated_at 
    from
        community c1_0 
    where
        c1_0.status=1 
    order by
        c1_0.created_at desc
[2025-11-06 20:04:43.032] [DEBUG] [leader-service] [http-nio-8068-exec-8] [org.hibernate.SQL:135] - 
    select
        c1_0.community_id,
        c1_0.address,
        c1_0.city,
        c1_0.created_at,
        c1_0.description,
        c1_0.district,
        c1_0.latitude,
        c1_0.longitude,
        c1_0.community_name,
        c1_0.province,
        c1_0.service_radius,
        c1_0.status,
        c1_0.updated_at 
    from
        community c1_0 
    where
        c1_0.status=1 
    order by
        c1_0.created_at desc
[2025-11-06 20:05:03.875] [DEBUG] [leader-service] [http-nio-8068-exec-1] [org.hibernate.SQL:135] - 
    select
        c1_0.community_id,
        c1_0.address,
        c1_0.city,
        c1_0.created_at,
        c1_0.description,
        c1_0.district,
        c1_0.latitude,
        c1_0.longitude,
        c1_0.community_name,
        c1_0.province,
        c1_0.service_radius,
        c1_0.status,
        c1_0.updated_at 
    from
        community c1_0 
    where
        c1_0.status=1 
    order by
        c1_0.created_at desc
[2025-11-06 20:06:36.399] [DEBUG] [leader-service] [http-nio-8068-exec-9] [org.hibernate.SQL:135] - 
    select
        c1_0.community_id,
        c1_0.address,
        c1_0.city,
        c1_0.created_at,
        c1_0.description,
        c1_0.district,
        c1_0.latitude,
        c1_0.longitude,
        c1_0.community_name,
        c1_0.province,
        c1_0.service_radius,
        c1_0.status,
        c1_0.updated_at 
    from
        community c1_0 
    where
        c1_0.status=1 
    order by
        c1_0.created_at desc
[2025-11-06 20:51:27.014] [DEBUG] [leader-service] [http-nio-8068-exec-10] [org.hibernate.SQL:135] - 
    select
        gls1_0.store_id,
        gls1_0.address,
        gls1_0.city,
        gls1_0.commission_rate,
        gls1_0.community_id,
        gls1_0.community_name,
        gls1_0.created_at,
        gls1_0.description,
        gls1_0.detail_address,
        gls1_0.district,
        gls1_0.latitude,
        gls1_0.leader_id,
        gls1_0.leader_name,
        gls1_0.leader_phone,
        gls1_0.longitude,
        gls1_0.max_delivery_range,
        gls1_0.province,
        gls1_0.review_comment,
        gls1_0.reviewed_at,
        gls1_0.reviewer_id,
        gls1_0.status,
        gls1_0.store_name,
        gls1_0.total_commission,
        gls1_0.updated_at 
    from
        group_leader_store gls1_0 
    where
        gls1_0.status=0 
    order by
        gls1_0.created_at
[2025-11-06 21:23:36.352] [DEBUG] [leader-service] [http-nio-8068-exec-6] [org.hibernate.SQL:135] - 
    select
        c1_0.community_id,
        c1_0.address,
        c1_0.city,
        c1_0.created_at,
        c1_0.description,
        c1_0.district,
        c1_0.latitude,
        c1_0.longitude,
        c1_0.community_name,
        c1_0.province,
        c1_0.service_radius,
        c1_0.status,
        c1_0.updated_at 
    from
        community c1_0 
    where
        c1_0.status=1 
    order by
        c1_0.created_at desc
[2025-11-06 21:48:11.898] [DEBUG] [leader-service] [http-nio-8068-exec-3] [org.hibernate.SQL:135] - 
    select
        c1_0.community_id,
        c1_0.address,
        c1_0.city,
        c1_0.created_at,
        c1_0.description,
        c1_0.district,
        c1_0.latitude,
        c1_0.longitude,
        c1_0.community_name,
        c1_0.province,
        c1_0.service_radius,
        c1_0.status,
        c1_0.updated_at 
    from
        community c1_0 
    where
        c1_0.status=1 
    order by
        c1_0.created_at desc
[2025-11-06 21:48:12.223] [DEBUG] [leader-service] [http-nio-8068-exec-4] [org.hibernate.SQL:135] - 
    select
        gls1_0.store_id,
        gls1_0.address,
        gls1_0.city,
        gls1_0.commission_rate,
        gls1_0.community_id,
        gls1_0.community_name,
        gls1_0.created_at,
        gls1_0.description,
        gls1_0.detail_address,
        gls1_0.district,
        gls1_0.latitude,
        gls1_0.leader_id,
        gls1_0.leader_name,
        gls1_0.leader_phone,
        gls1_0.longitude,
        gls1_0.max_delivery_range,
        gls1_0.province,
        gls1_0.review_comment,
        gls1_0.reviewed_at,
        gls1_0.reviewer_id,
        gls1_0.status,
        gls1_0.store_name,
        gls1_0.total_commission,
        gls1_0.updated_at 
    from
        group_leader_store gls1_0 
    where
        gls1_0.leader_id=?
[2025-11-06 21:48:57.235] [DEBUG] [leader-service] [http-nio-8068-exec-8] [org.hibernate.SQL:135] - 
    select
        ca1_0.application_id 
    from
        community_application ca1_0 
    where
        ca1_0.applicant_id=? 
        and ca1_0.status=? 
    limit
        ?
[2025-11-06 21:48:57.248] [DEBUG] [leader-service] [http-nio-8068-exec-8] [org.hibernate.SQL:135] - 
    select
        count(ca1_0.application_id)>0 
    from
        community_application ca1_0 
    where
        ca1_0.community_name=? 
        and ca1_0.status in (0, 1)
[2025-11-06 21:48:57.251] [DEBUG] [leader-service] [http-nio-8068-exec-8] [org.hibernate.SQL:135] - 
    select
        c1_0.community_id 
    from
        community c1_0 
    where
        c1_0.community_name=? 
    limit
        ?
[2025-11-06 21:48:57.279] [DEBUG] [leader-service] [http-nio-8068-exec-8] [org.hibernate.SQL:135] - 
    insert 
    into
        community_application
        (address, applicant_id, applicant_name, applicant_phone, application_reason, city, community_name, created_at, created_community_id, description, district, latitude, longitude, province, review_comment, reviewed_at, reviewer_id, service_radius, status, updated_at) 
    values
        (?, ?, ?, ?, ?, ?, ?, ?, ?, ?, ?, ?, ?, ?, ?, ?, ?, ?, ?, ?)
[2025-11-06 21:49:00.281] [DEBUG] [leader-service] [http-nio-8068-exec-9] [org.hibernate.SQL:135] - 
    select
        ca1_0.application_id,
        ca1_0.address,
        ca1_0.applicant_id,
        ca1_0.applicant_name,
        ca1_0.applicant_phone,
        ca1_0.application_reason,
        ca1_0.city,
        ca1_0.community_name,
        ca1_0.created_at,
        ca1_0.created_community_id,
        ca1_0.description,
        ca1_0.district,
        ca1_0.latitude,
        ca1_0.longitude,
        ca1_0.province,
        ca1_0.review_comment,
        ca1_0.reviewed_at,
        ca1_0.reviewer_id,
        ca1_0.service_radius,
        ca1_0.status,
        ca1_0.updated_at 
    from
        community_application ca1_0 
    where
        ca1_0.status=0 
    order by
        ca1_0.created_at
[2025-11-06 21:49:16.288] [DEBUG] [leader-service] [http-nio-8068-exec-1] [org.hibernate.SQL:135] - 
    select
        ca1_0.application_id,
        ca1_0.address,
        ca1_0.applicant_id,
        ca1_0.applicant_name,
        ca1_0.applicant_phone,
        ca1_0.application_reason,
        ca1_0.city,
        ca1_0.community_name,
        ca1_0.created_at,
        ca1_0.created_community_id,
        ca1_0.description,
        ca1_0.district,
        ca1_0.latitude,
        ca1_0.longitude,
        ca1_0.province,
        ca1_0.review_comment,
        ca1_0.reviewed_at,
        ca1_0.reviewer_id,
        ca1_0.service_radius,
        ca1_0.status,
        ca1_0.updated_at 
    from
        community_application ca1_0 
    where
        ca1_0.application_id=?
[2025-11-06 21:49:16.299] [DEBUG] [leader-service] [http-nio-8068-exec-1] [org.hibernate.SQL:135] - 
    update
        community_application 
    set
        address=?,
        applicant_id=?,
        applicant_name=?,
        applicant_phone=?,
        application_reason=?,
        city=?,
        community_name=?,
        created_community_id=?,
        description=?,
        district=?,
        latitude=?,
        longitude=?,
        province=?,
        review_comment=?,
        reviewed_at=?,
        reviewer_id=?,
        service_radius=?,
        status=?,
        updated_at=? 
    where
        application_id=?
[2025-11-06 21:49:16.319] [DEBUG] [leader-service] [http-nio-8068-exec-2] [org.hibernate.SQL:135] - 
    select
        ca1_0.application_id,
        ca1_0.address,
        ca1_0.applicant_id,
        ca1_0.applicant_name,
        ca1_0.applicant_phone,
        ca1_0.application_reason,
        ca1_0.city,
        ca1_0.community_name,
        ca1_0.created_at,
        ca1_0.created_community_id,
        ca1_0.description,
        ca1_0.district,
        ca1_0.latitude,
        ca1_0.longitude,
        ca1_0.province,
        ca1_0.review_comment,
        ca1_0.reviewed_at,
        ca1_0.reviewer_id,
        ca1_0.service_radius,
        ca1_0.status,
        ca1_0.updated_at 
    from
        community_application ca1_0 
    where
        ca1_0.status=0 
    order by
        ca1_0.created_at
[2025-11-06 21:49:41.561] [DEBUG] [leader-service] [http-nio-8068-exec-5] [org.hibernate.SQL:135] - 
    select
        c1_0.community_id,
        c1_0.address,
        c1_0.city,
        c1_0.created_at,
        c1_0.description,
        c1_0.district,
        c1_0.latitude,
        c1_0.longitude,
        c1_0.community_name,
        c1_0.province,
        c1_0.service_radius,
        c1_0.status,
        c1_0.updated_at 
    from
        community c1_0 
    where
        c1_0.status=1 
        and c1_0.latitude between ? and ? 
        and c1_0.longitude between ? and ?
[2025-11-06 21:49:47.492] [DEBUG] [leader-service] [http-nio-8068-exec-6] [org.hibernate.SQL:135] - 
    select
        c1_0.community_id,
        c1_0.address,
        c1_0.city,
        c1_0.created_at,
        c1_0.description,
        c1_0.district,
        c1_0.latitude,
        c1_0.longitude,
        c1_0.community_name,
        c1_0.province,
        c1_0.service_radius,
        c1_0.status,
        c1_0.updated_at 
    from
        community c1_0 
    where
        c1_0.status=1 
        and c1_0.latitude between ? and ? 
        and c1_0.longitude between ? and ?
[2025-11-06 21:50:05.702] [DEBUG] [leader-service] [http-nio-8068-exec-8] [org.hibernate.SQL:135] - 
    select
        count(gls1_0.store_id)>0 
    from
        group_leader_store gls1_0 
    where
        gls1_0.leader_id=? 
        and gls1_0.status in (0, 1)
[2025-11-06 21:50:19.972] [DEBUG] [leader-service] [http-nio-8068-exec-10] [org.hibernate.SQL:135] - 
    select
        c1_0.community_id,
        c1_0.address,
        c1_0.city,
        c1_0.created_at,
        c1_0.description,
        c1_0.district,
        c1_0.latitude,
        c1_0.longitude,
        c1_0.community_name,
        c1_0.province,
        c1_0.service_radius,
        c1_0.status,
        c1_0.updated_at 
    from
        community c1_0 
    where
        c1_0.status=1 
    order by
        c1_0.created_at desc
[2025-11-06 21:50:19.974] [DEBUG] [leader-service] [http-nio-8068-exec-1] [org.hibernate.SQL:135] - 
    select
        gls1_0.store_id,
        gls1_0.address,
        gls1_0.city,
        gls1_0.commission_rate,
        gls1_0.community_id,
        gls1_0.community_name,
        gls1_0.created_at,
        gls1_0.description,
        gls1_0.detail_address,
        gls1_0.district,
        gls1_0.latitude,
        gls1_0.leader_id,
        gls1_0.leader_name,
        gls1_0.leader_phone,
        gls1_0.longitude,
        gls1_0.max_delivery_range,
        gls1_0.province,
        gls1_0.review_comment,
        gls1_0.reviewed_at,
        gls1_0.reviewer_id,
        gls1_0.status,
        gls1_0.store_name,
        gls1_0.total_commission,
        gls1_0.updated_at 
    from
        group_leader_store gls1_0 
    where
        gls1_0.leader_id=?
[2025-11-06 21:52:34.378] [DEBUG] [leader-service] [main] [com.bcu.edu.LeaderServiceApplication:51] - Running with Spring Boot v3.2.3, Spring v6.1.4
[2025-11-06 21:53:09.241] [DEBUG] [leader-service] [http-nio-8068-exec-3] [org.hibernate.SQL:135] - 
    select
        c1_0.community_id,
        c1_0.address,
        c1_0.city,
        c1_0.created_at,
        c1_0.description,
        c1_0.district,
        c1_0.latitude,
        c1_0.longitude,
        c1_0.community_name,
        c1_0.province,
        c1_0.service_radius,
        c1_0.status,
        c1_0.updated_at 
    from
        community c1_0 
    where
        c1_0.status=1 
    order by
        c1_0.created_at desc
[2025-11-06 21:53:09.241] [DEBUG] [leader-service] [http-nio-8068-exec-4] [org.hibernate.SQL:135] - 
    select
        gls1_0.store_id,
        gls1_0.address,
        gls1_0.city,
        gls1_0.commission_rate,
        gls1_0.community_id,
        gls1_0.community_name,
        gls1_0.created_at,
        gls1_0.description,
        gls1_0.detail_address,
        gls1_0.district,
        gls1_0.latitude,
        gls1_0.leader_id,
        gls1_0.leader_name,
        gls1_0.leader_phone,
        gls1_0.longitude,
        gls1_0.max_delivery_range,
        gls1_0.province,
        gls1_0.review_comment,
        gls1_0.reviewed_at,
        gls1_0.reviewer_id,
        gls1_0.status,
        gls1_0.store_name,
        gls1_0.total_commission,
        gls1_0.updated_at 
    from
        group_leader_store gls1_0 
    where
        gls1_0.leader_id=?
[2025-11-06 21:54:20.922] [DEBUG] [leader-service] [http-nio-8068-exec-1] [org.hibernate.SQL:135] - 
    select
        c1_0.community_id,
        c1_0.address,
        c1_0.city,
        c1_0.created_at,
        c1_0.description,
        c1_0.district,
        c1_0.latitude,
        c1_0.longitude,
        c1_0.community_name,
        c1_0.province,
        c1_0.service_radius,
        c1_0.status,
        c1_0.updated_at 
    from
        community c1_0 
    where
        c1_0.status=1 
    order by
        c1_0.created_at desc
[2025-11-06 21:54:20.923] [DEBUG] [leader-service] [http-nio-8068-exec-2] [org.hibernate.SQL:135] - 
    select
        gls1_0.store_id,
        gls1_0.address,
        gls1_0.city,
        gls1_0.commission_rate,
        gls1_0.community_id,
        gls1_0.community_name,
        gls1_0.created_at,
        gls1_0.description,
        gls1_0.detail_address,
        gls1_0.district,
        gls1_0.latitude,
        gls1_0.leader_id,
        gls1_0.leader_name,
        gls1_0.leader_phone,
        gls1_0.longitude,
        gls1_0.max_delivery_range,
        gls1_0.province,
        gls1_0.review_comment,
        gls1_0.reviewed_at,
        gls1_0.reviewer_id,
        gls1_0.status,
        gls1_0.store_name,
        gls1_0.total_commission,
        gls1_0.updated_at 
    from
        group_leader_store gls1_0 
    where
        gls1_0.leader_id=?
[2025-11-06 21:54:35.497] [DEBUG] [leader-service] [http-nio-8068-exec-3] [org.hibernate.SQL:135] - 
    select
        count(gls1_0.store_id)>0 
    from
        group_leader_store gls1_0 
    where
        gls1_0.leader_id=? 
        and gls1_0.status in (0, 1)
[2025-11-06 21:54:35.610] [DEBUG] [leader-service] [http-nio-8068-exec-3] [org.hibernate.SQL:135] - 
    select
        c1_0.community_id,
        c1_0.address,
        c1_0.city,
        c1_0.created_at,
        c1_0.description,
        c1_0.district,
        c1_0.latitude,
        c1_0.longitude,
        c1_0.community_name,
        c1_0.province,
        c1_0.service_radius,
        c1_0.status,
        c1_0.updated_at 
    from
        community c1_0 
    where
        c1_0.community_id=?
[2025-11-06 21:54:35.622] [DEBUG] [leader-service] [http-nio-8068-exec-3] [org.hibernate.SQL:135] - 
    select
        gls1_0.store_id,
        gls1_0.address,
        gls1_0.city,
        gls1_0.commission_rate,
        gls1_0.community_id,
        gls1_0.community_name,
        gls1_0.created_at,
        gls1_0.description,
        gls1_0.detail_address,
        gls1_0.district,
        gls1_0.latitude,
        gls1_0.leader_id,
        gls1_0.leader_name,
        gls1_0.leader_phone,
        gls1_0.longitude,
        gls1_0.max_delivery_range,
        gls1_0.province,
        gls1_0.review_comment,
        gls1_0.reviewed_at,
        gls1_0.reviewer_id,
        gls1_0.status,
        gls1_0.store_name,
        gls1_0.total_commission,
        gls1_0.updated_at 
    from
        group_leader_store gls1_0 
    where
        gls1_0.leader_id=?
[2025-11-06 21:54:35.639] [DEBUG] [leader-service] [http-nio-8068-exec-3] [org.hibernate.SQL:135] - 
    insert 
    into
        group_leader_store
        (address, city, commission_rate, community_id, community_name, created_at, description, detail_address, district, latitude, leader_id, leader_name, leader_phone, longitude, max_delivery_range, province, review_comment, reviewed_at, reviewer_id, status, store_name, total_commission, updated_at) 
    values
        (?, ?, ?, ?, ?, ?, ?, ?, ?, ?, ?, ?, ?, ?, ?, ?, ?, ?, ?, ?, ?, ?, ?)
[2025-11-06 21:54:35.696] [DEBUG] [leader-service] [http-nio-8068-exec-5] [org.hibernate.SQL:135] - 
    select
        gls1_0.store_id,
        gls1_0.address,
        gls1_0.city,
        gls1_0.commission_rate,
        gls1_0.community_id,
        gls1_0.community_name,
        gls1_0.created_at,
        gls1_0.description,
        gls1_0.detail_address,
        gls1_0.district,
        gls1_0.latitude,
        gls1_0.leader_id,
        gls1_0.leader_name,
        gls1_0.leader_phone,
        gls1_0.longitude,
        gls1_0.max_delivery_range,
        gls1_0.province,
        gls1_0.review_comment,
        gls1_0.reviewed_at,
        gls1_0.reviewer_id,
        gls1_0.status,
        gls1_0.store_name,
        gls1_0.total_commission,
        gls1_0.updated_at 
    from
        group_leader_store gls1_0 
    where
        gls1_0.leader_id=?
[2025-11-06 21:54:43.150] [DEBUG] [leader-service] [http-nio-8068-exec-8] [org.hibernate.SQL:135] - 
    select
        c1_0.community_id,
        c1_0.address,
        c1_0.city,
        c1_0.created_at,
        c1_0.description,
        c1_0.district,
        c1_0.latitude,
        c1_0.longitude,
        c1_0.community_name,
        c1_0.province,
        c1_0.service_radius,
        c1_0.status,
        c1_0.updated_at 
    from
        community c1_0 
    where
        c1_0.status=1 
    order by
        c1_0.created_at desc
[2025-11-06 21:54:43.151] [DEBUG] [leader-service] [http-nio-8068-exec-7] [org.hibernate.SQL:135] - 
    select
        gls1_0.store_id,
        gls1_0.address,
        gls1_0.city,
        gls1_0.commission_rate,
        gls1_0.community_id,
        gls1_0.community_name,
        gls1_0.created_at,
        gls1_0.description,
        gls1_0.detail_address,
        gls1_0.district,
        gls1_0.latitude,
        gls1_0.leader_id,
        gls1_0.leader_name,
        gls1_0.leader_phone,
        gls1_0.longitude,
        gls1_0.max_delivery_range,
        gls1_0.province,
        gls1_0.review_comment,
        gls1_0.reviewed_at,
        gls1_0.reviewer_id,
        gls1_0.status,
        gls1_0.store_name,
        gls1_0.total_commission,
        gls1_0.updated_at 
    from
        group_leader_store gls1_0 
    where
        gls1_0.leader_id=?
[2025-11-06 21:54:47.189] [DEBUG] [leader-service] [http-nio-8068-exec-10] [org.hibernate.SQL:135] - 
    select
        c1_0.community_id,
        c1_0.address,
        c1_0.city,
        c1_0.created_at,
        c1_0.description,
        c1_0.district,
        c1_0.latitude,
        c1_0.longitude,
        c1_0.community_name,
        c1_0.province,
        c1_0.service_radius,
        c1_0.status,
        c1_0.updated_at 
    from
        community c1_0 
    where
        c1_0.status=1 
    order by
        c1_0.created_at desc
[2025-11-06 21:54:47.193] [DEBUG] [leader-service] [http-nio-8068-exec-9] [org.hibernate.SQL:135] - 
    select
        gls1_0.store_id,
        gls1_0.address,
        gls1_0.city,
        gls1_0.commission_rate,
        gls1_0.community_id,
        gls1_0.community_name,
        gls1_0.created_at,
        gls1_0.description,
        gls1_0.detail_address,
        gls1_0.district,
        gls1_0.latitude,
        gls1_0.leader_id,
        gls1_0.leader_name,
        gls1_0.leader_phone,
        gls1_0.longitude,
        gls1_0.max_delivery_range,
        gls1_0.province,
        gls1_0.review_comment,
        gls1_0.reviewed_at,
        gls1_0.reviewer_id,
        gls1_0.status,
        gls1_0.store_name,
        gls1_0.total_commission,
        gls1_0.updated_at 
    from
        group_leader_store gls1_0 
    where
        gls1_0.leader_id=?
[2025-11-06 21:54:50.420] [DEBUG] [leader-service] [http-nio-8068-exec-2] [org.hibernate.SQL:135] - 
    select
        gls1_0.store_id,
        gls1_0.address,
        gls1_0.city,
        gls1_0.commission_rate,
        gls1_0.community_id,
        gls1_0.community_name,
        gls1_0.created_at,
        gls1_0.description,
        gls1_0.detail_address,
        gls1_0.district,
        gls1_0.latitude,
        gls1_0.leader_id,
        gls1_0.leader_name,
        gls1_0.leader_phone,
        gls1_0.longitude,
        gls1_0.max_delivery_range,
        gls1_0.province,
        gls1_0.review_comment,
        gls1_0.reviewed_at,
        gls1_0.reviewer_id,
        gls1_0.status,
        gls1_0.store_name,
        gls1_0.total_commission,
        gls1_0.updated_at 
    from
        group_leader_store gls1_0 
    where
        gls1_0.status=0 
    order by
        gls1_0.created_at
[2025-11-06 21:54:56.490] [DEBUG] [leader-service] [http-nio-8068-exec-4] [org.hibernate.SQL:135] - 
    select
        gls1_0.store_id,
        gls1_0.address,
        gls1_0.city,
        gls1_0.commission_rate,
        gls1_0.community_id,
        gls1_0.community_name,
        gls1_0.created_at,
        gls1_0.description,
        gls1_0.detail_address,
        gls1_0.district,
        gls1_0.latitude,
        gls1_0.leader_id,
        gls1_0.leader_name,
        gls1_0.leader_phone,
        gls1_0.longitude,
        gls1_0.max_delivery_range,
        gls1_0.province,
        gls1_0.review_comment,
        gls1_0.reviewed_at,
        gls1_0.reviewer_id,
        gls1_0.status,
        gls1_0.store_name,
        gls1_0.total_commission,
        gls1_0.updated_at 
    from
        group_leader_store gls1_0 
    where
        gls1_0.store_id=?
[2025-11-06 21:54:56.502] [DEBUG] [leader-service] [http-nio-8068-exec-4] [org.hibernate.SQL:135] - 
    update
        group_leader_store 
    set
        address=?,
        city=?,
        commission_rate=?,
        community_id=?,
        community_name=?,
        description=?,
        detail_address=?,
        district=?,
        latitude=?,
        leader_id=?,
        leader_name=?,
        leader_phone=?,
        longitude=?,
        max_delivery_range=?,
        province=?,
        review_comment=?,
        reviewed_at=?,
        reviewer_id=?,
        status=?,
        store_name=?,
        total_commission=?,
        updated_at=? 
    where
        store_id=?
[2025-11-06 21:54:56.528] [DEBUG] [leader-service] [http-nio-8068-exec-3] [org.hibernate.SQL:135] - 
    select
        gls1_0.store_id,
        gls1_0.address,
        gls1_0.city,
        gls1_0.commission_rate,
        gls1_0.community_id,
        gls1_0.community_name,
        gls1_0.created_at,
        gls1_0.description,
        gls1_0.detail_address,
        gls1_0.district,
        gls1_0.latitude,
        gls1_0.leader_id,
        gls1_0.leader_name,
        gls1_0.leader_phone,
        gls1_0.longitude,
        gls1_0.max_delivery_range,
        gls1_0.province,
        gls1_0.review_comment,
        gls1_0.reviewed_at,
        gls1_0.reviewer_id,
        gls1_0.status,
        gls1_0.store_name,
        gls1_0.total_commission,
        gls1_0.updated_at 
    from
        group_leader_store gls1_0 
    where
        gls1_0.status=0 
    order by
        gls1_0.created_at
[2025-11-06 21:54:58.820] [DEBUG] [leader-service] [http-nio-8068-exec-5] [org.hibernate.SQL:135] - 
    select
        c1_0.community_id,
        c1_0.address,
        c1_0.city,
        c1_0.created_at,
        c1_0.description,
        c1_0.district,
        c1_0.latitude,
        c1_0.longitude,
        c1_0.community_name,
        c1_0.province,
        c1_0.service_radius,
        c1_0.status,
        c1_0.updated_at 
    from
        community c1_0 
    where
        c1_0.status=1 
    order by
        c1_0.created_at desc
[2025-11-06 21:54:58.822] [DEBUG] [leader-service] [http-nio-8068-exec-6] [org.hibernate.SQL:135] - 
    select
        gls1_0.store_id,
        gls1_0.address,
        gls1_0.city,
        gls1_0.commission_rate,
        gls1_0.community_id,
        gls1_0.community_name,
        gls1_0.created_at,
        gls1_0.description,
        gls1_0.detail_address,
        gls1_0.district,
        gls1_0.latitude,
        gls1_0.leader_id,
        gls1_0.leader_name,
        gls1_0.leader_phone,
        gls1_0.longitude,
        gls1_0.max_delivery_range,
        gls1_0.province,
        gls1_0.review_comment,
        gls1_0.reviewed_at,
        gls1_0.reviewer_id,
        gls1_0.status,
        gls1_0.store_name,
        gls1_0.total_commission,
        gls1_0.updated_at 
    from
        group_leader_store gls1_0 
    where
        gls1_0.leader_id=?
[2025-11-06 21:55:22.405] [DEBUG] [leader-service] [http-nio-8068-exec-10] [org.hibernate.SQL:135] - 
    select
        c1_0.community_id,
        c1_0.address,
        c1_0.city,
        c1_0.created_at,
        c1_0.description,
        c1_0.district,
        c1_0.latitude,
        c1_0.longitude,
        c1_0.community_name,
        c1_0.province,
        c1_0.service_radius,
        c1_0.status,
        c1_0.updated_at 
    from
        community c1_0 
    where
        c1_0.status=1 
    order by
        c1_0.created_at desc
[2025-11-06 21:55:40.598] [DEBUG] [leader-service] [http-nio-8068-exec-2] [org.hibernate.SQL:135] - 
    select
        c1_0.community_id,
        c1_0.address,
        c1_0.city,
        c1_0.created_at,
        c1_0.description,
        c1_0.district,
        c1_0.latitude,
        c1_0.longitude,
        c1_0.community_name,
        c1_0.province,
        c1_0.service_radius,
        c1_0.status,
        c1_0.updated_at 
    from
        community c1_0 
    where
        c1_0.status=1 
    order by
        c1_0.created_at desc
[2025-11-06 22:00:48.399] [DEBUG] [leader-service] [http-nio-8068-exec-3] [org.hibernate.SQL:135] - 
    select
        gls1_0.store_id,
        gls1_0.address,
        gls1_0.city,
        gls1_0.commission_rate,
        gls1_0.community_id,
        gls1_0.community_name,
        gls1_0.created_at,
        gls1_0.description,
        gls1_0.detail_address,
        gls1_0.district,
        gls1_0.latitude,
        gls1_0.leader_id,
        gls1_0.leader_name,
        gls1_0.leader_phone,
        gls1_0.longitude,
        gls1_0.max_delivery_range,
        gls1_0.province,
        gls1_0.review_comment,
        gls1_0.reviewed_at,
        gls1_0.reviewer_id,
        gls1_0.status,
        gls1_0.store_name,
        gls1_0.total_commission,
        gls1_0.updated_at 
    from
        group_leader_store gls1_0 
    where
        gls1_0.leader_id=?
[2025-11-06 22:00:48.725] [DEBUG] [leader-service] [http-nio-8068-exec-6] [org.hibernate.SQL:135] - 
    select
        cr1_0.commission_id,
        cr1_0.commission_amount,
        cr1_0.commission_rate,
        cr1_0.created_at,
        cr1_0.leader_id,
        cr1_0.leader_name,
        cr1_0.order_amount,
        cr1_0.order_id,
        cr1_0.remark,
        cr1_0.settled_at,
        cr1_0.settlement_batch,
        cr1_0.status 
    from
        commission_record cr1_0 
    where
        cr1_0.leader_id=? 
    order by
        cr1_0.created_at desc
[2025-11-06 22:00:48.726] [DEBUG] [leader-service] [http-nio-8068-exec-5] [org.hibernate.SQL:135] - 
    select
        sum(cr1_0.commission_amount) 
    from
        commission_record cr1_0 
    where
        cr1_0.leader_id=? 
        and cr1_0.status=0
[2025-11-06 22:00:48.731] [DEBUG] [leader-service] [http-nio-8068-exec-5] [org.hibernate.SQL:135] - 
    select
        sum(cr1_0.commission_amount) 
    from
        commission_record cr1_0 
    where
        cr1_0.leader_id=? 
        and cr1_0.status=1
[2025-11-06 22:00:52.309] [DEBUG] [leader-service] [http-nio-8068-exec-8] [org.hibernate.SQL:135] - 
    select
        c1_0.community_id,
        c1_0.address,
        c1_0.city,
        c1_0.created_at,
        c1_0.description,
        c1_0.district,
        c1_0.latitude,
        c1_0.longitude,
        c1_0.community_name,
        c1_0.province,
        c1_0.service_radius,
        c1_0.status,
        c1_0.updated_at 
    from
        community c1_0 
    where
        c1_0.community_id=?
[2025-11-06 22:01:05.089] [DEBUG] [leader-service] [http-nio-8068-exec-10] [org.hibernate.SQL:135] - 
    select
        gls1_0.store_id,
        gls1_0.address,
        gls1_0.city,
        gls1_0.commission_rate,
        gls1_0.community_id,
        gls1_0.community_name,
        gls1_0.created_at,
        gls1_0.description,
        gls1_0.detail_address,
        gls1_0.district,
        gls1_0.latitude,
        gls1_0.leader_id,
        gls1_0.leader_name,
        gls1_0.leader_phone,
        gls1_0.longitude,
        gls1_0.max_delivery_range,
        gls1_0.province,
        gls1_0.review_comment,
        gls1_0.reviewed_at,
        gls1_0.reviewer_id,
        gls1_0.status,
        gls1_0.store_name,
        gls1_0.total_commission,
        gls1_0.updated_at 
    from
        group_leader_store gls1_0 
    where
        gls1_0.leader_id=?
[2025-11-06 22:01:05.418] [DEBUG] [leader-service] [http-nio-8068-exec-9] [org.hibernate.SQL:135] - 
    select
        sum(cr1_0.commission_amount) 
    from
        commission_record cr1_0 
    where
        cr1_0.leader_id=? 
        and cr1_0.status=0
[2025-11-06 22:01:05.418] [DEBUG] [leader-service] [http-nio-8068-exec-2] [org.hibernate.SQL:135] - 
    select
        cr1_0.commission_id,
        cr1_0.commission_amount,
        cr1_0.commission_rate,
        cr1_0.created_at,
        cr1_0.leader_id,
        cr1_0.leader_name,
        cr1_0.order_amount,
        cr1_0.order_id,
        cr1_0.remark,
        cr1_0.settled_at,
        cr1_0.settlement_batch,
        cr1_0.status 
    from
        commission_record cr1_0 
    where
        cr1_0.leader_id=? 
    order by
        cr1_0.created_at desc
[2025-11-06 22:01:05.419] [DEBUG] [leader-service] [http-nio-8068-exec-9] [org.hibernate.SQL:135] - 
    select
        sum(cr1_0.commission_amount) 
    from
        commission_record cr1_0 
    where
        cr1_0.leader_id=? 
        and cr1_0.status=1
[2025-11-06 22:01:45.798] [DEBUG] [leader-service] [http-nio-8068-exec-6] [org.hibernate.SQL:135] - 
    select
        gls1_0.store_id,
        gls1_0.address,
        gls1_0.city,
        gls1_0.commission_rate,
        gls1_0.community_id,
        gls1_0.community_name,
        gls1_0.created_at,
        gls1_0.description,
        gls1_0.detail_address,
        gls1_0.district,
        gls1_0.latitude,
        gls1_0.leader_id,
        gls1_0.leader_name,
        gls1_0.leader_phone,
        gls1_0.longitude,
        gls1_0.max_delivery_range,
        gls1_0.province,
        gls1_0.review_comment,
        gls1_0.reviewed_at,
        gls1_0.reviewer_id,
        gls1_0.status,
        gls1_0.store_name,
        gls1_0.total_commission,
        gls1_0.updated_at 
    from
        group_leader_store gls1_0 
    where
        gls1_0.leader_id=?
[2025-11-06 22:01:45.828] [DEBUG] [leader-service] [http-nio-8068-exec-7] [org.hibernate.SQL:135] - 
    select
        sum(cr1_0.commission_amount) 
    from
        commission_record cr1_0 
    where
        cr1_0.leader_id=? 
        and cr1_0.status=0
[2025-11-06 22:01:45.829] [DEBUG] [leader-service] [http-nio-8068-exec-5] [org.hibernate.SQL:135] - 
    select
        cr1_0.commission_id,
        cr1_0.commission_amount,
        cr1_0.commission_rate,
        cr1_0.created_at,
        cr1_0.leader_id,
        cr1_0.leader_name,
        cr1_0.order_amount,
        cr1_0.order_id,
        cr1_0.remark,
        cr1_0.settled_at,
        cr1_0.settlement_batch,
        cr1_0.status 
    from
        commission_record cr1_0 
    where
        cr1_0.leader_id=? 
    order by
        cr1_0.created_at desc
[2025-11-06 22:01:45.831] [DEBUG] [leader-service] [http-nio-8068-exec-7] [org.hibernate.SQL:135] - 
    select
        sum(cr1_0.commission_amount) 
    from
        commission_record cr1_0 
    where
        cr1_0.leader_id=? 
        and cr1_0.status=1
[2025-11-06 22:01:48.841] [DEBUG] [leader-service] [http-nio-8068-exec-8] [org.hibernate.SQL:135] - 
    select
        gls1_0.store_id,
        gls1_0.address,
        gls1_0.city,
        gls1_0.commission_rate,
        gls1_0.community_id,
        gls1_0.community_name,
        gls1_0.created_at,
        gls1_0.description,
        gls1_0.detail_address,
        gls1_0.district,
        gls1_0.latitude,
        gls1_0.leader_id,
        gls1_0.leader_name,
        gls1_0.leader_phone,
        gls1_0.longitude,
        gls1_0.max_delivery_range,
        gls1_0.province,
        gls1_0.review_comment,
        gls1_0.reviewed_at,
        gls1_0.reviewer_id,
        gls1_0.status,
        gls1_0.store_name,
        gls1_0.total_commission,
        gls1_0.updated_at 
    from
        group_leader_store gls1_0 
    where
        gls1_0.leader_id=?
[2025-11-06 22:01:48.864] [DEBUG] [leader-service] [http-nio-8068-exec-10] [org.hibernate.SQL:135] - 
    select
        sum(cr1_0.commission_amount) 
    from
        commission_record cr1_0 
    where
        cr1_0.leader_id=? 
        and cr1_0.status=0
[2025-11-06 22:01:48.867] [DEBUG] [leader-service] [http-nio-8068-exec-10] [org.hibernate.SQL:135] - 
    select
        sum(cr1_0.commission_amount) 
    from
        commission_record cr1_0 
    where
        cr1_0.leader_id=? 
        and cr1_0.status=1
[2025-11-06 22:01:48.967] [DEBUG] [leader-service] [http-nio-8068-exec-2] [org.hibernate.SQL:135] - 
    select
        cr1_0.commission_id,
        cr1_0.commission_amount,
        cr1_0.commission_rate,
        cr1_0.created_at,
        cr1_0.leader_id,
        cr1_0.leader_name,
        cr1_0.order_amount,
        cr1_0.order_id,
        cr1_0.remark,
        cr1_0.settled_at,
        cr1_0.settlement_batch,
        cr1_0.status 
    from
        commission_record cr1_0 
    where
        cr1_0.leader_id=? 
    order by
        cr1_0.created_at desc
[2025-11-06 22:06:36.964] [DEBUG] [leader-service] [http-nio-8068-exec-1] [org.hibernate.SQL:135] - 
    select
        gls1_0.store_id,
        gls1_0.address,
        gls1_0.city,
        gls1_0.commission_rate,
        gls1_0.community_id,
        gls1_0.community_name,
        gls1_0.created_at,
        gls1_0.description,
        gls1_0.detail_address,
        gls1_0.district,
        gls1_0.latitude,
        gls1_0.leader_id,
        gls1_0.leader_name,
        gls1_0.leader_phone,
        gls1_0.longitude,
        gls1_0.max_delivery_range,
        gls1_0.province,
        gls1_0.review_comment,
        gls1_0.reviewed_at,
        gls1_0.reviewer_id,
        gls1_0.status,
        gls1_0.store_name,
        gls1_0.total_commission,
        gls1_0.updated_at 
    from
        group_leader_store gls1_0 
    where
        gls1_0.leader_id=?
[2025-11-06 22:06:37.292] [DEBUG] [leader-service] [http-nio-8068-exec-5] [org.hibernate.SQL:135] - 
    select
        sum(cr1_0.commission_amount) 
    from
        commission_record cr1_0 
    where
        cr1_0.leader_id=? 
        and cr1_0.status=0
[2025-11-06 22:06:37.292] [DEBUG] [leader-service] [http-nio-8068-exec-3] [org.hibernate.SQL:135] - 
    select
        cr1_0.commission_id,
        cr1_0.commission_amount,
        cr1_0.commission_rate,
        cr1_0.created_at,
        cr1_0.leader_id,
        cr1_0.leader_name,
        cr1_0.order_amount,
        cr1_0.order_id,
        cr1_0.remark,
        cr1_0.settled_at,
        cr1_0.settlement_batch,
        cr1_0.status 
    from
        commission_record cr1_0 
    where
        cr1_0.leader_id=? 
    order by
        cr1_0.created_at desc
[2025-11-06 22:06:37.293] [DEBUG] [leader-service] [http-nio-8068-exec-5] [org.hibernate.SQL:135] - 
    select
        sum(cr1_0.commission_amount) 
    from
        commission_record cr1_0 
    where
        cr1_0.leader_id=? 
        and cr1_0.status=1
[2025-11-06 22:07:12.365] [DEBUG] [leader-service] [http-nio-8068-exec-2] [org.hibernate.SQL:135] - 
    select
        c1_0.community_id,
        c1_0.address,
        c1_0.city,
        c1_0.created_at,
        c1_0.description,
        c1_0.district,
        c1_0.latitude,
        c1_0.longitude,
        c1_0.community_name,
        c1_0.province,
        c1_0.service_radius,
        c1_0.status,
        c1_0.updated_at 
    from
        community c1_0 
    where
        c1_0.status=1 
    order by
        c1_0.created_at desc
[2025-11-06 22:07:12.674] [DEBUG] [leader-service] [http-nio-8068-exec-9] [org.hibernate.SQL:135] - 
    select
        gls1_0.store_id,
        gls1_0.address,
        gls1_0.city,
        gls1_0.commission_rate,
        gls1_0.community_id,
        gls1_0.community_name,
        gls1_0.created_at,
        gls1_0.description,
        gls1_0.detail_address,
        gls1_0.district,
        gls1_0.latitude,
        gls1_0.leader_id,
        gls1_0.leader_name,
        gls1_0.leader_phone,
        gls1_0.longitude,
        gls1_0.max_delivery_range,
        gls1_0.province,
        gls1_0.review_comment,
        gls1_0.reviewed_at,
        gls1_0.reviewer_id,
        gls1_0.status,
        gls1_0.store_name,
        gls1_0.total_commission,
        gls1_0.updated_at 
    from
        group_leader_store gls1_0 
    where
        gls1_0.leader_id=?
[2025-11-06 22:07:33.233] [DEBUG] [leader-service] [http-nio-8068-exec-4] [org.hibernate.SQL:135] - 
    select
        c1_0.community_id,
        c1_0.address,
        c1_0.city,
        c1_0.created_at,
        c1_0.description,
        c1_0.district,
        c1_0.latitude,
        c1_0.longitude,
        c1_0.community_name,
        c1_0.province,
        c1_0.service_radius,
        c1_0.status,
        c1_0.updated_at 
    from
        community c1_0 
    where
        c1_0.status=1 
    order by
        c1_0.created_at desc
[2025-11-06 22:07:37.375] [DEBUG] [leader-service] [http-nio-8068-exec-5] [org.hibernate.SQL:135] - 
    select
        c1_0.community_id,
        c1_0.address,
        c1_0.city,
        c1_0.created_at,
        c1_0.description,
        c1_0.district,
        c1_0.latitude,
        c1_0.longitude,
        c1_0.community_name,
        c1_0.province,
        c1_0.service_radius,
        c1_0.status,
        c1_0.updated_at 
    from
        community c1_0 
    where
        c1_0.status=1 
    order by
        c1_0.created_at desc
[2025-11-06 22:07:38.450] [DEBUG] [leader-service] [http-nio-8068-exec-6] [org.hibernate.SQL:135] - 
    select
        c1_0.community_id,
        c1_0.address,
        c1_0.city,
        c1_0.created_at,
        c1_0.description,
        c1_0.district,
        c1_0.latitude,
        c1_0.longitude,
        c1_0.community_name,
        c1_0.province,
        c1_0.service_radius,
        c1_0.status,
        c1_0.updated_at 
    from
        community c1_0 
    where
        c1_0.status=1 
    order by
        c1_0.created_at desc
[2025-11-06 22:07:40.260] [DEBUG] [leader-service] [http-nio-8068-exec-7] [org.hibernate.SQL:135] - 
    select
        ca1_0.application_id,
        ca1_0.address,
        ca1_0.applicant_id,
        ca1_0.applicant_name,
        ca1_0.applicant_phone,
        ca1_0.application_reason,
        ca1_0.city,
        ca1_0.community_name,
        ca1_0.created_at,
        ca1_0.created_community_id,
        ca1_0.description,
        ca1_0.district,
        ca1_0.latitude,
        ca1_0.longitude,
        ca1_0.province,
        ca1_0.review_comment,
        ca1_0.reviewed_at,
        ca1_0.reviewer_id,
        ca1_0.service_radius,
        ca1_0.status,
        ca1_0.updated_at 
    from
        community_application ca1_0 
    where
        ca1_0.status=0 
    order by
        ca1_0.created_at
[2025-11-06 22:07:41.069] [DEBUG] [leader-service] [http-nio-8068-exec-8] [org.hibernate.SQL:135] - 
    select
        gls1_0.store_id,
        gls1_0.address,
        gls1_0.city,
        gls1_0.commission_rate,
        gls1_0.community_id,
        gls1_0.community_name,
        gls1_0.created_at,
        gls1_0.description,
        gls1_0.detail_address,
        gls1_0.district,
        gls1_0.latitude,
        gls1_0.leader_id,
        gls1_0.leader_name,
        gls1_0.leader_phone,
        gls1_0.longitude,
        gls1_0.max_delivery_range,
        gls1_0.province,
        gls1_0.review_comment,
        gls1_0.reviewed_at,
        gls1_0.reviewer_id,
        gls1_0.status,
        gls1_0.store_name,
        gls1_0.total_commission,
        gls1_0.updated_at 
    from
        group_leader_store gls1_0 
    where
        gls1_0.status=0 
    order by
        gls1_0.created_at
[2025-11-06 22:07:41.821] [DEBUG] [leader-service] [http-nio-8068-exec-10] [org.hibernate.SQL:135] - 
    select
        cr1_0.commission_id,
        cr1_0.commission_amount,
        cr1_0.commission_rate,
        cr1_0.created_at,
        cr1_0.leader_id,
        cr1_0.leader_name,
        cr1_0.order_amount,
        cr1_0.order_id,
        cr1_0.remark,
        cr1_0.settled_at,
        cr1_0.settlement_batch,
        cr1_0.status 
    from
        commission_record cr1_0 
    where
        cr1_0.status=0 
    order by
        cr1_0.created_at
[2025-11-06 22:07:42.328] [DEBUG] [leader-service] [http-nio-8068-exec-2] [org.hibernate.SQL:135] - 
    select
        gls1_0.store_id,
        gls1_0.address,
        gls1_0.city,
        gls1_0.commission_rate,
        gls1_0.community_id,
        gls1_0.community_name,
        gls1_0.created_at,
        gls1_0.description,
        gls1_0.detail_address,
        gls1_0.district,
        gls1_0.latitude,
        gls1_0.leader_id,
        gls1_0.leader_name,
        gls1_0.leader_phone,
        gls1_0.longitude,
        gls1_0.max_delivery_range,
        gls1_0.province,
        gls1_0.review_comment,
        gls1_0.reviewed_at,
        gls1_0.reviewer_id,
        gls1_0.status,
        gls1_0.store_name,
        gls1_0.total_commission,
        gls1_0.updated_at 
    from
        group_leader_store gls1_0 
    where
        gls1_0.status=0 
    order by
        gls1_0.created_at
[2025-11-06 22:07:43.191] [DEBUG] [leader-service] [http-nio-8068-exec-9] [org.hibernate.SQL:135] - 
    select
        gls1_0.store_id,
        gls1_0.address,
        gls1_0.city,
        gls1_0.commission_rate,
        gls1_0.community_id,
        gls1_0.community_name,
        gls1_0.created_at,
        gls1_0.description,
        gls1_0.detail_address,
        gls1_0.district,
        gls1_0.latitude,
        gls1_0.leader_id,
        gls1_0.leader_name,
        gls1_0.leader_phone,
        gls1_0.longitude,
        gls1_0.max_delivery_range,
        gls1_0.province,
        gls1_0.review_comment,
        gls1_0.reviewed_at,
        gls1_0.reviewer_id,
        gls1_0.status,
        gls1_0.store_name,
        gls1_0.total_commission,
        gls1_0.updated_at 
    from
        group_leader_store gls1_0 
    where
        gls1_0.status=? 
    order by
        gls1_0.created_at desc
[2025-11-06 22:07:43.567] [DEBUG] [leader-service] [http-nio-8068-exec-1] [org.hibernate.SQL:135] - 
    select
        gls1_0.store_id,
        gls1_0.address,
        gls1_0.city,
        gls1_0.commission_rate,
        gls1_0.community_id,
        gls1_0.community_name,
        gls1_0.created_at,
        gls1_0.description,
        gls1_0.detail_address,
        gls1_0.district,
        gls1_0.latitude,
        gls1_0.leader_id,
        gls1_0.leader_name,
        gls1_0.leader_phone,
        gls1_0.longitude,
        gls1_0.max_delivery_range,
        gls1_0.province,
        gls1_0.review_comment,
        gls1_0.reviewed_at,
        gls1_0.reviewer_id,
        gls1_0.status,
        gls1_0.store_name,
        gls1_0.total_commission,
        gls1_0.updated_at 
    from
        group_leader_store gls1_0 
    where
        gls1_0.status=? 
    order by
        gls1_0.created_at desc
[2025-11-06 22:07:44.497] [DEBUG] [leader-service] [http-nio-8068-exec-4] [org.hibernate.SQL:135] - 
    select
        gls1_0.store_id,
        gls1_0.address,
        gls1_0.city,
        gls1_0.commission_rate,
        gls1_0.community_id,
        gls1_0.community_name,
        gls1_0.created_at,
        gls1_0.description,
        gls1_0.detail_address,
        gls1_0.district,
        gls1_0.latitude,
        gls1_0.leader_id,
        gls1_0.leader_name,
        gls1_0.leader_phone,
        gls1_0.longitude,
        gls1_0.max_delivery_range,
        gls1_0.province,
        gls1_0.review_comment,
        gls1_0.reviewed_at,
        gls1_0.reviewer_id,
        gls1_0.status,
        gls1_0.store_name,
        gls1_0.total_commission,
        gls1_0.updated_at 
    from
        group_leader_store gls1_0 
    where
        gls1_0.status=? 
    order by
        gls1_0.created_at desc
[2025-11-06 22:07:45.044] [DEBUG] [leader-service] [http-nio-8068-exec-3] [org.hibernate.SQL:135] - 
    select
        ca1_0.application_id,
        ca1_0.address,
        ca1_0.applicant_id,
        ca1_0.applicant_name,
        ca1_0.applicant_phone,
        ca1_0.application_reason,
        ca1_0.city,
        ca1_0.community_name,
        ca1_0.created_at,
        ca1_0.created_community_id,
        ca1_0.description,
        ca1_0.district,
        ca1_0.latitude,
        ca1_0.longitude,
        ca1_0.province,
        ca1_0.review_comment,
        ca1_0.reviewed_at,
        ca1_0.reviewer_id,
        ca1_0.service_radius,
        ca1_0.status,
        ca1_0.updated_at 
    from
        community_application ca1_0 
    where
        ca1_0.status=0 
    order by
        ca1_0.created_at
[2025-11-06 22:07:45.630] [DEBUG] [leader-service] [http-nio-8068-exec-5] [org.hibernate.SQL:135] - 
    select
        ca1_0.application_id,
        ca1_0.address,
        ca1_0.applicant_id,
        ca1_0.applicant_name,
        ca1_0.applicant_phone,
        ca1_0.application_reason,
        ca1_0.city,
        ca1_0.community_name,
        ca1_0.created_at,
        ca1_0.created_community_id,
        ca1_0.description,
        ca1_0.district,
        ca1_0.latitude,
        ca1_0.longitude,
        ca1_0.province,
        ca1_0.review_comment,
        ca1_0.reviewed_at,
        ca1_0.reviewer_id,
        ca1_0.service_radius,
        ca1_0.status,
        ca1_0.updated_at 
    from
        community_application ca1_0 
    where
        ca1_0.status=? 
    order by
        ca1_0.created_at desc
[2025-11-06 22:07:46.023] [DEBUG] [leader-service] [http-nio-8068-exec-6] [org.hibernate.SQL:135] - 
    select
        ca1_0.application_id,
        ca1_0.address,
        ca1_0.applicant_id,
        ca1_0.applicant_name,
        ca1_0.applicant_phone,
        ca1_0.application_reason,
        ca1_0.city,
        ca1_0.community_name,
        ca1_0.created_at,
        ca1_0.created_community_id,
        ca1_0.description,
        ca1_0.district,
        ca1_0.latitude,
        ca1_0.longitude,
        ca1_0.province,
        ca1_0.review_comment,
        ca1_0.reviewed_at,
        ca1_0.reviewer_id,
        ca1_0.service_radius,
        ca1_0.status,
        ca1_0.updated_at 
    from
        community_application ca1_0 
    where
        ca1_0.status=? 
    order by
        ca1_0.created_at desc
[2025-11-06 22:07:48.047] [DEBUG] [leader-service] [http-nio-8068-exec-7] [org.hibernate.SQL:135] - 
    select
        ca1_0.application_id,
        ca1_0.address,
        ca1_0.applicant_id,
        ca1_0.applicant_name,
        ca1_0.applicant_phone,
        ca1_0.application_reason,
        ca1_0.city,
        ca1_0.community_name,
        ca1_0.created_at,
        ca1_0.created_community_id,
        ca1_0.description,
        ca1_0.district,
        ca1_0.latitude,
        ca1_0.longitude,
        ca1_0.province,
        ca1_0.review_comment,
        ca1_0.reviewed_at,
        ca1_0.reviewer_id,
        ca1_0.service_radius,
        ca1_0.status,
        ca1_0.updated_at 
    from
        community_application ca1_0 
    where
        ca1_0.status=? 
    order by
        ca1_0.created_at desc
[2025-11-06 22:07:48.491] [DEBUG] [leader-service] [http-nio-8068-exec-8] [org.hibernate.SQL:135] - 
    select
        ca1_0.application_id,
        ca1_0.address,
        ca1_0.applicant_id,
        ca1_0.applicant_name,
        ca1_0.applicant_phone,
        ca1_0.application_reason,
        ca1_0.city,
        ca1_0.community_name,
        ca1_0.created_at,
        ca1_0.created_community_id,
        ca1_0.description,
        ca1_0.district,
        ca1_0.latitude,
        ca1_0.longitude,
        ca1_0.province,
        ca1_0.review_comment,
        ca1_0.reviewed_at,
        ca1_0.reviewer_id,
        ca1_0.service_radius,
        ca1_0.status,
        ca1_0.updated_at 
    from
        community_application ca1_0 
    where
        ca1_0.status=0 
    order by
        ca1_0.created_at
[2025-11-06 22:07:49.127] [DEBUG] [leader-service] [http-nio-8068-exec-10] [org.hibernate.SQL:135] - 
    select
        cr1_0.commission_id,
        cr1_0.commission_amount,
        cr1_0.commission_rate,
        cr1_0.created_at,
        cr1_0.leader_id,
        cr1_0.leader_name,
        cr1_0.order_amount,
        cr1_0.order_id,
        cr1_0.remark,
        cr1_0.settled_at,
        cr1_0.settlement_batch,
        cr1_0.status 
    from
        commission_record cr1_0 
    where
        cr1_0.status=0 
    order by
        cr1_0.created_at
[2025-11-06 22:09:20.360] [DEBUG] [leader-service] [http-nio-8068-exec-8] [org.hibernate.SQL:135] - 
    select
        c1_0.community_id,
        c1_0.address,
        c1_0.city,
        c1_0.created_at,
        c1_0.description,
        c1_0.district,
        c1_0.latitude,
        c1_0.longitude,
        c1_0.community_name,
        c1_0.province,
        c1_0.service_radius,
        c1_0.status,
        c1_0.updated_at 
    from
        community c1_0 
    where
        c1_0.status=1 
    order by
        c1_0.created_at desc
[2025-11-06 22:11:36.409] [DEBUG] [leader-service] [http-nio-8068-exec-10] [org.hibernate.SQL:135] - 
    select
        gls1_0.store_id,
        gls1_0.address,
        gls1_0.city,
        gls1_0.commission_rate,
        gls1_0.community_id,
        gls1_0.community_name,
        gls1_0.created_at,
        gls1_0.description,
        gls1_0.detail_address,
        gls1_0.district,
        gls1_0.latitude,
        gls1_0.leader_id,
        gls1_0.leader_name,
        gls1_0.leader_phone,
        gls1_0.longitude,
        gls1_0.max_delivery_range,
        gls1_0.province,
        gls1_0.review_comment,
        gls1_0.reviewed_at,
        gls1_0.reviewer_id,
        gls1_0.status,
        gls1_0.store_name,
        gls1_0.total_commission,
        gls1_0.updated_at 
    from
        group_leader_store gls1_0 
    where
        gls1_0.leader_id=?
[2025-11-06 22:11:36.493] [DEBUG] [leader-service] [http-nio-8068-exec-2] [org.hibernate.SQL:135] - 
    select
        sum(cr1_0.commission_amount) 
    from
        commission_record cr1_0 
    where
        cr1_0.leader_id=? 
        and cr1_0.status=0
[2025-11-06 22:11:36.495] [DEBUG] [leader-service] [http-nio-8068-exec-2] [org.hibernate.SQL:135] - 
    select
        sum(cr1_0.commission_amount) 
    from
        commission_record cr1_0 
    where
        cr1_0.leader_id=? 
        and cr1_0.status=1
[2025-11-06 22:11:36.731] [DEBUG] [leader-service] [http-nio-8068-exec-9] [org.hibernate.SQL:135] - 
    select
        cr1_0.commission_id,
        cr1_0.commission_amount,
        cr1_0.commission_rate,
        cr1_0.created_at,
        cr1_0.leader_id,
        cr1_0.leader_name,
        cr1_0.order_amount,
        cr1_0.order_id,
        cr1_0.remark,
        cr1_0.settled_at,
        cr1_0.settlement_batch,
        cr1_0.status 
    from
        commission_record cr1_0 
    where
        cr1_0.leader_id=? 
    order by
        cr1_0.created_at desc
[2025-11-06 22:17:26.425] [DEBUG] [leader-service] [http-nio-8068-exec-7] [org.hibernate.SQL:135] - 
    select
        c1_0.community_id,
        c1_0.address,
        c1_0.city,
        c1_0.created_at,
        c1_0.description,
        c1_0.district,
        c1_0.latitude,
        c1_0.longitude,
        c1_0.community_name,
        c1_0.province,
        c1_0.service_radius,
        c1_0.status,
        c1_0.updated_at 
    from
        community c1_0 
    where
        c1_0.status=1 
    order by
        c1_0.created_at desc
[2025-11-06 22:17:30.581] [DEBUG] [leader-service] [http-nio-8068-exec-8] [org.hibernate.SQL:135] - 
    select
        c1_0.community_id,
        c1_0.address,
        c1_0.city,
        c1_0.created_at,
        c1_0.description,
        c1_0.district,
        c1_0.latitude,
        c1_0.longitude,
        c1_0.community_name,
        c1_0.province,
        c1_0.service_radius,
        c1_0.status,
        c1_0.updated_at 
    from
        community c1_0 
    where
        c1_0.status=1 
        and c1_0.latitude between ? and ? 
        and c1_0.longitude between ? and ?
[2025-11-06 22:17:38.576] [DEBUG] [leader-service] [http-nio-8068-exec-2] [org.hibernate.SQL:135] - 
    select
        c1_0.community_id,
        c1_0.address,
        c1_0.city,
        c1_0.created_at,
        c1_0.description,
        c1_0.district,
        c1_0.latitude,
        c1_0.longitude,
        c1_0.community_name,
        c1_0.province,
        c1_0.service_radius,
        c1_0.status,
        c1_0.updated_at 
    from
        community c1_0 
    where
        c1_0.status=1 
    order by
        c1_0.created_at desc
[2025-11-06 22:17:49.722] [DEBUG] [leader-service] [http-nio-8068-exec-9] [org.hibernate.SQL:135] - 
    select
        c1_0.community_id,
        c1_0.address,
        c1_0.city,
        c1_0.created_at,
        c1_0.description,
        c1_0.district,
        c1_0.latitude,
        c1_0.longitude,
        c1_0.community_name,
        c1_0.province,
        c1_0.service_radius,
        c1_0.status,
        c1_0.updated_at 
    from
        community c1_0 
    where
        c1_0.status=1 
        and c1_0.latitude between ? and ? 
        and c1_0.longitude between ? and ?
[2025-11-06 22:18:47.206] [DEBUG] [leader-service] [http-nio-8068-exec-6] [org.hibernate.SQL:135] - 
    select
        c1_0.community_id,
        c1_0.address,
        c1_0.city,
        c1_0.created_at,
        c1_0.description,
        c1_0.district,
        c1_0.latitude,
        c1_0.longitude,
        c1_0.community_name,
        c1_0.province,
        c1_0.service_radius,
        c1_0.status,
        c1_0.updated_at 
    from
        community c1_0 
    where
        c1_0.status=1 
    order by
        c1_0.created_at desc
[2025-11-06 22:21:40.813] [DEBUG] [leader-service] [http-nio-8068-exec-2] [org.hibernate.SQL:135] - 
    select
        c1_0.community_id,
        c1_0.address,
        c1_0.city,
        c1_0.created_at,
        c1_0.description,
        c1_0.district,
        c1_0.latitude,
        c1_0.longitude,
        c1_0.community_name,
        c1_0.province,
        c1_0.service_radius,
        c1_0.status,
        c1_0.updated_at 
    from
        community c1_0 
    where
        c1_0.status=1 
    order by
        c1_0.created_at desc
[2025-11-06 22:25:17.694] [DEBUG] [leader-service] [http-nio-8068-exec-6] [org.hibernate.SQL:135] - 
    select
        c1_0.community_id,
        c1_0.address,
        c1_0.city,
        c1_0.created_at,
        c1_0.description,
        c1_0.district,
        c1_0.latitude,
        c1_0.longitude,
        c1_0.community_name,
        c1_0.province,
        c1_0.service_radius,
        c1_0.status,
        c1_0.updated_at 
    from
        community c1_0 
    where
        c1_0.status=1 
    order by
        c1_0.created_at desc
