[2025-11-10 20:03:40.958] [INFO ] [leader-service] [main] [com.bcu.edu.LeaderServiceApplication:?] - Starting LeaderServiceApplication using Java 17.0.6 with PID 16960 (E:\E\BYSJ\community-group-buy-backend\LeaderService\target\classes started by Gkr07 in E:\E\BYSJ\community-group-buy-backend)
[2025-11-10 20:03:40.968] [INFO ] [leader-service] [main] [com.bcu.edu.LeaderServiceApplication:?] - No active profile set, falling back to 1 default profile: "default"
[2025-11-10 20:03:45.857] [INFO ] [leader-service] [main] [o.s.d.r.config.RepositoryConfigurationDelegate:?] - Bootstrapping Spring Data JPA repositories in DEFAULT mode.
[2025-11-10 20:03:46.864] [INFO ] [leader-service] [main] [o.s.d.r.config.RepositoryConfigurationDelegate:?] - Finished Spring Data repository scanning in 987 ms. Found 5 JPA repository interfaces.
[2025-11-10 20:03:47.470] [INFO ] [leader-service] [main] [o.springframework.cloud.context.scope.GenericScope:?] - BeanFactory id=081f99ec-4975-3eec-8c21-5984ed4e2a56
[2025-11-10 20:03:48.427] [WARN ] [leader-service] [main] [o.s.c.s.PostProcessorRegistrationDelegate$BeanPostProcessorChecker:?] - Bean 'org.springframework.cloud.client.loadbalancer.LoadBalancerAutoConfiguration$LoadBalancerInterceptorConfig' of type [org.springframework.cloud.client.loadbalancer.LoadBalancerAutoConfiguration$LoadBalancerInterceptorConfig] is not eligible for getting processed by all BeanPostProcessors (for example: not eligible for auto-proxying). The currently created BeanPostProcessor [lbRestClientPostProcessor] is declared through a non-static factory method on that class; consider declaring it as static instead.
[2025-11-10 20:03:48.442] [WARN ] [leader-service] [main] [o.s.c.s.PostProcessorRegistrationDelegate$BeanPostProcessorChecker:?] - Bean 'org.springframework.cloud.loadbalancer.config.BlockingLoadBalancerClientAutoConfiguration' of type [org.springframework.cloud.loadbalancer.config.BlockingLoadBalancerClientAutoConfiguration] is not eligible for getting processed by all BeanPostProcessors (for example: not eligible for auto-proxying). Is this bean getting eagerly injected into a currently created BeanPostProcessor [lbRestClientPostProcessor]? Check the corresponding BeanPostProcessor declaration and its dependencies.
[2025-11-10 20:03:48.453] [WARN ] [leader-service] [main] [o.s.c.s.PostProcessorRegistrationDelegate$BeanPostProcessorChecker:?] - Bean 'org.springframework.cloud.loadbalancer.config.LoadBalancerAutoConfiguration' of type [org.springframework.cloud.loadbalancer.config.LoadBalancerAutoConfiguration] is not eligible for getting processed by all BeanPostProcessors (for example: not eligible for auto-proxying). Is this bean getting eagerly injected into a currently created BeanPostProcessor [lbRestClientPostProcessor]? Check the corresponding BeanPostProcessor declaration and its dependencies.
[2025-11-10 20:03:48.480] [WARN ] [leader-service] [main] [o.s.c.s.PostProcessorRegistrationDelegate$BeanPostProcessorChecker:?] - Bean 'org.springframework.cloud.commons.config.CommonsConfigAutoConfiguration' of type [org.springframework.cloud.commons.config.CommonsConfigAutoConfiguration] is not eligible for getting processed by all BeanPostProcessors (for example: not eligible for auto-proxying). Is this bean getting eagerly injected into a currently created BeanPostProcessor [lbRestClientPostProcessor]? Check the corresponding BeanPostProcessor declaration and its dependencies.
[2025-11-10 20:03:48.484] [WARN ] [leader-service] [main] [o.s.c.s.PostProcessorRegistrationDelegate$BeanPostProcessorChecker:?] - Bean 'org.springframework.cloud.client.loadbalancer.LoadBalancerDefaultMappingsProviderAutoConfiguration' of type [org.springframework.cloud.client.loadbalancer.LoadBalancerDefaultMappingsProviderAutoConfiguration] is not eligible for getting processed by all BeanPostProcessors (for example: not eligible for auto-proxying). Is this bean getting eagerly injected into a currently created BeanPostProcessor [lbRestClientPostProcessor]? Check the corresponding BeanPostProcessor declaration and its dependencies.
[2025-11-10 20:03:48.490] [WARN ] [leader-service] [main] [o.s.c.s.PostProcessorRegistrationDelegate$BeanPostProcessorChecker:?] - Bean 'loadBalancerClientsDefaultsMappingsProvider' of type [org.springframework.cloud.client.loadbalancer.LoadBalancerDefaultMappingsProviderAutoConfiguration$$Lambda$793/0x0000000801166c58] is not eligible for getting processed by all BeanPostProcessors (for example: not eligible for auto-proxying). Is this bean getting eagerly injected into a currently created BeanPostProcessor [lbRestClientPostProcessor]? Check the corresponding BeanPostProcessor declaration and its dependencies.
[2025-11-10 20:03:48.501] [WARN ] [leader-service] [main] [o.s.c.s.PostProcessorRegistrationDelegate$BeanPostProcessorChecker:?] - Bean 'defaultsBindHandlerAdvisor' of type [org.springframework.cloud.commons.config.DefaultsBindHandlerAdvisor] is not eligible for getting processed by all BeanPostProcessors (for example: not eligible for auto-proxying). Is this bean getting eagerly injected into a currently created BeanPostProcessor [lbRestClientPostProcessor]? Check the corresponding BeanPostProcessor declaration and its dependencies.
[2025-11-10 20:03:48.528] [WARN ] [leader-service] [main] [o.s.c.s.PostProcessorRegistrationDelegate$BeanPostProcessorChecker:?] - Bean 'spring.cloud.loadbalancer-org.springframework.cloud.client.loadbalancer.LoadBalancerClientsProperties' of type [org.springframework.cloud.client.loadbalancer.LoadBalancerClientsProperties] is not eligible for getting processed by all BeanPostProcessors (for example: not eligible for auto-proxying). Is this bean getting eagerly injected into a currently created BeanPostProcessor [lbRestClientPostProcessor]? Check the corresponding BeanPostProcessor declaration and its dependencies.
[2025-11-10 20:03:48.555] [WARN ] [leader-service] [main] [o.s.c.s.PostProcessorRegistrationDelegate$BeanPostProcessorChecker:?] - Bean 'default.org.springframework.cloud.loadbalancer.config.LoadBalancerAutoConfiguration.LoadBalancerClientSpecification' of type [org.springframework.cloud.loadbalancer.annotation.LoadBalancerClientSpecification] is not eligible for getting processed by all BeanPostProcessors (for example: not eligible for auto-proxying). Is this bean getting eagerly injected into a currently created BeanPostProcessor [lbRestClientPostProcessor]? Check the corresponding BeanPostProcessor declaration and its dependencies.
[2025-11-10 20:03:48.562] [WARN ] [leader-service] [main] [o.s.c.s.PostProcessorRegistrationDelegate$BeanPostProcessorChecker:?] - Bean 'default.org.springframework.cloud.loadbalancer.config.BlockingLoadBalancerClientAutoConfiguration.LoadBalancerClientSpecification' of type [org.springframework.cloud.loadbalancer.annotation.LoadBalancerClientSpecification] is not eligible for getting processed by all BeanPostProcessors (for example: not eligible for auto-proxying). Is this bean getting eagerly injected into a currently created BeanPostProcessor [lbRestClientPostProcessor]? Check the corresponding BeanPostProcessor declaration and its dependencies.
[2025-11-10 20:03:48.567] [WARN ] [leader-service] [main] [o.s.c.s.PostProcessorRegistrationDelegate$BeanPostProcessorChecker:?] - Bean 'loadBalancerClientFactory' of type [org.springframework.cloud.loadbalancer.support.LoadBalancerClientFactory] is not eligible for getting processed by all BeanPostProcessors (for example: not eligible for auto-proxying). Is this bean getting eagerly injected into a currently created BeanPostProcessor [lbRestClientPostProcessor]? Check the corresponding BeanPostProcessor declaration and its dependencies.
[2025-11-10 20:03:48.588] [WARN ] [leader-service] [main] [o.s.c.s.PostProcessorRegistrationDelegate$BeanPostProcessorChecker:?] - Bean 'blockingLoadBalancerClient' of type [org.springframework.cloud.loadbalancer.blocking.client.BlockingLoadBalancerClient] is not eligible for getting processed by all BeanPostProcessors (for example: not eligible for auto-proxying). Is this bean getting eagerly injected into a currently created BeanPostProcessor [lbRestClientPostProcessor]? Check the corresponding BeanPostProcessor declaration and its dependencies.
[2025-11-10 20:03:48.630] [WARN ] [leader-service] [main] [o.s.c.s.PostProcessorRegistrationDelegate$BeanPostProcessorChecker:?] - Bean 'loadBalancerServiceInstanceCookieTransformer' of type [org.springframework.cloud.loadbalancer.core.LoadBalancerServiceInstanceCookieTransformer] is not eligible for getting processed by all BeanPostProcessors (for example: not eligible for auto-proxying). Is this bean getting eagerly injected into a currently created BeanPostProcessor [lbRestClientPostProcessor]? Check the corresponding BeanPostProcessor declaration and its dependencies.
[2025-11-10 20:03:48.638] [WARN ] [leader-service] [main] [o.s.c.s.PostProcessorRegistrationDelegate$BeanPostProcessorChecker:?] - Bean 'xForwarderHeadersTransformer' of type [org.springframework.cloud.loadbalancer.blocking.XForwardedHeadersTransformer] is not eligible for getting processed by all BeanPostProcessors (for example: not eligible for auto-proxying). Is this bean getting eagerly injected into a currently created BeanPostProcessor [lbRestClientPostProcessor]? Check the corresponding BeanPostProcessor declaration and its dependencies.
[2025-11-10 20:03:48.643] [WARN ] [leader-service] [main] [o.s.c.s.PostProcessorRegistrationDelegate$BeanPostProcessorChecker:?] - Bean 'org.springframework.cloud.client.loadbalancer.LoadBalancerAutoConfiguration' of type [org.springframework.cloud.client.loadbalancer.LoadBalancerAutoConfiguration] is not eligible for getting processed by all BeanPostProcessors (for example: not eligible for auto-proxying). Is this bean getting eagerly injected into a currently created BeanPostProcessor [lbRestClientPostProcessor]? Check the corresponding BeanPostProcessor declaration and its dependencies.
[2025-11-10 20:03:48.651] [WARN ] [leader-service] [main] [o.s.c.s.PostProcessorRegistrationDelegate$BeanPostProcessorChecker:?] - Bean 'loadBalancerRequestFactory' of type [org.springframework.cloud.client.loadbalancer.LoadBalancerRequestFactory] is not eligible for getting processed by all BeanPostProcessors (for example: not eligible for auto-proxying). Is this bean getting eagerly injected into a currently created BeanPostProcessor [lbRestClientPostProcessor]? Check the corresponding BeanPostProcessor declaration and its dependencies.
[2025-11-10 20:03:48.655] [WARN ] [leader-service] [main] [o.s.c.s.PostProcessorRegistrationDelegate$BeanPostProcessorChecker:?] - Bean 'loadBalancerInterceptor' of type [org.springframework.cloud.client.loadbalancer.LoadBalancerInterceptor] is not eligible for getting processed by all BeanPostProcessors (for example: not eligible for auto-proxying). Is this bean getting eagerly injected into a currently created BeanPostProcessor [lbRestClientPostProcessor]? Check the corresponding BeanPostProcessor declaration and its dependencies.
[2025-11-10 20:03:49.400] [INFO ] [leader-service] [main] [o.s.boot.web.embedded.tomcat.TomcatWebServer:?] - Tomcat initialized with port 8068 (http)
[2025-11-10 20:03:49.551] [INFO ] [leader-service] [main] [o.s.b.w.s.c.ServletWebServerApplicationContext:?] - Root WebApplicationContext: initialization completed in 8515 ms
[2025-11-10 20:03:50.135] [INFO ] [leader-service] [main] [org.hibernate.jpa.internal.util.LogHelper:?] - HHH000204: Processing PersistenceUnitInfo [name: default]
[2025-11-10 20:03:50.238] [INFO ] [leader-service] [main] [org.hibernate.Version:?] - HHH000412: Hibernate ORM core version 6.4.4.Final
[2025-11-10 20:03:50.290] [INFO ] [leader-service] [main] [o.hibernate.cache.internal.RegionFactoryInitiator:?] - HHH000026: Second-level cache disabled
[2025-11-10 20:03:50.622] [INFO ] [leader-service] [main] [o.s.o.j.persistenceunit.SpringPersistenceUnitInfo:?] - No LoadTimeWeaver setup: ignoring JPA class transformer
[2025-11-10 20:03:50.664] [INFO ] [leader-service] [main] [com.zaxxer.hikari.HikariDataSource:?] - LeaderServiceHikariCP - Starting...
[2025-11-10 20:03:50.827] [INFO ] [leader-service] [main] [com.zaxxer.hikari.pool.HikariPool:?] - LeaderServiceHikariCP - Added connection com.mysql.cj.jdbc.ConnectionImpl@19b3d3a4
[2025-11-10 20:03:50.831] [INFO ] [leader-service] [main] [com.zaxxer.hikari.HikariDataSource:?] - LeaderServiceHikariCP - Start completed.
[2025-11-10 20:03:50.880] [WARN ] [leader-service] [main] [org.hibernate.orm.deprecation:?] - HHH90000025: MySQL8Dialect does not need to be specified explicitly using 'hibernate.dialect' (remove the property setting and it will be selected by default)
[2025-11-10 20:03:50.881] [WARN ] [leader-service] [main] [org.hibernate.orm.deprecation:?] - HHH90000026: MySQL8Dialect has been deprecated; use org.hibernate.dialect.MySQLDialect instead
[2025-11-10 20:03:52.578] [INFO ] [leader-service] [main] [o.h.e.t.jta.platform.internal.JtaPlatformInitiator:?] - HHH000489: No JTA platform available (set 'hibernate.transaction.jta.platform' to enable JTA platform integration)
[2025-11-10 20:03:52.743] [INFO ] [leader-service] [main] [o.s.orm.jpa.LocalContainerEntityManagerFactoryBean:?] - Initialized JPA EntityManagerFactory for persistence unit 'default'
[2025-11-10 20:03:53.393] [INFO ] [leader-service] [main] [o.s.data.jpa.repository.query.QueryEnhancerFactory:?] - Hibernate is in classpath; If applicable, HQL parser will be used.
[2025-11-10 20:03:56.926] [INFO ] [leader-service] [main] [o.s.b.actuate.endpoint.web.EndpointLinksResolver:?] - Exposing 17 endpoint(s) beneath base path '/actuator'
[2025-11-10 20:03:57.056] [WARN ] [leader-service] [main] [o.s.b.a.o.j.JpaBaseConfiguration$JpaWebConfiguration:?] - spring.jpa.open-in-view is enabled by default. Therefore, database queries may be performed during view rendering. Explicitly configure spring.jpa.open-in-view to disable this warning
[2025-11-10 20:03:57.198] [INFO ] [leader-service] [main] [o.s.cloud.openfeign.FeignClientFactoryBean:?] - For 'user-service' URL not provided. Will try picking an instance via load-balancing.
[2025-11-10 20:03:57.515] [INFO ] [leader-service] [main] [o.s.cloud.openfeign.FeignClientFactoryBean:?] - For 'user-service' URL not provided. Will try picking an instance via load-balancing.
[2025-11-10 20:04:00.641] [WARN ] [leader-service] [main] [o.s.c.l.c.LoadBalancerCacheAutoConfiguration$LoadBalancerCaffeineWarnLogger:?] - Spring Cloud LoadBalancer is currently working with the default cache. While this cache implementation is useful for development and tests, it's recommended to use Caffeine cache in production.You can switch to using Caffeine cache, by adding it and org.springframework.cache.caffeine.CaffeineCacheManager to the classpath.
[2025-11-10 20:04:00.896] [INFO ] [leader-service] [main] [o.s.boot.web.embedded.tomcat.TomcatWebServer:?] - Tomcat started on port 8068 (http) with context path ''
[2025-11-10 20:04:00.899] [INFO ] [leader-service] [main] [o.s.c.consul.serviceregistry.ConsulServiceRegistry:?] - Registering service with consul: NewService{id='leader-service-8068', name='leader-service', tags=[], address='192.168.245.1', meta={secure=false}, port=8068, enableTagOverride=null, check=Check{script='null', dockerContainerID='null', shell='null', interval='15s', ttl='null', http='http://192.168.245.1:8068/actuator/health', method='null', header={}, tcp='null', timeout='null', deregisterCriticalServiceAfter='null', tlsSkipVerify=null, status='null', grpc='null', grpcUseTLS=null}, checks=null}
[2025-11-10 20:04:01.650] [INFO ] [leader-service] [main] [com.bcu.edu.LeaderServiceApplication:?] - Started LeaderServiceApplication in 22.08 seconds (process running for 23.087)
[2025-11-10 20:04:02.983] [INFO ] [leader-service] [RMI TCP Connection(11)-26.52.41.123] [org.springframework.web.servlet.DispatcherServlet:?] - Initializing Servlet 'dispatcherServlet'
[2025-11-10 20:04:02.994] [INFO ] [leader-service] [RMI TCP Connection(11)-26.52.41.123] [org.springframework.web.servlet.DispatcherServlet:?] - Completed initialization in 11 ms
[2025-11-10 20:05:53.242] [INFO ] [leader-service] [http-nio-8068-exec-8] [com.bcu.edu.controller.CommunityController:?] - 查询所有正常运营的社区
[2025-11-10 20:20:12.016] [INFO ] [leader-service] [http-nio-8068-exec-7] [com.bcu.edu.controller.CommunityController:?] - 查询所有正常运营的社区
[2025-11-10 20:20:16.568] [INFO ] [leader-service] [http-nio-8068-exec-8] [com.bcu.edu.controller.LeaderController:?] - 用户3查询自己的团长信息
[2025-11-10 20:20:16.737] [INFO ] [leader-service] [http-nio-8068-exec-9] [com.bcu.edu.controller.CommissionController:?] - 团长3查询佣金统计
[2025-11-10 20:20:16.769] [INFO ] [leader-service] [http-nio-8068-exec-10] [com.bcu.edu.controller.CommissionController:?] - 团长3查询佣金记录
[2025-11-10 20:20:32.462] [INFO ] [leader-service] [http-nio-8068-exec-3] [com.bcu.edu.controller.LeaderController:?] - 用户3查询自己的团长信息
[2025-11-10 20:20:33.493] [INFO ] [leader-service] [http-nio-8068-exec-4] [com.bcu.edu.controller.FeignController:?] - [Feign] 查询社区：communityId=5
[2025-11-10 20:20:33.609] [INFO ] [leader-service] [http-nio-8068-exec-5] [com.bcu.edu.controller.FeignController:?] - [Feign] 查询社区：communityId=5
[2025-11-10 20:20:33.642] [INFO ] [leader-service] [http-nio-8068-exec-6] [com.bcu.edu.controller.FeignController:?] - [Feign] 查询社区：communityId=5
[2025-11-10 20:20:33.701] [INFO ] [leader-service] [http-nio-8068-exec-7] [com.bcu.edu.controller.FeignController:?] - [Feign] 查询社区：communityId=5
[2025-11-10 20:20:33.752] [INFO ] [leader-service] [http-nio-8068-exec-8] [com.bcu.edu.controller.FeignController:?] - [Feign] 查询社区：communityId=5
[2025-11-10 20:20:33.793] [INFO ] [leader-service] [http-nio-8068-exec-9] [com.bcu.edu.controller.FeignController:?] - [Feign] 查询社区：communityId=5
[2025-11-10 20:20:33.825] [INFO ] [leader-service] [http-nio-8068-exec-10] [com.bcu.edu.controller.FeignController:?] - [Feign] 查询社区：communityId=5
[2025-11-10 20:20:33.853] [INFO ] [leader-service] [http-nio-8068-exec-1] [com.bcu.edu.controller.FeignController:?] - [Feign] 查询社区：communityId=1
[2025-11-10 20:40:10.509] [INFO ] [leader-service] [http-nio-8068-exec-2] [com.bcu.edu.controller.LeaderController:?] - 用户3查询自己的团长信息
[2025-11-10 20:40:10.914] [INFO ] [leader-service] [http-nio-8068-exec-3] [com.bcu.edu.controller.LeaderController:?] - 用户3查询自己的团长信息
[2025-11-10 20:40:11.268] [INFO ] [leader-service] [http-nio-8068-exec-4] [com.bcu.edu.controller.FeignController:?] - [Feign] 查询社区：communityId=5
[2025-11-10 20:40:11.292] [INFO ] [leader-service] [http-nio-8068-exec-5] [com.bcu.edu.controller.FeignController:?] - [Feign] 查询社区：communityId=5
[2025-11-10 20:40:11.317] [INFO ] [leader-service] [http-nio-8068-exec-6] [com.bcu.edu.controller.FeignController:?] - [Feign] 查询社区：communityId=5
[2025-11-10 20:40:11.351] [INFO ] [leader-service] [http-nio-8068-exec-7] [com.bcu.edu.controller.FeignController:?] - [Feign] 查询社区：communityId=5
[2025-11-10 20:40:11.386] [INFO ] [leader-service] [http-nio-8068-exec-8] [com.bcu.edu.controller.FeignController:?] - [Feign] 查询社区：communityId=5
[2025-11-10 20:40:11.414] [INFO ] [leader-service] [http-nio-8068-exec-9] [com.bcu.edu.controller.FeignController:?] - [Feign] 查询社区：communityId=5
[2025-11-10 20:40:11.435] [INFO ] [leader-service] [http-nio-8068-exec-10] [com.bcu.edu.controller.FeignController:?] - [Feign] 查询社区：communityId=5
[2025-11-10 20:40:11.458] [INFO ] [leader-service] [http-nio-8068-exec-1] [com.bcu.edu.controller.FeignController:?] - [Feign] 查询社区：communityId=1
[2025-11-10 20:40:11.508] [INFO ] [leader-service] [http-nio-8068-exec-2] [com.bcu.edu.controller.FeignController:?] - [Feign] 查询社区：communityId=5
[2025-11-10 20:40:11.529] [INFO ] [leader-service] [http-nio-8068-exec-3] [com.bcu.edu.controller.FeignController:?] - [Feign] 查询社区：communityId=5
[2025-11-10 20:40:11.554] [INFO ] [leader-service] [http-nio-8068-exec-4] [com.bcu.edu.controller.FeignController:?] - [Feign] 查询社区：communityId=5
[2025-11-10 20:40:11.587] [INFO ] [leader-service] [http-nio-8068-exec-5] [com.bcu.edu.controller.FeignController:?] - [Feign] 查询社区：communityId=5
[2025-11-10 20:40:11.622] [INFO ] [leader-service] [http-nio-8068-exec-6] [com.bcu.edu.controller.FeignController:?] - [Feign] 查询社区：communityId=5
[2025-11-10 20:40:11.648] [INFO ] [leader-service] [http-nio-8068-exec-7] [com.bcu.edu.controller.FeignController:?] - [Feign] 查询社区：communityId=5
[2025-11-10 20:40:11.668] [INFO ] [leader-service] [http-nio-8068-exec-8] [com.bcu.edu.controller.FeignController:?] - [Feign] 查询社区：communityId=5
[2025-11-10 20:40:11.689] [INFO ] [leader-service] [http-nio-8068-exec-9] [com.bcu.edu.controller.FeignController:?] - [Feign] 查询社区：communityId=1
[2025-11-10 20:40:13.662] [INFO ] [leader-service] [http-nio-8068-exec-10] [com.bcu.edu.controller.FeignController:?] - [Feign] 查询社区：communityId=5
[2025-11-10 20:40:13.682] [INFO ] [leader-service] [http-nio-8068-exec-1] [com.bcu.edu.controller.FeignController:?] - [Feign] 查询社区：communityId=5
[2025-11-10 20:40:13.708] [INFO ] [leader-service] [http-nio-8068-exec-2] [com.bcu.edu.controller.FeignController:?] - [Feign] 查询社区：communityId=5
[2025-11-10 20:40:13.741] [INFO ] [leader-service] [http-nio-8068-exec-3] [com.bcu.edu.controller.FeignController:?] - [Feign] 查询社区：communityId=5
[2025-11-10 20:40:13.775] [INFO ] [leader-service] [http-nio-8068-exec-4] [com.bcu.edu.controller.FeignController:?] - [Feign] 查询社区：communityId=5
[2025-11-10 20:40:13.803] [INFO ] [leader-service] [http-nio-8068-exec-5] [com.bcu.edu.controller.FeignController:?] - [Feign] 查询社区：communityId=5
[2025-11-10 20:40:13.825] [INFO ] [leader-service] [http-nio-8068-exec-6] [com.bcu.edu.controller.FeignController:?] - [Feign] 查询社区：communityId=5
[2025-11-10 20:40:13.845] [INFO ] [leader-service] [http-nio-8068-exec-7] [com.bcu.edu.controller.FeignController:?] - [Feign] 查询社区：communityId=1
[2025-11-10 20:40:17.087] [INFO ] [leader-service] [http-nio-8068-exec-8] [com.bcu.edu.controller.FeignController:?] - [Feign] 查询社区：communityId=5
[2025-11-10 20:40:17.107] [INFO ] [leader-service] [http-nio-8068-exec-9] [com.bcu.edu.controller.FeignController:?] - [Feign] 查询社区：communityId=5
[2025-11-10 20:40:17.128] [INFO ] [leader-service] [http-nio-8068-exec-10] [com.bcu.edu.controller.FeignController:?] - [Feign] 查询社区：communityId=5
[2025-11-10 20:40:17.160] [INFO ] [leader-service] [http-nio-8068-exec-1] [com.bcu.edu.controller.FeignController:?] - [Feign] 查询社区：communityId=5
[2025-11-10 20:40:17.189] [INFO ] [leader-service] [http-nio-8068-exec-2] [com.bcu.edu.controller.FeignController:?] - [Feign] 查询社区：communityId=5
[2025-11-10 20:40:17.212] [INFO ] [leader-service] [http-nio-8068-exec-3] [com.bcu.edu.controller.FeignController:?] - [Feign] 查询社区：communityId=5
[2025-11-10 20:40:17.229] [INFO ] [leader-service] [http-nio-8068-exec-4] [com.bcu.edu.controller.FeignController:?] - [Feign] 查询社区：communityId=5
[2025-11-10 20:40:17.249] [INFO ] [leader-service] [http-nio-8068-exec-5] [com.bcu.edu.controller.FeignController:?] - [Feign] 查询社区：communityId=1
[2025-11-10 20:40:21.426] [INFO ] [leader-service] [http-nio-8068-exec-7] [com.bcu.edu.controller.FeignController:?] - [Feign] 查询社区：communityId=5
[2025-11-10 20:40:21.448] [INFO ] [leader-service] [http-nio-8068-exec-8] [com.bcu.edu.controller.FeignController:?] - [Feign] 查询社区：communityId=5
[2025-11-10 20:40:21.472] [INFO ] [leader-service] [http-nio-8068-exec-9] [com.bcu.edu.controller.FeignController:?] - [Feign] 查询社区：communityId=5
[2025-11-10 20:40:21.503] [INFO ] [leader-service] [http-nio-8068-exec-10] [com.bcu.edu.controller.FeignController:?] - [Feign] 查询社区：communityId=5
[2025-11-10 20:40:21.536] [INFO ] [leader-service] [http-nio-8068-exec-1] [com.bcu.edu.controller.FeignController:?] - [Feign] 查询社区：communityId=5
[2025-11-10 20:40:21.561] [INFO ] [leader-service] [http-nio-8068-exec-2] [com.bcu.edu.controller.FeignController:?] - [Feign] 查询社区：communityId=5
[2025-11-10 20:40:21.581] [INFO ] [leader-service] [http-nio-8068-exec-3] [com.bcu.edu.controller.FeignController:?] - [Feign] 查询社区：communityId=5
[2025-11-10 20:40:21.600] [INFO ] [leader-service] [http-nio-8068-exec-4] [com.bcu.edu.controller.FeignController:?] - [Feign] 查询社区：communityId=1
[2025-11-10 20:40:30.517] [INFO ] [leader-service] [http-nio-8068-exec-5] [com.bcu.edu.controller.FeignController:?] - [Feign] 查询社区：communityId=5
[2025-11-10 20:40:30.536] [INFO ] [leader-service] [http-nio-8068-exec-6] [com.bcu.edu.controller.FeignController:?] - [Feign] 查询社区：communityId=5
[2025-11-10 20:40:30.557] [INFO ] [leader-service] [http-nio-8068-exec-7] [com.bcu.edu.controller.FeignController:?] - [Feign] 查询社区：communityId=5
[2025-11-10 20:40:30.587] [INFO ] [leader-service] [http-nio-8068-exec-8] [com.bcu.edu.controller.FeignController:?] - [Feign] 查询社区：communityId=5
[2025-11-10 20:40:30.618] [INFO ] [leader-service] [http-nio-8068-exec-9] [com.bcu.edu.controller.FeignController:?] - [Feign] 查询社区：communityId=5
[2025-11-10 20:40:30.646] [INFO ] [leader-service] [http-nio-8068-exec-10] [com.bcu.edu.controller.FeignController:?] - [Feign] 查询社区：communityId=5
[2025-11-10 20:40:30.669] [INFO ] [leader-service] [http-nio-8068-exec-1] [com.bcu.edu.controller.FeignController:?] - [Feign] 查询社区：communityId=5
[2025-11-10 20:40:30.691] [INFO ] [leader-service] [http-nio-8068-exec-2] [com.bcu.edu.controller.FeignController:?] - [Feign] 查询社区：communityId=1
[2025-11-10 20:40:35.381] [INFO ] [leader-service] [http-nio-8068-exec-4] [com.bcu.edu.controller.FeignController:?] - [Feign] 查询社区：communityId=5
[2025-11-10 20:40:35.400] [INFO ] [leader-service] [http-nio-8068-exec-5] [com.bcu.edu.controller.FeignController:?] - [Feign] 查询社区：communityId=5
[2025-11-10 20:40:35.424] [INFO ] [leader-service] [http-nio-8068-exec-6] [com.bcu.edu.controller.FeignController:?] - [Feign] 查询社区：communityId=5
[2025-11-10 20:40:35.460] [INFO ] [leader-service] [http-nio-8068-exec-7] [com.bcu.edu.controller.FeignController:?] - [Feign] 查询社区：communityId=5
[2025-11-10 20:40:35.491] [INFO ] [leader-service] [http-nio-8068-exec-8] [com.bcu.edu.controller.FeignController:?] - [Feign] 查询社区：communityId=5
[2025-11-10 20:40:35.516] [INFO ] [leader-service] [http-nio-8068-exec-9] [com.bcu.edu.controller.FeignController:?] - [Feign] 查询社区：communityId=5
[2025-11-10 20:40:35.535] [INFO ] [leader-service] [http-nio-8068-exec-10] [com.bcu.edu.controller.FeignController:?] - [Feign] 查询社区：communityId=5
[2025-11-10 20:40:35.556] [INFO ] [leader-service] [http-nio-8068-exec-1] [com.bcu.edu.controller.FeignController:?] - [Feign] 查询社区：communityId=1
[2025-11-10 20:40:38.357] [INFO ] [leader-service] [http-nio-8068-exec-2] [com.bcu.edu.controller.FeignController:?] - [Feign] 查询社区：communityId=5
[2025-11-10 20:40:38.378] [INFO ] [leader-service] [http-nio-8068-exec-3] [com.bcu.edu.controller.FeignController:?] - [Feign] 查询社区：communityId=5
[2025-11-10 20:40:38.399] [INFO ] [leader-service] [http-nio-8068-exec-4] [com.bcu.edu.controller.FeignController:?] - [Feign] 查询社区：communityId=5
[2025-11-10 20:40:38.431] [INFO ] [leader-service] [http-nio-8068-exec-5] [com.bcu.edu.controller.FeignController:?] - [Feign] 查询社区：communityId=5
[2025-11-10 20:40:38.465] [INFO ] [leader-service] [http-nio-8068-exec-6] [com.bcu.edu.controller.FeignController:?] - [Feign] 查询社区：communityId=5
[2025-11-10 20:40:38.492] [INFO ] [leader-service] [http-nio-8068-exec-7] [com.bcu.edu.controller.FeignController:?] - [Feign] 查询社区：communityId=5
[2025-11-10 20:40:38.511] [INFO ] [leader-service] [http-nio-8068-exec-8] [com.bcu.edu.controller.FeignController:?] - [Feign] 查询社区：communityId=5
[2025-11-10 20:40:38.529] [INFO ] [leader-service] [http-nio-8068-exec-9] [com.bcu.edu.controller.FeignController:?] - [Feign] 查询社区：communityId=1
[2025-11-10 20:40:48.432] [INFO ] [leader-service] [http-nio-8068-exec-10] [com.bcu.edu.controller.LeaderController:?] - 用户3查询自己的团长信息
[2025-11-10 20:40:49.100] [INFO ] [leader-service] [http-nio-8068-exec-2] [com.bcu.edu.controller.FeignController:?] - [Feign] 查询社区：communityId=5
[2025-11-10 20:40:49.119] [INFO ] [leader-service] [http-nio-8068-exec-3] [com.bcu.edu.controller.FeignController:?] - [Feign] 查询社区：communityId=5
[2025-11-10 20:40:49.138] [INFO ] [leader-service] [http-nio-8068-exec-4] [com.bcu.edu.controller.FeignController:?] - [Feign] 查询社区：communityId=5
[2025-11-10 20:40:49.165] [INFO ] [leader-service] [http-nio-8068-exec-5] [com.bcu.edu.controller.FeignController:?] - [Feign] 查询社区：communityId=5
[2025-11-10 20:40:49.193] [INFO ] [leader-service] [http-nio-8068-exec-6] [com.bcu.edu.controller.FeignController:?] - [Feign] 查询社区：communityId=5
[2025-11-10 20:40:49.218] [INFO ] [leader-service] [http-nio-8068-exec-7] [com.bcu.edu.controller.FeignController:?] - [Feign] 查询社区：communityId=5
[2025-11-10 20:40:49.237] [INFO ] [leader-service] [http-nio-8068-exec-8] [com.bcu.edu.controller.FeignController:?] - [Feign] 查询社区：communityId=5
[2025-11-10 20:40:49.254] [INFO ] [leader-service] [http-nio-8068-exec-9] [com.bcu.edu.controller.FeignController:?] - [Feign] 查询社区：communityId=1
[2025-11-10 20:40:54.868] [INFO ] [leader-service] [http-nio-8068-exec-10] [com.bcu.edu.controller.LeaderController:?] - 用户3查询自己的团长信息
[2025-11-10 20:40:55.209] [INFO ] [leader-service] [http-nio-8068-exec-1] [com.bcu.edu.controller.FeignController:?] - [Feign] 查询社区：communityId=5
[2025-11-10 20:40:55.225] [INFO ] [leader-service] [http-nio-8068-exec-2] [com.bcu.edu.controller.FeignController:?] - [Feign] 查询社区：communityId=5
[2025-11-10 20:40:55.245] [INFO ] [leader-service] [http-nio-8068-exec-3] [com.bcu.edu.controller.FeignController:?] - [Feign] 查询社区：communityId=5
[2025-11-10 20:40:55.272] [INFO ] [leader-service] [http-nio-8068-exec-4] [com.bcu.edu.controller.FeignController:?] - [Feign] 查询社区：communityId=5
[2025-11-10 20:40:55.301] [INFO ] [leader-service] [http-nio-8068-exec-5] [com.bcu.edu.controller.FeignController:?] - [Feign] 查询社区：communityId=5
[2025-11-10 20:40:55.323] [INFO ] [leader-service] [http-nio-8068-exec-6] [com.bcu.edu.controller.FeignController:?] - [Feign] 查询社区：communityId=5
[2025-11-10 20:40:55.341] [INFO ] [leader-service] [http-nio-8068-exec-7] [com.bcu.edu.controller.FeignController:?] - [Feign] 查询社区：communityId=5
[2025-11-10 20:40:55.361] [INFO ] [leader-service] [http-nio-8068-exec-8] [com.bcu.edu.controller.FeignController:?] - [Feign] 查询社区：communityId=1
[2025-11-10 20:41:06.838] [INFO ] [leader-service] [http-nio-8068-exec-10] [com.bcu.edu.controller.LeaderController:?] - 用户3查询自己的团长信息
[2025-11-10 20:41:07.510] [INFO ] [leader-service] [http-nio-8068-exec-1] [com.bcu.edu.controller.FeignController:?] - [Feign] 查询社区：communityId=5
[2025-11-10 20:41:07.532] [INFO ] [leader-service] [http-nio-8068-exec-2] [com.bcu.edu.controller.FeignController:?] - [Feign] 查询社区：communityId=5
[2025-11-10 20:41:07.551] [INFO ] [leader-service] [http-nio-8068-exec-3] [com.bcu.edu.controller.FeignController:?] - [Feign] 查询社区：communityId=5
[2025-11-10 20:41:07.579] [INFO ] [leader-service] [http-nio-8068-exec-4] [com.bcu.edu.controller.FeignController:?] - [Feign] 查询社区：communityId=5
[2025-11-10 20:41:07.607] [INFO ] [leader-service] [http-nio-8068-exec-5] [com.bcu.edu.controller.FeignController:?] - [Feign] 查询社区：communityId=5
[2025-11-10 20:41:07.629] [INFO ] [leader-service] [http-nio-8068-exec-6] [com.bcu.edu.controller.FeignController:?] - [Feign] 查询社区：communityId=5
[2025-11-10 20:41:07.651] [INFO ] [leader-service] [http-nio-8068-exec-7] [com.bcu.edu.controller.FeignController:?] - [Feign] 查询社区：communityId=5
[2025-11-10 20:41:07.670] [INFO ] [leader-service] [http-nio-8068-exec-8] [com.bcu.edu.controller.FeignController:?] - [Feign] 查询社区：communityId=1
[2025-11-10 20:41:08.363] [INFO ] [leader-service] [http-nio-8068-exec-9] [com.bcu.edu.controller.FeignController:?] - [Feign] 查询社区：communityId=5
[2025-11-10 20:41:08.381] [INFO ] [leader-service] [http-nio-8068-exec-10] [com.bcu.edu.controller.FeignController:?] - [Feign] 查询社区：communityId=5
[2025-11-10 20:41:08.399] [INFO ] [leader-service] [http-nio-8068-exec-1] [com.bcu.edu.controller.FeignController:?] - [Feign] 查询社区：communityId=5
[2025-11-10 20:41:08.428] [INFO ] [leader-service] [http-nio-8068-exec-2] [com.bcu.edu.controller.FeignController:?] - [Feign] 查询社区：communityId=5
[2025-11-10 20:41:08.456] [INFO ] [leader-service] [http-nio-8068-exec-3] [com.bcu.edu.controller.FeignController:?] - [Feign] 查询社区：communityId=5
[2025-11-10 20:41:08.477] [INFO ] [leader-service] [http-nio-8068-exec-4] [com.bcu.edu.controller.FeignController:?] - [Feign] 查询社区：communityId=5
[2025-11-10 20:41:08.496] [INFO ] [leader-service] [http-nio-8068-exec-5] [com.bcu.edu.controller.FeignController:?] - [Feign] 查询社区：communityId=5
[2025-11-10 20:41:08.514] [INFO ] [leader-service] [http-nio-8068-exec-6] [com.bcu.edu.controller.FeignController:?] - [Feign] 查询社区：communityId=1
[2025-11-10 20:41:36.670] [INFO ] [leader-service] [http-nio-8068-exec-9] [com.bcu.edu.controller.FeignController:?] - [Feign] 查询社区：communityId=5
[2025-11-10 20:41:36.689] [INFO ] [leader-service] [http-nio-8068-exec-10] [com.bcu.edu.controller.FeignController:?] - [Feign] 查询社区：communityId=5
[2025-11-10 20:41:36.711] [INFO ] [leader-service] [http-nio-8068-exec-1] [com.bcu.edu.controller.FeignController:?] - [Feign] 查询社区：communityId=5
[2025-11-10 20:41:36.738] [INFO ] [leader-service] [http-nio-8068-exec-2] [com.bcu.edu.controller.FeignController:?] - [Feign] 查询社区：communityId=5
[2025-11-10 20:41:36.766] [INFO ] [leader-service] [http-nio-8068-exec-3] [com.bcu.edu.controller.FeignController:?] - [Feign] 查询社区：communityId=5
[2025-11-10 20:41:36.789] [INFO ] [leader-service] [http-nio-8068-exec-4] [com.bcu.edu.controller.FeignController:?] - [Feign] 查询社区：communityId=5
[2025-11-10 20:41:36.806] [INFO ] [leader-service] [http-nio-8068-exec-5] [com.bcu.edu.controller.FeignController:?] - [Feign] 查询社区：communityId=5
[2025-11-10 20:41:36.824] [INFO ] [leader-service] [http-nio-8068-exec-6] [com.bcu.edu.controller.FeignController:?] - [Feign] 查询社区：communityId=1
[2025-11-10 20:41:55.701] [INFO ] [leader-service] [http-nio-8068-exec-8] [com.bcu.edu.controller.LeaderController:?] - 用户3查询自己的团长信息
[2025-11-10 20:41:56.037] [INFO ] [leader-service] [http-nio-8068-exec-9] [com.bcu.edu.controller.FeignController:?] - [Feign] 查询社区：communityId=5
[2025-11-10 20:41:56.052] [INFO ] [leader-service] [http-nio-8068-exec-10] [com.bcu.edu.controller.FeignController:?] - [Feign] 查询社区：communityId=5
[2025-11-10 20:41:56.070] [INFO ] [leader-service] [http-nio-8068-exec-1] [com.bcu.edu.controller.FeignController:?] - [Feign] 查询社区：communityId=5
[2025-11-10 20:41:56.093] [INFO ] [leader-service] [http-nio-8068-exec-2] [com.bcu.edu.controller.FeignController:?] - [Feign] 查询社区：communityId=5
[2025-11-10 20:41:56.117] [INFO ] [leader-service] [http-nio-8068-exec-3] [com.bcu.edu.controller.FeignController:?] - [Feign] 查询社区：communityId=5
[2025-11-10 20:41:56.137] [INFO ] [leader-service] [http-nio-8068-exec-4] [com.bcu.edu.controller.FeignController:?] - [Feign] 查询社区：communityId=5
[2025-11-10 20:41:56.153] [INFO ] [leader-service] [http-nio-8068-exec-5] [com.bcu.edu.controller.FeignController:?] - [Feign] 查询社区：communityId=5
[2025-11-10 20:41:56.167] [INFO ] [leader-service] [http-nio-8068-exec-6] [com.bcu.edu.controller.FeignController:?] - [Feign] 查询社区：communityId=1
[2025-11-10 20:41:57.944] [INFO ] [leader-service] [http-nio-8068-exec-7] [com.bcu.edu.controller.LeaderController:?] - 用户3查询自己的团长信息
[2025-11-10 20:41:58.726] [INFO ] [leader-service] [http-nio-8068-exec-8] [com.bcu.edu.controller.FeignController:?] - [Feign] 查询社区：communityId=5
[2025-11-10 20:41:58.741] [INFO ] [leader-service] [http-nio-8068-exec-9] [com.bcu.edu.controller.FeignController:?] - [Feign] 查询社区：communityId=5
[2025-11-10 20:41:58.758] [INFO ] [leader-service] [http-nio-8068-exec-10] [com.bcu.edu.controller.FeignController:?] - [Feign] 查询社区：communityId=5
[2025-11-10 20:41:58.787] [INFO ] [leader-service] [http-nio-8068-exec-1] [com.bcu.edu.controller.FeignController:?] - [Feign] 查询社区：communityId=5
[2025-11-10 20:41:58.813] [INFO ] [leader-service] [http-nio-8068-exec-2] [com.bcu.edu.controller.FeignController:?] - [Feign] 查询社区：communityId=5
[2025-11-10 20:41:58.833] [INFO ] [leader-service] [http-nio-8068-exec-3] [com.bcu.edu.controller.FeignController:?] - [Feign] 查询社区：communityId=5
[2025-11-10 20:41:58.850] [INFO ] [leader-service] [http-nio-8068-exec-4] [com.bcu.edu.controller.FeignController:?] - [Feign] 查询社区：communityId=5
[2025-11-10 20:41:58.865] [INFO ] [leader-service] [http-nio-8068-exec-5] [com.bcu.edu.controller.FeignController:?] - [Feign] 查询社区：communityId=1
[2025-11-10 20:41:59.026] [INFO ] [leader-service] [http-nio-8068-exec-6] [com.bcu.edu.controller.LeaderController:?] - 用户3查询自己的团长信息
[2025-11-10 20:41:59.584] [INFO ] [leader-service] [http-nio-8068-exec-7] [com.bcu.edu.controller.LeaderController:?] - 用户3查询自己的团长信息
[2025-11-10 20:41:59.596] [INFO ] [leader-service] [http-nio-8068-exec-8] [com.bcu.edu.controller.FeignController:?] - [Feign] 查询社区：communityId=5
[2025-11-10 20:41:59.614] [INFO ] [leader-service] [http-nio-8068-exec-9] [com.bcu.edu.controller.FeignController:?] - [Feign] 查询社区：communityId=5
[2025-11-10 20:41:59.633] [INFO ] [leader-service] [http-nio-8068-exec-10] [com.bcu.edu.controller.FeignController:?] - [Feign] 查询社区：communityId=5
[2025-11-10 20:41:59.660] [INFO ] [leader-service] [http-nio-8068-exec-1] [com.bcu.edu.controller.FeignController:?] - [Feign] 查询社区：communityId=5
[2025-11-10 20:41:59.690] [INFO ] [leader-service] [http-nio-8068-exec-2] [com.bcu.edu.controller.FeignController:?] - [Feign] 查询社区：communityId=5
[2025-11-10 20:41:59.713] [INFO ] [leader-service] [http-nio-8068-exec-3] [com.bcu.edu.controller.FeignController:?] - [Feign] 查询社区：communityId=5
[2025-11-10 20:41:59.730] [INFO ] [leader-service] [http-nio-8068-exec-4] [com.bcu.edu.controller.FeignController:?] - [Feign] 查询社区：communityId=5
[2025-11-10 20:41:59.747] [INFO ] [leader-service] [http-nio-8068-exec-5] [com.bcu.edu.controller.FeignController:?] - [Feign] 查询社区：communityId=1
[2025-11-10 20:41:59.909] [INFO ] [leader-service] [http-nio-8068-exec-6] [com.bcu.edu.controller.CommissionController:?] - 团长3查询佣金统计
[2025-11-10 20:41:59.939] [INFO ] [leader-service] [http-nio-8068-exec-7] [com.bcu.edu.controller.CommissionController:?] - 团长3查询佣金记录
[2025-11-10 20:42:01.373] [INFO ] [leader-service] [http-nio-8068-exec-8] [com.bcu.edu.controller.LeaderController:?] - 用户3查询自己的团长信息
[2025-11-10 20:42:01.701] [INFO ] [leader-service] [http-nio-8068-exec-9] [com.bcu.edu.controller.CommissionController:?] - 团长3查询佣金统计
[2025-11-10 20:42:01.701] [INFO ] [leader-service] [http-nio-8068-exec-10] [com.bcu.edu.controller.CommissionController:?] - 团长3查询佣金记录
[2025-11-10 20:42:03.724] [INFO ] [leader-service] [http-nio-8068-exec-2] [com.bcu.edu.controller.LeaderController:?] - 用户3查询自己的团长信息
[2025-11-10 20:42:04.080] [INFO ] [leader-service] [http-nio-8068-exec-3] [com.bcu.edu.controller.FeignController:?] - [Feign] 查询社区：communityId=5
[2025-11-10 20:42:04.097] [INFO ] [leader-service] [http-nio-8068-exec-4] [com.bcu.edu.controller.FeignController:?] - [Feign] 查询社区：communityId=5
[2025-11-10 20:42:04.114] [INFO ] [leader-service] [http-nio-8068-exec-5] [com.bcu.edu.controller.FeignController:?] - [Feign] 查询社区：communityId=5
[2025-11-10 20:42:04.139] [INFO ] [leader-service] [http-nio-8068-exec-6] [com.bcu.edu.controller.FeignController:?] - [Feign] 查询社区：communityId=5
[2025-11-10 20:42:04.168] [INFO ] [leader-service] [http-nio-8068-exec-7] [com.bcu.edu.controller.FeignController:?] - [Feign] 查询社区：communityId=5
[2025-11-10 20:42:04.194] [INFO ] [leader-service] [http-nio-8068-exec-8] [com.bcu.edu.controller.FeignController:?] - [Feign] 查询社区：communityId=5
[2025-11-10 20:42:04.210] [INFO ] [leader-service] [http-nio-8068-exec-10] [com.bcu.edu.controller.FeignController:?] - [Feign] 查询社区：communityId=5
[2025-11-10 20:42:04.227] [INFO ] [leader-service] [http-nio-8068-exec-9] [com.bcu.edu.controller.FeignController:?] - [Feign] 查询社区：communityId=1
[2025-11-10 20:42:07.488] [INFO ] [leader-service] [http-nio-8068-exec-1] [com.bcu.edu.controller.LeaderController:?] - 用户3查询自己的团长信息
[2025-11-10 20:42:07.816] [INFO ] [leader-service] [http-nio-8068-exec-3] [com.bcu.edu.controller.CommissionController:?] - 团长3查询佣金统计
[2025-11-10 20:42:07.816] [INFO ] [leader-service] [http-nio-8068-exec-2] [com.bcu.edu.controller.CommissionController:?] - 团长3查询佣金记录
[2025-11-10 20:46:06.322] [INFO ] [leader-service] [http-nio-8068-exec-3] [com.bcu.edu.controller.LeaderController:?] - 用户3查询自己的团长信息
[2025-11-10 20:46:06.691] [INFO ] [leader-service] [http-nio-8068-exec-4] [com.bcu.edu.controller.FeignController:?] - [Feign] 查询社区：communityId=5
[2025-11-10 20:46:06.707] [INFO ] [leader-service] [http-nio-8068-exec-5] [com.bcu.edu.controller.FeignController:?] - [Feign] 查询社区：communityId=5
[2025-11-10 20:46:06.724] [INFO ] [leader-service] [http-nio-8068-exec-6] [com.bcu.edu.controller.FeignController:?] - [Feign] 查询社区：communityId=5
[2025-11-10 20:46:06.745] [INFO ] [leader-service] [http-nio-8068-exec-7] [com.bcu.edu.controller.FeignController:?] - [Feign] 查询社区：communityId=5
[2025-11-10 20:46:06.766] [INFO ] [leader-service] [http-nio-8068-exec-8] [com.bcu.edu.controller.FeignController:?] - [Feign] 查询社区：communityId=5
[2025-11-10 20:46:06.784] [INFO ] [leader-service] [http-nio-8068-exec-10] [com.bcu.edu.controller.FeignController:?] - [Feign] 查询社区：communityId=5
[2025-11-10 20:46:06.799] [INFO ] [leader-service] [http-nio-8068-exec-9] [com.bcu.edu.controller.FeignController:?] - [Feign] 查询社区：communityId=5
[2025-11-10 20:46:06.814] [INFO ] [leader-service] [http-nio-8068-exec-1] [com.bcu.edu.controller.FeignController:?] - [Feign] 查询社区：communityId=1
[2025-11-10 20:46:07.632] [INFO ] [leader-service] [http-nio-8068-exec-2] [com.bcu.edu.controller.FeignController:?] - [Feign] 查询社区：communityId=5
[2025-11-10 20:46:07.646] [INFO ] [leader-service] [http-nio-8068-exec-3] [com.bcu.edu.controller.FeignController:?] - [Feign] 查询社区：communityId=5
[2025-11-10 20:46:07.660] [INFO ] [leader-service] [http-nio-8068-exec-4] [com.bcu.edu.controller.FeignController:?] - [Feign] 查询社区：communityId=5
[2025-11-10 20:46:07.683] [INFO ] [leader-service] [http-nio-8068-exec-5] [com.bcu.edu.controller.FeignController:?] - [Feign] 查询社区：communityId=5
[2025-11-10 20:46:07.706] [INFO ] [leader-service] [http-nio-8068-exec-6] [com.bcu.edu.controller.FeignController:?] - [Feign] 查询社区：communityId=5
[2025-11-10 20:46:07.724] [INFO ] [leader-service] [http-nio-8068-exec-7] [com.bcu.edu.controller.FeignController:?] - [Feign] 查询社区：communityId=5
[2025-11-10 20:46:07.738] [INFO ] [leader-service] [http-nio-8068-exec-8] [com.bcu.edu.controller.FeignController:?] - [Feign] 查询社区：communityId=5
[2025-11-10 20:46:07.753] [INFO ] [leader-service] [http-nio-8068-exec-10] [com.bcu.edu.controller.FeignController:?] - [Feign] 查询社区：communityId=1
[2025-11-10 20:46:31.831] [INFO ] [leader-service] [http-nio-8068-exec-1] [com.bcu.edu.controller.FeignController:?] - [Feign] 查询社区：communityId=5
[2025-11-10 20:46:31.846] [INFO ] [leader-service] [http-nio-8068-exec-2] [com.bcu.edu.controller.FeignController:?] - [Feign] 查询社区：communityId=5
[2025-11-10 20:46:31.863] [INFO ] [leader-service] [http-nio-8068-exec-3] [com.bcu.edu.controller.FeignController:?] - [Feign] 查询社区：communityId=5
[2025-11-10 20:46:31.889] [INFO ] [leader-service] [http-nio-8068-exec-4] [com.bcu.edu.controller.FeignController:?] - [Feign] 查询社区：communityId=5
[2025-11-10 20:46:31.914] [INFO ] [leader-service] [http-nio-8068-exec-5] [com.bcu.edu.controller.FeignController:?] - [Feign] 查询社区：communityId=5
[2025-11-10 20:46:31.935] [INFO ] [leader-service] [http-nio-8068-exec-6] [com.bcu.edu.controller.FeignController:?] - [Feign] 查询社区：communityId=5
[2025-11-10 20:46:31.951] [INFO ] [leader-service] [http-nio-8068-exec-7] [com.bcu.edu.controller.FeignController:?] - [Feign] 查询社区：communityId=5
[2025-11-10 20:46:31.968] [INFO ] [leader-service] [http-nio-8068-exec-8] [com.bcu.edu.controller.FeignController:?] - [Feign] 查询社区：communityId=1
[2025-11-10 20:48:00.895] [INFO ] [leader-service] [http-nio-8068-exec-7] [com.bcu.edu.controller.LeaderController:?] - 用户3查询自己的团长信息
[2025-11-10 20:48:01.263] [INFO ] [leader-service] [http-nio-8068-exec-8] [com.bcu.edu.controller.FeignController:?] - [Feign] 查询社区：communityId=5
[2025-11-10 20:48:01.279] [INFO ] [leader-service] [http-nio-8068-exec-10] [com.bcu.edu.controller.FeignController:?] - [Feign] 查询社区：communityId=5
[2025-11-10 20:48:01.295] [INFO ] [leader-service] [http-nio-8068-exec-9] [com.bcu.edu.controller.FeignController:?] - [Feign] 查询社区：communityId=5
[2025-11-10 20:48:01.316] [INFO ] [leader-service] [http-nio-8068-exec-1] [com.bcu.edu.controller.FeignController:?] - [Feign] 查询社区：communityId=5
[2025-11-10 20:48:01.338] [INFO ] [leader-service] [http-nio-8068-exec-2] [com.bcu.edu.controller.FeignController:?] - [Feign] 查询社区：communityId=5
[2025-11-10 20:48:01.357] [INFO ] [leader-service] [http-nio-8068-exec-3] [com.bcu.edu.controller.FeignController:?] - [Feign] 查询社区：communityId=5
[2025-11-10 20:48:01.373] [INFO ] [leader-service] [http-nio-8068-exec-4] [com.bcu.edu.controller.FeignController:?] - [Feign] 查询社区：communityId=5
[2025-11-10 20:48:01.390] [INFO ] [leader-service] [http-nio-8068-exec-5] [com.bcu.edu.controller.FeignController:?] - [Feign] 查询社区：communityId=1
[2025-11-10 20:48:07.419] [INFO ] [leader-service] [http-nio-8068-exec-7] [com.bcu.edu.controller.LeaderController:?] - 用户3查询自己的团长信息
[2025-11-10 20:48:07.746] [INFO ] [leader-service] [http-nio-8068-exec-8] [com.bcu.edu.controller.CommissionController:?] - 团长3查询佣金统计
[2025-11-10 20:48:07.747] [INFO ] [leader-service] [http-nio-8068-exec-10] [com.bcu.edu.controller.CommissionController:?] - 团长3查询佣金记录
[2025-11-10 20:48:23.870] [INFO ] [leader-service] [http-nio-8068-exec-1] [com.bcu.edu.controller.LeaderController:?] - 用户3查询自己的团长信息
[2025-11-10 20:48:24.197] [INFO ] [leader-service] [http-nio-8068-exec-2] [com.bcu.edu.controller.CommissionController:?] - 团长3查询佣金记录
[2025-11-10 20:48:24.197] [INFO ] [leader-service] [http-nio-8068-exec-3] [com.bcu.edu.controller.CommissionController:?] - 团长3查询佣金统计
[2025-11-10 20:48:27.271] [INFO ] [leader-service] [http-nio-8068-exec-4] [com.bcu.edu.controller.LeaderController:?] - 用户3查询自己的团长信息
[2025-11-10 20:48:27.613] [INFO ] [leader-service] [http-nio-8068-exec-5] [com.bcu.edu.controller.FeignController:?] - [Feign] 查询社区：communityId=5
[2025-11-10 20:48:27.631] [INFO ] [leader-service] [http-nio-8068-exec-6] [com.bcu.edu.controller.FeignController:?] - [Feign] 查询社区：communityId=5
[2025-11-10 20:48:27.648] [INFO ] [leader-service] [http-nio-8068-exec-7] [com.bcu.edu.controller.FeignController:?] - [Feign] 查询社区：communityId=5
[2025-11-10 20:48:27.672] [INFO ] [leader-service] [http-nio-8068-exec-10] [com.bcu.edu.controller.FeignController:?] - [Feign] 查询社区：communityId=5
[2025-11-10 20:48:27.695] [INFO ] [leader-service] [http-nio-8068-exec-8] [com.bcu.edu.controller.FeignController:?] - [Feign] 查询社区：communityId=5
[2025-11-10 20:48:27.713] [INFO ] [leader-service] [http-nio-8068-exec-9] [com.bcu.edu.controller.FeignController:?] - [Feign] 查询社区：communityId=5
[2025-11-10 20:48:27.727] [INFO ] [leader-service] [http-nio-8068-exec-1] [com.bcu.edu.controller.FeignController:?] - [Feign] 查询社区：communityId=5
[2025-11-10 20:48:27.743] [INFO ] [leader-service] [http-nio-8068-exec-2] [com.bcu.edu.controller.FeignController:?] - [Feign] 查询社区：communityId=1
[2025-11-10 20:48:41.196] [INFO ] [leader-service] [http-nio-8068-exec-4] [com.bcu.edu.controller.LeaderFeignController:?] - [Feign-OrderService] 验证团长是否存在：leaderId=3
[2025-11-10 20:48:41.198] [INFO ] [leader-service] [http-nio-8068-exec-4] [com.bcu.edu.controller.LeaderFeignController:?] - [Feign-OrderService] 团长3验证结果：true
[2025-11-10 20:48:43.610] [INFO ] [leader-service] [http-nio-8068-exec-5] [com.bcu.edu.controller.FeignController:?] - [Feign] 查询社区：communityId=5
[2025-11-10 20:48:43.628] [INFO ] [leader-service] [http-nio-8068-exec-6] [com.bcu.edu.controller.FeignController:?] - [Feign] 查询社区：communityId=5
[2025-11-10 20:48:43.642] [INFO ] [leader-service] [http-nio-8068-exec-7] [com.bcu.edu.controller.FeignController:?] - [Feign] 查询社区：communityId=5
[2025-11-10 20:48:43.659] [INFO ] [leader-service] [http-nio-8068-exec-10] [com.bcu.edu.controller.FeignController:?] - [Feign] 查询社区：communityId=5
[2025-11-10 20:48:43.683] [INFO ] [leader-service] [http-nio-8068-exec-8] [com.bcu.edu.controller.FeignController:?] - [Feign] 查询社区：communityId=5
[2025-11-10 20:48:43.705] [INFO ] [leader-service] [http-nio-8068-exec-9] [com.bcu.edu.controller.FeignController:?] - [Feign] 查询社区：communityId=5
[2025-11-10 20:48:43.723] [INFO ] [leader-service] [http-nio-8068-exec-1] [com.bcu.edu.controller.FeignController:?] - [Feign] 查询社区：communityId=5
[2025-11-10 20:48:43.735] [INFO ] [leader-service] [http-nio-8068-exec-2] [com.bcu.edu.controller.FeignController:?] - [Feign] 查询社区：communityId=5
[2025-11-10 20:48:43.750] [INFO ] [leader-service] [http-nio-8068-exec-3] [com.bcu.edu.controller.FeignController:?] - [Feign] 查询社区：communityId=1
[2025-11-10 20:48:58.305] [INFO ] [leader-service] [http-nio-8068-exec-5] [com.bcu.edu.controller.FeignController:?] - [Feign] 查询社区：communityId=5
[2025-11-10 20:49:00.631] [INFO ] [leader-service] [http-nio-8068-exec-6] [com.bcu.edu.controller.FeignController:?] - [Feign] 查询社区：communityId=5
[2025-11-10 20:49:02.686] [INFO ] [leader-service] [http-nio-8068-exec-7] [com.bcu.edu.controller.LeaderController:?] - 用户3查询自己的团长信息
[2025-11-10 20:49:03.058] [INFO ] [leader-service] [http-nio-8068-exec-10] [com.bcu.edu.controller.FeignController:?] - [Feign] 查询社区：communityId=5
[2025-11-10 20:49:03.080] [INFO ] [leader-service] [http-nio-8068-exec-8] [com.bcu.edu.controller.FeignController:?] - [Feign] 查询社区：communityId=5
[2025-11-10 20:49:03.095] [INFO ] [leader-service] [http-nio-8068-exec-9] [com.bcu.edu.controller.FeignController:?] - [Feign] 查询社区：communityId=5
[2025-11-10 20:49:03.111] [INFO ] [leader-service] [http-nio-8068-exec-1] [com.bcu.edu.controller.FeignController:?] - [Feign] 查询社区：communityId=5
[2025-11-10 20:49:03.133] [INFO ] [leader-service] [http-nio-8068-exec-2] [com.bcu.edu.controller.FeignController:?] - [Feign] 查询社区：communityId=5
[2025-11-10 20:49:03.154] [INFO ] [leader-service] [http-nio-8068-exec-3] [com.bcu.edu.controller.FeignController:?] - [Feign] 查询社区：communityId=5
[2025-11-10 20:49:03.171] [INFO ] [leader-service] [http-nio-8068-exec-4] [com.bcu.edu.controller.FeignController:?] - [Feign] 查询社区：communityId=5
[2025-11-10 20:49:03.185] [INFO ] [leader-service] [http-nio-8068-exec-5] [com.bcu.edu.controller.FeignController:?] - [Feign] 查询社区：communityId=5
[2025-11-10 20:49:03.199] [INFO ] [leader-service] [http-nio-8068-exec-6] [com.bcu.edu.controller.FeignController:?] - [Feign] 查询社区：communityId=1
[2025-11-10 20:49:04.883] [INFO ] [leader-service] [http-nio-8068-exec-10] [com.bcu.edu.controller.FeignController:?] - [Feign] 查询社区：communityId=5
[2025-11-10 20:49:04.900] [INFO ] [leader-service] [http-nio-8068-exec-8] [com.bcu.edu.controller.FeignController:?] - [Feign] 查询社区：communityId=5
[2025-11-10 20:49:04.912] [INFO ] [leader-service] [http-nio-8068-exec-9] [com.bcu.edu.controller.FeignController:?] - [Feign] 查询社区：communityId=5
[2025-11-10 20:49:04.928] [INFO ] [leader-service] [http-nio-8068-exec-1] [com.bcu.edu.controller.FeignController:?] - [Feign] 查询社区：communityId=5
[2025-11-10 20:49:04.949] [INFO ] [leader-service] [http-nio-8068-exec-2] [com.bcu.edu.controller.FeignController:?] - [Feign] 查询社区：communityId=5
[2025-11-10 20:49:04.968] [INFO ] [leader-service] [http-nio-8068-exec-3] [com.bcu.edu.controller.FeignController:?] - [Feign] 查询社区：communityId=5
[2025-11-10 20:49:04.986] [INFO ] [leader-service] [http-nio-8068-exec-4] [com.bcu.edu.controller.FeignController:?] - [Feign] 查询社区：communityId=5
[2025-11-10 20:49:04.999] [INFO ] [leader-service] [http-nio-8068-exec-5] [com.bcu.edu.controller.FeignController:?] - [Feign] 查询社区：communityId=5
[2025-11-10 20:49:05.013] [INFO ] [leader-service] [http-nio-8068-exec-6] [com.bcu.edu.controller.FeignController:?] - [Feign] 查询社区：communityId=1
[2025-11-10 20:49:11.401] [INFO ] [leader-service] [http-nio-8068-exec-7] [com.bcu.edu.controller.FeignController:?] - [Feign] 查询社区：communityId=5
[2025-11-10 20:49:11.418] [INFO ] [leader-service] [http-nio-8068-exec-10] [com.bcu.edu.controller.FeignController:?] - [Feign] 查询社区：communityId=5
[2025-11-10 20:49:11.432] [INFO ] [leader-service] [http-nio-8068-exec-8] [com.bcu.edu.controller.FeignController:?] - [Feign] 查询社区：communityId=5
[2025-11-10 20:49:11.446] [INFO ] [leader-service] [http-nio-8068-exec-9] [com.bcu.edu.controller.FeignController:?] - [Feign] 查询社区：communityId=5
[2025-11-10 20:49:11.466] [INFO ] [leader-service] [http-nio-8068-exec-1] [com.bcu.edu.controller.FeignController:?] - [Feign] 查询社区：communityId=5
[2025-11-10 20:49:11.488] [INFO ] [leader-service] [http-nio-8068-exec-2] [com.bcu.edu.controller.FeignController:?] - [Feign] 查询社区：communityId=5
[2025-11-10 20:49:11.505] [INFO ] [leader-service] [http-nio-8068-exec-3] [com.bcu.edu.controller.FeignController:?] - [Feign] 查询社区：communityId=5
[2025-11-10 20:49:11.519] [INFO ] [leader-service] [http-nio-8068-exec-4] [com.bcu.edu.controller.FeignController:?] - [Feign] 查询社区：communityId=5
[2025-11-10 20:49:11.534] [INFO ] [leader-service] [http-nio-8068-exec-5] [com.bcu.edu.controller.FeignController:?] - [Feign] 查询社区：communityId=1
[2025-11-10 20:49:22.001] [INFO ] [leader-service] [http-nio-8068-exec-7] [com.bcu.edu.controller.FeignController:?] - [Feign] 查询社区：communityId=5
[2025-11-10 20:49:22.021] [INFO ] [leader-service] [http-nio-8068-exec-10] [com.bcu.edu.controller.FeignController:?] - [Feign] 查询社区：communityId=5
[2025-11-10 20:49:22.038] [INFO ] [leader-service] [http-nio-8068-exec-8] [com.bcu.edu.controller.FeignController:?] - [Feign] 查询社区：communityId=5
[2025-11-10 20:49:22.054] [INFO ] [leader-service] [http-nio-8068-exec-9] [com.bcu.edu.controller.FeignController:?] - [Feign] 查询社区：communityId=5
[2025-11-10 20:49:22.077] [INFO ] [leader-service] [http-nio-8068-exec-1] [com.bcu.edu.controller.FeignController:?] - [Feign] 查询社区：communityId=5
[2025-11-10 20:49:22.096] [INFO ] [leader-service] [http-nio-8068-exec-2] [com.bcu.edu.controller.FeignController:?] - [Feign] 查询社区：communityId=5
[2025-11-10 20:49:22.113] [INFO ] [leader-service] [http-nio-8068-exec-3] [com.bcu.edu.controller.FeignController:?] - [Feign] 查询社区：communityId=5
[2025-11-10 20:49:22.126] [INFO ] [leader-service] [http-nio-8068-exec-4] [com.bcu.edu.controller.FeignController:?] - [Feign] 查询社区：communityId=5
[2025-11-10 20:49:22.139] [INFO ] [leader-service] [http-nio-8068-exec-5] [com.bcu.edu.controller.FeignController:?] - [Feign] 查询社区：communityId=1
[2025-11-10 20:49:53.025] [INFO ] [leader-service] [http-nio-8068-exec-9] [com.bcu.edu.controller.LeaderController:?] - 用户3查询自己的团长信息
[2025-11-10 20:49:53.378] [INFO ] [leader-service] [http-nio-8068-exec-1] [com.bcu.edu.controller.FeignController:?] - [Feign] 查询社区：communityId=5
[2025-11-10 20:49:53.393] [INFO ] [leader-service] [http-nio-8068-exec-2] [com.bcu.edu.controller.FeignController:?] - [Feign] 查询社区：communityId=5
[2025-11-10 20:49:53.406] [INFO ] [leader-service] [http-nio-8068-exec-3] [com.bcu.edu.controller.FeignController:?] - [Feign] 查询社区：communityId=5
[2025-11-10 20:49:53.419] [INFO ] [leader-service] [http-nio-8068-exec-4] [com.bcu.edu.controller.FeignController:?] - [Feign] 查询社区：communityId=5
[2025-11-10 20:49:53.437] [INFO ] [leader-service] [http-nio-8068-exec-5] [com.bcu.edu.controller.FeignController:?] - [Feign] 查询社区：communityId=5
[2025-11-10 20:49:53.455] [INFO ] [leader-service] [http-nio-8068-exec-6] [com.bcu.edu.controller.FeignController:?] - [Feign] 查询社区：communityId=5
[2025-11-10 20:49:53.470] [INFO ] [leader-service] [http-nio-8068-exec-7] [com.bcu.edu.controller.FeignController:?] - [Feign] 查询社区：communityId=5
[2025-11-10 20:49:53.482] [INFO ] [leader-service] [http-nio-8068-exec-10] [com.bcu.edu.controller.FeignController:?] - [Feign] 查询社区：communityId=5
[2025-11-10 20:49:53.494] [INFO ] [leader-service] [http-nio-8068-exec-8] [com.bcu.edu.controller.FeignController:?] - [Feign] 查询社区：communityId=1
[2025-11-10 20:50:05.683] [INFO ] [leader-service] [http-nio-8068-exec-1] [com.bcu.edu.controller.FeignController:?] - [Feign] 查询社区：communityId=5
[2025-11-10 20:50:05.712] [INFO ] [leader-service] [http-nio-8068-exec-2] [com.bcu.edu.controller.FeignController:?] - [Feign] 查询社区：communityId=5
[2025-11-10 20:50:05.726] [INFO ] [leader-service] [http-nio-8068-exec-3] [com.bcu.edu.controller.FeignController:?] - [Feign] 查询社区：communityId=5
[2025-11-10 20:50:05.740] [INFO ] [leader-service] [http-nio-8068-exec-4] [com.bcu.edu.controller.FeignController:?] - [Feign] 查询社区：communityId=5
[2025-11-10 20:50:05.760] [INFO ] [leader-service] [http-nio-8068-exec-5] [com.bcu.edu.controller.FeignController:?] - [Feign] 查询社区：communityId=5
[2025-11-10 20:50:05.779] [INFO ] [leader-service] [http-nio-8068-exec-6] [com.bcu.edu.controller.FeignController:?] - [Feign] 查询社区：communityId=5
[2025-11-10 20:50:05.796] [INFO ] [leader-service] [http-nio-8068-exec-7] [com.bcu.edu.controller.FeignController:?] - [Feign] 查询社区：communityId=5
[2025-11-10 20:50:05.808] [INFO ] [leader-service] [http-nio-8068-exec-10] [com.bcu.edu.controller.FeignController:?] - [Feign] 查询社区：communityId=5
[2025-11-10 20:50:05.821] [INFO ] [leader-service] [http-nio-8068-exec-8] [com.bcu.edu.controller.FeignController:?] - [Feign] 查询社区：communityId=1
[2025-11-10 20:50:24.288] [INFO ] [leader-service] [http-nio-8068-exec-1] [com.bcu.edu.controller.FeignController:?] - [Feign] 查询社区：communityId=5
[2025-11-10 20:50:24.302] [INFO ] [leader-service] [http-nio-8068-exec-2] [com.bcu.edu.controller.FeignController:?] - [Feign] 查询社区：communityId=5
[2025-11-10 20:50:24.319] [INFO ] [leader-service] [http-nio-8068-exec-3] [com.bcu.edu.controller.FeignController:?] - [Feign] 查询社区：communityId=5
[2025-11-10 20:50:24.332] [INFO ] [leader-service] [http-nio-8068-exec-4] [com.bcu.edu.controller.FeignController:?] - [Feign] 查询社区：communityId=5
[2025-11-10 20:50:24.347] [INFO ] [leader-service] [http-nio-8068-exec-5] [com.bcu.edu.controller.FeignController:?] - [Feign] 查询社区：communityId=5
[2025-11-10 20:50:24.365] [INFO ] [leader-service] [http-nio-8068-exec-6] [com.bcu.edu.controller.FeignController:?] - [Feign] 查询社区：communityId=5
[2025-11-10 20:50:24.383] [INFO ] [leader-service] [http-nio-8068-exec-7] [com.bcu.edu.controller.FeignController:?] - [Feign] 查询社区：communityId=5
[2025-11-10 20:50:24.399] [INFO ] [leader-service] [http-nio-8068-exec-10] [com.bcu.edu.controller.FeignController:?] - [Feign] 查询社区：communityId=5
[2025-11-10 20:50:24.411] [INFO ] [leader-service] [http-nio-8068-exec-8] [com.bcu.edu.controller.FeignController:?] - [Feign] 查询社区：communityId=5
[2025-11-10 20:50:24.423] [INFO ] [leader-service] [http-nio-8068-exec-9] [com.bcu.edu.controller.FeignController:?] - [Feign] 查询社区：communityId=1
[2025-11-10 20:50:30.373] [INFO ] [leader-service] [http-nio-8068-exec-1] [com.bcu.edu.controller.FeignController:?] - [Feign] 查询社区：communityId=5
[2025-11-10 20:50:35.094] [INFO ] [leader-service] [http-nio-8068-exec-3] [com.bcu.edu.controller.FeignController:?] - [Feign] 查询社区：communityId=5
[2025-11-10 20:50:37.018] [INFO ] [leader-service] [http-nio-8068-exec-4] [com.bcu.edu.controller.FeignController:?] - [Feign] 查询社区：communityId=5
[2025-11-10 20:51:00.493] [INFO ] [leader-service] [http-nio-8068-exec-7] [com.bcu.edu.controller.FeignController:?] - [Feign] 查询社区：communityId=5
[2025-11-10 20:51:35.877] [INFO ] [leader-service] [http-nio-8068-exec-1] [com.bcu.edu.controller.FeignController:?] - [Feign] 查询社区：communityId=5
[2025-11-10 20:51:41.188] [INFO ] [leader-service] [http-nio-8068-exec-2] [com.bcu.edu.controller.FeignController:?] - [Feign] 查询社区：communityId=5
[2025-11-10 20:52:00.447] [INFO ] [leader-service] [http-nio-8068-exec-4] [com.bcu.edu.controller.FeignController:?] - [Feign] 查询社区：communityId=5
[2025-11-10 20:52:02.720] [INFO ] [leader-service] [http-nio-8068-exec-5] [com.bcu.edu.controller.FeignController:?] - [Feign] 查询社区：communityId=5
[2025-11-10 20:52:44.117] [INFO ] [leader-service] [http-nio-8068-exec-8] [com.bcu.edu.controller.FeignController:?] - [Feign] 查询社区：communityId=5
[2025-11-10 20:53:56.568] [INFO ] [leader-service] [http-nio-8068-exec-5] [com.bcu.edu.controller.FeignController:?] - [Feign] 查询社区：communityId=5
[2025-11-10 20:58:57.223] [INFO ] [leader-service] [http-nio-8068-exec-7] [com.bcu.edu.controller.FeignController:?] - [Feign] 查询社区：communityId=5
[2025-11-10 20:59:53.085] [INFO ] [leader-service] [http-nio-8068-exec-2] [com.bcu.edu.controller.FeignController:?] - [Feign] 查询社区：communityId=5
[2025-11-10 20:59:54.291] [INFO ] [leader-service] [http-nio-8068-exec-3] [com.bcu.edu.controller.FeignController:?] - [Feign] 查询社区：communityId=5
[2025-11-10 21:00:08.450] [INFO ] [leader-service] [http-nio-8068-exec-5] [com.bcu.edu.controller.FeignController:?] - [Feign] 查询社区：communityId=5
[2025-11-10 21:00:09.777] [INFO ] [leader-service] [http-nio-8068-exec-6] [com.bcu.edu.controller.FeignController:?] - [Feign] 查询社区：communityId=5
[2025-11-10 21:13:10.738] [INFO ] [leader-service] [http-nio-8068-exec-9] [com.bcu.edu.controller.FeignController:?] - [Feign] 查询社区：communityId=5
[2025-11-10 21:13:49.403] [INFO ] [leader-service] [http-nio-8068-exec-3] [com.bcu.edu.controller.FeignController:?] - [Feign] 查询社区：communityId=5
[2025-11-10 21:14:14.629] [INFO ] [leader-service] [http-nio-8068-exec-6] [com.bcu.edu.controller.FeignController:?] - [Feign] 查询社区：communityId=5
[2025-11-10 21:16:04.087] [INFO ] [leader-service] [http-nio-8068-exec-5] [com.bcu.edu.controller.FeignController:?] - [Feign] 查询社区：communityId=5
[2025-11-10 21:18:18.619] [INFO ] [leader-service] [http-nio-8068-exec-6] [com.bcu.edu.controller.FeignController:?] - [Feign] 查询社区：communityId=5
[2025-11-10 21:18:19.480] [INFO ] [leader-service] [http-nio-8068-exec-7] [com.bcu.edu.controller.FeignController:?] - [Feign] 查询社区：communityId=5
[2025-11-10 21:18:34.041] [INFO ] [leader-service] [http-nio-8068-exec-8] [com.bcu.edu.controller.LeaderFeignController:?] - [Feign-OrderService] 验证团长是否存在：leaderId=3
[2025-11-10 21:18:34.045] [INFO ] [leader-service] [http-nio-8068-exec-8] [com.bcu.edu.controller.LeaderFeignController:?] - [Feign-OrderService] 团长3验证结果：true
[2025-11-10 21:18:40.945] [INFO ] [leader-service] [http-nio-8068-exec-1] [com.bcu.edu.controller.FeignController:?] - [Feign] 查询社区：communityId=5
[2025-11-10 21:18:56.651] [INFO ] [leader-service] [http-nio-8068-exec-3] [com.bcu.edu.controller.FeignController:?] - [Feign] 查询社区：communityId=5
[2025-11-10 21:18:57.970] [INFO ] [leader-service] [http-nio-8068-exec-4] [com.bcu.edu.controller.FeignController:?] - [Feign] 查询社区：communityId=5
[2025-11-10 21:18:58.685] [INFO ] [leader-service] [http-nio-8068-exec-5] [com.bcu.edu.controller.FeignController:?] - [Feign] 查询社区：communityId=5
[2025-11-10 21:19:09.103] [INFO ] [leader-service] [http-nio-8068-exec-7] [com.bcu.edu.controller.FeignController:?] - [Feign] 查询社区：communityId=5
[2025-11-10 21:20:01.278] [INFO ] [leader-service] [http-nio-8068-exec-2] [com.bcu.edu.controller.FeignController:?] - [Feign] 查询社区：communityId=5
[2025-11-10 21:22:59.431] [INFO ] [leader-service] [http-nio-8068-exec-6] [com.bcu.edu.controller.FeignController:?] - [Feign] 查询社区：communityId=5
[2025-11-10 21:22:59.459] [INFO ] [leader-service] [http-nio-8068-exec-7] [com.bcu.edu.controller.FeignController:?] - [Feign] 查询社区：communityId=5
[2025-11-10 21:22:59.480] [INFO ] [leader-service] [http-nio-8068-exec-10] [com.bcu.edu.controller.FeignController:?] - [Feign] 查询社区：communityId=5
[2025-11-10 21:22:59.498] [INFO ] [leader-service] [http-nio-8068-exec-8] [com.bcu.edu.controller.FeignController:?] - [Feign] 查询社区：communityId=5
[2025-11-10 21:23:26.785] [INFO ] [leader-service] [http-nio-8068-exec-2] [com.bcu.edu.controller.FeignController:?] - [Feign] 查询社区：communityId=5
[2025-11-10 21:23:26.807] [INFO ] [leader-service] [http-nio-8068-exec-3] [com.bcu.edu.controller.FeignController:?] - [Feign] 查询社区：communityId=5
[2025-11-10 21:23:26.834] [INFO ] [leader-service] [http-nio-8068-exec-4] [com.bcu.edu.controller.FeignController:?] - [Feign] 查询社区：communityId=5
[2025-11-10 21:23:32.377] [INFO ] [leader-service] [http-nio-8068-exec-5] [com.bcu.edu.controller.LeaderController:?] - 用户3查询自己的团长信息
[2025-11-10 21:23:32.415] [INFO ] [leader-service] [http-nio-8068-exec-6] [com.bcu.edu.controller.CommissionController:?] - 团长3查询佣金统计
[2025-11-10 21:23:32.699] [INFO ] [leader-service] [http-nio-8068-exec-7] [com.bcu.edu.controller.CommissionController:?] - 团长3查询佣金记录
[2025-11-10 21:23:35.230] [INFO ] [leader-service] [http-nio-8068-exec-10] [com.bcu.edu.controller.LeaderController:?] - 用户3查询自己的团长信息
[2025-11-10 21:23:35.605] [INFO ] [leader-service] [http-nio-8068-exec-8] [com.bcu.edu.controller.FeignController:?] - [Feign] 查询社区：communityId=5
[2025-11-10 21:23:35.626] [INFO ] [leader-service] [http-nio-8068-exec-9] [com.bcu.edu.controller.FeignController:?] - [Feign] 查询社区：communityId=5
[2025-11-10 21:23:35.642] [INFO ] [leader-service] [http-nio-8068-exec-1] [com.bcu.edu.controller.FeignController:?] - [Feign] 查询社区：communityId=5
[2025-11-10 21:23:35.656] [INFO ] [leader-service] [http-nio-8068-exec-2] [com.bcu.edu.controller.FeignController:?] - [Feign] 查询社区：communityId=5
[2025-11-10 21:23:35.669] [INFO ] [leader-service] [http-nio-8068-exec-3] [com.bcu.edu.controller.FeignController:?] - [Feign] 查询社区：communityId=5
[2025-11-10 21:23:35.689] [INFO ] [leader-service] [http-nio-8068-exec-4] [com.bcu.edu.controller.FeignController:?] - [Feign] 查询社区：communityId=5
[2025-11-10 21:23:35.709] [INFO ] [leader-service] [http-nio-8068-exec-5] [com.bcu.edu.controller.FeignController:?] - [Feign] 查询社区：communityId=5
[2025-11-10 21:23:35.725] [INFO ] [leader-service] [http-nio-8068-exec-6] [com.bcu.edu.controller.FeignController:?] - [Feign] 查询社区：communityId=5
[2025-11-10 21:23:35.739] [INFO ] [leader-service] [http-nio-8068-exec-7] [com.bcu.edu.controller.FeignController:?] - [Feign] 查询社区：communityId=5
[2025-11-10 21:23:35.752] [INFO ] [leader-service] [http-nio-8068-exec-10] [com.bcu.edu.controller.FeignController:?] - [Feign] 查询社区：communityId=1
[2025-11-10 21:23:38.726] [INFO ] [leader-service] [http-nio-8068-exec-9] [com.bcu.edu.controller.FeignController:?] - [Feign] 查询社区：communityId=5
[2025-11-10 21:23:38.742] [INFO ] [leader-service] [http-nio-8068-exec-1] [com.bcu.edu.controller.FeignController:?] - [Feign] 查询社区：communityId=5
[2025-11-10 21:23:38.759] [INFO ] [leader-service] [http-nio-8068-exec-2] [com.bcu.edu.controller.FeignController:?] - [Feign] 查询社区：communityId=5
[2025-11-10 21:23:38.770] [INFO ] [leader-service] [http-nio-8068-exec-3] [com.bcu.edu.controller.FeignController:?] - [Feign] 查询社区：communityId=5
[2025-11-10 21:23:38.783] [INFO ] [leader-service] [http-nio-8068-exec-4] [com.bcu.edu.controller.FeignController:?] - [Feign] 查询社区：communityId=5
[2025-11-10 21:23:38.803] [INFO ] [leader-service] [http-nio-8068-exec-5] [com.bcu.edu.controller.FeignController:?] - [Feign] 查询社区：communityId=5
[2025-11-10 21:23:38.822] [INFO ] [leader-service] [http-nio-8068-exec-6] [com.bcu.edu.controller.FeignController:?] - [Feign] 查询社区：communityId=5
[2025-11-10 21:23:38.839] [INFO ] [leader-service] [http-nio-8068-exec-7] [com.bcu.edu.controller.FeignController:?] - [Feign] 查询社区：communityId=5
[2025-11-10 21:23:38.854] [INFO ] [leader-service] [http-nio-8068-exec-10] [com.bcu.edu.controller.FeignController:?] - [Feign] 查询社区：communityId=5
[2025-11-10 21:23:38.866] [INFO ] [leader-service] [http-nio-8068-exec-8] [com.bcu.edu.controller.FeignController:?] - [Feign] 查询社区：communityId=1
[2025-11-10 21:23:42.019] [INFO ] [leader-service] [http-nio-8068-exec-9] [com.bcu.edu.controller.FeignController:?] - [Feign] 查询社区：communityId=5
[2025-11-10 21:23:45.645] [INFO ] [leader-service] [http-nio-8068-exec-1] [com.bcu.edu.controller.FeignController:?] - [Feign] 查询社区：communityId=5
[2025-11-10 21:23:48.676] [INFO ] [leader-service] [http-nio-8068-exec-2] [com.bcu.edu.controller.LeaderController:?] - 用户3查询自己的团长信息
[2025-11-10 21:23:49.045] [INFO ] [leader-service] [http-nio-8068-exec-3] [com.bcu.edu.controller.FeignController:?] - [Feign] 查询社区：communityId=5
[2025-11-10 21:23:49.059] [INFO ] [leader-service] [http-nio-8068-exec-4] [com.bcu.edu.controller.FeignController:?] - [Feign] 查询社区：communityId=5
[2025-11-10 21:23:49.077] [INFO ] [leader-service] [http-nio-8068-exec-5] [com.bcu.edu.controller.FeignController:?] - [Feign] 查询社区：communityId=5
[2025-11-10 21:23:49.091] [INFO ] [leader-service] [http-nio-8068-exec-6] [com.bcu.edu.controller.FeignController:?] - [Feign] 查询社区：communityId=5
[2025-11-10 21:23:49.109] [INFO ] [leader-service] [http-nio-8068-exec-7] [com.bcu.edu.controller.FeignController:?] - [Feign] 查询社区：communityId=5
[2025-11-10 21:23:49.132] [INFO ] [leader-service] [http-nio-8068-exec-10] [com.bcu.edu.controller.FeignController:?] - [Feign] 查询社区：communityId=5
[2025-11-10 21:23:49.156] [INFO ] [leader-service] [http-nio-8068-exec-8] [com.bcu.edu.controller.FeignController:?] - [Feign] 查询社区：communityId=5
[2025-11-10 21:23:49.179] [INFO ] [leader-service] [http-nio-8068-exec-9] [com.bcu.edu.controller.FeignController:?] - [Feign] 查询社区：communityId=5
[2025-11-10 21:23:49.194] [INFO ] [leader-service] [http-nio-8068-exec-1] [com.bcu.edu.controller.FeignController:?] - [Feign] 查询社区：communityId=5
[2025-11-10 21:23:49.209] [INFO ] [leader-service] [http-nio-8068-exec-2] [com.bcu.edu.controller.FeignController:?] - [Feign] 查询社区：communityId=1
[2025-11-10 21:23:58.761] [INFO ] [leader-service] [http-nio-8068-exec-4] [com.bcu.edu.controller.FeignController:?] - [Feign] 查询社区：communityId=5
[2025-11-10 21:24:00.165] [INFO ] [leader-service] [http-nio-8068-exec-5] [com.bcu.edu.controller.FeignController:?] - [Feign] 查询社区：communityId=5
[2025-11-10 21:24:01.234] [INFO ] [leader-service] [http-nio-8068-exec-6] [com.bcu.edu.controller.FeignController:?] - [Feign] 查询社区：communityId=5
[2025-11-10 21:24:10.087] [INFO ] [leader-service] [http-nio-8068-exec-10] [com.bcu.edu.controller.LeaderFeignController:?] - [Feign-OrderService] 验证团长是否存在：leaderId=3
[2025-11-10 21:24:10.090] [INFO ] [leader-service] [http-nio-8068-exec-10] [com.bcu.edu.controller.LeaderFeignController:?] - [Feign-OrderService] 团长3验证结果：true
[2025-11-10 21:24:15.337] [INFO ] [leader-service] [http-nio-8068-exec-8] [com.bcu.edu.controller.FeignController:?] - [Feign] 查询社区：communityId=5
[2025-11-10 21:24:15.357] [INFO ] [leader-service] [http-nio-8068-exec-9] [com.bcu.edu.controller.FeignController:?] - [Feign] 查询社区：communityId=5
[2025-11-10 21:24:15.379] [INFO ] [leader-service] [http-nio-8068-exec-1] [com.bcu.edu.controller.FeignController:?] - [Feign] 查询社区：communityId=5
[2025-11-10 21:24:15.401] [INFO ] [leader-service] [http-nio-8068-exec-2] [com.bcu.edu.controller.FeignController:?] - [Feign] 查询社区：communityId=5
[2025-11-10 21:24:25.264] [INFO ] [leader-service] [http-nio-8068-exec-4] [com.bcu.edu.controller.FeignController:?] - [Feign] 查询社区：communityId=5
[2025-11-10 21:24:25.288] [INFO ] [leader-service] [http-nio-8068-exec-5] [com.bcu.edu.controller.FeignController:?] - [Feign] 查询社区：communityId=5
[2025-11-10 21:24:25.315] [INFO ] [leader-service] [http-nio-8068-exec-6] [com.bcu.edu.controller.FeignController:?] - [Feign] 查询社区：communityId=5
[2025-11-10 21:24:30.959] [INFO ] [leader-service] [http-nio-8068-exec-7] [com.bcu.edu.controller.LeaderController:?] - 用户3查询自己的团长信息
[2025-11-10 21:24:31.050] [INFO ] [leader-service] [http-nio-8068-exec-10] [com.bcu.edu.controller.CommissionController:?] - 团长3查询佣金统计
[2025-11-10 21:24:31.060] [INFO ] [leader-service] [http-nio-8068-exec-8] [com.bcu.edu.controller.CommissionController:?] - 团长3查询佣金记录
[2025-11-10 21:24:32.999] [INFO ] [leader-service] [http-nio-8068-exec-9] [com.bcu.edu.controller.LeaderController:?] - 用户3查询自己的团长信息
[2025-11-10 21:24:33.679] [INFO ] [leader-service] [http-nio-8068-exec-1] [com.bcu.edu.controller.FeignController:?] - [Feign] 查询社区：communityId=5
[2025-11-10 21:24:33.696] [INFO ] [leader-service] [http-nio-8068-exec-2] [com.bcu.edu.controller.FeignController:?] - [Feign] 查询社区：communityId=5
[2025-11-10 21:24:33.711] [INFO ] [leader-service] [http-nio-8068-exec-3] [com.bcu.edu.controller.FeignController:?] - [Feign] 查询社区：communityId=5
[2025-11-10 21:24:33.726] [INFO ] [leader-service] [http-nio-8068-exec-4] [com.bcu.edu.controller.FeignController:?] - [Feign] 查询社区：communityId=5
[2025-11-10 21:24:33.738] [INFO ] [leader-service] [http-nio-8068-exec-5] [com.bcu.edu.controller.FeignController:?] - [Feign] 查询社区：communityId=5
[2025-11-10 21:24:33.756] [INFO ] [leader-service] [http-nio-8068-exec-6] [com.bcu.edu.controller.FeignController:?] - [Feign] 查询社区：communityId=5
[2025-11-10 21:24:33.776] [INFO ] [leader-service] [http-nio-8068-exec-7] [com.bcu.edu.controller.FeignController:?] - [Feign] 查询社区：communityId=5
[2025-11-10 21:24:33.790] [INFO ] [leader-service] [http-nio-8068-exec-10] [com.bcu.edu.controller.FeignController:?] - [Feign] 查询社区：communityId=5
[2025-11-10 21:24:33.802] [INFO ] [leader-service] [http-nio-8068-exec-8] [com.bcu.edu.controller.FeignController:?] - [Feign] 查询社区：communityId=5
[2025-11-10 21:24:33.815] [INFO ] [leader-service] [http-nio-8068-exec-9] [com.bcu.edu.controller.FeignController:?] - [Feign] 查询社区：communityId=1
[2025-11-10 21:24:35.825] [INFO ] [leader-service] [http-nio-8068-exec-1] [com.bcu.edu.controller.FeignController:?] - [Feign] 查询社区：communityId=5
[2025-11-10 21:24:35.842] [INFO ] [leader-service] [http-nio-8068-exec-2] [com.bcu.edu.controller.FeignController:?] - [Feign] 查询社区：communityId=5
[2025-11-10 21:24:35.859] [INFO ] [leader-service] [http-nio-8068-exec-3] [com.bcu.edu.controller.FeignController:?] - [Feign] 查询社区：communityId=5
[2025-11-10 21:24:35.871] [INFO ] [leader-service] [http-nio-8068-exec-4] [com.bcu.edu.controller.FeignController:?] - [Feign] 查询社区：communityId=5
[2025-11-10 21:24:35.883] [INFO ] [leader-service] [http-nio-8068-exec-5] [com.bcu.edu.controller.FeignController:?] - [Feign] 查询社区：communityId=5
[2025-11-10 21:24:35.903] [INFO ] [leader-service] [http-nio-8068-exec-6] [com.bcu.edu.controller.FeignController:?] - [Feign] 查询社区：communityId=5
[2025-11-10 21:24:35.924] [INFO ] [leader-service] [http-nio-8068-exec-7] [com.bcu.edu.controller.FeignController:?] - [Feign] 查询社区：communityId=5
[2025-11-10 21:24:35.944] [INFO ] [leader-service] [http-nio-8068-exec-10] [com.bcu.edu.controller.FeignController:?] - [Feign] 查询社区：communityId=5
[2025-11-10 21:24:35.958] [INFO ] [leader-service] [http-nio-8068-exec-8] [com.bcu.edu.controller.FeignController:?] - [Feign] 查询社区：communityId=5
[2025-11-10 21:24:35.970] [INFO ] [leader-service] [http-nio-8068-exec-9] [com.bcu.edu.controller.FeignController:?] - [Feign] 查询社区：communityId=1
[2025-11-10 21:24:37.760] [INFO ] [leader-service] [http-nio-8068-exec-2] [com.bcu.edu.controller.FeignController:?] - [Feign] 查询社区：communityId=5
[2025-11-10 21:26:26.791] [INFO ] [leader-service] [http-nio-8068-exec-3] [com.bcu.edu.controller.LeaderController:?] - 用户3查询自己的团长信息
[2025-11-10 21:26:27.151] [INFO ] [leader-service] [http-nio-8068-exec-4] [com.bcu.edu.controller.FeignController:?] - [Feign] 查询社区：communityId=5
[2025-11-10 21:26:27.170] [INFO ] [leader-service] [http-nio-8068-exec-5] [com.bcu.edu.controller.FeignController:?] - [Feign] 查询社区：communityId=5
[2025-11-10 21:26:27.185] [INFO ] [leader-service] [http-nio-8068-exec-6] [com.bcu.edu.controller.FeignController:?] - [Feign] 查询社区：communityId=5
[2025-11-10 21:26:27.199] [INFO ] [leader-service] [http-nio-8068-exec-7] [com.bcu.edu.controller.FeignController:?] - [Feign] 查询社区：communityId=5
[2025-11-10 21:26:27.212] [INFO ] [leader-service] [http-nio-8068-exec-10] [com.bcu.edu.controller.FeignController:?] - [Feign] 查询社区：communityId=5
[2025-11-10 21:26:27.231] [INFO ] [leader-service] [http-nio-8068-exec-8] [com.bcu.edu.controller.FeignController:?] - [Feign] 查询社区：communityId=5
[2025-11-10 21:26:27.251] [INFO ] [leader-service] [http-nio-8068-exec-9] [com.bcu.edu.controller.FeignController:?] - [Feign] 查询社区：communityId=5
[2025-11-10 21:26:27.269] [INFO ] [leader-service] [http-nio-8068-exec-1] [com.bcu.edu.controller.FeignController:?] - [Feign] 查询社区：communityId=5
[2025-11-10 21:26:27.285] [INFO ] [leader-service] [http-nio-8068-exec-2] [com.bcu.edu.controller.FeignController:?] - [Feign] 查询社区：communityId=5
[2025-11-10 21:26:27.301] [INFO ] [leader-service] [http-nio-8068-exec-3] [com.bcu.edu.controller.FeignController:?] - [Feign] 查询社区：communityId=1
[2025-11-10 21:26:30.216] [INFO ] [leader-service] [http-nio-8068-exec-4] [com.bcu.edu.controller.LeaderController:?] - 用户3查询自己的团长信息
[2025-11-10 21:26:30.543] [INFO ] [leader-service] [http-nio-8068-exec-5] [com.bcu.edu.controller.CommissionController:?] - 团长3查询佣金统计
[2025-11-10 21:26:30.544] [INFO ] [leader-service] [http-nio-8068-exec-6] [com.bcu.edu.controller.CommissionController:?] - 团长3查询佣金记录
[2025-11-10 21:27:13.528] [INFO ] [leader-service] [SpringApplicationShutdownHook] [o.s.c.consul.serviceregistry.ConsulServiceRegistry:?] - Deregistering service with consul: leader-service-8068
[2025-11-10 21:27:13.547] [INFO ] [leader-service] [SpringApplicationShutdownHook] [o.s.orm.jpa.LocalContainerEntityManagerFactoryBean:?] - Closing JPA EntityManagerFactory for persistence unit 'default'
[2025-11-10 21:27:13.554] [INFO ] [leader-service] [SpringApplicationShutdownHook] [com.zaxxer.hikari.HikariDataSource:?] - LeaderServiceHikariCP - Shutdown initiated...
[2025-11-10 21:27:13.565] [INFO ] [leader-service] [SpringApplicationShutdownHook] [com.zaxxer.hikari.HikariDataSource:?] - LeaderServiceHikariCP - Shutdown completed.
