[2025-11-01 13:31:09.075] [DEBUG] [leader-service] [main] [com.bcu.edu.LeaderServiceApplication:51] - Running with Spring Boot v3.2.3, Spring v6.1.4
[2025-11-01 13:31:39.693] [DEBUG] [leader-service] [http-nio-8068-exec-2] [org.hibernate.SQL:135] - 
    select
        sum(cr1_0.commission_amount) 
    from
        commission_record cr1_0 
    where
        cr1_0.leader_id=? 
        and cr1_0.status=0
[2025-11-01 13:31:39.706] [DEBUG] [leader-service] [http-nio-8068-exec-2] [org.hibernate.SQL:135] - 
    select
        sum(cr1_0.commission_amount) 
    from
        commission_record cr1_0 
    where
        cr1_0.leader_id=? 
        and cr1_0.status=1
[2025-11-01 13:36:11.215] [DEBUG] [leader-service] [main] [com.bcu.edu.LeaderServiceApplication:51] - Running with Spring Boot v3.2.3, Spring v6.1.4
[2025-11-01 13:41:12.645] [DEBUG] [leader-service] [http-nio-8068-exec-10] [org.hibernate.SQL:135] - 
    select
        sum(cr1_0.commission_amount) 
    from
        commission_record cr1_0 
    where
        cr1_0.leader_id=? 
        and cr1_0.status=0
[2025-11-01 13:41:12.667] [DEBUG] [leader-service] [http-nio-8068-exec-10] [org.hibernate.SQL:135] - 
    select
        sum(cr1_0.commission_amount) 
    from
        commission_record cr1_0 
    where
        cr1_0.leader_id=? 
        and cr1_0.status=1
[2025-11-01 13:42:45.893] [DEBUG] [leader-service] [http-nio-8068-exec-10] [org.hibernate.SQL:135] - 
    select
        sum(cr1_0.commission_amount) 
    from
        commission_record cr1_0 
    where
        cr1_0.leader_id=? 
        and cr1_0.status=0
[2025-11-01 13:42:45.897] [DEBUG] [leader-service] [http-nio-8068-exec-10] [org.hibernate.SQL:135] - 
    select
        sum(cr1_0.commission_amount) 
    from
        commission_record cr1_0 
    where
        cr1_0.leader_id=? 
        and cr1_0.status=1
[2025-11-01 13:43:17.847] [DEBUG] [leader-service] [http-nio-8068-exec-8] [org.hibernate.SQL:135] - 
    select
        sum(cr1_0.commission_amount) 
    from
        commission_record cr1_0 
    where
        cr1_0.leader_id=? 
        and cr1_0.status=0
[2025-11-01 13:43:17.850] [DEBUG] [leader-service] [http-nio-8068-exec-8] [org.hibernate.SQL:135] - 
    select
        sum(cr1_0.commission_amount) 
    from
        commission_record cr1_0 
    where
        cr1_0.leader_id=? 
        and cr1_0.status=1
[2025-11-01 13:46:19.683] [DEBUG] [leader-service] [http-nio-8068-exec-3] [org.hibernate.SQL:135] - 
    select
        ca1_0.application_id,
        ca1_0.address,
        ca1_0.applicant_id,
        ca1_0.applicant_name,
        ca1_0.applicant_phone,
        ca1_0.application_reason,
        ca1_0.city,
        ca1_0.community_name,
        ca1_0.created_at,
        ca1_0.created_community_id,
        ca1_0.description,
        ca1_0.district,
        ca1_0.latitude,
        ca1_0.longitude,
        ca1_0.province,
        ca1_0.review_comment,
        ca1_0.reviewed_at,
        ca1_0.reviewer_id,
        ca1_0.service_radius,
        ca1_0.status,
        ca1_0.updated_at 
    from
        community_application ca1_0 
    where
        ca1_0.applicant_id=? 
    order by
        ca1_0.created_at desc
[2025-11-01 13:46:19.720] [DEBUG] [leader-service] [http-nio-8068-exec-4] [org.hibernate.SQL:135] - 
    select
        gls1_0.store_id,
        gls1_0.address,
        gls1_0.city,
        gls1_0.commission_rate,
        gls1_0.community_id,
        gls1_0.community_name,
        gls1_0.created_at,
        gls1_0.description,
        gls1_0.detail_address,
        gls1_0.district,
        gls1_0.latitude,
        gls1_0.leader_id,
        gls1_0.leader_name,
        gls1_0.leader_phone,
        gls1_0.longitude,
        gls1_0.max_delivery_range,
        gls1_0.province,
        gls1_0.review_comment,
        gls1_0.reviewed_at,
        gls1_0.reviewer_id,
        gls1_0.status,
        gls1_0.store_name,
        gls1_0.total_commission,
        gls1_0.updated_at 
    from
        group_leader_store gls1_0 
    where
        gls1_0.leader_id=?
[2025-11-01 13:46:36.719] [DEBUG] [leader-service] [http-nio-8068-exec-6] [org.hibernate.SQL:135] - 
    select
        ca1_0.application_id,
        ca1_0.address,
        ca1_0.applicant_id,
        ca1_0.applicant_name,
        ca1_0.applicant_phone,
        ca1_0.application_reason,
        ca1_0.city,
        ca1_0.community_name,
        ca1_0.created_at,
        ca1_0.created_community_id,
        ca1_0.description,
        ca1_0.district,
        ca1_0.latitude,
        ca1_0.longitude,
        ca1_0.province,
        ca1_0.review_comment,
        ca1_0.reviewed_at,
        ca1_0.reviewer_id,
        ca1_0.service_radius,
        ca1_0.status,
        ca1_0.updated_at 
    from
        community_application ca1_0 
    where
        ca1_0.applicant_id=? 
    order by
        ca1_0.created_at desc
[2025-11-01 13:46:36.734] [DEBUG] [leader-service] [http-nio-8068-exec-7] [org.hibernate.SQL:135] - 
    select
        gls1_0.store_id,
        gls1_0.address,
        gls1_0.city,
        gls1_0.commission_rate,
        gls1_0.community_id,
        gls1_0.community_name,
        gls1_0.created_at,
        gls1_0.description,
        gls1_0.detail_address,
        gls1_0.district,
        gls1_0.latitude,
        gls1_0.leader_id,
        gls1_0.leader_name,
        gls1_0.leader_phone,
        gls1_0.longitude,
        gls1_0.max_delivery_range,
        gls1_0.province,
        gls1_0.review_comment,
        gls1_0.reviewed_at,
        gls1_0.reviewer_id,
        gls1_0.status,
        gls1_0.store_name,
        gls1_0.total_commission,
        gls1_0.updated_at 
    from
        group_leader_store gls1_0 
    where
        gls1_0.leader_id=?
[2025-11-01 13:47:15.531] [DEBUG] [leader-service] [http-nio-8068-exec-1] [org.hibernate.SQL:135] - 
    select
        ca1_0.application_id,
        ca1_0.address,
        ca1_0.applicant_id,
        ca1_0.applicant_name,
        ca1_0.applicant_phone,
        ca1_0.application_reason,
        ca1_0.city,
        ca1_0.community_name,
        ca1_0.created_at,
        ca1_0.created_community_id,
        ca1_0.description,
        ca1_0.district,
        ca1_0.latitude,
        ca1_0.longitude,
        ca1_0.province,
        ca1_0.review_comment,
        ca1_0.reviewed_at,
        ca1_0.reviewer_id,
        ca1_0.service_radius,
        ca1_0.status,
        ca1_0.updated_at 
    from
        community_application ca1_0 
    where
        ca1_0.applicant_id=? 
    order by
        ca1_0.created_at desc
[2025-11-01 13:47:15.543] [DEBUG] [leader-service] [http-nio-8068-exec-2] [org.hibernate.SQL:135] - 
    select
        gls1_0.store_id,
        gls1_0.address,
        gls1_0.city,
        gls1_0.commission_rate,
        gls1_0.community_id,
        gls1_0.community_name,
        gls1_0.created_at,
        gls1_0.description,
        gls1_0.detail_address,
        gls1_0.district,
        gls1_0.latitude,
        gls1_0.leader_id,
        gls1_0.leader_name,
        gls1_0.leader_phone,
        gls1_0.longitude,
        gls1_0.max_delivery_range,
        gls1_0.province,
        gls1_0.review_comment,
        gls1_0.reviewed_at,
        gls1_0.reviewer_id,
        gls1_0.status,
        gls1_0.store_name,
        gls1_0.total_commission,
        gls1_0.updated_at 
    from
        group_leader_store gls1_0 
    where
        gls1_0.leader_id=?
[2025-11-01 13:48:37.984] [DEBUG] [leader-service] [http-nio-8068-exec-9] [org.hibernate.SQL:135] - 
    select
        ca1_0.application_id,
        ca1_0.address,
        ca1_0.applicant_id,
        ca1_0.applicant_name,
        ca1_0.applicant_phone,
        ca1_0.application_reason,
        ca1_0.city,
        ca1_0.community_name,
        ca1_0.created_at,
        ca1_0.created_community_id,
        ca1_0.description,
        ca1_0.district,
        ca1_0.latitude,
        ca1_0.longitude,
        ca1_0.province,
        ca1_0.review_comment,
        ca1_0.reviewed_at,
        ca1_0.reviewer_id,
        ca1_0.service_radius,
        ca1_0.status,
        ca1_0.updated_at 
    from
        community_application ca1_0 
    where
        ca1_0.applicant_id=? 
    order by
        ca1_0.created_at desc
[2025-11-01 13:48:37.996] [DEBUG] [leader-service] [http-nio-8068-exec-10] [org.hibernate.SQL:135] - 
    select
        gls1_0.store_id,
        gls1_0.address,
        gls1_0.city,
        gls1_0.commission_rate,
        gls1_0.community_id,
        gls1_0.community_name,
        gls1_0.created_at,
        gls1_0.description,
        gls1_0.detail_address,
        gls1_0.district,
        gls1_0.latitude,
        gls1_0.leader_id,
        gls1_0.leader_name,
        gls1_0.leader_phone,
        gls1_0.longitude,
        gls1_0.max_delivery_range,
        gls1_0.province,
        gls1_0.review_comment,
        gls1_0.reviewed_at,
        gls1_0.reviewer_id,
        gls1_0.status,
        gls1_0.store_name,
        gls1_0.total_commission,
        gls1_0.updated_at 
    from
        group_leader_store gls1_0 
    where
        gls1_0.leader_id=?
[2025-11-01 13:48:43.108] [DEBUG] [leader-service] [http-nio-8068-exec-1] [org.hibernate.SQL:135] - 
    select
        ca1_0.application_id,
        ca1_0.address,
        ca1_0.applicant_id,
        ca1_0.applicant_name,
        ca1_0.applicant_phone,
        ca1_0.application_reason,
        ca1_0.city,
        ca1_0.community_name,
        ca1_0.created_at,
        ca1_0.created_community_id,
        ca1_0.description,
        ca1_0.district,
        ca1_0.latitude,
        ca1_0.longitude,
        ca1_0.province,
        ca1_0.review_comment,
        ca1_0.reviewed_at,
        ca1_0.reviewer_id,
        ca1_0.service_radius,
        ca1_0.status,
        ca1_0.updated_at 
    from
        community_application ca1_0 
    where
        ca1_0.applicant_id=? 
    order by
        ca1_0.created_at desc
[2025-11-01 13:48:43.119] [DEBUG] [leader-service] [http-nio-8068-exec-2] [org.hibernate.SQL:135] - 
    select
        gls1_0.store_id,
        gls1_0.address,
        gls1_0.city,
        gls1_0.commission_rate,
        gls1_0.community_id,
        gls1_0.community_name,
        gls1_0.created_at,
        gls1_0.description,
        gls1_0.detail_address,
        gls1_0.district,
        gls1_0.latitude,
        gls1_0.leader_id,
        gls1_0.leader_name,
        gls1_0.leader_phone,
        gls1_0.longitude,
        gls1_0.max_delivery_range,
        gls1_0.province,
        gls1_0.review_comment,
        gls1_0.reviewed_at,
        gls1_0.reviewer_id,
        gls1_0.status,
        gls1_0.store_name,
        gls1_0.total_commission,
        gls1_0.updated_at 
    from
        group_leader_store gls1_0 
    where
        gls1_0.leader_id=?
[2025-11-01 13:49:35.646] [DEBUG] [leader-service] [http-nio-8068-exec-10] [org.hibernate.SQL:135] - 
    select
        ca1_0.application_id,
        ca1_0.address,
        ca1_0.applicant_id,
        ca1_0.applicant_name,
        ca1_0.applicant_phone,
        ca1_0.application_reason,
        ca1_0.city,
        ca1_0.community_name,
        ca1_0.created_at,
        ca1_0.created_community_id,
        ca1_0.description,
        ca1_0.district,
        ca1_0.latitude,
        ca1_0.longitude,
        ca1_0.province,
        ca1_0.review_comment,
        ca1_0.reviewed_at,
        ca1_0.reviewer_id,
        ca1_0.service_radius,
        ca1_0.status,
        ca1_0.updated_at 
    from
        community_application ca1_0 
    where
        ca1_0.applicant_id=? 
    order by
        ca1_0.created_at desc
[2025-11-01 13:49:35.662] [DEBUG] [leader-service] [http-nio-8068-exec-1] [org.hibernate.SQL:135] - 
    select
        gls1_0.store_id,
        gls1_0.address,
        gls1_0.city,
        gls1_0.commission_rate,
        gls1_0.community_id,
        gls1_0.community_name,
        gls1_0.created_at,
        gls1_0.description,
        gls1_0.detail_address,
        gls1_0.district,
        gls1_0.latitude,
        gls1_0.leader_id,
        gls1_0.leader_name,
        gls1_0.leader_phone,
        gls1_0.longitude,
        gls1_0.max_delivery_range,
        gls1_0.province,
        gls1_0.review_comment,
        gls1_0.reviewed_at,
        gls1_0.reviewer_id,
        gls1_0.status,
        gls1_0.store_name,
        gls1_0.total_commission,
        gls1_0.updated_at 
    from
        group_leader_store gls1_0 
    where
        gls1_0.leader_id=?
[2025-11-01 13:49:42.657] [DEBUG] [leader-service] [http-nio-8068-exec-2] [org.hibernate.SQL:135] - 
    select
        sum(cr1_0.commission_amount) 
    from
        commission_record cr1_0 
    where
        cr1_0.leader_id=? 
        and cr1_0.status=0
[2025-11-01 13:49:42.659] [DEBUG] [leader-service] [http-nio-8068-exec-2] [org.hibernate.SQL:135] - 
    select
        sum(cr1_0.commission_amount) 
    from
        commission_record cr1_0 
    where
        cr1_0.leader_id=? 
        and cr1_0.status=1
[2025-11-01 13:49:42.661] [DEBUG] [leader-service] [http-nio-8068-exec-3] [org.hibernate.SQL:135] - 
    select
        cr1_0.commission_id,
        cr1_0.commission_amount,
        cr1_0.commission_rate,
        cr1_0.created_at,
        cr1_0.leader_id,
        cr1_0.leader_name,
        cr1_0.order_amount,
        cr1_0.order_id,
        cr1_0.remark,
        cr1_0.settled_at,
        cr1_0.settlement_batch,
        cr1_0.status 
    from
        commission_record cr1_0 
    where
        cr1_0.leader_id=? 
    order by
        cr1_0.created_at desc
[2025-11-01 13:49:44.478] [DEBUG] [leader-service] [http-nio-8068-exec-4] [org.hibernate.SQL:135] - 
    select
        ca1_0.application_id,
        ca1_0.address,
        ca1_0.applicant_id,
        ca1_0.applicant_name,
        ca1_0.applicant_phone,
        ca1_0.application_reason,
        ca1_0.city,
        ca1_0.community_name,
        ca1_0.created_at,
        ca1_0.created_community_id,
        ca1_0.description,
        ca1_0.district,
        ca1_0.latitude,
        ca1_0.longitude,
        ca1_0.province,
        ca1_0.review_comment,
        ca1_0.reviewed_at,
        ca1_0.reviewer_id,
        ca1_0.service_radius,
        ca1_0.status,
        ca1_0.updated_at 
    from
        community_application ca1_0 
    where
        ca1_0.applicant_id=? 
    order by
        ca1_0.created_at desc
[2025-11-01 13:49:44.490] [DEBUG] [leader-service] [http-nio-8068-exec-5] [org.hibernate.SQL:135] - 
    select
        gls1_0.store_id,
        gls1_0.address,
        gls1_0.city,
        gls1_0.commission_rate,
        gls1_0.community_id,
        gls1_0.community_name,
        gls1_0.created_at,
        gls1_0.description,
        gls1_0.detail_address,
        gls1_0.district,
        gls1_0.latitude,
        gls1_0.leader_id,
        gls1_0.leader_name,
        gls1_0.leader_phone,
        gls1_0.longitude,
        gls1_0.max_delivery_range,
        gls1_0.province,
        gls1_0.review_comment,
        gls1_0.reviewed_at,
        gls1_0.reviewer_id,
        gls1_0.status,
        gls1_0.store_name,
        gls1_0.total_commission,
        gls1_0.updated_at 
    from
        group_leader_store gls1_0 
    where
        gls1_0.leader_id=?
[2025-11-01 13:50:15.040] [DEBUG] [leader-service] [http-nio-8068-exec-1] [org.hibernate.SQL:135] - 
    select
        ca1_0.application_id,
        ca1_0.address,
        ca1_0.applicant_id,
        ca1_0.applicant_name,
        ca1_0.applicant_phone,
        ca1_0.application_reason,
        ca1_0.city,
        ca1_0.community_name,
        ca1_0.created_at,
        ca1_0.created_community_id,
        ca1_0.description,
        ca1_0.district,
        ca1_0.latitude,
        ca1_0.longitude,
        ca1_0.province,
        ca1_0.review_comment,
        ca1_0.reviewed_at,
        ca1_0.reviewer_id,
        ca1_0.service_radius,
        ca1_0.status,
        ca1_0.updated_at 
    from
        community_application ca1_0 
    where
        ca1_0.applicant_id=? 
    order by
        ca1_0.created_at desc
[2025-11-01 13:50:15.051] [DEBUG] [leader-service] [http-nio-8068-exec-2] [org.hibernate.SQL:135] - 
    select
        gls1_0.store_id,
        gls1_0.address,
        gls1_0.city,
        gls1_0.commission_rate,
        gls1_0.community_id,
        gls1_0.community_name,
        gls1_0.created_at,
        gls1_0.description,
        gls1_0.detail_address,
        gls1_0.district,
        gls1_0.latitude,
        gls1_0.leader_id,
        gls1_0.leader_name,
        gls1_0.leader_phone,
        gls1_0.longitude,
        gls1_0.max_delivery_range,
        gls1_0.province,
        gls1_0.review_comment,
        gls1_0.reviewed_at,
        gls1_0.reviewer_id,
        gls1_0.status,
        gls1_0.store_name,
        gls1_0.total_commission,
        gls1_0.updated_at 
    from
        group_leader_store gls1_0 
    where
        gls1_0.leader_id=?
[2025-11-01 13:57:53.209] [DEBUG] [leader-service] [http-nio-8068-exec-5] [org.hibernate.SQL:135] - 
    select
        ca1_0.application_id,
        ca1_0.address,
        ca1_0.applicant_id,
        ca1_0.applicant_name,
        ca1_0.applicant_phone,
        ca1_0.application_reason,
        ca1_0.city,
        ca1_0.community_name,
        ca1_0.created_at,
        ca1_0.created_community_id,
        ca1_0.description,
        ca1_0.district,
        ca1_0.latitude,
        ca1_0.longitude,
        ca1_0.province,
        ca1_0.review_comment,
        ca1_0.reviewed_at,
        ca1_0.reviewer_id,
        ca1_0.service_radius,
        ca1_0.status,
        ca1_0.updated_at 
    from
        community_application ca1_0 
    where
        ca1_0.applicant_id=? 
    order by
        ca1_0.created_at desc
[2025-11-01 13:57:53.222] [DEBUG] [leader-service] [http-nio-8068-exec-6] [org.hibernate.SQL:135] - 
    select
        gls1_0.store_id,
        gls1_0.address,
        gls1_0.city,
        gls1_0.commission_rate,
        gls1_0.community_id,
        gls1_0.community_name,
        gls1_0.created_at,
        gls1_0.description,
        gls1_0.detail_address,
        gls1_0.district,
        gls1_0.latitude,
        gls1_0.leader_id,
        gls1_0.leader_name,
        gls1_0.leader_phone,
        gls1_0.longitude,
        gls1_0.max_delivery_range,
        gls1_0.province,
        gls1_0.review_comment,
        gls1_0.reviewed_at,
        gls1_0.reviewer_id,
        gls1_0.status,
        gls1_0.store_name,
        gls1_0.total_commission,
        gls1_0.updated_at 
    from
        group_leader_store gls1_0 
    where
        gls1_0.leader_id=?
[2025-11-01 13:58:04.655] [DEBUG] [leader-service] [http-nio-8068-exec-7] [org.hibernate.SQL:135] - 
    select
        ca1_0.application_id,
        ca1_0.address,
        ca1_0.applicant_id,
        ca1_0.applicant_name,
        ca1_0.applicant_phone,
        ca1_0.application_reason,
        ca1_0.city,
        ca1_0.community_name,
        ca1_0.created_at,
        ca1_0.created_community_id,
        ca1_0.description,
        ca1_0.district,
        ca1_0.latitude,
        ca1_0.longitude,
        ca1_0.province,
        ca1_0.review_comment,
        ca1_0.reviewed_at,
        ca1_0.reviewer_id,
        ca1_0.service_radius,
        ca1_0.status,
        ca1_0.updated_at 
    from
        community_application ca1_0 
    where
        ca1_0.applicant_id=? 
    order by
        ca1_0.created_at desc
[2025-11-01 13:58:04.672] [DEBUG] [leader-service] [http-nio-8068-exec-9] [org.hibernate.SQL:135] - 
    select
        gls1_0.store_id,
        gls1_0.address,
        gls1_0.city,
        gls1_0.commission_rate,
        gls1_0.community_id,
        gls1_0.community_name,
        gls1_0.created_at,
        gls1_0.description,
        gls1_0.detail_address,
        gls1_0.district,
        gls1_0.latitude,
        gls1_0.leader_id,
        gls1_0.leader_name,
        gls1_0.leader_phone,
        gls1_0.longitude,
        gls1_0.max_delivery_range,
        gls1_0.province,
        gls1_0.review_comment,
        gls1_0.reviewed_at,
        gls1_0.reviewer_id,
        gls1_0.status,
        gls1_0.store_name,
        gls1_0.total_commission,
        gls1_0.updated_at 
    from
        group_leader_store gls1_0 
    where
        gls1_0.leader_id=?
[2025-11-01 13:59:28.480] [DEBUG] [leader-service] [http-nio-8068-exec-6] [org.hibernate.SQL:135] - 
    select
        ca1_0.application_id,
        ca1_0.address,
        ca1_0.applicant_id,
        ca1_0.applicant_name,
        ca1_0.applicant_phone,
        ca1_0.application_reason,
        ca1_0.city,
        ca1_0.community_name,
        ca1_0.created_at,
        ca1_0.created_community_id,
        ca1_0.description,
        ca1_0.district,
        ca1_0.latitude,
        ca1_0.longitude,
        ca1_0.province,
        ca1_0.review_comment,
        ca1_0.reviewed_at,
        ca1_0.reviewer_id,
        ca1_0.service_radius,
        ca1_0.status,
        ca1_0.updated_at 
    from
        community_application ca1_0 
    where
        ca1_0.applicant_id=? 
    order by
        ca1_0.created_at desc
[2025-11-01 13:59:28.496] [DEBUG] [leader-service] [http-nio-8068-exec-8] [org.hibernate.SQL:135] - 
    select
        gls1_0.store_id,
        gls1_0.address,
        gls1_0.city,
        gls1_0.commission_rate,
        gls1_0.community_id,
        gls1_0.community_name,
        gls1_0.created_at,
        gls1_0.description,
        gls1_0.detail_address,
        gls1_0.district,
        gls1_0.latitude,
        gls1_0.leader_id,
        gls1_0.leader_name,
        gls1_0.leader_phone,
        gls1_0.longitude,
        gls1_0.max_delivery_range,
        gls1_0.province,
        gls1_0.review_comment,
        gls1_0.reviewed_at,
        gls1_0.reviewer_id,
        gls1_0.status,
        gls1_0.store_name,
        gls1_0.total_commission,
        gls1_0.updated_at 
    from
        group_leader_store gls1_0 
    where
        gls1_0.leader_id=?
[2025-11-01 14:01:15.157] [DEBUG] [leader-service] [http-nio-8068-exec-6] [org.hibernate.SQL:135] - 
    select
        ca1_0.application_id,
        ca1_0.address,
        ca1_0.applicant_id,
        ca1_0.applicant_name,
        ca1_0.applicant_phone,
        ca1_0.application_reason,
        ca1_0.city,
        ca1_0.community_name,
        ca1_0.created_at,
        ca1_0.created_community_id,
        ca1_0.description,
        ca1_0.district,
        ca1_0.latitude,
        ca1_0.longitude,
        ca1_0.province,
        ca1_0.review_comment,
        ca1_0.reviewed_at,
        ca1_0.reviewer_id,
        ca1_0.service_radius,
        ca1_0.status,
        ca1_0.updated_at 
    from
        community_application ca1_0 
    where
        ca1_0.applicant_id=? 
    order by
        ca1_0.created_at desc
[2025-11-01 14:01:15.168] [DEBUG] [leader-service] [http-nio-8068-exec-8] [org.hibernate.SQL:135] - 
    select
        gls1_0.store_id,
        gls1_0.address,
        gls1_0.city,
        gls1_0.commission_rate,
        gls1_0.community_id,
        gls1_0.community_name,
        gls1_0.created_at,
        gls1_0.description,
        gls1_0.detail_address,
        gls1_0.district,
        gls1_0.latitude,
        gls1_0.leader_id,
        gls1_0.leader_name,
        gls1_0.leader_phone,
        gls1_0.longitude,
        gls1_0.max_delivery_range,
        gls1_0.province,
        gls1_0.review_comment,
        gls1_0.reviewed_at,
        gls1_0.reviewer_id,
        gls1_0.status,
        gls1_0.store_name,
        gls1_0.total_commission,
        gls1_0.updated_at 
    from
        group_leader_store gls1_0 
    where
        gls1_0.leader_id=?
[2025-11-01 14:01:25.149] [DEBUG] [leader-service] [http-nio-8068-exec-9] [org.hibernate.SQL:135] - 
    select
        ca1_0.application_id,
        ca1_0.address,
        ca1_0.applicant_id,
        ca1_0.applicant_name,
        ca1_0.applicant_phone,
        ca1_0.application_reason,
        ca1_0.city,
        ca1_0.community_name,
        ca1_0.created_at,
        ca1_0.created_community_id,
        ca1_0.description,
        ca1_0.district,
        ca1_0.latitude,
        ca1_0.longitude,
        ca1_0.province,
        ca1_0.review_comment,
        ca1_0.reviewed_at,
        ca1_0.reviewer_id,
        ca1_0.service_radius,
        ca1_0.status,
        ca1_0.updated_at 
    from
        community_application ca1_0 
    where
        ca1_0.applicant_id=? 
    order by
        ca1_0.created_at desc
[2025-11-01 14:01:25.161] [DEBUG] [leader-service] [http-nio-8068-exec-10] [org.hibernate.SQL:135] - 
    select
        gls1_0.store_id,
        gls1_0.address,
        gls1_0.city,
        gls1_0.commission_rate,
        gls1_0.community_id,
        gls1_0.community_name,
        gls1_0.created_at,
        gls1_0.description,
        gls1_0.detail_address,
        gls1_0.district,
        gls1_0.latitude,
        gls1_0.leader_id,
        gls1_0.leader_name,
        gls1_0.leader_phone,
        gls1_0.longitude,
        gls1_0.max_delivery_range,
        gls1_0.province,
        gls1_0.review_comment,
        gls1_0.reviewed_at,
        gls1_0.reviewer_id,
        gls1_0.status,
        gls1_0.store_name,
        gls1_0.total_commission,
        gls1_0.updated_at 
    from
        group_leader_store gls1_0 
    where
        gls1_0.leader_id=?
[2025-11-01 14:01:31.760] [DEBUG] [leader-service] [http-nio-8068-exec-2] [org.hibernate.SQL:135] - 
    select
        ca1_0.application_id,
        ca1_0.address,
        ca1_0.applicant_id,
        ca1_0.applicant_name,
        ca1_0.applicant_phone,
        ca1_0.application_reason,
        ca1_0.city,
        ca1_0.community_name,
        ca1_0.created_at,
        ca1_0.created_community_id,
        ca1_0.description,
        ca1_0.district,
        ca1_0.latitude,
        ca1_0.longitude,
        ca1_0.province,
        ca1_0.review_comment,
        ca1_0.reviewed_at,
        ca1_0.reviewer_id,
        ca1_0.service_radius,
        ca1_0.status,
        ca1_0.updated_at 
    from
        community_application ca1_0 
    where
        ca1_0.applicant_id=? 
    order by
        ca1_0.created_at desc
[2025-11-01 14:01:31.772] [DEBUG] [leader-service] [http-nio-8068-exec-3] [org.hibernate.SQL:135] - 
    select
        gls1_0.store_id,
        gls1_0.address,
        gls1_0.city,
        gls1_0.commission_rate,
        gls1_0.community_id,
        gls1_0.community_name,
        gls1_0.created_at,
        gls1_0.description,
        gls1_0.detail_address,
        gls1_0.district,
        gls1_0.latitude,
        gls1_0.leader_id,
        gls1_0.leader_name,
        gls1_0.leader_phone,
        gls1_0.longitude,
        gls1_0.max_delivery_range,
        gls1_0.province,
        gls1_0.review_comment,
        gls1_0.reviewed_at,
        gls1_0.reviewer_id,
        gls1_0.status,
        gls1_0.store_name,
        gls1_0.total_commission,
        gls1_0.updated_at 
    from
        group_leader_store gls1_0 
    where
        gls1_0.leader_id=?
[2025-11-01 14:01:35.495] [DEBUG] [leader-service] [http-nio-8068-exec-4] [org.hibernate.SQL:135] - 
    select
        ca1_0.application_id,
        ca1_0.address,
        ca1_0.applicant_id,
        ca1_0.applicant_name,
        ca1_0.applicant_phone,
        ca1_0.application_reason,
        ca1_0.city,
        ca1_0.community_name,
        ca1_0.created_at,
        ca1_0.created_community_id,
        ca1_0.description,
        ca1_0.district,
        ca1_0.latitude,
        ca1_0.longitude,
        ca1_0.province,
        ca1_0.review_comment,
        ca1_0.reviewed_at,
        ca1_0.reviewer_id,
        ca1_0.service_radius,
        ca1_0.status,
        ca1_0.updated_at 
    from
        community_application ca1_0 
    where
        ca1_0.applicant_id=? 
    order by
        ca1_0.created_at desc
[2025-11-01 14:01:35.512] [DEBUG] [leader-service] [http-nio-8068-exec-5] [org.hibernate.SQL:135] - 
    select
        gls1_0.store_id,
        gls1_0.address,
        gls1_0.city,
        gls1_0.commission_rate,
        gls1_0.community_id,
        gls1_0.community_name,
        gls1_0.created_at,
        gls1_0.description,
        gls1_0.detail_address,
        gls1_0.district,
        gls1_0.latitude,
        gls1_0.leader_id,
        gls1_0.leader_name,
        gls1_0.leader_phone,
        gls1_0.longitude,
        gls1_0.max_delivery_range,
        gls1_0.province,
        gls1_0.review_comment,
        gls1_0.reviewed_at,
        gls1_0.reviewer_id,
        gls1_0.status,
        gls1_0.store_name,
        gls1_0.total_commission,
        gls1_0.updated_at 
    from
        group_leader_store gls1_0 
    where
        gls1_0.leader_id=?
[2025-11-01 14:02:02.278] [DEBUG] [leader-service] [http-nio-8068-exec-9] [org.hibernate.SQL:135] - 
    select
        ca1_0.application_id,
        ca1_0.address,
        ca1_0.applicant_id,
        ca1_0.applicant_name,
        ca1_0.applicant_phone,
        ca1_0.application_reason,
        ca1_0.city,
        ca1_0.community_name,
        ca1_0.created_at,
        ca1_0.created_community_id,
        ca1_0.description,
        ca1_0.district,
        ca1_0.latitude,
        ca1_0.longitude,
        ca1_0.province,
        ca1_0.review_comment,
        ca1_0.reviewed_at,
        ca1_0.reviewer_id,
        ca1_0.service_radius,
        ca1_0.status,
        ca1_0.updated_at 
    from
        community_application ca1_0 
    where
        ca1_0.applicant_id=? 
    order by
        ca1_0.created_at desc
[2025-11-01 14:02:02.287] [DEBUG] [leader-service] [http-nio-8068-exec-10] [org.hibernate.SQL:135] - 
    select
        gls1_0.store_id,
        gls1_0.address,
        gls1_0.city,
        gls1_0.commission_rate,
        gls1_0.community_id,
        gls1_0.community_name,
        gls1_0.created_at,
        gls1_0.description,
        gls1_0.detail_address,
        gls1_0.district,
        gls1_0.latitude,
        gls1_0.leader_id,
        gls1_0.leader_name,
        gls1_0.leader_phone,
        gls1_0.longitude,
        gls1_0.max_delivery_range,
        gls1_0.province,
        gls1_0.review_comment,
        gls1_0.reviewed_at,
        gls1_0.reviewer_id,
        gls1_0.status,
        gls1_0.store_name,
        gls1_0.total_commission,
        gls1_0.updated_at 
    from
        group_leader_store gls1_0 
    where
        gls1_0.leader_id=?
[2025-11-01 14:03:13.574] [DEBUG] [leader-service] [http-nio-8068-exec-6] [org.hibernate.SQL:135] - 
    select
        ca1_0.application_id,
        ca1_0.address,
        ca1_0.applicant_id,
        ca1_0.applicant_name,
        ca1_0.applicant_phone,
        ca1_0.application_reason,
        ca1_0.city,
        ca1_0.community_name,
        ca1_0.created_at,
        ca1_0.created_community_id,
        ca1_0.description,
        ca1_0.district,
        ca1_0.latitude,
        ca1_0.longitude,
        ca1_0.province,
        ca1_0.review_comment,
        ca1_0.reviewed_at,
        ca1_0.reviewer_id,
        ca1_0.service_radius,
        ca1_0.status,
        ca1_0.updated_at 
    from
        community_application ca1_0 
    where
        ca1_0.applicant_id=? 
    order by
        ca1_0.created_at desc
[2025-11-01 14:03:13.584] [DEBUG] [leader-service] [http-nio-8068-exec-8] [org.hibernate.SQL:135] - 
    select
        gls1_0.store_id,
        gls1_0.address,
        gls1_0.city,
        gls1_0.commission_rate,
        gls1_0.community_id,
        gls1_0.community_name,
        gls1_0.created_at,
        gls1_0.description,
        gls1_0.detail_address,
        gls1_0.district,
        gls1_0.latitude,
        gls1_0.leader_id,
        gls1_0.leader_name,
        gls1_0.leader_phone,
        gls1_0.longitude,
        gls1_0.max_delivery_range,
        gls1_0.province,
        gls1_0.review_comment,
        gls1_0.reviewed_at,
        gls1_0.reviewer_id,
        gls1_0.status,
        gls1_0.store_name,
        gls1_0.total_commission,
        gls1_0.updated_at 
    from
        group_leader_store gls1_0 
    where
        gls1_0.leader_id=?
[2025-11-01 15:02:47.684] [DEBUG] [leader-service] [main] [com.bcu.edu.LeaderServiceApplication:51] - Running with Spring Boot v3.2.3, Spring v6.1.4
[2025-11-01 15:26:38.217] [DEBUG] [leader-service] [main] [com.bcu.edu.LeaderServiceApplication:51] - Running with Spring Boot v3.2.3, Spring v6.1.4
[2025-11-01 15:30:43.081] [DEBUG] [leader-service] [http-nio-8068-exec-9] [org.hibernate.SQL:135] - 
    select
        ca1_0.application_id,
        ca1_0.address,
        ca1_0.applicant_id,
        ca1_0.applicant_name,
        ca1_0.applicant_phone,
        ca1_0.application_reason,
        ca1_0.city,
        ca1_0.community_name,
        ca1_0.created_at,
        ca1_0.created_community_id,
        ca1_0.description,
        ca1_0.district,
        ca1_0.latitude,
        ca1_0.longitude,
        ca1_0.province,
        ca1_0.review_comment,
        ca1_0.reviewed_at,
        ca1_0.reviewer_id,
        ca1_0.service_radius,
        ca1_0.status,
        ca1_0.updated_at 
    from
        community_application ca1_0 
    where
        ca1_0.applicant_id=? 
    order by
        ca1_0.created_at desc
[2025-11-01 15:30:43.112] [DEBUG] [leader-service] [http-nio-8068-exec-10] [org.hibernate.SQL:135] - 
    select
        gls1_0.store_id,
        gls1_0.address,
        gls1_0.city,
        gls1_0.commission_rate,
        gls1_0.community_id,
        gls1_0.community_name,
        gls1_0.created_at,
        gls1_0.description,
        gls1_0.detail_address,
        gls1_0.district,
        gls1_0.latitude,
        gls1_0.leader_id,
        gls1_0.leader_name,
        gls1_0.leader_phone,
        gls1_0.longitude,
        gls1_0.max_delivery_range,
        gls1_0.province,
        gls1_0.review_comment,
        gls1_0.reviewed_at,
        gls1_0.reviewer_id,
        gls1_0.status,
        gls1_0.store_name,
        gls1_0.total_commission,
        gls1_0.updated_at 
    from
        group_leader_store gls1_0 
    where
        gls1_0.leader_id=?
[2025-11-01 15:30:54.163] [DEBUG] [leader-service] [http-nio-8068-exec-2] [org.hibernate.SQL:135] - 
    select
        ca1_0.application_id,
        ca1_0.address,
        ca1_0.applicant_id,
        ca1_0.applicant_name,
        ca1_0.applicant_phone,
        ca1_0.application_reason,
        ca1_0.city,
        ca1_0.community_name,
        ca1_0.created_at,
        ca1_0.created_community_id,
        ca1_0.description,
        ca1_0.district,
        ca1_0.latitude,
        ca1_0.longitude,
        ca1_0.province,
        ca1_0.review_comment,
        ca1_0.reviewed_at,
        ca1_0.reviewer_id,
        ca1_0.service_radius,
        ca1_0.status,
        ca1_0.updated_at 
    from
        community_application ca1_0 
    where
        ca1_0.applicant_id=? 
    order by
        ca1_0.created_at desc
[2025-11-01 15:30:54.205] [DEBUG] [leader-service] [http-nio-8068-exec-3] [org.hibernate.SQL:135] - 
    select
        gls1_0.store_id,
        gls1_0.address,
        gls1_0.city,
        gls1_0.commission_rate,
        gls1_0.community_id,
        gls1_0.community_name,
        gls1_0.created_at,
        gls1_0.description,
        gls1_0.detail_address,
        gls1_0.district,
        gls1_0.latitude,
        gls1_0.leader_id,
        gls1_0.leader_name,
        gls1_0.leader_phone,
        gls1_0.longitude,
        gls1_0.max_delivery_range,
        gls1_0.province,
        gls1_0.review_comment,
        gls1_0.reviewed_at,
        gls1_0.reviewer_id,
        gls1_0.status,
        gls1_0.store_name,
        gls1_0.total_commission,
        gls1_0.updated_at 
    from
        group_leader_store gls1_0 
    where
        gls1_0.leader_id=?
[2025-11-01 15:31:12.865] [DEBUG] [leader-service] [http-nio-8068-exec-5] [org.hibernate.SQL:135] - 
    select
        ca1_0.application_id,
        ca1_0.address,
        ca1_0.applicant_id,
        ca1_0.applicant_name,
        ca1_0.applicant_phone,
        ca1_0.application_reason,
        ca1_0.city,
        ca1_0.community_name,
        ca1_0.created_at,
        ca1_0.created_community_id,
        ca1_0.description,
        ca1_0.district,
        ca1_0.latitude,
        ca1_0.longitude,
        ca1_0.province,
        ca1_0.review_comment,
        ca1_0.reviewed_at,
        ca1_0.reviewer_id,
        ca1_0.service_radius,
        ca1_0.status,
        ca1_0.updated_at 
    from
        community_application ca1_0 
    where
        ca1_0.applicant_id=? 
    order by
        ca1_0.created_at desc
[2025-11-01 15:31:12.888] [DEBUG] [leader-service] [http-nio-8068-exec-6] [org.hibernate.SQL:135] - 
    select
        gls1_0.store_id,
        gls1_0.address,
        gls1_0.city,
        gls1_0.commission_rate,
        gls1_0.community_id,
        gls1_0.community_name,
        gls1_0.created_at,
        gls1_0.description,
        gls1_0.detail_address,
        gls1_0.district,
        gls1_0.latitude,
        gls1_0.leader_id,
        gls1_0.leader_name,
        gls1_0.leader_phone,
        gls1_0.longitude,
        gls1_0.max_delivery_range,
        gls1_0.province,
        gls1_0.review_comment,
        gls1_0.reviewed_at,
        gls1_0.reviewer_id,
        gls1_0.status,
        gls1_0.store_name,
        gls1_0.total_commission,
        gls1_0.updated_at 
    from
        group_leader_store gls1_0 
    where
        gls1_0.leader_id=?
