[2025-11-08 21:49:58.565] [INFO ] [groupbuy-service] [main] [com.bcu.edu.GroupBuyServiceApplication:?] - Starting GroupBuyServiceApplication using Java 17.0.6 with PID 19956 (E:\E\BYSJ\community-group-buy-backend\GroupBuyService\target\classes started by Gkr07 in E:\E\BYSJ\community-group-buy-backend)
[2025-11-08 21:49:58.574] [INFO ] [groupbuy-service] [main] [com.bcu.edu.GroupBuyServiceApplication:?] - No active profile set, falling back to 1 default profile: "default"
[2025-11-08 21:50:00.448] [INFO ] [groupbuy-service] [main] [o.s.d.r.config.RepositoryConfigurationDelegate:?] - Bootstrapping Spring Data JPA repositories in DEFAULT mode.
[2025-11-08 21:50:00.855] [INFO ] [groupbuy-service] [main] [o.s.d.r.config.RepositoryConfigurationDelegate:?] - Finished Spring Data repository scanning in 389 ms. Found 4 JPA repository interfaces.
[2025-11-08 21:50:01.330] [INFO ] [groupbuy-service] [main] [o.springframework.cloud.context.scope.GenericScope:?] - BeanFactory id=79e6e36f-7438-3826-a1dc-443d634ba3e7
[2025-11-08 21:50:01.949] [WARN ] [groupbuy-service] [main] [o.s.c.s.PostProcessorRegistrationDelegate$BeanPostProcessorChecker:?] - Bean 'org.springframework.cloud.client.loadbalancer.LoadBalancerAutoConfiguration$LoadBalancerInterceptorConfig' of type [org.springframework.cloud.client.loadbalancer.LoadBalancerAutoConfiguration$LoadBalancerInterceptorConfig] is not eligible for getting processed by all BeanPostProcessors (for example: not eligible for auto-proxying). The currently created BeanPostProcessor [lbRestClientPostProcessor] is declared through a non-static factory method on that class; consider declaring it as static instead.
[2025-11-08 21:50:01.955] [WARN ] [groupbuy-service] [main] [o.s.c.s.PostProcessorRegistrationDelegate$BeanPostProcessorChecker:?] - Bean 'org.springframework.cloud.loadbalancer.config.BlockingLoadBalancerClientAutoConfiguration' of type [org.springframework.cloud.loadbalancer.config.BlockingLoadBalancerClientAutoConfiguration] is not eligible for getting processed by all BeanPostProcessors (for example: not eligible for auto-proxying). Is this bean getting eagerly injected into a currently created BeanPostProcessor [lbRestClientPostProcessor]? Check the corresponding BeanPostProcessor declaration and its dependencies.
[2025-11-08 21:50:01.959] [WARN ] [groupbuy-service] [main] [o.s.c.s.PostProcessorRegistrationDelegate$BeanPostProcessorChecker:?] - Bean 'org.springframework.cloud.loadbalancer.config.LoadBalancerAutoConfiguration' of type [org.springframework.cloud.loadbalancer.config.LoadBalancerAutoConfiguration] is not eligible for getting processed by all BeanPostProcessors (for example: not eligible for auto-proxying). Is this bean getting eagerly injected into a currently created BeanPostProcessor [lbRestClientPostProcessor]? Check the corresponding BeanPostProcessor declaration and its dependencies.
[2025-11-08 21:50:01.977] [WARN ] [groupbuy-service] [main] [o.s.c.s.PostProcessorRegistrationDelegate$BeanPostProcessorChecker:?] - Bean 'org.springframework.cloud.commons.config.CommonsConfigAutoConfiguration' of type [org.springframework.cloud.commons.config.CommonsConfigAutoConfiguration] is not eligible for getting processed by all BeanPostProcessors (for example: not eligible for auto-proxying). Is this bean getting eagerly injected into a currently created BeanPostProcessor [lbRestClientPostProcessor]? Check the corresponding BeanPostProcessor declaration and its dependencies.
[2025-11-08 21:50:01.981] [WARN ] [groupbuy-service] [main] [o.s.c.s.PostProcessorRegistrationDelegate$BeanPostProcessorChecker:?] - Bean 'org.springframework.cloud.client.loadbalancer.LoadBalancerDefaultMappingsProviderAutoConfiguration' of type [org.springframework.cloud.client.loadbalancer.LoadBalancerDefaultMappingsProviderAutoConfiguration] is not eligible for getting processed by all BeanPostProcessors (for example: not eligible for auto-proxying). Is this bean getting eagerly injected into a currently created BeanPostProcessor [lbRestClientPostProcessor]? Check the corresponding BeanPostProcessor declaration and its dependencies.
[2025-11-08 21:50:01.984] [WARN ] [groupbuy-service] [main] [o.s.c.s.PostProcessorRegistrationDelegate$BeanPostProcessorChecker:?] - Bean 'loadBalancerClientsDefaultsMappingsProvider' of type [org.springframework.cloud.client.loadbalancer.LoadBalancerDefaultMappingsProviderAutoConfiguration$$Lambda$793/0x0000000801167358] is not eligible for getting processed by all BeanPostProcessors (for example: not eligible for auto-proxying). Is this bean getting eagerly injected into a currently created BeanPostProcessor [lbRestClientPostProcessor]? Check the corresponding BeanPostProcessor declaration and its dependencies.
[2025-11-08 21:50:01.989] [WARN ] [groupbuy-service] [main] [o.s.c.s.PostProcessorRegistrationDelegate$BeanPostProcessorChecker:?] - Bean 'defaultsBindHandlerAdvisor' of type [org.springframework.cloud.commons.config.DefaultsBindHandlerAdvisor] is not eligible for getting processed by all BeanPostProcessors (for example: not eligible for auto-proxying). Is this bean getting eagerly injected into a currently created BeanPostProcessor [lbRestClientPostProcessor]? Check the corresponding BeanPostProcessor declaration and its dependencies.
[2025-11-08 21:50:02.001] [WARN ] [groupbuy-service] [main] [o.s.c.s.PostProcessorRegistrationDelegate$BeanPostProcessorChecker:?] - Bean 'spring.cloud.loadbalancer-org.springframework.cloud.client.loadbalancer.LoadBalancerClientsProperties' of type [org.springframework.cloud.client.loadbalancer.LoadBalancerClientsProperties] is not eligible for getting processed by all BeanPostProcessors (for example: not eligible for auto-proxying). Is this bean getting eagerly injected into a currently created BeanPostProcessor [lbRestClientPostProcessor]? Check the corresponding BeanPostProcessor declaration and its dependencies.
[2025-11-08 21:50:02.013] [WARN ] [groupbuy-service] [main] [o.s.c.s.PostProcessorRegistrationDelegate$BeanPostProcessorChecker:?] - Bean 'default.org.springframework.cloud.loadbalancer.config.LoadBalancerAutoConfiguration.LoadBalancerClientSpecification' of type [org.springframework.cloud.loadbalancer.annotation.LoadBalancerClientSpecification] is not eligible for getting processed by all BeanPostProcessors (for example: not eligible for auto-proxying). Is this bean getting eagerly injected into a currently created BeanPostProcessor [lbRestClientPostProcessor]? Check the corresponding BeanPostProcessor declaration and its dependencies.
[2025-11-08 21:50:02.017] [WARN ] [groupbuy-service] [main] [o.s.c.s.PostProcessorRegistrationDelegate$BeanPostProcessorChecker:?] - Bean 'default.org.springframework.cloud.loadbalancer.config.BlockingLoadBalancerClientAutoConfiguration.LoadBalancerClientSpecification' of type [org.springframework.cloud.loadbalancer.annotation.LoadBalancerClientSpecification] is not eligible for getting processed by all BeanPostProcessors (for example: not eligible for auto-proxying). Is this bean getting eagerly injected into a currently created BeanPostProcessor [lbRestClientPostProcessor]? Check the corresponding BeanPostProcessor declaration and its dependencies.
[2025-11-08 21:50:02.018] [WARN ] [groupbuy-service] [main] [o.s.c.s.PostProcessorRegistrationDelegate$BeanPostProcessorChecker:?] - Bean 'loadBalancerClientFactory' of type [org.springframework.cloud.loadbalancer.support.LoadBalancerClientFactory] is not eligible for getting processed by all BeanPostProcessors (for example: not eligible for auto-proxying). Is this bean getting eagerly injected into a currently created BeanPostProcessor [lbRestClientPostProcessor]? Check the corresponding BeanPostProcessor declaration and its dependencies.
[2025-11-08 21:50:02.029] [WARN ] [groupbuy-service] [main] [o.s.c.s.PostProcessorRegistrationDelegate$BeanPostProcessorChecker:?] - Bean 'blockingLoadBalancerClient' of type [org.springframework.cloud.loadbalancer.blocking.client.BlockingLoadBalancerClient] is not eligible for getting processed by all BeanPostProcessors (for example: not eligible for auto-proxying). Is this bean getting eagerly injected into a currently created BeanPostProcessor [lbRestClientPostProcessor]? Check the corresponding BeanPostProcessor declaration and its dependencies.
[2025-11-08 21:50:02.045] [WARN ] [groupbuy-service] [main] [o.s.c.s.PostProcessorRegistrationDelegate$BeanPostProcessorChecker:?] - Bean 'loadBalancerServiceInstanceCookieTransformer' of type [org.springframework.cloud.loadbalancer.core.LoadBalancerServiceInstanceCookieTransformer] is not eligible for getting processed by all BeanPostProcessors (for example: not eligible for auto-proxying). Is this bean getting eagerly injected into a currently created BeanPostProcessor [lbRestClientPostProcessor]? Check the corresponding BeanPostProcessor declaration and its dependencies.
[2025-11-08 21:50:02.047] [WARN ] [groupbuy-service] [main] [o.s.c.s.PostProcessorRegistrationDelegate$BeanPostProcessorChecker:?] - Bean 'xForwarderHeadersTransformer' of type [org.springframework.cloud.loadbalancer.blocking.XForwardedHeadersTransformer] is not eligible for getting processed by all BeanPostProcessors (for example: not eligible for auto-proxying). Is this bean getting eagerly injected into a currently created BeanPostProcessor [lbRestClientPostProcessor]? Check the corresponding BeanPostProcessor declaration and its dependencies.
[2025-11-08 21:50:02.049] [WARN ] [groupbuy-service] [main] [o.s.c.s.PostProcessorRegistrationDelegate$BeanPostProcessorChecker:?] - Bean 'org.springframework.cloud.client.loadbalancer.LoadBalancerAutoConfiguration' of type [org.springframework.cloud.client.loadbalancer.LoadBalancerAutoConfiguration] is not eligible for getting processed by all BeanPostProcessors (for example: not eligible for auto-proxying). Is this bean getting eagerly injected into a currently created BeanPostProcessor [lbRestClientPostProcessor]? Check the corresponding BeanPostProcessor declaration and its dependencies.
[2025-11-08 21:50:02.053] [WARN ] [groupbuy-service] [main] [o.s.c.s.PostProcessorRegistrationDelegate$BeanPostProcessorChecker:?] - Bean 'loadBalancerRequestFactory' of type [org.springframework.cloud.client.loadbalancer.LoadBalancerRequestFactory] is not eligible for getting processed by all BeanPostProcessors (for example: not eligible for auto-proxying). Is this bean getting eagerly injected into a currently created BeanPostProcessor [lbRestClientPostProcessor]? Check the corresponding BeanPostProcessor declaration and its dependencies.
[2025-11-08 21:50:02.056] [WARN ] [groupbuy-service] [main] [o.s.c.s.PostProcessorRegistrationDelegate$BeanPostProcessorChecker:?] - Bean 'loadBalancerInterceptor' of type [org.springframework.cloud.client.loadbalancer.LoadBalancerInterceptor] is not eligible for getting processed by all BeanPostProcessors (for example: not eligible for auto-proxying). Is this bean getting eagerly injected into a currently created BeanPostProcessor [lbRestClientPostProcessor]? Check the corresponding BeanPostProcessor declaration and its dependencies.
[2025-11-08 21:50:02.443] [INFO ] [groupbuy-service] [main] [o.s.boot.web.embedded.tomcat.TomcatWebServer:?] - Tomcat initialized with port 8063 (http)
[2025-11-08 21:50:02.569] [INFO ] [groupbuy-service] [main] [o.s.b.w.s.c.ServletWebServerApplicationContext:?] - Root WebApplicationContext: initialization completed in 3928 ms
[2025-11-08 21:50:03.075] [INFO ] [groupbuy-service] [main] [org.hibernate.jpa.internal.util.LogHelper:?] - HHH000204: Processing PersistenceUnitInfo [name: default]
[2025-11-08 21:50:03.187] [INFO ] [groupbuy-service] [main] [org.hibernate.Version:?] - HHH000412: Hibernate ORM core version 6.4.4.Final
[2025-11-08 21:50:03.260] [INFO ] [groupbuy-service] [main] [o.hibernate.cache.internal.RegionFactoryInitiator:?] - HHH000026: Second-level cache disabled
[2025-11-08 21:50:03.689] [INFO ] [groupbuy-service] [main] [o.s.o.j.persistenceunit.SpringPersistenceUnitInfo:?] - No LoadTimeWeaver setup: ignoring JPA class transformer
[2025-11-08 21:50:03.751] [INFO ] [groupbuy-service] [main] [com.zaxxer.hikari.HikariDataSource:?] - HikariPool-1 - Starting...
[2025-11-08 21:50:04.076] [INFO ] [groupbuy-service] [main] [com.zaxxer.hikari.pool.HikariPool:?] - HikariPool-1 - Added connection com.mysql.cj.jdbc.ConnectionImpl@23b087c3
[2025-11-08 21:50:04.080] [INFO ] [groupbuy-service] [main] [com.zaxxer.hikari.HikariDataSource:?] - HikariPool-1 - Start completed.
[2025-11-08 21:50:04.198] [WARN ] [groupbuy-service] [main] [org.hibernate.orm.deprecation:?] - HHH90000025: MySQL8Dialect does not need to be specified explicitly using 'hibernate.dialect' (remove the property setting and it will be selected by default)
[2025-11-08 21:50:04.201] [WARN ] [groupbuy-service] [main] [org.hibernate.orm.deprecation:?] - HHH90000026: MySQL8Dialect has been deprecated; use org.hibernate.dialect.MySQLDialect instead
[2025-11-08 21:50:05.885] [INFO ] [groupbuy-service] [main] [o.h.e.t.jta.platform.internal.JtaPlatformInitiator:?] - HHH000489: No JTA platform available (set 'hibernate.transaction.jta.platform' to enable JTA platform integration)
[2025-11-08 21:50:05.892] [INFO ] [groupbuy-service] [main] [o.s.orm.jpa.LocalContainerEntityManagerFactoryBean:?] - Initialized JPA EntityManagerFactory for persistence unit 'default'
[2025-11-08 21:50:06.389] [INFO ] [groupbuy-service] [main] [o.s.data.jpa.repository.query.QueryEnhancerFactory:?] - Hibernate is in classpath; If applicable, HQL parser will be used.
[2025-11-08 21:50:07.457] [WARN ] [groupbuy-service] [main] [o.s.b.a.o.j.JpaBaseConfiguration$JpaWebConfiguration:?] - spring.jpa.open-in-view is enabled by default. Therefore, database queries may be performed during view rendering. Explicitly configure spring.jpa.open-in-view to disable this warning
[2025-11-08 21:50:09.083] [INFO ] [groupbuy-service] [main] [o.s.cloud.openfeign.FeignClientFactoryBean:?] - For 'product-service' URL not provided. Will try picking an instance via load-balancing.
[2025-11-08 21:50:09.187] [INFO ] [groupbuy-service] [main] [o.s.cloud.openfeign.FeignClientFactoryBean:?] - For 'user-service' URL not provided. Will try picking an instance via load-balancing.
[2025-11-08 21:50:09.238] [INFO ] [groupbuy-service] [main] [o.s.cloud.openfeign.FeignClientFactoryBean:?] - For 'leader-service' URL not provided. Will try picking an instance via load-balancing.
[2025-11-08 21:50:09.421] [INFO ] [groupbuy-service] [main] [o.s.cloud.openfeign.FeignClientFactoryBean:?] - For 'order-service' URL not provided. Will try picking an instance via load-balancing.
[2025-11-08 21:50:09.467] [INFO ] [groupbuy-service] [main] [o.s.cloud.openfeign.FeignClientFactoryBean:?] - For 'payment-service' URL not provided. Will try picking an instance via load-balancing.
[2025-11-08 21:50:09.563] [INFO ] [groupbuy-service] [main] [o.s.cloud.openfeign.FeignClientFactoryBean:?] - For 'user-service' URL not provided. Will try picking an instance via load-balancing.
[2025-11-08 21:50:12.116] [WARN ] [groupbuy-service] [main] [o.s.c.l.c.LoadBalancerCacheAutoConfiguration$LoadBalancerCaffeineWarnLogger:?] - Spring Cloud LoadBalancer is currently working with the default cache. While this cache implementation is useful for development and tests, it's recommended to use Caffeine cache in production.You can switch to using Caffeine cache, by adding it and org.springframework.cache.caffeine.CaffeineCacheManager to the classpath.
[2025-11-08 21:50:12.140] [INFO ] [groupbuy-service] [main] [o.s.b.actuate.endpoint.web.EndpointLinksResolver:?] - Exposing 2 endpoint(s) beneath base path '/actuator'
[2025-11-08 21:50:12.289] [INFO ] [groupbuy-service] [main] [o.s.boot.web.embedded.tomcat.TomcatWebServer:?] - Tomcat started on port 8063 (http) with context path ''
[2025-11-08 21:50:12.292] [INFO ] [groupbuy-service] [main] [o.s.c.consul.serviceregistry.ConsulServiceRegistry:?] - Registering service with consul: NewService{id='groupbuy-service-8063', name='groupbuy-service', tags=[], address='192.168.245.1', meta={secure=false}, port=8063, enableTagOverride=null, check=Check{script='null', dockerContainerID='null', shell='null', interval='null', ttl='30s', http='null', method='null', header=null, tcp='null', timeout='null', deregisterCriticalServiceAfter='null', tlsSkipVerify=null, status='null', grpc='null', grpcUseTLS=null}, checks=null}
[2025-11-08 21:50:12.867] [INFO ] [groupbuy-service] [main] [com.bcu.edu.GroupBuyServiceApplication:?] - Started GroupBuyServiceApplication in 15.605 seconds (process running for 16.557)
[2025-11-08 21:50:13.367] [INFO ] [groupbuy-service] [RMI TCP Connection(4)-26.52.41.123] [org.springframework.web.servlet.DispatcherServlet:?] - Initializing Servlet 'dispatcherServlet'
[2025-11-08 21:50:13.371] [INFO ] [groupbuy-service] [RMI TCP Connection(4)-26.52.41.123] [org.springframework.web.servlet.DispatcherServlet:?] - Completed initialization in 4 ms
[2025-11-08 22:00:00.025] [INFO ] [groupbuy-service] [scheduling-1] [com.bcu.edu.task.TeamExpireTask:?] - ====================================
[2025-11-08 22:00:00.025] [INFO ] [groupbuy-service] [scheduling-1] [com.bcu.edu.task.TeamExpireTask:?] - 开始检查过期团，当前时间：2025-11-08T22:00:00.025048600
[2025-11-08 22:00:00.025] [INFO ] [groupbuy-service] [scheduling-1] [com.bcu.edu.task.TeamExpireTask:?] - ====================================
[2025-11-08 22:00:00.140] [INFO ] [groupbuy-service] [scheduling-1] [com.bcu.edu.task.TeamExpireTask:?] - 未发现过期团，任务结束
[2025-11-08 22:25:07.976] [INFO ] [groupbuy-service] [http-nio-8063-exec-2] [com.bcu.edu.controller.TeamController:?] - 查询团长3的拼团记录，status=null, page=0, limit=1000
[2025-11-08 22:25:07.976] [INFO ] [groupbuy-service] [http-nio-8063-exec-2] [com.bcu.edu.service.TeamService:?] - 查询团长3的拼团记录，status=null, page=0, limit=1000
[2025-11-08 22:25:08.026] [INFO ] [groupbuy-service] [http-nio-8063-exec-2] [com.bcu.edu.service.TeamService:?] - 团长3共有8个拼团记录，本页返回8个
[2025-11-08 22:25:24.837] [INFO ] [groupbuy-service] [http-nio-8063-exec-3] [com.bcu.edu.controller.TeamController:?] - 查询团长3的拼团记录，status=null, page=0, limit=12
[2025-11-08 22:25:24.837] [INFO ] [groupbuy-service] [http-nio-8063-exec-3] [com.bcu.edu.service.TeamService:?] - 查询团长3的拼团记录，status=null, page=0, limit=12
[2025-11-08 22:25:24.846] [INFO ] [groupbuy-service] [http-nio-8063-exec-3] [com.bcu.edu.service.TeamService:?] - 团长3共有8个拼团记录，本页返回8个
[2025-11-08 22:34:24.636] [INFO ] [groupbuy-service] [http-nio-8063-exec-6] [com.bcu.edu.controller.TeamController:?] - 查询团长3的拼团记录，status=null, page=0, limit=1000
[2025-11-08 22:34:24.636] [INFO ] [groupbuy-service] [http-nio-8063-exec-6] [com.bcu.edu.service.TeamService:?] - 查询团长3的拼团记录，status=null, page=0, limit=1000
[2025-11-08 22:34:24.643] [INFO ] [groupbuy-service] [http-nio-8063-exec-6] [com.bcu.edu.service.TeamService:?] - 团长3共有8个拼团记录，本页返回8个
[2025-11-08 22:34:25.918] [INFO ] [groupbuy-service] [http-nio-8063-exec-7] [com.bcu.edu.controller.TeamController:?] - 查询团长3的拼团记录，status=null, page=0, limit=12
[2025-11-08 22:34:25.919] [INFO ] [groupbuy-service] [http-nio-8063-exec-7] [com.bcu.edu.service.TeamService:?] - 查询团长3的拼团记录，status=null, page=0, limit=12
[2025-11-08 22:34:25.923] [INFO ] [groupbuy-service] [http-nio-8063-exec-7] [com.bcu.edu.service.TeamService:?] - 团长3共有8个拼团记录，本页返回8个
[2025-11-08 22:34:42.133] [INFO ] [groupbuy-service] [http-nio-8063-exec-9] [com.bcu.edu.controller.TeamController:?] - 查询团长3的拼团记录，status=null, page=0, limit=1000
[2025-11-08 22:34:42.133] [INFO ] [groupbuy-service] [http-nio-8063-exec-9] [com.bcu.edu.service.TeamService:?] - 查询团长3的拼团记录，status=null, page=0, limit=1000
[2025-11-08 22:34:42.139] [INFO ] [groupbuy-service] [http-nio-8063-exec-9] [com.bcu.edu.service.TeamService:?] - 团长3共有8个拼团记录，本页返回8个
[2025-11-08 22:34:43.186] [INFO ] [groupbuy-service] [http-nio-8063-exec-10] [com.bcu.edu.controller.TeamController:?] - 查询团长3的拼团记录，status=null, page=0, limit=12
[2025-11-08 22:34:43.186] [INFO ] [groupbuy-service] [http-nio-8063-exec-10] [com.bcu.edu.service.TeamService:?] - 查询团长3的拼团记录，status=null, page=0, limit=12
[2025-11-08 22:34:43.192] [INFO ] [groupbuy-service] [http-nio-8063-exec-10] [com.bcu.edu.service.TeamService:?] - 团长3共有8个拼团记录，本页返回8个
[2025-11-08 22:34:45.841] [INFO ] [groupbuy-service] [http-nio-8063-exec-1] [com.bcu.edu.controller.TeamController:?] - 查询团长3的拼团记录，status=0, page=0, limit=12
[2025-11-08 22:34:45.841] [INFO ] [groupbuy-service] [http-nio-8063-exec-1] [com.bcu.edu.service.TeamService:?] - 查询团长3的拼团记录，status=0, page=0, limit=12
[2025-11-08 22:34:45.846] [INFO ] [groupbuy-service] [http-nio-8063-exec-1] [com.bcu.edu.service.TeamService:?] - 团长3共有2个拼团记录，本页返回2个
[2025-11-08 22:34:53.252] [INFO ] [groupbuy-service] [http-nio-8063-exec-2] [com.bcu.edu.controller.TeamController:?] - 查询团长3的拼团记录，status=null, page=0, limit=12
[2025-11-08 22:34:53.252] [INFO ] [groupbuy-service] [http-nio-8063-exec-2] [com.bcu.edu.service.TeamService:?] - 查询团长3的拼团记录，status=null, page=0, limit=12
[2025-11-08 22:34:53.259] [INFO ] [groupbuy-service] [http-nio-8063-exec-2] [com.bcu.edu.service.TeamService:?] - 团长3共有8个拼团记录，本页返回8个
[2025-11-08 22:34:56.085] [INFO ] [groupbuy-service] [http-nio-8063-exec-4] [com.bcu.edu.controller.TeamController:?] - 查询团长3的拼团记录，status=null, page=0, limit=1000
[2025-11-08 22:34:56.085] [INFO ] [groupbuy-service] [http-nio-8063-exec-4] [com.bcu.edu.service.TeamService:?] - 查询团长3的拼团记录，status=null, page=0, limit=1000
[2025-11-08 22:34:56.094] [INFO ] [groupbuy-service] [http-nio-8063-exec-4] [com.bcu.edu.service.TeamService:?] - 团长3共有8个拼团记录，本页返回8个
[2025-11-08 22:34:57.375] [INFO ] [groupbuy-service] [http-nio-8063-exec-5] [com.bcu.edu.controller.TeamController:?] - 查询团长3的拼团记录，status=null, page=0, limit=12
[2025-11-08 22:34:57.375] [INFO ] [groupbuy-service] [http-nio-8063-exec-5] [com.bcu.edu.service.TeamService:?] - 查询团长3的拼团记录，status=null, page=0, limit=12
[2025-11-08 22:34:57.380] [INFO ] [groupbuy-service] [http-nio-8063-exec-5] [com.bcu.edu.service.TeamService:?] - 团长3共有8个拼团记录，本页返回8个
[2025-11-08 23:00:00.001] [INFO ] [groupbuy-service] [scheduling-1] [com.bcu.edu.task.TeamExpireTask:?] - ====================================
[2025-11-08 23:00:00.001] [INFO ] [groupbuy-service] [scheduling-1] [com.bcu.edu.task.TeamExpireTask:?] - 开始检查过期团，当前时间：2025-11-08T23:00:00.001728800
[2025-11-08 23:00:00.001] [INFO ] [groupbuy-service] [scheduling-1] [com.bcu.edu.task.TeamExpireTask:?] - ====================================
[2025-11-08 23:00:00.005] [INFO ] [groupbuy-service] [scheduling-1] [com.bcu.edu.task.TeamExpireTask:?] - 未发现过期团，任务结束
[2025-11-08 23:12:42.915] [INFO ] [groupbuy-service] [SpringApplicationShutdownHook] [o.s.c.consul.serviceregistry.ConsulServiceRegistry:?] - Deregistering service with consul: groupbuy-service-8063
[2025-11-08 23:12:42.945] [INFO ] [groupbuy-service] [SpringApplicationShutdownHook] [o.s.orm.jpa.LocalContainerEntityManagerFactoryBean:?] - Closing JPA EntityManagerFactory for persistence unit 'default'
[2025-11-08 23:12:42.952] [INFO ] [groupbuy-service] [SpringApplicationShutdownHook] [com.zaxxer.hikari.HikariDataSource:?] - HikariPool-1 - Shutdown initiated...
[2025-11-08 23:12:42.960] [INFO ] [groupbuy-service] [SpringApplicationShutdownHook] [com.zaxxer.hikari.HikariDataSource:?] - HikariPool-1 - Shutdown completed.
[2025-11-08 23:12:50.099] [INFO ] [groupbuy-service] [main] [com.bcu.edu.GroupBuyServiceApplication:?] - Starting GroupBuyServiceApplication using Java 17.0.6 with PID 26360 (E:\E\BYSJ\community-group-buy-backend\GroupBuyService\target\classes started by Gkr07 in E:\E\BYSJ\community-group-buy-backend)
[2025-11-08 23:12:50.102] [INFO ] [groupbuy-service] [main] [com.bcu.edu.GroupBuyServiceApplication:?] - No active profile set, falling back to 1 default profile: "default"
[2025-11-08 23:12:51.224] [INFO ] [groupbuy-service] [main] [o.s.d.r.config.RepositoryConfigurationDelegate:?] - Bootstrapping Spring Data JPA repositories in DEFAULT mode.
[2025-11-08 23:12:51.385] [INFO ] [groupbuy-service] [main] [o.s.d.r.config.RepositoryConfigurationDelegate:?] - Finished Spring Data repository scanning in 152 ms. Found 4 JPA repository interfaces.
[2025-11-08 23:12:51.625] [INFO ] [groupbuy-service] [main] [o.springframework.cloud.context.scope.GenericScope:?] - BeanFactory id=79e6e36f-7438-3826-a1dc-443d634ba3e7
[2025-11-08 23:12:51.917] [WARN ] [groupbuy-service] [main] [o.s.c.s.PostProcessorRegistrationDelegate$BeanPostProcessorChecker:?] - Bean 'org.springframework.cloud.client.loadbalancer.LoadBalancerAutoConfiguration$LoadBalancerInterceptorConfig' of type [org.springframework.cloud.client.loadbalancer.LoadBalancerAutoConfiguration$LoadBalancerInterceptorConfig] is not eligible for getting processed by all BeanPostProcessors (for example: not eligible for auto-proxying). The currently created BeanPostProcessor [lbRestClientPostProcessor] is declared through a non-static factory method on that class; consider declaring it as static instead.
[2025-11-08 23:12:51.919] [WARN ] [groupbuy-service] [main] [o.s.c.s.PostProcessorRegistrationDelegate$BeanPostProcessorChecker:?] - Bean 'org.springframework.cloud.loadbalancer.config.BlockingLoadBalancerClientAutoConfiguration' of type [org.springframework.cloud.loadbalancer.config.BlockingLoadBalancerClientAutoConfiguration] is not eligible for getting processed by all BeanPostProcessors (for example: not eligible for auto-proxying). Is this bean getting eagerly injected into a currently created BeanPostProcessor [lbRestClientPostProcessor]? Check the corresponding BeanPostProcessor declaration and its dependencies.
[2025-11-08 23:12:51.921] [WARN ] [groupbuy-service] [main] [o.s.c.s.PostProcessorRegistrationDelegate$BeanPostProcessorChecker:?] - Bean 'org.springframework.cloud.loadbalancer.config.LoadBalancerAutoConfiguration' of type [org.springframework.cloud.loadbalancer.config.LoadBalancerAutoConfiguration] is not eligible for getting processed by all BeanPostProcessors (for example: not eligible for auto-proxying). Is this bean getting eagerly injected into a currently created BeanPostProcessor [lbRestClientPostProcessor]? Check the corresponding BeanPostProcessor declaration and its dependencies.
[2025-11-08 23:12:51.929] [WARN ] [groupbuy-service] [main] [o.s.c.s.PostProcessorRegistrationDelegate$BeanPostProcessorChecker:?] - Bean 'org.springframework.cloud.commons.config.CommonsConfigAutoConfiguration' of type [org.springframework.cloud.commons.config.CommonsConfigAutoConfiguration] is not eligible for getting processed by all BeanPostProcessors (for example: not eligible for auto-proxying). Is this bean getting eagerly injected into a currently created BeanPostProcessor [lbRestClientPostProcessor]? Check the corresponding BeanPostProcessor declaration and its dependencies.
[2025-11-08 23:12:51.932] [WARN ] [groupbuy-service] [main] [o.s.c.s.PostProcessorRegistrationDelegate$BeanPostProcessorChecker:?] - Bean 'org.springframework.cloud.client.loadbalancer.LoadBalancerDefaultMappingsProviderAutoConfiguration' of type [org.springframework.cloud.client.loadbalancer.LoadBalancerDefaultMappingsProviderAutoConfiguration] is not eligible for getting processed by all BeanPostProcessors (for example: not eligible for auto-proxying). Is this bean getting eagerly injected into a currently created BeanPostProcessor [lbRestClientPostProcessor]? Check the corresponding BeanPostProcessor declaration and its dependencies.
[2025-11-08 23:12:51.933] [WARN ] [groupbuy-service] [main] [o.s.c.s.PostProcessorRegistrationDelegate$BeanPostProcessorChecker:?] - Bean 'loadBalancerClientsDefaultsMappingsProvider' of type [org.springframework.cloud.client.loadbalancer.LoadBalancerDefaultMappingsProviderAutoConfiguration$$Lambda$793/0x00000008011567d0] is not eligible for getting processed by all BeanPostProcessors (for example: not eligible for auto-proxying). Is this bean getting eagerly injected into a currently created BeanPostProcessor [lbRestClientPostProcessor]? Check the corresponding BeanPostProcessor declaration and its dependencies.
[2025-11-08 23:12:51.936] [WARN ] [groupbuy-service] [main] [o.s.c.s.PostProcessorRegistrationDelegate$BeanPostProcessorChecker:?] - Bean 'defaultsBindHandlerAdvisor' of type [org.springframework.cloud.commons.config.DefaultsBindHandlerAdvisor] is not eligible for getting processed by all BeanPostProcessors (for example: not eligible for auto-proxying). Is this bean getting eagerly injected into a currently created BeanPostProcessor [lbRestClientPostProcessor]? Check the corresponding BeanPostProcessor declaration and its dependencies.
[2025-11-08 23:12:51.942] [WARN ] [groupbuy-service] [main] [o.s.c.s.PostProcessorRegistrationDelegate$BeanPostProcessorChecker:?] - Bean 'spring.cloud.loadbalancer-org.springframework.cloud.client.loadbalancer.LoadBalancerClientsProperties' of type [org.springframework.cloud.client.loadbalancer.LoadBalancerClientsProperties] is not eligible for getting processed by all BeanPostProcessors (for example: not eligible for auto-proxying). Is this bean getting eagerly injected into a currently created BeanPostProcessor [lbRestClientPostProcessor]? Check the corresponding BeanPostProcessor declaration and its dependencies.
[2025-11-08 23:12:51.949] [WARN ] [groupbuy-service] [main] [o.s.c.s.PostProcessorRegistrationDelegate$BeanPostProcessorChecker:?] - Bean 'default.org.springframework.cloud.loadbalancer.config.LoadBalancerAutoConfiguration.LoadBalancerClientSpecification' of type [org.springframework.cloud.loadbalancer.annotation.LoadBalancerClientSpecification] is not eligible for getting processed by all BeanPostProcessors (for example: not eligible for auto-proxying). Is this bean getting eagerly injected into a currently created BeanPostProcessor [lbRestClientPostProcessor]? Check the corresponding BeanPostProcessor declaration and its dependencies.
[2025-11-08 23:12:51.951] [WARN ] [groupbuy-service] [main] [o.s.c.s.PostProcessorRegistrationDelegate$BeanPostProcessorChecker:?] - Bean 'default.org.springframework.cloud.loadbalancer.config.BlockingLoadBalancerClientAutoConfiguration.LoadBalancerClientSpecification' of type [org.springframework.cloud.loadbalancer.annotation.LoadBalancerClientSpecification] is not eligible for getting processed by all BeanPostProcessors (for example: not eligible for auto-proxying). Is this bean getting eagerly injected into a currently created BeanPostProcessor [lbRestClientPostProcessor]? Check the corresponding BeanPostProcessor declaration and its dependencies.
[2025-11-08 23:12:51.952] [WARN ] [groupbuy-service] [main] [o.s.c.s.PostProcessorRegistrationDelegate$BeanPostProcessorChecker:?] - Bean 'loadBalancerClientFactory' of type [org.springframework.cloud.loadbalancer.support.LoadBalancerClientFactory] is not eligible for getting processed by all BeanPostProcessors (for example: not eligible for auto-proxying). Is this bean getting eagerly injected into a currently created BeanPostProcessor [lbRestClientPostProcessor]? Check the corresponding BeanPostProcessor declaration and its dependencies.
[2025-11-08 23:12:51.958] [WARN ] [groupbuy-service] [main] [o.s.c.s.PostProcessorRegistrationDelegate$BeanPostProcessorChecker:?] - Bean 'blockingLoadBalancerClient' of type [org.springframework.cloud.loadbalancer.blocking.client.BlockingLoadBalancerClient] is not eligible for getting processed by all BeanPostProcessors (for example: not eligible for auto-proxying). Is this bean getting eagerly injected into a currently created BeanPostProcessor [lbRestClientPostProcessor]? Check the corresponding BeanPostProcessor declaration and its dependencies.
[2025-11-08 23:12:51.966] [WARN ] [groupbuy-service] [main] [o.s.c.s.PostProcessorRegistrationDelegate$BeanPostProcessorChecker:?] - Bean 'loadBalancerServiceInstanceCookieTransformer' of type [org.springframework.cloud.loadbalancer.core.LoadBalancerServiceInstanceCookieTransformer] is not eligible for getting processed by all BeanPostProcessors (for example: not eligible for auto-proxying). Is this bean getting eagerly injected into a currently created BeanPostProcessor [lbRestClientPostProcessor]? Check the corresponding BeanPostProcessor declaration and its dependencies.
[2025-11-08 23:12:51.967] [WARN ] [groupbuy-service] [main] [o.s.c.s.PostProcessorRegistrationDelegate$BeanPostProcessorChecker:?] - Bean 'xForwarderHeadersTransformer' of type [org.springframework.cloud.loadbalancer.blocking.XForwardedHeadersTransformer] is not eligible for getting processed by all BeanPostProcessors (for example: not eligible for auto-proxying). Is this bean getting eagerly injected into a currently created BeanPostProcessor [lbRestClientPostProcessor]? Check the corresponding BeanPostProcessor declaration and its dependencies.
[2025-11-08 23:12:51.968] [WARN ] [groupbuy-service] [main] [o.s.c.s.PostProcessorRegistrationDelegate$BeanPostProcessorChecker:?] - Bean 'org.springframework.cloud.client.loadbalancer.LoadBalancerAutoConfiguration' of type [org.springframework.cloud.client.loadbalancer.LoadBalancerAutoConfiguration] is not eligible for getting processed by all BeanPostProcessors (for example: not eligible for auto-proxying). Is this bean getting eagerly injected into a currently created BeanPostProcessor [lbRestClientPostProcessor]? Check the corresponding BeanPostProcessor declaration and its dependencies.
[2025-11-08 23:12:51.971] [WARN ] [groupbuy-service] [main] [o.s.c.s.PostProcessorRegistrationDelegate$BeanPostProcessorChecker:?] - Bean 'loadBalancerRequestFactory' of type [org.springframework.cloud.client.loadbalancer.LoadBalancerRequestFactory] is not eligible for getting processed by all BeanPostProcessors (for example: not eligible for auto-proxying). Is this bean getting eagerly injected into a currently created BeanPostProcessor [lbRestClientPostProcessor]? Check the corresponding BeanPostProcessor declaration and its dependencies.
[2025-11-08 23:12:51.972] [WARN ] [groupbuy-service] [main] [o.s.c.s.PostProcessorRegistrationDelegate$BeanPostProcessorChecker:?] - Bean 'loadBalancerInterceptor' of type [org.springframework.cloud.client.loadbalancer.LoadBalancerInterceptor] is not eligible for getting processed by all BeanPostProcessors (for example: not eligible for auto-proxying). Is this bean getting eagerly injected into a currently created BeanPostProcessor [lbRestClientPostProcessor]? Check the corresponding BeanPostProcessor declaration and its dependencies.
[2025-11-08 23:12:52.248] [INFO ] [groupbuy-service] [main] [o.s.boot.web.embedded.tomcat.TomcatWebServer:?] - Tomcat initialized with port 8063 (http)
[2025-11-08 23:12:52.359] [INFO ] [groupbuy-service] [main] [o.s.b.w.s.c.ServletWebServerApplicationContext:?] - Root WebApplicationContext: initialization completed in 2213 ms
[2025-11-08 23:12:52.662] [INFO ] [groupbuy-service] [main] [org.hibernate.jpa.internal.util.LogHelper:?] - HHH000204: Processing PersistenceUnitInfo [name: default]
[2025-11-08 23:12:52.726] [INFO ] [groupbuy-service] [main] [org.hibernate.Version:?] - HHH000412: Hibernate ORM core version 6.4.4.Final
[2025-11-08 23:12:52.766] [INFO ] [groupbuy-service] [main] [o.hibernate.cache.internal.RegionFactoryInitiator:?] - HHH000026: Second-level cache disabled
[2025-11-08 23:12:53.006] [INFO ] [groupbuy-service] [main] [o.s.o.j.persistenceunit.SpringPersistenceUnitInfo:?] - No LoadTimeWeaver setup: ignoring JPA class transformer
[2025-11-08 23:12:53.038] [INFO ] [groupbuy-service] [main] [com.zaxxer.hikari.HikariDataSource:?] - HikariPool-1 - Starting...
[2025-11-08 23:12:53.172] [INFO ] [groupbuy-service] [main] [com.zaxxer.hikari.pool.HikariPool:?] - HikariPool-1 - Added connection com.mysql.cj.jdbc.ConnectionImpl@75b3ef1a
[2025-11-08 23:12:53.173] [INFO ] [groupbuy-service] [main] [com.zaxxer.hikari.HikariDataSource:?] - HikariPool-1 - Start completed.
[2025-11-08 23:12:53.217] [WARN ] [groupbuy-service] [main] [org.hibernate.orm.deprecation:?] - HHH90000025: MySQL8Dialect does not need to be specified explicitly using 'hibernate.dialect' (remove the property setting and it will be selected by default)
[2025-11-08 23:12:53.218] [WARN ] [groupbuy-service] [main] [org.hibernate.orm.deprecation:?] - HHH90000026: MySQL8Dialect has been deprecated; use org.hibernate.dialect.MySQLDialect instead
[2025-11-08 23:12:54.189] [INFO ] [groupbuy-service] [main] [o.h.e.t.jta.platform.internal.JtaPlatformInitiator:?] - HHH000489: No JTA platform available (set 'hibernate.transaction.jta.platform' to enable JTA platform integration)
[2025-11-08 23:12:54.193] [INFO ] [groupbuy-service] [main] [o.s.orm.jpa.LocalContainerEntityManagerFactoryBean:?] - Initialized JPA EntityManagerFactory for persistence unit 'default'
[2025-11-08 23:12:54.454] [INFO ] [groupbuy-service] [main] [o.s.data.jpa.repository.query.QueryEnhancerFactory:?] - Hibernate is in classpath; If applicable, HQL parser will be used.
[2025-11-08 23:12:55.024] [WARN ] [groupbuy-service] [main] [o.s.b.a.o.j.JpaBaseConfiguration$JpaWebConfiguration:?] - spring.jpa.open-in-view is enabled by default. Therefore, database queries may be performed during view rendering. Explicitly configure spring.jpa.open-in-view to disable this warning
[2025-11-08 23:12:55.734] [INFO ] [groupbuy-service] [main] [o.s.cloud.openfeign.FeignClientFactoryBean:?] - For 'product-service' URL not provided. Will try picking an instance via load-balancing.
[2025-11-08 23:12:55.772] [INFO ] [groupbuy-service] [main] [o.s.cloud.openfeign.FeignClientFactoryBean:?] - For 'user-service' URL not provided. Will try picking an instance via load-balancing.
[2025-11-08 23:12:55.790] [INFO ] [groupbuy-service] [main] [o.s.cloud.openfeign.FeignClientFactoryBean:?] - For 'leader-service' URL not provided. Will try picking an instance via load-balancing.
[2025-11-08 23:12:55.875] [INFO ] [groupbuy-service] [main] [o.s.cloud.openfeign.FeignClientFactoryBean:?] - For 'order-service' URL not provided. Will try picking an instance via load-balancing.
[2025-11-08 23:12:55.892] [INFO ] [groupbuy-service] [main] [o.s.cloud.openfeign.FeignClientFactoryBean:?] - For 'payment-service' URL not provided. Will try picking an instance via load-balancing.
[2025-11-08 23:12:55.932] [INFO ] [groupbuy-service] [main] [o.s.cloud.openfeign.FeignClientFactoryBean:?] - For 'user-service' URL not provided. Will try picking an instance via load-balancing.
[2025-11-08 23:12:57.130] [WARN ] [groupbuy-service] [main] [o.s.c.l.c.LoadBalancerCacheAutoConfiguration$LoadBalancerCaffeineWarnLogger:?] - Spring Cloud LoadBalancer is currently working with the default cache. While this cache implementation is useful for development and tests, it's recommended to use Caffeine cache in production.You can switch to using Caffeine cache, by adding it and org.springframework.cache.caffeine.CaffeineCacheManager to the classpath.
[2025-11-08 23:12:57.144] [INFO ] [groupbuy-service] [main] [o.s.b.actuate.endpoint.web.EndpointLinksResolver:?] - Exposing 2 endpoint(s) beneath base path '/actuator'
[2025-11-08 23:12:57.240] [INFO ] [groupbuy-service] [main] [o.s.boot.web.embedded.tomcat.TomcatWebServer:?] - Tomcat started on port 8063 (http) with context path ''
[2025-11-08 23:12:57.243] [INFO ] [groupbuy-service] [main] [o.s.c.consul.serviceregistry.ConsulServiceRegistry:?] - Registering service with consul: NewService{id='groupbuy-service-8063', name='groupbuy-service', tags=[], address='192.168.245.1', meta={secure=false}, port=8063, enableTagOverride=null, check=Check{script='null', dockerContainerID='null', shell='null', interval='null', ttl='30s', http='null', method='null', header=null, tcp='null', timeout='null', deregisterCriticalServiceAfter='null', tlsSkipVerify=null, status='null', grpc='null', grpcUseTLS=null}, checks=null}
[2025-11-08 23:12:57.585] [INFO ] [groupbuy-service] [main] [com.bcu.edu.GroupBuyServiceApplication:?] - Started GroupBuyServiceApplication in 8.447 seconds (process running for 9.143)
[2025-11-08 23:12:58.088] [INFO ] [groupbuy-service] [RMI TCP Connection(1)-26.52.41.123] [org.springframework.web.servlet.DispatcherServlet:?] - Initializing Servlet 'dispatcherServlet'
[2025-11-08 23:12:58.092] [INFO ] [groupbuy-service] [RMI TCP Connection(1)-26.52.41.123] [org.springframework.web.servlet.DispatcherServlet:?] - Completed initialization in 4 ms
[2025-11-08 23:13:45.839] [INFO ] [groupbuy-service] [http-nio-8063-exec-1] [com.bcu.edu.controller.TeamController:?] - 查询团长3的拼团记录，status=null, page=0, limit=1000
[2025-11-08 23:13:45.839] [INFO ] [groupbuy-service] [http-nio-8063-exec-1] [com.bcu.edu.service.TeamService:?] - 查询团长3的拼团记录，status=null, page=0, limit=1000
[2025-11-08 23:13:45.869] [INFO ] [groupbuy-service] [http-nio-8063-exec-1] [com.bcu.edu.service.TeamService:?] - 团长3共有8个拼团记录，本页返回8个
[2025-11-08 23:13:47.265] [INFO ] [groupbuy-service] [http-nio-8063-exec-3] [com.bcu.edu.controller.TeamController:?] - 查询团长3的拼团记录，status=null, page=0, limit=12
[2025-11-08 23:13:47.265] [INFO ] [groupbuy-service] [http-nio-8063-exec-3] [com.bcu.edu.service.TeamService:?] - 查询团长3的拼团记录，status=null, page=0, limit=12
[2025-11-08 23:13:47.271] [INFO ] [groupbuy-service] [http-nio-8063-exec-3] [com.bcu.edu.service.TeamService:?] - 团长3共有8个拼团记录，本页返回8个
[2025-11-08 23:14:15.037] [INFO ] [groupbuy-service] [http-nio-8063-exec-7] [com.bcu.edu.controller.TeamController:?] - 查询团长3的拼团记录，status=null, page=0, limit=1000
[2025-11-08 23:14:15.037] [INFO ] [groupbuy-service] [http-nio-8063-exec-7] [com.bcu.edu.service.TeamService:?] - 查询团长3的拼团记录，status=null, page=0, limit=1000
[2025-11-08 23:14:15.042] [INFO ] [groupbuy-service] [http-nio-8063-exec-7] [com.bcu.edu.service.TeamService:?] - 团长3共有8个拼团记录，本页返回8个
[2025-11-08 23:14:17.192] [INFO ] [groupbuy-service] [http-nio-8063-exec-8] [com.bcu.edu.controller.TeamController:?] - 查询团长3的拼团记录，status=null, page=0, limit=12
[2025-11-08 23:14:17.192] [INFO ] [groupbuy-service] [http-nio-8063-exec-8] [com.bcu.edu.service.TeamService:?] - 查询团长3的拼团记录，status=null, page=0, limit=12
[2025-11-08 23:14:17.201] [INFO ] [groupbuy-service] [http-nio-8063-exec-8] [com.bcu.edu.service.TeamService:?] - 团长3共有8个拼团记录，本页返回8个
[2025-11-08 23:14:22.631] [INFO ] [groupbuy-service] [http-nio-8063-exec-1] [com.bcu.edu.controller.TeamController:?] - 查询团长3的拼团记录，status=null, page=0, limit=1000
[2025-11-08 23:14:22.631] [INFO ] [groupbuy-service] [http-nio-8063-exec-1] [com.bcu.edu.service.TeamService:?] - 查询团长3的拼团记录，status=null, page=0, limit=1000
[2025-11-08 23:14:22.635] [INFO ] [groupbuy-service] [http-nio-8063-exec-1] [com.bcu.edu.service.TeamService:?] - 团长3共有8个拼团记录，本页返回8个
[2025-11-08 23:14:25.328] [INFO ] [groupbuy-service] [http-nio-8063-exec-3] [com.bcu.edu.controller.TeamController:?] - 查询团长3的拼团记录，status=null, page=0, limit=12
[2025-11-08 23:14:25.329] [INFO ] [groupbuy-service] [http-nio-8063-exec-3] [com.bcu.edu.service.TeamService:?] - 查询团长3的拼团记录，status=null, page=0, limit=12
[2025-11-08 23:14:25.334] [INFO ] [groupbuy-service] [http-nio-8063-exec-3] [com.bcu.edu.service.TeamService:?] - 团长3共有8个拼团记录，本页返回8个
[2025-11-08 23:16:28.811] [INFO ] [groupbuy-service] [SpringApplicationShutdownHook] [o.s.c.consul.serviceregistry.ConsulServiceRegistry:?] - Deregistering service with consul: groupbuy-service-8063
[2025-11-08 23:16:28.825] [INFO ] [groupbuy-service] [SpringApplicationShutdownHook] [o.s.orm.jpa.LocalContainerEntityManagerFactoryBean:?] - Closing JPA EntityManagerFactory for persistence unit 'default'
[2025-11-08 23:16:28.828] [INFO ] [groupbuy-service] [SpringApplicationShutdownHook] [com.zaxxer.hikari.HikariDataSource:?] - HikariPool-1 - Shutdown initiated...
[2025-11-08 23:16:28.840] [INFO ] [groupbuy-service] [SpringApplicationShutdownHook] [com.zaxxer.hikari.HikariDataSource:?] - HikariPool-1 - Shutdown completed.
