[2025-11-06 19:48:36.861] [INFO ] [groupbuy-service] [main] [com.bcu.edu.GroupBuyServiceApplication:?] - Starting GroupBuyServiceApplication using Java 17.0.6 with PID 24904 (E:\E\BYSJ\community-group-buy-backend\GroupBuyService\target\classes started by Gkr07 in E:\E\BYSJ\community-group-buy-backend)
[2025-11-06 19:48:36.874] [INFO ] [groupbuy-service] [main] [com.bcu.edu.GroupBuyServiceApplication:?] - No active profile set, falling back to 1 default profile: "default"
[2025-11-06 19:48:39.225] [INFO ] [groupbuy-service] [main] [o.s.d.r.config.RepositoryConfigurationDelegate:?] - Bootstrapping Spring Data JPA repositories in DEFAULT mode.
[2025-11-06 19:48:39.489] [INFO ] [groupbuy-service] [main] [o.s.d.r.config.RepositoryConfigurationDelegate:?] - Finished Spring Data repository scanning in 252 ms. Found 4 JPA repository interfaces.
[2025-11-06 19:48:40.001] [INFO ] [groupbuy-service] [main] [o.springframework.cloud.context.scope.GenericScope:?] - BeanFactory id=168b2012-ff31-3235-bbae-b0907b98407f
[2025-11-06 19:48:40.539] [WARN ] [groupbuy-service] [main] [o.s.c.s.PostProcessorRegistrationDelegate$BeanPostProcessorChecker:?] - Bean 'org.springframework.cloud.client.loadbalancer.LoadBalancerAutoConfiguration$LoadBalancerInterceptorConfig' of type [org.springframework.cloud.client.loadbalancer.LoadBalancerAutoConfiguration$LoadBalancerInterceptorConfig] is not eligible for getting processed by all BeanPostProcessors (for example: not eligible for auto-proxying). The currently created BeanPostProcessor [lbRestClientPostProcessor] is declared through a non-static factory method on that class; consider declaring it as static instead.
[2025-11-06 19:48:40.544] [WARN ] [groupbuy-service] [main] [o.s.c.s.PostProcessorRegistrationDelegate$BeanPostProcessorChecker:?] - Bean 'org.springframework.cloud.loadbalancer.config.BlockingLoadBalancerClientAutoConfiguration' of type [org.springframework.cloud.loadbalancer.config.BlockingLoadBalancerClientAutoConfiguration] is not eligible for getting processed by all BeanPostProcessors (for example: not eligible for auto-proxying). Is this bean getting eagerly injected into a currently created BeanPostProcessor [lbRestClientPostProcessor]? Check the corresponding BeanPostProcessor declaration and its dependencies.
[2025-11-06 19:48:40.546] [WARN ] [groupbuy-service] [main] [o.s.c.s.PostProcessorRegistrationDelegate$BeanPostProcessorChecker:?] - Bean 'org.springframework.cloud.loadbalancer.config.LoadBalancerAutoConfiguration' of type [org.springframework.cloud.loadbalancer.config.LoadBalancerAutoConfiguration] is not eligible for getting processed by all BeanPostProcessors (for example: not eligible for auto-proxying). Is this bean getting eagerly injected into a currently created BeanPostProcessor [lbRestClientPostProcessor]? Check the corresponding BeanPostProcessor declaration and its dependencies.
[2025-11-06 19:48:40.558] [WARN ] [groupbuy-service] [main] [o.s.c.s.PostProcessorRegistrationDelegate$BeanPostProcessorChecker:?] - Bean 'org.springframework.cloud.commons.config.CommonsConfigAutoConfiguration' of type [org.springframework.cloud.commons.config.CommonsConfigAutoConfiguration] is not eligible for getting processed by all BeanPostProcessors (for example: not eligible for auto-proxying). Is this bean getting eagerly injected into a currently created BeanPostProcessor [lbRestClientPostProcessor]? Check the corresponding BeanPostProcessor declaration and its dependencies.
[2025-11-06 19:48:40.561] [WARN ] [groupbuy-service] [main] [o.s.c.s.PostProcessorRegistrationDelegate$BeanPostProcessorChecker:?] - Bean 'org.springframework.cloud.client.loadbalancer.LoadBalancerDefaultMappingsProviderAutoConfiguration' of type [org.springframework.cloud.client.loadbalancer.LoadBalancerDefaultMappingsProviderAutoConfiguration] is not eligible for getting processed by all BeanPostProcessors (for example: not eligible for auto-proxying). Is this bean getting eagerly injected into a currently created BeanPostProcessor [lbRestClientPostProcessor]? Check the corresponding BeanPostProcessor declaration and its dependencies.
[2025-11-06 19:48:40.563] [WARN ] [groupbuy-service] [main] [o.s.c.s.PostProcessorRegistrationDelegate$BeanPostProcessorChecker:?] - Bean 'loadBalancerClientsDefaultsMappingsProvider' of type [org.springframework.cloud.client.loadbalancer.LoadBalancerDefaultMappingsProviderAutoConfiguration$$Lambda$793/0x0000000801166e28] is not eligible for getting processed by all BeanPostProcessors (for example: not eligible for auto-proxying). Is this bean getting eagerly injected into a currently created BeanPostProcessor [lbRestClientPostProcessor]? Check the corresponding BeanPostProcessor declaration and its dependencies.
[2025-11-06 19:48:40.566] [WARN ] [groupbuy-service] [main] [o.s.c.s.PostProcessorRegistrationDelegate$BeanPostProcessorChecker:?] - Bean 'defaultsBindHandlerAdvisor' of type [org.springframework.cloud.commons.config.DefaultsBindHandlerAdvisor] is not eligible for getting processed by all BeanPostProcessors (for example: not eligible for auto-proxying). Is this bean getting eagerly injected into a currently created BeanPostProcessor [lbRestClientPostProcessor]? Check the corresponding BeanPostProcessor declaration and its dependencies.
[2025-11-06 19:48:40.574] [WARN ] [groupbuy-service] [main] [o.s.c.s.PostProcessorRegistrationDelegate$BeanPostProcessorChecker:?] - Bean 'spring.cloud.loadbalancer-org.springframework.cloud.client.loadbalancer.LoadBalancerClientsProperties' of type [org.springframework.cloud.client.loadbalancer.LoadBalancerClientsProperties] is not eligible for getting processed by all BeanPostProcessors (for example: not eligible for auto-proxying). Is this bean getting eagerly injected into a currently created BeanPostProcessor [lbRestClientPostProcessor]? Check the corresponding BeanPostProcessor declaration and its dependencies.
[2025-11-06 19:48:40.581] [WARN ] [groupbuy-service] [main] [o.s.c.s.PostProcessorRegistrationDelegate$BeanPostProcessorChecker:?] - Bean 'default.org.springframework.cloud.loadbalancer.config.LoadBalancerAutoConfiguration.LoadBalancerClientSpecification' of type [org.springframework.cloud.loadbalancer.annotation.LoadBalancerClientSpecification] is not eligible for getting processed by all BeanPostProcessors (for example: not eligible for auto-proxying). Is this bean getting eagerly injected into a currently created BeanPostProcessor [lbRestClientPostProcessor]? Check the corresponding BeanPostProcessor declaration and its dependencies.
[2025-11-06 19:48:40.584] [WARN ] [groupbuy-service] [main] [o.s.c.s.PostProcessorRegistrationDelegate$BeanPostProcessorChecker:?] - Bean 'default.org.springframework.cloud.loadbalancer.config.BlockingLoadBalancerClientAutoConfiguration.LoadBalancerClientSpecification' of type [org.springframework.cloud.loadbalancer.annotation.LoadBalancerClientSpecification] is not eligible for getting processed by all BeanPostProcessors (for example: not eligible for auto-proxying). Is this bean getting eagerly injected into a currently created BeanPostProcessor [lbRestClientPostProcessor]? Check the corresponding BeanPostProcessor declaration and its dependencies.
[2025-11-06 19:48:40.585] [WARN ] [groupbuy-service] [main] [o.s.c.s.PostProcessorRegistrationDelegate$BeanPostProcessorChecker:?] - Bean 'loadBalancerClientFactory' of type [org.springframework.cloud.loadbalancer.support.LoadBalancerClientFactory] is not eligible for getting processed by all BeanPostProcessors (for example: not eligible for auto-proxying). Is this bean getting eagerly injected into a currently created BeanPostProcessor [lbRestClientPostProcessor]? Check the corresponding BeanPostProcessor declaration and its dependencies.
[2025-11-06 19:48:40.593] [WARN ] [groupbuy-service] [main] [o.s.c.s.PostProcessorRegistrationDelegate$BeanPostProcessorChecker:?] - Bean 'blockingLoadBalancerClient' of type [org.springframework.cloud.loadbalancer.blocking.client.BlockingLoadBalancerClient] is not eligible for getting processed by all BeanPostProcessors (for example: not eligible for auto-proxying). Is this bean getting eagerly injected into a currently created BeanPostProcessor [lbRestClientPostProcessor]? Check the corresponding BeanPostProcessor declaration and its dependencies.
[2025-11-06 19:48:40.604] [WARN ] [groupbuy-service] [main] [o.s.c.s.PostProcessorRegistrationDelegate$BeanPostProcessorChecker:?] - Bean 'loadBalancerServiceInstanceCookieTransformer' of type [org.springframework.cloud.loadbalancer.core.LoadBalancerServiceInstanceCookieTransformer] is not eligible for getting processed by all BeanPostProcessors (for example: not eligible for auto-proxying). Is this bean getting eagerly injected into a currently created BeanPostProcessor [lbRestClientPostProcessor]? Check the corresponding BeanPostProcessor declaration and its dependencies.
[2025-11-06 19:48:40.607] [WARN ] [groupbuy-service] [main] [o.s.c.s.PostProcessorRegistrationDelegate$BeanPostProcessorChecker:?] - Bean 'xForwarderHeadersTransformer' of type [org.springframework.cloud.loadbalancer.blocking.XForwardedHeadersTransformer] is not eligible for getting processed by all BeanPostProcessors (for example: not eligible for auto-proxying). Is this bean getting eagerly injected into a currently created BeanPostProcessor [lbRestClientPostProcessor]? Check the corresponding BeanPostProcessor declaration and its dependencies.
[2025-11-06 19:48:40.609] [WARN ] [groupbuy-service] [main] [o.s.c.s.PostProcessorRegistrationDelegate$BeanPostProcessorChecker:?] - Bean 'org.springframework.cloud.client.loadbalancer.LoadBalancerAutoConfiguration' of type [org.springframework.cloud.client.loadbalancer.LoadBalancerAutoConfiguration] is not eligible for getting processed by all BeanPostProcessors (for example: not eligible for auto-proxying). Is this bean getting eagerly injected into a currently created BeanPostProcessor [lbRestClientPostProcessor]? Check the corresponding BeanPostProcessor declaration and its dependencies.
[2025-11-06 19:48:40.611] [WARN ] [groupbuy-service] [main] [o.s.c.s.PostProcessorRegistrationDelegate$BeanPostProcessorChecker:?] - Bean 'loadBalancerRequestFactory' of type [org.springframework.cloud.client.loadbalancer.LoadBalancerRequestFactory] is not eligible for getting processed by all BeanPostProcessors (for example: not eligible for auto-proxying). Is this bean getting eagerly injected into a currently created BeanPostProcessor [lbRestClientPostProcessor]? Check the corresponding BeanPostProcessor declaration and its dependencies.
[2025-11-06 19:48:40.613] [WARN ] [groupbuy-service] [main] [o.s.c.s.PostProcessorRegistrationDelegate$BeanPostProcessorChecker:?] - Bean 'loadBalancerInterceptor' of type [org.springframework.cloud.client.loadbalancer.LoadBalancerInterceptor] is not eligible for getting processed by all BeanPostProcessors (for example: not eligible for auto-proxying). Is this bean getting eagerly injected into a currently created BeanPostProcessor [lbRestClientPostProcessor]? Check the corresponding BeanPostProcessor declaration and its dependencies.
[2025-11-06 19:48:41.067] [INFO ] [groupbuy-service] [main] [o.s.boot.web.embedded.tomcat.TomcatWebServer:?] - Tomcat initialized with port 8063 (http)
[2025-11-06 19:48:41.252] [INFO ] [groupbuy-service] [main] [o.s.b.w.s.c.ServletWebServerApplicationContext:?] - Root WebApplicationContext: initialization completed in 4259 ms
[2025-11-06 19:48:42.128] [INFO ] [groupbuy-service] [main] [org.hibernate.jpa.internal.util.LogHelper:?] - HHH000204: Processing PersistenceUnitInfo [name: default]
[2025-11-06 19:48:42.274] [INFO ] [groupbuy-service] [main] [org.hibernate.Version:?] - HHH000412: Hibernate ORM core version 6.4.4.Final
[2025-11-06 19:48:42.344] [INFO ] [groupbuy-service] [main] [o.hibernate.cache.internal.RegionFactoryInitiator:?] - HHH000026: Second-level cache disabled
[2025-11-06 19:48:42.822] [INFO ] [groupbuy-service] [main] [o.s.o.j.persistenceunit.SpringPersistenceUnitInfo:?] - No LoadTimeWeaver setup: ignoring JPA class transformer
[2025-11-06 19:48:42.885] [INFO ] [groupbuy-service] [main] [com.zaxxer.hikari.HikariDataSource:?] - HikariPool-1 - Starting...
[2025-11-06 19:48:43.176] [INFO ] [groupbuy-service] [main] [com.zaxxer.hikari.pool.HikariPool:?] - HikariPool-1 - Added connection com.mysql.cj.jdbc.ConnectionImpl@237c8718
[2025-11-06 19:48:43.179] [INFO ] [groupbuy-service] [main] [com.zaxxer.hikari.HikariDataSource:?] - HikariPool-1 - Start completed.
[2025-11-06 19:48:43.256] [WARN ] [groupbuy-service] [main] [org.hibernate.orm.deprecation:?] - HHH90000025: MySQL8Dialect does not need to be specified explicitly using 'hibernate.dialect' (remove the property setting and it will be selected by default)
[2025-11-06 19:48:43.257] [WARN ] [groupbuy-service] [main] [org.hibernate.orm.deprecation:?] - HHH90000026: MySQL8Dialect has been deprecated; use org.hibernate.dialect.MySQLDialect instead
[2025-11-06 19:48:45.334] [INFO ] [groupbuy-service] [main] [o.h.e.t.jta.platform.internal.JtaPlatformInitiator:?] - HHH000489: No JTA platform available (set 'hibernate.transaction.jta.platform' to enable JTA platform integration)
[2025-11-06 19:48:45.339] [INFO ] [groupbuy-service] [main] [o.s.orm.jpa.LocalContainerEntityManagerFactoryBean:?] - Initialized JPA EntityManagerFactory for persistence unit 'default'
[2025-11-06 19:48:45.365] [WARN ] [groupbuy-service] [main] [o.s.b.w.s.c.AnnotationConfigServletWebServerApplicationContext:?] - Exception encountered during context initialization - cancelling refresh attempt: org.springframework.beans.factory.BeanCreationException: Error creating bean with name 'orderServiceClientFallback': Lookup method resolution failed
[2025-11-06 19:48:45.365] [INFO ] [groupbuy-service] [main] [o.s.orm.jpa.LocalContainerEntityManagerFactoryBean:?] - Closing JPA EntityManagerFactory for persistence unit 'default'
[2025-11-06 19:48:45.371] [INFO ] [groupbuy-service] [main] [com.zaxxer.hikari.HikariDataSource:?] - HikariPool-1 - Shutdown initiated...
[2025-11-06 19:48:45.381] [INFO ] [groupbuy-service] [main] [com.zaxxer.hikari.HikariDataSource:?] - HikariPool-1 - Shutdown completed.
[2025-11-06 19:48:45.408] [INFO ] [groupbuy-service] [main] [o.s.b.a.logging.ConditionEvaluationReportLogger:?] - 

Error starting ApplicationContext. To display the condition evaluation report re-run your application with 'debug' enabled.
[2025-11-06 19:48:45.438] [ERROR] [groupbuy-service] [main] [org.springframework.boot.SpringApplication:?] - Application run failed
org.springframework.beans.factory.BeanCreationException: Error creating bean with name 'orderServiceClientFallback': Lookup method resolution failed
	at org.springframework.beans.factory.annotation.AutowiredAnnotationBeanPostProcessor.checkLookupMethods(AutowiredAnnotationBeanPostProcessor.java:497)
	at org.springframework.beans.factory.annotation.AutowiredAnnotationBeanPostProcessor.determineCandidateConstructors(AutowiredAnnotationBeanPostProcessor.java:367)
	at org.springframework.beans.factory.support.AbstractAutowireCapableBeanFactory.determineConstructorsFromBeanPostProcessors(AbstractAutowireCapableBeanFactory.java:1294)
	at org.springframework.beans.factory.support.AbstractAutowireCapableBeanFactory.createBeanInstance(AbstractAutowireCapableBeanFactory.java:1189)
	at org.springframework.beans.factory.support.AbstractAutowireCapableBeanFactory.doCreateBean(AbstractAutowireCapableBeanFactory.java:562)
	at org.springframework.beans.factory.support.AbstractAutowireCapableBeanFactory.createBean(AbstractAutowireCapableBeanFactory.java:522)
	at org.springframework.beans.factory.support.AbstractBeanFactory.lambda$doGetBean$0(AbstractBeanFactory.java:325)
	at org.springframework.beans.factory.support.DefaultSingletonBeanRegistry.getSingleton(DefaultSingletonBeanRegistry.java:234)
	at org.springframework.beans.factory.support.AbstractBeanFactory.doGetBean(AbstractBeanFactory.java:323)
	at org.springframework.beans.factory.support.AbstractBeanFactory.getBean(AbstractBeanFactory.java:199)
	at org.springframework.beans.factory.support.DefaultListableBeanFactory.preInstantiateSingletons(DefaultListableBeanFactory.java:975)
	at org.springframework.context.support.AbstractApplicationContext.finishBeanFactoryInitialization(AbstractApplicationContext.java:959)
	at org.springframework.context.support.AbstractApplicationContext.refresh(AbstractApplicationContext.java:624)
	at org.springframework.boot.web.servlet.context.ServletWebServerApplicationContext.refresh(ServletWebServerApplicationContext.java:146)
	at org.springframework.boot.SpringApplication.refresh(SpringApplication.java:754)
	at org.springframework.boot.SpringApplication.refreshContext(SpringApplication.java:456)
	at org.springframework.boot.SpringApplication.run(SpringApplication.java:334)
	at org.springframework.boot.SpringApplication.run(SpringApplication.java:1354)
	at org.springframework.boot.SpringApplication.run(SpringApplication.java:1343)
	at com.bcu.edu.GroupBuyServiceApplication.main(GroupBuyServiceApplication.java:43)
Caused by: java.lang.IllegalStateException: Failed to introspect Class [com.bcu.edu.client.fallback.OrderServiceClientFallback] from ClassLoader [jdk.internal.loader.ClassLoaders$AppClassLoader@63947c6b]
	at org.springframework.util.ReflectionUtils.getDeclaredMethods(ReflectionUtils.java:483)
	at org.springframework.util.ReflectionUtils.doWithLocalMethods(ReflectionUtils.java:320)
	at org.springframework.beans.factory.annotation.AutowiredAnnotationBeanPostProcessor.checkLookupMethods(AutowiredAnnotationBeanPostProcessor.java:475)
	... 19 common frames omitted
Caused by: java.lang.NoClassDefFoundError: com/bcu/edu/dto/request/CreateOrderRequest
	at java.base/java.lang.Class.getDeclaredMethods0(Native Method)
	at java.base/java.lang.Class.privateGetDeclaredMethods(Class.java:3402)
	at java.base/java.lang.Class.getDeclaredMethods(Class.java:2504)
	at org.springframework.util.ReflectionUtils.getDeclaredMethods(ReflectionUtils.java:465)
	... 21 common frames omitted
Caused by: java.lang.ClassNotFoundException: com.bcu.edu.dto.request.CreateOrderRequest
	at java.base/jdk.internal.loader.BuiltinClassLoader.loadClass(BuiltinClassLoader.java:641)
	at java.base/jdk.internal.loader.ClassLoaders$AppClassLoader.loadClass(ClassLoaders.java:188)
	at java.base/java.lang.ClassLoader.loadClass(ClassLoader.java:520)
	... 25 common frames omitted
[2025-11-06 19:52:26.424] [INFO ] [groupbuy-service] [main] [com.bcu.edu.GroupBuyServiceApplication:?] - Starting GroupBuyServiceApplication using Java 17.0.6 with PID 17904 (E:\E\BYSJ\community-group-buy-backend\GroupBuyService\target\classes started by Gkr07 in E:\E\BYSJ\community-group-buy-backend)
[2025-11-06 19:52:26.427] [INFO ] [groupbuy-service] [main] [com.bcu.edu.GroupBuyServiceApplication:?] - No active profile set, falling back to 1 default profile: "default"
[2025-11-06 19:52:27.823] [INFO ] [groupbuy-service] [main] [o.s.d.r.config.RepositoryConfigurationDelegate:?] - Bootstrapping Spring Data JPA repositories in DEFAULT mode.
[2025-11-06 19:52:28.041] [INFO ] [groupbuy-service] [main] [o.s.d.r.config.RepositoryConfigurationDelegate:?] - Finished Spring Data repository scanning in 209 ms. Found 4 JPA repository interfaces.
[2025-11-06 19:52:28.355] [INFO ] [groupbuy-service] [main] [o.springframework.cloud.context.scope.GenericScope:?] - BeanFactory id=168b2012-ff31-3235-bbae-b0907b98407f
[2025-11-06 19:52:28.773] [WARN ] [groupbuy-service] [main] [o.s.c.s.PostProcessorRegistrationDelegate$BeanPostProcessorChecker:?] - Bean 'org.springframework.cloud.client.loadbalancer.LoadBalancerAutoConfiguration$LoadBalancerInterceptorConfig' of type [org.springframework.cloud.client.loadbalancer.LoadBalancerAutoConfiguration$LoadBalancerInterceptorConfig] is not eligible for getting processed by all BeanPostProcessors (for example: not eligible for auto-proxying). The currently created BeanPostProcessor [lbRestClientPostProcessor] is declared through a non-static factory method on that class; consider declaring it as static instead.
[2025-11-06 19:52:28.778] [WARN ] [groupbuy-service] [main] [o.s.c.s.PostProcessorRegistrationDelegate$BeanPostProcessorChecker:?] - Bean 'org.springframework.cloud.loadbalancer.config.BlockingLoadBalancerClientAutoConfiguration' of type [org.springframework.cloud.loadbalancer.config.BlockingLoadBalancerClientAutoConfiguration] is not eligible for getting processed by all BeanPostProcessors (for example: not eligible for auto-proxying). Is this bean getting eagerly injected into a currently created BeanPostProcessor [lbRestClientPostProcessor]? Check the corresponding BeanPostProcessor declaration and its dependencies.
[2025-11-06 19:52:28.781] [WARN ] [groupbuy-service] [main] [o.s.c.s.PostProcessorRegistrationDelegate$BeanPostProcessorChecker:?] - Bean 'org.springframework.cloud.loadbalancer.config.LoadBalancerAutoConfiguration' of type [org.springframework.cloud.loadbalancer.config.LoadBalancerAutoConfiguration] is not eligible for getting processed by all BeanPostProcessors (for example: not eligible for auto-proxying). Is this bean getting eagerly injected into a currently created BeanPostProcessor [lbRestClientPostProcessor]? Check the corresponding BeanPostProcessor declaration and its dependencies.
[2025-11-06 19:52:28.794] [WARN ] [groupbuy-service] [main] [o.s.c.s.PostProcessorRegistrationDelegate$BeanPostProcessorChecker:?] - Bean 'org.springframework.cloud.commons.config.CommonsConfigAutoConfiguration' of type [org.springframework.cloud.commons.config.CommonsConfigAutoConfiguration] is not eligible for getting processed by all BeanPostProcessors (for example: not eligible for auto-proxying). Is this bean getting eagerly injected into a currently created BeanPostProcessor [lbRestClientPostProcessor]? Check the corresponding BeanPostProcessor declaration and its dependencies.
[2025-11-06 19:52:28.798] [WARN ] [groupbuy-service] [main] [o.s.c.s.PostProcessorRegistrationDelegate$BeanPostProcessorChecker:?] - Bean 'org.springframework.cloud.client.loadbalancer.LoadBalancerDefaultMappingsProviderAutoConfiguration' of type [org.springframework.cloud.client.loadbalancer.LoadBalancerDefaultMappingsProviderAutoConfiguration] is not eligible for getting processed by all BeanPostProcessors (for example: not eligible for auto-proxying). Is this bean getting eagerly injected into a currently created BeanPostProcessor [lbRestClientPostProcessor]? Check the corresponding BeanPostProcessor declaration and its dependencies.
[2025-11-06 19:52:28.801] [WARN ] [groupbuy-service] [main] [o.s.c.s.PostProcessorRegistrationDelegate$BeanPostProcessorChecker:?] - Bean 'loadBalancerClientsDefaultsMappingsProvider' of type [org.springframework.cloud.client.loadbalancer.LoadBalancerDefaultMappingsProviderAutoConfiguration$$Lambda$793/0x00000008011667d0] is not eligible for getting processed by all BeanPostProcessors (for example: not eligible for auto-proxying). Is this bean getting eagerly injected into a currently created BeanPostProcessor [lbRestClientPostProcessor]? Check the corresponding BeanPostProcessor declaration and its dependencies.
[2025-11-06 19:52:28.804] [WARN ] [groupbuy-service] [main] [o.s.c.s.PostProcessorRegistrationDelegate$BeanPostProcessorChecker:?] - Bean 'defaultsBindHandlerAdvisor' of type [org.springframework.cloud.commons.config.DefaultsBindHandlerAdvisor] is not eligible for getting processed by all BeanPostProcessors (for example: not eligible for auto-proxying). Is this bean getting eagerly injected into a currently created BeanPostProcessor [lbRestClientPostProcessor]? Check the corresponding BeanPostProcessor declaration and its dependencies.
[2025-11-06 19:52:28.813] [WARN ] [groupbuy-service] [main] [o.s.c.s.PostProcessorRegistrationDelegate$BeanPostProcessorChecker:?] - Bean 'spring.cloud.loadbalancer-org.springframework.cloud.client.loadbalancer.LoadBalancerClientsProperties' of type [org.springframework.cloud.client.loadbalancer.LoadBalancerClientsProperties] is not eligible for getting processed by all BeanPostProcessors (for example: not eligible for auto-proxying). Is this bean getting eagerly injected into a currently created BeanPostProcessor [lbRestClientPostProcessor]? Check the corresponding BeanPostProcessor declaration and its dependencies.
[2025-11-06 19:52:28.822] [WARN ] [groupbuy-service] [main] [o.s.c.s.PostProcessorRegistrationDelegate$BeanPostProcessorChecker:?] - Bean 'default.org.springframework.cloud.loadbalancer.config.LoadBalancerAutoConfiguration.LoadBalancerClientSpecification' of type [org.springframework.cloud.loadbalancer.annotation.LoadBalancerClientSpecification] is not eligible for getting processed by all BeanPostProcessors (for example: not eligible for auto-proxying). Is this bean getting eagerly injected into a currently created BeanPostProcessor [lbRestClientPostProcessor]? Check the corresponding BeanPostProcessor declaration and its dependencies.
[2025-11-06 19:52:28.824] [WARN ] [groupbuy-service] [main] [o.s.c.s.PostProcessorRegistrationDelegate$BeanPostProcessorChecker:?] - Bean 'default.org.springframework.cloud.loadbalancer.config.BlockingLoadBalancerClientAutoConfiguration.LoadBalancerClientSpecification' of type [org.springframework.cloud.loadbalancer.annotation.LoadBalancerClientSpecification] is not eligible for getting processed by all BeanPostProcessors (for example: not eligible for auto-proxying). Is this bean getting eagerly injected into a currently created BeanPostProcessor [lbRestClientPostProcessor]? Check the corresponding BeanPostProcessor declaration and its dependencies.
[2025-11-06 19:52:28.825] [WARN ] [groupbuy-service] [main] [o.s.c.s.PostProcessorRegistrationDelegate$BeanPostProcessorChecker:?] - Bean 'loadBalancerClientFactory' of type [org.springframework.cloud.loadbalancer.support.LoadBalancerClientFactory] is not eligible for getting processed by all BeanPostProcessors (for example: not eligible for auto-proxying). Is this bean getting eagerly injected into a currently created BeanPostProcessor [lbRestClientPostProcessor]? Check the corresponding BeanPostProcessor declaration and its dependencies.
[2025-11-06 19:52:28.835] [WARN ] [groupbuy-service] [main] [o.s.c.s.PostProcessorRegistrationDelegate$BeanPostProcessorChecker:?] - Bean 'blockingLoadBalancerClient' of type [org.springframework.cloud.loadbalancer.blocking.client.BlockingLoadBalancerClient] is not eligible for getting processed by all BeanPostProcessors (for example: not eligible for auto-proxying). Is this bean getting eagerly injected into a currently created BeanPostProcessor [lbRestClientPostProcessor]? Check the corresponding BeanPostProcessor declaration and its dependencies.
[2025-11-06 19:52:28.848] [WARN ] [groupbuy-service] [main] [o.s.c.s.PostProcessorRegistrationDelegate$BeanPostProcessorChecker:?] - Bean 'loadBalancerServiceInstanceCookieTransformer' of type [org.springframework.cloud.loadbalancer.core.LoadBalancerServiceInstanceCookieTransformer] is not eligible for getting processed by all BeanPostProcessors (for example: not eligible for auto-proxying). Is this bean getting eagerly injected into a currently created BeanPostProcessor [lbRestClientPostProcessor]? Check the corresponding BeanPostProcessor declaration and its dependencies.
[2025-11-06 19:52:28.851] [WARN ] [groupbuy-service] [main] [o.s.c.s.PostProcessorRegistrationDelegate$BeanPostProcessorChecker:?] - Bean 'xForwarderHeadersTransformer' of type [org.springframework.cloud.loadbalancer.blocking.XForwardedHeadersTransformer] is not eligible for getting processed by all BeanPostProcessors (for example: not eligible for auto-proxying). Is this bean getting eagerly injected into a currently created BeanPostProcessor [lbRestClientPostProcessor]? Check the corresponding BeanPostProcessor declaration and its dependencies.
[2025-11-06 19:52:28.853] [WARN ] [groupbuy-service] [main] [o.s.c.s.PostProcessorRegistrationDelegate$BeanPostProcessorChecker:?] - Bean 'org.springframework.cloud.client.loadbalancer.LoadBalancerAutoConfiguration' of type [org.springframework.cloud.client.loadbalancer.LoadBalancerAutoConfiguration] is not eligible for getting processed by all BeanPostProcessors (for example: not eligible for auto-proxying). Is this bean getting eagerly injected into a currently created BeanPostProcessor [lbRestClientPostProcessor]? Check the corresponding BeanPostProcessor declaration and its dependencies.
[2025-11-06 19:52:28.856] [WARN ] [groupbuy-service] [main] [o.s.c.s.PostProcessorRegistrationDelegate$BeanPostProcessorChecker:?] - Bean 'loadBalancerRequestFactory' of type [org.springframework.cloud.client.loadbalancer.LoadBalancerRequestFactory] is not eligible for getting processed by all BeanPostProcessors (for example: not eligible for auto-proxying). Is this bean getting eagerly injected into a currently created BeanPostProcessor [lbRestClientPostProcessor]? Check the corresponding BeanPostProcessor declaration and its dependencies.
[2025-11-06 19:52:28.859] [WARN ] [groupbuy-service] [main] [o.s.c.s.PostProcessorRegistrationDelegate$BeanPostProcessorChecker:?] - Bean 'loadBalancerInterceptor' of type [org.springframework.cloud.client.loadbalancer.LoadBalancerInterceptor] is not eligible for getting processed by all BeanPostProcessors (for example: not eligible for auto-proxying). Is this bean getting eagerly injected into a currently created BeanPostProcessor [lbRestClientPostProcessor]? Check the corresponding BeanPostProcessor declaration and its dependencies.
[2025-11-06 19:52:29.212] [INFO ] [groupbuy-service] [main] [o.s.boot.web.embedded.tomcat.TomcatWebServer:?] - Tomcat initialized with port 8063 (http)
[2025-11-06 19:52:29.337] [INFO ] [groupbuy-service] [main] [o.s.b.w.s.c.ServletWebServerApplicationContext:?] - Root WebApplicationContext: initialization completed in 2864 ms
[2025-11-06 19:52:29.764] [INFO ] [groupbuy-service] [main] [org.hibernate.jpa.internal.util.LogHelper:?] - HHH000204: Processing PersistenceUnitInfo [name: default]
[2025-11-06 19:52:29.843] [INFO ] [groupbuy-service] [main] [org.hibernate.Version:?] - HHH000412: Hibernate ORM core version 6.4.4.Final
[2025-11-06 19:52:29.889] [INFO ] [groupbuy-service] [main] [o.hibernate.cache.internal.RegionFactoryInitiator:?] - HHH000026: Second-level cache disabled
[2025-11-06 19:52:30.241] [INFO ] [groupbuy-service] [main] [o.s.o.j.persistenceunit.SpringPersistenceUnitInfo:?] - No LoadTimeWeaver setup: ignoring JPA class transformer
[2025-11-06 19:52:30.293] [INFO ] [groupbuy-service] [main] [com.zaxxer.hikari.HikariDataSource:?] - HikariPool-1 - Starting...
[2025-11-06 19:52:30.522] [INFO ] [groupbuy-service] [main] [com.zaxxer.hikari.pool.HikariPool:?] - HikariPool-1 - Added connection com.mysql.cj.jdbc.ConnectionImpl@6b4a2887
[2025-11-06 19:52:30.525] [INFO ] [groupbuy-service] [main] [com.zaxxer.hikari.HikariDataSource:?] - HikariPool-1 - Start completed.
[2025-11-06 19:52:30.587] [WARN ] [groupbuy-service] [main] [org.hibernate.orm.deprecation:?] - HHH90000025: MySQL8Dialect does not need to be specified explicitly using 'hibernate.dialect' (remove the property setting and it will be selected by default)
[2025-11-06 19:52:30.589] [WARN ] [groupbuy-service] [main] [org.hibernate.orm.deprecation:?] - HHH90000026: MySQL8Dialect has been deprecated; use org.hibernate.dialect.MySQLDialect instead
[2025-11-06 19:52:31.864] [INFO ] [groupbuy-service] [main] [o.h.e.t.jta.platform.internal.JtaPlatformInitiator:?] - HHH000489: No JTA platform available (set 'hibernate.transaction.jta.platform' to enable JTA platform integration)
[2025-11-06 19:52:31.868] [INFO ] [groupbuy-service] [main] [o.s.orm.jpa.LocalContainerEntityManagerFactoryBean:?] - Initialized JPA EntityManagerFactory for persistence unit 'default'
[2025-11-06 19:52:32.277] [INFO ] [groupbuy-service] [main] [o.s.data.jpa.repository.query.QueryEnhancerFactory:?] - Hibernate is in classpath; If applicable, HQL parser will be used.
[2025-11-06 19:52:33.328] [WARN ] [groupbuy-service] [main] [o.s.b.a.o.j.JpaBaseConfiguration$JpaWebConfiguration:?] - spring.jpa.open-in-view is enabled by default. Therefore, database queries may be performed during view rendering. Explicitly configure spring.jpa.open-in-view to disable this warning
[2025-11-06 19:52:34.511] [INFO ] [groupbuy-service] [main] [o.s.cloud.openfeign.FeignClientFactoryBean:?] - For 'product-service' URL not provided. Will try picking an instance via load-balancing.
[2025-11-06 19:52:34.584] [INFO ] [groupbuy-service] [main] [o.s.cloud.openfeign.FeignClientFactoryBean:?] - For 'user-service' URL not provided. Will try picking an instance via load-balancing.
[2025-11-06 19:52:34.615] [INFO ] [groupbuy-service] [main] [o.s.cloud.openfeign.FeignClientFactoryBean:?] - For 'leader-service' URL not provided. Will try picking an instance via load-balancing.
[2025-11-06 19:52:34.749] [INFO ] [groupbuy-service] [main] [o.s.cloud.openfeign.FeignClientFactoryBean:?] - For 'order-service' URL not provided. Will try picking an instance via load-balancing.
[2025-11-06 19:52:34.810] [INFO ] [groupbuy-service] [main] [o.s.cloud.openfeign.FeignClientFactoryBean:?] - For 'user-service' URL not provided. Will try picking an instance via load-balancing.
[2025-11-06 19:52:36.989] [WARN ] [groupbuy-service] [main] [o.s.c.l.c.LoadBalancerCacheAutoConfiguration$LoadBalancerCaffeineWarnLogger:?] - Spring Cloud LoadBalancer is currently working with the default cache. While this cache implementation is useful for development and tests, it's recommended to use Caffeine cache in production.You can switch to using Caffeine cache, by adding it and org.springframework.cache.caffeine.CaffeineCacheManager to the classpath.
[2025-11-06 19:52:37.019] [INFO ] [groupbuy-service] [main] [o.s.b.actuate.endpoint.web.EndpointLinksResolver:?] - Exposing 2 endpoint(s) beneath base path '/actuator'
[2025-11-06 19:52:37.194] [INFO ] [groupbuy-service] [main] [o.s.boot.web.embedded.tomcat.TomcatWebServer:?] - Tomcat started on port 8063 (http) with context path ''
[2025-11-06 19:52:37.197] [INFO ] [groupbuy-service] [main] [o.s.c.consul.serviceregistry.ConsulServiceRegistry:?] - Registering service with consul: NewService{id='groupbuy-service-8063', name='groupbuy-service', tags=[], address='192.168.245.1', meta={secure=false}, port=8063, enableTagOverride=null, check=Check{script='null', dockerContainerID='null', shell='null', interval='null', ttl='30s', http='null', method='null', header=null, tcp='null', timeout='null', deregisterCriticalServiceAfter='null', tlsSkipVerify=null, status='null', grpc='null', grpcUseTLS=null}, checks=null}
[2025-11-06 19:52:37.750] [INFO ] [groupbuy-service] [main] [com.bcu.edu.GroupBuyServiceApplication:?] - Started GroupBuyServiceApplication in 12.367 seconds (process running for 13.055)
[2025-11-06 19:52:38.225] [INFO ] [groupbuy-service] [RMI TCP Connection(4)-26.52.41.123] [org.springframework.web.servlet.DispatcherServlet:?] - Initializing Servlet 'dispatcherServlet'
[2025-11-06 19:52:38.229] [INFO ] [groupbuy-service] [RMI TCP Connection(4)-26.52.41.123] [org.springframework.web.servlet.DispatcherServlet:?] - Completed initialization in 3 ms
[2025-11-06 20:00:00.016] [INFO ] [groupbuy-service] [scheduling-1] [com.bcu.edu.task.TeamExpireTask:?] - ====================================
[2025-11-06 20:00:00.016] [INFO ] [groupbuy-service] [scheduling-1] [com.bcu.edu.task.TeamExpireTask:?] - 开始检查过期团，当前时间：2025-11-06T20:00:00.016600900
[2025-11-06 20:00:00.016] [INFO ] [groupbuy-service] [scheduling-1] [com.bcu.edu.task.TeamExpireTask:?] - ====================================
[2025-11-06 20:00:00.062] [INFO ] [groupbuy-service] [scheduling-1] [com.bcu.edu.task.TeamExpireTask:?] - 发现1个过期团需要处理：[2]
[2025-11-06 20:00:00.074] [INFO ] [groupbuy-service] [scheduling-1] [com.bcu.edu.service.RefundService:?] - 开始处理过期团退款，teamId=2, teamNo=T20251104387119
[2025-11-06 20:00:00.082] [INFO ] [groupbuy-service] [scheduling-1] [com.bcu.edu.service.RefundService:?] - 团2标记为失败
[2025-11-06 20:00:00.097] [INFO ] [groupbuy-service] [scheduling-1] [com.bcu.edu.service.RefundService:?] - 团2有0个成员需要退款
[2025-11-06 20:00:00.097] [INFO ] [groupbuy-service] [scheduling-1] [com.bcu.edu.service.RefundService:?] - 团2退款完成，成功0人，失败0人
[2025-11-06 20:00:00.097] [INFO ] [groupbuy-service] [scheduling-1] [com.bcu.edu.service.RefundService:?] - 拼团失败通知发送（TODO）
[2025-11-06 20:00:00.122] [INFO ] [groupbuy-service] [scheduling-1] [com.bcu.edu.task.TeamExpireTask:?] - ✅ 团2退款成功
[2025-11-06 20:00:00.122] [INFO ] [groupbuy-service] [scheduling-1] [com.bcu.edu.task.TeamExpireTask:?] - ====================================
[2025-11-06 20:00:00.122] [INFO ] [groupbuy-service] [scheduling-1] [com.bcu.edu.task.TeamExpireTask:?] - 过期团处理完成
[2025-11-06 20:00:00.122] [INFO ] [groupbuy-service] [scheduling-1] [com.bcu.edu.task.TeamExpireTask:?] - 总计：1个，成功：1个，失败：0个
[2025-11-06 20:00:00.122] [INFO ] [groupbuy-service] [scheduling-1] [com.bcu.edu.task.TeamExpireTask:?] - 成功率：100%
[2025-11-06 20:00:00.122] [INFO ] [groupbuy-service] [scheduling-1] [com.bcu.edu.task.TeamExpireTask:?] - ====================================
[2025-11-06 20:31:07.193] [INFO ] [groupbuy-service] [http-nio-8063-exec-4] [com.bcu.edu.controller.ActivityController:?] - 查询商品1的拼团活动，communityId=1
[2025-11-06 20:31:07.200] [INFO ] [groupbuy-service] [http-nio-8063-exec-4] [com.bcu.edu.service.GroupBuyService:?] - 商品1有2个进行中的拼团活动
[2025-11-06 20:31:07.242] [INFO ] [groupbuy-service] [http-nio-8063-exec-4] [com.bcu.edu.service.GroupBuyService:?] - 活动1有0个进行中的团
[2025-11-06 20:31:07.246] [INFO ] [groupbuy-service] [http-nio-8063-exec-4] [com.bcu.edu.service.GroupBuyService:?] - 活动2有0个进行中的团
[2025-11-06 20:32:10.882] [INFO ] [groupbuy-service] [http-nio-8063-exec-6] [com.bcu.edu.controller.ActivityController:?] - 查询商品1的拼团活动，communityId=1
[2025-11-06 20:32:10.886] [INFO ] [groupbuy-service] [http-nio-8063-exec-6] [com.bcu.edu.service.GroupBuyService:?] - 商品1有2个进行中的拼团活动
[2025-11-06 20:32:10.888] [INFO ] [groupbuy-service] [http-nio-8063-exec-6] [com.bcu.edu.service.GroupBuyService:?] - 活动1有0个进行中的团
[2025-11-06 20:32:10.890] [INFO ] [groupbuy-service] [http-nio-8063-exec-6] [com.bcu.edu.service.GroupBuyService:?] - 活动2有0个进行中的团
[2025-11-06 20:32:14.251] [INFO ] [groupbuy-service] [http-nio-8063-exec-7] [com.bcu.edu.controller.ActivityController:?] - 查询商品1的拼团活动，communityId=1
[2025-11-06 20:32:14.255] [INFO ] [groupbuy-service] [http-nio-8063-exec-7] [com.bcu.edu.service.GroupBuyService:?] - 商品1有2个进行中的拼团活动
[2025-11-06 20:32:14.259] [INFO ] [groupbuy-service] [http-nio-8063-exec-7] [com.bcu.edu.service.GroupBuyService:?] - 活动1有0个进行中的团
[2025-11-06 20:32:14.262] [INFO ] [groupbuy-service] [http-nio-8063-exec-7] [com.bcu.edu.service.GroupBuyService:?] - 活动2有0个进行中的团
[2025-11-06 20:36:03.175] [INFO ] [groupbuy-service] [http-nio-8063-exec-10] [com.bcu.edu.controller.ActivityController:?] - 查询商品1的拼团活动，communityId=1
[2025-11-06 20:36:03.179] [INFO ] [groupbuy-service] [http-nio-8063-exec-10] [com.bcu.edu.service.GroupBuyService:?] - 商品1有2个进行中的拼团活动
[2025-11-06 20:36:03.181] [INFO ] [groupbuy-service] [http-nio-8063-exec-10] [com.bcu.edu.service.GroupBuyService:?] - 活动1有0个进行中的团
[2025-11-06 20:36:03.183] [INFO ] [groupbuy-service] [http-nio-8063-exec-10] [com.bcu.edu.service.GroupBuyService:?] - 活动2有0个进行中的团
[2025-11-06 20:40:03.265] [INFO ] [groupbuy-service] [http-nio-8063-exec-1] [com.bcu.edu.controller.ActivityController:?] - 查询商品1的拼团活动，communityId=1
[2025-11-06 20:40:03.268] [INFO ] [groupbuy-service] [http-nio-8063-exec-1] [com.bcu.edu.service.GroupBuyService:?] - 商品1有2个进行中的拼团活动
[2025-11-06 20:40:03.270] [INFO ] [groupbuy-service] [http-nio-8063-exec-1] [com.bcu.edu.service.GroupBuyService:?] - 活动1有0个进行中的团
[2025-11-06 20:40:03.272] [INFO ] [groupbuy-service] [http-nio-8063-exec-1] [com.bcu.edu.service.GroupBuyService:?] - 活动2有0个进行中的团
[2025-11-06 20:41:24.725] [INFO ] [groupbuy-service] [http-nio-8063-exec-3] [com.bcu.edu.controller.ActivityController:?] - 查询商品1的拼团活动，communityId=1
[2025-11-06 20:41:24.730] [INFO ] [groupbuy-service] [http-nio-8063-exec-3] [com.bcu.edu.service.GroupBuyService:?] - 商品1有2个进行中的拼团活动
[2025-11-06 20:41:24.734] [INFO ] [groupbuy-service] [http-nio-8063-exec-3] [com.bcu.edu.service.GroupBuyService:?] - 活动1有0个进行中的团
[2025-11-06 20:41:24.736] [INFO ] [groupbuy-service] [http-nio-8063-exec-3] [com.bcu.edu.service.GroupBuyService:?] - 活动2有0个进行中的团
[2025-11-06 20:41:56.633] [INFO ] [groupbuy-service] [http-nio-8063-exec-4] [com.bcu.edu.controller.ActivityController:?] - 查询商品1的拼团活动，communityId=1
[2025-11-06 20:41:56.636] [INFO ] [groupbuy-service] [http-nio-8063-exec-4] [com.bcu.edu.service.GroupBuyService:?] - 商品1有2个进行中的拼团活动
[2025-11-06 20:41:56.639] [INFO ] [groupbuy-service] [http-nio-8063-exec-4] [com.bcu.edu.service.GroupBuyService:?] - 活动1有0个进行中的团
[2025-11-06 20:41:56.642] [INFO ] [groupbuy-service] [http-nio-8063-exec-4] [com.bcu.edu.service.GroupBuyService:?] - 活动2有0个进行中的团
[2025-11-06 20:43:32.506] [INFO ] [groupbuy-service] [http-nio-8063-exec-6] [com.bcu.edu.controller.ActivityController:?] - 查询商品1的拼团活动，communityId=1
[2025-11-06 20:43:32.509] [INFO ] [groupbuy-service] [http-nio-8063-exec-6] [com.bcu.edu.service.GroupBuyService:?] - 商品1有2个进行中的拼团活动
[2025-11-06 20:43:32.511] [INFO ] [groupbuy-service] [http-nio-8063-exec-6] [com.bcu.edu.service.GroupBuyService:?] - 活动1有0个进行中的团
[2025-11-06 20:43:32.513] [INFO ] [groupbuy-service] [http-nio-8063-exec-6] [com.bcu.edu.service.GroupBuyService:?] - 活动2有0个进行中的团
[2025-11-06 20:45:32.496] [INFO ] [groupbuy-service] [http-nio-8063-exec-8] [com.bcu.edu.controller.ActivityController:?] - 查询商品1的拼团活动，communityId=1
[2025-11-06 20:45:32.499] [INFO ] [groupbuy-service] [http-nio-8063-exec-8] [com.bcu.edu.service.GroupBuyService:?] - 商品1有2个进行中的拼团活动
[2025-11-06 20:45:32.502] [INFO ] [groupbuy-service] [http-nio-8063-exec-8] [com.bcu.edu.service.GroupBuyService:?] - 活动1有0个进行中的团
[2025-11-06 20:45:32.505] [INFO ] [groupbuy-service] [http-nio-8063-exec-8] [com.bcu.edu.service.GroupBuyService:?] - 活动2有0个进行中的团
[2025-11-06 20:45:36.384] [INFO ] [groupbuy-service] [http-nio-8063-exec-10] [com.bcu.edu.controller.ActivityController:?] - 查询商品1的拼团活动，communityId=1
[2025-11-06 20:45:36.389] [INFO ] [groupbuy-service] [http-nio-8063-exec-10] [com.bcu.edu.service.GroupBuyService:?] - 商品1有2个进行中的拼团活动
[2025-11-06 20:45:36.391] [INFO ] [groupbuy-service] [http-nio-8063-exec-10] [com.bcu.edu.service.GroupBuyService:?] - 活动1有0个进行中的团
[2025-11-06 20:45:36.396] [INFO ] [groupbuy-service] [http-nio-8063-exec-10] [com.bcu.edu.service.GroupBuyService:?] - 活动2有0个进行中的团
[2025-11-06 20:45:39.814] [INFO ] [groupbuy-service] [http-nio-8063-exec-9] [com.bcu.edu.controller.ActivityController:?] - 查询商品1的拼团活动，communityId=1
[2025-11-06 20:45:39.818] [INFO ] [groupbuy-service] [http-nio-8063-exec-9] [com.bcu.edu.service.GroupBuyService:?] - 商品1有2个进行中的拼团活动
[2025-11-06 20:45:39.820] [INFO ] [groupbuy-service] [http-nio-8063-exec-9] [com.bcu.edu.service.GroupBuyService:?] - 活动1有0个进行中的团
[2025-11-06 20:45:39.822] [INFO ] [groupbuy-service] [http-nio-8063-exec-9] [com.bcu.edu.service.GroupBuyService:?] - 活动2有0个进行中的团
[2025-11-06 20:45:47.053] [INFO ] [groupbuy-service] [http-nio-8063-exec-1] [com.bcu.edu.controller.ActivityController:?] - 查询商品1的拼团活动，communityId=1
[2025-11-06 20:45:47.057] [INFO ] [groupbuy-service] [http-nio-8063-exec-1] [com.bcu.edu.service.GroupBuyService:?] - 商品1有2个进行中的拼团活动
[2025-11-06 20:45:47.059] [INFO ] [groupbuy-service] [http-nio-8063-exec-1] [com.bcu.edu.service.GroupBuyService:?] - 活动1有0个进行中的团
[2025-11-06 20:45:47.061] [INFO ] [groupbuy-service] [http-nio-8063-exec-1] [com.bcu.edu.service.GroupBuyService:?] - 活动2有0个进行中的团
[2025-11-06 20:45:55.109] [INFO ] [groupbuy-service] [http-nio-8063-exec-2] [com.bcu.edu.controller.ActivityController:?] - 查询商品1的拼团活动，communityId=1
[2025-11-06 20:45:55.111] [INFO ] [groupbuy-service] [http-nio-8063-exec-2] [com.bcu.edu.service.GroupBuyService:?] - 商品1有2个进行中的拼团活动
[2025-11-06 20:45:55.114] [INFO ] [groupbuy-service] [http-nio-8063-exec-2] [com.bcu.edu.service.GroupBuyService:?] - 活动1有0个进行中的团
[2025-11-06 20:45:55.116] [INFO ] [groupbuy-service] [http-nio-8063-exec-2] [com.bcu.edu.service.GroupBuyService:?] - 活动2有0个进行中的团
[2025-11-06 20:46:34.613] [INFO ] [groupbuy-service] [http-nio-8063-exec-3] [com.bcu.edu.controller.ActivityController:?] - 查询商品1的拼团活动，communityId=1
[2025-11-06 20:46:34.616] [INFO ] [groupbuy-service] [http-nio-8063-exec-3] [com.bcu.edu.service.GroupBuyService:?] - 商品1有2个进行中的拼团活动
[2025-11-06 20:46:34.618] [INFO ] [groupbuy-service] [http-nio-8063-exec-3] [com.bcu.edu.service.GroupBuyService:?] - 活动1有0个进行中的团
[2025-11-06 20:46:34.621] [INFO ] [groupbuy-service] [http-nio-8063-exec-3] [com.bcu.edu.service.GroupBuyService:?] - 活动2有0个进行中的团
[2025-11-06 20:51:03.129] [INFO ] [groupbuy-service] [http-nio-8063-exec-5] [com.bcu.edu.controller.ActivityController:?] - 查询商品1的拼团活动，communityId=1
[2025-11-06 20:51:03.133] [INFO ] [groupbuy-service] [http-nio-8063-exec-5] [com.bcu.edu.service.GroupBuyService:?] - 商品1有2个进行中的拼团活动
[2025-11-06 20:51:03.136] [INFO ] [groupbuy-service] [http-nio-8063-exec-5] [com.bcu.edu.service.GroupBuyService:?] - 活动1有0个进行中的团
[2025-11-06 20:51:03.138] [INFO ] [groupbuy-service] [http-nio-8063-exec-5] [com.bcu.edu.service.GroupBuyService:?] - 活动2有0个进行中的团
[2025-11-06 20:52:42.858] [INFO ] [groupbuy-service] [http-nio-8063-exec-9] [com.bcu.edu.controller.ActivityController:?] - 查询商品1的拼团活动，communityId=1
[2025-11-06 20:52:42.862] [INFO ] [groupbuy-service] [http-nio-8063-exec-9] [com.bcu.edu.service.GroupBuyService:?] - 商品1有2个进行中的拼团活动
[2025-11-06 20:52:42.866] [INFO ] [groupbuy-service] [http-nio-8063-exec-9] [com.bcu.edu.service.GroupBuyService:?] - 活动1有0个进行中的团
[2025-11-06 20:52:42.868] [INFO ] [groupbuy-service] [http-nio-8063-exec-9] [com.bcu.edu.service.GroupBuyService:?] - 活动2有0个进行中的团
[2025-11-06 20:53:45.409] [INFO ] [groupbuy-service] [http-nio-8063-exec-2] [com.bcu.edu.controller.ActivityController:?] - 查询商品1的拼团活动，communityId=1
[2025-11-06 20:53:45.413] [INFO ] [groupbuy-service] [http-nio-8063-exec-2] [com.bcu.edu.service.GroupBuyService:?] - 商品1有2个进行中的拼团活动
[2025-11-06 20:53:45.415] [INFO ] [groupbuy-service] [http-nio-8063-exec-2] [com.bcu.edu.service.GroupBuyService:?] - 活动1有1个进行中的团
[2025-11-06 20:53:45.602] [WARN ] [groupbuy-service] [http-nio-8063-exec-2] [com.bcu.edu.service.GroupBuyService:?] - 获取社区1信息失败: [500] during [GET] to [http://leader-service/api/community/feign/1] [LeaderServiceClient#getCommunity(Long)]: [{"code":500,"message":"服务器内部错误","timestamp":"2025-11-06T20:53:45.5949581","success":false}]
[2025-11-06 20:53:45.605] [INFO ] [groupbuy-service] [http-nio-8063-exec-2] [com.bcu.edu.service.GroupBuyService:?] - 活动2有1个进行中的团
[2025-11-06 20:53:45.617] [WARN ] [groupbuy-service] [http-nio-8063-exec-2] [com.bcu.edu.service.GroupBuyService:?] - 获取社区1信息失败: [500] during [GET] to [http://leader-service/api/community/feign/1] [LeaderServiceClient#getCommunity(Long)]: [{"code":500,"message":"服务器内部错误","timestamp":"2025-11-06T20:53:45.6157106","success":false}]
[2025-11-06 20:54:34.364] [INFO ] [groupbuy-service] [http-nio-8063-exec-3] [com.bcu.edu.controller.ActivityController:?] - 查询商品1的拼团活动，communityId=1
[2025-11-06 20:54:34.366] [INFO ] [groupbuy-service] [http-nio-8063-exec-3] [com.bcu.edu.service.GroupBuyService:?] - 商品1有2个进行中的拼团活动
[2025-11-06 20:54:34.369] [INFO ] [groupbuy-service] [http-nio-8063-exec-3] [com.bcu.edu.service.GroupBuyService:?] - 活动1有1个进行中的团
[2025-11-06 20:54:34.385] [WARN ] [groupbuy-service] [http-nio-8063-exec-3] [com.bcu.edu.service.GroupBuyService:?] - 获取社区1信息失败: [500] during [GET] to [http://leader-service/api/community/feign/1] [LeaderServiceClient#getCommunity(Long)]: [{"code":500,"message":"服务器内部错误","timestamp":"2025-11-06T20:54:34.3846605","success":false}]
[2025-11-06 20:54:34.388] [INFO ] [groupbuy-service] [http-nio-8063-exec-3] [com.bcu.edu.service.GroupBuyService:?] - 活动2有1个进行中的团
[2025-11-06 20:54:34.398] [WARN ] [groupbuy-service] [http-nio-8063-exec-3] [com.bcu.edu.service.GroupBuyService:?] - 获取社区1信息失败: [500] during [GET] to [http://leader-service/api/community/feign/1] [LeaderServiceClient#getCommunity(Long)]: [{"code":500,"message":"服务器内部错误","timestamp":"2025-11-06T20:54:34.3977822","success":false}]
[2025-11-06 20:55:03.982] [INFO ] [groupbuy-service] [http-nio-8063-exec-4] [com.bcu.edu.controller.ActivityController:?] - 查询商品1的拼团活动，communityId=1
[2025-11-06 20:55:03.986] [INFO ] [groupbuy-service] [http-nio-8063-exec-4] [com.bcu.edu.service.GroupBuyService:?] - 商品1有2个进行中的拼团活动
[2025-11-06 20:55:03.989] [INFO ] [groupbuy-service] [http-nio-8063-exec-4] [com.bcu.edu.service.GroupBuyService:?] - 活动1有1个进行中的团
[2025-11-06 20:55:04.007] [WARN ] [groupbuy-service] [http-nio-8063-exec-4] [com.bcu.edu.service.GroupBuyService:?] - 获取社区1信息失败: [500] during [GET] to [http://leader-service/api/community/feign/1] [LeaderServiceClient#getCommunity(Long)]: [{"code":500,"message":"服务器内部错误","timestamp":"2025-11-06T20:55:04.0058065","success":false}]
[2025-11-06 20:55:04.011] [INFO ] [groupbuy-service] [http-nio-8063-exec-4] [com.bcu.edu.service.GroupBuyService:?] - 活动2有1个进行中的团
[2025-11-06 20:55:04.030] [WARN ] [groupbuy-service] [http-nio-8063-exec-4] [com.bcu.edu.service.GroupBuyService:?] - 获取社区1信息失败: [500] during [GET] to [http://leader-service/api/community/feign/1] [LeaderServiceClient#getCommunity(Long)]: [{"code":500,"message":"服务器内部错误","timestamp":"2025-11-06T20:55:04.027513","success":false}]
[2025-11-06 20:55:07.424] [INFO ] [groupbuy-service] [http-nio-8063-exec-5] [com.bcu.edu.controller.ActivityController:?] - 查询商品1的拼团活动，communityId=1
[2025-11-06 20:55:07.427] [INFO ] [groupbuy-service] [http-nio-8063-exec-5] [com.bcu.edu.service.GroupBuyService:?] - 商品1有2个进行中的拼团活动
[2025-11-06 20:55:07.431] [INFO ] [groupbuy-service] [http-nio-8063-exec-5] [com.bcu.edu.service.GroupBuyService:?] - 活动1有1个进行中的团
[2025-11-06 20:55:07.440] [WARN ] [groupbuy-service] [http-nio-8063-exec-5] [com.bcu.edu.service.GroupBuyService:?] - 获取社区1信息失败: [500] during [GET] to [http://leader-service/api/community/feign/1] [LeaderServiceClient#getCommunity(Long)]: [{"code":500,"message":"服务器内部错误","timestamp":"2025-11-06T20:55:07.4399821","success":false}]
[2025-11-06 20:55:07.443] [INFO ] [groupbuy-service] [http-nio-8063-exec-5] [com.bcu.edu.service.GroupBuyService:?] - 活动2有1个进行中的团
[2025-11-06 20:55:07.454] [WARN ] [groupbuy-service] [http-nio-8063-exec-5] [com.bcu.edu.service.GroupBuyService:?] - 获取社区1信息失败: [500] during [GET] to [http://leader-service/api/community/feign/1] [LeaderServiceClient#getCommunity(Long)]: [{"code":500,"message":"服务器内部错误","timestamp":"2025-11-06T20:55:07.4532096","success":false}]
[2025-11-06 20:55:08.791] [INFO ] [groupbuy-service] [http-nio-8063-exec-6] [com.bcu.edu.controller.ActivityController:?] - 查询商品1的拼团活动，communityId=1
[2025-11-06 20:55:08.794] [INFO ] [groupbuy-service] [http-nio-8063-exec-6] [com.bcu.edu.service.GroupBuyService:?] - 商品1有2个进行中的拼团活动
[2025-11-06 20:55:08.796] [INFO ] [groupbuy-service] [http-nio-8063-exec-6] [com.bcu.edu.service.GroupBuyService:?] - 活动1有1个进行中的团
[2025-11-06 20:55:08.808] [WARN ] [groupbuy-service] [http-nio-8063-exec-6] [com.bcu.edu.service.GroupBuyService:?] - 获取社区1信息失败: [500] during [GET] to [http://leader-service/api/community/feign/1] [LeaderServiceClient#getCommunity(Long)]: [{"code":500,"message":"服务器内部错误","timestamp":"2025-11-06T20:55:08.8074964","success":false}]
[2025-11-06 20:55:08.810] [INFO ] [groupbuy-service] [http-nio-8063-exec-6] [com.bcu.edu.service.GroupBuyService:?] - 活动2有1个进行中的团
[2025-11-06 20:55:08.820] [WARN ] [groupbuy-service] [http-nio-8063-exec-6] [com.bcu.edu.service.GroupBuyService:?] - 获取社区1信息失败: [500] during [GET] to [http://leader-service/api/community/feign/1] [LeaderServiceClient#getCommunity(Long)]: [{"code":500,"message":"服务器内部错误","timestamp":"2025-11-06T20:55:08.8195275","success":false}]
[2025-11-06 20:55:11.179] [INFO ] [groupbuy-service] [http-nio-8063-exec-7] [com.bcu.edu.controller.ActivityController:?] - 查询商品1的拼团活动，communityId=1
[2025-11-06 20:55:11.181] [INFO ] [groupbuy-service] [http-nio-8063-exec-7] [com.bcu.edu.service.GroupBuyService:?] - 商品1有2个进行中的拼团活动
[2025-11-06 20:55:11.184] [INFO ] [groupbuy-service] [http-nio-8063-exec-7] [com.bcu.edu.service.GroupBuyService:?] - 活动1有1个进行中的团
[2025-11-06 20:55:11.199] [WARN ] [groupbuy-service] [http-nio-8063-exec-7] [com.bcu.edu.service.GroupBuyService:?] - 获取社区1信息失败: [500] during [GET] to [http://leader-service/api/community/feign/1] [LeaderServiceClient#getCommunity(Long)]: [{"code":500,"message":"服务器内部错误","timestamp":"2025-11-06T20:55:11.1981877","success":false}]
[2025-11-06 20:55:11.201] [INFO ] [groupbuy-service] [http-nio-8063-exec-7] [com.bcu.edu.service.GroupBuyService:?] - 活动2有1个进行中的团
[2025-11-06 20:55:11.213] [WARN ] [groupbuy-service] [http-nio-8063-exec-7] [com.bcu.edu.service.GroupBuyService:?] - 获取社区1信息失败: [500] during [GET] to [http://leader-service/api/community/feign/1] [LeaderServiceClient#getCommunity(Long)]: [{"code":500,"message":"服务器内部错误","timestamp":"2025-11-06T20:55:11.2119285","success":false}]
[2025-11-06 20:57:40.237] [INFO ] [groupbuy-service] [http-nio-8063-exec-10] [com.bcu.edu.controller.ActivityController:?] - 查询商品1的拼团活动，communityId=1
[2025-11-06 20:57:40.240] [INFO ] [groupbuy-service] [http-nio-8063-exec-10] [com.bcu.edu.service.GroupBuyService:?] - 商品1有2个进行中的拼团活动
[2025-11-06 20:57:40.243] [INFO ] [groupbuy-service] [http-nio-8063-exec-10] [com.bcu.edu.service.GroupBuyService:?] - 活动1有1个进行中的团
[2025-11-06 20:57:40.261] [WARN ] [groupbuy-service] [http-nio-8063-exec-10] [com.bcu.edu.service.GroupBuyService:?] - 获取社区1信息失败: [500] during [GET] to [http://leader-service/api/community/feign/1] [LeaderServiceClient#getCommunity(Long)]: [{"code":500,"message":"服务器内部错误","timestamp":"2025-11-06T20:57:40.260028","success":false}]
[2025-11-06 20:57:40.264] [INFO ] [groupbuy-service] [http-nio-8063-exec-10] [com.bcu.edu.service.GroupBuyService:?] - 活动2有1个进行中的团
[2025-11-06 20:57:40.275] [WARN ] [groupbuy-service] [http-nio-8063-exec-10] [com.bcu.edu.service.GroupBuyService:?] - 获取社区1信息失败: [500] during [GET] to [http://leader-service/api/community/feign/1] [LeaderServiceClient#getCommunity(Long)]: [{"code":500,"message":"服务器内部错误","timestamp":"2025-11-06T20:57:40.2743845","success":false}]
[2025-11-06 20:57:44.441] [INFO ] [groupbuy-service] [http-nio-8063-exec-9] [com.bcu.edu.controller.ActivityController:?] - 查询商品1的拼团活动，communityId=1
[2025-11-06 20:57:44.443] [INFO ] [groupbuy-service] [http-nio-8063-exec-9] [com.bcu.edu.service.GroupBuyService:?] - 商品1有2个进行中的拼团活动
[2025-11-06 20:57:44.445] [INFO ] [groupbuy-service] [http-nio-8063-exec-9] [com.bcu.edu.service.GroupBuyService:?] - 活动1有1个进行中的团
[2025-11-06 20:57:44.455] [WARN ] [groupbuy-service] [http-nio-8063-exec-9] [com.bcu.edu.service.GroupBuyService:?] - 获取社区1信息失败: [500] during [GET] to [http://leader-service/api/community/feign/1] [LeaderServiceClient#getCommunity(Long)]: [{"code":500,"message":"服务器内部错误","timestamp":"2025-11-06T20:57:44.4545676","success":false}]
[2025-11-06 20:57:44.458] [INFO ] [groupbuy-service] [http-nio-8063-exec-9] [com.bcu.edu.service.GroupBuyService:?] - 活动2有1个进行中的团
[2025-11-06 20:57:44.470] [WARN ] [groupbuy-service] [http-nio-8063-exec-9] [com.bcu.edu.service.GroupBuyService:?] - 获取社区1信息失败: [500] during [GET] to [http://leader-service/api/community/feign/1] [LeaderServiceClient#getCommunity(Long)]: [{"code":500,"message":"服务器内部错误","timestamp":"2025-11-06T20:57:44.4701465","success":false}]
[2025-11-06 21:00:00.012] [INFO ] [groupbuy-service] [scheduling-1] [com.bcu.edu.task.TeamExpireTask:?] - ====================================
[2025-11-06 21:00:00.012] [INFO ] [groupbuy-service] [scheduling-1] [com.bcu.edu.task.TeamExpireTask:?] - 开始检查过期团，当前时间：2025-11-06T21:00:00.012142400
[2025-11-06 21:00:00.012] [INFO ] [groupbuy-service] [scheduling-1] [com.bcu.edu.task.TeamExpireTask:?] - ====================================
[2025-11-06 21:00:00.016] [INFO ] [groupbuy-service] [scheduling-1] [com.bcu.edu.task.TeamExpireTask:?] - 未发现过期团，任务结束
[2025-11-06 21:28:12.109] [INFO ] [groupbuy-service] [http-nio-8063-exec-2] [com.bcu.edu.controller.ActivityController:?] - 查询商品1的拼团活动，communityId=1
[2025-11-06 21:28:12.113] [INFO ] [groupbuy-service] [http-nio-8063-exec-2] [com.bcu.edu.service.GroupBuyService:?] - 商品1有2个进行中的拼团活动
[2025-11-06 21:28:12.116] [INFO ] [groupbuy-service] [http-nio-8063-exec-2] [com.bcu.edu.service.GroupBuyService:?] - 活动1有1个进行中的团
[2025-11-06 21:28:12.134] [WARN ] [groupbuy-service] [http-nio-8063-exec-2] [com.bcu.edu.service.GroupBuyService:?] - 获取社区1信息失败: [500] during [GET] to [http://leader-service/api/community/feign/1] [LeaderServiceClient#getCommunity(Long)]: [{"code":500,"message":"服务器内部错误","timestamp":"2025-11-06T21:28:12.1338629","success":false}]
[2025-11-06 21:28:12.137] [INFO ] [groupbuy-service] [http-nio-8063-exec-2] [com.bcu.edu.service.GroupBuyService:?] - 活动2有1个进行中的团
[2025-11-06 21:28:12.147] [WARN ] [groupbuy-service] [http-nio-8063-exec-2] [com.bcu.edu.service.GroupBuyService:?] - 获取社区1信息失败: [500] during [GET] to [http://leader-service/api/community/feign/1] [LeaderServiceClient#getCommunity(Long)]: [{"code":500,"message":"服务器内部错误","timestamp":"2025-11-06T21:28:12.1460057","success":false}]
[2025-11-06 21:28:19.697] [INFO ] [groupbuy-service] [http-nio-8063-exec-3] [com.bcu.edu.controller.ActivityController:?] - 查询商品1的拼团活动，communityId=1
[2025-11-06 21:28:19.700] [INFO ] [groupbuy-service] [http-nio-8063-exec-3] [com.bcu.edu.service.GroupBuyService:?] - 商品1有2个进行中的拼团活动
[2025-11-06 21:28:19.702] [INFO ] [groupbuy-service] [http-nio-8063-exec-3] [com.bcu.edu.service.GroupBuyService:?] - 活动1有1个进行中的团
[2025-11-06 21:28:19.712] [WARN ] [groupbuy-service] [http-nio-8063-exec-3] [com.bcu.edu.service.GroupBuyService:?] - 获取社区1信息失败: [500] during [GET] to [http://leader-service/api/community/feign/1] [LeaderServiceClient#getCommunity(Long)]: [{"code":500,"message":"服务器内部错误","timestamp":"2025-11-06T21:28:19.7129399","success":false}]
[2025-11-06 21:28:19.715] [INFO ] [groupbuy-service] [http-nio-8063-exec-3] [com.bcu.edu.service.GroupBuyService:?] - 活动2有1个进行中的团
[2025-11-06 21:28:19.725] [WARN ] [groupbuy-service] [http-nio-8063-exec-3] [com.bcu.edu.service.GroupBuyService:?] - 获取社区1信息失败: [500] during [GET] to [http://leader-service/api/community/feign/1] [LeaderServiceClient#getCommunity(Long)]: [{"code":500,"message":"服务器内部错误","timestamp":"2025-11-06T21:28:19.7236303","success":false}]
[2025-11-06 21:33:44.529] [INFO ] [groupbuy-service] [http-nio-8063-exec-5] [com.bcu.edu.controller.ActivityController:?] - 查询商品3的拼团活动，communityId=1
[2025-11-06 21:33:44.533] [INFO ] [groupbuy-service] [http-nio-8063-exec-5] [com.bcu.edu.service.GroupBuyService:?] - 商品3有0个进行中的拼团活动
[2025-11-06 21:33:50.998] [INFO ] [groupbuy-service] [http-nio-8063-exec-6] [com.bcu.edu.controller.ActivityController:?] - 查询商品2的拼团活动，communityId=1
[2025-11-06 21:33:51.002] [INFO ] [groupbuy-service] [http-nio-8063-exec-6] [com.bcu.edu.service.GroupBuyService:?] - 商品2有0个进行中的拼团活动
[2025-11-06 21:34:04.614] [INFO ] [groupbuy-service] [http-nio-8063-exec-7] [com.bcu.edu.controller.ActivityController:?] - 查询商品3的拼团活动，communityId=1
[2025-11-06 21:34:04.616] [INFO ] [groupbuy-service] [http-nio-8063-exec-7] [com.bcu.edu.service.GroupBuyService:?] - 商品3有0个进行中的拼团活动
[2025-11-06 21:34:11.720] [INFO ] [groupbuy-service] [http-nio-8063-exec-8] [com.bcu.edu.controller.ActivityController:?] - 查询商品2的拼团活动，communityId=1
[2025-11-06 21:34:11.723] [INFO ] [groupbuy-service] [http-nio-8063-exec-8] [com.bcu.edu.service.GroupBuyService:?] - 商品2有0个进行中的拼团活动
[2025-11-06 21:34:19.807] [INFO ] [groupbuy-service] [http-nio-8063-exec-10] [com.bcu.edu.controller.ActivityController:?] - 查询商品1的拼团活动，communityId=1
[2025-11-06 21:34:19.809] [INFO ] [groupbuy-service] [http-nio-8063-exec-10] [com.bcu.edu.service.GroupBuyService:?] - 商品1有2个进行中的拼团活动
[2025-11-06 21:34:19.812] [INFO ] [groupbuy-service] [http-nio-8063-exec-10] [com.bcu.edu.service.GroupBuyService:?] - 活动1有1个进行中的团
[2025-11-06 21:34:19.828] [WARN ] [groupbuy-service] [http-nio-8063-exec-10] [com.bcu.edu.service.GroupBuyService:?] - 获取社区1信息失败: [500] during [GET] to [http://leader-service/api/community/feign/1] [LeaderServiceClient#getCommunity(Long)]: [{"code":500,"message":"服务器内部错误","timestamp":"2025-11-06T21:34:19.8270033","success":false}]
[2025-11-06 21:34:19.830] [INFO ] [groupbuy-service] [http-nio-8063-exec-10] [com.bcu.edu.service.GroupBuyService:?] - 活动2有1个进行中的团
[2025-11-06 21:34:19.840] [WARN ] [groupbuy-service] [http-nio-8063-exec-10] [com.bcu.edu.service.GroupBuyService:?] - 获取社区1信息失败: [500] during [GET] to [http://leader-service/api/community/feign/1] [LeaderServiceClient#getCommunity(Long)]: [{"code":500,"message":"服务器内部错误","timestamp":"2025-11-06T21:34:19.8396007","success":false}]
[2025-11-06 21:34:22.637] [INFO ] [groupbuy-service] [http-nio-8063-exec-9] [com.bcu.edu.controller.ActivityController:?] - 查询商品2的拼团活动，communityId=1
[2025-11-06 21:34:22.639] [INFO ] [groupbuy-service] [http-nio-8063-exec-9] [com.bcu.edu.service.GroupBuyService:?] - 商品2有0个进行中的拼团活动
[2025-11-06 22:00:00.013] [INFO ] [groupbuy-service] [scheduling-1] [com.bcu.edu.task.TeamExpireTask:?] - ====================================
[2025-11-06 22:00:00.013] [INFO ] [groupbuy-service] [scheduling-1] [com.bcu.edu.task.TeamExpireTask:?] - 开始检查过期团，当前时间：2025-11-06T22:00:00.013177300
[2025-11-06 22:00:00.013] [INFO ] [groupbuy-service] [scheduling-1] [com.bcu.edu.task.TeamExpireTask:?] - ====================================
[2025-11-06 22:00:00.018] [INFO ] [groupbuy-service] [scheduling-1] [com.bcu.edu.task.TeamExpireTask:?] - 未发现过期团，任务结束
[2025-11-06 22:06:34.762] [INFO ] [groupbuy-service] [http-nio-8063-exec-2] [com.bcu.edu.controller.ActivityController:?] - 查询商品2的拼团活动，communityId=1
[2025-11-06 22:06:34.765] [INFO ] [groupbuy-service] [http-nio-8063-exec-2] [com.bcu.edu.service.GroupBuyService:?] - 商品2有0个进行中的拼团活动
[2025-11-06 22:06:44.617] [INFO ] [groupbuy-service] [http-nio-8063-exec-3] [com.bcu.edu.controller.ActivityController:?] - 查询商品3的拼团活动，communityId=1
[2025-11-06 22:06:44.620] [INFO ] [groupbuy-service] [http-nio-8063-exec-3] [com.bcu.edu.service.GroupBuyService:?] - 商品3有0个进行中的拼团活动
[2025-11-06 22:06:48.061] [INFO ] [groupbuy-service] [http-nio-8063-exec-4] [com.bcu.edu.controller.ActivityController:?] - 查询商品1的拼团活动，communityId=1
[2025-11-06 22:06:48.063] [INFO ] [groupbuy-service] [http-nio-8063-exec-4] [com.bcu.edu.service.GroupBuyService:?] - 商品1有2个进行中的拼团活动
[2025-11-06 22:06:48.065] [INFO ] [groupbuy-service] [http-nio-8063-exec-4] [com.bcu.edu.service.GroupBuyService:?] - 活动1有1个进行中的团
[2025-11-06 22:06:48.087] [WARN ] [groupbuy-service] [http-nio-8063-exec-4] [com.bcu.edu.service.GroupBuyService:?] - 获取社区1信息失败: [500] during [GET] to [http://leader-service/api/community/feign/1] [LeaderServiceClient#getCommunity(Long)]: [{"code":500,"message":"服务器内部错误","timestamp":"2025-11-06T22:06:48.0856356","success":false}]
[2025-11-06 22:06:48.089] [INFO ] [groupbuy-service] [http-nio-8063-exec-4] [com.bcu.edu.service.GroupBuyService:?] - 活动2有1个进行中的团
[2025-11-06 22:06:48.098] [WARN ] [groupbuy-service] [http-nio-8063-exec-4] [com.bcu.edu.service.GroupBuyService:?] - 获取社区1信息失败: [500] during [GET] to [http://leader-service/api/community/feign/1] [LeaderServiceClient#getCommunity(Long)]: [{"code":500,"message":"服务器内部错误","timestamp":"2025-11-06T22:06:48.0967259","success":false}]
[2025-11-06 22:07:09.245] [INFO ] [groupbuy-service] [http-nio-8063-exec-5] [com.bcu.edu.controller.ActivityController:?] - 查询商品3的拼团活动，communityId=1
[2025-11-06 22:07:09.248] [INFO ] [groupbuy-service] [http-nio-8063-exec-5] [com.bcu.edu.service.GroupBuyService:?] - 商品3有0个进行中的拼团活动
[2025-11-06 22:25:24.382] [INFO ] [groupbuy-service] [SpringApplicationShutdownHook] [o.s.c.consul.serviceregistry.ConsulServiceRegistry:?] - Deregistering service with consul: groupbuy-service-8063
[2025-11-06 22:25:24.394] [INFO ] [groupbuy-service] [SpringApplicationShutdownHook] [o.s.orm.jpa.LocalContainerEntityManagerFactoryBean:?] - Closing JPA EntityManagerFactory for persistence unit 'default'
[2025-11-06 22:25:24.401] [INFO ] [groupbuy-service] [SpringApplicationShutdownHook] [com.zaxxer.hikari.HikariDataSource:?] - HikariPool-1 - Shutdown initiated...
[2025-11-06 22:25:24.404] [INFO ] [groupbuy-service] [SpringApplicationShutdownHook] [com.zaxxer.hikari.HikariDataSource:?] - HikariPool-1 - Shutdown completed.
