[2025-11-10 20:03:38.934] [INFO ] [groupbuy-service] [main] [com.bcu.edu.GroupBuyServiceApplication:?] - Starting GroupBuyServiceApplication using Java 17.0.6 with PID 28644 (E:\E\BYSJ\community-group-buy-backend\GroupBuyService\target\classes started by Gkr07 in E:\E\BYSJ\community-group-buy-backend)
[2025-11-10 20:03:38.943] [INFO ] [groupbuy-service] [main] [com.bcu.edu.GroupBuyServiceApplication:?] - No active profile set, falling back to 1 default profile: "default"
[2025-11-10 20:03:40.940] [INFO ] [groupbuy-service] [main] [o.s.d.r.config.RepositoryConfigurationDelegate:?] - Bootstrapping Spring Data JPA repositories in DEFAULT mode.
[2025-11-10 20:03:41.274] [INFO ] [groupbuy-service] [main] [o.s.d.r.config.RepositoryConfigurationDelegate:?] - Finished Spring Data repository scanning in 315 ms. Found 4 JPA repository interfaces.
[2025-11-10 20:03:42.291] [INFO ] [groupbuy-service] [main] [o.springframework.cloud.context.scope.GenericScope:?] - BeanFactory id=79e6e36f-7438-3826-a1dc-443d634ba3e7
[2025-11-10 20:03:44.109] [WARN ] [groupbuy-service] [main] [o.s.c.s.PostProcessorRegistrationDelegate$BeanPostProcessorChecker:?] - Bean 'org.springframework.cloud.client.loadbalancer.LoadBalancerAutoConfiguration$LoadBalancerInterceptorConfig' of type [org.springframework.cloud.client.loadbalancer.LoadBalancerAutoConfiguration$LoadBalancerInterceptorConfig] is not eligible for getting processed by all BeanPostProcessors (for example: not eligible for auto-proxying). The currently created BeanPostProcessor [lbRestClientPostProcessor] is declared through a non-static factory method on that class; consider declaring it as static instead.
[2025-11-10 20:03:44.145] [WARN ] [groupbuy-service] [main] [o.s.c.s.PostProcessorRegistrationDelegate$BeanPostProcessorChecker:?] - Bean 'org.springframework.cloud.loadbalancer.config.BlockingLoadBalancerClientAutoConfiguration' of type [org.springframework.cloud.loadbalancer.config.BlockingLoadBalancerClientAutoConfiguration] is not eligible for getting processed by all BeanPostProcessors (for example: not eligible for auto-proxying). Is this bean getting eagerly injected into a currently created BeanPostProcessor [lbRestClientPostProcessor]? Check the corresponding BeanPostProcessor declaration and its dependencies.
[2025-11-10 20:03:44.160] [WARN ] [groupbuy-service] [main] [o.s.c.s.PostProcessorRegistrationDelegate$BeanPostProcessorChecker:?] - Bean 'org.springframework.cloud.loadbalancer.config.LoadBalancerAutoConfiguration' of type [org.springframework.cloud.loadbalancer.config.LoadBalancerAutoConfiguration] is not eligible for getting processed by all BeanPostProcessors (for example: not eligible for auto-proxying). Is this bean getting eagerly injected into a currently created BeanPostProcessor [lbRestClientPostProcessor]? Check the corresponding BeanPostProcessor declaration and its dependencies.
[2025-11-10 20:03:44.296] [WARN ] [groupbuy-service] [main] [o.s.c.s.PostProcessorRegistrationDelegate$BeanPostProcessorChecker:?] - Bean 'org.springframework.cloud.commons.config.CommonsConfigAutoConfiguration' of type [org.springframework.cloud.commons.config.CommonsConfigAutoConfiguration] is not eligible for getting processed by all BeanPostProcessors (for example: not eligible for auto-proxying). Is this bean getting eagerly injected into a currently created BeanPostProcessor [lbRestClientPostProcessor]? Check the corresponding BeanPostProcessor declaration and its dependencies.
[2025-11-10 20:03:44.321] [WARN ] [groupbuy-service] [main] [o.s.c.s.PostProcessorRegistrationDelegate$BeanPostProcessorChecker:?] - Bean 'org.springframework.cloud.client.loadbalancer.LoadBalancerDefaultMappingsProviderAutoConfiguration' of type [org.springframework.cloud.client.loadbalancer.LoadBalancerDefaultMappingsProviderAutoConfiguration] is not eligible for getting processed by all BeanPostProcessors (for example: not eligible for auto-proxying). Is this bean getting eagerly injected into a currently created BeanPostProcessor [lbRestClientPostProcessor]? Check the corresponding BeanPostProcessor declaration and its dependencies.
[2025-11-10 20:03:44.327] [WARN ] [groupbuy-service] [main] [o.s.c.s.PostProcessorRegistrationDelegate$BeanPostProcessorChecker:?] - Bean 'loadBalancerClientsDefaultsMappingsProvider' of type [org.springframework.cloud.client.loadbalancer.LoadBalancerDefaultMappingsProviderAutoConfiguration$$Lambda$793/0x0000000801165e88] is not eligible for getting processed by all BeanPostProcessors (for example: not eligible for auto-proxying). Is this bean getting eagerly injected into a currently created BeanPostProcessor [lbRestClientPostProcessor]? Check the corresponding BeanPostProcessor declaration and its dependencies.
[2025-11-10 20:03:44.349] [WARN ] [groupbuy-service] [main] [o.s.c.s.PostProcessorRegistrationDelegate$BeanPostProcessorChecker:?] - Bean 'defaultsBindHandlerAdvisor' of type [org.springframework.cloud.commons.config.DefaultsBindHandlerAdvisor] is not eligible for getting processed by all BeanPostProcessors (for example: not eligible for auto-proxying). Is this bean getting eagerly injected into a currently created BeanPostProcessor [lbRestClientPostProcessor]? Check the corresponding BeanPostProcessor declaration and its dependencies.
[2025-11-10 20:03:44.400] [WARN ] [groupbuy-service] [main] [o.s.c.s.PostProcessorRegistrationDelegate$BeanPostProcessorChecker:?] - Bean 'spring.cloud.loadbalancer-org.springframework.cloud.client.loadbalancer.LoadBalancerClientsProperties' of type [org.springframework.cloud.client.loadbalancer.LoadBalancerClientsProperties] is not eligible for getting processed by all BeanPostProcessors (for example: not eligible for auto-proxying). Is this bean getting eagerly injected into a currently created BeanPostProcessor [lbRestClientPostProcessor]? Check the corresponding BeanPostProcessor declaration and its dependencies.
[2025-11-10 20:03:44.467] [WARN ] [groupbuy-service] [main] [o.s.c.s.PostProcessorRegistrationDelegate$BeanPostProcessorChecker:?] - Bean 'default.org.springframework.cloud.loadbalancer.config.LoadBalancerAutoConfiguration.LoadBalancerClientSpecification' of type [org.springframework.cloud.loadbalancer.annotation.LoadBalancerClientSpecification] is not eligible for getting processed by all BeanPostProcessors (for example: not eligible for auto-proxying). Is this bean getting eagerly injected into a currently created BeanPostProcessor [lbRestClientPostProcessor]? Check the corresponding BeanPostProcessor declaration and its dependencies.
[2025-11-10 20:03:44.472] [WARN ] [groupbuy-service] [main] [o.s.c.s.PostProcessorRegistrationDelegate$BeanPostProcessorChecker:?] - Bean 'default.org.springframework.cloud.loadbalancer.config.BlockingLoadBalancerClientAutoConfiguration.LoadBalancerClientSpecification' of type [org.springframework.cloud.loadbalancer.annotation.LoadBalancerClientSpecification] is not eligible for getting processed by all BeanPostProcessors (for example: not eligible for auto-proxying). Is this bean getting eagerly injected into a currently created BeanPostProcessor [lbRestClientPostProcessor]? Check the corresponding BeanPostProcessor declaration and its dependencies.
[2025-11-10 20:03:44.477] [WARN ] [groupbuy-service] [main] [o.s.c.s.PostProcessorRegistrationDelegate$BeanPostProcessorChecker:?] - Bean 'loadBalancerClientFactory' of type [org.springframework.cloud.loadbalancer.support.LoadBalancerClientFactory] is not eligible for getting processed by all BeanPostProcessors (for example: not eligible for auto-proxying). Is this bean getting eagerly injected into a currently created BeanPostProcessor [lbRestClientPostProcessor]? Check the corresponding BeanPostProcessor declaration and its dependencies.
[2025-11-10 20:03:44.557] [WARN ] [groupbuy-service] [main] [o.s.c.s.PostProcessorRegistrationDelegate$BeanPostProcessorChecker:?] - Bean 'blockingLoadBalancerClient' of type [org.springframework.cloud.loadbalancer.blocking.client.BlockingLoadBalancerClient] is not eligible for getting processed by all BeanPostProcessors (for example: not eligible for auto-proxying). Is this bean getting eagerly injected into a currently created BeanPostProcessor [lbRestClientPostProcessor]? Check the corresponding BeanPostProcessor declaration and its dependencies.
[2025-11-10 20:03:44.620] [WARN ] [groupbuy-service] [main] [o.s.c.s.PostProcessorRegistrationDelegate$BeanPostProcessorChecker:?] - Bean 'loadBalancerServiceInstanceCookieTransformer' of type [org.springframework.cloud.loadbalancer.core.LoadBalancerServiceInstanceCookieTransformer] is not eligible for getting processed by all BeanPostProcessors (for example: not eligible for auto-proxying). Is this bean getting eagerly injected into a currently created BeanPostProcessor [lbRestClientPostProcessor]? Check the corresponding BeanPostProcessor declaration and its dependencies.
[2025-11-10 20:03:44.626] [WARN ] [groupbuy-service] [main] [o.s.c.s.PostProcessorRegistrationDelegate$BeanPostProcessorChecker:?] - Bean 'xForwarderHeadersTransformer' of type [org.springframework.cloud.loadbalancer.blocking.XForwardedHeadersTransformer] is not eligible for getting processed by all BeanPostProcessors (for example: not eligible for auto-proxying). Is this bean getting eagerly injected into a currently created BeanPostProcessor [lbRestClientPostProcessor]? Check the corresponding BeanPostProcessor declaration and its dependencies.
[2025-11-10 20:03:44.645] [WARN ] [groupbuy-service] [main] [o.s.c.s.PostProcessorRegistrationDelegate$BeanPostProcessorChecker:?] - Bean 'org.springframework.cloud.client.loadbalancer.LoadBalancerAutoConfiguration' of type [org.springframework.cloud.client.loadbalancer.LoadBalancerAutoConfiguration] is not eligible for getting processed by all BeanPostProcessors (for example: not eligible for auto-proxying). Is this bean getting eagerly injected into a currently created BeanPostProcessor [lbRestClientPostProcessor]? Check the corresponding BeanPostProcessor declaration and its dependencies.
[2025-11-10 20:03:44.653] [WARN ] [groupbuy-service] [main] [o.s.c.s.PostProcessorRegistrationDelegate$BeanPostProcessorChecker:?] - Bean 'loadBalancerRequestFactory' of type [org.springframework.cloud.client.loadbalancer.LoadBalancerRequestFactory] is not eligible for getting processed by all BeanPostProcessors (for example: not eligible for auto-proxying). Is this bean getting eagerly injected into a currently created BeanPostProcessor [lbRestClientPostProcessor]? Check the corresponding BeanPostProcessor declaration and its dependencies.
[2025-11-10 20:03:44.661] [WARN ] [groupbuy-service] [main] [o.s.c.s.PostProcessorRegistrationDelegate$BeanPostProcessorChecker:?] - Bean 'loadBalancerInterceptor' of type [org.springframework.cloud.client.loadbalancer.LoadBalancerInterceptor] is not eligible for getting processed by all BeanPostProcessors (for example: not eligible for auto-proxying). Is this bean getting eagerly injected into a currently created BeanPostProcessor [lbRestClientPostProcessor]? Check the corresponding BeanPostProcessor declaration and its dependencies.
[2025-11-10 20:03:45.653] [INFO ] [groupbuy-service] [main] [o.s.boot.web.embedded.tomcat.TomcatWebServer:?] - Tomcat initialized with port 8063 (http)
[2025-11-10 20:03:45.992] [INFO ] [groupbuy-service] [main] [o.s.b.w.s.c.ServletWebServerApplicationContext:?] - Root WebApplicationContext: initialization completed in 6985 ms
[2025-11-10 20:03:47.280] [INFO ] [groupbuy-service] [main] [org.hibernate.jpa.internal.util.LogHelper:?] - HHH000204: Processing PersistenceUnitInfo [name: default]
[2025-11-10 20:03:47.426] [INFO ] [groupbuy-service] [main] [org.hibernate.Version:?] - HHH000412: Hibernate ORM core version 6.4.4.Final
[2025-11-10 20:03:47.506] [INFO ] [groupbuy-service] [main] [o.hibernate.cache.internal.RegionFactoryInitiator:?] - HHH000026: Second-level cache disabled
[2025-11-10 20:03:48.378] [INFO ] [groupbuy-service] [main] [o.s.o.j.persistenceunit.SpringPersistenceUnitInfo:?] - No LoadTimeWeaver setup: ignoring JPA class transformer
[2025-11-10 20:03:48.506] [INFO ] [groupbuy-service] [main] [com.zaxxer.hikari.HikariDataSource:?] - HikariPool-1 - Starting...
[2025-11-10 20:03:49.018] [INFO ] [groupbuy-service] [main] [com.zaxxer.hikari.pool.HikariPool:?] - HikariPool-1 - Added connection com.mysql.cj.jdbc.ConnectionImpl@417b3642
[2025-11-10 20:03:49.021] [INFO ] [groupbuy-service] [main] [com.zaxxer.hikari.HikariDataSource:?] - HikariPool-1 - Start completed.
[2025-11-10 20:03:49.143] [WARN ] [groupbuy-service] [main] [org.hibernate.orm.deprecation:?] - HHH90000025: MySQL8Dialect does not need to be specified explicitly using 'hibernate.dialect' (remove the property setting and it will be selected by default)
[2025-11-10 20:03:49.154] [WARN ] [groupbuy-service] [main] [org.hibernate.orm.deprecation:?] - HHH90000026: MySQL8Dialect has been deprecated; use org.hibernate.dialect.MySQLDialect instead
[2025-11-10 20:03:50.764] [INFO ] [groupbuy-service] [main] [o.h.e.t.jta.platform.internal.JtaPlatformInitiator:?] - HHH000489: No JTA platform available (set 'hibernate.transaction.jta.platform' to enable JTA platform integration)
[2025-11-10 20:03:50.769] [INFO ] [groupbuy-service] [main] [o.s.orm.jpa.LocalContainerEntityManagerFactoryBean:?] - Initialized JPA EntityManagerFactory for persistence unit 'default'
[2025-11-10 20:03:51.132] [INFO ] [groupbuy-service] [main] [o.s.data.jpa.repository.query.QueryEnhancerFactory:?] - Hibernate is in classpath; If applicable, HQL parser will be used.
[2025-11-10 20:03:52.294] [WARN ] [groupbuy-service] [main] [o.s.b.a.o.j.JpaBaseConfiguration$JpaWebConfiguration:?] - spring.jpa.open-in-view is enabled by default. Therefore, database queries may be performed during view rendering. Explicitly configure spring.jpa.open-in-view to disable this warning
[2025-11-10 20:03:53.827] [INFO ] [groupbuy-service] [main] [o.s.cloud.openfeign.FeignClientFactoryBean:?] - For 'product-service' URL not provided. Will try picking an instance via load-balancing.
[2025-11-10 20:03:53.956] [INFO ] [groupbuy-service] [main] [o.s.cloud.openfeign.FeignClientFactoryBean:?] - For 'user-service' URL not provided. Will try picking an instance via load-balancing.
[2025-11-10 20:03:54.025] [INFO ] [groupbuy-service] [main] [o.s.cloud.openfeign.FeignClientFactoryBean:?] - For 'leader-service' URL not provided. Will try picking an instance via load-balancing.
[2025-11-10 20:03:54.298] [INFO ] [groupbuy-service] [main] [o.s.cloud.openfeign.FeignClientFactoryBean:?] - For 'order-service' URL not provided. Will try picking an instance via load-balancing.
[2025-11-10 20:03:54.376] [INFO ] [groupbuy-service] [main] [o.s.cloud.openfeign.FeignClientFactoryBean:?] - For 'payment-service' URL not provided. Will try picking an instance via load-balancing.
[2025-11-10 20:03:54.507] [INFO ] [groupbuy-service] [main] [o.s.cloud.openfeign.FeignClientFactoryBean:?] - For 'user-service' URL not provided. Will try picking an instance via load-balancing.
[2025-11-10 20:03:57.508] [WARN ] [groupbuy-service] [main] [o.s.c.l.c.LoadBalancerCacheAutoConfiguration$LoadBalancerCaffeineWarnLogger:?] - Spring Cloud LoadBalancer is currently working with the default cache. While this cache implementation is useful for development and tests, it's recommended to use Caffeine cache in production.You can switch to using Caffeine cache, by adding it and org.springframework.cache.caffeine.CaffeineCacheManager to the classpath.
[2025-11-10 20:03:57.557] [INFO ] [groupbuy-service] [main] [o.s.b.actuate.endpoint.web.EndpointLinksResolver:?] - Exposing 2 endpoint(s) beneath base path '/actuator'
[2025-11-10 20:03:57.805] [INFO ] [groupbuy-service] [main] [o.s.boot.web.embedded.tomcat.TomcatWebServer:?] - Tomcat started on port 8063 (http) with context path ''
[2025-11-10 20:03:57.808] [INFO ] [groupbuy-service] [main] [o.s.c.consul.serviceregistry.ConsulServiceRegistry:?] - Registering service with consul: NewService{id='groupbuy-service-8063', name='groupbuy-service', tags=[], address='192.168.245.1', meta={secure=false}, port=8063, enableTagOverride=null, check=Check{script='null', dockerContainerID='null', shell='null', interval='null', ttl='30s', http='null', method='null', header=null, tcp='null', timeout='null', deregisterCriticalServiceAfter='null', tlsSkipVerify=null, status='null', grpc='null', grpcUseTLS=null}, checks=null}
[2025-11-10 20:03:58.407] [INFO ] [groupbuy-service] [main] [com.bcu.edu.GroupBuyServiceApplication:?] - Started GroupBuyServiceApplication in 20.748 seconds (process running for 21.713)
[2025-11-10 20:03:58.818] [INFO ] [groupbuy-service] [RMI TCP Connection(10)-26.52.41.123] [org.springframework.web.servlet.DispatcherServlet:?] - Initializing Servlet 'dispatcherServlet'
[2025-11-10 20:03:58.823] [INFO ] [groupbuy-service] [RMI TCP Connection(10)-26.52.41.123] [org.springframework.web.servlet.DispatcherServlet:?] - Completed initialization in 5 ms
[2025-11-10 20:20:33.185] [INFO ] [groupbuy-service] [http-nio-8063-exec-4] [com.bcu.edu.controller.TeamController:?] - 查询团长3的拼团记录，status=null, page=0, limit=1000
[2025-11-10 20:20:33.185] [INFO ] [groupbuy-service] [http-nio-8063-exec-4] [com.bcu.edu.service.TeamService:?] - 查询团长3的拼团记录，status=null, page=0, limit=1000
[2025-11-10 20:20:33.274] [INFO ] [groupbuy-service] [http-nio-8063-exec-4] [com.bcu.edu.service.TeamService:?] - 团长3共有8个拼团记录，本页返回8个
[2025-11-10 20:40:11.240] [INFO ] [groupbuy-service] [http-nio-8063-exec-3] [com.bcu.edu.controller.TeamController:?] - 查询团长3的拼团记录，status=null, page=0, limit=1000
[2025-11-10 20:40:11.240] [INFO ] [groupbuy-service] [http-nio-8063-exec-3] [com.bcu.edu.service.TeamService:?] - 查询团长3的拼团记录，status=null, page=0, limit=1000
[2025-11-10 20:40:11.248] [INFO ] [groupbuy-service] [http-nio-8063-exec-3] [com.bcu.edu.service.TeamService:?] - 团长3共有8个拼团记录，本页返回8个
[2025-11-10 20:40:11.490] [INFO ] [groupbuy-service] [http-nio-8063-exec-6] [com.bcu.edu.controller.TeamController:?] - 查询团长3的拼团记录，status=null, page=0, limit=1000
[2025-11-10 20:40:11.490] [INFO ] [groupbuy-service] [http-nio-8063-exec-6] [com.bcu.edu.service.TeamService:?] - 查询团长3的拼团记录，status=null, page=0, limit=1000
[2025-11-10 20:40:11.496] [INFO ] [groupbuy-service] [http-nio-8063-exec-6] [com.bcu.edu.service.TeamService:?] - 团长3共有8个拼团记录，本页返回8个
[2025-11-10 20:40:13.646] [INFO ] [groupbuy-service] [http-nio-8063-exec-9] [com.bcu.edu.controller.TeamController:?] - 查询团长3的拼团记录，status=null, page=0, limit=12
[2025-11-10 20:40:13.646] [INFO ] [groupbuy-service] [http-nio-8063-exec-9] [com.bcu.edu.service.TeamService:?] - 查询团长3的拼团记录，status=null, page=0, limit=12
[2025-11-10 20:40:13.650] [INFO ] [groupbuy-service] [http-nio-8063-exec-9] [com.bcu.edu.service.TeamService:?] - 团长3共有8个拼团记录，本页返回8个
[2025-11-10 20:40:17.073] [INFO ] [groupbuy-service] [http-nio-8063-exec-7] [com.bcu.edu.controller.TeamController:?] - 查询团长3的拼团记录，status=null, page=0, limit=1000
[2025-11-10 20:40:17.073] [INFO ] [groupbuy-service] [http-nio-8063-exec-7] [com.bcu.edu.service.TeamService:?] - 查询团长3的拼团记录，status=null, page=0, limit=1000
[2025-11-10 20:40:17.077] [INFO ] [groupbuy-service] [http-nio-8063-exec-7] [com.bcu.edu.service.TeamService:?] - 团长3共有8个拼团记录，本页返回8个
[2025-11-10 20:40:21.411] [INFO ] [groupbuy-service] [http-nio-8063-exec-4] [com.bcu.edu.controller.TeamController:?] - 查询团长3的拼团记录，status=null, page=0, limit=1000
[2025-11-10 20:40:21.411] [INFO ] [groupbuy-service] [http-nio-8063-exec-4] [com.bcu.edu.service.TeamService:?] - 查询团长3的拼团记录，status=null, page=0, limit=1000
[2025-11-10 20:40:21.416] [INFO ] [groupbuy-service] [http-nio-8063-exec-4] [com.bcu.edu.service.TeamService:?] - 团长3共有8个拼团记录，本页返回8个
[2025-11-10 20:40:30.502] [INFO ] [groupbuy-service] [http-nio-8063-exec-8] [com.bcu.edu.controller.TeamController:?] - 查询团长3的拼团记录，status=null, page=0, limit=1000
[2025-11-10 20:40:30.502] [INFO ] [groupbuy-service] [http-nio-8063-exec-8] [com.bcu.edu.service.TeamService:?] - 查询团长3的拼团记录，status=null, page=0, limit=1000
[2025-11-10 20:40:30.507] [INFO ] [groupbuy-service] [http-nio-8063-exec-8] [com.bcu.edu.service.TeamService:?] - 团长3共有8个拼团记录，本页返回8个
[2025-11-10 20:40:35.365] [INFO ] [groupbuy-service] [http-nio-8063-exec-3] [com.bcu.edu.controller.TeamController:?] - 查询团长3的拼团记录，status=null, page=0, limit=1000
[2025-11-10 20:40:35.365] [INFO ] [groupbuy-service] [http-nio-8063-exec-3] [com.bcu.edu.service.TeamService:?] - 查询团长3的拼团记录，status=null, page=0, limit=1000
[2025-11-10 20:40:35.370] [INFO ] [groupbuy-service] [http-nio-8063-exec-3] [com.bcu.edu.service.TeamService:?] - 团长3共有8个拼团记录，本页返回8个
[2025-11-10 20:40:38.343] [INFO ] [groupbuy-service] [http-nio-8063-exec-9] [com.bcu.edu.controller.TeamController:?] - 查询团长3的拼团记录，status=null, page=0, limit=1000
[2025-11-10 20:40:38.343] [INFO ] [groupbuy-service] [http-nio-8063-exec-9] [com.bcu.edu.service.TeamService:?] - 查询团长3的拼团记录，status=null, page=0, limit=1000
[2025-11-10 20:40:38.349] [INFO ] [groupbuy-service] [http-nio-8063-exec-9] [com.bcu.edu.service.TeamService:?] - 团长3共有8个拼团记录，本页返回8个
[2025-11-10 20:40:49.083] [INFO ] [groupbuy-service] [http-nio-8063-exec-7] [com.bcu.edu.controller.TeamController:?] - 查询团长3的拼团记录，status=null, page=0, limit=1000
[2025-11-10 20:40:49.083] [INFO ] [groupbuy-service] [http-nio-8063-exec-7] [com.bcu.edu.service.TeamService:?] - 查询团长3的拼团记录，status=null, page=0, limit=1000
[2025-11-10 20:40:49.087] [INFO ] [groupbuy-service] [http-nio-8063-exec-7] [com.bcu.edu.service.TeamService:?] - 团长3共有8个拼团记录，本页返回8个
[2025-11-10 20:40:55.196] [INFO ] [groupbuy-service] [http-nio-8063-exec-4] [com.bcu.edu.controller.TeamController:?] - 查询团长3的拼团记录，status=null, page=0, limit=1000
[2025-11-10 20:40:55.196] [INFO ] [groupbuy-service] [http-nio-8063-exec-4] [com.bcu.edu.service.TeamService:?] - 查询团长3的拼团记录，status=null, page=0, limit=1000
[2025-11-10 20:40:55.200] [INFO ] [groupbuy-service] [http-nio-8063-exec-4] [com.bcu.edu.service.TeamService:?] - 团长3共有8个拼团记录，本页返回8个
[2025-11-10 20:41:07.497] [INFO ] [groupbuy-service] [http-nio-8063-exec-8] [com.bcu.edu.controller.TeamController:?] - 查询团长3的拼团记录，status=null, page=0, limit=1000
[2025-11-10 20:41:07.497] [INFO ] [groupbuy-service] [http-nio-8063-exec-8] [com.bcu.edu.service.TeamService:?] - 查询团长3的拼团记录，status=null, page=0, limit=1000
[2025-11-10 20:41:07.501] [INFO ] [groupbuy-service] [http-nio-8063-exec-8] [com.bcu.edu.service.TeamService:?] - 团长3共有8个拼团记录，本页返回8个
[2025-11-10 20:41:08.351] [INFO ] [groupbuy-service] [http-nio-8063-exec-2] [com.bcu.edu.controller.TeamController:?] - 查询团长3的拼团记录，status=null, page=0, limit=12
[2025-11-10 20:41:08.351] [INFO ] [groupbuy-service] [http-nio-8063-exec-2] [com.bcu.edu.service.TeamService:?] - 查询团长3的拼团记录，status=null, page=0, limit=12
[2025-11-10 20:41:08.354] [INFO ] [groupbuy-service] [http-nio-8063-exec-2] [com.bcu.edu.service.TeamService:?] - 团长3共有8个拼团记录，本页返回8个
[2025-11-10 20:41:36.651] [INFO ] [groupbuy-service] [http-nio-8063-exec-6] [com.bcu.edu.controller.TeamController:?] - 查询团长3的拼团记录，status=null, page=0, limit=1000
[2025-11-10 20:41:36.651] [INFO ] [groupbuy-service] [http-nio-8063-exec-6] [com.bcu.edu.service.TeamService:?] - 查询团长3的拼团记录，status=null, page=0, limit=1000
[2025-11-10 20:41:36.656] [INFO ] [groupbuy-service] [http-nio-8063-exec-6] [com.bcu.edu.service.TeamService:?] - 团长3共有8个拼团记录，本页返回8个
[2025-11-10 20:41:56.025] [INFO ] [groupbuy-service] [http-nio-8063-exec-10] [com.bcu.edu.controller.TeamController:?] - 查询团长3的拼团记录，status=null, page=0, limit=1000
[2025-11-10 20:41:56.026] [INFO ] [groupbuy-service] [http-nio-8063-exec-10] [com.bcu.edu.service.TeamService:?] - 查询团长3的拼团记录，status=null, page=0, limit=1000
[2025-11-10 20:41:56.029] [INFO ] [groupbuy-service] [http-nio-8063-exec-10] [com.bcu.edu.service.TeamService:?] - 团长3共有8个拼团记录，本页返回8个
[2025-11-10 20:41:58.713] [INFO ] [groupbuy-service] [http-nio-8063-exec-1] [com.bcu.edu.controller.TeamController:?] - 查询团长3的拼团记录，status=null, page=0, limit=1000
[2025-11-10 20:41:58.713] [INFO ] [groupbuy-service] [http-nio-8063-exec-1] [com.bcu.edu.service.TeamService:?] - 查询团长3的拼团记录，status=null, page=0, limit=1000
[2025-11-10 20:41:58.717] [INFO ] [groupbuy-service] [http-nio-8063-exec-1] [com.bcu.edu.service.TeamService:?] - 团长3共有8个拼团记录，本页返回8个
[2025-11-10 20:41:59.584] [INFO ] [groupbuy-service] [http-nio-8063-exec-5] [com.bcu.edu.controller.TeamController:?] - 查询团长3的拼团记录，status=null, page=0, limit=1000
[2025-11-10 20:41:59.584] [INFO ] [groupbuy-service] [http-nio-8063-exec-5] [com.bcu.edu.service.TeamService:?] - 查询团长3的拼团记录，status=null, page=0, limit=1000
[2025-11-10 20:41:59.588] [INFO ] [groupbuy-service] [http-nio-8063-exec-5] [com.bcu.edu.service.TeamService:?] - 团长3共有8个拼团记录，本页返回8个
[2025-11-10 20:42:04.067] [INFO ] [groupbuy-service] [http-nio-8063-exec-2] [com.bcu.edu.controller.TeamController:?] - 查询团长3的拼团记录，status=null, page=0, limit=1000
[2025-11-10 20:42:04.067] [INFO ] [groupbuy-service] [http-nio-8063-exec-2] [com.bcu.edu.service.TeamService:?] - 查询团长3的拼团记录，status=null, page=0, limit=1000
[2025-11-10 20:42:04.070] [INFO ] [groupbuy-service] [http-nio-8063-exec-2] [com.bcu.edu.service.TeamService:?] - 团长3共有8个拼团记录，本页返回8个
[2025-11-10 20:46:06.676] [INFO ] [groupbuy-service] [http-nio-8063-exec-9] [com.bcu.edu.controller.TeamController:?] - 查询团长3的拼团记录，status=null, page=0, limit=1000
[2025-11-10 20:46:06.676] [INFO ] [groupbuy-service] [http-nio-8063-exec-9] [com.bcu.edu.service.TeamService:?] - 查询团长3的拼团记录，status=null, page=0, limit=1000
[2025-11-10 20:46:06.679] [INFO ] [groupbuy-service] [http-nio-8063-exec-9] [com.bcu.edu.service.TeamService:?] - 团长3共有8个拼团记录，本页返回8个
[2025-11-10 20:46:07.622] [INFO ] [groupbuy-service] [http-nio-8063-exec-10] [com.bcu.edu.controller.TeamController:?] - 查询团长3的拼团记录，status=null, page=0, limit=12
[2025-11-10 20:46:07.622] [INFO ] [groupbuy-service] [http-nio-8063-exec-10] [com.bcu.edu.service.TeamService:?] - 查询团长3的拼团记录，status=null, page=0, limit=12
[2025-11-10 20:46:07.625] [INFO ] [groupbuy-service] [http-nio-8063-exec-10] [com.bcu.edu.service.TeamService:?] - 团长3共有8个拼团记录，本页返回8个
[2025-11-10 20:46:31.819] [INFO ] [groupbuy-service] [http-nio-8063-exec-1] [com.bcu.edu.controller.TeamController:?] - 查询团长3的拼团记录，status=null, page=0, limit=1000
[2025-11-10 20:46:31.819] [INFO ] [groupbuy-service] [http-nio-8063-exec-1] [com.bcu.edu.service.TeamService:?] - 查询团长3的拼团记录，status=null, page=0, limit=1000
[2025-11-10 20:46:31.823] [INFO ] [groupbuy-service] [http-nio-8063-exec-1] [com.bcu.edu.service.TeamService:?] - 团长3共有8个拼团记录，本页返回8个
[2025-11-10 20:48:01.250] [INFO ] [groupbuy-service] [http-nio-8063-exec-8] [com.bcu.edu.controller.TeamController:?] - 查询团长3的拼团记录，status=null, page=0, limit=1000
[2025-11-10 20:48:01.250] [INFO ] [groupbuy-service] [http-nio-8063-exec-8] [com.bcu.edu.service.TeamService:?] - 查询团长3的拼团记录，status=null, page=0, limit=1000
[2025-11-10 20:48:01.253] [INFO ] [groupbuy-service] [http-nio-8063-exec-8] [com.bcu.edu.service.TeamService:?] - 团长3共有8个拼团记录，本页返回8个
[2025-11-10 20:48:05.973] [INFO ] [groupbuy-service] [http-nio-8063-exec-2] [com.bcu.edu.controller.ActivityController:?] - 查询商品2的拼团活动，communityId=5
[2025-11-10 20:48:05.978] [INFO ] [groupbuy-service] [http-nio-8063-exec-2] [com.bcu.edu.service.GroupBuyService:?] - 商品2有0个进行中的拼团活动
[2025-11-10 20:48:09.909] [INFO ] [groupbuy-service] [http-nio-8063-exec-3] [com.bcu.edu.controller.ActivityController:?] - 查询商品2的拼团活动，communityId=5
[2025-11-10 20:48:09.913] [INFO ] [groupbuy-service] [http-nio-8063-exec-3] [com.bcu.edu.service.GroupBuyService:?] - 商品2有0个进行中的拼团活动
[2025-11-10 20:48:13.285] [INFO ] [groupbuy-service] [http-nio-8063-exec-6] [com.bcu.edu.controller.ActivityController:?] - 查询商品3的拼团活动，communityId=5
[2025-11-10 20:48:13.288] [INFO ] [groupbuy-service] [http-nio-8063-exec-6] [com.bcu.edu.service.GroupBuyService:?] - 商品3有1个进行中的拼团活动
[2025-11-10 20:48:13.293] [INFO ] [groupbuy-service] [http-nio-8063-exec-6] [com.bcu.edu.service.GroupBuyService:?] - 活动3有0个进行中的团
[2025-11-10 20:48:19.429] [INFO ] [groupbuy-service] [http-nio-8063-exec-9] [com.bcu.edu.controller.ActivityController:?] - 查询商品1的拼团活动，communityId=5
[2025-11-10 20:48:19.431] [INFO ] [groupbuy-service] [http-nio-8063-exec-9] [com.bcu.edu.service.GroupBuyService:?] - 商品1有0个进行中的拼团活动
[2025-11-10 20:48:27.600] [INFO ] [groupbuy-service] [http-nio-8063-exec-7] [com.bcu.edu.controller.TeamController:?] - 查询团长3的拼团记录，status=null, page=0, limit=1000
[2025-11-10 20:48:27.600] [INFO ] [groupbuy-service] [http-nio-8063-exec-7] [com.bcu.edu.service.TeamService:?] - 查询团长3的拼团记录，status=null, page=0, limit=1000
[2025-11-10 20:48:27.605] [INFO ] [groupbuy-service] [http-nio-8063-exec-7] [com.bcu.edu.service.TeamService:?] - 团长3共有8个拼团记录，本页返回8个
[2025-11-10 20:48:29.629] [INFO ] [groupbuy-service] [http-nio-8063-exec-1] [com.bcu.edu.controller.ActivityController:?] - 查询商品3的拼团活动，communityId=5
[2025-11-10 20:48:29.631] [INFO ] [groupbuy-service] [http-nio-8063-exec-1] [com.bcu.edu.service.GroupBuyService:?] - 商品3有1个进行中的拼团活动
[2025-11-10 20:48:29.633] [INFO ] [groupbuy-service] [http-nio-8063-exec-1] [com.bcu.edu.service.GroupBuyService:?] - 活动3有0个进行中的团
[2025-11-10 20:48:40.935] [INFO ] [groupbuy-service] [http-nio-8063-exec-4] [com.bcu.edu.service.TeamService:?] - 用户3（role=2）发起拼团，社区ID=5
[2025-11-10 20:48:40.977] [INFO ] [groupbuy-service] [http-nio-8063-exec-4] [com.bcu.edu.service.TeamService:?] - 团14创建成功，teamNo=T20251110965158, communityId=5
[2025-11-10 20:48:41.340] [INFO ] [groupbuy-service] [http-nio-8063-exec-4] [com.bcu.edu.service.TeamService:?] - 团长参与拼团，订单创建成功，orderId=16
[2025-11-10 20:48:41.342] [INFO ] [groupbuy-service] [http-nio-8063-exec-4] [com.bcu.edu.service.TeamService:?] - 团长参团记录创建成功，memberId=16, status=UNPAID
[2025-11-10 20:48:41.989] [INFO ] [groupbuy-service] [http-nio-8063-exec-5] [com.bcu.edu.controller.TeamController:?] - 收到支付回调，orderId=16
[2025-11-10 20:48:42.001] [INFO ] [groupbuy-service] [http-nio-8063-exec-5] [com.bcu.edu.service.TeamService:?] - 支付回调，orderId=16, 当前状态=0
[2025-11-10 20:48:42.003] [INFO ] [groupbuy-service] [http-nio-8063-exec-5] [com.bcu.edu.service.TeamService:?] - 参团状态更新为已支付，memberId=16
[2025-11-10 20:48:42.009] [INFO ] [groupbuy-service] [http-nio-8063-exec-5] [com.bcu.edu.service.TeamService:?] - 团人数更新，teamId=14, currentNum=1/2
[2025-11-10 20:48:42.077] [INFO ] [groupbuy-service] [http-nio-8063-exec-4] [com.bcu.edu.service.TeamService:?] - 团长支付成功，payId=19, orderId=16
[2025-11-10 20:48:43.596] [INFO ] [groupbuy-service] [http-nio-8063-exec-8] [com.bcu.edu.controller.TeamController:?] - 查询团长3的拼团记录，status=null, page=0, limit=12
[2025-11-10 20:48:43.597] [INFO ] [groupbuy-service] [http-nio-8063-exec-8] [com.bcu.edu.service.TeamService:?] - 查询团长3的拼团记录，status=null, page=0, limit=12
[2025-11-10 20:48:43.600] [INFO ] [groupbuy-service] [http-nio-8063-exec-8] [com.bcu.edu.service.TeamService:?] - 团长3共有9个拼团记录，本页返回9个
[2025-11-10 20:49:00.247] [INFO ] [groupbuy-service] [http-nio-8063-exec-6] [com.bcu.edu.controller.TeamController:?] - 团长3请求取消拼团，teamId=14, reason=团长取消拼团
[2025-11-10 20:49:00.248] [INFO ] [groupbuy-service] [http-nio-8063-exec-6] [com.bcu.edu.service.TeamService:?] - 团长取消拼团，teamId=14, userId=3, reason=团长取消拼团
[2025-11-10 20:49:00.251] [INFO ] [groupbuy-service] [http-nio-8063-exec-6] [com.bcu.edu.service.TeamService:?] - 团状态已更新为失败，teamId=14
[2025-11-10 20:49:00.264] [INFO ] [groupbuy-service] [http-nio-8063-exec-6] [com.bcu.edu.service.TeamService:?] - 退款到余额成功，userId=3, amount=15.70
[2025-11-10 20:49:00.281] [INFO ] [groupbuy-service] [http-nio-8063-exec-6] [com.bcu.edu.service.TeamService:?] - 订单状态已更新为已退款，orderId=16
[2025-11-10 20:49:00.283] [INFO ] [groupbuy-service] [http-nio-8063-exec-6] [com.bcu.edu.service.TeamService:?] - 团成员状态已更新为已取消，共1人
[2025-11-10 20:49:00.283] [INFO ] [groupbuy-service] [http-nio-8063-exec-6] [com.bcu.edu.service.TeamService:?] - 拼团已取消并退款，teamId=14, 退款成员数=1
[2025-11-10 20:49:03.044] [INFO ] [groupbuy-service] [http-nio-8063-exec-1] [com.bcu.edu.controller.TeamController:?] - 查询团长3的拼团记录，status=null, page=0, limit=1000
[2025-11-10 20:49:03.044] [INFO ] [groupbuy-service] [http-nio-8063-exec-1] [com.bcu.edu.service.TeamService:?] - 查询团长3的拼团记录，status=null, page=0, limit=1000
[2025-11-10 20:49:03.048] [INFO ] [groupbuy-service] [http-nio-8063-exec-1] [com.bcu.edu.service.TeamService:?] - 团长3共有9个拼团记录，本页返回9个
[2025-11-10 20:49:04.874] [INFO ] [groupbuy-service] [http-nio-8063-exec-5] [com.bcu.edu.controller.TeamController:?] - 查询团长3的拼团记录，status=null, page=0, limit=12
[2025-11-10 20:49:04.874] [INFO ] [groupbuy-service] [http-nio-8063-exec-5] [com.bcu.edu.service.TeamService:?] - 查询团长3的拼团记录，status=null, page=0, limit=12
[2025-11-10 20:49:04.877] [INFO ] [groupbuy-service] [http-nio-8063-exec-5] [com.bcu.edu.service.TeamService:?] - 团长3共有9个拼团记录，本页返回9个
[2025-11-10 20:49:11.391] [INFO ] [groupbuy-service] [http-nio-8063-exec-8] [com.bcu.edu.controller.TeamController:?] - 查询团长3的拼团记录，status=null, page=0, limit=1000
[2025-11-10 20:49:11.391] [INFO ] [groupbuy-service] [http-nio-8063-exec-8] [com.bcu.edu.service.TeamService:?] - 查询团长3的拼团记录，status=null, page=0, limit=1000
[2025-11-10 20:49:11.394] [INFO ] [groupbuy-service] [http-nio-8063-exec-8] [com.bcu.edu.service.TeamService:?] - 团长3共有9个拼团记录，本页返回9个
[2025-11-10 20:49:12.550] [INFO ] [groupbuy-service] [http-nio-8063-exec-2] [com.bcu.edu.controller.ActivityController:?] - 查询商品3的拼团活动，communityId=5
[2025-11-10 20:49:12.553] [INFO ] [groupbuy-service] [http-nio-8063-exec-2] [com.bcu.edu.service.GroupBuyService:?] - 商品3有1个进行中的拼团活动
[2025-11-10 20:49:12.555] [INFO ] [groupbuy-service] [http-nio-8063-exec-2] [com.bcu.edu.service.GroupBuyService:?] - 活动3有0个进行中的团
[2025-11-10 20:49:21.984] [INFO ] [groupbuy-service] [http-nio-8063-exec-6] [com.bcu.edu.controller.TeamController:?] - 查询团长3的拼团记录，status=null, page=0, limit=1000
[2025-11-10 20:49:21.984] [INFO ] [groupbuy-service] [http-nio-8063-exec-6] [com.bcu.edu.service.TeamService:?] - 查询团长3的拼团记录，status=null, page=0, limit=1000
[2025-11-10 20:49:21.989] [INFO ] [groupbuy-service] [http-nio-8063-exec-6] [com.bcu.edu.service.TeamService:?] - 团长3共有9个拼团记录，本页返回9个
[2025-11-10 20:49:51.413] [INFO ] [groupbuy-service] [http-nio-8063-exec-10] [com.bcu.edu.service.GroupBuyService:?] - 拼团活动创建成功，activityId=4, productId=2, groupPrice=12.28
[2025-11-10 20:49:53.368] [INFO ] [groupbuy-service] [http-nio-8063-exec-1] [com.bcu.edu.controller.TeamController:?] - 查询团长3的拼团记录，status=null, page=0, limit=1000
[2025-11-10 20:49:53.368] [INFO ] [groupbuy-service] [http-nio-8063-exec-1] [com.bcu.edu.service.TeamService:?] - 查询团长3的拼团记录，status=null, page=0, limit=1000
[2025-11-10 20:49:53.371] [INFO ] [groupbuy-service] [http-nio-8063-exec-1] [com.bcu.edu.service.TeamService:?] - 团长3共有9个拼团记录，本页返回9个
[2025-11-10 20:50:05.666] [INFO ] [groupbuy-service] [http-nio-8063-exec-5] [com.bcu.edu.controller.TeamController:?] - 查询团长3的拼团记录，status=null, page=0, limit=12
[2025-11-10 20:50:05.666] [INFO ] [groupbuy-service] [http-nio-8063-exec-5] [com.bcu.edu.service.TeamService:?] - 查询团长3的拼团记录，status=null, page=0, limit=12
[2025-11-10 20:50:05.672] [INFO ] [groupbuy-service] [http-nio-8063-exec-5] [com.bcu.edu.service.TeamService:?] - 团长3共有9个拼团记录，本页返回9个
[2025-11-10 20:50:16.122] [INFO ] [groupbuy-service] [http-nio-8063-exec-4] [com.bcu.edu.controller.ActivityController:?] - 查询商品2的拼团活动，communityId=5
[2025-11-10 20:50:16.124] [INFO ] [groupbuy-service] [http-nio-8063-exec-4] [com.bcu.edu.service.GroupBuyService:?] - 商品2有1个进行中的拼团活动
[2025-11-10 20:50:16.125] [INFO ] [groupbuy-service] [http-nio-8063-exec-4] [com.bcu.edu.service.GroupBuyService:?] - 活动4有0个进行中的团
[2025-11-10 20:50:24.021] [INFO ] [groupbuy-service] [http-nio-8063-exec-8] [com.bcu.edu.service.TeamService:?] - 用户3（role=2）发起拼团，社区ID=5
[2025-11-10 20:50:24.023] [INFO ] [groupbuy-service] [http-nio-8063-exec-8] [com.bcu.edu.service.TeamService:?] - 团15创建成功，teamNo=T20251110499895, communityId=5
[2025-11-10 20:50:24.280] [INFO ] [groupbuy-service] [http-nio-8063-exec-2] [com.bcu.edu.controller.TeamController:?] - 查询团长3的拼团记录，status=null, page=0, limit=12
[2025-11-10 20:50:24.280] [INFO ] [groupbuy-service] [http-nio-8063-exec-2] [com.bcu.edu.service.TeamService:?] - 查询团长3的拼团记录，status=null, page=0, limit=12
[2025-11-10 20:50:24.282] [INFO ] [groupbuy-service] [http-nio-8063-exec-2] [com.bcu.edu.service.TeamService:?] - 团长3共有10个拼团记录，本页返回10个
[2025-11-10 20:50:30.365] [INFO ] [groupbuy-service] [http-nio-8063-exec-3] [com.bcu.edu.controller.ActivityController:?] - 查询商品2的拼团活动，communityId=5
[2025-11-10 20:50:30.367] [INFO ] [groupbuy-service] [http-nio-8063-exec-3] [com.bcu.edu.service.GroupBuyService:?] - 商品2有1个进行中的拼团活动
[2025-11-10 20:50:30.369] [INFO ] [groupbuy-service] [http-nio-8063-exec-3] [com.bcu.edu.service.GroupBuyService:?] - 活动4有1个进行中的团
[2025-11-10 20:50:35.084] [INFO ] [groupbuy-service] [http-nio-8063-exec-6] [com.bcu.edu.controller.ActivityController:?] - 查询商品2的拼团活动，communityId=5
[2025-11-10 20:50:35.086] [INFO ] [groupbuy-service] [http-nio-8063-exec-6] [com.bcu.edu.service.GroupBuyService:?] - 商品2有1个进行中的拼团活动
[2025-11-10 20:50:35.089] [INFO ] [groupbuy-service] [http-nio-8063-exec-6] [com.bcu.edu.service.GroupBuyService:?] - 活动4有1个进行中的团
[2025-11-10 20:50:37.011] [INFO ] [groupbuy-service] [http-nio-8063-exec-9] [com.bcu.edu.controller.ActivityController:?] - 查询商品2的拼团活动，communityId=5
[2025-11-10 20:50:37.012] [INFO ] [groupbuy-service] [http-nio-8063-exec-9] [com.bcu.edu.service.GroupBuyService:?] - 商品2有1个进行中的拼团活动
[2025-11-10 20:50:37.013] [INFO ] [groupbuy-service] [http-nio-8063-exec-9] [com.bcu.edu.service.GroupBuyService:?] - 活动4有1个进行中的团
[2025-11-10 20:51:00.481] [INFO ] [groupbuy-service] [http-nio-8063-exec-10] [com.bcu.edu.controller.ActivityController:?] - 查询商品2的拼团活动，communityId=5
[2025-11-10 20:51:00.482] [INFO ] [groupbuy-service] [http-nio-8063-exec-10] [com.bcu.edu.service.GroupBuyService:?] - 商品2有1个进行中的拼团活动
[2025-11-10 20:51:00.484] [INFO ] [groupbuy-service] [http-nio-8063-exec-10] [com.bcu.edu.service.GroupBuyService:?] - 活动4有1个进行中的团
[2025-11-10 20:51:35.863] [INFO ] [groupbuy-service] [http-nio-8063-exec-7] [com.bcu.edu.controller.ActivityController:?] - 查询商品2的拼团活动，communityId=5
[2025-11-10 20:51:35.866] [INFO ] [groupbuy-service] [http-nio-8063-exec-7] [com.bcu.edu.service.GroupBuyService:?] - 商品2有1个进行中的拼团活动
[2025-11-10 20:51:35.867] [INFO ] [groupbuy-service] [http-nio-8063-exec-7] [com.bcu.edu.service.GroupBuyService:?] - 活动4有1个进行中的团
[2025-11-10 20:51:41.178] [INFO ] [groupbuy-service] [http-nio-8063-exec-1] [com.bcu.edu.controller.ActivityController:?] - 查询商品2的拼团活动，communityId=5
[2025-11-10 20:51:41.181] [INFO ] [groupbuy-service] [http-nio-8063-exec-1] [com.bcu.edu.service.GroupBuyService:?] - 商品2有1个进行中的拼团活动
[2025-11-10 20:51:41.183] [INFO ] [groupbuy-service] [http-nio-8063-exec-1] [com.bcu.edu.service.GroupBuyService:?] - 活动4有1个进行中的团
[2025-11-10 20:52:00.437] [INFO ] [groupbuy-service] [http-nio-8063-exec-5] [com.bcu.edu.controller.ActivityController:?] - 查询商品2的拼团活动，communityId=5
[2025-11-10 20:52:00.438] [INFO ] [groupbuy-service] [http-nio-8063-exec-5] [com.bcu.edu.service.GroupBuyService:?] - 商品2有1个进行中的拼团活动
[2025-11-10 20:52:00.442] [INFO ] [groupbuy-service] [http-nio-8063-exec-5] [com.bcu.edu.service.GroupBuyService:?] - 活动4有1个进行中的团
[2025-11-10 20:52:02.711] [INFO ] [groupbuy-service] [http-nio-8063-exec-4] [com.bcu.edu.controller.ActivityController:?] - 查询商品2的拼团活动，communityId=5
[2025-11-10 20:52:02.713] [INFO ] [groupbuy-service] [http-nio-8063-exec-4] [com.bcu.edu.service.GroupBuyService:?] - 商品2有1个进行中的拼团活动
[2025-11-10 20:52:02.715] [INFO ] [groupbuy-service] [http-nio-8063-exec-4] [com.bcu.edu.service.GroupBuyService:?] - 活动4有1个进行中的团
[2025-11-10 20:52:44.104] [INFO ] [groupbuy-service] [http-nio-8063-exec-8] [com.bcu.edu.controller.ActivityController:?] - 查询商品2的拼团活动，communityId=1
[2025-11-10 20:52:44.107] [INFO ] [groupbuy-service] [http-nio-8063-exec-8] [com.bcu.edu.service.GroupBuyService:?] - 商品2有1个进行中的拼团活动
[2025-11-10 20:52:44.108] [INFO ] [groupbuy-service] [http-nio-8063-exec-8] [com.bcu.edu.service.GroupBuyService:?] - 活动4有1个进行中的团
[2025-11-10 20:53:56.557] [INFO ] [groupbuy-service] [http-nio-8063-exec-3] [com.bcu.edu.controller.ActivityController:?] - 查询商品2的拼团活动，communityId=1
[2025-11-10 20:53:56.558] [INFO ] [groupbuy-service] [http-nio-8063-exec-3] [com.bcu.edu.service.GroupBuyService:?] - 商品2有1个进行中的拼团活动
[2025-11-10 20:53:56.559] [INFO ] [groupbuy-service] [http-nio-8063-exec-3] [com.bcu.edu.service.GroupBuyService:?] - 活动4有1个进行中的团
[2025-11-10 20:58:57.209] [INFO ] [groupbuy-service] [http-nio-8063-exec-9] [com.bcu.edu.controller.ActivityController:?] - 查询商品2的拼团活动，communityId=1
[2025-11-10 20:58:57.211] [INFO ] [groupbuy-service] [http-nio-8063-exec-9] [com.bcu.edu.service.GroupBuyService:?] - 商品2有1个进行中的拼团活动
[2025-11-10 20:58:57.212] [INFO ] [groupbuy-service] [http-nio-8063-exec-9] [com.bcu.edu.service.GroupBuyService:?] - 活动4有1个进行中的团
[2025-11-10 20:59:53.074] [INFO ] [groupbuy-service] [http-nio-8063-exec-10] [com.bcu.edu.controller.ActivityController:?] - 查询商品2的拼团活动，communityId=1
[2025-11-10 20:59:53.076] [INFO ] [groupbuy-service] [http-nio-8063-exec-10] [com.bcu.edu.service.GroupBuyService:?] - 商品2有1个进行中的拼团活动
[2025-11-10 20:59:53.077] [INFO ] [groupbuy-service] [http-nio-8063-exec-10] [com.bcu.edu.service.GroupBuyService:?] - 活动4有1个进行中的团
[2025-11-10 20:59:54.283] [INFO ] [groupbuy-service] [http-nio-8063-exec-7] [com.bcu.edu.controller.ActivityController:?] - 查询商品2的拼团活动，communityId=1
[2025-11-10 20:59:54.285] [INFO ] [groupbuy-service] [http-nio-8063-exec-7] [com.bcu.edu.service.GroupBuyService:?] - 商品2有1个进行中的拼团活动
[2025-11-10 20:59:54.286] [INFO ] [groupbuy-service] [http-nio-8063-exec-7] [com.bcu.edu.service.GroupBuyService:?] - 活动4有1个进行中的团
[2025-11-10 21:00:00.003] [INFO ] [groupbuy-service] [scheduling-1] [com.bcu.edu.task.TeamExpireTask:?] - ====================================
[2025-11-10 21:00:00.003] [INFO ] [groupbuy-service] [scheduling-1] [com.bcu.edu.task.TeamExpireTask:?] - 开始检查过期团，当前时间：2025-11-10T21:00:00.003909200
[2025-11-10 21:00:00.003] [INFO ] [groupbuy-service] [scheduling-1] [com.bcu.edu.task.TeamExpireTask:?] - ====================================
[2025-11-10 21:00:00.032] [INFO ] [groupbuy-service] [scheduling-1] [com.bcu.edu.task.TeamExpireTask:?] - 发现2个过期团需要处理：[12, 13]
[2025-11-10 21:00:00.034] [INFO ] [groupbuy-service] [scheduling-1] [com.bcu.edu.service.RefundService:?] - 开始处理过期团退款，teamId=12, teamNo=T20251107027675
[2025-11-10 21:00:00.035] [INFO ] [groupbuy-service] [scheduling-1] [com.bcu.edu.service.RefundService:?] - 团12标记为失败
[2025-11-10 21:00:00.037] [INFO ] [groupbuy-service] [scheduling-1] [com.bcu.edu.service.RefundService:?] - 团12有0个成员需要退款
[2025-11-10 21:00:00.037] [INFO ] [groupbuy-service] [scheduling-1] [com.bcu.edu.service.RefundService:?] - 团12退款完成，成功0人，失败0人
[2025-11-10 21:00:00.037] [INFO ] [groupbuy-service] [scheduling-1] [com.bcu.edu.service.RefundService:?] - 拼团失败通知发送（TODO）
[2025-11-10 21:00:00.041] [INFO ] [groupbuy-service] [scheduling-1] [com.bcu.edu.task.TeamExpireTask:?] - ✅ 团12退款成功
[2025-11-10 21:00:00.042] [INFO ] [groupbuy-service] [scheduling-1] [com.bcu.edu.service.RefundService:?] - 开始处理过期团退款，teamId=13, teamNo=T20251107090879
[2025-11-10 21:00:00.042] [INFO ] [groupbuy-service] [scheduling-1] [com.bcu.edu.service.RefundService:?] - 团13标记为失败
[2025-11-10 21:00:00.044] [INFO ] [groupbuy-service] [scheduling-1] [com.bcu.edu.service.RefundService:?] - 团13有0个成员需要退款
[2025-11-10 21:00:00.044] [INFO ] [groupbuy-service] [scheduling-1] [com.bcu.edu.service.RefundService:?] - 团13退款完成，成功0人，失败0人
[2025-11-10 21:00:00.044] [INFO ] [groupbuy-service] [scheduling-1] [com.bcu.edu.service.RefundService:?] - 拼团失败通知发送（TODO）
[2025-11-10 21:00:00.048] [INFO ] [groupbuy-service] [scheduling-1] [com.bcu.edu.task.TeamExpireTask:?] - ✅ 团13退款成功
[2025-11-10 21:00:00.048] [INFO ] [groupbuy-service] [scheduling-1] [com.bcu.edu.task.TeamExpireTask:?] - ====================================
[2025-11-10 21:00:00.048] [INFO ] [groupbuy-service] [scheduling-1] [com.bcu.edu.task.TeamExpireTask:?] - 过期团处理完成
[2025-11-10 21:00:00.048] [INFO ] [groupbuy-service] [scheduling-1] [com.bcu.edu.task.TeamExpireTask:?] - 总计：2个，成功：2个，失败：0个
[2025-11-10 21:00:00.048] [INFO ] [groupbuy-service] [scheduling-1] [com.bcu.edu.task.TeamExpireTask:?] - 成功率：100%
[2025-11-10 21:00:00.048] [INFO ] [groupbuy-service] [scheduling-1] [com.bcu.edu.task.TeamExpireTask:?] - ====================================
[2025-11-10 21:00:08.443] [INFO ] [groupbuy-service] [http-nio-8063-exec-1] [com.bcu.edu.controller.ActivityController:?] - 查询商品2的拼团活动，communityId=1
[2025-11-10 21:00:08.445] [INFO ] [groupbuy-service] [http-nio-8063-exec-1] [com.bcu.edu.service.GroupBuyService:?] - 商品2有1个进行中的拼团活动
[2025-11-10 21:00:08.446] [INFO ] [groupbuy-service] [http-nio-8063-exec-1] [com.bcu.edu.service.GroupBuyService:?] - 活动4有1个进行中的团
[2025-11-10 21:00:09.768] [INFO ] [groupbuy-service] [http-nio-8063-exec-5] [com.bcu.edu.controller.ActivityController:?] - 查询商品2的拼团活动，communityId=1
[2025-11-10 21:00:09.770] [INFO ] [groupbuy-service] [http-nio-8063-exec-5] [com.bcu.edu.service.GroupBuyService:?] - 商品2有1个进行中的拼团活动
[2025-11-10 21:00:09.772] [INFO ] [groupbuy-service] [http-nio-8063-exec-5] [com.bcu.edu.service.GroupBuyService:?] - 活动4有1个进行中的团
[2025-11-10 21:13:10.720] [INFO ] [groupbuy-service] [http-nio-8063-exec-8] [com.bcu.edu.controller.ActivityController:?] - 查询商品2的拼团活动，communityId=1
[2025-11-10 21:13:10.723] [INFO ] [groupbuy-service] [http-nio-8063-exec-8] [com.bcu.edu.service.GroupBuyService:?] - 商品2有1个进行中的拼团活动
[2025-11-10 21:13:10.726] [INFO ] [groupbuy-service] [http-nio-8063-exec-8] [com.bcu.edu.service.GroupBuyService:?] - 活动4有1个进行中的团
[2025-11-10 21:13:49.390] [INFO ] [groupbuy-service] [http-nio-8063-exec-2] [com.bcu.edu.controller.ActivityController:?] - 查询商品2的拼团活动，communityId=1
[2025-11-10 21:13:49.392] [INFO ] [groupbuy-service] [http-nio-8063-exec-2] [com.bcu.edu.service.GroupBuyService:?] - 商品2有1个进行中的拼团活动
[2025-11-10 21:13:49.394] [INFO ] [groupbuy-service] [http-nio-8063-exec-2] [com.bcu.edu.service.GroupBuyService:?] - 活动4有1个进行中的团
[2025-11-10 21:14:14.619] [INFO ] [groupbuy-service] [http-nio-8063-exec-3] [com.bcu.edu.controller.ActivityController:?] - 查询商品2的拼团活动，communityId=1
[2025-11-10 21:14:14.621] [INFO ] [groupbuy-service] [http-nio-8063-exec-3] [com.bcu.edu.service.GroupBuyService:?] - 商品2有1个进行中的拼团活动
[2025-11-10 21:14:14.623] [INFO ] [groupbuy-service] [http-nio-8063-exec-3] [com.bcu.edu.service.GroupBuyService:?] - 活动4有1个进行中的团
[2025-11-10 21:16:04.068] [INFO ] [groupbuy-service] [http-nio-8063-exec-9] [com.bcu.edu.controller.ActivityController:?] - 查询商品2的拼团活动，communityId=1
[2025-11-10 21:16:04.071] [INFO ] [groupbuy-service] [http-nio-8063-exec-9] [com.bcu.edu.service.GroupBuyService:?] - 商品2有1个进行中的拼团活动
[2025-11-10 21:16:04.073] [INFO ] [groupbuy-service] [http-nio-8063-exec-9] [com.bcu.edu.service.GroupBuyService:?] - 活动4有1个进行中的团
[2025-11-10 21:18:18.601] [INFO ] [groupbuy-service] [http-nio-8063-exec-7] [com.bcu.edu.controller.ActivityController:?] - 查询商品2的拼团活动，communityId=1
[2025-11-10 21:18:18.605] [INFO ] [groupbuy-service] [http-nio-8063-exec-7] [com.bcu.edu.service.GroupBuyService:?] - 商品2有1个进行中的拼团活动
[2025-11-10 21:18:18.607] [INFO ] [groupbuy-service] [http-nio-8063-exec-7] [com.bcu.edu.service.GroupBuyService:?] - 活动4有1个进行中的团
[2025-11-10 21:18:19.473] [INFO ] [groupbuy-service] [http-nio-8063-exec-1] [com.bcu.edu.controller.ActivityController:?] - 查询商品2的拼团活动，communityId=1
[2025-11-10 21:18:19.474] [INFO ] [groupbuy-service] [http-nio-8063-exec-1] [com.bcu.edu.service.GroupBuyService:?] - 商品2有1个进行中的拼团活动
[2025-11-10 21:18:19.475] [INFO ] [groupbuy-service] [http-nio-8063-exec-1] [com.bcu.edu.service.GroupBuyService:?] - 活动4有1个进行中的团
[2025-11-10 21:18:34.010] [INFO ] [groupbuy-service] [http-nio-8063-exec-5] [com.bcu.edu.service.TeamService:?] - 用户4参团，teamId=15, 当前人数=0/2
[2025-11-10 21:18:34.063] [INFO ] [groupbuy-service] [http-nio-8063-exec-5] [com.bcu.edu.service.TeamService:?] - 参团订单创建成功，orderId=17
[2025-11-10 21:18:34.065] [INFO ] [groupbuy-service] [http-nio-8063-exec-5] [com.bcu.edu.service.TeamService:?] - 参团记录创建成功，memberId=17
[2025-11-10 21:18:40.938] [INFO ] [groupbuy-service] [http-nio-8063-exec-4] [com.bcu.edu.controller.ActivityController:?] - 查询商品2的拼团活动，communityId=1
[2025-11-10 21:18:40.940] [INFO ] [groupbuy-service] [http-nio-8063-exec-4] [com.bcu.edu.service.GroupBuyService:?] - 商品2有1个进行中的拼团活动
[2025-11-10 21:18:40.941] [INFO ] [groupbuy-service] [http-nio-8063-exec-4] [com.bcu.edu.service.GroupBuyService:?] - 活动4有1个进行中的团
[2025-11-10 21:18:56.641] [INFO ] [groupbuy-service] [http-nio-8063-exec-8] [com.bcu.edu.controller.ActivityController:?] - 查询商品2的拼团活动，communityId=1
[2025-11-10 21:18:56.642] [INFO ] [groupbuy-service] [http-nio-8063-exec-8] [com.bcu.edu.service.GroupBuyService:?] - 商品2有1个进行中的拼团活动
[2025-11-10 21:18:56.644] [INFO ] [groupbuy-service] [http-nio-8063-exec-8] [com.bcu.edu.service.GroupBuyService:?] - 活动4有1个进行中的团
[2025-11-10 21:18:57.961] [INFO ] [groupbuy-service] [http-nio-8063-exec-2] [com.bcu.edu.controller.ActivityController:?] - 查询商品2的拼团活动，communityId=1
[2025-11-10 21:18:57.963] [INFO ] [groupbuy-service] [http-nio-8063-exec-2] [com.bcu.edu.service.GroupBuyService:?] - 商品2有1个进行中的拼团活动
[2025-11-10 21:18:57.964] [INFO ] [groupbuy-service] [http-nio-8063-exec-2] [com.bcu.edu.service.GroupBuyService:?] - 活动4有1个进行中的团
[2025-11-10 21:18:58.678] [INFO ] [groupbuy-service] [http-nio-8063-exec-3] [com.bcu.edu.controller.ActivityController:?] - 查询商品2的拼团活动，communityId=1
[2025-11-10 21:18:58.679] [INFO ] [groupbuy-service] [http-nio-8063-exec-3] [com.bcu.edu.service.GroupBuyService:?] - 商品2有1个进行中的拼团活动
[2025-11-10 21:18:58.681] [INFO ] [groupbuy-service] [http-nio-8063-exec-3] [com.bcu.edu.service.GroupBuyService:?] - 活动4有1个进行中的团
[2025-11-10 21:19:09.093] [INFO ] [groupbuy-service] [http-nio-8063-exec-6] [com.bcu.edu.controller.ActivityController:?] - 查询商品2的拼团活动，communityId=1
[2025-11-10 21:19:09.095] [INFO ] [groupbuy-service] [http-nio-8063-exec-6] [com.bcu.edu.service.GroupBuyService:?] - 商品2有1个进行中的拼团活动
[2025-11-10 21:19:09.097] [INFO ] [groupbuy-service] [http-nio-8063-exec-6] [com.bcu.edu.service.GroupBuyService:?] - 活动4有1个进行中的团
[2025-11-10 21:20:01.267] [INFO ] [groupbuy-service] [http-nio-8063-exec-9] [com.bcu.edu.controller.ActivityController:?] - 查询商品2的拼团活动，communityId=1
[2025-11-10 21:20:01.268] [INFO ] [groupbuy-service] [http-nio-8063-exec-9] [com.bcu.edu.service.GroupBuyService:?] - 商品2有1个进行中的拼团活动
[2025-11-10 21:20:01.269] [INFO ] [groupbuy-service] [http-nio-8063-exec-9] [com.bcu.edu.service.GroupBuyService:?] - 活动4有1个进行中的团
[2025-11-10 21:22:52.029] [INFO ] [groupbuy-service] [http-nio-8063-exec-7] [com.bcu.edu.service.TeamService:?] - 用户4参团，teamId=15, 当前人数=0/2
[2025-11-10 21:22:52.049] [ERROR] [groupbuy-service] [http-nio-8063-exec-7] [com.bcu.edu.common.handler.GlobalExceptionHandler:?] - 业务异常：您已参加此团
com.bcu.edu.common.exception.BusinessException: 您已参加此团
	at com.bcu.edu.service.TeamService.joinTeam(TeamService.java:297)
	at java.base/jdk.internal.reflect.NativeMethodAccessorImpl.invoke0(Native Method)
	at java.base/jdk.internal.reflect.NativeMethodAccessorImpl.invoke(NativeMethodAccessorImpl.java:77)
	at java.base/jdk.internal.reflect.DelegatingMethodAccessorImpl.invoke(DelegatingMethodAccessorImpl.java:43)
	at java.base/java.lang.reflect.Method.invoke(Method.java:568)
	at org.springframework.aop.support.AopUtils.invokeJoinpointUsingReflection(AopUtils.java:351)
	at org.springframework.aop.framework.ReflectiveMethodInvocation.invokeJoinpoint(ReflectiveMethodInvocation.java:196)
	at org.springframework.aop.framework.ReflectiveMethodInvocation.proceed(ReflectiveMethodInvocation.java:163)
	at org.springframework.aop.framework.CglibAopProxy$CglibMethodInvocation.proceed(CglibAopProxy.java:765)
	at org.springframework.aop.aspectj.MethodInvocationProceedingJoinPoint.proceed(MethodInvocationProceedingJoinPoint.java:89)
	at com.bcu.edu.common.aspect.OperationLogAspect.around(OperationLogAspect.java:57)
	at java.base/jdk.internal.reflect.NativeMethodAccessorImpl.invoke0(Native Method)
	at java.base/jdk.internal.reflect.NativeMethodAccessorImpl.invoke(NativeMethodAccessorImpl.java:77)
	at java.base/jdk.internal.reflect.DelegatingMethodAccessorImpl.invoke(DelegatingMethodAccessorImpl.java:43)
	at java.base/java.lang.reflect.Method.invoke(Method.java:568)
	at org.springframework.aop.support.AopUtils.invokeJoinpointUsingReflection(AopUtils.java:351)
	at org.springframework.aop.framework.CglibAopProxy$DynamicAdvisedInterceptor.intercept(CglibAopProxy.java:713)
	at com.bcu.edu.common.aspect.OperationLogAspect$$SpringCGLIB$$0.around(<generated>)
	at java.base/jdk.internal.reflect.NativeMethodAccessorImpl.invoke0(Native Method)
	at java.base/jdk.internal.reflect.NativeMethodAccessorImpl.invoke(NativeMethodAccessorImpl.java:77)
	at java.base/jdk.internal.reflect.DelegatingMethodAccessorImpl.invoke(DelegatingMethodAccessorImpl.java:43)
	at java.base/java.lang.reflect.Method.invoke(Method.java:568)
	at org.springframework.aop.aspectj.AbstractAspectJAdvice.invokeAdviceMethodWithGivenArgs(AbstractAspectJAdvice.java:637)
	at org.springframework.aop.aspectj.AbstractAspectJAdvice.invokeAdviceMethod(AbstractAspectJAdvice.java:627)
	at org.springframework.aop.aspectj.AspectJAroundAdvice.invoke(AspectJAroundAdvice.java:71)
	at org.springframework.aop.framework.ReflectiveMethodInvocation.proceed(ReflectiveMethodInvocation.java:173)
	at org.springframework.aop.framework.CglibAopProxy$CglibMethodInvocation.proceed(CglibAopProxy.java:765)
	at org.springframework.transaction.interceptor.TransactionInterceptor$1.proceedWithInvocation(TransactionInterceptor.java:123)
	at org.springframework.transaction.interceptor.TransactionAspectSupport.invokeWithinTransaction(TransactionAspectSupport.java:385)
	at org.springframework.transaction.interceptor.TransactionInterceptor.invoke(TransactionInterceptor.java:119)
	at org.springframework.aop.framework.ReflectiveMethodInvocation.proceed(ReflectiveMethodInvocation.java:184)
	at org.springframework.aop.framework.CglibAopProxy$CglibMethodInvocation.proceed(CglibAopProxy.java:765)
	at org.springframework.aop.interceptor.ExposeInvocationInterceptor.invoke(ExposeInvocationInterceptor.java:97)
	at org.springframework.aop.framework.ReflectiveMethodInvocation.proceed(ReflectiveMethodInvocation.java:184)
	at org.springframework.aop.framework.CglibAopProxy$CglibMethodInvocation.proceed(CglibAopProxy.java:765)
	at org.springframework.aop.framework.CglibAopProxy$DynamicAdvisedInterceptor.intercept(CglibAopProxy.java:717)
	at com.bcu.edu.service.TeamService$$SpringCGLIB$$1.joinTeam(<generated>)
	at com.bcu.edu.controller.TeamController.joinTeam(TeamController.java:106)
	at java.base/jdk.internal.reflect.NativeMethodAccessorImpl.invoke0(Native Method)
	at java.base/jdk.internal.reflect.NativeMethodAccessorImpl.invoke(NativeMethodAccessorImpl.java:77)
	at java.base/jdk.internal.reflect.DelegatingMethodAccessorImpl.invoke(DelegatingMethodAccessorImpl.java:43)
	at java.base/java.lang.reflect.Method.invoke(Method.java:568)
	at org.springframework.web.method.support.InvocableHandlerMethod.doInvoke(InvocableHandlerMethod.java:259)
	at org.springframework.web.method.support.InvocableHandlerMethod.invokeForRequest(InvocableHandlerMethod.java:192)
	at org.springframework.web.servlet.mvc.method.annotation.ServletInvocableHandlerMethod.invokeAndHandle(ServletInvocableHandlerMethod.java:118)
	at org.springframework.web.servlet.mvc.method.annotation.RequestMappingHandlerAdapter.invokeHandlerMethod(RequestMappingHandlerAdapter.java:920)
	at org.springframework.web.servlet.mvc.method.annotation.RequestMappingHandlerAdapter.handleInternal(RequestMappingHandlerAdapter.java:830)
	at org.springframework.web.servlet.mvc.method.AbstractHandlerMethodAdapter.handle(AbstractHandlerMethodAdapter.java:87)
	at org.springframework.web.servlet.DispatcherServlet.doDispatch(DispatcherServlet.java:1089)
	at org.springframework.web.servlet.DispatcherServlet.doService(DispatcherServlet.java:979)
	at org.springframework.web.servlet.FrameworkServlet.processRequest(FrameworkServlet.java:1014)
	at org.springframework.web.servlet.FrameworkServlet.doPost(FrameworkServlet.java:914)
	at jakarta.servlet.http.HttpServlet.service(HttpServlet.java:590)
	at org.springframework.web.servlet.FrameworkServlet.service(FrameworkServlet.java:885)
	at jakarta.servlet.http.HttpServlet.service(HttpServlet.java:658)
	at org.apache.catalina.core.ApplicationFilterChain.internalDoFilter(ApplicationFilterChain.java:205)
	at org.apache.catalina.core.ApplicationFilterChain.doFilter(ApplicationFilterChain.java:149)
	at org.apache.tomcat.websocket.server.WsFilter.doFilter(WsFilter.java:51)
	at org.apache.catalina.core.ApplicationFilterChain.internalDoFilter(ApplicationFilterChain.java:174)
	at org.apache.catalina.core.ApplicationFilterChain.doFilter(ApplicationFilterChain.java:149)
	at org.springframework.web.filter.RequestContextFilter.doFilterInternal(RequestContextFilter.java:100)
	at org.springframework.web.filter.OncePerRequestFilter.doFilter(OncePerRequestFilter.java:116)
	at org.apache.catalina.core.ApplicationFilterChain.internalDoFilter(ApplicationFilterChain.java:174)
	at org.apache.catalina.core.ApplicationFilterChain.doFilter(ApplicationFilterChain.java:149)
	at org.springframework.web.filter.FormContentFilter.doFilterInternal(FormContentFilter.java:93)
	at org.springframework.web.filter.OncePerRequestFilter.doFilter(OncePerRequestFilter.java:116)
	at org.apache.catalina.core.ApplicationFilterChain.internalDoFilter(ApplicationFilterChain.java:174)
	at org.apache.catalina.core.ApplicationFilterChain.doFilter(ApplicationFilterChain.java:149)
	at org.springframework.web.filter.ServerHttpObservationFilter.doFilterInternal(ServerHttpObservationFilter.java:109)
	at org.springframework.web.filter.OncePerRequestFilter.doFilter(OncePerRequestFilter.java:116)
	at org.apache.catalina.core.ApplicationFilterChain.internalDoFilter(ApplicationFilterChain.java:174)
	at org.apache.catalina.core.ApplicationFilterChain.doFilter(ApplicationFilterChain.java:149)
	at org.springframework.web.filter.CharacterEncodingFilter.doFilterInternal(CharacterEncodingFilter.java:201)
	at org.springframework.web.filter.OncePerRequestFilter.doFilter(OncePerRequestFilter.java:116)
	at org.apache.catalina.core.ApplicationFilterChain.internalDoFilter(ApplicationFilterChain.java:174)
	at org.apache.catalina.core.ApplicationFilterChain.doFilter(ApplicationFilterChain.java:149)
	at org.apache.catalina.core.StandardWrapperValve.invoke(StandardWrapperValve.java:167)
	at org.apache.catalina.core.StandardContextValve.invoke(StandardContextValve.java:90)
	at org.apache.catalina.authenticator.AuthenticatorBase.invoke(AuthenticatorBase.java:482)
	at org.apache.catalina.core.StandardHostValve.invoke(StandardHostValve.java:115)
	at org.apache.catalina.valves.ErrorReportValve.invoke(ErrorReportValve.java:93)
	at org.apache.catalina.core.StandardEngineValve.invoke(StandardEngineValve.java:74)
	at org.apache.catalina.connector.CoyoteAdapter.service(CoyoteAdapter.java:344)
	at org.apache.coyote.http11.Http11Processor.service(Http11Processor.java:391)
	at org.apache.coyote.AbstractProcessorLight.process(AbstractProcessorLight.java:63)
	at org.apache.coyote.AbstractProtocol$ConnectionHandler.process(AbstractProtocol.java:896)
	at org.apache.tomcat.util.net.NioEndpoint$SocketProcessor.doRun(NioEndpoint.java:1744)
	at org.apache.tomcat.util.net.SocketProcessorBase.run(SocketProcessorBase.java:52)
	at org.apache.tomcat.util.threads.ThreadPoolExecutor.runWorker(ThreadPoolExecutor.java:1191)
	at org.apache.tomcat.util.threads.ThreadPoolExecutor$Worker.run(ThreadPoolExecutor.java:659)
	at org.apache.tomcat.util.threads.TaskThread$WrappingRunnable.run(TaskThread.java:63)
	at java.base/java.lang.Thread.run(Thread.java:833)
[2025-11-10 21:22:59.417] [INFO ] [groupbuy-service] [http-nio-8063-exec-1] [com.bcu.edu.service.TeamService:?] - 查询用户4的拼团记录
[2025-11-10 21:23:02.450] [ERROR] [groupbuy-service] [http-nio-8063-exec-5] [com.bcu.edu.common.handler.GlobalExceptionHandler:?] - 业务异常：未找到参团记录或已退出
com.bcu.edu.common.exception.BusinessException: 未找到参团记录或已退出
	at com.bcu.edu.service.RefundService.lambda$2(RefundService.java:144)
	at java.base/java.util.Optional.orElseThrow(Optional.java:403)
	at com.bcu.edu.service.RefundService.quitTeam(RefundService.java:144)
	at java.base/jdk.internal.reflect.NativeMethodAccessorImpl.invoke0(Native Method)
	at java.base/jdk.internal.reflect.NativeMethodAccessorImpl.invoke(NativeMethodAccessorImpl.java:77)
	at java.base/jdk.internal.reflect.DelegatingMethodAccessorImpl.invoke(DelegatingMethodAccessorImpl.java:43)
	at java.base/java.lang.reflect.Method.invoke(Method.java:568)
	at org.springframework.aop.support.AopUtils.invokeJoinpointUsingReflection(AopUtils.java:351)
	at org.springframework.aop.framework.ReflectiveMethodInvocation.invokeJoinpoint(ReflectiveMethodInvocation.java:196)
	at org.springframework.aop.framework.ReflectiveMethodInvocation.proceed(ReflectiveMethodInvocation.java:163)
	at org.springframework.aop.framework.CglibAopProxy$CglibMethodInvocation.proceed(CglibAopProxy.java:765)
	at org.springframework.transaction.interceptor.TransactionInterceptor$1.proceedWithInvocation(TransactionInterceptor.java:123)
	at org.springframework.transaction.interceptor.TransactionAspectSupport.invokeWithinTransaction(TransactionAspectSupport.java:385)
	at org.springframework.transaction.interceptor.TransactionInterceptor.invoke(TransactionInterceptor.java:119)
	at org.springframework.aop.framework.ReflectiveMethodInvocation.proceed(ReflectiveMethodInvocation.java:184)
	at org.springframework.aop.framework.CglibAopProxy$CglibMethodInvocation.proceed(CglibAopProxy.java:765)
	at org.springframework.aop.framework.CglibAopProxy$DynamicAdvisedInterceptor.intercept(CglibAopProxy.java:717)
	at com.bcu.edu.service.RefundService$$SpringCGLIB$$0.quitTeam(<generated>)
	at com.bcu.edu.controller.TeamController.quitTeam(TeamController.java:184)
	at java.base/jdk.internal.reflect.NativeMethodAccessorImpl.invoke0(Native Method)
	at java.base/jdk.internal.reflect.NativeMethodAccessorImpl.invoke(NativeMethodAccessorImpl.java:77)
	at java.base/jdk.internal.reflect.DelegatingMethodAccessorImpl.invoke(DelegatingMethodAccessorImpl.java:43)
	at java.base/java.lang.reflect.Method.invoke(Method.java:568)
	at org.springframework.web.method.support.InvocableHandlerMethod.doInvoke(InvocableHandlerMethod.java:259)
	at org.springframework.web.method.support.InvocableHandlerMethod.invokeForRequest(InvocableHandlerMethod.java:192)
	at org.springframework.web.servlet.mvc.method.annotation.ServletInvocableHandlerMethod.invokeAndHandle(ServletInvocableHandlerMethod.java:118)
	at org.springframework.web.servlet.mvc.method.annotation.RequestMappingHandlerAdapter.invokeHandlerMethod(RequestMappingHandlerAdapter.java:920)
	at org.springframework.web.servlet.mvc.method.annotation.RequestMappingHandlerAdapter.handleInternal(RequestMappingHandlerAdapter.java:830)
	at org.springframework.web.servlet.mvc.method.AbstractHandlerMethodAdapter.handle(AbstractHandlerMethodAdapter.java:87)
	at org.springframework.web.servlet.DispatcherServlet.doDispatch(DispatcherServlet.java:1089)
	at org.springframework.web.servlet.DispatcherServlet.doService(DispatcherServlet.java:979)
	at org.springframework.web.servlet.FrameworkServlet.processRequest(FrameworkServlet.java:1014)
	at org.springframework.web.servlet.FrameworkServlet.doPost(FrameworkServlet.java:914)
	at jakarta.servlet.http.HttpServlet.service(HttpServlet.java:590)
	at org.springframework.web.servlet.FrameworkServlet.service(FrameworkServlet.java:885)
	at jakarta.servlet.http.HttpServlet.service(HttpServlet.java:658)
	at org.apache.catalina.core.ApplicationFilterChain.internalDoFilter(ApplicationFilterChain.java:205)
	at org.apache.catalina.core.ApplicationFilterChain.doFilter(ApplicationFilterChain.java:149)
	at org.apache.tomcat.websocket.server.WsFilter.doFilter(WsFilter.java:51)
	at org.apache.catalina.core.ApplicationFilterChain.internalDoFilter(ApplicationFilterChain.java:174)
	at org.apache.catalina.core.ApplicationFilterChain.doFilter(ApplicationFilterChain.java:149)
	at org.springframework.web.filter.RequestContextFilter.doFilterInternal(RequestContextFilter.java:100)
	at org.springframework.web.filter.OncePerRequestFilter.doFilter(OncePerRequestFilter.java:116)
	at org.apache.catalina.core.ApplicationFilterChain.internalDoFilter(ApplicationFilterChain.java:174)
	at org.apache.catalina.core.ApplicationFilterChain.doFilter(ApplicationFilterChain.java:149)
	at org.springframework.web.filter.FormContentFilter.doFilterInternal(FormContentFilter.java:93)
	at org.springframework.web.filter.OncePerRequestFilter.doFilter(OncePerRequestFilter.java:116)
	at org.apache.catalina.core.ApplicationFilterChain.internalDoFilter(ApplicationFilterChain.java:174)
	at org.apache.catalina.core.ApplicationFilterChain.doFilter(ApplicationFilterChain.java:149)
	at org.springframework.web.filter.ServerHttpObservationFilter.doFilterInternal(ServerHttpObservationFilter.java:109)
	at org.springframework.web.filter.OncePerRequestFilter.doFilter(OncePerRequestFilter.java:116)
	at org.apache.catalina.core.ApplicationFilterChain.internalDoFilter(ApplicationFilterChain.java:174)
	at org.apache.catalina.core.ApplicationFilterChain.doFilter(ApplicationFilterChain.java:149)
	at org.springframework.web.filter.CharacterEncodingFilter.doFilterInternal(CharacterEncodingFilter.java:201)
	at org.springframework.web.filter.OncePerRequestFilter.doFilter(OncePerRequestFilter.java:116)
	at org.apache.catalina.core.ApplicationFilterChain.internalDoFilter(ApplicationFilterChain.java:174)
	at org.apache.catalina.core.ApplicationFilterChain.doFilter(ApplicationFilterChain.java:149)
	at org.apache.catalina.core.StandardWrapperValve.invoke(StandardWrapperValve.java:167)
	at org.apache.catalina.core.StandardContextValve.invoke(StandardContextValve.java:90)
	at org.apache.catalina.authenticator.AuthenticatorBase.invoke(AuthenticatorBase.java:482)
	at org.apache.catalina.core.StandardHostValve.invoke(StandardHostValve.java:115)
	at org.apache.catalina.valves.ErrorReportValve.invoke(ErrorReportValve.java:93)
	at org.apache.catalina.core.StandardEngineValve.invoke(StandardEngineValve.java:74)
	at org.apache.catalina.connector.CoyoteAdapter.service(CoyoteAdapter.java:344)
	at org.apache.coyote.http11.Http11Processor.service(Http11Processor.java:391)
	at org.apache.coyote.AbstractProcessorLight.process(AbstractProcessorLight.java:63)
	at org.apache.coyote.AbstractProtocol$ConnectionHandler.process(AbstractProtocol.java:896)
	at org.apache.tomcat.util.net.NioEndpoint$SocketProcessor.doRun(NioEndpoint.java:1744)
	at org.apache.tomcat.util.net.SocketProcessorBase.run(SocketProcessorBase.java:52)
	at org.apache.tomcat.util.threads.ThreadPoolExecutor.runWorker(ThreadPoolExecutor.java:1191)
	at org.apache.tomcat.util.threads.ThreadPoolExecutor$Worker.run(ThreadPoolExecutor.java:659)
	at org.apache.tomcat.util.threads.TaskThread$WrappingRunnable.run(TaskThread.java:63)
	at java.base/java.lang.Thread.run(Thread.java:833)
[2025-11-10 21:23:14.097] [ERROR] [groupbuy-service] [http-nio-8063-exec-4] [com.bcu.edu.common.handler.GlobalExceptionHandler:?] - 业务异常：未找到参团记录或已退出
com.bcu.edu.common.exception.BusinessException: 未找到参团记录或已退出
	at com.bcu.edu.service.RefundService.lambda$2(RefundService.java:144)
	at java.base/java.util.Optional.orElseThrow(Optional.java:403)
	at com.bcu.edu.service.RefundService.quitTeam(RefundService.java:144)
	at java.base/jdk.internal.reflect.NativeMethodAccessorImpl.invoke0(Native Method)
	at java.base/jdk.internal.reflect.NativeMethodAccessorImpl.invoke(NativeMethodAccessorImpl.java:77)
	at java.base/jdk.internal.reflect.DelegatingMethodAccessorImpl.invoke(DelegatingMethodAccessorImpl.java:43)
	at java.base/java.lang.reflect.Method.invoke(Method.java:568)
	at org.springframework.aop.support.AopUtils.invokeJoinpointUsingReflection(AopUtils.java:351)
	at org.springframework.aop.framework.ReflectiveMethodInvocation.invokeJoinpoint(ReflectiveMethodInvocation.java:196)
	at org.springframework.aop.framework.ReflectiveMethodInvocation.proceed(ReflectiveMethodInvocation.java:163)
	at org.springframework.aop.framework.CglibAopProxy$CglibMethodInvocation.proceed(CglibAopProxy.java:765)
	at org.springframework.transaction.interceptor.TransactionInterceptor$1.proceedWithInvocation(TransactionInterceptor.java:123)
	at org.springframework.transaction.interceptor.TransactionAspectSupport.invokeWithinTransaction(TransactionAspectSupport.java:385)
	at org.springframework.transaction.interceptor.TransactionInterceptor.invoke(TransactionInterceptor.java:119)
	at org.springframework.aop.framework.ReflectiveMethodInvocation.proceed(ReflectiveMethodInvocation.java:184)
	at org.springframework.aop.framework.CglibAopProxy$CglibMethodInvocation.proceed(CglibAopProxy.java:765)
	at org.springframework.aop.framework.CglibAopProxy$DynamicAdvisedInterceptor.intercept(CglibAopProxy.java:717)
	at com.bcu.edu.service.RefundService$$SpringCGLIB$$0.quitTeam(<generated>)
	at com.bcu.edu.controller.TeamController.quitTeam(TeamController.java:184)
	at java.base/jdk.internal.reflect.NativeMethodAccessorImpl.invoke0(Native Method)
	at java.base/jdk.internal.reflect.NativeMethodAccessorImpl.invoke(NativeMethodAccessorImpl.java:77)
	at java.base/jdk.internal.reflect.DelegatingMethodAccessorImpl.invoke(DelegatingMethodAccessorImpl.java:43)
	at java.base/java.lang.reflect.Method.invoke(Method.java:568)
	at org.springframework.web.method.support.InvocableHandlerMethod.doInvoke(InvocableHandlerMethod.java:259)
	at org.springframework.web.method.support.InvocableHandlerMethod.invokeForRequest(InvocableHandlerMethod.java:192)
	at org.springframework.web.servlet.mvc.method.annotation.ServletInvocableHandlerMethod.invokeAndHandle(ServletInvocableHandlerMethod.java:118)
	at org.springframework.web.servlet.mvc.method.annotation.RequestMappingHandlerAdapter.invokeHandlerMethod(RequestMappingHandlerAdapter.java:920)
	at org.springframework.web.servlet.mvc.method.annotation.RequestMappingHandlerAdapter.handleInternal(RequestMappingHandlerAdapter.java:830)
	at org.springframework.web.servlet.mvc.method.AbstractHandlerMethodAdapter.handle(AbstractHandlerMethodAdapter.java:87)
	at org.springframework.web.servlet.DispatcherServlet.doDispatch(DispatcherServlet.java:1089)
	at org.springframework.web.servlet.DispatcherServlet.doService(DispatcherServlet.java:979)
	at org.springframework.web.servlet.FrameworkServlet.processRequest(FrameworkServlet.java:1014)
	at org.springframework.web.servlet.FrameworkServlet.doPost(FrameworkServlet.java:914)
	at jakarta.servlet.http.HttpServlet.service(HttpServlet.java:590)
	at org.springframework.web.servlet.FrameworkServlet.service(FrameworkServlet.java:885)
	at jakarta.servlet.http.HttpServlet.service(HttpServlet.java:658)
	at org.apache.catalina.core.ApplicationFilterChain.internalDoFilter(ApplicationFilterChain.java:205)
	at org.apache.catalina.core.ApplicationFilterChain.doFilter(ApplicationFilterChain.java:149)
	at org.apache.tomcat.websocket.server.WsFilter.doFilter(WsFilter.java:51)
	at org.apache.catalina.core.ApplicationFilterChain.internalDoFilter(ApplicationFilterChain.java:174)
	at org.apache.catalina.core.ApplicationFilterChain.doFilter(ApplicationFilterChain.java:149)
	at org.springframework.web.filter.RequestContextFilter.doFilterInternal(RequestContextFilter.java:100)
	at org.springframework.web.filter.OncePerRequestFilter.doFilter(OncePerRequestFilter.java:116)
	at org.apache.catalina.core.ApplicationFilterChain.internalDoFilter(ApplicationFilterChain.java:174)
	at org.apache.catalina.core.ApplicationFilterChain.doFilter(ApplicationFilterChain.java:149)
	at org.springframework.web.filter.FormContentFilter.doFilterInternal(FormContentFilter.java:93)
	at org.springframework.web.filter.OncePerRequestFilter.doFilter(OncePerRequestFilter.java:116)
	at org.apache.catalina.core.ApplicationFilterChain.internalDoFilter(ApplicationFilterChain.java:174)
	at org.apache.catalina.core.ApplicationFilterChain.doFilter(ApplicationFilterChain.java:149)
	at org.springframework.web.filter.ServerHttpObservationFilter.doFilterInternal(ServerHttpObservationFilter.java:109)
	at org.springframework.web.filter.OncePerRequestFilter.doFilter(OncePerRequestFilter.java:116)
	at org.apache.catalina.core.ApplicationFilterChain.internalDoFilter(ApplicationFilterChain.java:174)
	at org.apache.catalina.core.ApplicationFilterChain.doFilter(ApplicationFilterChain.java:149)
	at org.springframework.web.filter.CharacterEncodingFilter.doFilterInternal(CharacterEncodingFilter.java:201)
	at org.springframework.web.filter.OncePerRequestFilter.doFilter(OncePerRequestFilter.java:116)
	at org.apache.catalina.core.ApplicationFilterChain.internalDoFilter(ApplicationFilterChain.java:174)
	at org.apache.catalina.core.ApplicationFilterChain.doFilter(ApplicationFilterChain.java:149)
	at org.apache.catalina.core.StandardWrapperValve.invoke(StandardWrapperValve.java:167)
	at org.apache.catalina.core.StandardContextValve.invoke(StandardContextValve.java:90)
	at org.apache.catalina.authenticator.AuthenticatorBase.invoke(AuthenticatorBase.java:482)
	at org.apache.catalina.core.StandardHostValve.invoke(StandardHostValve.java:115)
	at org.apache.catalina.valves.ErrorReportValve.invoke(ErrorReportValve.java:93)
	at org.apache.catalina.core.StandardEngineValve.invoke(StandardEngineValve.java:74)
	at org.apache.catalina.connector.CoyoteAdapter.service(CoyoteAdapter.java:344)
	at org.apache.coyote.http11.Http11Processor.service(Http11Processor.java:391)
	at org.apache.coyote.AbstractProcessorLight.process(AbstractProcessorLight.java:63)
	at org.apache.coyote.AbstractProtocol$ConnectionHandler.process(AbstractProtocol.java:896)
	at org.apache.tomcat.util.net.NioEndpoint$SocketProcessor.doRun(NioEndpoint.java:1744)
	at org.apache.tomcat.util.net.SocketProcessorBase.run(SocketProcessorBase.java:52)
	at org.apache.tomcat.util.threads.ThreadPoolExecutor.runWorker(ThreadPoolExecutor.java:1191)
	at org.apache.tomcat.util.threads.ThreadPoolExecutor$Worker.run(ThreadPoolExecutor.java:659)
	at org.apache.tomcat.util.threads.TaskThread$WrappingRunnable.run(TaskThread.java:63)
	at java.base/java.lang.Thread.run(Thread.java:833)
[2025-11-10 21:23:26.777] [INFO ] [groupbuy-service] [http-nio-8063-exec-8] [com.bcu.edu.service.TeamService:?] - 查询用户3的拼团记录
[2025-11-10 21:23:35.591] [INFO ] [groupbuy-service] [http-nio-8063-exec-3] [com.bcu.edu.controller.TeamController:?] - 查询团长3的拼团记录，status=null, page=0, limit=1000
[2025-11-10 21:23:35.591] [INFO ] [groupbuy-service] [http-nio-8063-exec-3] [com.bcu.edu.service.TeamService:?] - 查询团长3的拼团记录，status=null, page=0, limit=1000
[2025-11-10 21:23:35.595] [INFO ] [groupbuy-service] [http-nio-8063-exec-3] [com.bcu.edu.service.TeamService:?] - 团长3共有10个拼团记录，本页返回10个
[2025-11-10 21:23:38.716] [INFO ] [groupbuy-service] [http-nio-8063-exec-6] [com.bcu.edu.controller.TeamController:?] - 查询团长3的拼团记录，status=null, page=0, limit=12
[2025-11-10 21:23:38.716] [INFO ] [groupbuy-service] [http-nio-8063-exec-6] [com.bcu.edu.service.TeamService:?] - 查询团长3的拼团记录，status=null, page=0, limit=12
[2025-11-10 21:23:38.719] [INFO ] [groupbuy-service] [http-nio-8063-exec-6] [com.bcu.edu.service.TeamService:?] - 团长3共有10个拼团记录，本页返回10个
[2025-11-10 21:23:45.293] [INFO ] [groupbuy-service] [http-nio-8063-exec-7] [com.bcu.edu.controller.TeamController:?] - 团长3请求移除成员，teamId=15, memberId=17, reason=团长移除成员
[2025-11-10 21:23:45.293] [INFO ] [groupbuy-service] [http-nio-8063-exec-7] [com.bcu.edu.service.TeamService:?] - 团长移除成员，teamId=15, memberId=17, userId=3, reason=团长移除成员
[2025-11-10 21:23:45.301] [INFO ] [groupbuy-service] [http-nio-8063-exec-7] [com.bcu.edu.service.TeamService:?] - 参团记录已删除，memberId=17, status=0
[2025-11-10 21:23:45.301] [INFO ] [groupbuy-service] [http-nio-8063-exec-7] [com.bcu.edu.service.TeamService:?] - 未支付成员无需减少团人数，memberId=17, status=0
[2025-11-10 21:23:45.301] [INFO ] [groupbuy-service] [http-nio-8063-exec-7] [com.bcu.edu.service.TeamService:?] - 成员已移除，teamId=15, memberId=17, userId=4
[2025-11-10 21:23:49.034] [INFO ] [groupbuy-service] [http-nio-8063-exec-8] [com.bcu.edu.controller.TeamController:?] - 查询团长3的拼团记录，status=null, page=0, limit=1000
[2025-11-10 21:23:49.034] [INFO ] [groupbuy-service] [http-nio-8063-exec-8] [com.bcu.edu.service.TeamService:?] - 查询团长3的拼团记录，status=null, page=0, limit=1000
[2025-11-10 21:23:49.038] [INFO ] [groupbuy-service] [http-nio-8063-exec-8] [com.bcu.edu.service.TeamService:?] - 团长3共有10个拼团记录，本页返回10个
[2025-11-10 21:23:58.753] [INFO ] [groupbuy-service] [http-nio-8063-exec-2] [com.bcu.edu.controller.ActivityController:?] - 查询商品2的拼团活动，communityId=1
[2025-11-10 21:23:58.754] [INFO ] [groupbuy-service] [http-nio-8063-exec-2] [com.bcu.edu.service.GroupBuyService:?] - 商品2有1个进行中的拼团活动
[2025-11-10 21:23:58.756] [INFO ] [groupbuy-service] [http-nio-8063-exec-2] [com.bcu.edu.service.GroupBuyService:?] - 活动4有1个进行中的团
[2025-11-10 21:24:00.156] [INFO ] [groupbuy-service] [http-nio-8063-exec-3] [com.bcu.edu.controller.ActivityController:?] - 查询商品2的拼团活动，communityId=1
[2025-11-10 21:24:00.158] [INFO ] [groupbuy-service] [http-nio-8063-exec-3] [com.bcu.edu.service.GroupBuyService:?] - 商品2有1个进行中的拼团活动
[2025-11-10 21:24:00.160] [INFO ] [groupbuy-service] [http-nio-8063-exec-3] [com.bcu.edu.service.GroupBuyService:?] - 活动4有1个进行中的团
[2025-11-10 21:24:01.228] [INFO ] [groupbuy-service] [http-nio-8063-exec-6] [com.bcu.edu.controller.ActivityController:?] - 查询商品2的拼团活动，communityId=1
[2025-11-10 21:24:01.229] [INFO ] [groupbuy-service] [http-nio-8063-exec-6] [com.bcu.edu.service.GroupBuyService:?] - 商品2有1个进行中的拼团活动
[2025-11-10 21:24:01.231] [INFO ] [groupbuy-service] [http-nio-8063-exec-6] [com.bcu.edu.service.GroupBuyService:?] - 活动4有1个进行中的团
[2025-11-10 21:24:10.066] [INFO ] [groupbuy-service] [http-nio-8063-exec-9] [com.bcu.edu.service.TeamService:?] - 用户4参团，teamId=15, 当前人数=0/2
[2025-11-10 21:24:10.104] [INFO ] [groupbuy-service] [http-nio-8063-exec-9] [com.bcu.edu.service.TeamService:?] - 参团订单创建成功，orderId=18
[2025-11-10 21:24:10.105] [INFO ] [groupbuy-service] [http-nio-8063-exec-9] [com.bcu.edu.service.TeamService:?] - 参团记录创建成功，memberId=18
[2025-11-10 21:24:13.694] [INFO ] [groupbuy-service] [http-nio-8063-exec-10] [com.bcu.edu.controller.TeamController:?] - 收到支付回调，orderId=18
[2025-11-10 21:24:13.696] [INFO ] [groupbuy-service] [http-nio-8063-exec-10] [com.bcu.edu.service.TeamService:?] - 支付回调，orderId=18, 当前状态=0
[2025-11-10 21:24:13.696] [INFO ] [groupbuy-service] [http-nio-8063-exec-10] [com.bcu.edu.service.TeamService:?] - 参团状态更新为已支付，memberId=18
[2025-11-10 21:24:13.698] [INFO ] [groupbuy-service] [http-nio-8063-exec-10] [com.bcu.edu.service.TeamService:?] - 团人数更新，teamId=15, currentNum=1/2
[2025-11-10 21:24:15.323] [INFO ] [groupbuy-service] [http-nio-8063-exec-7] [com.bcu.edu.service.TeamService:?] - 查询用户4的拼团记录
[2025-11-10 21:24:25.250] [INFO ] [groupbuy-service] [http-nio-8063-exec-1] [com.bcu.edu.service.TeamService:?] - 查询用户3的拼团记录
[2025-11-10 21:24:33.671] [INFO ] [groupbuy-service] [http-nio-8063-exec-4] [com.bcu.edu.controller.TeamController:?] - 查询团长3的拼团记录，status=null, page=0, limit=1000
[2025-11-10 21:24:33.671] [INFO ] [groupbuy-service] [http-nio-8063-exec-4] [com.bcu.edu.service.TeamService:?] - 查询团长3的拼团记录，status=null, page=0, limit=1000
[2025-11-10 21:24:33.674] [INFO ] [groupbuy-service] [http-nio-8063-exec-4] [com.bcu.edu.service.TeamService:?] - 团长3共有10个拼团记录，本页返回10个
[2025-11-10 21:24:35.817] [INFO ] [groupbuy-service] [http-nio-8063-exec-8] [com.bcu.edu.controller.TeamController:?] - 查询团长3的拼团记录，status=null, page=0, limit=12
[2025-11-10 21:24:35.817] [INFO ] [groupbuy-service] [http-nio-8063-exec-8] [com.bcu.edu.service.TeamService:?] - 查询团长3的拼团记录，status=null, page=0, limit=12
[2025-11-10 21:24:35.819] [INFO ] [groupbuy-service] [http-nio-8063-exec-8] [com.bcu.edu.service.TeamService:?] - 团长3共有10个拼团记录，本页返回10个
[2025-11-10 21:26:27.136] [INFO ] [groupbuy-service] [http-nio-8063-exec-7] [com.bcu.edu.controller.TeamController:?] - 查询团长3的拼团记录，status=null, page=0, limit=1000
[2025-11-10 21:26:27.136] [INFO ] [groupbuy-service] [http-nio-8063-exec-7] [com.bcu.edu.service.TeamService:?] - 查询团长3的拼团记录，status=null, page=0, limit=1000
[2025-11-10 21:26:27.139] [INFO ] [groupbuy-service] [http-nio-8063-exec-7] [com.bcu.edu.service.TeamService:?] - 团长3共有10个拼团记录，本页返回10个
[2025-11-10 21:27:13.528] [INFO ] [groupbuy-service] [SpringApplicationShutdownHook] [o.s.c.consul.serviceregistry.ConsulServiceRegistry:?] - Deregistering service with consul: groupbuy-service-8063
[2025-11-10 21:27:13.539] [INFO ] [groupbuy-service] [SpringApplicationShutdownHook] [o.s.orm.jpa.LocalContainerEntityManagerFactoryBean:?] - Closing JPA EntityManagerFactory for persistence unit 'default'
[2025-11-10 21:27:13.545] [INFO ] [groupbuy-service] [SpringApplicationShutdownHook] [com.zaxxer.hikari.HikariDataSource:?] - HikariPool-1 - Shutdown initiated...
[2025-11-10 21:27:13.548] [INFO ] [groupbuy-service] [SpringApplicationShutdownHook] [com.zaxxer.hikari.HikariDataSource:?] - HikariPool-1 - Shutdown completed.
