[2025-11-04 20:18:58.035] [DEBUG] [groupbuy-service] [main] [com.bcu.edu.GroupBuyServiceApplication:51] - Running with Spring Boot v3.2.3, Spring v6.1.4
[2025-11-04 20:35:09.020] [DEBUG] [groupbuy-service] [http-nio-8063-exec-1] [org.hibernate.SQL:135] - 
    select
        gb1_0.activity_id,
        gb1_0.create_time,
        gb1_0.end_time,
        gb1_0.group_price,
        gb1_0.link,
        gb1_0.max_num,
        gb1_0.product_id,
        gb1_0.qrcode_url,
        gb1_0.required_num,
        gb1_0.start_time,
        gb1_0.status 
    from
        group_buy gb1_0 
    where
        gb1_0.product_id=?
[2025-11-04 20:35:09.081] [DEBUG] [groupbuy-service] [http-nio-8063-exec-1] [org.hibernate.SQL:135] - 
    SELECT
        * 
    FROM
        group_buy_team t 
    WHERE
        t.activity_id = ?   
        AND t.team_status = 0   
        AND t.expire_time > NOW() 
    ORDER BY
        CASE 
            WHEN t.community_id = ? 
                THEN 0 
            ELSE 1 
        END ASC,
        t.create_time DESC 
    LIMIT
        ? 
[2025-11-04 20:36:46.431] [DEBUG] [groupbuy-service] [http-nio-8063-exec-3] [org.hibernate.SQL:135] - 
    select
        gb1_0.activity_id,
        gb1_0.create_time,
        gb1_0.end_time,
        gb1_0.group_price,
        gb1_0.link,
        gb1_0.max_num,
        gb1_0.product_id,
        gb1_0.qrcode_url,
        gb1_0.required_num,
        gb1_0.start_time,
        gb1_0.status 
    from
        group_buy gb1_0 
    where
        gb1_0.product_id=?
[2025-11-04 20:36:46.434] [DEBUG] [groupbuy-service] [http-nio-8063-exec-3] [org.hibernate.SQL:135] - 
    SELECT
        * 
    FROM
        group_buy_team t 
    WHERE
        t.activity_id = ?   
        AND t.team_status = 0   
        AND t.expire_time > NOW() 
    ORDER BY
        CASE 
            WHEN t.community_id = ? 
                THEN 0 
            ELSE 1 
        END ASC,
        t.create_time DESC 
    LIMIT
        ? 
[2025-11-04 20:59:04.886] [DEBUG] [groupbuy-service] [http-nio-8063-exec-5] [org.hibernate.SQL:135] - 
    select
        gb1_0.activity_id,
        gb1_0.create_time,
        gb1_0.end_time,
        gb1_0.group_price,
        gb1_0.link,
        gb1_0.max_num,
        gb1_0.product_id,
        gb1_0.qrcode_url,
        gb1_0.required_num,
        gb1_0.start_time,
        gb1_0.status 
    from
        group_buy gb1_0 
    where
        gb1_0.status=1 
        and gb1_0.start_time<=? 
        and gb1_0.end_time>=?
[2025-11-04 20:59:10.727] [DEBUG] [groupbuy-service] [http-nio-8063-exec-6] [org.hibernate.SQL:135] - 
    SELECT
        * 
    FROM
        group_buy_team t 
    WHERE
        t.leader_id = ?   
        AND (
            ? IS NULL 
            OR t.team_status = ?
        ) 
    ORDER BY
        t.create_time DESC 
    LIMIT
        ? 
    OFFSET
        ? 
[2025-11-04 20:59:10.737] [DEBUG] [groupbuy-service] [http-nio-8063-exec-6] [org.hibernate.SQL:135] - 
    select
        count(gbt1_0.team_id) 
    from
        group_buy_team gbt1_0 
    where
        gbt1_0.leader_id=? 
        and (
            ? is null 
            or gbt1_0.team_status=?
        )
[2025-11-04 20:59:10.758] [DEBUG] [groupbuy-service] [http-nio-8063-exec-6] [org.hibernate.SQL:135] - 
    select
        gb1_0.activity_id,
        gb1_0.create_time,
        gb1_0.end_time,
        gb1_0.group_price,
        gb1_0.link,
        gb1_0.max_num,
        gb1_0.product_id,
        gb1_0.qrcode_url,
        gb1_0.required_num,
        gb1_0.start_time,
        gb1_0.status 
    from
        group_buy gb1_0 
    where
        gb1_0.activity_id=?
[2025-11-04 20:59:10.819] [DEBUG] [groupbuy-service] [http-nio-8063-exec-6] [org.hibernate.SQL:135] - 
    select
        gbm1_0.member_id,
        gbm1_0.is_launcher,
        gbm1_0.join_time,
        gbm1_0.order_id,
        gbm1_0.pay_amount,
        gbm1_0.status,
        gbm1_0.team_id,
        gbm1_0.user_id 
    from
        group_buy_member gbm1_0 
    where
        gbm1_0.team_id=? 
    order by
        gbm1_0.join_time
[2025-11-04 20:59:18.509] [DEBUG] [groupbuy-service] [http-nio-8063-exec-7] [org.hibernate.SQL:135] - 
    select
        gbt1_0.team_id,
        gbt1_0.activity_id,
        gbt1_0.community_id,
        gbt1_0.create_time,
        gbt1_0.current_num,
        gbt1_0.expire_time,
        gbt1_0.launcher_id,
        gbt1_0.leader_id,
        gbt1_0.required_num,
        gbt1_0.success_time,
        gbt1_0.team_no,
        gbt1_0.team_status 
    from
        group_buy_team gbt1_0 
    where
        gbt1_0.team_id=?
[2025-11-04 20:59:18.512] [DEBUG] [groupbuy-service] [http-nio-8063-exec-7] [org.hibernate.SQL:135] - 
    select
        gb1_0.activity_id,
        gb1_0.create_time,
        gb1_0.end_time,
        gb1_0.group_price,
        gb1_0.link,
        gb1_0.max_num,
        gb1_0.product_id,
        gb1_0.qrcode_url,
        gb1_0.required_num,
        gb1_0.start_time,
        gb1_0.status 
    from
        group_buy gb1_0 
    where
        gb1_0.activity_id=?
[2025-11-04 20:59:18.529] [DEBUG] [groupbuy-service] [http-nio-8063-exec-7] [org.hibernate.SQL:135] - 
    select
        gbm1_0.member_id,
        gbm1_0.is_launcher,
        gbm1_0.join_time,
        gbm1_0.order_id,
        gbm1_0.pay_amount,
        gbm1_0.status,
        gbm1_0.team_id,
        gbm1_0.user_id 
    from
        group_buy_member gbm1_0 
    where
        gbm1_0.team_id=? 
    order by
        gbm1_0.join_time
[2025-11-04 20:59:22.169] [DEBUG] [groupbuy-service] [http-nio-8063-exec-8] [org.hibernate.SQL:135] - 
    select
        gbt1_0.team_id,
        gbt1_0.activity_id,
        gbt1_0.community_id,
        gbt1_0.create_time,
        gbt1_0.current_num,
        gbt1_0.expire_time,
        gbt1_0.launcher_id,
        gbt1_0.leader_id,
        gbt1_0.required_num,
        gbt1_0.success_time,
        gbt1_0.team_no,
        gbt1_0.team_status 
    from
        group_buy_team gbt1_0 
    where
        gbt1_0.team_id=? for update
[2025-11-04 20:59:22.229] [DEBUG] [groupbuy-service] [http-nio-8063-exec-8] [com.bcu.edu.common.aspect.OperationLogAspect:113] - 操作日志已通过Feign记录: module=拼团管理, operation=参与拼团
[2025-11-04 20:59:25.481] [DEBUG] [groupbuy-service] [http-nio-8063-exec-9] [org.hibernate.SQL:135] - 
    SELECT
        * 
    FROM
        group_buy_team t 
    WHERE
        t.leader_id = ?   
        AND (
            ? IS NULL 
            OR t.team_status = ?
        ) 
    ORDER BY
        t.create_time DESC 
    LIMIT
        ? 
    OFFSET
        ? 
[2025-11-04 20:59:25.487] [DEBUG] [groupbuy-service] [http-nio-8063-exec-9] [org.hibernate.SQL:135] - 
    select
        count(gbt1_0.team_id) 
    from
        group_buy_team gbt1_0 
    where
        gbt1_0.leader_id=? 
        and (
            ? is null 
            or gbt1_0.team_status=?
        )
[2025-11-04 20:59:25.491] [DEBUG] [groupbuy-service] [http-nio-8063-exec-9] [org.hibernate.SQL:135] - 
    select
        gb1_0.activity_id,
        gb1_0.create_time,
        gb1_0.end_time,
        gb1_0.group_price,
        gb1_0.link,
        gb1_0.max_num,
        gb1_0.product_id,
        gb1_0.qrcode_url,
        gb1_0.required_num,
        gb1_0.start_time,
        gb1_0.status 
    from
        group_buy gb1_0 
    where
        gb1_0.activity_id=?
[2025-11-04 20:59:25.511] [DEBUG] [groupbuy-service] [http-nio-8063-exec-9] [org.hibernate.SQL:135] - 
    select
        gbm1_0.member_id,
        gbm1_0.is_launcher,
        gbm1_0.join_time,
        gbm1_0.order_id,
        gbm1_0.pay_amount,
        gbm1_0.status,
        gbm1_0.team_id,
        gbm1_0.user_id 
    from
        group_buy_member gbm1_0 
    where
        gbm1_0.team_id=? 
    order by
        gbm1_0.join_time
[2025-11-04 20:59:28.576] [DEBUG] [groupbuy-service] [http-nio-8063-exec-10] [org.hibernate.SQL:135] - 
    select
        gb1_0.activity_id,
        gb1_0.create_time,
        gb1_0.end_time,
        gb1_0.group_price,
        gb1_0.link,
        gb1_0.max_num,
        gb1_0.product_id,
        gb1_0.qrcode_url,
        gb1_0.required_num,
        gb1_0.start_time,
        gb1_0.status 
    from
        group_buy gb1_0
[2025-11-04 20:59:58.147] [DEBUG] [groupbuy-service] [http-nio-8063-exec-1] [org.hibernate.SQL:135] - 
    insert 
    into
        group_buy
        (create_time, end_time, group_price, link, max_num, product_id, qrcode_url, required_num, start_time, status) 
    values
        (?, ?, ?, ?, ?, ?, ?, ?, ?, ?)
[2025-11-04 20:59:58.165] [DEBUG] [groupbuy-service] [http-nio-8063-exec-1] [com.bcu.edu.common.aspect.OperationLogAspect:113] - 操作日志已通过Feign记录: module=活动管理, operation=创建拼团活动
[2025-11-04 20:59:58.374] [DEBUG] [groupbuy-service] [http-nio-8063-exec-2] [org.hibernate.SQL:135] - 
    select
        gb1_0.activity_id,
        gb1_0.create_time,
        gb1_0.end_time,
        gb1_0.group_price,
        gb1_0.link,
        gb1_0.max_num,
        gb1_0.product_id,
        gb1_0.qrcode_url,
        gb1_0.required_num,
        gb1_0.start_time,
        gb1_0.status 
    from
        group_buy gb1_0
[2025-11-04 21:00:00.035] [DEBUG] [groupbuy-service] [scheduling-1] [org.hibernate.SQL:135] - 
    select
        gbt1_0.team_id 
    from
        group_buy_team gbt1_0 
    where
        gbt1_0.team_status=0 
        and gbt1_0.expire_time<?
[2025-11-04 21:00:00.038] [DEBUG] [groupbuy-service] [scheduling-1] [org.hibernate.SQL:135] - 
    select
        gbt1_0.team_id,
        gbt1_0.activity_id,
        gbt1_0.community_id,
        gbt1_0.create_time,
        gbt1_0.current_num,
        gbt1_0.expire_time,
        gbt1_0.launcher_id,
        gbt1_0.leader_id,
        gbt1_0.required_num,
        gbt1_0.success_time,
        gbt1_0.team_no,
        gbt1_0.team_status 
    from
        group_buy_team gbt1_0 
    where
        gbt1_0.team_id=? for update
[2025-11-04 21:00:00.045] [DEBUG] [groupbuy-service] [scheduling-1] [org.hibernate.SQL:135] - 
    select
        gbm1_0.member_id,
        gbm1_0.is_launcher,
        gbm1_0.join_time,
        gbm1_0.order_id,
        gbm1_0.pay_amount,
        gbm1_0.status,
        gbm1_0.team_id,
        gbm1_0.user_id 
    from
        group_buy_member gbm1_0 
    where
        gbm1_0.team_id=? 
        and gbm1_0.status=?
[2025-11-04 21:00:00.053] [DEBUG] [groupbuy-service] [scheduling-1] [org.hibernate.SQL:135] - 
    update
        group_buy_team 
    set
        activity_id=?,
        community_id=?,
        current_num=?,
        expire_time=?,
        launcher_id=?,
        leader_id=?,
        required_num=?,
        success_time=?,
        team_no=?,
        team_status=? 
    where
        team_id=?
[2025-11-04 21:00:07.459] [DEBUG] [groupbuy-service] [http-nio-8063-exec-3] [org.hibernate.SQL:135] - 
    select
        gb1_0.activity_id,
        gb1_0.create_time,
        gb1_0.end_time,
        gb1_0.group_price,
        gb1_0.link,
        gb1_0.max_num,
        gb1_0.product_id,
        gb1_0.qrcode_url,
        gb1_0.required_num,
        gb1_0.start_time,
        gb1_0.status 
    from
        group_buy gb1_0
[2025-11-04 21:00:08.517] [DEBUG] [groupbuy-service] [http-nio-8063-exec-4] [org.hibernate.SQL:135] - 
    SELECT
        * 
    FROM
        group_buy_team t 
    WHERE
        t.leader_id = ?   
        AND (
            ? IS NULL 
            OR t.team_status = ?
        ) 
    ORDER BY
        t.create_time DESC 
    LIMIT
        ? 
    OFFSET
        ? 
[2025-11-04 21:00:08.519] [DEBUG] [groupbuy-service] [http-nio-8063-exec-4] [org.hibernate.SQL:135] - 
    select
        count(gbt1_0.team_id) 
    from
        group_buy_team gbt1_0 
    where
        gbt1_0.leader_id=? 
        and (
            ? is null 
            or gbt1_0.team_status=?
        )
[2025-11-04 21:00:09.882] [DEBUG] [groupbuy-service] [http-nio-8063-exec-5] [org.hibernate.SQL:135] - 
    select
        gb1_0.activity_id,
        gb1_0.create_time,
        gb1_0.end_time,
        gb1_0.group_price,
        gb1_0.link,
        gb1_0.max_num,
        gb1_0.product_id,
        gb1_0.qrcode_url,
        gb1_0.required_num,
        gb1_0.start_time,
        gb1_0.status 
    from
        group_buy gb1_0
[2025-11-04 21:00:11.067] [DEBUG] [groupbuy-service] [http-nio-8063-exec-6] [org.hibernate.SQL:135] - 
    SELECT
        * 
    FROM
        group_buy_team t 
    WHERE
        t.leader_id = ?   
        AND (
            ? IS NULL 
            OR t.team_status = ?
        ) 
    ORDER BY
        t.create_time DESC 
    LIMIT
        ? 
    OFFSET
        ? 
[2025-11-04 21:00:11.070] [DEBUG] [groupbuy-service] [http-nio-8063-exec-6] [org.hibernate.SQL:135] - 
    select
        count(gbt1_0.team_id) 
    from
        group_buy_team gbt1_0 
    where
        gbt1_0.leader_id=? 
        and (
            ? is null 
            or gbt1_0.team_status=?
        )
[2025-11-04 21:00:12.116] [DEBUG] [groupbuy-service] [http-nio-8063-exec-7] [org.hibernate.SQL:135] - 
    select
        gb1_0.activity_id,
        gb1_0.create_time,
        gb1_0.end_time,
        gb1_0.group_price,
        gb1_0.link,
        gb1_0.max_num,
        gb1_0.product_id,
        gb1_0.qrcode_url,
        gb1_0.required_num,
        gb1_0.start_time,
        gb1_0.status 
    from
        group_buy gb1_0 
    where
        gb1_0.status=1 
        and gb1_0.start_time<=? 
        and gb1_0.end_time>=?
[2025-11-04 21:00:35.007] [DEBUG] [groupbuy-service] [http-nio-8063-exec-8] [org.hibernate.SQL:135] - 
    select
        gb1_0.activity_id,
        gb1_0.create_time,
        gb1_0.end_time,
        gb1_0.group_price,
        gb1_0.link,
        gb1_0.max_num,
        gb1_0.product_id,
        gb1_0.qrcode_url,
        gb1_0.required_num,
        gb1_0.start_time,
        gb1_0.status 
    from
        group_buy gb1_0 
    where
        gb1_0.activity_id=?
[2025-11-04 21:00:35.020] [DEBUG] [groupbuy-service] [http-nio-8063-exec-8] [org.hibernate.SQL:135] - 
    insert 
    into
        group_buy_team
        (activity_id, community_id, create_time, current_num, expire_time, launcher_id, leader_id, required_num, success_time, team_no, team_status) 
    values
        (?, ?, ?, ?, ?, ?, ?, ?, ?, ?, ?)
[2025-11-04 21:00:35.040] [DEBUG] [groupbuy-service] [http-nio-8063-exec-8] [com.bcu.edu.common.aspect.OperationLogAspect:113] - 操作日志已通过Feign记录: module=拼团管理, operation=发起拼团
[2025-11-04 21:00:35.265] [DEBUG] [groupbuy-service] [http-nio-8063-exec-9] [org.hibernate.SQL:135] - 
    select
        gbt1_0.team_id,
        gbt1_0.activity_id,
        gbt1_0.community_id,
        gbt1_0.create_time,
        gbt1_0.current_num,
        gbt1_0.expire_time,
        gbt1_0.launcher_id,
        gbt1_0.leader_id,
        gbt1_0.required_num,
        gbt1_0.success_time,
        gbt1_0.team_no,
        gbt1_0.team_status 
    from
        group_buy_team gbt1_0 
    where
        gbt1_0.team_id=?
[2025-11-04 21:00:35.268] [DEBUG] [groupbuy-service] [http-nio-8063-exec-9] [org.hibernate.SQL:135] - 
    select
        gb1_0.activity_id,
        gb1_0.create_time,
        gb1_0.end_time,
        gb1_0.group_price,
        gb1_0.link,
        gb1_0.max_num,
        gb1_0.product_id,
        gb1_0.qrcode_url,
        gb1_0.required_num,
        gb1_0.start_time,
        gb1_0.status 
    from
        group_buy gb1_0 
    where
        gb1_0.activity_id=?
[2025-11-04 21:00:35.285] [DEBUG] [groupbuy-service] [http-nio-8063-exec-9] [org.hibernate.SQL:135] - 
    select
        gbm1_0.member_id,
        gbm1_0.is_launcher,
        gbm1_0.join_time,
        gbm1_0.order_id,
        gbm1_0.pay_amount,
        gbm1_0.status,
        gbm1_0.team_id,
        gbm1_0.user_id 
    from
        group_buy_member gbm1_0 
    where
        gbm1_0.team_id=? 
    order by
        gbm1_0.join_time
[2025-11-04 21:00:45.147] [DEBUG] [groupbuy-service] [http-nio-8063-exec-10] [org.hibernate.SQL:135] - 
    select
        gbt1_0.team_id,
        gbt1_0.activity_id,
        gbt1_0.community_id,
        gbt1_0.create_time,
        gbt1_0.current_num,
        gbt1_0.expire_time,
        gbt1_0.launcher_id,
        gbt1_0.leader_id,
        gbt1_0.required_num,
        gbt1_0.success_time,
        gbt1_0.team_no,
        gbt1_0.team_status 
    from
        group_buy_team gbt1_0 
    where
        gbt1_0.team_id=?
[2025-11-04 21:00:45.149] [DEBUG] [groupbuy-service] [http-nio-8063-exec-10] [org.hibernate.SQL:135] - 
    select
        gb1_0.activity_id,
        gb1_0.create_time,
        gb1_0.end_time,
        gb1_0.group_price,
        gb1_0.link,
        gb1_0.max_num,
        gb1_0.product_id,
        gb1_0.qrcode_url,
        gb1_0.required_num,
        gb1_0.start_time,
        gb1_0.status 
    from
        group_buy gb1_0 
    where
        gb1_0.activity_id=?
[2025-11-04 21:00:45.165] [DEBUG] [groupbuy-service] [http-nio-8063-exec-10] [org.hibernate.SQL:135] - 
    select
        gbm1_0.member_id,
        gbm1_0.is_launcher,
        gbm1_0.join_time,
        gbm1_0.order_id,
        gbm1_0.pay_amount,
        gbm1_0.status,
        gbm1_0.team_id,
        gbm1_0.user_id 
    from
        group_buy_member gbm1_0 
    where
        gbm1_0.team_id=? 
    order by
        gbm1_0.join_time
[2025-11-04 21:02:03.025] [DEBUG] [groupbuy-service] [http-nio-8063-exec-2] [org.hibernate.SQL:135] - 
    select
        gb1_0.activity_id,
        gb1_0.create_time,
        gb1_0.end_time,
        gb1_0.group_price,
        gb1_0.link,
        gb1_0.max_num,
        gb1_0.product_id,
        gb1_0.qrcode_url,
        gb1_0.required_num,
        gb1_0.start_time,
        gb1_0.status 
    from
        group_buy gb1_0 
    where
        gb1_0.product_id=?
[2025-11-04 21:02:03.027] [DEBUG] [groupbuy-service] [http-nio-8063-exec-2] [org.hibernate.SQL:135] - 
    SELECT
        * 
    FROM
        group_buy_team t 
    WHERE
        t.activity_id = ?   
        AND t.team_status = 0   
        AND t.expire_time > NOW() 
    ORDER BY
        CASE 
            WHEN t.community_id = ? 
                THEN 0 
            ELSE 1 
        END ASC,
        t.create_time DESC 
    LIMIT
        ? 
[2025-11-04 21:02:03.029] [DEBUG] [groupbuy-service] [http-nio-8063-exec-2] [org.hibernate.SQL:135] - 
    SELECT
        * 
    FROM
        group_buy_team t 
    WHERE
        t.activity_id = ?   
        AND t.team_status = 0   
        AND t.expire_time > NOW() 
    ORDER BY
        CASE 
            WHEN t.community_id = ? 
                THEN 0 
            ELSE 1 
        END ASC,
        t.create_time DESC 
    LIMIT
        ? 
[2025-11-04 21:02:14.460] [DEBUG] [groupbuy-service] [http-nio-8063-exec-3] [org.hibernate.SQL:135] - 
    select
        gbt1_0.team_id,
        gbt1_0.activity_id,
        gbt1_0.community_id,
        gbt1_0.create_time,
        gbt1_0.current_num,
        gbt1_0.expire_time,
        gbt1_0.launcher_id,
        gbt1_0.leader_id,
        gbt1_0.required_num,
        gbt1_0.success_time,
        gbt1_0.team_no,
        gbt1_0.team_status 
    from
        group_buy_team gbt1_0 
    where
        gbt1_0.team_id=?
[2025-11-04 21:02:14.463] [DEBUG] [groupbuy-service] [http-nio-8063-exec-3] [org.hibernate.SQL:135] - 
    select
        gb1_0.activity_id,
        gb1_0.create_time,
        gb1_0.end_time,
        gb1_0.group_price,
        gb1_0.link,
        gb1_0.max_num,
        gb1_0.product_id,
        gb1_0.qrcode_url,
        gb1_0.required_num,
        gb1_0.start_time,
        gb1_0.status 
    from
        group_buy gb1_0 
    where
        gb1_0.activity_id=?
[2025-11-04 21:02:14.478] [DEBUG] [groupbuy-service] [http-nio-8063-exec-3] [org.hibernate.SQL:135] - 
    select
        gbm1_0.member_id,
        gbm1_0.is_launcher,
        gbm1_0.join_time,
        gbm1_0.order_id,
        gbm1_0.pay_amount,
        gbm1_0.status,
        gbm1_0.team_id,
        gbm1_0.user_id 
    from
        group_buy_member gbm1_0 
    where
        gbm1_0.team_id=? 
    order by
        gbm1_0.join_time
[2025-11-04 21:02:18.983] [DEBUG] [groupbuy-service] [http-nio-8063-exec-4] [org.hibernate.SQL:135] - 
    select
        gbt1_0.team_id,
        gbt1_0.activity_id,
        gbt1_0.community_id,
        gbt1_0.create_time,
        gbt1_0.current_num,
        gbt1_0.expire_time,
        gbt1_0.launcher_id,
        gbt1_0.leader_id,
        gbt1_0.required_num,
        gbt1_0.success_time,
        gbt1_0.team_no,
        gbt1_0.team_status 
    from
        group_buy_team gbt1_0 
    where
        gbt1_0.team_id=? for update
[2025-11-04 21:02:18.987] [DEBUG] [groupbuy-service] [http-nio-8063-exec-4] [org.hibernate.SQL:135] - 
    select
        gbm1_0.member_id 
    from
        group_buy_member gbm1_0 
    where
        gbm1_0.team_id=? 
        and gbm1_0.user_id=? 
    limit
        ?
[2025-11-04 21:02:18.990] [DEBUG] [groupbuy-service] [http-nio-8063-exec-4] [org.hibernate.SQL:135] - 
    select
        gb1_0.activity_id,
        gb1_0.create_time,
        gb1_0.end_time,
        gb1_0.group_price,
        gb1_0.link,
        gb1_0.max_num,
        gb1_0.product_id,
        gb1_0.qrcode_url,
        gb1_0.required_num,
        gb1_0.start_time,
        gb1_0.status 
    from
        group_buy gb1_0 
    where
        gb1_0.activity_id=?
[2025-11-04 21:02:19.107] [DEBUG] [groupbuy-service] [http-nio-8063-exec-4] [org.hibernate.SQL:135] - 
    insert 
    into
        group_buy_member
        (is_launcher, join_time, order_id, pay_amount, status, team_id, user_id) 
    values
        (?, ?, ?, ?, ?, ?, ?)
[2025-11-04 21:02:19.118] [DEBUG] [groupbuy-service] [http-nio-8063-exec-4] [com.bcu.edu.common.aspect.OperationLogAspect:113] - 操作日志已通过Feign记录: module=拼团管理, operation=参与拼团
[2025-11-04 21:02:19.454] [DEBUG] [groupbuy-service] [http-nio-8063-exec-5] [org.hibernate.SQL:135] - 
    select
        gbt1_0.team_id,
        gbt1_0.activity_id,
        gbt1_0.community_id,
        gbt1_0.create_time,
        gbt1_0.current_num,
        gbt1_0.expire_time,
        gbt1_0.launcher_id,
        gbt1_0.leader_id,
        gbt1_0.required_num,
        gbt1_0.success_time,
        gbt1_0.team_no,
        gbt1_0.team_status 
    from
        group_buy_team gbt1_0 
    where
        gbt1_0.team_id=?
[2025-11-04 21:02:19.456] [DEBUG] [groupbuy-service] [http-nio-8063-exec-5] [org.hibernate.SQL:135] - 
    select
        gb1_0.activity_id,
        gb1_0.create_time,
        gb1_0.end_time,
        gb1_0.group_price,
        gb1_0.link,
        gb1_0.max_num,
        gb1_0.product_id,
        gb1_0.qrcode_url,
        gb1_0.required_num,
        gb1_0.start_time,
        gb1_0.status 
    from
        group_buy gb1_0 
    where
        gb1_0.activity_id=?
[2025-11-04 21:02:19.470] [DEBUG] [groupbuy-service] [http-nio-8063-exec-5] [org.hibernate.SQL:135] - 
    select
        gbm1_0.member_id,
        gbm1_0.is_launcher,
        gbm1_0.join_time,
        gbm1_0.order_id,
        gbm1_0.pay_amount,
        gbm1_0.status,
        gbm1_0.team_id,
        gbm1_0.user_id 
    from
        group_buy_member gbm1_0 
    where
        gbm1_0.team_id=? 
    order by
        gbm1_0.join_time
[2025-11-04 21:02:24.727] [DEBUG] [groupbuy-service] [http-nio-8063-exec-6] [org.hibernate.SQL:135] - 
    select
        gbt1_0.team_id,
        gbt1_0.activity_id,
        gbt1_0.community_id,
        gbt1_0.create_time,
        gbt1_0.current_num,
        gbt1_0.expire_time,
        gbt1_0.launcher_id,
        gbt1_0.leader_id,
        gbt1_0.required_num,
        gbt1_0.success_time,
        gbt1_0.team_no,
        gbt1_0.team_status 
    from
        group_buy_team gbt1_0 
    where
        gbt1_0.team_id=?
[2025-11-04 21:02:24.731] [DEBUG] [groupbuy-service] [http-nio-8063-exec-6] [org.hibernate.SQL:135] - 
    select
        gb1_0.activity_id,
        gb1_0.create_time,
        gb1_0.end_time,
        gb1_0.group_price,
        gb1_0.link,
        gb1_0.max_num,
        gb1_0.product_id,
        gb1_0.qrcode_url,
        gb1_0.required_num,
        gb1_0.start_time,
        gb1_0.status 
    from
        group_buy gb1_0 
    where
        gb1_0.activity_id=?
[2025-11-04 21:02:24.753] [DEBUG] [groupbuy-service] [http-nio-8063-exec-6] [org.hibernate.SQL:135] - 
    select
        gbm1_0.member_id,
        gbm1_0.is_launcher,
        gbm1_0.join_time,
        gbm1_0.order_id,
        gbm1_0.pay_amount,
        gbm1_0.status,
        gbm1_0.team_id,
        gbm1_0.user_id 
    from
        group_buy_member gbm1_0 
    where
        gbm1_0.team_id=? 
    order by
        gbm1_0.join_time
[2025-11-04 21:02:41.523] [DEBUG] [groupbuy-service] [http-nio-8063-exec-7] [org.hibernate.SQL:135] - 
    select
        gb1_0.activity_id,
        gb1_0.create_time,
        gb1_0.end_time,
        gb1_0.group_price,
        gb1_0.link,
        gb1_0.max_num,
        gb1_0.product_id,
        gb1_0.qrcode_url,
        gb1_0.required_num,
        gb1_0.start_time,
        gb1_0.status 
    from
        group_buy gb1_0 
    where
        gb1_0.product_id=?
[2025-11-04 21:02:41.526] [DEBUG] [groupbuy-service] [http-nio-8063-exec-7] [org.hibernate.SQL:135] - 
    SELECT
        * 
    FROM
        group_buy_team t 
    WHERE
        t.activity_id = ?   
        AND t.team_status = 0   
        AND t.expire_time > NOW() 
    ORDER BY
        CASE 
            WHEN t.community_id = ? 
                THEN 0 
            ELSE 1 
        END ASC,
        t.create_time DESC 
    LIMIT
        ? 
[2025-11-04 21:02:41.528] [DEBUG] [groupbuy-service] [http-nio-8063-exec-7] [org.hibernate.SQL:135] - 
    SELECT
        * 
    FROM
        group_buy_team t 
    WHERE
        t.activity_id = ?   
        AND t.team_status = 0   
        AND t.expire_time > NOW() 
    ORDER BY
        CASE 
            WHEN t.community_id = ? 
                THEN 0 
            ELSE 1 
        END ASC,
        t.create_time DESC 
    LIMIT
        ? 
[2025-11-04 21:02:45.183] [DEBUG] [groupbuy-service] [http-nio-8063-exec-8] [org.hibernate.SQL:135] - 
    select
        gbm1_0.member_id,
        gbm1_0.is_launcher,
        gbm1_0.join_time,
        gbm1_0.order_id,
        gbm1_0.pay_amount,
        gbm1_0.status,
        gbm1_0.team_id,
        gbm1_0.user_id 
    from
        group_buy_member gbm1_0 
    where
        gbm1_0.user_id=? 
    order by
        gbm1_0.join_time desc
[2025-11-04 21:02:45.186] [DEBUG] [groupbuy-service] [http-nio-8063-exec-8] [org.hibernate.SQL:135] - 
    select
        gbt1_0.team_id,
        gbt1_0.activity_id,
        gbt1_0.community_id,
        gbt1_0.create_time,
        gbt1_0.current_num,
        gbt1_0.expire_time,
        gbt1_0.launcher_id,
        gbt1_0.leader_id,
        gbt1_0.required_num,
        gbt1_0.success_time,
        gbt1_0.team_no,
        gbt1_0.team_status 
    from
        group_buy_team gbt1_0 
    where
        gbt1_0.team_id=?
[2025-11-04 21:02:45.188] [DEBUG] [groupbuy-service] [http-nio-8063-exec-8] [org.hibernate.SQL:135] - 
    select
        gb1_0.activity_id,
        gb1_0.create_time,
        gb1_0.end_time,
        gb1_0.group_price,
        gb1_0.link,
        gb1_0.max_num,
        gb1_0.product_id,
        gb1_0.qrcode_url,
        gb1_0.required_num,
        gb1_0.start_time,
        gb1_0.status 
    from
        group_buy gb1_0 
    where
        gb1_0.activity_id=?
[2025-11-04 21:02:45.200] [DEBUG] [groupbuy-service] [http-nio-8063-exec-8] [org.hibernate.SQL:135] - 
    select
        gbm1_0.member_id,
        gbm1_0.is_launcher,
        gbm1_0.join_time,
        gbm1_0.order_id,
        gbm1_0.pay_amount,
        gbm1_0.status,
        gbm1_0.team_id,
        gbm1_0.user_id 
    from
        group_buy_member gbm1_0 
    where
        gbm1_0.team_id=? 
    order by
        gbm1_0.join_time
[2025-11-04 21:02:45.207] [DEBUG] [groupbuy-service] [http-nio-8063-exec-8] [org.hibernate.SQL:135] - 
    select
        gbt1_0.team_id,
        gbt1_0.activity_id,
        gbt1_0.community_id,
        gbt1_0.create_time,
        gbt1_0.current_num,
        gbt1_0.expire_time,
        gbt1_0.launcher_id,
        gbt1_0.leader_id,
        gbt1_0.required_num,
        gbt1_0.success_time,
        gbt1_0.team_no,
        gbt1_0.team_status 
    from
        group_buy_team gbt1_0 
    where
        gbt1_0.team_id=?
[2025-11-04 21:02:45.209] [DEBUG] [groupbuy-service] [http-nio-8063-exec-8] [org.hibernate.SQL:135] - 
    select
        gb1_0.activity_id,
        gb1_0.create_time,
        gb1_0.end_time,
        gb1_0.group_price,
        gb1_0.link,
        gb1_0.max_num,
        gb1_0.product_id,
        gb1_0.qrcode_url,
        gb1_0.required_num,
        gb1_0.start_time,
        gb1_0.status 
    from
        group_buy gb1_0 
    where
        gb1_0.activity_id=?
[2025-11-04 21:02:45.222] [DEBUG] [groupbuy-service] [http-nio-8063-exec-8] [org.hibernate.SQL:135] - 
    select
        gbm1_0.member_id,
        gbm1_0.is_launcher,
        gbm1_0.join_time,
        gbm1_0.order_id,
        gbm1_0.pay_amount,
        gbm1_0.status,
        gbm1_0.team_id,
        gbm1_0.user_id 
    from
        group_buy_member gbm1_0 
    where
        gbm1_0.team_id=? 
    order by
        gbm1_0.join_time
[2025-11-04 21:02:51.868] [DEBUG] [groupbuy-service] [http-nio-8063-exec-9] [org.hibernate.SQL:135] - 
    select
        gbm1_0.member_id,
        gbm1_0.is_launcher,
        gbm1_0.join_time,
        gbm1_0.order_id,
        gbm1_0.pay_amount,
        gbm1_0.status,
        gbm1_0.team_id,
        gbm1_0.user_id 
    from
        group_buy_member gbm1_0 
    where
        gbm1_0.user_id=? 
    order by
        gbm1_0.join_time desc
[2025-11-04 21:02:51.871] [DEBUG] [groupbuy-service] [http-nio-8063-exec-9] [org.hibernate.SQL:135] - 
    select
        gbt1_0.team_id,
        gbt1_0.activity_id,
        gbt1_0.community_id,
        gbt1_0.create_time,
        gbt1_0.current_num,
        gbt1_0.expire_time,
        gbt1_0.launcher_id,
        gbt1_0.leader_id,
        gbt1_0.required_num,
        gbt1_0.success_time,
        gbt1_0.team_no,
        gbt1_0.team_status 
    from
        group_buy_team gbt1_0 
    where
        gbt1_0.team_id=?
[2025-11-04 21:02:51.872] [DEBUG] [groupbuy-service] [http-nio-8063-exec-9] [org.hibernate.SQL:135] - 
    select
        gb1_0.activity_id,
        gb1_0.create_time,
        gb1_0.end_time,
        gb1_0.group_price,
        gb1_0.link,
        gb1_0.max_num,
        gb1_0.product_id,
        gb1_0.qrcode_url,
        gb1_0.required_num,
        gb1_0.start_time,
        gb1_0.status 
    from
        group_buy gb1_0 
    where
        gb1_0.activity_id=?
[2025-11-04 21:02:51.885] [DEBUG] [groupbuy-service] [http-nio-8063-exec-9] [org.hibernate.SQL:135] - 
    select
        gbm1_0.member_id,
        gbm1_0.is_launcher,
        gbm1_0.join_time,
        gbm1_0.order_id,
        gbm1_0.pay_amount,
        gbm1_0.status,
        gbm1_0.team_id,
        gbm1_0.user_id 
    from
        group_buy_member gbm1_0 
    where
        gbm1_0.team_id=? 
    order by
        gbm1_0.join_time
[2025-11-04 21:02:51.895] [DEBUG] [groupbuy-service] [http-nio-8063-exec-9] [org.hibernate.SQL:135] - 
    select
        gbt1_0.team_id,
        gbt1_0.activity_id,
        gbt1_0.community_id,
        gbt1_0.create_time,
        gbt1_0.current_num,
        gbt1_0.expire_time,
        gbt1_0.launcher_id,
        gbt1_0.leader_id,
        gbt1_0.required_num,
        gbt1_0.success_time,
        gbt1_0.team_no,
        gbt1_0.team_status 
    from
        group_buy_team gbt1_0 
    where
        gbt1_0.team_id=?
[2025-11-04 21:02:51.897] [DEBUG] [groupbuy-service] [http-nio-8063-exec-9] [org.hibernate.SQL:135] - 
    select
        gb1_0.activity_id,
        gb1_0.create_time,
        gb1_0.end_time,
        gb1_0.group_price,
        gb1_0.link,
        gb1_0.max_num,
        gb1_0.product_id,
        gb1_0.qrcode_url,
        gb1_0.required_num,
        gb1_0.start_time,
        gb1_0.status 
    from
        group_buy gb1_0 
    where
        gb1_0.activity_id=?
[2025-11-04 21:02:51.910] [DEBUG] [groupbuy-service] [http-nio-8063-exec-9] [org.hibernate.SQL:135] - 
    select
        gbm1_0.member_id,
        gbm1_0.is_launcher,
        gbm1_0.join_time,
        gbm1_0.order_id,
        gbm1_0.pay_amount,
        gbm1_0.status,
        gbm1_0.team_id,
        gbm1_0.user_id 
    from
        group_buy_member gbm1_0 
    where
        gbm1_0.team_id=? 
    order by
        gbm1_0.join_time
[2025-11-04 21:03:06.754] [DEBUG] [groupbuy-service] [http-nio-8063-exec-10] [org.hibernate.SQL:135] - 
    select
        gb1_0.activity_id,
        gb1_0.create_time,
        gb1_0.end_time,
        gb1_0.group_price,
        gb1_0.link,
        gb1_0.max_num,
        gb1_0.product_id,
        gb1_0.qrcode_url,
        gb1_0.required_num,
        gb1_0.start_time,
        gb1_0.status 
    from
        group_buy gb1_0 
    where
        gb1_0.product_id=?
[2025-11-04 21:03:06.756] [DEBUG] [groupbuy-service] [http-nio-8063-exec-10] [org.hibernate.SQL:135] - 
    SELECT
        * 
    FROM
        group_buy_team t 
    WHERE
        t.activity_id = ?   
        AND t.team_status = 0   
        AND t.expire_time > NOW() 
    ORDER BY
        CASE 
            WHEN t.community_id = ? 
                THEN 0 
            ELSE 1 
        END ASC,
        t.create_time DESC 
    LIMIT
        ? 
[2025-11-04 21:03:06.758] [DEBUG] [groupbuy-service] [http-nio-8063-exec-10] [org.hibernate.SQL:135] - 
    SELECT
        * 
    FROM
        group_buy_team t 
    WHERE
        t.activity_id = ?   
        AND t.team_status = 0   
        AND t.expire_time > NOW() 
    ORDER BY
        CASE 
            WHEN t.community_id = ? 
                THEN 0 
            ELSE 1 
        END ASC,
        t.create_time DESC 
    LIMIT
        ? 
[2025-11-04 22:00:00.007] [DEBUG] [groupbuy-service] [scheduling-1] [org.hibernate.SQL:135] - 
    select
        gbt1_0.team_id 
    from
        group_buy_team gbt1_0 
    where
        gbt1_0.team_status=0 
        and gbt1_0.expire_time<?
[2025-11-04 23:00:00.026] [DEBUG] [groupbuy-service] [scheduling-1] [org.hibernate.SQL:135] - 
    select
        gbt1_0.team_id 
    from
        group_buy_team gbt1_0 
    where
        gbt1_0.team_status=0 
        and gbt1_0.expire_time<?
