[2025-10-31 20:56:13.389] [DEBUG] [groupbuy-service] [main] [com.bcu.edu.GroupBuyServiceApplication:51] - Running with Spring Boot v3.2.3, Spring v6.1.4
[2025-10-31 21:00:00.101] [DEBUG] [groupbuy-service] [scheduling-1] [org.hibernate.SQL:135] - 
    select
        gbt1_0.team_id 
    from
        group_buy_team gbt1_0 
    where
        gbt1_0.team_status=0 
        and gbt1_0.expire_time<?
[2025-10-31 21:32:59.550] [DEBUG] [groupbuy-service] [http-nio-8063-exec-1] [org.hibernate.SQL:135] - 
    select
        gb1_0.activity_id,
        gb1_0.create_time,
        gb1_0.end_time,
        gb1_0.group_price,
        gb1_0.link,
        gb1_0.max_num,
        gb1_0.product_id,
        gb1_0.qrcode_url,
        gb1_0.required_num,
        gb1_0.start_time,
        gb1_0.status 
    from
        group_buy gb1_0 
    where
        gb1_0.status=1 
        and gb1_0.start_time<=? 
        and gb1_0.end_time>=?
[2025-10-31 21:33:07.248] [DEBUG] [groupbuy-service] [http-nio-8063-exec-2] [org.hibernate.SQL:135] - 
    select
        gb1_0.activity_id,
        gb1_0.create_time,
        gb1_0.end_time,
        gb1_0.group_price,
        gb1_0.link,
        gb1_0.max_num,
        gb1_0.product_id,
        gb1_0.qrcode_url,
        gb1_0.required_num,
        gb1_0.start_time,
        gb1_0.status 
    from
        group_buy gb1_0 
    where
        gb1_0.status=1 
        and gb1_0.start_time<=? 
        and gb1_0.end_time>=?
[2025-10-31 21:33:11.116] [DEBUG] [groupbuy-service] [http-nio-8063-exec-3] [org.hibernate.SQL:135] - 
    select
        gb1_0.activity_id,
        gb1_0.create_time,
        gb1_0.end_time,
        gb1_0.group_price,
        gb1_0.link,
        gb1_0.max_num,
        gb1_0.product_id,
        gb1_0.qrcode_url,
        gb1_0.required_num,
        gb1_0.start_time,
        gb1_0.status 
    from
        group_buy gb1_0 
    where
        gb1_0.status=1 
        and gb1_0.start_time<=? 
        and gb1_0.end_time>=?
[2025-10-31 21:33:24.462] [DEBUG] [groupbuy-service] [http-nio-8063-exec-4] [org.hibernate.SQL:135] - 
    select
        gb1_0.activity_id,
        gb1_0.create_time,
        gb1_0.end_time,
        gb1_0.group_price,
        gb1_0.link,
        gb1_0.max_num,
        gb1_0.product_id,
        gb1_0.qrcode_url,
        gb1_0.required_num,
        gb1_0.start_time,
        gb1_0.status 
    from
        group_buy gb1_0 
    where
        gb1_0.status=1 
        and gb1_0.start_time<=? 
        and gb1_0.end_time>=?
[2025-10-31 22:00:00.002] [DEBUG] [groupbuy-service] [scheduling-1] [org.hibernate.SQL:135] - 
    select
        gbt1_0.team_id 
    from
        group_buy_team gbt1_0 
    where
        gbt1_0.team_status=0 
        and gbt1_0.expire_time<?
[2025-10-31 22:47:56.127] [DEBUG] [groupbuy-service] [main] [com.bcu.edu.GroupBuyServiceApplication:51] - Running with Spring Boot v3.2.3, Spring v6.1.4
[2025-10-31 23:00:00.103] [DEBUG] [groupbuy-service] [scheduling-1] [org.hibernate.SQL:135] - 
    select
        gbt1_0.team_id 
    from
        group_buy_team gbt1_0 
    where
        gbt1_0.team_status=0 
        and gbt1_0.expire_time<?
