[2025-12-18 12:23:13.801] [INFO ] [groupbuy-service] [main] [com.bcu.edu.GroupBuyServiceApplication:50] - Starting GroupBuyServiceApplication using Java 17.0.6 with PID 21808 (E:\E\BYSJ\community-group-buy-backend\GroupBuyService\target\classes started by Gkr07 in E:\E\BYSJ\community-group-buy-backend)
[2025-12-18 12:23:13.811] [INFO ] [groupbuy-service] [main] [com.bcu.edu.GroupBuyServiceApplication:654] - No active profile set, falling back to 1 default profile: "default"
[2025-12-18 12:23:15.376] [INFO ] [groupbuy-service] [main] [o.s.d.r.config.RepositoryConfigurationDelegate:139] - Bootstrapping Spring Data JPA repositories in DEFAULT mode.
[2025-12-18 12:23:15.648] [INFO ] [groupbuy-service] [main] [o.s.d.r.config.RepositoryConfigurationDelegate:208] - Finished Spring Data repository scanning in 262 ms. Found 4 JPA repository interfaces.
[2025-12-18 12:23:16.071] [INFO ] [groupbuy-service] [main] [o.springframework.cloud.context.scope.GenericScope:282] - BeanFactory id=041a2890-cc59-3d32-af9a-5fdf257eb18d
[2025-12-18 12:23:16.542] [WARN ] [groupbuy-service] [main] [o.s.c.s.PostProcessorRegistrationDelegate$BeanPostProcessorChecker:429] - Bean 'org.springframework.cloud.client.loadbalancer.LoadBalancerAutoConfiguration$LoadBalancerInterceptorConfig' of type [org.springframework.cloud.client.loadbalancer.LoadBalancerAutoConfiguration$LoadBalancerInterceptorConfig] is not eligible for getting processed by all BeanPostProcessors (for example: not eligible for auto-proxying). The currently created BeanPostProcessor [lbRestClientPostProcessor] is declared through a non-static factory method on that class; consider declaring it as static instead.
[2025-12-18 12:23:16.547] [WARN ] [groupbuy-service] [main] [o.s.c.s.PostProcessorRegistrationDelegate$BeanPostProcessorChecker:437] - Bean 'org.springframework.cloud.loadbalancer.config.BlockingLoadBalancerClientAutoConfiguration' of type [org.springframework.cloud.loadbalancer.config.BlockingLoadBalancerClientAutoConfiguration] is not eligible for getting processed by all BeanPostProcessors (for example: not eligible for auto-proxying). Is this bean getting eagerly injected into a currently created BeanPostProcessor [lbRestClientPostProcessor]? Check the corresponding BeanPostProcessor declaration and its dependencies.
[2025-12-18 12:23:16.550] [WARN ] [groupbuy-service] [main] [o.s.c.s.PostProcessorRegistrationDelegate$BeanPostProcessorChecker:437] - Bean 'org.springframework.cloud.loadbalancer.config.LoadBalancerAutoConfiguration' of type [org.springframework.cloud.loadbalancer.config.LoadBalancerAutoConfiguration] is not eligible for getting processed by all BeanPostProcessors (for example: not eligible for auto-proxying). Is this bean getting eagerly injected into a currently created BeanPostProcessor [lbRestClientPostProcessor]? Check the corresponding BeanPostProcessor declaration and its dependencies.
[2025-12-18 12:23:16.565] [WARN ] [groupbuy-service] [main] [o.s.c.s.PostProcessorRegistrationDelegate$BeanPostProcessorChecker:437] - Bean 'org.springframework.cloud.commons.config.CommonsConfigAutoConfiguration' of type [org.springframework.cloud.commons.config.CommonsConfigAutoConfiguration] is not eligible for getting processed by all BeanPostProcessors (for example: not eligible for auto-proxying). Is this bean getting eagerly injected into a currently created BeanPostProcessor [lbRestClientPostProcessor]? Check the corresponding BeanPostProcessor declaration and its dependencies.
[2025-12-18 12:23:16.570] [WARN ] [groupbuy-service] [main] [o.s.c.s.PostProcessorRegistrationDelegate$BeanPostProcessorChecker:437] - Bean 'org.springframework.cloud.client.loadbalancer.LoadBalancerDefaultMappingsProviderAutoConfiguration' of type [org.springframework.cloud.client.loadbalancer.LoadBalancerDefaultMappingsProviderAutoConfiguration] is not eligible for getting processed by all BeanPostProcessors (for example: not eligible for auto-proxying). Is this bean getting eagerly injected into a currently created BeanPostProcessor [lbRestClientPostProcessor]? Check the corresponding BeanPostProcessor declaration and its dependencies.
[2025-12-18 12:23:16.571] [WARN ] [groupbuy-service] [main] [o.s.c.s.PostProcessorRegistrationDelegate$BeanPostProcessorChecker:437] - Bean 'loadBalancerClientsDefaultsMappingsProvider' of type [org.springframework.cloud.client.loadbalancer.LoadBalancerDefaultMappingsProviderAutoConfiguration$$Lambda$790/0x0000000801164e88] is not eligible for getting processed by all BeanPostProcessors (for example: not eligible for auto-proxying). Is this bean getting eagerly injected into a currently created BeanPostProcessor [lbRestClientPostProcessor]? Check the corresponding BeanPostProcessor declaration and its dependencies.
[2025-12-18 12:23:16.577] [WARN ] [groupbuy-service] [main] [o.s.c.s.PostProcessorRegistrationDelegate$BeanPostProcessorChecker:437] - Bean 'defaultsBindHandlerAdvisor' of type [org.springframework.cloud.commons.config.DefaultsBindHandlerAdvisor] is not eligible for getting processed by all BeanPostProcessors (for example: not eligible for auto-proxying). Is this bean getting eagerly injected into a currently created BeanPostProcessor [lbRestClientPostProcessor]? Check the corresponding BeanPostProcessor declaration and its dependencies.
[2025-12-18 12:23:16.588] [WARN ] [groupbuy-service] [main] [o.s.c.s.PostProcessorRegistrationDelegate$BeanPostProcessorChecker:437] - Bean 'spring.cloud.loadbalancer-org.springframework.cloud.client.loadbalancer.LoadBalancerClientsProperties' of type [org.springframework.cloud.client.loadbalancer.LoadBalancerClientsProperties] is not eligible for getting processed by all BeanPostProcessors (for example: not eligible for auto-proxying). Is this bean getting eagerly injected into a currently created BeanPostProcessor [lbRestClientPostProcessor]? Check the corresponding BeanPostProcessor declaration and its dependencies.
[2025-12-18 12:23:16.599] [WARN ] [groupbuy-service] [main] [o.s.c.s.PostProcessorRegistrationDelegate$BeanPostProcessorChecker:437] - Bean 'default.org.springframework.cloud.loadbalancer.config.LoadBalancerAutoConfiguration.LoadBalancerClientSpecification' of type [org.springframework.cloud.loadbalancer.annotation.LoadBalancerClientSpecification] is not eligible for getting processed by all BeanPostProcessors (for example: not eligible for auto-proxying). Is this bean getting eagerly injected into a currently created BeanPostProcessor [lbRestClientPostProcessor]? Check the corresponding BeanPostProcessor declaration and its dependencies.
[2025-12-18 12:23:16.602] [WARN ] [groupbuy-service] [main] [o.s.c.s.PostProcessorRegistrationDelegate$BeanPostProcessorChecker:437] - Bean 'default.org.springframework.cloud.loadbalancer.config.BlockingLoadBalancerClientAutoConfiguration.LoadBalancerClientSpecification' of type [org.springframework.cloud.loadbalancer.annotation.LoadBalancerClientSpecification] is not eligible for getting processed by all BeanPostProcessors (for example: not eligible for auto-proxying). Is this bean getting eagerly injected into a currently created BeanPostProcessor [lbRestClientPostProcessor]? Check the corresponding BeanPostProcessor declaration and its dependencies.
[2025-12-18 12:23:16.604] [WARN ] [groupbuy-service] [main] [o.s.c.s.PostProcessorRegistrationDelegate$BeanPostProcessorChecker:437] - Bean 'loadBalancerClientFactory' of type [org.springframework.cloud.loadbalancer.support.LoadBalancerClientFactory] is not eligible for getting processed by all BeanPostProcessors (for example: not eligible for auto-proxying). Is this bean getting eagerly injected into a currently created BeanPostProcessor [lbRestClientPostProcessor]? Check the corresponding BeanPostProcessor declaration and its dependencies.
[2025-12-18 12:23:16.614] [WARN ] [groupbuy-service] [main] [o.s.c.s.PostProcessorRegistrationDelegate$BeanPostProcessorChecker:437] - Bean 'blockingLoadBalancerClient' of type [org.springframework.cloud.loadbalancer.blocking.client.BlockingLoadBalancerClient] is not eligible for getting processed by all BeanPostProcessors (for example: not eligible for auto-proxying). Is this bean getting eagerly injected into a currently created BeanPostProcessor [lbRestClientPostProcessor]? Check the corresponding BeanPostProcessor declaration and its dependencies.
[2025-12-18 12:23:16.629] [WARN ] [groupbuy-service] [main] [o.s.c.s.PostProcessorRegistrationDelegate$BeanPostProcessorChecker:437] - Bean 'loadBalancerServiceInstanceCookieTransformer' of type [org.springframework.cloud.loadbalancer.core.LoadBalancerServiceInstanceCookieTransformer] is not eligible for getting processed by all BeanPostProcessors (for example: not eligible for auto-proxying). Is this bean getting eagerly injected into a currently created BeanPostProcessor [lbRestClientPostProcessor]? Check the corresponding BeanPostProcessor declaration and its dependencies.
[2025-12-18 12:23:16.632] [WARN ] [groupbuy-service] [main] [o.s.c.s.PostProcessorRegistrationDelegate$BeanPostProcessorChecker:437] - Bean 'xForwarderHeadersTransformer' of type [org.springframework.cloud.loadbalancer.blocking.XForwardedHeadersTransformer] is not eligible for getting processed by all BeanPostProcessors (for example: not eligible for auto-proxying). Is this bean getting eagerly injected into a currently created BeanPostProcessor [lbRestClientPostProcessor]? Check the corresponding BeanPostProcessor declaration and its dependencies.
[2025-12-18 12:23:16.634] [WARN ] [groupbuy-service] [main] [o.s.c.s.PostProcessorRegistrationDelegate$BeanPostProcessorChecker:437] - Bean 'org.springframework.cloud.client.loadbalancer.LoadBalancerAutoConfiguration' of type [org.springframework.cloud.client.loadbalancer.LoadBalancerAutoConfiguration] is not eligible for getting processed by all BeanPostProcessors (for example: not eligible for auto-proxying). Is this bean getting eagerly injected into a currently created BeanPostProcessor [lbRestClientPostProcessor]? Check the corresponding BeanPostProcessor declaration and its dependencies.
[2025-12-18 12:23:16.637] [WARN ] [groupbuy-service] [main] [o.s.c.s.PostProcessorRegistrationDelegate$BeanPostProcessorChecker:437] - Bean 'loadBalancerRequestFactory' of type [org.springframework.cloud.client.loadbalancer.LoadBalancerRequestFactory] is not eligible for getting processed by all BeanPostProcessors (for example: not eligible for auto-proxying). Is this bean getting eagerly injected into a currently created BeanPostProcessor [lbRestClientPostProcessor]? Check the corresponding BeanPostProcessor declaration and its dependencies.
[2025-12-18 12:23:16.640] [WARN ] [groupbuy-service] [main] [o.s.c.s.PostProcessorRegistrationDelegate$BeanPostProcessorChecker:437] - Bean 'loadBalancerInterceptor' of type [org.springframework.cloud.client.loadbalancer.LoadBalancerInterceptor] is not eligible for getting processed by all BeanPostProcessors (for example: not eligible for auto-proxying). Is this bean getting eagerly injected into a currently created BeanPostProcessor [lbRestClientPostProcessor]? Check the corresponding BeanPostProcessor declaration and its dependencies.
[2025-12-18 12:23:17.032] [INFO ] [groupbuy-service] [main] [o.s.boot.web.embedded.tomcat.TomcatWebServer:109] - Tomcat initialized with port 8063 (http)
[2025-12-18 12:23:17.171] [INFO ] [groupbuy-service] [main] [o.s.b.w.s.c.ServletWebServerApplicationContext:296] - Root WebApplicationContext: initialization completed in 3298 ms
[2025-12-18 12:23:17.669] [INFO ] [groupbuy-service] [main] [org.hibernate.jpa.internal.util.LogHelper:31] - HHH000204: Processing PersistenceUnitInfo [name: default]
[2025-12-18 12:23:17.769] [INFO ] [groupbuy-service] [main] [org.hibernate.Version:44] - HHH000412: Hibernate ORM core version 6.4.4.Final
[2025-12-18 12:23:17.820] [INFO ] [groupbuy-service] [main] [o.hibernate.cache.internal.RegionFactoryInitiator:50] - HHH000026: Second-level cache disabled
[2025-12-18 12:23:18.198] [INFO ] [groupbuy-service] [main] [o.s.o.j.persistenceunit.SpringPersistenceUnitInfo:87] - No LoadTimeWeaver setup: ignoring JPA class transformer
[2025-12-18 12:23:18.245] [INFO ] [groupbuy-service] [main] [com.zaxxer.hikari.HikariDataSource:110] - HikariPool-1 - Starting...
[2025-12-18 12:23:18.521] [INFO ] [groupbuy-service] [main] [com.zaxxer.hikari.pool.HikariPool:565] - HikariPool-1 - Added connection com.mysql.cj.jdbc.ConnectionImpl@5b74bb75
[2025-12-18 12:23:18.524] [INFO ] [groupbuy-service] [main] [com.zaxxer.hikari.HikariDataSource:123] - HikariPool-1 - Start completed.
[2025-12-18 12:23:18.595] [WARN ] [groupbuy-service] [main] [org.hibernate.orm.deprecation:153] - HHH90000025: MySQL8Dialect does not need to be specified explicitly using 'hibernate.dialect' (remove the property setting and it will be selected by default)
[2025-12-18 12:23:18.597] [WARN ] [groupbuy-service] [main] [org.hibernate.orm.deprecation:101] - HHH90000026: MySQL8Dialect has been deprecated; use org.hibernate.dialect.MySQLDialect instead
[2025-12-18 12:23:20.036] [INFO ] [groupbuy-service] [main] [o.h.e.t.jta.platform.internal.JtaPlatformInitiator:58] - HHH000489: No JTA platform available (set 'hibernate.transaction.jta.platform' to enable JTA platform integration)
[2025-12-18 12:23:20.040] [INFO ] [groupbuy-service] [main] [o.s.orm.jpa.LocalContainerEntityManagerFactoryBean:437] - Initialized JPA EntityManagerFactory for persistence unit 'default'
[2025-12-18 12:23:20.475] [INFO ] [groupbuy-service] [main] [o.s.data.jpa.repository.query.QueryEnhancerFactory:49] - Hibernate is in classpath; If applicable, HQL parser will be used.
[2025-12-18 12:23:21.514] [WARN ] [groupbuy-service] [main] [o.s.b.a.o.j.JpaBaseConfiguration$JpaWebConfiguration:232] - spring.jpa.open-in-view is enabled by default. Therefore, database queries may be performed during view rendering. Explicitly configure spring.jpa.open-in-view to disable this warning
[2025-12-18 12:23:25.041] [WARN ] [groupbuy-service] [main] [o.s.c.l.c.LoadBalancerCacheAutoConfiguration$LoadBalancerCaffeineWarnLogger:94] - Spring Cloud LoadBalancer is currently working with the default cache. While this cache implementation is useful for development and tests, it's recommended to use Caffeine cache in production.You can switch to using Caffeine cache, by adding it and org.springframework.cache.caffeine.CaffeineCacheManager to the classpath.
[2025-12-18 12:23:25.061] [INFO ] [groupbuy-service] [main] [o.s.b.actuate.endpoint.web.EndpointLinksResolver:58] - Exposing 2 endpoint(s) beneath base path '/actuator'
[2025-12-18 12:23:25.187] [INFO ] [groupbuy-service] [main] [o.s.boot.web.embedded.tomcat.TomcatWebServer:241] - Tomcat started on port 8063 (http) with context path ''
[2025-12-18 12:23:25.190] [INFO ] [groupbuy-service] [main] [o.s.c.consul.serviceregistry.ConsulServiceRegistry:65] - Registering service with consul: NewService{id='groupbuy-service-8063', name='groupbuy-service', tags=[], address='192.168.245.1', meta={secure=false}, port=8063, enableTagOverride=null, check=Check{script='null', dockerContainerID='null', shell='null', interval='null', ttl='30s', http='null', method='null', header=null, tcp='null', timeout='null', deregisterCriticalServiceAfter='null', tlsSkipVerify=null, status='null', grpc='null', grpcUseTLS=null}, checks=null}
[2025-12-18 12:23:25.688] [INFO ] [groupbuy-service] [main] [com.bcu.edu.GroupBuyServiceApplication:56] - Started GroupBuyServiceApplication in 13.034 seconds (process running for 13.809)
[2025-12-18 12:23:25.921] [INFO ] [groupbuy-service] [RMI TCP Connection(4)-26.52.41.123] [org.springframework.web.servlet.DispatcherServlet:532] - Initializing Servlet 'dispatcherServlet'
[2025-12-18 12:23:25.928] [INFO ] [groupbuy-service] [RMI TCP Connection(4)-26.52.41.123] [org.springframework.web.servlet.DispatcherServlet:554] - Completed initialization in 6 ms
[2025-12-18 12:28:26.411] [INFO ] [groupbuy-service] [SpringApplicationShutdownHook] [o.s.c.consul.serviceregistry.ConsulServiceRegistry:89] - Deregistering service with consul: groupbuy-service-8063
[2025-12-18 12:28:26.420] [INFO ] [groupbuy-service] [SpringApplicationShutdownHook] [o.s.orm.jpa.LocalContainerEntityManagerFactoryBean:650] - Closing JPA EntityManagerFactory for persistence unit 'default'
[2025-12-18 12:28:26.422] [INFO ] [groupbuy-service] [SpringApplicationShutdownHook] [com.zaxxer.hikari.HikariDataSource:350] - HikariPool-1 - Shutdown initiated...
[2025-12-18 12:28:26.429] [INFO ] [groupbuy-service] [SpringApplicationShutdownHook] [com.zaxxer.hikari.HikariDataSource:352] - HikariPool-1 - Shutdown completed.
[2025-12-18 15:47:01.587] [INFO ] [groupbuy-service] [main] [com.bcu.edu.GroupBuyServiceApplication:50] - Starting GroupBuyServiceApplication using Java 17.0.6 with PID 10496 (E:\E\BYSJ\community-group-buy-backend\GroupBuyService\target\classes started by Gkr07 in E:\E\BYSJ\community-group-buy-backend)
[2025-12-18 15:47:01.592] [INFO ] [groupbuy-service] [main] [com.bcu.edu.GroupBuyServiceApplication:654] - No active profile set, falling back to 1 default profile: "default"
[2025-12-18 15:47:03.579] [INFO ] [groupbuy-service] [main] [o.s.d.r.config.RepositoryConfigurationDelegate:139] - Bootstrapping Spring Data JPA repositories in DEFAULT mode.
[2025-12-18 15:47:03.925] [INFO ] [groupbuy-service] [main] [o.s.d.r.config.RepositoryConfigurationDelegate:208] - Finished Spring Data repository scanning in 332 ms. Found 4 JPA repository interfaces.
[2025-12-18 15:47:04.513] [INFO ] [groupbuy-service] [main] [o.springframework.cloud.context.scope.GenericScope:282] - BeanFactory id=041a2890-cc59-3d32-af9a-5fdf257eb18d
[2025-12-18 15:47:05.163] [WARN ] [groupbuy-service] [main] [o.s.c.s.PostProcessorRegistrationDelegate$BeanPostProcessorChecker:429] - Bean 'org.springframework.cloud.client.loadbalancer.LoadBalancerAutoConfiguration$LoadBalancerInterceptorConfig' of type [org.springframework.cloud.client.loadbalancer.LoadBalancerAutoConfiguration$LoadBalancerInterceptorConfig] is not eligible for getting processed by all BeanPostProcessors (for example: not eligible for auto-proxying). The currently created BeanPostProcessor [lbRestClientPostProcessor] is declared through a non-static factory method on that class; consider declaring it as static instead.
[2025-12-18 15:47:05.169] [WARN ] [groupbuy-service] [main] [o.s.c.s.PostProcessorRegistrationDelegate$BeanPostProcessorChecker:437] - Bean 'org.springframework.cloud.loadbalancer.config.BlockingLoadBalancerClientAutoConfiguration' of type [org.springframework.cloud.loadbalancer.config.BlockingLoadBalancerClientAutoConfiguration] is not eligible for getting processed by all BeanPostProcessors (for example: not eligible for auto-proxying). Is this bean getting eagerly injected into a currently created BeanPostProcessor [lbRestClientPostProcessor]? Check the corresponding BeanPostProcessor declaration and its dependencies.
[2025-12-18 15:47:05.174] [WARN ] [groupbuy-service] [main] [o.s.c.s.PostProcessorRegistrationDelegate$BeanPostProcessorChecker:437] - Bean 'org.springframework.cloud.loadbalancer.config.LoadBalancerAutoConfiguration' of type [org.springframework.cloud.loadbalancer.config.LoadBalancerAutoConfiguration] is not eligible for getting processed by all BeanPostProcessors (for example: not eligible for auto-proxying). Is this bean getting eagerly injected into a currently created BeanPostProcessor [lbRestClientPostProcessor]? Check the corresponding BeanPostProcessor declaration and its dependencies.
[2025-12-18 15:47:05.189] [WARN ] [groupbuy-service] [main] [o.s.c.s.PostProcessorRegistrationDelegate$BeanPostProcessorChecker:437] - Bean 'org.springframework.cloud.commons.config.CommonsConfigAutoConfiguration' of type [org.springframework.cloud.commons.config.CommonsConfigAutoConfiguration] is not eligible for getting processed by all BeanPostProcessors (for example: not eligible for auto-proxying). Is this bean getting eagerly injected into a currently created BeanPostProcessor [lbRestClientPostProcessor]? Check the corresponding BeanPostProcessor declaration and its dependencies.
[2025-12-18 15:47:05.193] [WARN ] [groupbuy-service] [main] [o.s.c.s.PostProcessorRegistrationDelegate$BeanPostProcessorChecker:437] - Bean 'org.springframework.cloud.client.loadbalancer.LoadBalancerDefaultMappingsProviderAutoConfiguration' of type [org.springframework.cloud.client.loadbalancer.LoadBalancerDefaultMappingsProviderAutoConfiguration] is not eligible for getting processed by all BeanPostProcessors (for example: not eligible for auto-proxying). Is this bean getting eagerly injected into a currently created BeanPostProcessor [lbRestClientPostProcessor]? Check the corresponding BeanPostProcessor declaration and its dependencies.
[2025-12-18 15:47:05.196] [WARN ] [groupbuy-service] [main] [o.s.c.s.PostProcessorRegistrationDelegate$BeanPostProcessorChecker:437] - Bean 'loadBalancerClientsDefaultsMappingsProvider' of type [org.springframework.cloud.client.loadbalancer.LoadBalancerDefaultMappingsProviderAutoConfiguration$$Lambda$790/0x0000000801165c78] is not eligible for getting processed by all BeanPostProcessors (for example: not eligible for auto-proxying). Is this bean getting eagerly injected into a currently created BeanPostProcessor [lbRestClientPostProcessor]? Check the corresponding BeanPostProcessor declaration and its dependencies.
[2025-12-18 15:47:05.200] [WARN ] [groupbuy-service] [main] [o.s.c.s.PostProcessorRegistrationDelegate$BeanPostProcessorChecker:437] - Bean 'defaultsBindHandlerAdvisor' of type [org.springframework.cloud.commons.config.DefaultsBindHandlerAdvisor] is not eligible for getting processed by all BeanPostProcessors (for example: not eligible for auto-proxying). Is this bean getting eagerly injected into a currently created BeanPostProcessor [lbRestClientPostProcessor]? Check the corresponding BeanPostProcessor declaration and its dependencies.
[2025-12-18 15:47:05.211] [WARN ] [groupbuy-service] [main] [o.s.c.s.PostProcessorRegistrationDelegate$BeanPostProcessorChecker:437] - Bean 'spring.cloud.loadbalancer-org.springframework.cloud.client.loadbalancer.LoadBalancerClientsProperties' of type [org.springframework.cloud.client.loadbalancer.LoadBalancerClientsProperties] is not eligible for getting processed by all BeanPostProcessors (for example: not eligible for auto-proxying). Is this bean getting eagerly injected into a currently created BeanPostProcessor [lbRestClientPostProcessor]? Check the corresponding BeanPostProcessor declaration and its dependencies.
[2025-12-18 15:47:05.221] [WARN ] [groupbuy-service] [main] [o.s.c.s.PostProcessorRegistrationDelegate$BeanPostProcessorChecker:437] - Bean 'default.org.springframework.cloud.loadbalancer.config.LoadBalancerAutoConfiguration.LoadBalancerClientSpecification' of type [org.springframework.cloud.loadbalancer.annotation.LoadBalancerClientSpecification] is not eligible for getting processed by all BeanPostProcessors (for example: not eligible for auto-proxying). Is this bean getting eagerly injected into a currently created BeanPostProcessor [lbRestClientPostProcessor]? Check the corresponding BeanPostProcessor declaration and its dependencies.
[2025-12-18 15:47:05.226] [WARN ] [groupbuy-service] [main] [o.s.c.s.PostProcessorRegistrationDelegate$BeanPostProcessorChecker:437] - Bean 'default.org.springframework.cloud.loadbalancer.config.BlockingLoadBalancerClientAutoConfiguration.LoadBalancerClientSpecification' of type [org.springframework.cloud.loadbalancer.annotation.LoadBalancerClientSpecification] is not eligible for getting processed by all BeanPostProcessors (for example: not eligible for auto-proxying). Is this bean getting eagerly injected into a currently created BeanPostProcessor [lbRestClientPostProcessor]? Check the corresponding BeanPostProcessor declaration and its dependencies.
[2025-12-18 15:47:05.228] [WARN ] [groupbuy-service] [main] [o.s.c.s.PostProcessorRegistrationDelegate$BeanPostProcessorChecker:437] - Bean 'loadBalancerClientFactory' of type [org.springframework.cloud.loadbalancer.support.LoadBalancerClientFactory] is not eligible for getting processed by all BeanPostProcessors (for example: not eligible for auto-proxying). Is this bean getting eagerly injected into a currently created BeanPostProcessor [lbRestClientPostProcessor]? Check the corresponding BeanPostProcessor declaration and its dependencies.
[2025-12-18 15:47:05.239] [WARN ] [groupbuy-service] [main] [o.s.c.s.PostProcessorRegistrationDelegate$BeanPostProcessorChecker:437] - Bean 'blockingLoadBalancerClient' of type [org.springframework.cloud.loadbalancer.blocking.client.BlockingLoadBalancerClient] is not eligible for getting processed by all BeanPostProcessors (for example: not eligible for auto-proxying). Is this bean getting eagerly injected into a currently created BeanPostProcessor [lbRestClientPostProcessor]? Check the corresponding BeanPostProcessor declaration and its dependencies.
[2025-12-18 15:47:05.254] [WARN ] [groupbuy-service] [main] [o.s.c.s.PostProcessorRegistrationDelegate$BeanPostProcessorChecker:437] - Bean 'loadBalancerServiceInstanceCookieTransformer' of type [org.springframework.cloud.loadbalancer.core.LoadBalancerServiceInstanceCookieTransformer] is not eligible for getting processed by all BeanPostProcessors (for example: not eligible for auto-proxying). Is this bean getting eagerly injected into a currently created BeanPostProcessor [lbRestClientPostProcessor]? Check the corresponding BeanPostProcessor declaration and its dependencies.
[2025-12-18 15:47:05.257] [WARN ] [groupbuy-service] [main] [o.s.c.s.PostProcessorRegistrationDelegate$BeanPostProcessorChecker:437] - Bean 'xForwarderHeadersTransformer' of type [org.springframework.cloud.loadbalancer.blocking.XForwardedHeadersTransformer] is not eligible for getting processed by all BeanPostProcessors (for example: not eligible for auto-proxying). Is this bean getting eagerly injected into a currently created BeanPostProcessor [lbRestClientPostProcessor]? Check the corresponding BeanPostProcessor declaration and its dependencies.
[2025-12-18 15:47:05.260] [WARN ] [groupbuy-service] [main] [o.s.c.s.PostProcessorRegistrationDelegate$BeanPostProcessorChecker:437] - Bean 'org.springframework.cloud.client.loadbalancer.LoadBalancerAutoConfiguration' of type [org.springframework.cloud.client.loadbalancer.LoadBalancerAutoConfiguration] is not eligible for getting processed by all BeanPostProcessors (for example: not eligible for auto-proxying). Is this bean getting eagerly injected into a currently created BeanPostProcessor [lbRestClientPostProcessor]? Check the corresponding BeanPostProcessor declaration and its dependencies.
[2025-12-18 15:47:05.266] [WARN ] [groupbuy-service] [main] [o.s.c.s.PostProcessorRegistrationDelegate$BeanPostProcessorChecker:437] - Bean 'loadBalancerRequestFactory' of type [org.springframework.cloud.client.loadbalancer.LoadBalancerRequestFactory] is not eligible for getting processed by all BeanPostProcessors (for example: not eligible for auto-proxying). Is this bean getting eagerly injected into a currently created BeanPostProcessor [lbRestClientPostProcessor]? Check the corresponding BeanPostProcessor declaration and its dependencies.
[2025-12-18 15:47:05.268] [WARN ] [groupbuy-service] [main] [o.s.c.s.PostProcessorRegistrationDelegate$BeanPostProcessorChecker:437] - Bean 'loadBalancerInterceptor' of type [org.springframework.cloud.client.loadbalancer.LoadBalancerInterceptor] is not eligible for getting processed by all BeanPostProcessors (for example: not eligible for auto-proxying). Is this bean getting eagerly injected into a currently created BeanPostProcessor [lbRestClientPostProcessor]? Check the corresponding BeanPostProcessor declaration and its dependencies.
[2025-12-18 15:47:05.725] [INFO ] [groupbuy-service] [main] [o.s.boot.web.embedded.tomcat.TomcatWebServer:109] - Tomcat initialized with port 8063 (http)
[2025-12-18 15:47:05.887] [INFO ] [groupbuy-service] [main] [o.s.b.w.s.c.ServletWebServerApplicationContext:296] - Root WebApplicationContext: initialization completed in 4219 ms
[2025-12-18 15:47:06.458] [INFO ] [groupbuy-service] [main] [org.hibernate.jpa.internal.util.LogHelper:31] - HHH000204: Processing PersistenceUnitInfo [name: default]
[2025-12-18 15:47:06.622] [INFO ] [groupbuy-service] [main] [org.hibernate.Version:44] - HHH000412: Hibernate ORM core version 6.4.4.Final
[2025-12-18 15:47:06.756] [INFO ] [groupbuy-service] [main] [o.hibernate.cache.internal.RegionFactoryInitiator:50] - HHH000026: Second-level cache disabled
[2025-12-18 15:47:07.347] [INFO ] [groupbuy-service] [main] [o.s.o.j.persistenceunit.SpringPersistenceUnitInfo:87] - No LoadTimeWeaver setup: ignoring JPA class transformer
[2025-12-18 15:47:07.407] [INFO ] [groupbuy-service] [main] [com.zaxxer.hikari.HikariDataSource:110] - HikariPool-1 - Starting...
[2025-12-18 15:47:07.717] [INFO ] [groupbuy-service] [main] [com.zaxxer.hikari.pool.HikariPool:565] - HikariPool-1 - Added connection com.mysql.cj.jdbc.ConnectionImpl@f252762
[2025-12-18 15:47:07.721] [INFO ] [groupbuy-service] [main] [com.zaxxer.hikari.HikariDataSource:123] - HikariPool-1 - Start completed.
[2025-12-18 15:47:07.808] [WARN ] [groupbuy-service] [main] [org.hibernate.orm.deprecation:153] - HHH90000025: MySQL8Dialect does not need to be specified explicitly using 'hibernate.dialect' (remove the property setting and it will be selected by default)
[2025-12-18 15:47:07.810] [WARN ] [groupbuy-service] [main] [org.hibernate.orm.deprecation:101] - HHH90000026: MySQL8Dialect has been deprecated; use org.hibernate.dialect.MySQLDialect instead
[2025-12-18 15:47:09.955] [INFO ] [groupbuy-service] [main] [o.h.e.t.jta.platform.internal.JtaPlatformInitiator:58] - HHH000489: No JTA platform available (set 'hibernate.transaction.jta.platform' to enable JTA platform integration)
[2025-12-18 15:47:09.964] [INFO ] [groupbuy-service] [main] [o.s.orm.jpa.LocalContainerEntityManagerFactoryBean:437] - Initialized JPA EntityManagerFactory for persistence unit 'default'
[2025-12-18 15:47:10.784] [INFO ] [groupbuy-service] [main] [o.s.data.jpa.repository.query.QueryEnhancerFactory:49] - Hibernate is in classpath; If applicable, HQL parser will be used.
[2025-12-18 15:47:12.898] [WARN ] [groupbuy-service] [main] [o.s.b.a.o.j.JpaBaseConfiguration$JpaWebConfiguration:232] - spring.jpa.open-in-view is enabled by default. Therefore, database queries may be performed during view rendering. Explicitly configure spring.jpa.open-in-view to disable this warning
[2025-12-18 15:47:17.148] [WARN ] [groupbuy-service] [main] [o.s.c.l.c.LoadBalancerCacheAutoConfiguration$LoadBalancerCaffeineWarnLogger:94] - Spring Cloud LoadBalancer is currently working with the default cache. While this cache implementation is useful for development and tests, it's recommended to use Caffeine cache in production.You can switch to using Caffeine cache, by adding it and org.springframework.cache.caffeine.CaffeineCacheManager to the classpath.
[2025-12-18 15:47:17.189] [INFO ] [groupbuy-service] [main] [o.s.b.actuate.endpoint.web.EndpointLinksResolver:58] - Exposing 2 endpoint(s) beneath base path '/actuator'
[2025-12-18 15:47:17.379] [INFO ] [groupbuy-service] [main] [o.s.boot.web.embedded.tomcat.TomcatWebServer:241] - Tomcat started on port 8063 (http) with context path ''
[2025-12-18 15:47:17.383] [INFO ] [groupbuy-service] [main] [o.s.c.consul.serviceregistry.ConsulServiceRegistry:65] - Registering service with consul: NewService{id='groupbuy-service-8063', name='groupbuy-service', tags=[], address='192.168.245.1', meta={secure=false}, port=8063, enableTagOverride=null, check=Check{script='null', dockerContainerID='null', shell='null', interval='null', ttl='30s', http='null', method='null', header=null, tcp='null', timeout='null', deregisterCriticalServiceAfter='null', tlsSkipVerify=null, status='null', grpc='null', grpcUseTLS=null}, checks=null}
[2025-12-18 15:47:18.021] [INFO ] [groupbuy-service] [main] [com.bcu.edu.GroupBuyServiceApplication:56] - Started GroupBuyServiceApplication in 18.15 seconds (process running for 19.354)
[2025-12-18 15:47:18.499] [INFO ] [groupbuy-service] [RMI TCP Connection(3)-26.52.41.123] [org.springframework.web.servlet.DispatcherServlet:532] - Initializing Servlet 'dispatcherServlet'
[2025-12-18 15:47:18.510] [INFO ] [groupbuy-service] [RMI TCP Connection(3)-26.52.41.123] [org.springframework.web.servlet.DispatcherServlet:554] - Completed initialization in 10 ms
[2025-12-18 15:49:02.672] [INFO ] [groupbuy-service] [http-nio-8063-exec-1] [com.bcu.edu.service.TeamService:710] - 查询用户3的拼团记录
[2025-12-18 16:00:00.015] [INFO ] [groupbuy-service] [scheduling-1] [com.bcu.edu.task.TeamExpireTask:54] - ====================================
[2025-12-18 16:00:00.015] [INFO ] [groupbuy-service] [scheduling-1] [com.bcu.edu.task.TeamExpireTask:55] - 开始检查过期团，当前时间：2025-12-18T16:00:00.015290400
[2025-12-18 16:00:00.015] [INFO ] [groupbuy-service] [scheduling-1] [com.bcu.edu.task.TeamExpireTask:56] - ====================================
[2025-12-18 16:00:00.042] [INFO ] [groupbuy-service] [scheduling-1] [com.bcu.edu.task.TeamExpireTask:63] - 未发现过期团，任务结束
[2025-12-18 17:00:00.008] [INFO ] [groupbuy-service] [scheduling-1] [com.bcu.edu.task.TeamExpireTask:54] - ====================================
[2025-12-18 17:00:00.008] [INFO ] [groupbuy-service] [scheduling-1] [com.bcu.edu.task.TeamExpireTask:55] - 开始检查过期团，当前时间：2025-12-18T17:00:00.008697900
[2025-12-18 17:00:00.009] [INFO ] [groupbuy-service] [scheduling-1] [com.bcu.edu.task.TeamExpireTask:56] - ====================================
[2025-12-18 17:00:00.015] [INFO ] [groupbuy-service] [scheduling-1] [com.bcu.edu.task.TeamExpireTask:63] - 未发现过期团，任务结束
[2025-12-18 17:07:03.648] [INFO ] [groupbuy-service] [http-nio-8063-exec-5] [com.bcu.edu.controller.TeamController:227] - 查询团长3的拼团记录，status=null, page=0, limit=1000
[2025-12-18 17:07:03.648] [INFO ] [groupbuy-service] [http-nio-8063-exec-5] [com.bcu.edu.service.TeamService:636] - 查询团长3的拼团记录，status=null, page=0, limit=1000
[2025-12-18 17:07:03.713] [INFO ] [groupbuy-service] [http-nio-8063-exec-5] [com.bcu.edu.service.TeamService:647] - 团长3共有21个拼团记录，本页返回21个
[2025-12-18 17:07:22.872] [INFO ] [groupbuy-service] [http-nio-8063-exec-7] [com.bcu.edu.service.GroupBuyService:129] - 活动更新成功，activityId=5
[2025-12-18 17:07:23.304] [INFO ] [groupbuy-service] [http-nio-8063-exec-9] [com.bcu.edu.controller.TeamController:227] - 查询团长3的拼团记录，status=null, page=0, limit=1000
[2025-12-18 17:07:23.304] [INFO ] [groupbuy-service] [http-nio-8063-exec-9] [com.bcu.edu.service.TeamService:636] - 查询团长3的拼团记录，status=null, page=0, limit=1000
[2025-12-18 17:07:23.310] [INFO ] [groupbuy-service] [http-nio-8063-exec-9] [com.bcu.edu.service.TeamService:647] - 团长3共有21个拼团记录，本页返回21个
[2025-12-18 17:07:39.155] [INFO ] [groupbuy-service] [http-nio-8063-exec-10] [com.bcu.edu.service.GroupBuyService:129] - 活动更新成功，activityId=4
[2025-12-18 17:07:39.496] [INFO ] [groupbuy-service] [http-nio-8063-exec-2] [com.bcu.edu.controller.TeamController:227] - 查询团长3的拼团记录，status=null, page=0, limit=1000
[2025-12-18 17:07:39.496] [INFO ] [groupbuy-service] [http-nio-8063-exec-2] [com.bcu.edu.service.TeamService:636] - 查询团长3的拼团记录，status=null, page=0, limit=1000
[2025-12-18 17:07:39.501] [INFO ] [groupbuy-service] [http-nio-8063-exec-2] [com.bcu.edu.service.TeamService:647] - 团长3共有21个拼团记录，本页返回21个
[2025-12-18 17:07:45.542] [INFO ] [groupbuy-service] [http-nio-8063-exec-3] [com.bcu.edu.service.GroupBuyService:129] - 活动更新成功，activityId=3
[2025-12-18 17:07:45.886] [INFO ] [groupbuy-service] [http-nio-8063-exec-5] [com.bcu.edu.controller.TeamController:227] - 查询团长3的拼团记录，status=null, page=0, limit=1000
[2025-12-18 17:07:45.886] [INFO ] [groupbuy-service] [http-nio-8063-exec-5] [com.bcu.edu.service.TeamService:636] - 查询团长3的拼团记录，status=null, page=0, limit=1000
[2025-12-18 17:07:45.892] [INFO ] [groupbuy-service] [http-nio-8063-exec-5] [com.bcu.edu.service.TeamService:647] - 团长3共有21个拼团记录，本页返回21个
[2025-12-18 17:07:52.344] [INFO ] [groupbuy-service] [http-nio-8063-exec-6] [com.bcu.edu.service.GroupBuyService:129] - 活动更新成功，activityId=1
[2025-12-18 17:07:52.685] [INFO ] [groupbuy-service] [http-nio-8063-exec-8] [com.bcu.edu.controller.TeamController:227] - 查询团长3的拼团记录，status=null, page=0, limit=1000
[2025-12-18 17:07:52.685] [INFO ] [groupbuy-service] [http-nio-8063-exec-8] [com.bcu.edu.service.TeamService:636] - 查询团长3的拼团记录，status=null, page=0, limit=1000
[2025-12-18 17:07:52.689] [INFO ] [groupbuy-service] [http-nio-8063-exec-8] [com.bcu.edu.service.TeamService:647] - 团长3共有21个拼团记录，本页返回21个
[2025-12-18 17:07:58.860] [INFO ] [groupbuy-service] [http-nio-8063-exec-9] [com.bcu.edu.controller.ActivityController:136] - 查询商品1的拼团活动，communityId=5
[2025-12-18 17:07:58.865] [INFO ] [groupbuy-service] [http-nio-8063-exec-9] [com.bcu.edu.service.GroupBuyService:240] - 商品1有2个进行中的拼团活动
[2025-12-18 17:07:58.869] [INFO ] [groupbuy-service] [http-nio-8063-exec-9] [com.bcu.edu.service.GroupBuyService:262] - 活动1有0个进行中的团
[2025-12-18 17:07:58.873] [INFO ] [groupbuy-service] [http-nio-8063-exec-9] [com.bcu.edu.service.GroupBuyService:262] - 活动5有0个进行中的团
[2025-12-18 17:08:19.689] [INFO ] [groupbuy-service] [http-nio-8063-exec-10] [com.bcu.edu.service.TeamService:124] - 用户3（role=2）发起拼团，社区ID=5
[2025-12-18 17:08:19.705] [INFO ] [groupbuy-service] [http-nio-8063-exec-10] [com.bcu.edu.service.TeamService:192] - 团33创建成功，teamNo=T20251218014099, communityId=5
[2025-12-18 17:08:19.823] [INFO ] [groupbuy-service] [http-nio-8063-exec-10] [com.bcu.edu.service.TeamService:225] - 团长参与拼团，订单创建成功，orderId=69
[2025-12-18 17:08:19.826] [INFO ] [groupbuy-service] [http-nio-8063-exec-10] [com.bcu.edu.service.TeamService:242] - 团长参团记录创建成功，memberId=37, status=UNPAID
[2025-12-18 17:08:20.377] [INFO ] [groupbuy-service] [http-nio-8063-exec-1] [com.bcu.edu.controller.TeamController:118] - 收到支付回调，orderId=69
[2025-12-18 17:08:20.389] [INFO ] [groupbuy-service] [http-nio-8063-exec-1] [com.bcu.edu.service.TeamService:380] - 支付回调，orderId=69, 当前状态=0
[2025-12-18 17:08:20.389] [INFO ] [groupbuy-service] [http-nio-8063-exec-1] [com.bcu.edu.service.TeamService:391] - 参团状态更新为已支付，memberId=37
[2025-12-18 17:08:20.392] [INFO ] [groupbuy-service] [http-nio-8063-exec-1] [com.bcu.edu.service.TeamService:400] - 团人数更新，teamId=33, currentNum=1/2
[2025-12-18 17:08:20.446] [INFO ] [groupbuy-service] [http-nio-8063-exec-10] [com.bcu.edu.service.TeamService:155] - 团长支付成功，payId=69, orderId=69
[2025-12-18 17:08:21.818] [INFO ] [groupbuy-service] [http-nio-8063-exec-2] [com.bcu.edu.controller.TeamController:227] - 查询团长3的拼团记录，status=0, page=0, limit=12
[2025-12-18 17:08:21.818] [INFO ] [groupbuy-service] [http-nio-8063-exec-2] [com.bcu.edu.service.TeamService:636] - 查询团长3的拼团记录，status=0, page=0, limit=12
[2025-12-18 17:08:21.822] [INFO ] [groupbuy-service] [http-nio-8063-exec-2] [com.bcu.edu.service.TeamService:647] - 团长3共有1个拼团记录，本页返回1个
[2025-12-18 17:08:22.135] [INFO ] [groupbuy-service] [http-nio-8063-exec-3] [com.bcu.edu.controller.TeamController:227] - 查询团长3的拼团记录，status=null, page=0, limit=1000
[2025-12-18 17:08:22.135] [INFO ] [groupbuy-service] [http-nio-8063-exec-3] [com.bcu.edu.service.TeamService:636] - 查询团长3的拼团记录，status=null, page=0, limit=1000
[2025-12-18 17:08:22.138] [INFO ] [groupbuy-service] [http-nio-8063-exec-3] [com.bcu.edu.service.TeamService:647] - 团长3共有22个拼团记录，本页返回22个
[2025-12-18 17:08:44.978] [INFO ] [groupbuy-service] [http-nio-8063-exec-4] [com.bcu.edu.controller.ActivityController:136] - 查询商品1的拼团活动，communityId=1
[2025-12-18 17:08:44.979] [INFO ] [groupbuy-service] [http-nio-8063-exec-4] [com.bcu.edu.service.GroupBuyService:240] - 商品1有2个进行中的拼团活动
[2025-12-18 17:08:44.981] [INFO ] [groupbuy-service] [http-nio-8063-exec-4] [com.bcu.edu.service.GroupBuyService:262] - 活动1有1个进行中的团
[2025-12-18 17:08:44.993] [INFO ] [groupbuy-service] [http-nio-8063-exec-4] [com.bcu.edu.service.GroupBuyService:262] - 活动5有0个进行中的团
[2025-12-18 17:08:47.028] [INFO ] [groupbuy-service] [http-nio-8063-exec-5] [com.bcu.edu.controller.ActivityController:136] - 查询商品1的拼团活动，communityId=1
[2025-12-18 17:08:47.029] [INFO ] [groupbuy-service] [http-nio-8063-exec-5] [com.bcu.edu.service.GroupBuyService:240] - 商品1有2个进行中的拼团活动
[2025-12-18 17:08:47.031] [INFO ] [groupbuy-service] [http-nio-8063-exec-5] [com.bcu.edu.service.GroupBuyService:262] - 活动1有1个进行中的团
[2025-12-18 17:08:47.040] [INFO ] [groupbuy-service] [http-nio-8063-exec-5] [com.bcu.edu.service.GroupBuyService:262] - 活动5有0个进行中的团
[2025-12-18 17:09:16.279] [INFO ] [groupbuy-service] [http-nio-8063-exec-6] [com.bcu.edu.service.TeamService:280] - 用户4参团，teamId=33, 当前人数=1/2
[2025-12-18 17:09:16.322] [INFO ] [groupbuy-service] [http-nio-8063-exec-6] [com.bcu.edu.service.TeamService:330] - 参团订单创建成功，orderId=70
[2025-12-18 17:09:16.323] [INFO ] [groupbuy-service] [http-nio-8063-exec-6] [com.bcu.edu.service.TeamService:343] - 参团记录创建成功，memberId=38
[2025-12-18 17:09:20.434] [INFO ] [groupbuy-service] [http-nio-8063-exec-8] [com.bcu.edu.controller.TeamController:118] - 收到支付回调，orderId=70
[2025-12-18 17:09:20.436] [INFO ] [groupbuy-service] [http-nio-8063-exec-8] [com.bcu.edu.service.TeamService:380] - 支付回调，orderId=70, 当前状态=0
[2025-12-18 17:09:20.436] [INFO ] [groupbuy-service] [http-nio-8063-exec-8] [com.bcu.edu.service.TeamService:391] - 参团状态更新为已支付，memberId=38
[2025-12-18 17:09:20.437] [INFO ] [groupbuy-service] [http-nio-8063-exec-8] [com.bcu.edu.service.TeamService:400] - 团人数更新，teamId=33, currentNum=2/2
[2025-12-18 17:09:20.438] [INFO ] [groupbuy-service] [http-nio-8063-exec-8] [com.bcu.edu.service.TeamService:405] - 团33已满足成团条件，触发成团逻辑
[2025-12-18 17:09:20.441] [INFO ] [groupbuy-service] [http-nio-8063-exec-8] [com.bcu.edu.service.TeamService:438] - 开始执行成团逻辑，teamId=33
[2025-12-18 17:09:20.441] [INFO ] [groupbuy-service] [http-nio-8063-exec-8] [com.bcu.edu.service.TeamService:444] - 团状态更新为已成团，teamId=33
[2025-12-18 17:09:20.444] [INFO ] [groupbuy-service] [http-nio-8063-exec-8] [com.bcu.edu.service.TeamService:448] - 团33共有2个成员
[2025-12-18 17:09:20.445] [INFO ] [groupbuy-service] [http-nio-8063-exec-8] [com.bcu.edu.service.TeamService:453] - 所有成员状态更新为已成团
[2025-12-18 17:09:20.464] [INFO ] [groupbuy-service] [http-nio-8063-exec-8] [com.bcu.edu.service.TeamService:463] - 批量更新订单状态成功，orderIds=[69, 70]
[2025-12-18 17:09:20.464] [INFO ] [groupbuy-service] [http-nio-8063-exec-8] [com.bcu.edu.service.TeamService:474] - 成团通知发送（TODO）
[2025-12-18 17:09:22.140] [INFO ] [groupbuy-service] [http-nio-8063-exec-9] [com.bcu.edu.service.TeamService:710] - 查询用户4的拼团记录
[2025-12-18 17:10:29.879] [INFO ] [groupbuy-service] [http-nio-8063-exec-3] [com.bcu.edu.controller.TeamController:227] - 查询团长3的拼团记录，status=null, page=0, limit=10
[2025-12-18 17:10:29.879] [INFO ] [groupbuy-service] [http-nio-8063-exec-3] [com.bcu.edu.service.TeamService:636] - 查询团长3的拼团记录，status=null, page=0, limit=10
[2025-12-18 17:10:29.883] [INFO ] [groupbuy-service] [http-nio-8063-exec-3] [com.bcu.edu.service.TeamService:647] - 团长3共有22个拼团记录，本页返回10个
[2025-12-18 17:10:33.419] [INFO ] [groupbuy-service] [http-nio-8063-exec-4] [com.bcu.edu.controller.FeignController:94] - Feign调用: 获取团订单ID列表, teamId=33
[2025-12-18 17:10:33.421] [INFO ] [groupbuy-service] [http-nio-8063-exec-4] [com.bcu.edu.service.GroupBuyService:373] - 获取团订单ID列表: teamId=33
[2025-12-18 17:10:33.423] [INFO ] [groupbuy-service] [http-nio-8063-exec-4] [com.bcu.edu.service.GroupBuyService:377] - 团33的订单ID列表: [69, 70]
[2025-12-18 17:10:33.423] [INFO ] [groupbuy-service] [http-nio-8063-exec-4] [com.bcu.edu.controller.FeignController:98] - 获取结果: teamId=33, orderIds=[69, 70]
[2025-12-18 17:38:19.556] [INFO ] [groupbuy-service] [http-nio-8063-exec-7] [com.bcu.edu.controller.TeamController:227] - 查询团长3的拼团记录，status=null, page=0, limit=1000
[2025-12-18 17:38:19.556] [INFO ] [groupbuy-service] [http-nio-8063-exec-7] [com.bcu.edu.service.TeamService:636] - 查询团长3的拼团记录，status=null, page=0, limit=1000
[2025-12-18 17:38:19.559] [INFO ] [groupbuy-service] [http-nio-8063-exec-7] [com.bcu.edu.service.TeamService:647] - 团长3共有22个拼团记录，本页返回22个
[2025-12-18 17:38:23.644] [INFO ] [groupbuy-service] [http-nio-8063-exec-9] [com.bcu.edu.controller.ActivityController:136] - 查询商品1的拼团活动，communityId=5
[2025-12-18 17:38:23.646] [INFO ] [groupbuy-service] [http-nio-8063-exec-9] [com.bcu.edu.service.GroupBuyService:240] - 商品1有2个进行中的拼团活动
[2025-12-18 17:38:23.648] [INFO ] [groupbuy-service] [http-nio-8063-exec-9] [com.bcu.edu.service.GroupBuyService:262] - 活动1有0个进行中的团
[2025-12-18 17:38:23.649] [INFO ] [groupbuy-service] [http-nio-8063-exec-9] [com.bcu.edu.service.GroupBuyService:262] - 活动5有0个进行中的团
[2025-12-18 17:38:25.154] [INFO ] [groupbuy-service] [http-nio-8063-exec-1] [com.bcu.edu.service.TeamService:124] - 用户3（role=2）发起拼团，社区ID=5
[2025-12-18 17:38:25.156] [INFO ] [groupbuy-service] [http-nio-8063-exec-1] [com.bcu.edu.service.TeamService:192] - 团34创建成功，teamNo=T20251218553512, communityId=5
[2025-12-18 17:38:25.398] [INFO ] [groupbuy-service] [http-nio-8063-exec-10] [com.bcu.edu.controller.TeamController:227] - 查询团长3的拼团记录，status=0, page=0, limit=12
[2025-12-18 17:38:25.398] [INFO ] [groupbuy-service] [http-nio-8063-exec-10] [com.bcu.edu.service.TeamService:636] - 查询团长3的拼团记录，status=0, page=0, limit=12
[2025-12-18 17:38:25.401] [INFO ] [groupbuy-service] [http-nio-8063-exec-10] [com.bcu.edu.service.TeamService:647] - 团长3共有1个拼团记录，本页返回1个
[2025-12-18 17:38:25.507] [INFO ] [groupbuy-service] [http-nio-8063-exec-2] [com.bcu.edu.controller.TeamController:227] - 查询团长3的拼团记录，status=null, page=0, limit=1000
[2025-12-18 17:38:25.507] [INFO ] [groupbuy-service] [http-nio-8063-exec-2] [com.bcu.edu.service.TeamService:636] - 查询团长3的拼团记录，status=null, page=0, limit=1000
[2025-12-18 17:38:25.510] [INFO ] [groupbuy-service] [http-nio-8063-exec-2] [com.bcu.edu.service.TeamService:647] - 团长3共有23个拼团记录，本页返回23个
[2025-12-18 17:38:29.518] [INFO ] [groupbuy-service] [http-nio-8063-exec-5] [com.bcu.edu.controller.TeamController:292] - 团长3请求取消拼团，teamId=34, reason=团长取消拼团
[2025-12-18 17:38:29.519] [INFO ] [groupbuy-service] [http-nio-8063-exec-5] [com.bcu.edu.service.TeamService:919] - 团长取消拼团，teamId=34, userId=3, reason=团长取消拼团
[2025-12-18 17:38:29.521] [INFO ] [groupbuy-service] [http-nio-8063-exec-5] [com.bcu.edu.service.TeamService:938] - 团状态已更新为失败，teamId=34
[2025-12-18 17:38:29.523] [INFO ] [groupbuy-service] [http-nio-8063-exec-5] [com.bcu.edu.service.TeamService:977] - 团成员状态已更新为已取消，共0人
[2025-12-18 17:38:29.523] [INFO ] [groupbuy-service] [http-nio-8063-exec-5] [com.bcu.edu.service.TeamService:979] - 拼团已取消并退款，teamId=34, 退款成员数=0
[2025-12-18 17:38:32.035] [INFO ] [groupbuy-service] [http-nio-8063-exec-8] [com.bcu.edu.controller.TeamController:227] - 查询团长3的拼团记录，status=null, page=0, limit=1000
[2025-12-18 17:38:32.035] [INFO ] [groupbuy-service] [http-nio-8063-exec-8] [com.bcu.edu.service.TeamService:636] - 查询团长3的拼团记录，status=null, page=0, limit=1000
[2025-12-18 17:38:32.038] [INFO ] [groupbuy-service] [http-nio-8063-exec-8] [com.bcu.edu.service.TeamService:647] - 团长3共有23个拼团记录，本页返回23个
[2025-12-18 17:38:34.515] [INFO ] [groupbuy-service] [http-nio-8063-exec-1] [com.bcu.edu.controller.ActivityController:136] - 查询商品1的拼团活动，communityId=5
[2025-12-18 17:38:34.517] [INFO ] [groupbuy-service] [http-nio-8063-exec-1] [com.bcu.edu.service.GroupBuyService:240] - 商品1有2个进行中的拼团活动
[2025-12-18 17:38:34.520] [INFO ] [groupbuy-service] [http-nio-8063-exec-1] [com.bcu.edu.service.GroupBuyService:262] - 活动1有0个进行中的团
[2025-12-18 17:38:34.522] [INFO ] [groupbuy-service] [http-nio-8063-exec-1] [com.bcu.edu.service.GroupBuyService:262] - 活动5有0个进行中的团
[2025-12-18 17:38:37.405] [INFO ] [groupbuy-service] [http-nio-8063-exec-10] [com.bcu.edu.service.TeamService:124] - 用户3（role=2）发起拼团，社区ID=5
[2025-12-18 17:38:37.407] [INFO ] [groupbuy-service] [http-nio-8063-exec-10] [com.bcu.edu.service.TeamService:192] - 团35创建成功，teamNo=T20251218382962, communityId=5
[2025-12-18 17:38:37.728] [INFO ] [groupbuy-service] [http-nio-8063-exec-10] [com.bcu.edu.service.TeamService:225] - 团长参与拼团，订单创建成功，orderId=71
[2025-12-18 17:38:37.730] [INFO ] [groupbuy-service] [http-nio-8063-exec-10] [com.bcu.edu.service.TeamService:242] - 团长参团记录创建成功，memberId=39, status=UNPAID
[2025-12-18 17:38:37.912] [INFO ] [groupbuy-service] [http-nio-8063-exec-2] [com.bcu.edu.controller.TeamController:118] - 收到支付回调，orderId=71
[2025-12-18 17:38:37.914] [INFO ] [groupbuy-service] [http-nio-8063-exec-2] [com.bcu.edu.service.TeamService:380] - 支付回调，orderId=71, 当前状态=0
[2025-12-18 17:38:37.914] [INFO ] [groupbuy-service] [http-nio-8063-exec-2] [com.bcu.edu.service.TeamService:391] - 参团状态更新为已支付，memberId=39
[2025-12-18 17:38:37.916] [INFO ] [groupbuy-service] [http-nio-8063-exec-2] [com.bcu.edu.service.TeamService:400] - 团人数更新，teamId=35, currentNum=1/2
[2025-12-18 17:38:37.933] [INFO ] [groupbuy-service] [http-nio-8063-exec-10] [com.bcu.edu.service.TeamService:155] - 团长支付成功，payId=71, orderId=71
[2025-12-18 17:38:39.798] [INFO ] [groupbuy-service] [http-nio-8063-exec-3] [com.bcu.edu.controller.TeamController:227] - 查询团长3的拼团记录，status=0, page=0, limit=12
[2025-12-18 17:38:39.798] [INFO ] [groupbuy-service] [http-nio-8063-exec-3] [com.bcu.edu.service.TeamService:636] - 查询团长3的拼团记录，status=0, page=0, limit=12
[2025-12-18 17:38:39.798] [INFO ] [groupbuy-service] [http-nio-8063-exec-4] [com.bcu.edu.controller.TeamController:227] - 查询团长3的拼团记录，status=null, page=0, limit=1000
[2025-12-18 17:38:39.798] [INFO ] [groupbuy-service] [http-nio-8063-exec-4] [com.bcu.edu.service.TeamService:636] - 查询团长3的拼团记录，status=null, page=0, limit=1000
[2025-12-18 17:38:39.801] [INFO ] [groupbuy-service] [http-nio-8063-exec-4] [com.bcu.edu.service.TeamService:647] - 团长3共有24个拼团记录，本页返回24个
[2025-12-18 17:38:39.801] [INFO ] [groupbuy-service] [http-nio-8063-exec-3] [com.bcu.edu.service.TeamService:647] - 团长3共有1个拼团记录，本页返回1个
[2025-12-18 17:38:52.990] [INFO ] [groupbuy-service] [http-nio-8063-exec-5] [com.bcu.edu.controller.ActivityController:136] - 查询商品1的拼团活动，communityId=1
[2025-12-18 17:38:52.992] [INFO ] [groupbuy-service] [http-nio-8063-exec-5] [com.bcu.edu.service.GroupBuyService:240] - 商品1有2个进行中的拼团活动
[2025-12-18 17:38:52.993] [INFO ] [groupbuy-service] [http-nio-8063-exec-5] [com.bcu.edu.service.GroupBuyService:262] - 活动1有0个进行中的团
[2025-12-18 17:38:52.994] [INFO ] [groupbuy-service] [http-nio-8063-exec-5] [com.bcu.edu.service.GroupBuyService:262] - 活动5有1个进行中的团
[2025-12-18 17:38:54.341] [INFO ] [groupbuy-service] [http-nio-8063-exec-6] [com.bcu.edu.controller.ActivityController:136] - 查询商品1的拼团活动，communityId=1
[2025-12-18 17:38:54.342] [INFO ] [groupbuy-service] [http-nio-8063-exec-6] [com.bcu.edu.service.GroupBuyService:240] - 商品1有2个进行中的拼团活动
[2025-12-18 17:38:54.343] [INFO ] [groupbuy-service] [http-nio-8063-exec-6] [com.bcu.edu.service.GroupBuyService:262] - 活动1有0个进行中的团
[2025-12-18 17:38:54.345] [INFO ] [groupbuy-service] [http-nio-8063-exec-6] [com.bcu.edu.service.GroupBuyService:262] - 活动5有1个进行中的团
[2025-12-18 17:38:56.428] [INFO ] [groupbuy-service] [http-nio-8063-exec-7] [com.bcu.edu.controller.ActivityController:136] - 查询商品1的拼团活动，communityId=1
[2025-12-18 17:38:56.430] [INFO ] [groupbuy-service] [http-nio-8063-exec-7] [com.bcu.edu.service.GroupBuyService:240] - 商品1有2个进行中的拼团活动
[2025-12-18 17:38:56.432] [INFO ] [groupbuy-service] [http-nio-8063-exec-7] [com.bcu.edu.service.GroupBuyService:262] - 活动1有0个进行中的团
[2025-12-18 17:38:56.433] [INFO ] [groupbuy-service] [http-nio-8063-exec-7] [com.bcu.edu.service.GroupBuyService:262] - 活动5有1个进行中的团
[2025-12-18 17:38:58.914] [INFO ] [groupbuy-service] [http-nio-8063-exec-8] [com.bcu.edu.service.TeamService:280] - 用户4参团，teamId=35, 当前人数=1/2
[2025-12-18 17:38:58.949] [INFO ] [groupbuy-service] [http-nio-8063-exec-8] [com.bcu.edu.service.TeamService:330] - 参团订单创建成功，orderId=72
[2025-12-18 17:38:58.951] [INFO ] [groupbuy-service] [http-nio-8063-exec-8] [com.bcu.edu.service.TeamService:343] - 参团记录创建成功，memberId=40
[2025-12-18 17:39:01.473] [INFO ] [groupbuy-service] [http-nio-8063-exec-9] [com.bcu.edu.controller.TeamController:118] - 收到支付回调，orderId=72
[2025-12-18 17:39:01.476] [INFO ] [groupbuy-service] [http-nio-8063-exec-9] [com.bcu.edu.service.TeamService:380] - 支付回调，orderId=72, 当前状态=0
[2025-12-18 17:39:01.476] [INFO ] [groupbuy-service] [http-nio-8063-exec-9] [com.bcu.edu.service.TeamService:391] - 参团状态更新为已支付，memberId=40
[2025-12-18 17:39:01.477] [INFO ] [groupbuy-service] [http-nio-8063-exec-9] [com.bcu.edu.service.TeamService:400] - 团人数更新，teamId=35, currentNum=2/2
[2025-12-18 17:39:01.477] [INFO ] [groupbuy-service] [http-nio-8063-exec-9] [com.bcu.edu.service.TeamService:405] - 团35已满足成团条件，触发成团逻辑
[2025-12-18 17:39:01.479] [INFO ] [groupbuy-service] [http-nio-8063-exec-9] [com.bcu.edu.service.TeamService:438] - 开始执行成团逻辑，teamId=35
[2025-12-18 17:39:01.479] [INFO ] [groupbuy-service] [http-nio-8063-exec-9] [com.bcu.edu.service.TeamService:444] - 团状态更新为已成团，teamId=35
[2025-12-18 17:39:01.480] [INFO ] [groupbuy-service] [http-nio-8063-exec-9] [com.bcu.edu.service.TeamService:448] - 团35共有2个成员
[2025-12-18 17:39:01.481] [INFO ] [groupbuy-service] [http-nio-8063-exec-9] [com.bcu.edu.service.TeamService:453] - 所有成员状态更新为已成团
[2025-12-18 17:39:01.504] [INFO ] [groupbuy-service] [http-nio-8063-exec-9] [com.bcu.edu.service.TeamService:463] - 批量更新订单状态成功，orderIds=[71, 72]
[2025-12-18 17:39:01.504] [INFO ] [groupbuy-service] [http-nio-8063-exec-9] [com.bcu.edu.service.TeamService:474] - 成团通知发送（TODO）
[2025-12-18 17:39:03.076] [INFO ] [groupbuy-service] [http-nio-8063-exec-1] [com.bcu.edu.service.TeamService:710] - 查询用户4的拼团记录
[2025-12-18 17:39:34.060] [INFO ] [groupbuy-service] [http-nio-8063-exec-2] [com.bcu.edu.service.TeamService:710] - 查询用户3的拼团记录
[2025-12-18 17:40:09.592] [INFO ] [groupbuy-service] [http-nio-8063-exec-4] [com.bcu.edu.controller.TeamController:227] - 查询团长3的拼团记录，status=null, page=0, limit=10
[2025-12-18 17:40:09.592] [INFO ] [groupbuy-service] [http-nio-8063-exec-4] [com.bcu.edu.service.TeamService:636] - 查询团长3的拼团记录，status=null, page=0, limit=10
[2025-12-18 17:40:09.595] [INFO ] [groupbuy-service] [http-nio-8063-exec-4] [com.bcu.edu.service.TeamService:647] - 团长3共有24个拼团记录，本页返回10个
[2025-12-18 17:40:29.249] [INFO ] [groupbuy-service] [http-nio-8063-exec-5] [com.bcu.edu.controller.TeamController:227] - 查询团长3的拼团记录，status=null, page=0, limit=10
[2025-12-18 17:40:29.249] [INFO ] [groupbuy-service] [http-nio-8063-exec-5] [com.bcu.edu.service.TeamService:636] - 查询团长3的拼团记录，status=null, page=0, limit=10
[2025-12-18 17:40:29.251] [INFO ] [groupbuy-service] [http-nio-8063-exec-5] [com.bcu.edu.service.TeamService:647] - 团长3共有24个拼团记录，本页返回10个
[2025-12-18 17:41:30.853] [INFO ] [groupbuy-service] [http-nio-8063-exec-7] [com.bcu.edu.controller.TeamController:227] - 查询团长3的拼团记录，status=null, page=0, limit=10
[2025-12-18 17:41:30.853] [INFO ] [groupbuy-service] [http-nio-8063-exec-7] [com.bcu.edu.service.TeamService:636] - 查询团长3的拼团记录，status=null, page=0, limit=10
[2025-12-18 17:41:30.856] [INFO ] [groupbuy-service] [http-nio-8063-exec-7] [com.bcu.edu.service.TeamService:647] - 团长3共有24个拼团记录，本页返回10个
[2025-12-18 17:41:36.121] [INFO ] [groupbuy-service] [http-nio-8063-exec-8] [com.bcu.edu.controller.FeignController:94] - Feign调用: 获取团订单ID列表, teamId=35
[2025-12-18 17:41:36.121] [INFO ] [groupbuy-service] [http-nio-8063-exec-8] [com.bcu.edu.service.GroupBuyService:373] - 获取团订单ID列表: teamId=35
[2025-12-18 17:41:36.122] [INFO ] [groupbuy-service] [http-nio-8063-exec-8] [com.bcu.edu.service.GroupBuyService:377] - 团35的订单ID列表: [71, 72]
[2025-12-18 17:41:36.122] [INFO ] [groupbuy-service] [http-nio-8063-exec-8] [com.bcu.edu.controller.FeignController:98] - 获取结果: teamId=35, orderIds=[71, 72]
[2025-12-18 18:00:00.014] [INFO ] [groupbuy-service] [scheduling-1] [com.bcu.edu.task.TeamExpireTask:54] - ====================================
[2025-12-18 18:00:00.014] [INFO ] [groupbuy-service] [scheduling-1] [com.bcu.edu.task.TeamExpireTask:55] - 开始检查过期团，当前时间：2025-12-18T18:00:00.014767200
[2025-12-18 18:00:00.015] [INFO ] [groupbuy-service] [scheduling-1] [com.bcu.edu.task.TeamExpireTask:56] - ====================================
[2025-12-18 18:00:00.017] [INFO ] [groupbuy-service] [scheduling-1] [com.bcu.edu.task.TeamExpireTask:63] - 未发现过期团，任务结束
[2025-12-18 19:00:00.003] [INFO ] [groupbuy-service] [scheduling-1] [com.bcu.edu.task.TeamExpireTask:54] - ====================================
[2025-12-18 19:00:00.004] [INFO ] [groupbuy-service] [scheduling-1] [com.bcu.edu.task.TeamExpireTask:55] - 开始检查过期团，当前时间：2025-12-18T19:00:00.003590100
[2025-12-18 19:00:00.004] [INFO ] [groupbuy-service] [scheduling-1] [com.bcu.edu.task.TeamExpireTask:56] - ====================================
[2025-12-18 19:00:00.006] [INFO ] [groupbuy-service] [scheduling-1] [com.bcu.edu.task.TeamExpireTask:63] - 未发现过期团，任务结束
[2025-12-18 20:00:00.012] [INFO ] [groupbuy-service] [scheduling-1] [com.bcu.edu.task.TeamExpireTask:54] - ====================================
[2025-12-18 20:00:00.012] [INFO ] [groupbuy-service] [scheduling-1] [com.bcu.edu.task.TeamExpireTask:55] - 开始检查过期团，当前时间：2025-12-18T20:00:00.012813600
[2025-12-18 20:00:00.014] [INFO ] [groupbuy-service] [scheduling-1] [com.bcu.edu.task.TeamExpireTask:56] - ====================================
[2025-12-18 20:00:00.017] [INFO ] [groupbuy-service] [scheduling-1] [com.bcu.edu.task.TeamExpireTask:63] - 未发现过期团，任务结束
[2025-12-18 21:00:00.013] [INFO ] [groupbuy-service] [scheduling-1] [com.bcu.edu.task.TeamExpireTask:54] - ====================================
[2025-12-18 21:00:00.013] [INFO ] [groupbuy-service] [scheduling-1] [com.bcu.edu.task.TeamExpireTask:55] - 开始检查过期团，当前时间：2025-12-18T21:00:00.013191800
[2025-12-18 21:00:00.013] [INFO ] [groupbuy-service] [scheduling-1] [com.bcu.edu.task.TeamExpireTask:56] - ====================================
[2025-12-18 21:00:00.015] [INFO ] [groupbuy-service] [scheduling-1] [com.bcu.edu.task.TeamExpireTask:63] - 未发现过期团，任务结束
[2025-12-18 22:00:00.012] [INFO ] [groupbuy-service] [scheduling-1] [com.bcu.edu.task.TeamExpireTask:54] - ====================================
[2025-12-18 22:00:00.012] [INFO ] [groupbuy-service] [scheduling-1] [com.bcu.edu.task.TeamExpireTask:55] - 开始检查过期团，当前时间：2025-12-18T22:00:00.012152800
[2025-12-18 22:00:00.012] [INFO ] [groupbuy-service] [scheduling-1] [com.bcu.edu.task.TeamExpireTask:56] - ====================================
[2025-12-18 22:00:00.014] [INFO ] [groupbuy-service] [scheduling-1] [com.bcu.edu.task.TeamExpireTask:63] - 未发现过期团，任务结束
[2025-12-18 22:17:17.159] [INFO ] [groupbuy-service] [SpringApplicationShutdownHook] [o.s.c.consul.serviceregistry.ConsulServiceRegistry:89] - Deregistering service with consul: groupbuy-service-8063
[2025-12-18 22:17:17.173] [INFO ] [groupbuy-service] [SpringApplicationShutdownHook] [o.s.orm.jpa.LocalContainerEntityManagerFactoryBean:650] - Closing JPA EntityManagerFactory for persistence unit 'default'
[2025-12-18 22:17:17.183] [INFO ] [groupbuy-service] [SpringApplicationShutdownHook] [com.zaxxer.hikari.HikariDataSource:350] - HikariPool-1 - Shutdown initiated...
[2025-12-18 22:17:17.185] [INFO ] [groupbuy-service] [SpringApplicationShutdownHook] [com.zaxxer.hikari.HikariDataSource:352] - HikariPool-1 - Shutdown completed.
