[2025-10-31 18:07:45.637] [DEBUG] [UserService] [main] [com.bcu.edu.UserServiceApplication:51] - Running with Spring Boot v3.2.3, Spring v6.1.4
[2025-10-31 18:07:48.001] [DEBUG] [UserService] [main] [com.bcu.edu.config.JwtAuthenticationFilter:240] - Filter 'jwtFilter' configured for use
[2025-10-31 18:08:18.700] [DEBUG] [UserService] [http-nio-8061-exec-2] [com.bcu.edu.config.JwtAuthenticationFilter:54] - 网关请求，用户信息: userId=1, username=1
[2025-10-31 18:08:18.792] [DEBUG] [UserService] [http-nio-8061-exec-2] [org.hibernate.SQL:135] - 
    select
        su1_0.user_id,
        su1_0.avatar,
        su1_0.community_id,
        su1_0.create_time,
        su1_0.password,
        su1_0.phone,
        su1_0.real_name,
        su1_0.role,
        su1_0.status,
        su1_0.update_time,
        su1_0.username,
        su1_0.wx_openid 
    from
        sys_user su1_0
[2025-10-31 18:43:19.861] [DEBUG] [UserService] [main] [com.bcu.edu.UserServiceApplication:51] - Running with Spring Boot v3.2.3, Spring v6.1.4
[2025-10-31 18:49:02.072] [DEBUG] [UserService] [main] [com.bcu.edu.UserServiceApplication:51] - Running with Spring Boot v3.2.3, Spring v6.1.4
[2025-10-31 18:49:04.271] [DEBUG] [UserService] [main] [com.bcu.edu.config.JwtAuthenticationFilter:240] - Filter 'jwtFilter' configured for use
[2025-10-31 18:51:38.819] [DEBUG] [UserService] [http-nio-8061-exec-1] [com.bcu.edu.config.JwtAuthenticationFilter:54] - 网关请求，用户信息: userId=1, username=1
[2025-10-31 18:51:38.908] [DEBUG] [UserService] [http-nio-8061-exec-1] [org.hibernate.SQL:135] - 
    select
        su1_0.user_id,
        su1_0.avatar,
        su1_0.community_id,
        su1_0.create_time,
        su1_0.password,
        su1_0.phone,
        su1_0.real_name,
        su1_0.role,
        su1_0.status,
        su1_0.update_time,
        su1_0.username,
        su1_0.wx_openid 
    from
        sys_user su1_0
[2025-10-31 18:51:42.843] [DEBUG] [UserService] [http-nio-8061-exec-3] [com.bcu.edu.config.JwtAuthenticationFilter:54] - 网关请求，用户信息: userId=1, username=1
[2025-10-31 18:51:42.852] [DEBUG] [UserService] [http-nio-8061-exec-3] [org.hibernate.SQL:135] - 
    select
        uf1_0.feedback_id,
        uf1_0.content,
        uf1_0.create_time,
        uf1_0.images,
        uf1_0.reply,
        uf1_0.reply_time,
        uf1_0.status,
        uf1_0.type,
        uf1_0.update_time,
        uf1_0.user_id 
    from
        user_feedback uf1_0 
    order by
        uf1_0.create_time desc 
    limit
        ?, ?
[2025-10-31 18:51:43.366] [DEBUG] [UserService] [http-nio-8061-exec-4] [com.bcu.edu.config.JwtAuthenticationFilter:54] - 网关请求，用户信息: userId=1, username=1
[2025-10-31 18:51:43.367] [DEBUG] [UserService] [http-nio-8061-exec-5] [com.bcu.edu.config.JwtAuthenticationFilter:54] - 网关请求，用户信息: userId=1, username=1
[2025-10-31 19:01:30.269] [DEBUG] [UserService] [main] [com.bcu.edu.UserServiceApplication:51] - Running with Spring Boot v3.2.3, Spring v6.1.4
[2025-10-31 19:01:32.992] [DEBUG] [UserService] [main] [com.bcu.edu.config.JwtAuthenticationFilter:240] - Filter 'jwtFilter' configured for use
[2025-10-31 19:02:04.815] [DEBUG] [UserService] [http-nio-8061-exec-3] [com.bcu.edu.config.JwtAuthenticationFilter:54] - 网关请求，用户信息: userId=1, username=1
[2025-10-31 19:02:04.910] [DEBUG] [UserService] [http-nio-8061-exec-3] [org.hibernate.SQL:135] - 
    select
        uf1_0.feedback_id,
        uf1_0.content,
        uf1_0.create_time,
        uf1_0.images,
        uf1_0.reply,
        uf1_0.reply_time,
        uf1_0.status,
        uf1_0.type,
        uf1_0.update_time,
        uf1_0.user_id 
    from
        user_feedback uf1_0 
    order by
        uf1_0.create_time desc 
    limit
        ?, ?
[2025-10-31 19:02:05.107] [DEBUG] [UserService] [http-nio-8061-exec-4] [com.bcu.edu.config.JwtAuthenticationFilter:54] - 网关请求，用户信息: userId=1, username=1
[2025-10-31 19:02:05.108] [DEBUG] [UserService] [http-nio-8061-exec-6] [com.bcu.edu.config.JwtAuthenticationFilter:54] - 网关请求，用户信息: userId=1, username=1
[2025-10-31 19:02:05.108] [DEBUG] [UserService] [http-nio-8061-exec-4] [com.bcu.edu.controller.AdminLogController:119] - 获取操作模块列表
[2025-10-31 19:02:05.110] [DEBUG] [UserService] [http-nio-8061-exec-6] [com.bcu.edu.controller.AdminLogController:60] - 查询操作日志: page=1, size=10, module=null, username=null
[2025-10-31 19:02:05.117] [DEBUG] [UserService] [http-nio-8061-exec-4] [org.hibernate.SQL:135] - 
    select
        distinct sol1_0.module 
    from
        sys_operation_log sol1_0 
    order by
        sol1_0.module
[2025-10-31 19:02:05.120] [DEBUG] [UserService] [http-nio-8061-exec-4] [com.bcu.edu.service.LogService:255] - 获取操作模块列表完成: count=2
[2025-10-31 19:02:05.120] [DEBUG] [UserService] [http-nio-8061-exec-6] [org.hibernate.SQL:135] - 
    select
        sol1_0.log_id,
        sol1_0.create_time,
        sol1_0.duration,
        sol1_0.error_msg,
        sol1_0.ip,
        sol1_0.method,
        sol1_0.module,
        sol1_0.operation,
        sol1_0.params,
        sol1_0.result,
        sol1_0.user_id,
        sol1_0.username 
    from
        sys_operation_log sol1_0 
    where
        1=1 
    order by
        sol1_0.create_time desc 
    limit
        ?, ?
[2025-10-31 19:02:05.129] [DEBUG] [UserService] [http-nio-8061-exec-6] [org.hibernate.SQL:135] - 
    select
        count(sol1_0.log_id) 
    from
        sys_operation_log sol1_0 
    where
        1=1
[2025-10-31 19:02:10.185] [DEBUG] [UserService] [http-nio-8061-exec-5] [com.bcu.edu.config.JwtAuthenticationFilter:54] - 网关请求，用户信息: userId=1, username=1
[2025-10-31 19:02:10.191] [DEBUG] [UserService] [http-nio-8061-exec-5] [com.bcu.edu.controller.AdminLogController:60] - 查询操作日志: page=1, size=10, module=null, username=null
[2025-10-31 19:02:10.202] [DEBUG] [UserService] [http-nio-8061-exec-5] [org.hibernate.SQL:135] - 
    select
        sol1_0.log_id,
        sol1_0.create_time,
        sol1_0.duration,
        sol1_0.error_msg,
        sol1_0.ip,
        sol1_0.method,
        sol1_0.module,
        sol1_0.operation,
        sol1_0.params,
        sol1_0.result,
        sol1_0.user_id,
        sol1_0.username 
    from
        sys_operation_log sol1_0 
    where
        sol1_0.operation like replace(?, '\\', '\\\\') 
    order by
        sol1_0.create_time desc 
    limit
        ?, ?
[2025-10-31 19:02:12.777] [DEBUG] [UserService] [http-nio-8061-exec-7] [com.bcu.edu.config.JwtAuthenticationFilter:54] - 网关请求，用户信息: userId=1, username=1
[2025-10-31 19:02:12.778] [DEBUG] [UserService] [http-nio-8061-exec-7] [com.bcu.edu.controller.AdminLogController:60] - 查询操作日志: page=1, size=10, module=null, username=null
[2025-10-31 19:02:12.780] [DEBUG] [UserService] [http-nio-8061-exec-7] [org.hibernate.SQL:135] - 
    select
        sol1_0.log_id,
        sol1_0.create_time,
        sol1_0.duration,
        sol1_0.error_msg,
        sol1_0.ip,
        sol1_0.method,
        sol1_0.module,
        sol1_0.operation,
        sol1_0.params,
        sol1_0.result,
        sol1_0.user_id,
        sol1_0.username 
    from
        sys_operation_log sol1_0 
    where
        1=1 
    order by
        sol1_0.create_time desc 
    limit
        ?, ?
[2025-10-31 19:02:12.782] [DEBUG] [UserService] [http-nio-8061-exec-7] [org.hibernate.SQL:135] - 
    select
        count(sol1_0.log_id) 
    from
        sys_operation_log sol1_0 
    where
        1=1
[2025-10-31 19:02:24.358] [DEBUG] [UserService] [http-nio-8061-exec-9] [com.bcu.edu.config.JwtAuthenticationFilter:54] - 网关请求，用户信息: userId=1, username=1
[2025-10-31 19:02:24.359] [DEBUG] [UserService] [http-nio-8061-exec-9] [com.bcu.edu.controller.AdminLogController:60] - 查询操作日志: page=1, size=10, module=null, username=null
[2025-10-31 19:02:24.361] [DEBUG] [UserService] [http-nio-8061-exec-9] [org.hibernate.SQL:135] - 
    select
        sol1_0.log_id,
        sol1_0.create_time,
        sol1_0.duration,
        sol1_0.error_msg,
        sol1_0.ip,
        sol1_0.method,
        sol1_0.module,
        sol1_0.operation,
        sol1_0.params,
        sol1_0.result,
        sol1_0.user_id,
        sol1_0.username 
    from
        sys_operation_log sol1_0 
    where
        sol1_0.operation like replace(?, '\\', '\\\\') 
    order by
        sol1_0.create_time desc 
    limit
        ?, ?
[2025-10-31 19:02:24.365] [DEBUG] [UserService] [http-nio-8061-exec-9] [org.hibernate.SQL:135] - 
    select
        count(sol1_0.log_id) 
    from
        sys_operation_log sol1_0 
    where
        sol1_0.operation like replace(?, '\\', '\\\\')
[2025-10-31 19:02:25.635] [DEBUG] [UserService] [http-nio-8061-exec-10] [com.bcu.edu.config.JwtAuthenticationFilter:54] - 网关请求，用户信息: userId=1, username=1
[2025-10-31 19:02:25.636] [DEBUG] [UserService] [http-nio-8061-exec-10] [com.bcu.edu.controller.AdminLogController:60] - 查询操作日志: page=1, size=10, module=null, username=null
[2025-10-31 19:02:25.639] [DEBUG] [UserService] [http-nio-8061-exec-10] [org.hibernate.SQL:135] - 
    select
        sol1_0.log_id,
        sol1_0.create_time,
        sol1_0.duration,
        sol1_0.error_msg,
        sol1_0.ip,
        sol1_0.method,
        sol1_0.module,
        sol1_0.operation,
        sol1_0.params,
        sol1_0.result,
        sol1_0.user_id,
        sol1_0.username 
    from
        sys_operation_log sol1_0 
    where
        sol1_0.operation like replace(?, '\\', '\\\\') 
    order by
        sol1_0.create_time desc 
    limit
        ?, ?
[2025-10-31 19:02:25.643] [DEBUG] [UserService] [http-nio-8061-exec-10] [org.hibernate.SQL:135] - 
    select
        count(sol1_0.log_id) 
    from
        sys_operation_log sol1_0 
    where
        sol1_0.operation like replace(?, '\\', '\\\\')
[2025-10-31 19:02:25.943] [DEBUG] [UserService] [http-nio-8061-exec-1] [com.bcu.edu.config.JwtAuthenticationFilter:54] - 网关请求，用户信息: userId=1, username=1
[2025-10-31 19:02:25.945] [DEBUG] [UserService] [http-nio-8061-exec-1] [com.bcu.edu.controller.AdminLogController:60] - 查询操作日志: page=1, size=10, module=null, username=null
[2025-10-31 19:02:25.947] [DEBUG] [UserService] [http-nio-8061-exec-1] [org.hibernate.SQL:135] - 
    select
        sol1_0.log_id,
        sol1_0.create_time,
        sol1_0.duration,
        sol1_0.error_msg,
        sol1_0.ip,
        sol1_0.method,
        sol1_0.module,
        sol1_0.operation,
        sol1_0.params,
        sol1_0.result,
        sol1_0.user_id,
        sol1_0.username 
    from
        sys_operation_log sol1_0 
    where
        sol1_0.operation like replace(?, '\\', '\\\\') 
    order by
        sol1_0.create_time desc 
    limit
        ?, ?
[2025-10-31 19:02:25.950] [DEBUG] [UserService] [http-nio-8061-exec-1] [org.hibernate.SQL:135] - 
    select
        count(sol1_0.log_id) 
    from
        sys_operation_log sol1_0 
    where
        sol1_0.operation like replace(?, '\\', '\\\\')
[2025-10-31 19:02:26.138] [DEBUG] [UserService] [http-nio-8061-exec-2] [com.bcu.edu.config.JwtAuthenticationFilter:54] - 网关请求，用户信息: userId=1, username=1
[2025-10-31 19:02:26.139] [DEBUG] [UserService] [http-nio-8061-exec-2] [com.bcu.edu.controller.AdminLogController:60] - 查询操作日志: page=1, size=10, module=null, username=null
[2025-10-31 19:02:26.141] [DEBUG] [UserService] [http-nio-8061-exec-2] [org.hibernate.SQL:135] - 
    select
        sol1_0.log_id,
        sol1_0.create_time,
        sol1_0.duration,
        sol1_0.error_msg,
        sol1_0.ip,
        sol1_0.method,
        sol1_0.module,
        sol1_0.operation,
        sol1_0.params,
        sol1_0.result,
        sol1_0.user_id,
        sol1_0.username 
    from
        sys_operation_log sol1_0 
    where
        sol1_0.operation like replace(?, '\\', '\\\\') 
    order by
        sol1_0.create_time desc 
    limit
        ?, ?
[2025-10-31 19:02:26.144] [DEBUG] [UserService] [http-nio-8061-exec-2] [org.hibernate.SQL:135] - 
    select
        count(sol1_0.log_id) 
    from
        sys_operation_log sol1_0 
    where
        sol1_0.operation like replace(?, '\\', '\\\\')
[2025-10-31 19:02:26.315] [DEBUG] [UserService] [http-nio-8061-exec-3] [com.bcu.edu.config.JwtAuthenticationFilter:54] - 网关请求，用户信息: userId=1, username=1
[2025-10-31 19:02:26.316] [DEBUG] [UserService] [http-nio-8061-exec-3] [com.bcu.edu.controller.AdminLogController:60] - 查询操作日志: page=1, size=10, module=null, username=null
[2025-10-31 19:02:26.318] [DEBUG] [UserService] [http-nio-8061-exec-3] [org.hibernate.SQL:135] - 
    select
        sol1_0.log_id,
        sol1_0.create_time,
        sol1_0.duration,
        sol1_0.error_msg,
        sol1_0.ip,
        sol1_0.method,
        sol1_0.module,
        sol1_0.operation,
        sol1_0.params,
        sol1_0.result,
        sol1_0.user_id,
        sol1_0.username 
    from
        sys_operation_log sol1_0 
    where
        sol1_0.operation like replace(?, '\\', '\\\\') 
    order by
        sol1_0.create_time desc 
    limit
        ?, ?
[2025-10-31 19:02:26.322] [DEBUG] [UserService] [http-nio-8061-exec-3] [org.hibernate.SQL:135] - 
    select
        count(sol1_0.log_id) 
    from
        sys_operation_log sol1_0 
    where
        sol1_0.operation like replace(?, '\\', '\\\\')
[2025-10-31 19:02:30.530] [DEBUG] [UserService] [http-nio-8061-exec-6] [com.bcu.edu.config.JwtAuthenticationFilter:54] - 网关请求，用户信息: userId=1, username=1
[2025-10-31 19:02:30.530] [DEBUG] [UserService] [http-nio-8061-exec-5] [com.bcu.edu.config.JwtAuthenticationFilter:54] - 网关请求，用户信息: userId=1, username=1
[2025-10-31 19:02:30.531] [DEBUG] [UserService] [http-nio-8061-exec-6] [com.bcu.edu.controller.AdminLogController:119] - 获取操作模块列表
[2025-10-31 19:02:30.532] [DEBUG] [UserService] [http-nio-8061-exec-5] [com.bcu.edu.controller.AdminLogController:60] - 查询操作日志: page=1, size=10, module=null, username=null
[2025-10-31 19:02:30.533] [DEBUG] [UserService] [http-nio-8061-exec-6] [org.hibernate.SQL:135] - 
    select
        distinct sol1_0.module 
    from
        sys_operation_log sol1_0 
    order by
        sol1_0.module
[2025-10-31 19:02:30.533] [DEBUG] [UserService] [http-nio-8061-exec-5] [org.hibernate.SQL:135] - 
    select
        sol1_0.log_id,
        sol1_0.create_time,
        sol1_0.duration,
        sol1_0.error_msg,
        sol1_0.ip,
        sol1_0.method,
        sol1_0.module,
        sol1_0.operation,
        sol1_0.params,
        sol1_0.result,
        sol1_0.user_id,
        sol1_0.username 
    from
        sys_operation_log sol1_0 
    where
        1=1 
    order by
        sol1_0.create_time desc 
    limit
        ?, ?
[2025-10-31 19:02:30.535] [DEBUG] [UserService] [http-nio-8061-exec-6] [com.bcu.edu.service.LogService:255] - 获取操作模块列表完成: count=2
[2025-10-31 19:02:30.537] [DEBUG] [UserService] [http-nio-8061-exec-5] [org.hibernate.SQL:135] - 
    select
        count(sol1_0.log_id) 
    from
        sys_operation_log sol1_0 
    where
        1=1
[2025-10-31 19:02:39.314] [DEBUG] [UserService] [http-nio-8061-exec-7] [com.bcu.edu.config.JwtAuthenticationFilter:54] - 网关请求，用户信息: userId=1, username=1
[2025-10-31 19:02:39.315] [DEBUG] [UserService] [http-nio-8061-exec-7] [com.bcu.edu.controller.AdminLogController:60] - 查询操作日志: page=1, size=10, module=null, username=null
[2025-10-31 19:02:39.318] [DEBUG] [UserService] [http-nio-8061-exec-7] [org.hibernate.SQL:135] - 
    select
        sol1_0.log_id,
        sol1_0.create_time,
        sol1_0.duration,
        sol1_0.error_msg,
        sol1_0.ip,
        sol1_0.method,
        sol1_0.module,
        sol1_0.operation,
        sol1_0.params,
        sol1_0.result,
        sol1_0.user_id,
        sol1_0.username 
    from
        sys_operation_log sol1_0 
    where
        sol1_0.operation like replace(?, '\\', '\\\\') 
    order by
        sol1_0.create_time desc 
    limit
        ?, ?
[2025-10-31 19:02:43.484] [DEBUG] [UserService] [http-nio-8061-exec-8] [com.bcu.edu.config.JwtAuthenticationFilter:54] - 网关请求，用户信息: userId=1, username=1
[2025-10-31 19:02:43.485] [DEBUG] [UserService] [http-nio-8061-exec-8] [com.bcu.edu.controller.AdminLogController:60] - 查询操作日志: page=1, size=10, module=null, username=1
[2025-10-31 19:02:43.488] [DEBUG] [UserService] [http-nio-8061-exec-8] [org.hibernate.SQL:135] - 
    select
        sol1_0.log_id,
        sol1_0.create_time,
        sol1_0.duration,
        sol1_0.error_msg,
        sol1_0.ip,
        sol1_0.method,
        sol1_0.module,
        sol1_0.operation,
        sol1_0.params,
        sol1_0.result,
        sol1_0.user_id,
        sol1_0.username 
    from
        sys_operation_log sol1_0 
    where
        sol1_0.username like replace(?, '\\', '\\\\') 
    order by
        sol1_0.create_time desc 
    limit
        ?, ?
[2025-10-31 19:02:44.919] [DEBUG] [UserService] [http-nio-8061-exec-9] [com.bcu.edu.config.JwtAuthenticationFilter:54] - 网关请求，用户信息: userId=1, username=1
[2025-10-31 19:02:44.922] [DEBUG] [UserService] [http-nio-8061-exec-9] [org.hibernate.SQL:135] - 
    select
        uf1_0.feedback_id,
        uf1_0.content,
        uf1_0.create_time,
        uf1_0.images,
        uf1_0.reply,
        uf1_0.reply_time,
        uf1_0.status,
        uf1_0.type,
        uf1_0.update_time,
        uf1_0.user_id 
    from
        user_feedback uf1_0 
    order by
        uf1_0.create_time desc 
    limit
        ?, ?
[2025-10-31 19:03:07.716] [DEBUG] [UserService] [http-nio-8061-exec-2] [com.bcu.edu.controller.LogController:39] - 收到日志保存请求: module=商品分类, operation=创建分类, user=1
[2025-10-31 19:03:07.735] [DEBUG] [UserService] [log-async-1] [org.hibernate.SQL:135] - 
    insert 
    into
        sys_operation_log
        (create_time, duration, error_msg, ip, method, module, operation, params, result, user_id, username) 
    values
        (?, ?, ?, ?, ?, ?, ?, ?, ?, ?, ?)
[2025-10-31 19:03:09.306] [DEBUG] [UserService] [http-nio-8061-exec-4] [com.bcu.edu.config.JwtAuthenticationFilter:54] - 网关请求，用户信息: userId=1, username=1
[2025-10-31 19:03:09.306] [DEBUG] [UserService] [http-nio-8061-exec-3] [com.bcu.edu.config.JwtAuthenticationFilter:54] - 网关请求，用户信息: userId=1, username=1
[2025-10-31 19:03:09.307] [DEBUG] [UserService] [http-nio-8061-exec-3] [com.bcu.edu.controller.AdminLogController:119] - 获取操作模块列表
[2025-10-31 19:03:09.307] [DEBUG] [UserService] [http-nio-8061-exec-4] [com.bcu.edu.controller.AdminLogController:60] - 查询操作日志: page=1, size=10, module=null, username=null
[2025-10-31 19:03:09.307] [DEBUG] [UserService] [http-nio-8061-exec-3] [org.hibernate.SQL:135] - 
    select
        distinct sol1_0.module 
    from
        sys_operation_log sol1_0 
    order by
        sol1_0.module
[2025-10-31 19:03:09.309] [DEBUG] [UserService] [http-nio-8061-exec-3] [com.bcu.edu.service.LogService:255] - 获取操作模块列表完成: count=3
[2025-10-31 19:03:09.309] [DEBUG] [UserService] [http-nio-8061-exec-4] [org.hibernate.SQL:135] - 
    select
        sol1_0.log_id,
        sol1_0.create_time,
        sol1_0.duration,
        sol1_0.error_msg,
        sol1_0.ip,
        sol1_0.method,
        sol1_0.module,
        sol1_0.operation,
        sol1_0.params,
        sol1_0.result,
        sol1_0.user_id,
        sol1_0.username 
    from
        sys_operation_log sol1_0 
    where
        1=1 
    order by
        sol1_0.create_time desc 
    limit
        ?, ?
[2025-10-31 19:03:09.312] [DEBUG] [UserService] [http-nio-8061-exec-4] [org.hibernate.SQL:135] - 
    select
        count(sol1_0.log_id) 
    from
        sys_operation_log sol1_0 
    where
        1=1
[2025-10-31 19:03:45.355] [DEBUG] [UserService] [http-nio-8061-exec-7] [com.bcu.edu.controller.LogController:39] - 收到日志保存请求: module=商品管理, operation=上传图片, user=1
[2025-10-31 19:03:45.357] [DEBUG] [UserService] [log-async-2] [org.hibernate.SQL:135] - 
    insert 
    into
        sys_operation_log
        (create_time, duration, error_msg, ip, method, module, operation, params, result, user_id, username) 
    values
        (?, ?, ?, ?, ?, ?, ?, ?, ?, ?, ?)
[2025-10-31 19:12:25.304] [DEBUG] [UserService] [http-nio-8061-exec-5] [com.bcu.edu.controller.LogController:39] - 收到日志保存请求: module=商品管理, operation=上传图片, user=1
[2025-10-31 19:12:25.306] [DEBUG] [UserService] [log-async-1] [org.hibernate.SQL:135] - 
    insert 
    into
        sys_operation_log
        (create_time, duration, error_msg, ip, method, module, operation, params, result, user_id, username) 
    values
        (?, ?, ?, ?, ?, ?, ?, ?, ?, ?, ?)
[2025-10-31 19:12:57.535] [DEBUG] [UserService] [http-nio-8061-exec-9] [com.bcu.edu.controller.LogController:39] - 收到日志保存请求: module=商品管理, operation=上传图片, user=1
[2025-10-31 19:12:57.536] [DEBUG] [UserService] [log-async-2] [org.hibernate.SQL:135] - 
    insert 
    into
        sys_operation_log
        (create_time, duration, error_msg, ip, method, module, operation, params, result, user_id, username) 
    values
        (?, ?, ?, ?, ?, ?, ?, ?, ?, ?, ?)
[2025-10-31 19:18:15.056] [DEBUG] [UserService] [http-nio-8061-exec-2] [com.bcu.edu.controller.LogController:39] - 收到日志保存请求: module=商品管理, operation=上传图片, user=1
[2025-10-31 19:18:15.058] [DEBUG] [UserService] [log-async-1] [org.hibernate.SQL:135] - 
    insert 
    into
        sys_operation_log
        (create_time, duration, error_msg, ip, method, module, operation, params, result, user_id, username) 
    values
        (?, ?, ?, ?, ?, ?, ?, ?, ?, ?, ?)
[2025-10-31 19:18:30.189] [DEBUG] [UserService] [http-nio-8061-exec-4] [com.bcu.edu.controller.LogController:39] - 收到日志保存请求: module=商品管理, operation=上传图片, user=1
[2025-10-31 19:18:30.192] [DEBUG] [UserService] [log-async-2] [org.hibernate.SQL:135] - 
    insert 
    into
        sys_operation_log
        (create_time, duration, error_msg, ip, method, module, operation, params, result, user_id, username) 
    values
        (?, ?, ?, ?, ?, ?, ?, ?, ?, ?, ?)
[2025-10-31 19:20:24.504] [DEBUG] [UserService] [http-nio-8061-exec-4] [com.bcu.edu.controller.LogController:39] - 收到日志保存请求: module=商品管理, operation=上传图片, user=1
[2025-10-31 19:20:24.506] [DEBUG] [UserService] [log-async-1] [org.hibernate.SQL:135] - 
    insert 
    into
        sys_operation_log
        (create_time, duration, error_msg, ip, method, module, operation, params, result, user_id, username) 
    values
        (?, ?, ?, ?, ?, ?, ?, ?, ?, ?, ?)
[2025-10-31 19:20:59.914] [DEBUG] [UserService] [http-nio-8061-exec-7] [com.bcu.edu.controller.LogController:39] - 收到日志保存请求: module=商品管理, operation=上传图片, user=1
[2025-10-31 19:20:59.917] [DEBUG] [UserService] [log-async-2] [org.hibernate.SQL:135] - 
    insert 
    into
        sys_operation_log
        (create_time, duration, error_msg, ip, method, module, operation, params, result, user_id, username) 
    values
        (?, ?, ?, ?, ?, ?, ?, ?, ?, ?, ?)
[2025-10-31 19:21:27.657] [DEBUG] [UserService] [http-nio-8061-exec-1] [com.bcu.edu.controller.LogController:39] - 收到日志保存请求: module=商品管理, operation=创建商品, user=1
[2025-10-31 19:21:27.658] [DEBUG] [UserService] [log-async-1] [org.hibernate.SQL:135] - 
    insert 
    into
        sys_operation_log
        (create_time, duration, error_msg, ip, method, module, operation, params, result, user_id, username) 
    values
        (?, ?, ?, ?, ?, ?, ?, ?, ?, ?, ?)
[2025-10-31 19:22:53.710] [DEBUG] [UserService] [http-nio-8061-exec-8] [com.bcu.edu.config.JwtAuthenticationFilter:54] - 网关请求，用户信息: userId=1, username=1
[2025-10-31 19:22:53.714] [DEBUG] [UserService] [http-nio-8061-exec-8] [org.hibernate.SQL:135] - 
    select
        uf1_0.feedback_id,
        uf1_0.content,
        uf1_0.create_time,
        uf1_0.images,
        uf1_0.reply,
        uf1_0.reply_time,
        uf1_0.status,
        uf1_0.type,
        uf1_0.update_time,
        uf1_0.user_id 
    from
        user_feedback uf1_0 
    order by
        uf1_0.create_time desc 
    limit
        ?, ?
[2025-10-31 20:02:40.129] [DEBUG] [UserService] [http-nio-8061-exec-9] [com.bcu.edu.config.JwtAuthenticationFilter:54] - 网关请求，用户信息: userId=3, username=22
[2025-10-31 20:02:40.136] [DEBUG] [UserService] [http-nio-8061-exec-9] [org.hibernate.SQL:135] - 
    select
        ua1_0.account_id,
        ua1_0.balance,
        ua1_0.freeze_amount,
        ua1_0.update_time,
        ua1_0.user_id 
    from
        user_account ua1_0 
    where
        ua1_0.user_id=?
[2025-10-31 20:03:02.513] [DEBUG] [UserService] [http-nio-8061-exec-10] [com.bcu.edu.config.JwtAuthenticationFilter:54] - 网关请求，用户信息: userId=3, username=22
[2025-10-31 20:03:02.515] [DEBUG] [UserService] [http-nio-8061-exec-10] [org.hibernate.SQL:135] - 
    select
        ua1_0.account_id,
        ua1_0.balance,
        ua1_0.freeze_amount,
        ua1_0.update_time,
        ua1_0.user_id 
    from
        user_account ua1_0 
    where
        ua1_0.user_id=?
[2025-10-31 20:09:05.613] [DEBUG] [UserService] [http-nio-8061-exec-8] [com.bcu.edu.config.JwtAuthenticationFilter:54] - 网关请求，用户信息: userId=3, username=22
[2025-10-31 20:09:05.617] [DEBUG] [UserService] [http-nio-8061-exec-8] [org.hibernate.SQL:135] - 
    select
        ua1_0.account_id,
        ua1_0.balance,
        ua1_0.freeze_amount,
        ua1_0.update_time,
        ua1_0.user_id 
    from
        user_account ua1_0 
    where
        ua1_0.user_id=?
[2025-10-31 20:09:06.726] [DEBUG] [UserService] [http-nio-8061-exec-9] [com.bcu.edu.config.JwtAuthenticationFilter:54] - 网关请求，用户信息: userId=3, username=22
[2025-10-31 20:09:06.738] [DEBUG] [UserService] [http-nio-8061-exec-9] [org.hibernate.SQL:135] - 
    select
        su1_0.user_id,
        su1_0.avatar,
        su1_0.community_id,
        su1_0.create_time,
        su1_0.password,
        su1_0.phone,
        su1_0.real_name,
        su1_0.role,
        su1_0.status,
        su1_0.update_time,
        su1_0.username,
        su1_0.wx_openid 
    from
        sys_user su1_0 
    where
        su1_0.user_id=?
[2025-10-31 20:09:08.000] [DEBUG] [UserService] [http-nio-8061-exec-1] [com.bcu.edu.config.JwtAuthenticationFilter:54] - 网关请求，用户信息: userId=3, username=22
[2025-10-31 20:09:08.003] [DEBUG] [UserService] [http-nio-8061-exec-1] [org.hibernate.SQL:135] - 
    select
        ua1_0.account_id,
        ua1_0.balance,
        ua1_0.freeze_amount,
        ua1_0.update_time,
        ua1_0.user_id 
    from
        user_account ua1_0 
    where
        ua1_0.user_id=?
[2025-10-31 20:09:09.469] [DEBUG] [UserService] [http-nio-8061-exec-10] [com.bcu.edu.config.JwtAuthenticationFilter:54] - 网关请求，用户信息: userId=3, username=22
[2025-10-31 20:09:09.473] [DEBUG] [UserService] [http-nio-8061-exec-10] [org.hibernate.SQL:135] - 
    select
        ua1_0.account_id,
        ua1_0.balance,
        ua1_0.freeze_amount,
        ua1_0.update_time,
        ua1_0.user_id 
    from
        user_account ua1_0 
    where
        ua1_0.user_id=?
[2025-10-31 20:09:12.655] [DEBUG] [UserService] [http-nio-8061-exec-2] [com.bcu.edu.config.JwtAuthenticationFilter:54] - 网关请求，用户信息: userId=3, username=22
[2025-10-31 20:09:12.658] [DEBUG] [UserService] [http-nio-8061-exec-2] [org.hibernate.SQL:135] - 
    select
        ua1_0.account_id,
        ua1_0.balance,
        ua1_0.freeze_amount,
        ua1_0.update_time,
        ua1_0.user_id 
    from
        user_account ua1_0 
    where
        ua1_0.user_id=?
[2025-10-31 20:09:41.186] [DEBUG] [UserService] [http-nio-8061-exec-6] [com.bcu.edu.config.JwtAuthenticationFilter:54] - 网关请求，用户信息: userId=3, username=22
[2025-10-31 20:09:41.188] [DEBUG] [UserService] [http-nio-8061-exec-6] [org.hibernate.SQL:135] - 
    select
        ua1_0.account_id,
        ua1_0.balance,
        ua1_0.freeze_amount,
        ua1_0.update_time,
        ua1_0.user_id 
    from
        user_account ua1_0 
    where
        ua1_0.user_id=?
[2025-10-31 20:10:41.798] [DEBUG] [UserService] [http-nio-8061-exec-10] [com.bcu.edu.config.JwtAuthenticationFilter:54] - 网关请求，用户信息: userId=3, username=22
[2025-10-31 20:10:41.801] [DEBUG] [UserService] [http-nio-8061-exec-10] [org.hibernate.SQL:135] - 
    select
        ua1_0.account_id,
        ua1_0.balance,
        ua1_0.freeze_amount,
        ua1_0.update_time,
        ua1_0.user_id 
    from
        user_account ua1_0 
    where
        ua1_0.user_id=?
[2025-10-31 21:25:25.158] [DEBUG] [UserService] [http-nio-8061-exec-2] [com.bcu.edu.config.JwtAuthenticationFilter:54] - 网关请求，用户信息: userId=3, username=22
[2025-10-31 21:25:25.167] [DEBUG] [UserService] [http-nio-8061-exec-2] [org.hibernate.SQL:135] - 
    select
        ua1_0.account_id,
        ua1_0.balance,
        ua1_0.freeze_amount,
        ua1_0.update_time,
        ua1_0.user_id 
    from
        user_account ua1_0 
    where
        ua1_0.user_id=?
[2025-10-31 21:33:05.022] [DEBUG] [UserService] [http-nio-8061-exec-4] [com.bcu.edu.config.JwtAuthenticationFilter:54] - 网关请求，用户信息: userId=3, username=22
[2025-10-31 21:33:05.025] [DEBUG] [UserService] [http-nio-8061-exec-4] [org.hibernate.SQL:135] - 
    select
        ua1_0.account_id,
        ua1_0.balance,
        ua1_0.freeze_amount,
        ua1_0.update_time,
        ua1_0.user_id 
    from
        user_account ua1_0 
    where
        ua1_0.user_id=?
[2025-10-31 21:33:09.676] [DEBUG] [UserService] [http-nio-8061-exec-5] [com.bcu.edu.config.JwtAuthenticationFilter:54] - 网关请求，用户信息: userId=3, username=22
[2025-10-31 21:33:09.679] [DEBUG] [UserService] [http-nio-8061-exec-5] [org.hibernate.SQL:135] - 
    select
        ua1_0.account_id,
        ua1_0.balance,
        ua1_0.freeze_amount,
        ua1_0.update_time,
        ua1_0.user_id 
    from
        user_account ua1_0 
    where
        ua1_0.user_id=?
[2025-10-31 21:33:25.043] [DEBUG] [UserService] [http-nio-8061-exec-8] [com.bcu.edu.config.JwtAuthenticationFilter:54] - 网关请求，用户信息: userId=3, username=22
[2025-10-31 21:33:25.045] [DEBUG] [UserService] [http-nio-8061-exec-8] [org.hibernate.SQL:135] - 
    select
        ua1_0.account_id,
        ua1_0.balance,
        ua1_0.freeze_amount,
        ua1_0.update_time,
        ua1_0.user_id 
    from
        user_account ua1_0 
    where
        ua1_0.user_id=?
[2025-10-31 21:35:23.145] [DEBUG] [UserService] [http-nio-8061-exec-7] [com.bcu.edu.config.JwtAuthenticationFilter:54] - 网关请求，用户信息: userId=1, username=1
[2025-10-31 21:35:23.159] [DEBUG] [UserService] [http-nio-8061-exec-7] [org.hibernate.SQL:135] - 
    select
        su1_0.user_id,
        su1_0.avatar,
        su1_0.community_id,
        su1_0.create_time,
        su1_0.password,
        su1_0.phone,
        su1_0.real_name,
        su1_0.role,
        su1_0.status,
        su1_0.update_time,
        su1_0.username,
        su1_0.wx_openid 
    from
        sys_user su1_0
[2025-10-31 21:39:35.032] [DEBUG] [UserService] [http-nio-8061-exec-5] [com.bcu.edu.config.JwtAuthenticationFilter:54] - 网关请求，用户信息: userId=3, username=22
[2025-10-31 21:39:35.036] [DEBUG] [UserService] [http-nio-8061-exec-5] [org.hibernate.SQL:135] - 
    select
        ua1_0.account_id,
        ua1_0.balance,
        ua1_0.freeze_amount,
        ua1_0.update_time,
        ua1_0.user_id 
    from
        user_account ua1_0 
    where
        ua1_0.user_id=?
[2025-10-31 21:39:46.591] [DEBUG] [UserService] [http-nio-8061-exec-8] [com.bcu.edu.config.JwtAuthenticationFilter:54] - 网关请求，用户信息: userId=3, username=22
[2025-10-31 21:39:46.594] [DEBUG] [UserService] [http-nio-8061-exec-8] [org.hibernate.SQL:135] - 
    select
        ua1_0.account_id,
        ua1_0.balance,
        ua1_0.freeze_amount,
        ua1_0.update_time,
        ua1_0.user_id 
    from
        user_account ua1_0 
    where
        ua1_0.user_id=?
[2025-10-31 21:57:02.850] [DEBUG] [UserService] [http-nio-8061-exec-9] [com.bcu.edu.config.JwtAuthenticationFilter:54] - 网关请求，用户信息: userId=3, username=22
[2025-10-31 21:57:02.852] [DEBUG] [UserService] [http-nio-8061-exec-9] [org.hibernate.SQL:135] - 
    select
        ua1_0.account_id,
        ua1_0.balance,
        ua1_0.freeze_amount,
        ua1_0.update_time,
        ua1_0.user_id 
    from
        user_account ua1_0 
    where
        ua1_0.user_id=?
[2025-10-31 21:57:11.396] [DEBUG] [UserService] [http-nio-8061-exec-10] [org.hibernate.SQL:135] - 
    select
        su1_0.user_id,
        su1_0.avatar,
        su1_0.community_id,
        su1_0.create_time,
        su1_0.password,
        su1_0.phone,
        su1_0.real_name,
        su1_0.role,
        su1_0.status,
        su1_0.update_time,
        su1_0.username,
        su1_0.wx_openid 
    from
        sys_user su1_0 
    where
        su1_0.user_id=?
[2025-10-31 21:58:18.472] [DEBUG] [UserService] [http-nio-8061-exec-8] [org.hibernate.SQL:135] - 
    select
        su1_0.user_id,
        su1_0.avatar,
        su1_0.community_id,
        su1_0.create_time,
        su1_0.password,
        su1_0.phone,
        su1_0.real_name,
        su1_0.role,
        su1_0.status,
        su1_0.update_time,
        su1_0.username,
        su1_0.wx_openid 
    from
        sys_user su1_0 
    where
        su1_0.user_id=?
[2025-10-31 22:50:14.677] [DEBUG] [UserService] [http-nio-8061-exec-8] [com.bcu.edu.config.JwtAuthenticationFilter:54] - 网关请求，用户信息: userId=3, username=22
[2025-10-31 22:50:14.697] [DEBUG] [UserService] [http-nio-8061-exec-8] [org.hibernate.SQL:135] - 
    select
        ua1_0.account_id,
        ua1_0.balance,
        ua1_0.freeze_amount,
        ua1_0.update_time,
        ua1_0.user_id 
    from
        user_account ua1_0 
    where
        ua1_0.user_id=?
[2025-10-31 22:50:46.262] [DEBUG] [UserService] [http-nio-8061-exec-10] [com.bcu.edu.config.JwtAuthenticationFilter:54] - 网关请求，用户信息: userId=3, username=22
[2025-10-31 22:50:46.264] [DEBUG] [UserService] [http-nio-8061-exec-10] [org.hibernate.SQL:135] - 
    select
        ua1_0.account_id,
        ua1_0.balance,
        ua1_0.freeze_amount,
        ua1_0.update_time,
        ua1_0.user_id 
    from
        user_account ua1_0 
    where
        ua1_0.user_id=?
[2025-10-31 23:28:01.408] [DEBUG] [UserService] [http-nio-8061-exec-2] [com.bcu.edu.config.JwtAuthenticationFilter:54] - 网关请求，用户信息: userId=3, username=22
[2025-10-31 23:28:01.411] [DEBUG] [UserService] [http-nio-8061-exec-2] [org.hibernate.SQL:135] - 
    select
        ua1_0.account_id,
        ua1_0.balance,
        ua1_0.freeze_amount,
        ua1_0.update_time,
        ua1_0.user_id 
    from
        user_account ua1_0 
    where
        ua1_0.user_id=?
[2025-10-31 23:31:20.535] [DEBUG] [UserService] [http-nio-8061-exec-7] [com.bcu.edu.config.JwtAuthenticationFilter:54] - 网关请求，用户信息: userId=1, username=1
[2025-10-31 23:31:20.541] [DEBUG] [UserService] [http-nio-8061-exec-7] [org.hibernate.SQL:135] - 
    select
        su1_0.user_id,
        su1_0.avatar,
        su1_0.community_id,
        su1_0.create_time,
        su1_0.password,
        su1_0.phone,
        su1_0.real_name,
        su1_0.role,
        su1_0.status,
        su1_0.update_time,
        su1_0.username,
        su1_0.wx_openid 
    from
        sys_user su1_0
[2025-10-31 23:41:07.688] [DEBUG] [UserService] [http-nio-8061-exec-8] [com.bcu.edu.config.JwtAuthenticationFilter:54] - 网关请求，用户信息: userId=3, username=22
[2025-10-31 23:41:07.690] [DEBUG] [UserService] [http-nio-8061-exec-8] [org.hibernate.SQL:135] - 
    select
        ua1_0.account_id,
        ua1_0.balance,
        ua1_0.freeze_amount,
        ua1_0.update_time,
        ua1_0.user_id 
    from
        user_account ua1_0 
    where
        ua1_0.user_id=?
[2025-10-31 23:44:05.330] [DEBUG] [UserService] [http-nio-8061-exec-2] [com.bcu.edu.config.JwtAuthenticationFilter:54] - 网关请求，用户信息: userId=1, username=1
[2025-10-31 23:44:05.334] [DEBUG] [UserService] [http-nio-8061-exec-2] [org.hibernate.SQL:135] - 
    select
        su1_0.user_id,
        su1_0.avatar,
        su1_0.community_id,
        su1_0.create_time,
        su1_0.password,
        su1_0.phone,
        su1_0.real_name,
        su1_0.role,
        su1_0.status,
        su1_0.update_time,
        su1_0.username,
        su1_0.wx_openid 
    from
        sys_user su1_0
[2025-10-31 23:44:08.233] [DEBUG] [UserService] [http-nio-8061-exec-3] [com.bcu.edu.config.JwtAuthenticationFilter:54] - 网关请求，用户信息: userId=1, username=1
[2025-10-31 23:44:08.236] [DEBUG] [UserService] [http-nio-8061-exec-3] [org.hibernate.SQL:135] - 
    select
        su1_0.user_id,
        su1_0.avatar,
        su1_0.community_id,
        su1_0.create_time,
        su1_0.password,
        su1_0.phone,
        su1_0.real_name,
        su1_0.role,
        su1_0.status,
        su1_0.update_time,
        su1_0.username,
        su1_0.wx_openid 
    from
        sys_user su1_0
[2025-10-31 23:46:11.197] [DEBUG] [UserService] [http-nio-8061-exec-3] [com.bcu.edu.config.JwtAuthenticationFilter:54] - 网关请求，用户信息: userId=1, username=1
[2025-10-31 23:46:11.201] [DEBUG] [UserService] [http-nio-8061-exec-3] [org.hibernate.SQL:135] - 
    select
        su1_0.user_id,
        su1_0.avatar,
        su1_0.community_id,
        su1_0.create_time,
        su1_0.password,
        su1_0.phone,
        su1_0.real_name,
        su1_0.role,
        su1_0.status,
        su1_0.update_time,
        su1_0.username,
        su1_0.wx_openid 
    from
        sys_user su1_0
[2025-10-31 23:46:53.587] [DEBUG] [UserService] [http-nio-8061-exec-7] [com.bcu.edu.config.JwtAuthenticationFilter:54] - 网关请求，用户信息: userId=1, username=1
[2025-10-31 23:46:53.590] [DEBUG] [UserService] [http-nio-8061-exec-7] [org.hibernate.SQL:135] - 
    select
        su1_0.user_id,
        su1_0.avatar,
        su1_0.community_id,
        su1_0.create_time,
        su1_0.password,
        su1_0.phone,
        su1_0.real_name,
        su1_0.role,
        su1_0.status,
        su1_0.update_time,
        su1_0.username,
        su1_0.wx_openid 
    from
        sys_user su1_0
[2025-10-31 23:47:05.884] [DEBUG] [UserService] [http-nio-8061-exec-9] [com.bcu.edu.config.JwtAuthenticationFilter:54] - 网关请求，用户信息: userId=1, username=1
[2025-10-31 23:47:05.886] [DEBUG] [UserService] [http-nio-8061-exec-9] [org.hibernate.SQL:135] - 
    select
        su1_0.user_id,
        su1_0.avatar,
        su1_0.community_id,
        su1_0.create_time,
        su1_0.password,
        su1_0.phone,
        su1_0.real_name,
        su1_0.role,
        su1_0.status,
        su1_0.update_time,
        su1_0.username,
        su1_0.wx_openid 
    from
        sys_user su1_0
[2025-10-31 23:47:09.203] [DEBUG] [UserService] [http-nio-8061-exec-1] [com.bcu.edu.config.JwtAuthenticationFilter:54] - 网关请求，用户信息: userId=1, username=1
[2025-10-31 23:47:09.207] [DEBUG] [UserService] [http-nio-8061-exec-1] [org.hibernate.SQL:135] - 
    select
        su1_0.user_id,
        su1_0.avatar,
        su1_0.community_id,
        su1_0.create_time,
        su1_0.password,
        su1_0.phone,
        su1_0.real_name,
        su1_0.role,
        su1_0.status,
        su1_0.update_time,
        su1_0.username,
        su1_0.wx_openid 
    from
        sys_user su1_0 
    where
        su1_0.user_id=?
[2025-10-31 23:47:09.225] [DEBUG] [UserService] [http-nio-8061-exec-10] [com.bcu.edu.config.JwtAuthenticationFilter:54] - 网关请求，用户信息: userId=1, username=1
[2025-10-31 23:47:09.236] [DEBUG] [UserService] [http-nio-8061-exec-10] [org.hibernate.SQL:135] - 
    select
        ua1_0.address_id,
        ua1_0.city,
        ua1_0.detail,
        ua1_0.district,
        ua1_0.is_default,
        ua1_0.latitude,
        ua1_0.longitude,
        ua1_0.phone,
        ua1_0.province,
        ua1_0.receiver,
        ua1_0.user_id 
    from
        user_address ua1_0 
    where
        ua1_0.user_id=?
[2025-10-31 23:47:09.284] [DEBUG] [UserService] [http-nio-8061-exec-2] [com.bcu.edu.config.JwtAuthenticationFilter:54] - 网关请求，用户信息: userId=1, username=1
[2025-10-31 23:47:09.286] [DEBUG] [UserService] [http-nio-8061-exec-2] [org.hibernate.SQL:135] - 
    select
        ua1_0.account_id,
        ua1_0.balance,
        ua1_0.freeze_amount,
        ua1_0.update_time,
        ua1_0.user_id 
    from
        user_account ua1_0 
    where
        ua1_0.user_id=?
[2025-10-31 23:48:50.759] [DEBUG] [UserService] [http-nio-8061-exec-10] [com.bcu.edu.config.JwtAuthenticationFilter:54] - 网关请求，用户信息: userId=1, username=1
[2025-10-31 23:48:50.763] [DEBUG] [UserService] [http-nio-8061-exec-10] [org.hibernate.SQL:135] - 
    select
        su1_0.user_id,
        su1_0.avatar,
        su1_0.community_id,
        su1_0.create_time,
        su1_0.password,
        su1_0.phone,
        su1_0.real_name,
        su1_0.role,
        su1_0.status,
        su1_0.update_time,
        su1_0.username,
        su1_0.wx_openid 
    from
        sys_user su1_0
