[2025-10-19 18:43:45.241] [DEBUG] [UserService] [main] [com.bcu.edu.UserServiceApplication:51] - Running with Spring Boot v3.2.3, Spring v6.1.4
[2025-10-19 18:43:47.655] [DEBUG] [UserService] [main] [com.bcu.edu.config.JwtAuthenticationFilter:240] - Filter 'jwtFilter' configured for use
[2025-10-19 18:57:11.451] [DEBUG] [UserService] [http-nio-8061-exec-5] [org.hibernate.SQL:135] - 
    select
        su1_0.user_id,
        su1_0.avatar,
        su1_0.create_time,
        su1_0.password,
        su1_0.phone,
        su1_0.real_name,
        su1_0.role,
        su1_0.status,
        su1_0.update_time,
        su1_0.username,
        su1_0.wx_openid 
    from
        sys_user su1_0 
    where
        su1_0.username=?
[2025-10-19 18:57:11.793] [DEBUG] [UserService] [http-nio-8061-exec-5] [org.hibernate.SQL:135] - 
    insert 
    into
        sys_operation_log
        (create_time, duration, error_msg, ip, method, module, operation, params, result, user_id, username) 
    values
        (?, ?, ?, ?, ?, ?, ?, ?, ?, ?, ?)
[2025-10-19 18:57:11.970] [DEBUG] [UserService] [http-nio-8061-exec-7] [com.bcu.edu.config.JwtAuthenticationFilter:55] - JWT验证成功: username=1
[2025-10-19 18:57:11.983] [DEBUG] [UserService] [http-nio-8061-exec-7] [org.hibernate.SQL:135] - 
    select
        su1_0.user_id,
        su1_0.avatar,
        su1_0.create_time,
        su1_0.password,
        su1_0.phone,
        su1_0.real_name,
        su1_0.role,
        su1_0.status,
        su1_0.update_time,
        su1_0.username,
        su1_0.wx_openid 
    from
        sys_user su1_0
[2025-10-19 18:57:18.734] [DEBUG] [UserService] [http-nio-8061-exec-9] [com.bcu.edu.config.JwtAuthenticationFilter:55] - JWT验证成功: username=1
[2025-10-19 18:57:18.745] [DEBUG] [UserService] [http-nio-8061-exec-9] [org.hibernate.SQL:135] - 
    select
        uf1_0.feedback_id,
        uf1_0.content,
        uf1_0.create_time,
        uf1_0.images,
        uf1_0.reply,
        uf1_0.reply_time,
        uf1_0.status,
        uf1_0.type,
        uf1_0.update_time,
        uf1_0.user_id 
    from
        user_feedback uf1_0 
    order by
        uf1_0.create_time desc 
    limit
        ?, ?
[2025-10-19 18:57:19.788] [DEBUG] [UserService] [http-nio-8061-exec-2] [com.bcu.edu.config.JwtAuthenticationFilter:55] - JWT验证成功: username=1
[2025-10-19 18:57:19.788] [DEBUG] [UserService] [http-nio-8061-exec-3] [com.bcu.edu.config.JwtAuthenticationFilter:55] - JWT验证成功: username=1
[2025-10-19 18:57:19.796] [DEBUG] [UserService] [http-nio-8061-exec-2] [org.hibernate.SQL:135] - 
    select
        distinct sol1_0.module 
    from
        sys_operation_log sol1_0 
    order by
        sol1_0.module
[2025-10-19 18:57:19.797] [DEBUG] [UserService] [http-nio-8061-exec-3] [org.hibernate.SQL:135] - 
    select
        sol1_0.log_id,
        sol1_0.create_time,
        sol1_0.duration,
        sol1_0.error_msg,
        sol1_0.ip,
        sol1_0.method,
        sol1_0.module,
        sol1_0.operation,
        sol1_0.params,
        sol1_0.result,
        sol1_0.user_id,
        sol1_0.username 
    from
        sys_operation_log sol1_0 
    where
        sol1_0.create_time>=? 
    order by
        sol1_0.create_time desc 
    limit
        ?, ?
[2025-10-19 18:57:33.718] [DEBUG] [UserService] [http-nio-8061-exec-6] [org.hibernate.SQL:135] - 
    select
        su1_0.user_id,
        su1_0.avatar,
        su1_0.create_time,
        su1_0.password,
        su1_0.phone,
        su1_0.real_name,
        su1_0.role,
        su1_0.status,
        su1_0.update_time,
        su1_0.username,
        su1_0.wx_openid 
    from
        sys_user su1_0 
    where
        su1_0.username=?
[2025-10-19 18:57:33.720] [DEBUG] [UserService] [http-nio-8061-exec-6] [org.hibernate.SQL:135] - 
    insert 
    into
        sys_operation_log
        (create_time, duration, error_msg, ip, method, module, operation, params, result, user_id, username) 
    values
        (?, ?, ?, ?, ?, ?, ?, ?, ?, ?, ?)
[2025-10-19 18:57:33.798] [DEBUG] [UserService] [http-nio-8061-exec-8] [com.bcu.edu.config.JwtAuthenticationFilter:55] - JWT验证成功: username=22
[2025-10-19 18:57:33.801] [DEBUG] [UserService] [http-nio-8061-exec-8] [org.hibernate.SQL:135] - 
    select
        ua1_0.account_id,
        ua1_0.balance,
        ua1_0.freeze_amount,
        ua1_0.update_time,
        ua1_0.user_id 
    from
        user_account ua1_0 
    where
        ua1_0.user_id=?
[2025-10-19 18:57:37.981] [DEBUG] [UserService] [http-nio-8061-exec-1] [com.bcu.edu.config.JwtAuthenticationFilter:55] - JWT验证成功: username=22
[2025-10-19 18:57:37.989] [DEBUG] [UserService] [http-nio-8061-exec-1] [org.hibernate.SQL:135] - 
    select
        su1_0.user_id,
        su1_0.avatar,
        su1_0.create_time,
        su1_0.password,
        su1_0.phone,
        su1_0.real_name,
        su1_0.role,
        su1_0.status,
        su1_0.update_time,
        su1_0.username,
        su1_0.wx_openid 
    from
        sys_user su1_0 
    where
        su1_0.user_id=?
[2025-10-19 18:57:39.142] [DEBUG] [UserService] [http-nio-8061-exec-3] [com.bcu.edu.config.JwtAuthenticationFilter:55] - JWT验证成功: username=22
[2025-10-19 18:57:39.146] [DEBUG] [UserService] [http-nio-8061-exec-3] [org.hibernate.SQL:135] - 
    select
        ua1_0.account_id,
        ua1_0.balance,
        ua1_0.freeze_amount,
        ua1_0.update_time,
        ua1_0.user_id 
    from
        user_account ua1_0 
    where
        ua1_0.user_id=?
[2025-10-19 18:57:39.971] [DEBUG] [UserService] [http-nio-8061-exec-5] [com.bcu.edu.config.JwtAuthenticationFilter:55] - JWT验证成功: username=22
[2025-10-19 18:57:39.975] [DEBUG] [UserService] [http-nio-8061-exec-5] [org.hibernate.SQL:135] - 
    select
        ua1_0.address_id,
        ua1_0.city,
        ua1_0.detail,
        ua1_0.district,
        ua1_0.is_default,
        ua1_0.latitude,
        ua1_0.longitude,
        ua1_0.phone,
        ua1_0.province,
        ua1_0.receiver,
        ua1_0.user_id 
    from
        user_address ua1_0 
    where
        ua1_0.user_id=?
[2025-10-19 18:57:42.705] [DEBUG] [UserService] [http-nio-8061-exec-6] [com.bcu.edu.config.JwtAuthenticationFilter:55] - JWT验证成功: username=22
[2025-10-19 18:57:42.708] [DEBUG] [UserService] [http-nio-8061-exec-6] [org.hibernate.SQL:135] - 
    select
        ua1_0.account_id,
        ua1_0.balance,
        ua1_0.freeze_amount,
        ua1_0.update_time,
        ua1_0.user_id 
    from
        user_account ua1_0 
    where
        ua1_0.user_id=?
[2025-10-19 18:57:44.136] [DEBUG] [UserService] [http-nio-8061-exec-7] [com.bcu.edu.config.JwtAuthenticationFilter:55] - JWT验证成功: username=22
[2025-10-19 18:57:44.138] [DEBUG] [UserService] [http-nio-8061-exec-7] [org.hibernate.SQL:135] - 
    select
        ua1_0.account_id,
        ua1_0.balance,
        ua1_0.freeze_amount,
        ua1_0.update_time,
        ua1_0.user_id 
    from
        user_account ua1_0 
    where
        ua1_0.user_id=?
[2025-10-19 18:57:45.346] [DEBUG] [UserService] [http-nio-8061-exec-9] [com.bcu.edu.config.JwtAuthenticationFilter:55] - JWT验证成功: username=22
[2025-10-19 18:57:45.350] [DEBUG] [UserService] [http-nio-8061-exec-9] [org.hibernate.SQL:135] - 
    select
        ua1_0.account_id,
        ua1_0.balance,
        ua1_0.freeze_amount,
        ua1_0.update_time,
        ua1_0.user_id 
    from
        user_account ua1_0 
    where
        ua1_0.user_id=?
[2025-10-19 18:57:47.525] [DEBUG] [UserService] [http-nio-8061-exec-1] [com.bcu.edu.config.JwtAuthenticationFilter:55] - JWT验证成功: username=22
[2025-10-19 18:57:47.527] [DEBUG] [UserService] [http-nio-8061-exec-1] [org.hibernate.SQL:135] - 
    select
        uf1_0.feedback_id,
        uf1_0.content,
        uf1_0.create_time,
        uf1_0.images,
        uf1_0.reply,
        uf1_0.reply_time,
        uf1_0.status,
        uf1_0.type,
        uf1_0.update_time,
        uf1_0.user_id 
    from
        user_feedback uf1_0 
    where
        uf1_0.user_id=?
[2025-10-19 18:57:48.827] [DEBUG] [UserService] [http-nio-8061-exec-2] [com.bcu.edu.config.JwtAuthenticationFilter:55] - JWT验证成功: username=22
[2025-10-19 18:57:48.830] [DEBUG] [UserService] [http-nio-8061-exec-2] [org.hibernate.SQL:135] - 
    select
        ua1_0.account_id,
        ua1_0.balance,
        ua1_0.freeze_amount,
        ua1_0.update_time,
        ua1_0.user_id 
    from
        user_account ua1_0 
    where
        ua1_0.user_id=?
