[2025-10-21 11:06:09.616] [DEBUG] [UserService] [main] [com.bcu.edu.UserServiceApplication:51] - Running with Spring Boot v3.2.3, Spring v6.1.4
[2025-10-21 11:06:12.344] [DEBUG] [UserService] [main] [com.bcu.edu.config.JwtAuthenticationFilter:240] - Filter 'jwtFilter' configured for use
[2025-10-21 11:24:19.258] [DEBUG] [UserService] [http-nio-8061-exec-3] [com.bcu.edu.config.JwtAuthenticationFilter:55] - JWT验证成功: username=1
[2025-10-21 11:24:19.373] [DEBUG] [UserService] [http-nio-8061-exec-3] [org.hibernate.SQL:135] - 
    select
        su1_0.user_id,
        su1_0.avatar,
        su1_0.create_time,
        su1_0.password,
        su1_0.phone,
        su1_0.real_name,
        su1_0.role,
        su1_0.status,
        su1_0.update_time,
        su1_0.username,
        su1_0.wx_openid 
    from
        sys_user su1_0
[2025-10-21 11:24:39.663] [DEBUG] [UserService] [http-nio-8061-exec-7] [com.bcu.edu.config.JwtAuthenticationFilter:55] - JWT验证成功: username=1
[2025-10-21 11:24:39.676] [DEBUG] [UserService] [http-nio-8061-exec-7] [org.hibernate.SQL:135] - 
    select
        uf1_0.feedback_id,
        uf1_0.content,
        uf1_0.create_time,
        uf1_0.images,
        uf1_0.reply,
        uf1_0.reply_time,
        uf1_0.status,
        uf1_0.type,
        uf1_0.update_time,
        uf1_0.user_id 
    from
        user_feedback uf1_0 
    order by
        uf1_0.create_time desc 
    limit
        ?, ?
[2025-10-21 11:24:40.357] [DEBUG] [UserService] [http-nio-8061-exec-10] [com.bcu.edu.config.JwtAuthenticationFilter:55] - JWT验证成功: username=1
[2025-10-21 11:24:40.358] [DEBUG] [UserService] [http-nio-8061-exec-1] [com.bcu.edu.config.JwtAuthenticationFilter:55] - JWT验证成功: username=1
[2025-10-21 11:24:40.368] [DEBUG] [UserService] [http-nio-8061-exec-10] [org.hibernate.SQL:135] - 
    select
        distinct sol1_0.module 
    from
        sys_operation_log sol1_0 
    order by
        sol1_0.module
[2025-10-21 11:24:40.375] [DEBUG] [UserService] [http-nio-8061-exec-1] [org.hibernate.SQL:135] - 
    select
        sol1_0.log_id,
        sol1_0.create_time,
        sol1_0.duration,
        sol1_0.error_msg,
        sol1_0.ip,
        sol1_0.method,
        sol1_0.module,
        sol1_0.operation,
        sol1_0.params,
        sol1_0.result,
        sol1_0.user_id,
        sol1_0.username 
    from
        sys_operation_log sol1_0 
    where
        sol1_0.create_time>=? 
    order by
        sol1_0.create_time desc 
    limit
        ?, ?
[2025-10-21 11:24:40.802] [DEBUG] [UserService] [http-nio-8061-exec-3] [com.bcu.edu.config.JwtAuthenticationFilter:55] - JWT验证成功: username=1
[2025-10-21 11:24:40.805] [DEBUG] [UserService] [http-nio-8061-exec-3] [org.hibernate.SQL:135] - 
    select
        su1_0.user_id,
        su1_0.avatar,
        su1_0.create_time,
        su1_0.password,
        su1_0.phone,
        su1_0.real_name,
        su1_0.role,
        su1_0.status,
        su1_0.update_time,
        su1_0.username,
        su1_0.wx_openid 
    from
        sys_user su1_0
[2025-10-21 11:24:42.722] [DEBUG] [UserService] [http-nio-8061-exec-5] [com.bcu.edu.config.JwtAuthenticationFilter:55] - JWT验证成功: username=22
[2025-10-21 11:24:42.728] [DEBUG] [UserService] [http-nio-8061-exec-5] [org.hibernate.SQL:135] - 
    select
        ua1_0.account_id,
        ua1_0.balance,
        ua1_0.freeze_amount,
        ua1_0.update_time,
        ua1_0.user_id 
    from
        user_account ua1_0 
    where
        ua1_0.user_id=?
[2025-10-21 12:38:52.402] [DEBUG] [UserService] [http-nio-8061-exec-5] [com.bcu.edu.config.JwtAuthenticationFilter:55] - JWT验证成功: username=22
[2025-10-21 12:38:52.418] [DEBUG] [UserService] [http-nio-8061-exec-5] [org.hibernate.SQL:135] - 
    select
        ua1_0.account_id,
        ua1_0.balance,
        ua1_0.freeze_amount,
        ua1_0.update_time,
        ua1_0.user_id 
    from
        user_account ua1_0 
    where
        ua1_0.user_id=?
[2025-10-21 12:41:57.824] [DEBUG] [UserService] [http-nio-8061-exec-1] [com.bcu.edu.config.JwtAuthenticationFilter:55] - JWT验证成功: username=22
[2025-10-21 12:41:57.828] [DEBUG] [UserService] [http-nio-8061-exec-1] [org.hibernate.SQL:135] - 
    select
        ua1_0.account_id,
        ua1_0.balance,
        ua1_0.freeze_amount,
        ua1_0.update_time,
        ua1_0.user_id 
    from
        user_account ua1_0 
    where
        ua1_0.user_id=?
[2025-10-21 12:42:03.441] [DEBUG] [UserService] [http-nio-8061-exec-3] [com.bcu.edu.config.JwtAuthenticationFilter:55] - JWT验证成功: username=22
[2025-10-21 12:42:03.445] [DEBUG] [UserService] [http-nio-8061-exec-3] [org.hibernate.SQL:135] - 
    select
        ua1_0.account_id,
        ua1_0.balance,
        ua1_0.freeze_amount,
        ua1_0.update_time,
        ua1_0.user_id 
    from
        user_account ua1_0 
    where
        ua1_0.user_id=?
[2025-10-21 12:42:19.770] [DEBUG] [UserService] [http-nio-8061-exec-8] [com.bcu.edu.config.JwtAuthenticationFilter:55] - JWT验证成功: username=22
[2025-10-21 12:42:19.773] [DEBUG] [UserService] [http-nio-8061-exec-8] [org.hibernate.SQL:135] - 
    select
        ua1_0.account_id,
        ua1_0.balance,
        ua1_0.freeze_amount,
        ua1_0.update_time,
        ua1_0.user_id 
    from
        user_account ua1_0 
    where
        ua1_0.user_id=?
[2025-10-21 12:42:29.112] [DEBUG] [UserService] [http-nio-8061-exec-6] [com.bcu.edu.config.JwtAuthenticationFilter:55] - JWT验证成功: username=22
[2025-10-21 12:42:29.114] [DEBUG] [UserService] [http-nio-8061-exec-6] [org.hibernate.SQL:135] - 
    select
        ua1_0.account_id,
        ua1_0.balance,
        ua1_0.freeze_amount,
        ua1_0.update_time,
        ua1_0.user_id 
    from
        user_account ua1_0 
    where
        ua1_0.user_id=?
[2025-10-21 12:43:11.775] [DEBUG] [UserService] [http-nio-8061-exec-4] [com.bcu.edu.config.JwtAuthenticationFilter:55] - JWT验证成功: username=22
[2025-10-21 12:43:11.777] [DEBUG] [UserService] [http-nio-8061-exec-4] [org.hibernate.SQL:135] - 
    select
        ua1_0.account_id,
        ua1_0.balance,
        ua1_0.freeze_amount,
        ua1_0.update_time,
        ua1_0.user_id 
    from
        user_account ua1_0 
    where
        ua1_0.user_id=?
[2025-10-21 12:43:13.359] [DEBUG] [UserService] [http-nio-8061-exec-5] [com.bcu.edu.config.JwtAuthenticationFilter:55] - JWT验证成功: username=22
[2025-10-21 12:43:13.361] [DEBUG] [UserService] [http-nio-8061-exec-5] [org.hibernate.SQL:135] - 
    select
        ua1_0.account_id,
        ua1_0.balance,
        ua1_0.freeze_amount,
        ua1_0.update_time,
        ua1_0.user_id 
    from
        user_account ua1_0 
    where
        ua1_0.user_id=?
[2025-10-21 12:58:41.629] [DEBUG] [UserService] [http-nio-8061-exec-10] [com.bcu.edu.config.JwtAuthenticationFilter:55] - JWT验证成功: username=22
[2025-10-21 12:58:41.632] [DEBUG] [UserService] [http-nio-8061-exec-10] [org.hibernate.SQL:135] - 
    select
        ua1_0.account_id,
        ua1_0.balance,
        ua1_0.freeze_amount,
        ua1_0.update_time,
        ua1_0.user_id 
    from
        user_account ua1_0 
    where
        ua1_0.user_id=?
[2025-10-21 12:58:42.646] [DEBUG] [UserService] [http-nio-8061-exec-1] [com.bcu.edu.config.JwtAuthenticationFilter:55] - JWT验证成功: username=22
[2025-10-21 12:58:42.647] [DEBUG] [UserService] [http-nio-8061-exec-1] [org.hibernate.SQL:135] - 
    select
        ua1_0.account_id,
        ua1_0.balance,
        ua1_0.freeze_amount,
        ua1_0.update_time,
        ua1_0.user_id 
    from
        user_account ua1_0 
    where
        ua1_0.user_id=?
[2025-10-21 12:58:45.937] [DEBUG] [UserService] [http-nio-8061-exec-2] [com.bcu.edu.config.JwtAuthenticationFilter:55] - JWT验证成功: username=22
[2025-10-21 12:58:45.940] [DEBUG] [UserService] [http-nio-8061-exec-2] [org.hibernate.SQL:135] - 
    select
        ua1_0.account_id,
        ua1_0.balance,
        ua1_0.freeze_amount,
        ua1_0.update_time,
        ua1_0.user_id 
    from
        user_account ua1_0 
    where
        ua1_0.user_id=?
[2025-10-21 12:58:48.749] [DEBUG] [UserService] [http-nio-8061-exec-4] [com.bcu.edu.config.JwtAuthenticationFilter:55] - JWT验证成功: username=22
[2025-10-21 12:58:48.751] [DEBUG] [UserService] [http-nio-8061-exec-4] [org.hibernate.SQL:135] - 
    select
        ua1_0.account_id,
        ua1_0.balance,
        ua1_0.freeze_amount,
        ua1_0.update_time,
        ua1_0.user_id 
    from
        user_account ua1_0 
    where
        ua1_0.user_id=?
[2025-10-21 12:58:50.738] [DEBUG] [UserService] [http-nio-8061-exec-5] [com.bcu.edu.config.JwtAuthenticationFilter:55] - JWT验证成功: username=22
[2025-10-21 12:58:50.741] [DEBUG] [UserService] [http-nio-8061-exec-5] [org.hibernate.SQL:135] - 
    select
        ua1_0.account_id,
        ua1_0.balance,
        ua1_0.freeze_amount,
        ua1_0.update_time,
        ua1_0.user_id 
    from
        user_account ua1_0 
    where
        ua1_0.user_id=?
[2025-10-21 12:59:19.824] [DEBUG] [UserService] [http-nio-8061-exec-6] [com.bcu.edu.config.JwtAuthenticationFilter:55] - JWT验证成功: username=22
[2025-10-21 12:59:19.826] [DEBUG] [UserService] [http-nio-8061-exec-6] [org.hibernate.SQL:135] - 
    select
        ua1_0.account_id,
        ua1_0.balance,
        ua1_0.freeze_amount,
        ua1_0.update_time,
        ua1_0.user_id 
    from
        user_account ua1_0 
    where
        ua1_0.user_id=?
[2025-10-21 12:59:31.928] [DEBUG] [UserService] [http-nio-8061-exec-2] [com.bcu.edu.config.JwtAuthenticationFilter:55] - JWT验证成功: username=22
[2025-10-21 12:59:31.932] [DEBUG] [UserService] [http-nio-8061-exec-2] [org.hibernate.SQL:135] - 
    select
        ua1_0.account_id,
        ua1_0.balance,
        ua1_0.freeze_amount,
        ua1_0.update_time,
        ua1_0.user_id 
    from
        user_account ua1_0 
    where
        ua1_0.user_id=?
[2025-10-21 13:10:23.929] [DEBUG] [UserService] [http-nio-8061-exec-9] [com.bcu.edu.config.JwtAuthenticationFilter:55] - JWT验证成功: username=22
[2025-10-21 13:10:23.932] [DEBUG] [UserService] [http-nio-8061-exec-9] [org.hibernate.SQL:135] - 
    select
        ua1_0.account_id,
        ua1_0.balance,
        ua1_0.freeze_amount,
        ua1_0.update_time,
        ua1_0.user_id 
    from
        user_account ua1_0 
    where
        ua1_0.user_id=?
[2025-10-21 13:10:26.885] [DEBUG] [UserService] [http-nio-8061-exec-10] [com.bcu.edu.config.JwtAuthenticationFilter:55] - JWT验证成功: username=22
[2025-10-21 13:10:26.887] [DEBUG] [UserService] [http-nio-8061-exec-10] [org.hibernate.SQL:135] - 
    select
        ua1_0.account_id,
        ua1_0.balance,
        ua1_0.freeze_amount,
        ua1_0.update_time,
        ua1_0.user_id 
    from
        user_account ua1_0 
    where
        ua1_0.user_id=?
[2025-10-21 13:10:30.228] [DEBUG] [UserService] [http-nio-8061-exec-2] [com.bcu.edu.config.JwtAuthenticationFilter:55] - JWT验证成功: username=22
[2025-10-21 13:10:30.231] [DEBUG] [UserService] [http-nio-8061-exec-2] [org.hibernate.SQL:135] - 
    select
        ua1_0.account_id,
        ua1_0.balance,
        ua1_0.freeze_amount,
        ua1_0.update_time,
        ua1_0.user_id 
    from
        user_account ua1_0 
    where
        ua1_0.user_id=?
[2025-10-21 13:10:45.254] [DEBUG] [UserService] [http-nio-8061-exec-5] [com.bcu.edu.config.JwtAuthenticationFilter:55] - JWT验证成功: username=22
[2025-10-21 13:10:45.256] [DEBUG] [UserService] [http-nio-8061-exec-5] [org.hibernate.SQL:135] - 
    select
        ua1_0.account_id,
        ua1_0.balance,
        ua1_0.freeze_amount,
        ua1_0.update_time,
        ua1_0.user_id 
    from
        user_account ua1_0 
    where
        ua1_0.user_id=?
[2025-10-21 13:25:47.168] [DEBUG] [UserService] [http-nio-8061-exec-9] [com.bcu.edu.config.JwtAuthenticationFilter:55] - JWT验证成功: username=22
[2025-10-21 13:25:47.172] [DEBUG] [UserService] [http-nio-8061-exec-9] [org.hibernate.SQL:135] - 
    select
        ua1_0.account_id,
        ua1_0.balance,
        ua1_0.freeze_amount,
        ua1_0.update_time,
        ua1_0.user_id 
    from
        user_account ua1_0 
    where
        ua1_0.user_id=?
[2025-10-21 13:34:26.679] [DEBUG] [UserService] [http-nio-8061-exec-5] [com.bcu.edu.config.JwtAuthenticationFilter:55] - JWT验证成功: username=22
[2025-10-21 13:34:26.682] [DEBUG] [UserService] [http-nio-8061-exec-5] [org.hibernate.SQL:135] - 
    select
        ua1_0.account_id,
        ua1_0.balance,
        ua1_0.freeze_amount,
        ua1_0.update_time,
        ua1_0.user_id 
    from
        user_account ua1_0 
    where
        ua1_0.user_id=?
[2025-10-21 13:34:28.793] [DEBUG] [UserService] [http-nio-8061-exec-9] [com.bcu.edu.config.JwtAuthenticationFilter:55] - JWT验证成功: username=22
[2025-10-21 13:34:28.819] [DEBUG] [UserService] [http-nio-8061-exec-9] [org.hibernate.SQL:135] - 
    select
        su1_0.user_id,
        su1_0.avatar,
        su1_0.create_time,
        su1_0.password,
        su1_0.phone,
        su1_0.real_name,
        su1_0.role,
        su1_0.status,
        su1_0.update_time,
        su1_0.username,
        su1_0.wx_openid 
    from
        sys_user su1_0 
    where
        su1_0.user_id=?
[2025-10-21 13:34:31.684] [DEBUG] [UserService] [http-nio-8061-exec-6] [com.bcu.edu.config.JwtAuthenticationFilter:55] - JWT验证成功: username=22
[2025-10-21 13:34:31.687] [DEBUG] [UserService] [http-nio-8061-exec-6] [org.hibernate.SQL:135] - 
    select
        ua1_0.account_id,
        ua1_0.balance,
        ua1_0.freeze_amount,
        ua1_0.update_time,
        ua1_0.user_id 
    from
        user_account ua1_0 
    where
        ua1_0.user_id=?
[2025-10-21 13:34:32.379] [DEBUG] [UserService] [http-nio-8061-exec-1] [com.bcu.edu.config.JwtAuthenticationFilter:55] - JWT验证成功: username=22
[2025-10-21 13:34:32.383] [DEBUG] [UserService] [http-nio-8061-exec-1] [org.hibernate.SQL:135] - 
    select
        ua1_0.address_id,
        ua1_0.city,
        ua1_0.detail,
        ua1_0.district,
        ua1_0.is_default,
        ua1_0.latitude,
        ua1_0.longitude,
        ua1_0.phone,
        ua1_0.province,
        ua1_0.receiver,
        ua1_0.user_id 
    from
        user_address ua1_0 
    where
        ua1_0.user_id=?
[2025-10-21 13:34:34.316] [DEBUG] [UserService] [http-nio-8061-exec-3] [com.bcu.edu.config.JwtAuthenticationFilter:55] - JWT验证成功: username=22
[2025-10-21 13:34:34.319] [DEBUG] [UserService] [http-nio-8061-exec-3] [org.hibernate.SQL:135] - 
    select
        ua1_0.account_id,
        ua1_0.balance,
        ua1_0.freeze_amount,
        ua1_0.update_time,
        ua1_0.user_id 
    from
        user_account ua1_0 
    where
        ua1_0.user_id=?
[2025-10-21 13:34:35.805] [DEBUG] [UserService] [http-nio-8061-exec-4] [com.bcu.edu.config.JwtAuthenticationFilter:55] - JWT验证成功: username=22
[2025-10-21 13:34:35.807] [DEBUG] [UserService] [http-nio-8061-exec-4] [org.hibernate.SQL:135] - 
    select
        ua1_0.address_id,
        ua1_0.city,
        ua1_0.detail,
        ua1_0.district,
        ua1_0.is_default,
        ua1_0.latitude,
        ua1_0.longitude,
        ua1_0.phone,
        ua1_0.province,
        ua1_0.receiver,
        ua1_0.user_id 
    from
        user_address ua1_0 
    where
        ua1_0.user_id=?
[2025-10-21 13:39:23.580] [DEBUG] [UserService] [http-nio-8061-exec-8] [com.bcu.edu.config.JwtAuthenticationFilter:55] - JWT验证成功: username=22
[2025-10-21 13:39:23.584] [DEBUG] [UserService] [http-nio-8061-exec-8] [org.hibernate.SQL:135] - 
    select
        ua1_0.account_id,
        ua1_0.balance,
        ua1_0.freeze_amount,
        ua1_0.update_time,
        ua1_0.user_id 
    from
        user_account ua1_0 
    where
        ua1_0.user_id=?
[2025-10-21 13:39:24.820] [DEBUG] [UserService] [http-nio-8061-exec-9] [com.bcu.edu.config.JwtAuthenticationFilter:55] - JWT验证成功: username=22
[2025-10-21 13:39:24.822] [DEBUG] [UserService] [http-nio-8061-exec-9] [org.hibernate.SQL:135] - 
    select
        su1_0.user_id,
        su1_0.avatar,
        su1_0.create_time,
        su1_0.password,
        su1_0.phone,
        su1_0.real_name,
        su1_0.role,
        su1_0.status,
        su1_0.update_time,
        su1_0.username,
        su1_0.wx_openid 
    from
        sys_user su1_0 
    where
        su1_0.user_id=?
[2025-10-21 13:39:28.579] [DEBUG] [UserService] [http-nio-8061-exec-10] [com.bcu.edu.config.JwtAuthenticationFilter:55] - JWT验证成功: username=22
[2025-10-21 13:39:28.581] [DEBUG] [UserService] [http-nio-8061-exec-10] [org.hibernate.SQL:135] - 
    select
        ua1_0.account_id,
        ua1_0.balance,
        ua1_0.freeze_amount,
        ua1_0.update_time,
        ua1_0.user_id 
    from
        user_account ua1_0 
    where
        ua1_0.user_id=?
[2025-10-21 13:39:31.097] [DEBUG] [UserService] [http-nio-8061-exec-2] [com.bcu.edu.config.JwtAuthenticationFilter:55] - JWT验证成功: username=22
[2025-10-21 13:39:31.099] [DEBUG] [UserService] [http-nio-8061-exec-2] [org.hibernate.SQL:135] - 
    select
        ua1_0.account_id,
        ua1_0.balance,
        ua1_0.freeze_amount,
        ua1_0.update_time,
        ua1_0.user_id 
    from
        user_account ua1_0 
    where
        ua1_0.user_id=?
[2025-10-21 13:55:13.196] [DEBUG] [UserService] [http-nio-8061-exec-7] [com.bcu.edu.config.JwtAuthenticationFilter:55] - JWT验证成功: username=22
[2025-10-21 13:55:13.198] [DEBUG] [UserService] [http-nio-8061-exec-7] [org.hibernate.SQL:135] - 
    select
        ua1_0.account_id,
        ua1_0.balance,
        ua1_0.freeze_amount,
        ua1_0.update_time,
        ua1_0.user_id 
    from
        user_account ua1_0 
    where
        ua1_0.user_id=?
[2025-10-21 13:56:02.346] [DEBUG] [UserService] [http-nio-8061-exec-3] [com.bcu.edu.config.JwtAuthenticationFilter:55] - JWT验证成功: username=22
[2025-10-21 13:56:02.350] [DEBUG] [UserService] [http-nio-8061-exec-3] [org.hibernate.SQL:135] - 
    select
        ua1_0.account_id,
        ua1_0.balance,
        ua1_0.freeze_amount,
        ua1_0.update_time,
        ua1_0.user_id 
    from
        user_account ua1_0 
    where
        ua1_0.user_id=?
[2025-10-21 14:03:39.344] [DEBUG] [UserService] [http-nio-8061-exec-8] [com.bcu.edu.config.JwtAuthenticationFilter:55] - JWT验证成功: username=22
[2025-10-21 14:03:39.348] [DEBUG] [UserService] [http-nio-8061-exec-8] [org.hibernate.SQL:135] - 
    select
        ua1_0.account_id,
        ua1_0.balance,
        ua1_0.freeze_amount,
        ua1_0.update_time,
        ua1_0.user_id 
    from
        user_account ua1_0 
    where
        ua1_0.user_id=?
