[2025-11-13 23:39:02.593] [DEBUG] [delivery-service] [main] [com.bcu.edu.DeliveryServiceApplication:51] - Running with Spring Boot v3.2.3, Spring v6.1.4
[2025-11-13 23:41:28.635] [DEBUG] [delivery-service] [main] [com.bcu.edu.DeliveryServiceApplication:51] - Running with Spring Boot v3.2.3, Spring v6.1.4
[2025-11-13 23:46:45.224] [DEBUG] [delivery-service] [main] [com.bcu.edu.DeliveryServiceApplication:51] - Running with Spring Boot v3.2.3, Spring v6.1.4
[2025-11-14 23:27:00.369] [DEBUG] [delivery-service] [main] [com.bcu.edu.DeliveryServiceApplication:51] - Running with Spring Boot v3.2.3, Spring v6.1.4
[2025-11-14 23:29:38.671] [DEBUG] [delivery-service] [main] [com.bcu.edu.DeliveryServiceApplication:51] - Running with Spring Boot v3.2.3, Spring v6.1.4
[2025-11-14 23:30:44.281] [DEBUG] [delivery-service] [main] [com.bcu.edu.DeliveryServiceApplication:51] - Running with Spring Boot v3.2.3, Spring v6.1.4
[2025-11-14 23:31:48.744] [DEBUG] [delivery-service] [main] [com.bcu.edu.DeliveryServiceApplication:51] - Running with Spring Boot v3.2.3, Spring v6.1.4
[2025-11-14 23:52:12.874] [DEBUG] [delivery-service] [http-nio-8067-exec-5] [org.hibernate.SQL:135] - 
    select
        d1_0.delivery_id,
        d1_0.actual_start_time,
        d1_0.algorithm_used,
        d1_0.create_time,
        d1_0.dispatch_group,
        d1_0.distance,
        d1_0.end_time,
        d1_0.estimated_duration,
        d1_0.leader_id,
        d1_0.optimal_route,
        d1_0.route_display_data,
        d1_0.route_strategy,
        d1_0.start_time,
        d1_0.status,
        d1_0.update_time 
    from
        delivery d1_0 
    where
        d1_0.create_time between ? and ? 
    order by
        d1_0.create_time desc
[2025-11-14 23:52:12.875] [DEBUG] [delivery-service] [http-nio-8067-exec-3] [org.hibernate.SQL:135] - 
    select
        wc1_0.id,
        wc1_0.address,
        wc1_0.contact_person,
        wc1_0.contact_phone,
        wc1_0.create_time,
        wc1_0.description,
        wc1_0.is_default,
        wc1_0.latitude,
        wc1_0.longitude,
        wc1_0.status,
        wc1_0.update_time,
        wc1_0.warehouse_name 
    from
        warehouse_config wc1_0
[2025-11-14 23:52:12.913] [DEBUG] [delivery-service] [http-nio-8067-exec-3] [org.hibernate.SQL:135] - 
    select
        count(wc1_0.id) 
    from
        warehouse_config wc1_0 
    where
        wc1_0.status=1
[2025-11-14 23:52:12.916] [DEBUG] [delivery-service] [http-nio-8067-exec-3] [org.hibernate.SQL:135] - 
    select
        wc1_0.id,
        wc1_0.address,
        wc1_0.contact_person,
        wc1_0.contact_phone,
        wc1_0.create_time,
        wc1_0.description,
        wc1_0.is_default,
        wc1_0.latitude,
        wc1_0.longitude,
        wc1_0.status,
        wc1_0.update_time,
        wc1_0.warehouse_name 
    from
        warehouse_config wc1_0 
    where
        wc1_0.is_default=1 
        and wc1_0.status=1
[2025-11-14 23:52:12.920] [DEBUG] [delivery-service] [http-nio-8067-exec-3] [org.hibernate.SQL:135] - 
    select
        d1_0.delivery_id,
        d1_0.actual_start_time,
        d1_0.algorithm_used,
        d1_0.create_time,
        d1_0.dispatch_group,
        d1_0.distance,
        d1_0.end_time,
        d1_0.estimated_duration,
        d1_0.leader_id,
        d1_0.optimal_route,
        d1_0.route_display_data,
        d1_0.route_strategy,
        d1_0.start_time,
        d1_0.status,
        d1_0.update_time 
    from
        delivery d1_0 
    where
        d1_0.create_time between ? and ? 
    order by
        d1_0.create_time desc
[2025-11-14 23:52:18.707] [DEBUG] [delivery-service] [http-nio-8067-exec-7] [org.hibernate.SQL:135] - 
    select
        d1_0.delivery_id,
        d1_0.actual_start_time,
        d1_0.algorithm_used,
        d1_0.create_time,
        d1_0.dispatch_group,
        d1_0.distance,
        d1_0.end_time,
        d1_0.estimated_duration,
        d1_0.leader_id,
        d1_0.optimal_route,
        d1_0.route_display_data,
        d1_0.route_strategy,
        d1_0.start_time,
        d1_0.status,
        d1_0.update_time 
    from
        delivery d1_0 
    where
        d1_0.create_time between ? and ? 
    order by
        d1_0.create_time desc
[2025-11-14 23:52:18.710] [DEBUG] [delivery-service] [http-nio-8067-exec-6] [org.hibernate.SQL:135] - 
    select
        wc1_0.id,
        wc1_0.address,
        wc1_0.contact_person,
        wc1_0.contact_phone,
        wc1_0.create_time,
        wc1_0.description,
        wc1_0.is_default,
        wc1_0.latitude,
        wc1_0.longitude,
        wc1_0.status,
        wc1_0.update_time,
        wc1_0.warehouse_name 
    from
        warehouse_config wc1_0 
    where
        wc1_0.status=1 
    order by
        wc1_0.is_default desc,
        wc1_0.create_time
[2025-11-14 23:52:29.140] [DEBUG] [delivery-service] [http-nio-8067-exec-9] [org.hibernate.SQL:135] - 
    select
        d1_0.delivery_id,
        d1_0.actual_start_time,
        d1_0.algorithm_used,
        d1_0.create_time,
        d1_0.dispatch_group,
        d1_0.distance,
        d1_0.end_time,
        d1_0.estimated_duration,
        d1_0.leader_id,
        d1_0.optimal_route,
        d1_0.route_display_data,
        d1_0.route_strategy,
        d1_0.start_time,
        d1_0.status,
        d1_0.update_time 
    from
        delivery d1_0 
    where
        d1_0.create_time between ? and ? 
    order by
        d1_0.create_time desc
[2025-11-14 23:52:30.756] [DEBUG] [delivery-service] [http-nio-8067-exec-10] [org.hibernate.SQL:135] - 
    select
        wc1_0.id,
        wc1_0.address,
        wc1_0.contact_person,
        wc1_0.contact_phone,
        wc1_0.create_time,
        wc1_0.description,
        wc1_0.is_default,
        wc1_0.latitude,
        wc1_0.longitude,
        wc1_0.status,
        wc1_0.update_time,
        wc1_0.warehouse_name 
    from
        warehouse_config wc1_0
[2025-11-14 23:52:30.756] [DEBUG] [delivery-service] [http-nio-8067-exec-1] [org.hibernate.SQL:135] - 
    select
        d1_0.delivery_id,
        d1_0.actual_start_time,
        d1_0.algorithm_used,
        d1_0.create_time,
        d1_0.dispatch_group,
        d1_0.distance,
        d1_0.end_time,
        d1_0.estimated_duration,
        d1_0.leader_id,
        d1_0.optimal_route,
        d1_0.route_display_data,
        d1_0.route_strategy,
        d1_0.start_time,
        d1_0.status,
        d1_0.update_time 
    from
        delivery d1_0 
    where
        d1_0.create_time between ? and ? 
    order by
        d1_0.create_time desc
[2025-11-14 23:52:30.758] [DEBUG] [delivery-service] [http-nio-8067-exec-10] [org.hibernate.SQL:135] - 
    select
        count(wc1_0.id) 
    from
        warehouse_config wc1_0 
    where
        wc1_0.status=1
[2025-11-14 23:52:30.760] [DEBUG] [delivery-service] [http-nio-8067-exec-10] [org.hibernate.SQL:135] - 
    select
        wc1_0.id,
        wc1_0.address,
        wc1_0.contact_person,
        wc1_0.contact_phone,
        wc1_0.create_time,
        wc1_0.description,
        wc1_0.is_default,
        wc1_0.latitude,
        wc1_0.longitude,
        wc1_0.status,
        wc1_0.update_time,
        wc1_0.warehouse_name 
    from
        warehouse_config wc1_0 
    where
        wc1_0.is_default=1 
        and wc1_0.status=1
[2025-11-14 23:52:30.763] [DEBUG] [delivery-service] [http-nio-8067-exec-10] [org.hibernate.SQL:135] - 
    select
        d1_0.delivery_id,
        d1_0.actual_start_time,
        d1_0.algorithm_used,
        d1_0.create_time,
        d1_0.dispatch_group,
        d1_0.distance,
        d1_0.end_time,
        d1_0.estimated_duration,
        d1_0.leader_id,
        d1_0.optimal_route,
        d1_0.route_display_data,
        d1_0.route_strategy,
        d1_0.start_time,
        d1_0.status,
        d1_0.update_time 
    from
        delivery d1_0 
    where
        d1_0.create_time between ? and ? 
    order by
        d1_0.create_time desc
[2025-11-14 23:52:32.479] [DEBUG] [delivery-service] [http-nio-8067-exec-2] [org.hibernate.SQL:135] - 
    select
        d1_0.delivery_id,
        d1_0.actual_start_time,
        d1_0.algorithm_used,
        d1_0.create_time,
        d1_0.dispatch_group,
        d1_0.distance,
        d1_0.end_time,
        d1_0.estimated_duration,
        d1_0.leader_id,
        d1_0.optimal_route,
        d1_0.route_display_data,
        d1_0.route_strategy,
        d1_0.start_time,
        d1_0.status,
        d1_0.update_time 
    from
        delivery d1_0 
    where
        d1_0.create_time between ? and ? 
    order by
        d1_0.create_time desc
[2025-11-14 23:52:35.847] [DEBUG] [delivery-service] [http-nio-8067-exec-4] [org.hibernate.SQL:135] - 
    select
        d1_0.delivery_id,
        d1_0.actual_start_time,
        d1_0.algorithm_used,
        d1_0.create_time,
        d1_0.dispatch_group,
        d1_0.distance,
        d1_0.end_time,
        d1_0.estimated_duration,
        d1_0.leader_id,
        d1_0.optimal_route,
        d1_0.route_display_data,
        d1_0.route_strategy,
        d1_0.start_time,
        d1_0.status,
        d1_0.update_time 
    from
        delivery d1_0 
    where
        d1_0.create_time between ? and ? 
    order by
        d1_0.create_time desc
[2025-11-14 23:52:35.847] [DEBUG] [delivery-service] [http-nio-8067-exec-3] [org.hibernate.SQL:135] - 
    select
        wc1_0.id,
        wc1_0.address,
        wc1_0.contact_person,
        wc1_0.contact_phone,
        wc1_0.create_time,
        wc1_0.description,
        wc1_0.is_default,
        wc1_0.latitude,
        wc1_0.longitude,
        wc1_0.status,
        wc1_0.update_time,
        wc1_0.warehouse_name 
    from
        warehouse_config wc1_0
[2025-11-14 23:52:35.849] [DEBUG] [delivery-service] [http-nio-8067-exec-3] [org.hibernate.SQL:135] - 
    select
        count(wc1_0.id) 
    from
        warehouse_config wc1_0 
    where
        wc1_0.status=1
[2025-11-14 23:52:35.850] [DEBUG] [delivery-service] [http-nio-8067-exec-3] [org.hibernate.SQL:135] - 
    select
        wc1_0.id,
        wc1_0.address,
        wc1_0.contact_person,
        wc1_0.contact_phone,
        wc1_0.create_time,
        wc1_0.description,
        wc1_0.is_default,
        wc1_0.latitude,
        wc1_0.longitude,
        wc1_0.status,
        wc1_0.update_time,
        wc1_0.warehouse_name 
    from
        warehouse_config wc1_0 
    where
        wc1_0.is_default=1 
        and wc1_0.status=1
[2025-11-14 23:52:35.853] [DEBUG] [delivery-service] [http-nio-8067-exec-3] [org.hibernate.SQL:135] - 
    select
        d1_0.delivery_id,
        d1_0.actual_start_time,
        d1_0.algorithm_used,
        d1_0.create_time,
        d1_0.dispatch_group,
        d1_0.distance,
        d1_0.end_time,
        d1_0.estimated_duration,
        d1_0.leader_id,
        d1_0.optimal_route,
        d1_0.route_display_data,
        d1_0.route_strategy,
        d1_0.start_time,
        d1_0.status,
        d1_0.update_time 
    from
        delivery d1_0 
    where
        d1_0.create_time between ? and ? 
    order by
        d1_0.create_time desc
[2025-11-14 23:52:37.061] [DEBUG] [delivery-service] [http-nio-8067-exec-7] [org.hibernate.SQL:135] - 
    select
        d1_0.delivery_id,
        d1_0.actual_start_time,
        d1_0.algorithm_used,
        d1_0.create_time,
        d1_0.dispatch_group,
        d1_0.distance,
        d1_0.end_time,
        d1_0.estimated_duration,
        d1_0.leader_id,
        d1_0.optimal_route,
        d1_0.route_display_data,
        d1_0.route_strategy,
        d1_0.start_time,
        d1_0.status,
        d1_0.update_time 
    from
        delivery d1_0 
    where
        d1_0.create_time between ? and ? 
    order by
        d1_0.create_time desc
[2025-11-14 23:52:46.426] [DEBUG] [delivery-service] [http-nio-8067-exec-1] [org.hibernate.SQL:135] - 
    select
        wc1_0.id,
        wc1_0.address,
        wc1_0.contact_person,
        wc1_0.contact_phone,
        wc1_0.create_time,
        wc1_0.description,
        wc1_0.is_default,
        wc1_0.latitude,
        wc1_0.longitude,
        wc1_0.status,
        wc1_0.update_time,
        wc1_0.warehouse_name 
    from
        warehouse_config wc1_0 
    where
        wc1_0.status=1 
    order by
        wc1_0.is_default desc,
        wc1_0.create_time
[2025-11-14 23:52:46.426] [DEBUG] [delivery-service] [http-nio-8067-exec-8] [org.hibernate.SQL:135] - 
    select
        d1_0.delivery_id,
        d1_0.actual_start_time,
        d1_0.algorithm_used,
        d1_0.create_time,
        d1_0.dispatch_group,
        d1_0.distance,
        d1_0.end_time,
        d1_0.estimated_duration,
        d1_0.leader_id,
        d1_0.optimal_route,
        d1_0.route_display_data,
        d1_0.route_strategy,
        d1_0.start_time,
        d1_0.status,
        d1_0.update_time 
    from
        delivery d1_0 
    where
        d1_0.create_time between ? and ? 
    order by
        d1_0.create_time desc
[2025-11-14 23:54:19.180] [DEBUG] [delivery-service] [http-nio-8067-exec-4] [org.hibernate.SQL:135] - 
    select
        wc1_0.id,
        wc1_0.address,
        wc1_0.contact_person,
        wc1_0.contact_phone,
        wc1_0.create_time,
        wc1_0.description,
        wc1_0.is_default,
        wc1_0.latitude,
        wc1_0.longitude,
        wc1_0.status,
        wc1_0.update_time,
        wc1_0.warehouse_name 
    from
        warehouse_config wc1_0 
    where
        wc1_0.status=1 
    order by
        wc1_0.is_default desc,
        wc1_0.create_time
[2025-11-14 23:54:19.180] [DEBUG] [delivery-service] [http-nio-8067-exec-3] [org.hibernate.SQL:135] - 
    select
        d1_0.delivery_id,
        d1_0.actual_start_time,
        d1_0.algorithm_used,
        d1_0.create_time,
        d1_0.dispatch_group,
        d1_0.distance,
        d1_0.end_time,
        d1_0.estimated_duration,
        d1_0.leader_id,
        d1_0.optimal_route,
        d1_0.route_display_data,
        d1_0.route_strategy,
        d1_0.start_time,
        d1_0.status,
        d1_0.update_time 
    from
        delivery d1_0 
    where
        d1_0.create_time between ? and ? 
    order by
        d1_0.create_time desc
[2025-11-14 23:54:26.791] [DEBUG] [delivery-service] [http-nio-8067-exec-9] [org.hibernate.SQL:135] - 
    select
        wc1_0.id,
        wc1_0.address,
        wc1_0.contact_person,
        wc1_0.contact_phone,
        wc1_0.create_time,
        wc1_0.description,
        wc1_0.is_default,
        wc1_0.latitude,
        wc1_0.longitude,
        wc1_0.status,
        wc1_0.update_time,
        wc1_0.warehouse_name 
    from
        warehouse_config wc1_0 
    where
        wc1_0.status=1 
    order by
        wc1_0.is_default desc,
        wc1_0.create_time
[2025-11-14 23:54:26.796] [DEBUG] [delivery-service] [http-nio-8067-exec-1] [org.hibernate.SQL:135] - 
    select
        d1_0.delivery_id,
        d1_0.actual_start_time,
        d1_0.algorithm_used,
        d1_0.create_time,
        d1_0.dispatch_group,
        d1_0.distance,
        d1_0.end_time,
        d1_0.estimated_duration,
        d1_0.leader_id,
        d1_0.optimal_route,
        d1_0.route_display_data,
        d1_0.route_strategy,
        d1_0.start_time,
        d1_0.status,
        d1_0.update_time 
    from
        delivery d1_0 
    where
        d1_0.create_time between ? and ? 
    order by
        d1_0.create_time desc
[2025-11-14 23:54:39.300] [DEBUG] [delivery-service] [http-nio-8067-exec-2] [org.hibernate.SQL:135] - 
    select
        wc1_0.id,
        wc1_0.address,
        wc1_0.contact_person,
        wc1_0.contact_phone,
        wc1_0.create_time,
        wc1_0.description,
        wc1_0.is_default,
        wc1_0.latitude,
        wc1_0.longitude,
        wc1_0.status,
        wc1_0.update_time,
        wc1_0.warehouse_name 
    from
        warehouse_config wc1_0 
    where
        wc1_0.status=1 
    order by
        wc1_0.is_default desc,
        wc1_0.create_time
[2025-11-14 23:54:39.300] [DEBUG] [delivery-service] [http-nio-8067-exec-10] [org.hibernate.SQL:135] - 
    select
        d1_0.delivery_id,
        d1_0.actual_start_time,
        d1_0.algorithm_used,
        d1_0.create_time,
        d1_0.dispatch_group,
        d1_0.distance,
        d1_0.end_time,
        d1_0.estimated_duration,
        d1_0.leader_id,
        d1_0.optimal_route,
        d1_0.route_display_data,
        d1_0.route_strategy,
        d1_0.start_time,
        d1_0.status,
        d1_0.update_time 
    from
        delivery d1_0 
    where
        d1_0.create_time between ? and ? 
    order by
        d1_0.create_time desc
[2025-11-14 23:55:01.551] [DEBUG] [delivery-service] [http-nio-8067-exec-9] [org.hibernate.SQL:135] - 
    select
        wc1_0.id,
        wc1_0.address,
        wc1_0.contact_person,
        wc1_0.contact_phone,
        wc1_0.create_time,
        wc1_0.description,
        wc1_0.is_default,
        wc1_0.latitude,
        wc1_0.longitude,
        wc1_0.status,
        wc1_0.update_time,
        wc1_0.warehouse_name 
    from
        warehouse_config wc1_0 
    where
        wc1_0.status=1 
    order by
        wc1_0.is_default desc,
        wc1_0.create_time
[2025-11-14 23:55:01.554] [DEBUG] [delivery-service] [http-nio-8067-exec-7] [org.hibernate.SQL:135] - 
    select
        d1_0.delivery_id,
        d1_0.actual_start_time,
        d1_0.algorithm_used,
        d1_0.create_time,
        d1_0.dispatch_group,
        d1_0.distance,
        d1_0.end_time,
        d1_0.estimated_duration,
        d1_0.leader_id,
        d1_0.optimal_route,
        d1_0.route_display_data,
        d1_0.route_strategy,
        d1_0.start_time,
        d1_0.status,
        d1_0.update_time 
    from
        delivery d1_0 
    where
        d1_0.create_time between ? and ? 
    order by
        d1_0.create_time desc
[2025-11-14 23:55:02.288] [DEBUG] [delivery-service] [http-nio-8067-exec-1] [org.hibernate.SQL:135] - 
    select
        d1_0.delivery_id,
        d1_0.actual_start_time,
        d1_0.algorithm_used,
        d1_0.create_time,
        d1_0.dispatch_group,
        d1_0.distance,
        d1_0.end_time,
        d1_0.estimated_duration,
        d1_0.leader_id,
        d1_0.optimal_route,
        d1_0.route_display_data,
        d1_0.route_strategy,
        d1_0.start_time,
        d1_0.status,
        d1_0.update_time 
    from
        delivery d1_0 
    where
        d1_0.create_time between ? and ? 
    order by
        d1_0.create_time desc
[2025-11-14 23:55:54.761] [DEBUG] [delivery-service] [http-nio-8067-exec-7] [org.hibernate.SQL:135] - 
    select
        d1_0.delivery_id,
        d1_0.actual_start_time,
        d1_0.algorithm_used,
        d1_0.create_time,
        d1_0.dispatch_group,
        d1_0.distance,
        d1_0.end_time,
        d1_0.estimated_duration,
        d1_0.leader_id,
        d1_0.optimal_route,
        d1_0.route_display_data,
        d1_0.route_strategy,
        d1_0.start_time,
        d1_0.status,
        d1_0.update_time 
    from
        delivery d1_0 
    where
        d1_0.create_time between ? and ? 
    order by
        d1_0.create_time desc
[2025-11-14 23:56:14.937] [DEBUG] [delivery-service] [http-nio-8067-exec-5] [org.hibernate.SQL:135] - 
    select
        d1_0.delivery_id,
        d1_0.actual_start_time,
        d1_0.algorithm_used,
        d1_0.create_time,
        d1_0.dispatch_group,
        d1_0.distance,
        d1_0.end_time,
        d1_0.estimated_duration,
        d1_0.leader_id,
        d1_0.optimal_route,
        d1_0.route_display_data,
        d1_0.route_strategy,
        d1_0.start_time,
        d1_0.status,
        d1_0.update_time 
    from
        delivery d1_0 
    where
        d1_0.create_time between ? and ? 
    order by
        d1_0.create_time desc
[2025-11-14 23:57:27.283] [DEBUG] [delivery-service] [http-nio-8067-exec-10] [org.hibernate.SQL:135] - 
    select
        wc1_0.id,
        wc1_0.address,
        wc1_0.contact_person,
        wc1_0.contact_phone,
        wc1_0.create_time,
        wc1_0.description,
        wc1_0.is_default,
        wc1_0.latitude,
        wc1_0.longitude,
        wc1_0.status,
        wc1_0.update_time,
        wc1_0.warehouse_name 
    from
        warehouse_config wc1_0 
    where
        wc1_0.status=1 
    order by
        wc1_0.is_default desc,
        wc1_0.create_time
[2025-11-14 23:57:27.283] [DEBUG] [delivery-service] [http-nio-8067-exec-5] [org.hibernate.SQL:135] - 
    select
        d1_0.delivery_id,
        d1_0.actual_start_time,
        d1_0.algorithm_used,
        d1_0.create_time,
        d1_0.dispatch_group,
        d1_0.distance,
        d1_0.end_time,
        d1_0.estimated_duration,
        d1_0.leader_id,
        d1_0.optimal_route,
        d1_0.route_display_data,
        d1_0.route_strategy,
        d1_0.start_time,
        d1_0.status,
        d1_0.update_time 
    from
        delivery d1_0 
    where
        d1_0.create_time between ? and ? 
    order by
        d1_0.create_time desc
[2025-11-14 23:58:49.123] [DEBUG] [delivery-service] [main] [com.bcu.edu.DeliveryServiceApplication:51] - Running with Spring Boot v3.2.3, Spring v6.1.4
[2025-11-14 23:59:13.610] [DEBUG] [delivery-service] [http-nio-8067-exec-5] [org.hibernate.SQL:135] - 
    select
        wc1_0.id,
        wc1_0.address,
        wc1_0.contact_person,
        wc1_0.contact_phone,
        wc1_0.create_time,
        wc1_0.description,
        wc1_0.is_default,
        wc1_0.latitude,
        wc1_0.longitude,
        wc1_0.status,
        wc1_0.update_time,
        wc1_0.warehouse_name 
    from
        warehouse_config wc1_0 
    where
        wc1_0.status=1 
    order by
        wc1_0.is_default desc,
        wc1_0.create_time
[2025-11-14 23:59:13.610] [DEBUG] [delivery-service] [http-nio-8067-exec-3] [org.hibernate.SQL:135] - 
    select
        d1_0.delivery_id,
        d1_0.actual_start_time,
        d1_0.algorithm_used,
        d1_0.create_time,
        d1_0.dispatch_group,
        d1_0.distance,
        d1_0.end_time,
        d1_0.estimated_duration,
        d1_0.leader_id,
        d1_0.optimal_route,
        d1_0.route_display_data,
        d1_0.route_strategy,
        d1_0.start_time,
        d1_0.status,
        d1_0.update_time 
    from
        delivery d1_0 
    where
        d1_0.create_time between ? and ? 
    order by
        d1_0.create_time desc
[2025-11-14 23:59:15.282] [DEBUG] [delivery-service] [http-nio-8067-exec-7] [org.hibernate.SQL:135] - 
    select
        d1_0.delivery_id,
        d1_0.actual_start_time,
        d1_0.algorithm_used,
        d1_0.create_time,
        d1_0.dispatch_group,
        d1_0.distance,
        d1_0.end_time,
        d1_0.estimated_duration,
        d1_0.leader_id,
        d1_0.optimal_route,
        d1_0.route_display_data,
        d1_0.route_strategy,
        d1_0.start_time,
        d1_0.status,
        d1_0.update_time 
    from
        delivery d1_0 
    where
        d1_0.create_time between ? and ? 
    order by
        d1_0.create_time desc
[2025-11-14 23:59:15.311] [DEBUG] [delivery-service] [http-nio-8067-exec-6] [org.hibernate.SQL:135] - 
    select
        d1_0.delivery_id,
        d1_0.actual_start_time,
        d1_0.algorithm_used,
        d1_0.create_time,
        d1_0.dispatch_group,
        d1_0.distance,
        d1_0.end_time,
        d1_0.estimated_duration,
        d1_0.leader_id,
        d1_0.optimal_route,
        d1_0.route_display_data,
        d1_0.route_strategy,
        d1_0.start_time,
        d1_0.status,
        d1_0.update_time 
    from
        delivery d1_0 
    order by
        d1_0.create_time desc 
    limit
        ?, ?
[2025-11-14 23:59:59.179] [DEBUG] [delivery-service] [http-nio-8067-exec-2] [org.hibernate.SQL:135] - 
    select
        d1_0.delivery_id,
        d1_0.actual_start_time,
        d1_0.algorithm_used,
        d1_0.create_time,
        d1_0.dispatch_group,
        d1_0.distance,
        d1_0.end_time,
        d1_0.estimated_duration,
        d1_0.leader_id,
        d1_0.optimal_route,
        d1_0.route_display_data,
        d1_0.route_strategy,
        d1_0.start_time,
        d1_0.status,
        d1_0.update_time 
    from
        delivery d1_0 
    where
        d1_0.create_time between ? and ? 
    order by
        d1_0.create_time desc
[2025-11-14 23:59:59.211] [DEBUG] [delivery-service] [http-nio-8067-exec-4] [org.hibernate.SQL:135] - 
    select
        d1_0.delivery_id,
        d1_0.actual_start_time,
        d1_0.algorithm_used,
        d1_0.create_time,
        d1_0.dispatch_group,
        d1_0.distance,
        d1_0.end_time,
        d1_0.estimated_duration,
        d1_0.leader_id,
        d1_0.optimal_route,
        d1_0.route_display_data,
        d1_0.route_strategy,
        d1_0.start_time,
        d1_0.status,
        d1_0.update_time 
    from
        delivery d1_0 
    order by
        d1_0.create_time desc 
    limit
        ?, ?
