[2025-12-18 12:23:11.066] [DEBUG] [delivery-service] [main] [com.bcu.edu.DeliveryServiceApplication:51] - Running with Spring Boot v3.2.3, Spring v6.1.4
[2025-12-18 12:26:52.192] [DEBUG] [delivery-service] [http-nio-8067-exec-3] [org.hibernate.SQL:135] - 
    select
        wc1_0.id,
        wc1_0.address,
        wc1_0.contact_person,
        wc1_0.contact_phone,
        wc1_0.create_time,
        wc1_0.description,
        wc1_0.is_default,
        wc1_0.latitude,
        wc1_0.longitude,
        wc1_0.status,
        wc1_0.update_time,
        wc1_0.warehouse_name 
    from
        warehouse_config wc1_0 
    where
        wc1_0.status=?
[2025-12-18 12:26:54.043] [DEBUG] [delivery-service] [http-nio-8067-exec-4] [org.hibernate.SQL:135] - 
    select
        de1_0.delivery_id,
        de1_0.actual_start_time,
        de1_0.algorithm_used,
        de1_0.create_time,
        de1_0.created_by,
        de1_0.delivery_mode,
        de1_0.dispatch_group,
        de1_0.distance,
        de1_0.end_time,
        de1_0.end_warehouse_id,
        de1_0.estimated_duration,
        de1_0.leader_id,
        de1_0.optimal_route,
        de1_0.order_ids,
        de1_0.route_display_data,
        de1_0.route_strategy,
        de1_0.start_time,
        de1_0.status,
        de1_0.update_time,
        de1_0.warehouse_id,
        de1_0.waypoint_count,
        de1_0.waypoints_data 
    from
        delivery de1_0 
    order by
        de1_0.create_time desc 
    limit
        ?, ?
[2025-12-18 12:26:54.051] [DEBUG] [delivery-service] [http-nio-8067-exec-2] [org.hibernate.SQL:135] - 
    select
        count(*) 
    from
        delivery de1_0
[2025-12-18 12:26:54.060] [DEBUG] [delivery-service] [http-nio-8067-exec-2] [org.hibernate.SQL:135] - 
    select
        count(de1_0.delivery_id) 
    from
        delivery de1_0 
    where
        de1_0.status=?
[2025-12-18 12:26:54.063] [DEBUG] [delivery-service] [http-nio-8067-exec-2] [org.hibernate.SQL:135] - 
    select
        count(de1_0.delivery_id) 
    from
        delivery de1_0 
    where
        de1_0.status=?
[2025-12-18 12:26:54.064] [DEBUG] [delivery-service] [http-nio-8067-exec-2] [org.hibernate.SQL:135] - 
    select
        count(de1_0.delivery_id) 
    from
        delivery de1_0 
    where
        de1_0.status=?
[2025-12-18 12:26:54.067] [DEBUG] [delivery-service] [http-nio-8067-exec-2] [org.hibernate.SQL:135] - 
    select
        sum(de1_0.distance) 
    from
        delivery de1_0 
    where
        de1_0.status=2
[2025-12-18 12:26:54.071] [DEBUG] [delivery-service] [http-nio-8067-exec-2] [org.hibernate.SQL:135] - 
    select
        de1_0.delivery_id,
        de1_0.actual_start_time,
        de1_0.algorithm_used,
        de1_0.create_time,
        de1_0.created_by,
        de1_0.delivery_mode,
        de1_0.dispatch_group,
        de1_0.distance,
        de1_0.end_time,
        de1_0.end_warehouse_id,
        de1_0.estimated_duration,
        de1_0.leader_id,
        de1_0.optimal_route,
        de1_0.order_ids,
        de1_0.route_display_data,
        de1_0.route_strategy,
        de1_0.start_time,
        de1_0.status,
        de1_0.update_time,
        de1_0.warehouse_id,
        de1_0.waypoint_count,
        de1_0.waypoints_data 
    from
        delivery de1_0
[2025-12-18 12:27:04.732] [DEBUG] [delivery-service] [http-nio-8067-exec-8] [org.hibernate.SQL:135] - 
    select
        de1_0.delivery_id,
        de1_0.actual_start_time,
        de1_0.algorithm_used,
        de1_0.create_time,
        de1_0.created_by,
        de1_0.delivery_mode,
        de1_0.dispatch_group,
        de1_0.distance,
        de1_0.end_time,
        de1_0.end_warehouse_id,
        de1_0.estimated_duration,
        de1_0.leader_id,
        de1_0.optimal_route,
        de1_0.order_ids,
        de1_0.route_display_data,
        de1_0.route_strategy,
        de1_0.start_time,
        de1_0.status,
        de1_0.update_time,
        de1_0.warehouse_id,
        de1_0.waypoint_count,
        de1_0.waypoints_data 
    from
        delivery de1_0 
    where
        de1_0.delivery_id=?
[2025-12-18 12:27:04.894] [DEBUG] [delivery-service] [http-nio-8067-exec-8] [org.hibernate.SQL:135] - 
    select
        wc1_0.id,
        wc1_0.address,
        wc1_0.contact_person,
        wc1_0.contact_phone,
        wc1_0.create_time,
        wc1_0.description,
        wc1_0.is_default,
        wc1_0.latitude,
        wc1_0.longitude,
        wc1_0.status,
        wc1_0.update_time,
        wc1_0.warehouse_name 
    from
        warehouse_config wc1_0 
    where
        wc1_0.id=?
[2025-12-18 15:46:57.179] [DEBUG] [delivery-service] [main] [com.bcu.edu.DeliveryServiceApplication:51] - Running with Spring Boot v3.2.3, Spring v6.1.4
[2025-12-18 15:48:49.163] [DEBUG] [delivery-service] [http-nio-8067-exec-9] [org.hibernate.SQL:135] - 
    select
        wc1_0.id,
        wc1_0.address,
        wc1_0.contact_person,
        wc1_0.contact_phone,
        wc1_0.create_time,
        wc1_0.description,
        wc1_0.is_default,
        wc1_0.latitude,
        wc1_0.longitude,
        wc1_0.status,
        wc1_0.update_time,
        wc1_0.warehouse_name 
    from
        warehouse_config wc1_0 
    where
        wc1_0.status=?
[2025-12-18 15:48:49.851] [DEBUG] [delivery-service] [http-nio-8067-exec-3] [org.hibernate.SQL:135] - 
    select
        de1_0.delivery_id,
        de1_0.actual_start_time,
        de1_0.algorithm_used,
        de1_0.create_time,
        de1_0.created_by,
        de1_0.delivery_mode,
        de1_0.dispatch_group,
        de1_0.distance,
        de1_0.end_time,
        de1_0.end_warehouse_id,
        de1_0.estimated_duration,
        de1_0.leader_id,
        de1_0.optimal_route,
        de1_0.order_ids,
        de1_0.route_display_data,
        de1_0.route_strategy,
        de1_0.start_time,
        de1_0.status,
        de1_0.update_time,
        de1_0.warehouse_id,
        de1_0.waypoint_count,
        de1_0.waypoints_data 
    from
        delivery de1_0 
    order by
        de1_0.create_time desc 
    limit
        ?, ?
[2025-12-18 15:48:49.862] [DEBUG] [delivery-service] [http-nio-8067-exec-1] [org.hibernate.SQL:135] - 
    select
        count(*) 
    from
        delivery de1_0
[2025-12-18 15:48:49.869] [DEBUG] [delivery-service] [http-nio-8067-exec-1] [org.hibernate.SQL:135] - 
    select
        count(de1_0.delivery_id) 
    from
        delivery de1_0 
    where
        de1_0.status=?
[2025-12-18 15:48:49.871] [DEBUG] [delivery-service] [http-nio-8067-exec-1] [org.hibernate.SQL:135] - 
    select
        count(de1_0.delivery_id) 
    from
        delivery de1_0 
    where
        de1_0.status=?
[2025-12-18 15:48:49.873] [DEBUG] [delivery-service] [http-nio-8067-exec-1] [org.hibernate.SQL:135] - 
    select
        count(de1_0.delivery_id) 
    from
        delivery de1_0 
    where
        de1_0.status=?
[2025-12-18 15:48:49.877] [DEBUG] [delivery-service] [http-nio-8067-exec-1] [org.hibernate.SQL:135] - 
    select
        sum(de1_0.distance) 
    from
        delivery de1_0 
    where
        de1_0.status=2
[2025-12-18 15:48:49.880] [DEBUG] [delivery-service] [http-nio-8067-exec-1] [org.hibernate.SQL:135] - 
    select
        de1_0.delivery_id,
        de1_0.actual_start_time,
        de1_0.algorithm_used,
        de1_0.create_time,
        de1_0.created_by,
        de1_0.delivery_mode,
        de1_0.dispatch_group,
        de1_0.distance,
        de1_0.end_time,
        de1_0.end_warehouse_id,
        de1_0.estimated_duration,
        de1_0.leader_id,
        de1_0.optimal_route,
        de1_0.order_ids,
        de1_0.route_display_data,
        de1_0.route_strategy,
        de1_0.start_time,
        de1_0.status,
        de1_0.update_time,
        de1_0.warehouse_id,
        de1_0.waypoint_count,
        de1_0.waypoints_data 
    from
        delivery de1_0
[2025-12-18 15:48:54.323] [DEBUG] [delivery-service] [http-nio-8067-exec-4] [org.hibernate.SQL:135] - 
    select
        de1_0.delivery_id,
        de1_0.actual_start_time,
        de1_0.algorithm_used,
        de1_0.create_time,
        de1_0.created_by,
        de1_0.delivery_mode,
        de1_0.dispatch_group,
        de1_0.distance,
        de1_0.end_time,
        de1_0.end_warehouse_id,
        de1_0.estimated_duration,
        de1_0.leader_id,
        de1_0.optimal_route,
        de1_0.order_ids,
        de1_0.route_display_data,
        de1_0.route_strategy,
        de1_0.start_time,
        de1_0.status,
        de1_0.update_time,
        de1_0.warehouse_id,
        de1_0.waypoint_count,
        de1_0.waypoints_data 
    from
        delivery de1_0 
    where
        de1_0.delivery_id=?
[2025-12-18 15:48:54.524] [DEBUG] [delivery-service] [http-nio-8067-exec-4] [org.hibernate.SQL:135] - 
    update
        delivery 
    set
        actual_start_time=?,
        algorithm_used=?,
        created_by=?,
        delivery_mode=?,
        dispatch_group=?,
        distance=?,
        end_time=?,
        end_warehouse_id=?,
        estimated_duration=?,
        leader_id=?,
        optimal_route=?,
        order_ids=?,
        route_display_data=?,
        route_strategy=?,
        start_time=?,
        status=?,
        update_time=?,
        warehouse_id=?,
        waypoint_count=?,
        waypoints_data=? 
    where
        delivery_id=?
[2025-12-18 15:48:54.568] [DEBUG] [delivery-service] [http-nio-8067-exec-4] [com.bcu.edu.common.aspect.OperationLogAspect:113] - 操作日志已通过Feign记录: module=配送管理, operation=完成配送
[2025-12-18 15:48:54.585] [DEBUG] [delivery-service] [http-nio-8067-exec-5] [org.hibernate.SQL:135] - 
    select
        count(*) 
    from
        delivery de1_0
[2025-12-18 15:48:54.586] [DEBUG] [delivery-service] [http-nio-8067-exec-7] [org.hibernate.SQL:135] - 
    select
        de1_0.delivery_id,
        de1_0.actual_start_time,
        de1_0.algorithm_used,
        de1_0.create_time,
        de1_0.created_by,
        de1_0.delivery_mode,
        de1_0.dispatch_group,
        de1_0.distance,
        de1_0.end_time,
        de1_0.end_warehouse_id,
        de1_0.estimated_duration,
        de1_0.leader_id,
        de1_0.optimal_route,
        de1_0.order_ids,
        de1_0.route_display_data,
        de1_0.route_strategy,
        de1_0.start_time,
        de1_0.status,
        de1_0.update_time,
        de1_0.warehouse_id,
        de1_0.waypoint_count,
        de1_0.waypoints_data 
    from
        delivery de1_0 
    order by
        de1_0.create_time desc 
    limit
        ?, ?
[2025-12-18 15:48:54.588] [DEBUG] [delivery-service] [http-nio-8067-exec-5] [org.hibernate.SQL:135] - 
    select
        count(de1_0.delivery_id) 
    from
        delivery de1_0 
    where
        de1_0.status=?
[2025-12-18 15:48:54.589] [DEBUG] [delivery-service] [http-nio-8067-exec-5] [org.hibernate.SQL:135] - 
    select
        count(de1_0.delivery_id) 
    from
        delivery de1_0 
    where
        de1_0.status=?
[2025-12-18 15:48:54.592] [DEBUG] [delivery-service] [http-nio-8067-exec-5] [org.hibernate.SQL:135] - 
    select
        count(de1_0.delivery_id) 
    from
        delivery de1_0 
    where
        de1_0.status=?
[2025-12-18 15:48:54.593] [DEBUG] [delivery-service] [http-nio-8067-exec-5] [org.hibernate.SQL:135] - 
    select
        sum(de1_0.distance) 
    from
        delivery de1_0 
    where
        de1_0.status=2
[2025-12-18 15:48:54.596] [DEBUG] [delivery-service] [http-nio-8067-exec-5] [org.hibernate.SQL:135] - 
    select
        de1_0.delivery_id,
        de1_0.actual_start_time,
        de1_0.algorithm_used,
        de1_0.create_time,
        de1_0.created_by,
        de1_0.delivery_mode,
        de1_0.dispatch_group,
        de1_0.distance,
        de1_0.end_time,
        de1_0.end_warehouse_id,
        de1_0.estimated_duration,
        de1_0.leader_id,
        de1_0.optimal_route,
        de1_0.order_ids,
        de1_0.route_display_data,
        de1_0.route_strategy,
        de1_0.start_time,
        de1_0.status,
        de1_0.update_time,
        de1_0.warehouse_id,
        de1_0.waypoint_count,
        de1_0.waypoints_data 
    from
        delivery de1_0
[2025-12-18 15:48:56.259] [DEBUG] [delivery-service] [http-nio-8067-exec-8] [org.hibernate.SQL:135] - 
    select
        de1_0.delivery_id,
        de1_0.actual_start_time,
        de1_0.algorithm_used,
        de1_0.create_time,
        de1_0.created_by,
        de1_0.delivery_mode,
        de1_0.dispatch_group,
        de1_0.distance,
        de1_0.end_time,
        de1_0.end_warehouse_id,
        de1_0.estimated_duration,
        de1_0.leader_id,
        de1_0.optimal_route,
        de1_0.order_ids,
        de1_0.route_display_data,
        de1_0.route_strategy,
        de1_0.start_time,
        de1_0.status,
        de1_0.update_time,
        de1_0.warehouse_id,
        de1_0.waypoint_count,
        de1_0.waypoints_data 
    from
        delivery de1_0 
    where
        de1_0.delivery_id=?
[2025-12-18 15:48:56.279] [DEBUG] [delivery-service] [http-nio-8067-exec-8] [org.hibernate.SQL:135] - 
    update
        delivery 
    set
        actual_start_time=?,
        algorithm_used=?,
        created_by=?,
        delivery_mode=?,
        dispatch_group=?,
        distance=?,
        end_time=?,
        end_warehouse_id=?,
        estimated_duration=?,
        leader_id=?,
        optimal_route=?,
        order_ids=?,
        route_display_data=?,
        route_strategy=?,
        start_time=?,
        status=?,
        update_time=?,
        warehouse_id=?,
        waypoint_count=?,
        waypoints_data=? 
    where
        delivery_id=?
[2025-12-18 15:48:56.287] [DEBUG] [delivery-service] [http-nio-8067-exec-8] [com.bcu.edu.common.aspect.OperationLogAspect:113] - 操作日志已通过Feign记录: module=配送管理, operation=完成配送
[2025-12-18 15:48:56.301] [DEBUG] [delivery-service] [http-nio-8067-exec-6] [org.hibernate.SQL:135] - 
    select
        count(*) 
    from
        delivery de1_0
[2025-12-18 15:48:56.302] [DEBUG] [delivery-service] [http-nio-8067-exec-10] [org.hibernate.SQL:135] - 
    select
        de1_0.delivery_id,
        de1_0.actual_start_time,
        de1_0.algorithm_used,
        de1_0.create_time,
        de1_0.created_by,
        de1_0.delivery_mode,
        de1_0.dispatch_group,
        de1_0.distance,
        de1_0.end_time,
        de1_0.end_warehouse_id,
        de1_0.estimated_duration,
        de1_0.leader_id,
        de1_0.optimal_route,
        de1_0.order_ids,
        de1_0.route_display_data,
        de1_0.route_strategy,
        de1_0.start_time,
        de1_0.status,
        de1_0.update_time,
        de1_0.warehouse_id,
        de1_0.waypoint_count,
        de1_0.waypoints_data 
    from
        delivery de1_0 
    order by
        de1_0.create_time desc 
    limit
        ?, ?
[2025-12-18 15:48:56.304] [DEBUG] [delivery-service] [http-nio-8067-exec-6] [org.hibernate.SQL:135] - 
    select
        count(de1_0.delivery_id) 
    from
        delivery de1_0 
    where
        de1_0.status=?
[2025-12-18 15:48:56.305] [DEBUG] [delivery-service] [http-nio-8067-exec-6] [org.hibernate.SQL:135] - 
    select
        count(de1_0.delivery_id) 
    from
        delivery de1_0 
    where
        de1_0.status=?
[2025-12-18 15:48:56.307] [DEBUG] [delivery-service] [http-nio-8067-exec-6] [org.hibernate.SQL:135] - 
    select
        count(de1_0.delivery_id) 
    from
        delivery de1_0 
    where
        de1_0.status=?
[2025-12-18 15:48:56.309] [DEBUG] [delivery-service] [http-nio-8067-exec-6] [org.hibernate.SQL:135] - 
    select
        sum(de1_0.distance) 
    from
        delivery de1_0 
    where
        de1_0.status=2
[2025-12-18 15:48:56.311] [DEBUG] [delivery-service] [http-nio-8067-exec-6] [org.hibernate.SQL:135] - 
    select
        de1_0.delivery_id,
        de1_0.actual_start_time,
        de1_0.algorithm_used,
        de1_0.create_time,
        de1_0.created_by,
        de1_0.delivery_mode,
        de1_0.dispatch_group,
        de1_0.distance,
        de1_0.end_time,
        de1_0.end_warehouse_id,
        de1_0.estimated_duration,
        de1_0.leader_id,
        de1_0.optimal_route,
        de1_0.order_ids,
        de1_0.route_display_data,
        de1_0.route_strategy,
        de1_0.start_time,
        de1_0.status,
        de1_0.update_time,
        de1_0.warehouse_id,
        de1_0.waypoint_count,
        de1_0.waypoints_data 
    from
        delivery de1_0
[2025-12-18 15:48:58.100] [DEBUG] [delivery-service] [http-nio-8067-exec-9] [org.hibernate.SQL:135] - 
    select
        de1_0.delivery_id,
        de1_0.actual_start_time,
        de1_0.algorithm_used,
        de1_0.create_time,
        de1_0.created_by,
        de1_0.delivery_mode,
        de1_0.dispatch_group,
        de1_0.distance,
        de1_0.end_time,
        de1_0.end_warehouse_id,
        de1_0.estimated_duration,
        de1_0.leader_id,
        de1_0.optimal_route,
        de1_0.order_ids,
        de1_0.route_display_data,
        de1_0.route_strategy,
        de1_0.start_time,
        de1_0.status,
        de1_0.update_time,
        de1_0.warehouse_id,
        de1_0.waypoint_count,
        de1_0.waypoints_data 
    from
        delivery de1_0 
    where
        de1_0.delivery_id=?
[2025-12-18 15:48:58.117] [DEBUG] [delivery-service] [http-nio-8067-exec-9] [org.hibernate.SQL:135] - 
    update
        delivery 
    set
        actual_start_time=?,
        algorithm_used=?,
        created_by=?,
        delivery_mode=?,
        dispatch_group=?,
        distance=?,
        end_time=?,
        end_warehouse_id=?,
        estimated_duration=?,
        leader_id=?,
        optimal_route=?,
        order_ids=?,
        route_display_data=?,
        route_strategy=?,
        start_time=?,
        status=?,
        update_time=?,
        warehouse_id=?,
        waypoint_count=?,
        waypoints_data=? 
    where
        delivery_id=?
[2025-12-18 15:48:58.125] [DEBUG] [delivery-service] [http-nio-8067-exec-9] [com.bcu.edu.common.aspect.OperationLogAspect:113] - 操作日志已通过Feign记录: module=配送管理, operation=完成配送
[2025-12-18 15:48:58.139] [DEBUG] [delivery-service] [http-nio-8067-exec-3] [org.hibernate.SQL:135] - 
    select
        count(*) 
    from
        delivery de1_0
[2025-12-18 15:48:58.140] [DEBUG] [delivery-service] [http-nio-8067-exec-1] [org.hibernate.SQL:135] - 
    select
        de1_0.delivery_id,
        de1_0.actual_start_time,
        de1_0.algorithm_used,
        de1_0.create_time,
        de1_0.created_by,
        de1_0.delivery_mode,
        de1_0.dispatch_group,
        de1_0.distance,
        de1_0.end_time,
        de1_0.end_warehouse_id,
        de1_0.estimated_duration,
        de1_0.leader_id,
        de1_0.optimal_route,
        de1_0.order_ids,
        de1_0.route_display_data,
        de1_0.route_strategy,
        de1_0.start_time,
        de1_0.status,
        de1_0.update_time,
        de1_0.warehouse_id,
        de1_0.waypoint_count,
        de1_0.waypoints_data 
    from
        delivery de1_0 
    order by
        de1_0.create_time desc 
    limit
        ?, ?
[2025-12-18 15:48:58.142] [DEBUG] [delivery-service] [http-nio-8067-exec-3] [org.hibernate.SQL:135] - 
    select
        count(de1_0.delivery_id) 
    from
        delivery de1_0 
    where
        de1_0.status=?
[2025-12-18 15:48:58.143] [DEBUG] [delivery-service] [http-nio-8067-exec-3] [org.hibernate.SQL:135] - 
    select
        count(de1_0.delivery_id) 
    from
        delivery de1_0 
    where
        de1_0.status=?
[2025-12-18 15:48:58.145] [DEBUG] [delivery-service] [http-nio-8067-exec-3] [org.hibernate.SQL:135] - 
    select
        count(de1_0.delivery_id) 
    from
        delivery de1_0 
    where
        de1_0.status=?
[2025-12-18 15:48:58.146] [DEBUG] [delivery-service] [http-nio-8067-exec-3] [org.hibernate.SQL:135] - 
    select
        sum(de1_0.distance) 
    from
        delivery de1_0 
    where
        de1_0.status=2
[2025-12-18 15:48:58.149] [DEBUG] [delivery-service] [http-nio-8067-exec-3] [org.hibernate.SQL:135] - 
    select
        de1_0.delivery_id,
        de1_0.actual_start_time,
        de1_0.algorithm_used,
        de1_0.create_time,
        de1_0.created_by,
        de1_0.delivery_mode,
        de1_0.dispatch_group,
        de1_0.distance,
        de1_0.end_time,
        de1_0.end_warehouse_id,
        de1_0.estimated_duration,
        de1_0.leader_id,
        de1_0.optimal_route,
        de1_0.order_ids,
        de1_0.route_display_data,
        de1_0.route_strategy,
        de1_0.start_time,
        de1_0.status,
        de1_0.update_time,
        de1_0.warehouse_id,
        de1_0.waypoint_count,
        de1_0.waypoints_data 
    from
        delivery de1_0
[2025-12-18 15:49:45.416] [DEBUG] [delivery-service] [http-nio-8067-exec-10] [org.hibernate.SQL:135] - 
    select
        wc1_0.id,
        wc1_0.address,
        wc1_0.contact_person,
        wc1_0.contact_phone,
        wc1_0.create_time,
        wc1_0.description,
        wc1_0.is_default,
        wc1_0.latitude,
        wc1_0.longitude,
        wc1_0.status,
        wc1_0.update_time,
        wc1_0.warehouse_name 
    from
        warehouse_config wc1_0 
    where
        wc1_0.status=?
[2025-12-18 15:49:46.053] [DEBUG] [delivery-service] [http-nio-8067-exec-6] [org.hibernate.SQL:135] - 
    select
        count(*) 
    from
        delivery de1_0
[2025-12-18 15:49:46.054] [DEBUG] [delivery-service] [http-nio-8067-exec-9] [org.hibernate.SQL:135] - 
    select
        de1_0.delivery_id,
        de1_0.actual_start_time,
        de1_0.algorithm_used,
        de1_0.create_time,
        de1_0.created_by,
        de1_0.delivery_mode,
        de1_0.dispatch_group,
        de1_0.distance,
        de1_0.end_time,
        de1_0.end_warehouse_id,
        de1_0.estimated_duration,
        de1_0.leader_id,
        de1_0.optimal_route,
        de1_0.order_ids,
        de1_0.route_display_data,
        de1_0.route_strategy,
        de1_0.start_time,
        de1_0.status,
        de1_0.update_time,
        de1_0.warehouse_id,
        de1_0.waypoint_count,
        de1_0.waypoints_data 
    from
        delivery de1_0 
    order by
        de1_0.create_time desc 
    limit
        ?, ?
[2025-12-18 15:49:46.056] [DEBUG] [delivery-service] [http-nio-8067-exec-6] [org.hibernate.SQL:135] - 
    select
        count(de1_0.delivery_id) 
    from
        delivery de1_0 
    where
        de1_0.status=?
[2025-12-18 15:49:46.057] [DEBUG] [delivery-service] [http-nio-8067-exec-6] [org.hibernate.SQL:135] - 
    select
        count(de1_0.delivery_id) 
    from
        delivery de1_0 
    where
        de1_0.status=?
[2025-12-18 15:49:46.059] [DEBUG] [delivery-service] [http-nio-8067-exec-6] [org.hibernate.SQL:135] - 
    select
        count(de1_0.delivery_id) 
    from
        delivery de1_0 
    where
        de1_0.status=?
[2025-12-18 15:49:46.061] [DEBUG] [delivery-service] [http-nio-8067-exec-6] [org.hibernate.SQL:135] - 
    select
        sum(de1_0.distance) 
    from
        delivery de1_0 
    where
        de1_0.status=2
[2025-12-18 15:49:46.063] [DEBUG] [delivery-service] [http-nio-8067-exec-6] [org.hibernate.SQL:135] - 
    select
        de1_0.delivery_id,
        de1_0.actual_start_time,
        de1_0.algorithm_used,
        de1_0.create_time,
        de1_0.created_by,
        de1_0.delivery_mode,
        de1_0.dispatch_group,
        de1_0.distance,
        de1_0.end_time,
        de1_0.end_warehouse_id,
        de1_0.estimated_duration,
        de1_0.leader_id,
        de1_0.optimal_route,
        de1_0.order_ids,
        de1_0.route_display_data,
        de1_0.route_strategy,
        de1_0.start_time,
        de1_0.status,
        de1_0.update_time,
        de1_0.warehouse_id,
        de1_0.waypoint_count,
        de1_0.waypoints_data 
    from
        delivery de1_0
[2025-12-18 15:50:05.882] [DEBUG] [delivery-service] [http-nio-8067-exec-2] [org.hibernate.SQL:135] - 
    select
        de1_0.delivery_id,
        de1_0.actual_start_time,
        de1_0.algorithm_used,
        de1_0.create_time,
        de1_0.created_by,
        de1_0.delivery_mode,
        de1_0.dispatch_group,
        de1_0.distance,
        de1_0.end_time,
        de1_0.end_warehouse_id,
        de1_0.estimated_duration,
        de1_0.leader_id,
        de1_0.optimal_route,
        de1_0.order_ids,
        de1_0.route_display_data,
        de1_0.route_strategy,
        de1_0.start_time,
        de1_0.status,
        de1_0.update_time,
        de1_0.warehouse_id,
        de1_0.waypoint_count,
        de1_0.waypoints_data 
    from
        delivery de1_0 
    where
        de1_0.delivery_id=?
[2025-12-18 15:50:05.919] [DEBUG] [delivery-service] [http-nio-8067-exec-2] [org.hibernate.SQL:135] - 
    select
        wc1_0.id,
        wc1_0.address,
        wc1_0.contact_person,
        wc1_0.contact_phone,
        wc1_0.create_time,
        wc1_0.description,
        wc1_0.is_default,
        wc1_0.latitude,
        wc1_0.longitude,
        wc1_0.status,
        wc1_0.update_time,
        wc1_0.warehouse_name 
    from
        warehouse_config wc1_0 
    where
        wc1_0.id=?
[2025-12-18 15:50:48.204] [DEBUG] [delivery-service] [http-nio-8067-exec-9] [org.hibernate.SQL:135] - 
    select
        de1_0.delivery_id,
        de1_0.actual_start_time,
        de1_0.algorithm_used,
        de1_0.create_time,
        de1_0.created_by,
        de1_0.delivery_mode,
        de1_0.dispatch_group,
        de1_0.distance,
        de1_0.end_time,
        de1_0.end_warehouse_id,
        de1_0.estimated_duration,
        de1_0.leader_id,
        de1_0.optimal_route,
        de1_0.order_ids,
        de1_0.route_display_data,
        de1_0.route_strategy,
        de1_0.start_time,
        de1_0.status,
        de1_0.update_time,
        de1_0.warehouse_id,
        de1_0.waypoint_count,
        de1_0.waypoints_data 
    from
        delivery de1_0 
    where
        de1_0.delivery_id=?
[2025-12-18 15:50:48.228] [DEBUG] [delivery-service] [http-nio-8067-exec-9] [org.hibernate.SQL:135] - 
    select
        wc1_0.id,
        wc1_0.address,
        wc1_0.contact_person,
        wc1_0.contact_phone,
        wc1_0.create_time,
        wc1_0.description,
        wc1_0.is_default,
        wc1_0.latitude,
        wc1_0.longitude,
        wc1_0.status,
        wc1_0.update_time,
        wc1_0.warehouse_name 
    from
        warehouse_config wc1_0 
    where
        wc1_0.id=?
[2025-12-18 16:24:51.178] [DEBUG] [delivery-service] [http-nio-8067-exec-7] [org.hibernate.SQL:135] - 
    select
        wc1_0.id,
        wc1_0.address,
        wc1_0.contact_person,
        wc1_0.contact_phone,
        wc1_0.create_time,
        wc1_0.description,
        wc1_0.is_default,
        wc1_0.latitude,
        wc1_0.longitude,
        wc1_0.status,
        wc1_0.update_time,
        wc1_0.warehouse_name 
    from
        warehouse_config wc1_0 
    where
        wc1_0.status=?
[2025-12-18 16:24:52.976] [DEBUG] [delivery-service] [http-nio-8067-exec-5] [org.hibernate.SQL:135] - 
    select
        count(*) 
    from
        delivery de1_0
[2025-12-18 16:24:52.977] [DEBUG] [delivery-service] [http-nio-8067-exec-8] [org.hibernate.SQL:135] - 
    select
        de1_0.delivery_id,
        de1_0.actual_start_time,
        de1_0.algorithm_used,
        de1_0.create_time,
        de1_0.created_by,
        de1_0.delivery_mode,
        de1_0.dispatch_group,
        de1_0.distance,
        de1_0.end_time,
        de1_0.end_warehouse_id,
        de1_0.estimated_duration,
        de1_0.leader_id,
        de1_0.optimal_route,
        de1_0.order_ids,
        de1_0.route_display_data,
        de1_0.route_strategy,
        de1_0.start_time,
        de1_0.status,
        de1_0.update_time,
        de1_0.warehouse_id,
        de1_0.waypoint_count,
        de1_0.waypoints_data 
    from
        delivery de1_0 
    order by
        de1_0.create_time desc 
    limit
        ?, ?
[2025-12-18 16:24:52.979] [DEBUG] [delivery-service] [http-nio-8067-exec-5] [org.hibernate.SQL:135] - 
    select
        count(de1_0.delivery_id) 
    from
        delivery de1_0 
    where
        de1_0.status=?
[2025-12-18 16:24:52.981] [DEBUG] [delivery-service] [http-nio-8067-exec-5] [org.hibernate.SQL:135] - 
    select
        count(de1_0.delivery_id) 
    from
        delivery de1_0 
    where
        de1_0.status=?
[2025-12-18 16:24:52.984] [DEBUG] [delivery-service] [http-nio-8067-exec-5] [org.hibernate.SQL:135] - 
    select
        count(de1_0.delivery_id) 
    from
        delivery de1_0 
    where
        de1_0.status=?
[2025-12-18 16:24:52.986] [DEBUG] [delivery-service] [http-nio-8067-exec-5] [org.hibernate.SQL:135] - 
    select
        sum(de1_0.distance) 
    from
        delivery de1_0 
    where
        de1_0.status=2
[2025-12-18 16:24:52.988] [DEBUG] [delivery-service] [http-nio-8067-exec-5] [org.hibernate.SQL:135] - 
    select
        de1_0.delivery_id,
        de1_0.actual_start_time,
        de1_0.algorithm_used,
        de1_0.create_time,
        de1_0.created_by,
        de1_0.delivery_mode,
        de1_0.dispatch_group,
        de1_0.distance,
        de1_0.end_time,
        de1_0.end_warehouse_id,
        de1_0.estimated_duration,
        de1_0.leader_id,
        de1_0.optimal_route,
        de1_0.order_ids,
        de1_0.route_display_data,
        de1_0.route_strategy,
        de1_0.start_time,
        de1_0.status,
        de1_0.update_time,
        de1_0.warehouse_id,
        de1_0.waypoint_count,
        de1_0.waypoints_data 
    from
        delivery de1_0
[2025-12-18 16:24:53.574] [DEBUG] [delivery-service] [http-nio-8067-exec-10] [org.hibernate.SQL:135] - 
    select
        wc1_0.id,
        wc1_0.address,
        wc1_0.contact_person,
        wc1_0.contact_phone,
        wc1_0.create_time,
        wc1_0.description,
        wc1_0.is_default,
        wc1_0.latitude,
        wc1_0.longitude,
        wc1_0.status,
        wc1_0.update_time,
        wc1_0.warehouse_name 
    from
        warehouse_config wc1_0
[2025-12-18 17:09:34.961] [DEBUG] [delivery-service] [http-nio-8067-exec-9] [org.hibernate.SQL:135] - 
    select
        wc1_0.id,
        wc1_0.address,
        wc1_0.contact_person,
        wc1_0.contact_phone,
        wc1_0.create_time,
        wc1_0.description,
        wc1_0.is_default,
        wc1_0.latitude,
        wc1_0.longitude,
        wc1_0.status,
        wc1_0.update_time,
        wc1_0.warehouse_name 
    from
        warehouse_config wc1_0 
    where
        wc1_0.status=?
[2025-12-18 17:09:53.542] [DEBUG] [delivery-service] [http-nio-8067-exec-3] [org.hibernate.SQL:135] - 
    select
        wc1_0.id,
        wc1_0.address,
        wc1_0.contact_person,
        wc1_0.contact_phone,
        wc1_0.create_time,
        wc1_0.description,
        wc1_0.is_default,
        wc1_0.latitude,
        wc1_0.longitude,
        wc1_0.status,
        wc1_0.update_time,
        wc1_0.warehouse_name 
    from
        warehouse_config wc1_0 
    where
        wc1_0.id=?
[2025-12-18 17:09:53.594] [DEBUG] [delivery-service] [http-nio-8067-exec-3] [com.bcu.edu.algorithm.DijkstraAlgorithm:140] - 距离矩阵构建完成，矩阵大小=4x4
[2025-12-18 17:09:53.594] [DEBUG] [delivery-service] [http-nio-8067-exec-3] [com.bcu.edu.algorithm.DijkstraAlgorithm:249] - TSP求解完成，路径序列=[0, 2, 1, 3]
[2025-12-18 17:09:53.606] [DEBUG] [delivery-service] [http-nio-8067-exec-3] [org.hibernate.SQL:135] - 
    insert 
    into
        delivery
        (actual_start_time, algorithm_used, create_time, created_by, delivery_mode, dispatch_group, distance, end_time, end_warehouse_id, estimated_duration, leader_id, optimal_route, order_ids, route_display_data, route_strategy, start_time, status, update_time, warehouse_id, waypoint_count, waypoints_data) 
    values
        (?, ?, ?, ?, ?, ?, ?, ?, ?, ?, ?, ?, ?, ?, ?, ?, ?, ?, ?, ?, ?)
[2025-12-18 17:09:53.643] [DEBUG] [delivery-service] [http-nio-8067-exec-3] [com.bcu.edu.common.aspect.OperationLogAspect:113] - 操作日志已通过Feign记录: module=配送管理, operation=批量发货
[2025-12-18 17:10:01.666] [DEBUG] [delivery-service] [http-nio-8067-exec-8] [org.hibernate.SQL:135] - 
    select
        count(*) 
    from
        delivery de1_0
[2025-12-18 17:10:01.666] [DEBUG] [delivery-service] [http-nio-8067-exec-4] [org.hibernate.SQL:135] - 
    select
        de1_0.delivery_id,
        de1_0.actual_start_time,
        de1_0.algorithm_used,
        de1_0.create_time,
        de1_0.created_by,
        de1_0.delivery_mode,
        de1_0.dispatch_group,
        de1_0.distance,
        de1_0.end_time,
        de1_0.end_warehouse_id,
        de1_0.estimated_duration,
        de1_0.leader_id,
        de1_0.optimal_route,
        de1_0.order_ids,
        de1_0.route_display_data,
        de1_0.route_strategy,
        de1_0.start_time,
        de1_0.status,
        de1_0.update_time,
        de1_0.warehouse_id,
        de1_0.waypoint_count,
        de1_0.waypoints_data 
    from
        delivery de1_0 
    order by
        de1_0.create_time desc 
    limit
        ?, ?
[2025-12-18 17:10:01.669] [DEBUG] [delivery-service] [http-nio-8067-exec-8] [org.hibernate.SQL:135] - 
    select
        count(de1_0.delivery_id) 
    from
        delivery de1_0 
    where
        de1_0.status=?
[2025-12-18 17:10:01.670] [DEBUG] [delivery-service] [http-nio-8067-exec-8] [org.hibernate.SQL:135] - 
    select
        count(de1_0.delivery_id) 
    from
        delivery de1_0 
    where
        de1_0.status=?
[2025-12-18 17:10:01.673] [DEBUG] [delivery-service] [http-nio-8067-exec-8] [org.hibernate.SQL:135] - 
    select
        count(de1_0.delivery_id) 
    from
        delivery de1_0 
    where
        de1_0.status=?
[2025-12-18 17:10:01.674] [DEBUG] [delivery-service] [http-nio-8067-exec-8] [org.hibernate.SQL:135] - 
    select
        sum(de1_0.distance) 
    from
        delivery de1_0 
    where
        de1_0.status=2
[2025-12-18 17:10:01.677] [DEBUG] [delivery-service] [http-nio-8067-exec-8] [org.hibernate.SQL:135] - 
    select
        de1_0.delivery_id,
        de1_0.actual_start_time,
        de1_0.algorithm_used,
        de1_0.create_time,
        de1_0.created_by,
        de1_0.delivery_mode,
        de1_0.dispatch_group,
        de1_0.distance,
        de1_0.end_time,
        de1_0.end_warehouse_id,
        de1_0.estimated_duration,
        de1_0.leader_id,
        de1_0.optimal_route,
        de1_0.order_ids,
        de1_0.route_display_data,
        de1_0.route_strategy,
        de1_0.start_time,
        de1_0.status,
        de1_0.update_time,
        de1_0.warehouse_id,
        de1_0.waypoint_count,
        de1_0.waypoints_data 
    from
        delivery de1_0
[2025-12-18 17:10:03.691] [DEBUG] [delivery-service] [http-nio-8067-exec-7] [org.hibernate.SQL:135] - 
    select
        de1_0.delivery_id,
        de1_0.actual_start_time,
        de1_0.algorithm_used,
        de1_0.create_time,
        de1_0.created_by,
        de1_0.delivery_mode,
        de1_0.dispatch_group,
        de1_0.distance,
        de1_0.end_time,
        de1_0.end_warehouse_id,
        de1_0.estimated_duration,
        de1_0.leader_id,
        de1_0.optimal_route,
        de1_0.order_ids,
        de1_0.route_display_data,
        de1_0.route_strategy,
        de1_0.start_time,
        de1_0.status,
        de1_0.update_time,
        de1_0.warehouse_id,
        de1_0.waypoint_count,
        de1_0.waypoints_data 
    from
        delivery de1_0 
    where
        de1_0.delivery_id=?
[2025-12-18 17:10:03.704] [DEBUG] [delivery-service] [http-nio-8067-exec-7] [org.hibernate.SQL:135] - 
    select
        wc1_0.id,
        wc1_0.address,
        wc1_0.contact_person,
        wc1_0.contact_phone,
        wc1_0.create_time,
        wc1_0.description,
        wc1_0.is_default,
        wc1_0.latitude,
        wc1_0.longitude,
        wc1_0.status,
        wc1_0.update_time,
        wc1_0.warehouse_name 
    from
        warehouse_config wc1_0 
    where
        wc1_0.id=?
[2025-12-18 17:10:17.862] [DEBUG] [delivery-service] [http-nio-8067-exec-10] [org.hibernate.SQL:135] - 
    select
        de1_0.delivery_id,
        de1_0.actual_start_time,
        de1_0.algorithm_used,
        de1_0.create_time,
        de1_0.created_by,
        de1_0.delivery_mode,
        de1_0.dispatch_group,
        de1_0.distance,
        de1_0.end_time,
        de1_0.end_warehouse_id,
        de1_0.estimated_duration,
        de1_0.leader_id,
        de1_0.optimal_route,
        de1_0.order_ids,
        de1_0.route_display_data,
        de1_0.route_strategy,
        de1_0.start_time,
        de1_0.status,
        de1_0.update_time,
        de1_0.warehouse_id,
        de1_0.waypoint_count,
        de1_0.waypoints_data 
    from
        delivery de1_0 
    where
        de1_0.delivery_id=?
[2025-12-18 17:10:17.875] [DEBUG] [delivery-service] [http-nio-8067-exec-10] [org.hibernate.SQL:135] - 
    update
        delivery 
    set
        actual_start_time=?,
        algorithm_used=?,
        created_by=?,
        delivery_mode=?,
        dispatch_group=?,
        distance=?,
        end_time=?,
        end_warehouse_id=?,
        estimated_duration=?,
        leader_id=?,
        optimal_route=?,
        order_ids=?,
        route_display_data=?,
        route_strategy=?,
        start_time=?,
        status=?,
        update_time=?,
        warehouse_id=?,
        waypoint_count=?,
        waypoints_data=? 
    where
        delivery_id=?
[2025-12-18 17:10:17.883] [DEBUG] [delivery-service] [http-nio-8067-exec-10] [com.bcu.edu.common.aspect.OperationLogAspect:113] - 操作日志已通过Feign记录: module=配送管理, operation=完成配送
[2025-12-18 17:10:17.894] [DEBUG] [delivery-service] [http-nio-8067-exec-6] [org.hibernate.SQL:135] - 
    select
        count(*) 
    from
        delivery de1_0
[2025-12-18 17:10:17.895] [DEBUG] [delivery-service] [http-nio-8067-exec-9] [org.hibernate.SQL:135] - 
    select
        de1_0.delivery_id,
        de1_0.actual_start_time,
        de1_0.algorithm_used,
        de1_0.create_time,
        de1_0.created_by,
        de1_0.delivery_mode,
        de1_0.dispatch_group,
        de1_0.distance,
        de1_0.end_time,
        de1_0.end_warehouse_id,
        de1_0.estimated_duration,
        de1_0.leader_id,
        de1_0.optimal_route,
        de1_0.order_ids,
        de1_0.route_display_data,
        de1_0.route_strategy,
        de1_0.start_time,
        de1_0.status,
        de1_0.update_time,
        de1_0.warehouse_id,
        de1_0.waypoint_count,
        de1_0.waypoints_data 
    from
        delivery de1_0 
    order by
        de1_0.create_time desc 
    limit
        ?, ?
[2025-12-18 17:10:17.897] [DEBUG] [delivery-service] [http-nio-8067-exec-6] [org.hibernate.SQL:135] - 
    select
        count(de1_0.delivery_id) 
    from
        delivery de1_0 
    where
        de1_0.status=?
[2025-12-18 17:10:17.897] [DEBUG] [delivery-service] [http-nio-8067-exec-6] [org.hibernate.SQL:135] - 
    select
        count(de1_0.delivery_id) 
    from
        delivery de1_0 
    where
        de1_0.status=?
[2025-12-18 17:10:17.900] [DEBUG] [delivery-service] [http-nio-8067-exec-6] [org.hibernate.SQL:135] - 
    select
        count(de1_0.delivery_id) 
    from
        delivery de1_0 
    where
        de1_0.status=?
[2025-12-18 17:10:17.901] [DEBUG] [delivery-service] [http-nio-8067-exec-6] [org.hibernate.SQL:135] - 
    select
        sum(de1_0.distance) 
    from
        delivery de1_0 
    where
        de1_0.status=2
[2025-12-18 17:10:17.902] [DEBUG] [delivery-service] [http-nio-8067-exec-6] [org.hibernate.SQL:135] - 
    select
        de1_0.delivery_id,
        de1_0.actual_start_time,
        de1_0.algorithm_used,
        de1_0.create_time,
        de1_0.created_by,
        de1_0.delivery_mode,
        de1_0.dispatch_group,
        de1_0.distance,
        de1_0.end_time,
        de1_0.end_warehouse_id,
        de1_0.estimated_duration,
        de1_0.leader_id,
        de1_0.optimal_route,
        de1_0.order_ids,
        de1_0.route_display_data,
        de1_0.route_strategy,
        de1_0.start_time,
        de1_0.status,
        de1_0.update_time,
        de1_0.warehouse_id,
        de1_0.waypoint_count,
        de1_0.waypoints_data 
    from
        delivery de1_0
[2025-12-18 17:39:07.510] [DEBUG] [delivery-service] [http-nio-8067-exec-7] [org.hibernate.SQL:135] - 
    select
        wc1_0.id,
        wc1_0.address,
        wc1_0.contact_person,
        wc1_0.contact_phone,
        wc1_0.create_time,
        wc1_0.description,
        wc1_0.is_default,
        wc1_0.latitude,
        wc1_0.longitude,
        wc1_0.status,
        wc1_0.update_time,
        wc1_0.warehouse_name 
    from
        warehouse_config wc1_0 
    where
        wc1_0.status=?
[2025-12-18 17:39:19.940] [DEBUG] [delivery-service] [http-nio-8067-exec-10] [org.hibernate.SQL:135] - 
    select
        wc1_0.id,
        wc1_0.address,
        wc1_0.contact_person,
        wc1_0.contact_phone,
        wc1_0.create_time,
        wc1_0.description,
        wc1_0.is_default,
        wc1_0.latitude,
        wc1_0.longitude,
        wc1_0.status,
        wc1_0.update_time,
        wc1_0.warehouse_name 
    from
        warehouse_config wc1_0 
    where
        wc1_0.id=?
[2025-12-18 17:39:19.949] [DEBUG] [delivery-service] [http-nio-8067-exec-10] [com.bcu.edu.algorithm.DijkstraAlgorithm:140] - 距离矩阵构建完成，矩阵大小=4x4
[2025-12-18 17:39:19.949] [DEBUG] [delivery-service] [http-nio-8067-exec-10] [com.bcu.edu.algorithm.DijkstraAlgorithm:249] - TSP求解完成，路径序列=[0, 2, 1, 3]
[2025-12-18 17:39:19.951] [DEBUG] [delivery-service] [http-nio-8067-exec-10] [org.hibernate.SQL:135] - 
    insert 
    into
        delivery
        (actual_start_time, algorithm_used, create_time, created_by, delivery_mode, dispatch_group, distance, end_time, end_warehouse_id, estimated_duration, leader_id, optimal_route, order_ids, route_display_data, route_strategy, start_time, status, update_time, warehouse_id, waypoint_count, waypoints_data) 
    values
        (?, ?, ?, ?, ?, ?, ?, ?, ?, ?, ?, ?, ?, ?, ?, ?, ?, ?, ?, ?, ?)
[2025-12-18 17:39:19.981] [DEBUG] [delivery-service] [http-nio-8067-exec-10] [com.bcu.edu.common.aspect.OperationLogAspect:113] - 操作日志已通过Feign记录: module=配送管理, operation=批量发货
[2025-12-18 17:39:23.667] [DEBUG] [delivery-service] [http-nio-8067-exec-6] [org.hibernate.SQL:135] - 
    select
        de1_0.delivery_id,
        de1_0.actual_start_time,
        de1_0.algorithm_used,
        de1_0.create_time,
        de1_0.created_by,
        de1_0.delivery_mode,
        de1_0.dispatch_group,
        de1_0.distance,
        de1_0.end_time,
        de1_0.end_warehouse_id,
        de1_0.estimated_duration,
        de1_0.leader_id,
        de1_0.optimal_route,
        de1_0.order_ids,
        de1_0.route_display_data,
        de1_0.route_strategy,
        de1_0.start_time,
        de1_0.status,
        de1_0.update_time,
        de1_0.warehouse_id,
        de1_0.waypoint_count,
        de1_0.waypoints_data 
    from
        delivery de1_0 
    order by
        de1_0.create_time desc 
    limit
        ?, ?
[2025-12-18 17:39:23.667] [DEBUG] [delivery-service] [http-nio-8067-exec-1] [org.hibernate.SQL:135] - 
    select
        count(*) 
    from
        delivery de1_0
[2025-12-18 17:39:23.669] [DEBUG] [delivery-service] [http-nio-8067-exec-1] [org.hibernate.SQL:135] - 
    select
        count(de1_0.delivery_id) 
    from
        delivery de1_0 
    where
        de1_0.status=?
[2025-12-18 17:39:23.671] [DEBUG] [delivery-service] [http-nio-8067-exec-1] [org.hibernate.SQL:135] - 
    select
        count(de1_0.delivery_id) 
    from
        delivery de1_0 
    where
        de1_0.status=?
[2025-12-18 17:39:23.675] [DEBUG] [delivery-service] [http-nio-8067-exec-1] [org.hibernate.SQL:135] - 
    select
        count(de1_0.delivery_id) 
    from
        delivery de1_0 
    where
        de1_0.status=?
[2025-12-18 17:39:23.677] [DEBUG] [delivery-service] [http-nio-8067-exec-1] [org.hibernate.SQL:135] - 
    select
        sum(de1_0.distance) 
    from
        delivery de1_0 
    where
        de1_0.status=2
[2025-12-18 17:39:23.679] [DEBUG] [delivery-service] [http-nio-8067-exec-1] [org.hibernate.SQL:135] - 
    select
        de1_0.delivery_id,
        de1_0.actual_start_time,
        de1_0.algorithm_used,
        de1_0.create_time,
        de1_0.created_by,
        de1_0.delivery_mode,
        de1_0.dispatch_group,
        de1_0.distance,
        de1_0.end_time,
        de1_0.end_warehouse_id,
        de1_0.estimated_duration,
        de1_0.leader_id,
        de1_0.optimal_route,
        de1_0.order_ids,
        de1_0.route_display_data,
        de1_0.route_strategy,
        de1_0.start_time,
        de1_0.status,
        de1_0.update_time,
        de1_0.warehouse_id,
        de1_0.waypoint_count,
        de1_0.waypoints_data 
    from
        delivery de1_0
[2025-12-18 17:39:26.113] [DEBUG] [delivery-service] [http-nio-8067-exec-3] [org.hibernate.SQL:135] - 
    select
        de1_0.delivery_id,
        de1_0.actual_start_time,
        de1_0.algorithm_used,
        de1_0.create_time,
        de1_0.created_by,
        de1_0.delivery_mode,
        de1_0.dispatch_group,
        de1_0.distance,
        de1_0.end_time,
        de1_0.end_warehouse_id,
        de1_0.estimated_duration,
        de1_0.leader_id,
        de1_0.optimal_route,
        de1_0.order_ids,
        de1_0.route_display_data,
        de1_0.route_strategy,
        de1_0.start_time,
        de1_0.status,
        de1_0.update_time,
        de1_0.warehouse_id,
        de1_0.waypoint_count,
        de1_0.waypoints_data 
    from
        delivery de1_0 
    where
        de1_0.delivery_id=?
[2025-12-18 17:39:26.192] [DEBUG] [delivery-service] [http-nio-8067-exec-3] [org.hibernate.SQL:135] - 
    update
        delivery 
    set
        actual_start_time=?,
        algorithm_used=?,
        created_by=?,
        delivery_mode=?,
        dispatch_group=?,
        distance=?,
        end_time=?,
        end_warehouse_id=?,
        estimated_duration=?,
        leader_id=?,
        optimal_route=?,
        order_ids=?,
        route_display_data=?,
        route_strategy=?,
        start_time=?,
        status=?,
        update_time=?,
        warehouse_id=?,
        waypoint_count=?,
        waypoints_data=? 
    where
        delivery_id=?
[2025-12-18 17:39:26.200] [DEBUG] [delivery-service] [http-nio-8067-exec-3] [com.bcu.edu.common.aspect.OperationLogAspect:113] - 操作日志已通过Feign记录: module=配送管理, operation=完成配送
[2025-12-18 17:39:26.210] [DEBUG] [delivery-service] [http-nio-8067-exec-4] [org.hibernate.SQL:135] - 
    select
        count(*) 
    from
        delivery de1_0
[2025-12-18 17:39:26.211] [DEBUG] [delivery-service] [http-nio-8067-exec-2] [org.hibernate.SQL:135] - 
    select
        de1_0.delivery_id,
        de1_0.actual_start_time,
        de1_0.algorithm_used,
        de1_0.create_time,
        de1_0.created_by,
        de1_0.delivery_mode,
        de1_0.dispatch_group,
        de1_0.distance,
        de1_0.end_time,
        de1_0.end_warehouse_id,
        de1_0.estimated_duration,
        de1_0.leader_id,
        de1_0.optimal_route,
        de1_0.order_ids,
        de1_0.route_display_data,
        de1_0.route_strategy,
        de1_0.start_time,
        de1_0.status,
        de1_0.update_time,
        de1_0.warehouse_id,
        de1_0.waypoint_count,
        de1_0.waypoints_data 
    from
        delivery de1_0 
    order by
        de1_0.create_time desc 
    limit
        ?, ?
[2025-12-18 17:39:26.212] [DEBUG] [delivery-service] [http-nio-8067-exec-4] [org.hibernate.SQL:135] - 
    select
        count(de1_0.delivery_id) 
    from
        delivery de1_0 
    where
        de1_0.status=?
[2025-12-18 17:39:26.214] [DEBUG] [delivery-service] [http-nio-8067-exec-4] [org.hibernate.SQL:135] - 
    select
        count(de1_0.delivery_id) 
    from
        delivery de1_0 
    where
        de1_0.status=?
[2025-12-18 17:39:26.215] [DEBUG] [delivery-service] [http-nio-8067-exec-4] [org.hibernate.SQL:135] - 
    select
        count(de1_0.delivery_id) 
    from
        delivery de1_0 
    where
        de1_0.status=?
[2025-12-18 17:39:26.216] [DEBUG] [delivery-service] [http-nio-8067-exec-4] [org.hibernate.SQL:135] - 
    select
        sum(de1_0.distance) 
    from
        delivery de1_0 
    where
        de1_0.status=2
[2025-12-18 17:39:26.218] [DEBUG] [delivery-service] [http-nio-8067-exec-4] [org.hibernate.SQL:135] - 
    select
        de1_0.delivery_id,
        de1_0.actual_start_time,
        de1_0.algorithm_used,
        de1_0.create_time,
        de1_0.created_by,
        de1_0.delivery_mode,
        de1_0.dispatch_group,
        de1_0.distance,
        de1_0.end_time,
        de1_0.end_warehouse_id,
        de1_0.estimated_duration,
        de1_0.leader_id,
        de1_0.optimal_route,
        de1_0.order_ids,
        de1_0.route_display_data,
        de1_0.route_strategy,
        de1_0.start_time,
        de1_0.status,
        de1_0.update_time,
        de1_0.warehouse_id,
        de1_0.waypoint_count,
        de1_0.waypoints_data 
    from
        delivery de1_0
[2025-12-18 17:43:20.208] [DEBUG] [delivery-service] [http-nio-8067-exec-6] [org.hibernate.SQL:135] - 
    select
        wc1_0.id,
        wc1_0.address,
        wc1_0.contact_person,
        wc1_0.contact_phone,
        wc1_0.create_time,
        wc1_0.description,
        wc1_0.is_default,
        wc1_0.latitude,
        wc1_0.longitude,
        wc1_0.status,
        wc1_0.update_time,
        wc1_0.warehouse_name 
    from
        warehouse_config wc1_0 
    where
        wc1_0.status=?
[2025-12-18 17:43:22.168] [DEBUG] [delivery-service] [http-nio-8067-exec-3] [org.hibernate.SQL:135] - 
    select
        count(*) 
    from
        delivery de1_0
[2025-12-18 17:43:22.168] [DEBUG] [delivery-service] [http-nio-8067-exec-1] [org.hibernate.SQL:135] - 
    select
        de1_0.delivery_id,
        de1_0.actual_start_time,
        de1_0.algorithm_used,
        de1_0.create_time,
        de1_0.created_by,
        de1_0.delivery_mode,
        de1_0.dispatch_group,
        de1_0.distance,
        de1_0.end_time,
        de1_0.end_warehouse_id,
        de1_0.estimated_duration,
        de1_0.leader_id,
        de1_0.optimal_route,
        de1_0.order_ids,
        de1_0.route_display_data,
        de1_0.route_strategy,
        de1_0.start_time,
        de1_0.status,
        de1_0.update_time,
        de1_0.warehouse_id,
        de1_0.waypoint_count,
        de1_0.waypoints_data 
    from
        delivery de1_0 
    order by
        de1_0.create_time desc 
    limit
        ?, ?
[2025-12-18 17:43:22.169] [DEBUG] [delivery-service] [http-nio-8067-exec-3] [org.hibernate.SQL:135] - 
    select
        count(de1_0.delivery_id) 
    from
        delivery de1_0 
    where
        de1_0.status=?
[2025-12-18 17:43:22.172] [DEBUG] [delivery-service] [http-nio-8067-exec-3] [org.hibernate.SQL:135] - 
    select
        count(de1_0.delivery_id) 
    from
        delivery de1_0 
    where
        de1_0.status=?
[2025-12-18 17:43:22.173] [DEBUG] [delivery-service] [http-nio-8067-exec-3] [org.hibernate.SQL:135] - 
    select
        count(de1_0.delivery_id) 
    from
        delivery de1_0 
    where
        de1_0.status=?
[2025-12-18 17:43:22.174] [DEBUG] [delivery-service] [http-nio-8067-exec-3] [org.hibernate.SQL:135] - 
    select
        sum(de1_0.distance) 
    from
        delivery de1_0 
    where
        de1_0.status=2
[2025-12-18 17:43:22.176] [DEBUG] [delivery-service] [http-nio-8067-exec-3] [org.hibernate.SQL:135] - 
    select
        de1_0.delivery_id,
        de1_0.actual_start_time,
        de1_0.algorithm_used,
        de1_0.create_time,
        de1_0.created_by,
        de1_0.delivery_mode,
        de1_0.dispatch_group,
        de1_0.distance,
        de1_0.end_time,
        de1_0.end_warehouse_id,
        de1_0.estimated_duration,
        de1_0.leader_id,
        de1_0.optimal_route,
        de1_0.order_ids,
        de1_0.route_display_data,
        de1_0.route_strategy,
        de1_0.start_time,
        de1_0.status,
        de1_0.update_time,
        de1_0.warehouse_id,
        de1_0.waypoint_count,
        de1_0.waypoints_data 
    from
        delivery de1_0
[2025-12-18 19:12:16.349] [DEBUG] [delivery-service] [http-nio-8067-exec-9] [org.hibernate.SQL:135] - 
    select
        count(*) 
    from
        delivery de1_0
[2025-12-18 19:12:16.350] [DEBUG] [delivery-service] [http-nio-8067-exec-10] [org.hibernate.SQL:135] - 
    select
        de1_0.delivery_id,
        de1_0.actual_start_time,
        de1_0.algorithm_used,
        de1_0.create_time,
        de1_0.created_by,
        de1_0.delivery_mode,
        de1_0.dispatch_group,
        de1_0.distance,
        de1_0.end_time,
        de1_0.end_warehouse_id,
        de1_0.estimated_duration,
        de1_0.leader_id,
        de1_0.optimal_route,
        de1_0.order_ids,
        de1_0.route_display_data,
        de1_0.route_strategy,
        de1_0.start_time,
        de1_0.status,
        de1_0.update_time,
        de1_0.warehouse_id,
        de1_0.waypoint_count,
        de1_0.waypoints_data 
    from
        delivery de1_0 
    order by
        de1_0.create_time desc 
    limit
        ?, ?
[2025-12-18 19:12:16.357] [DEBUG] [delivery-service] [http-nio-8067-exec-9] [org.hibernate.SQL:135] - 
    select
        count(de1_0.delivery_id) 
    from
        delivery de1_0 
    where
        de1_0.status=?
[2025-12-18 19:12:16.360] [DEBUG] [delivery-service] [http-nio-8067-exec-9] [org.hibernate.SQL:135] - 
    select
        count(de1_0.delivery_id) 
    from
        delivery de1_0 
    where
        de1_0.status=?
[2025-12-18 19:12:16.362] [DEBUG] [delivery-service] [http-nio-8067-exec-9] [org.hibernate.SQL:135] - 
    select
        count(de1_0.delivery_id) 
    from
        delivery de1_0 
    where
        de1_0.status=?
[2025-12-18 19:12:16.364] [DEBUG] [delivery-service] [http-nio-8067-exec-9] [org.hibernate.SQL:135] - 
    select
        sum(de1_0.distance) 
    from
        delivery de1_0 
    where
        de1_0.status=2
[2025-12-18 19:12:16.367] [DEBUG] [delivery-service] [http-nio-8067-exec-9] [org.hibernate.SQL:135] - 
    select
        de1_0.delivery_id,
        de1_0.actual_start_time,
        de1_0.algorithm_used,
        de1_0.create_time,
        de1_0.created_by,
        de1_0.delivery_mode,
        de1_0.dispatch_group,
        de1_0.distance,
        de1_0.end_time,
        de1_0.end_warehouse_id,
        de1_0.estimated_duration,
        de1_0.leader_id,
        de1_0.optimal_route,
        de1_0.order_ids,
        de1_0.route_display_data,
        de1_0.route_strategy,
        de1_0.start_time,
        de1_0.status,
        de1_0.update_time,
        de1_0.warehouse_id,
        de1_0.waypoint_count,
        de1_0.waypoints_data 
    from
        delivery de1_0
[2025-12-18 21:28:04.407] [DEBUG] [delivery-service] [http-nio-8067-exec-7] [org.hibernate.SQL:135] - 
    select
        count(*) 
    from
        delivery de1_0
[2025-12-18 21:28:04.410] [DEBUG] [delivery-service] [http-nio-8067-exec-5] [org.hibernate.SQL:135] - 
    select
        de1_0.delivery_id,
        de1_0.actual_start_time,
        de1_0.algorithm_used,
        de1_0.create_time,
        de1_0.created_by,
        de1_0.delivery_mode,
        de1_0.dispatch_group,
        de1_0.distance,
        de1_0.end_time,
        de1_0.end_warehouse_id,
        de1_0.estimated_duration,
        de1_0.leader_id,
        de1_0.optimal_route,
        de1_0.order_ids,
        de1_0.route_display_data,
        de1_0.route_strategy,
        de1_0.start_time,
        de1_0.status,
        de1_0.update_time,
        de1_0.warehouse_id,
        de1_0.waypoint_count,
        de1_0.waypoints_data 
    from
        delivery de1_0 
    order by
        de1_0.create_time desc 
    limit
        ?, ?
[2025-12-18 21:28:04.416] [DEBUG] [delivery-service] [http-nio-8067-exec-7] [org.hibernate.SQL:135] - 
    select
        count(de1_0.delivery_id) 
    from
        delivery de1_0 
    where
        de1_0.status=?
[2025-12-18 21:28:04.417] [DEBUG] [delivery-service] [http-nio-8067-exec-7] [org.hibernate.SQL:135] - 
    select
        count(de1_0.delivery_id) 
    from
        delivery de1_0 
    where
        de1_0.status=?
[2025-12-18 21:28:04.418] [DEBUG] [delivery-service] [http-nio-8067-exec-7] [org.hibernate.SQL:135] - 
    select
        count(de1_0.delivery_id) 
    from
        delivery de1_0 
    where
        de1_0.status=?
[2025-12-18 21:28:04.420] [DEBUG] [delivery-service] [http-nio-8067-exec-7] [org.hibernate.SQL:135] - 
    select
        sum(de1_0.distance) 
    from
        delivery de1_0 
    where
        de1_0.status=2
[2025-12-18 21:28:04.421] [DEBUG] [delivery-service] [http-nio-8067-exec-7] [org.hibernate.SQL:135] - 
    select
        de1_0.delivery_id,
        de1_0.actual_start_time,
        de1_0.algorithm_used,
        de1_0.create_time,
        de1_0.created_by,
        de1_0.delivery_mode,
        de1_0.dispatch_group,
        de1_0.distance,
        de1_0.end_time,
        de1_0.end_warehouse_id,
        de1_0.estimated_duration,
        de1_0.leader_id,
        de1_0.optimal_route,
        de1_0.order_ids,
        de1_0.route_display_data,
        de1_0.route_strategy,
        de1_0.start_time,
        de1_0.status,
        de1_0.update_time,
        de1_0.warehouse_id,
        de1_0.waypoint_count,
        de1_0.waypoints_data 
    from
        delivery de1_0
[2025-12-18 21:28:06.563] [DEBUG] [delivery-service] [http-nio-8067-exec-10] [org.hibernate.SQL:135] - 
    select
        de1_0.delivery_id,
        de1_0.actual_start_time,
        de1_0.algorithm_used,
        de1_0.create_time,
        de1_0.created_by,
        de1_0.delivery_mode,
        de1_0.dispatch_group,
        de1_0.distance,
        de1_0.end_time,
        de1_0.end_warehouse_id,
        de1_0.estimated_duration,
        de1_0.leader_id,
        de1_0.optimal_route,
        de1_0.order_ids,
        de1_0.route_display_data,
        de1_0.route_strategy,
        de1_0.start_time,
        de1_0.status,
        de1_0.update_time,
        de1_0.warehouse_id,
        de1_0.waypoint_count,
        de1_0.waypoints_data 
    from
        delivery de1_0 
    where
        de1_0.delivery_id=?
[2025-12-18 21:28:06.609] [DEBUG] [delivery-service] [http-nio-8067-exec-10] [org.hibernate.SQL:135] - 
    select
        wc1_0.id,
        wc1_0.address,
        wc1_0.contact_person,
        wc1_0.contact_phone,
        wc1_0.create_time,
        wc1_0.description,
        wc1_0.is_default,
        wc1_0.latitude,
        wc1_0.longitude,
        wc1_0.status,
        wc1_0.update_time,
        wc1_0.warehouse_name 
    from
        warehouse_config wc1_0 
    where
        wc1_0.id=?
[2025-12-18 21:28:14.814] [DEBUG] [delivery-service] [http-nio-8067-exec-6] [org.hibernate.SQL:135] - 
    select
        de1_0.delivery_id,
        de1_0.actual_start_time,
        de1_0.algorithm_used,
        de1_0.create_time,
        de1_0.created_by,
        de1_0.delivery_mode,
        de1_0.dispatch_group,
        de1_0.distance,
        de1_0.end_time,
        de1_0.end_warehouse_id,
        de1_0.estimated_duration,
        de1_0.leader_id,
        de1_0.optimal_route,
        de1_0.order_ids,
        de1_0.route_display_data,
        de1_0.route_strategy,
        de1_0.start_time,
        de1_0.status,
        de1_0.update_time,
        de1_0.warehouse_id,
        de1_0.waypoint_count,
        de1_0.waypoints_data 
    from
        delivery de1_0 
    where
        de1_0.delivery_id=?
[2025-12-18 21:28:14.829] [DEBUG] [delivery-service] [http-nio-8067-exec-6] [org.hibernate.SQL:135] - 
    select
        wc1_0.id,
        wc1_0.address,
        wc1_0.contact_person,
        wc1_0.contact_phone,
        wc1_0.create_time,
        wc1_0.description,
        wc1_0.is_default,
        wc1_0.latitude,
        wc1_0.longitude,
        wc1_0.status,
        wc1_0.update_time,
        wc1_0.warehouse_name 
    from
        warehouse_config wc1_0 
    where
        wc1_0.id=?
[2025-12-18 21:28:17.099] [DEBUG] [delivery-service] [http-nio-8067-exec-1] [org.hibernate.SQL:135] - 
    select
        de1_0.delivery_id,
        de1_0.actual_start_time,
        de1_0.algorithm_used,
        de1_0.create_time,
        de1_0.created_by,
        de1_0.delivery_mode,
        de1_0.dispatch_group,
        de1_0.distance,
        de1_0.end_time,
        de1_0.end_warehouse_id,
        de1_0.estimated_duration,
        de1_0.leader_id,
        de1_0.optimal_route,
        de1_0.order_ids,
        de1_0.route_display_data,
        de1_0.route_strategy,
        de1_0.start_time,
        de1_0.status,
        de1_0.update_time,
        de1_0.warehouse_id,
        de1_0.waypoint_count,
        de1_0.waypoints_data 
    from
        delivery de1_0 
    where
        de1_0.delivery_id=?
[2025-12-18 21:28:17.114] [DEBUG] [delivery-service] [http-nio-8067-exec-1] [org.hibernate.SQL:135] - 
    select
        wc1_0.id,
        wc1_0.address,
        wc1_0.contact_person,
        wc1_0.contact_phone,
        wc1_0.create_time,
        wc1_0.description,
        wc1_0.is_default,
        wc1_0.latitude,
        wc1_0.longitude,
        wc1_0.status,
        wc1_0.update_time,
        wc1_0.warehouse_name 
    from
        warehouse_config wc1_0 
    where
        wc1_0.id=?
