[2025-10-30 17:51:59.817] [DEBUG] [LeaderService] [main] [com.bcu.edu.LeaderServiceApplication:51] - Running with Spring Boot v3.2.3, Spring v6.1.4
[2025-10-30 17:52:04.254] [DEBUG] [LeaderService] [main] [org.hibernate.SQL:135] - 
    alter table commission_record 
       add column record_id bigint not null auto_increment
[2025-10-30 17:52:04.274] [DEBUG] [LeaderService] [main] [org.hibernate.SQL:135] - 
    alter table commission_record 
       add column commission_amount decimal(10,2) not null
[2025-10-30 17:52:04.286] [DEBUG] [LeaderService] [main] [org.hibernate.SQL:135] - 
    alter table commission_record 
       add column commission_rate decimal(5,2) not null
[2025-10-30 17:52:04.296] [DEBUG] [LeaderService] [main] [org.hibernate.SQL:135] - 
    alter table commission_record 
       add column created_at datetime(6) not null
[2025-10-30 17:52:04.354] [DEBUG] [LeaderService] [main] [org.hibernate.SQL:135] - 
    alter table commission_record 
       add column leader_name varchar(50)
[2025-10-30 17:52:04.364] [DEBUG] [LeaderService] [main] [org.hibernate.SQL:135] - 
    alter table commission_record 
       add column order_amount decimal(10,2) not null
[2025-10-30 17:52:04.374] [DEBUG] [LeaderService] [main] [org.hibernate.SQL:135] - 
    alter table commission_record 
       add column remark varchar(255)
[2025-10-30 17:52:04.384] [DEBUG] [LeaderService] [main] [org.hibernate.SQL:135] - 
    alter table commission_record 
       add column settled_at datetime(6)
[2025-10-30 17:52:04.395] [DEBUG] [LeaderService] [main] [org.hibernate.SQL:135] - 
    alter table commission_record 
       add column settlement_batch varchar(20)
[2025-10-30 17:52:04.407] [DEBUG] [LeaderService] [main] [org.hibernate.SQL:135] - 
    alter table commission_record 
       modify column status integer not null
[2025-10-30 17:52:04.448] [DEBUG] [LeaderService] [main] [org.hibernate.SQL:135] - 
    alter table community 
       add column created_at datetime(6) not null
[2025-10-30 17:52:04.455] [DEBUG] [LeaderService] [main] [org.hibernate.SQL:135] - 
    alter table community 
       add column description varchar(500)
[2025-10-30 17:52:04.474] [DEBUG] [LeaderService] [main] [org.hibernate.SQL:135] - 
    alter table community 
       add column name varchar(100) not null
[2025-10-30 17:52:04.492] [DEBUG] [LeaderService] [main] [org.hibernate.SQL:135] - 
    alter table community 
       add column service_radius integer not null
[2025-10-30 17:52:04.510] [DEBUG] [LeaderService] [main] [org.hibernate.SQL:135] - 
    alter table community 
       modify column status integer not null
[2025-10-30 17:52:04.553] [DEBUG] [LeaderService] [main] [org.hibernate.SQL:135] - 
    alter table community 
       add column updated_at datetime(6) not null
[2025-10-30 17:52:04.557] [DEBUG] [LeaderService] [main] [org.hibernate.SQL:135] - 
    alter table community_application 
       add column applicant_name varchar(50)
[2025-10-30 17:52:04.573] [DEBUG] [LeaderService] [main] [org.hibernate.SQL:135] - 
    alter table community_application 
       add column applicant_phone varchar(20)
[2025-10-30 17:52:04.589] [DEBUG] [LeaderService] [main] [org.hibernate.SQL:135] - 
    alter table community_application 
       add column application_reason varchar(500)
[2025-10-30 17:52:04.606] [DEBUG] [LeaderService] [main] [org.hibernate.SQL:135] - 
    alter table community_application 
       add column created_at datetime(6) not null
[2025-10-30 17:52:04.643] [DEBUG] [LeaderService] [main] [org.hibernate.SQL:135] - 
    alter table community_application 
       add column created_community_id bigint
[2025-10-30 17:52:04.658] [DEBUG] [LeaderService] [main] [org.hibernate.SQL:135] - 
    alter table community_application 
       add column review_comment varchar(500)
[2025-10-30 17:52:04.674] [DEBUG] [LeaderService] [main] [org.hibernate.SQL:135] - 
    alter table community_application 
       add column reviewed_at datetime(6)
[2025-10-30 17:52:04.690] [DEBUG] [LeaderService] [main] [org.hibernate.SQL:135] - 
    alter table community_application 
       add column reviewer_id bigint
[2025-10-30 17:52:04.705] [DEBUG] [LeaderService] [main] [org.hibernate.SQL:135] - 
    alter table community_application 
       add column service_radius integer not null
[2025-10-30 17:52:04.724] [DEBUG] [LeaderService] [main] [org.hibernate.SQL:135] - 
    alter table community_application 
       modify column status integer not null
[2025-10-30 17:52:04.784] [DEBUG] [LeaderService] [main] [org.hibernate.SQL:135] - 
    alter table community_application 
       add column updated_at datetime(6) not null
[2025-10-30 17:52:04.829] [DEBUG] [LeaderService] [main] [org.hibernate.SQL:135] - 
    alter table group_leader_store 
       add column address varchar(255)
[2025-10-30 17:52:04.853] [DEBUG] [LeaderService] [main] [org.hibernate.SQL:135] - 
    alter table group_leader_store 
       add column community_name varchar(100)
[2025-10-30 17:52:04.867] [DEBUG] [LeaderService] [main] [org.hibernate.SQL:135] - 
    alter table group_leader_store 
       add column created_at datetime(6) not null
[2025-10-30 17:52:04.901] [DEBUG] [LeaderService] [main] [org.hibernate.SQL:135] - 
    alter table group_leader_store 
       add column description varchar(500)
[2025-10-30 17:52:04.914] [DEBUG] [LeaderService] [main] [org.hibernate.SQL:135] - 
    alter table group_leader_store 
       add column leader_name varchar(50)
[2025-10-30 17:52:04.927] [DEBUG] [LeaderService] [main] [org.hibernate.SQL:135] - 
    alter table group_leader_store 
       add column leader_phone varchar(20)
[2025-10-30 17:52:04.942] [DEBUG] [LeaderService] [main] [org.hibernate.SQL:135] - 
    alter table group_leader_store 
       add column review_comment varchar(500)
[2025-10-30 17:52:04.958] [DEBUG] [LeaderService] [main] [org.hibernate.SQL:135] - 
    alter table group_leader_store 
       add column reviewed_at datetime(6)
[2025-10-30 17:52:04.974] [DEBUG] [LeaderService] [main] [org.hibernate.SQL:135] - 
    alter table group_leader_store 
       add column reviewer_id bigint
[2025-10-30 17:52:04.990] [DEBUG] [LeaderService] [main] [org.hibernate.SQL:135] - 
    alter table group_leader_store 
       add column status integer not null
[2025-10-30 17:52:05.012] [DEBUG] [LeaderService] [main] [org.hibernate.SQL:135] - 
    alter table group_leader_store 
       add column total_commission decimal(10,2)
[2025-10-30 17:52:05.026] [DEBUG] [LeaderService] [main] [org.hibernate.SQL:135] - 
    alter table group_leader_store 
       add column updated_at datetime(6) not null
[2025-10-30 17:52:05.067] [DEBUG] [LeaderService] [main] [org.hibernate.SQL:135] - 
    create table sys_operation_log (
        log_id bigint not null auto_increment,
        create_time datetime(6) not null,
        duration integer,
        error_msg TEXT,
        ip varchar(50),
        method varchar(500),
        module varchar(50) not null,
        operation varchar(255) not null,
        params TEXT,
        result varchar(20),
        user_id bigint,
        username varchar(50),
        primary key (log_id)
    ) engine=InnoDB
[2025-10-30 17:52:05.090] [DEBUG] [LeaderService] [main] [org.hibernate.SQL:135] - 
    create index idx_created_at 
       on commission_record (created_at)
[2025-10-30 17:52:05.107] [DEBUG] [LeaderService] [main] [org.hibernate.SQL:135] - 
    create index idx_latitude_longitude 
       on community (latitude, longitude)
[2025-10-30 17:52:05.145] [DEBUG] [LeaderService] [main] [org.hibernate.SQL:135] - 
    create index idx_created_at 
       on community (created_at)
[2025-10-30 17:52:05.153] [DEBUG] [LeaderService] [main] [org.hibernate.SQL:135] - 
    create index idx_created_at 
       on community_application (created_at)
[2025-10-30 17:52:05.181] [DEBUG] [LeaderService] [main] [org.hibernate.SQL:135] - 
    create index idx_status 
       on group_leader_store (status)
[2025-10-30 17:52:05.196] [DEBUG] [LeaderService] [main] [org.hibernate.SQL:135] - 
    create index idx_created_at 
       on group_leader_store (created_at)
[2025-10-30 17:52:05.212] [DEBUG] [LeaderService] [main] [org.hibernate.SQL:135] - 
    alter table group_leader_store 
       drop index idx_leader_id
[2025-10-30 17:52:05.213] [DEBUG] [LeaderService] [main] [org.hibernate.SQL:135] - 
    alter table group_leader_store 
       add constraint idx_leader_id unique (leader_id)
[2025-10-30 17:52:05.230] [DEBUG] [LeaderService] [main] [org.hibernate.SQL:135] - 
    create index idx_user_id 
       on sys_operation_log (user_id)
[2025-10-30 17:52:05.243] [DEBUG] [LeaderService] [main] [org.hibernate.SQL:135] - 
    create index idx_module 
       on sys_operation_log (module)
[2025-10-30 17:52:05.255] [DEBUG] [LeaderService] [main] [org.hibernate.SQL:135] - 
    create index idx_create_time 
       on sys_operation_log (create_time)
[2025-10-30 17:52:05.269] [DEBUG] [LeaderService] [main] [org.hibernate.SQL:135] - 
    create index idx_result 
       on sys_operation_log (result)
[2025-10-30 18:07:21.660] [DEBUG] [LeaderService] [http-nio-8068-exec-2] [org.hibernate.SQL:135] - 
    select
        c1_0.community_id,
        c1_0.address,
        c1_0.created_at,
        c1_0.description,
        c1_0.latitude,
        c1_0.longitude,
        c1_0.name,
        c1_0.service_radius,
        c1_0.status,
        c1_0.updated_at 
    from
        community c1_0 
    where
        c1_0.status=1 
    order by
        c1_0.created_at desc
[2025-10-30 18:13:26.445] [DEBUG] [LeaderService] [main] [com.bcu.edu.LeaderServiceApplication:51] - Running with Spring Boot v3.2.3, Spring v6.1.4
[2025-10-30 18:13:30.698] [DEBUG] [LeaderService] [main] [org.hibernate.SQL:135] - 
    alter table commission_record 
       add column record_id bigint not null auto_increment
[2025-10-30 18:13:30.724] [DEBUG] [LeaderService] [main] [org.hibernate.SQL:135] - 
    create index idx_created_at 
       on community (created_at)
[2025-10-30 18:13:44.836] [DEBUG] [LeaderService] [http-nio-8068-exec-2] [org.hibernate.SQL:135] - 
    select
        ca1_0.application_id,
        ca1_0.address,
        ca1_0.applicant_id,
        ca1_0.applicant_name,
        ca1_0.applicant_phone,
        ca1_0.application_reason,
        ca1_0.community_name,
        ca1_0.created_at,
        ca1_0.created_community_id,
        ca1_0.description,
        ca1_0.latitude,
        ca1_0.longitude,
        ca1_0.review_comment,
        ca1_0.reviewed_at,
        ca1_0.reviewer_id,
        ca1_0.service_radius,
        ca1_0.status,
        ca1_0.updated_at 
    from
        community_application ca1_0 
    where
        ca1_0.status=0 
    order by
        ca1_0.created_at
[2025-10-30 18:13:46.272] [DEBUG] [LeaderService] [http-nio-8068-exec-3] [org.hibernate.SQL:135] - 
    select
        gls1_0.store_id,
        gls1_0.address,
        gls1_0.commission_rate,
        gls1_0.community_id,
        gls1_0.community_name,
        gls1_0.created_at,
        gls1_0.description,
        gls1_0.leader_id,
        gls1_0.leader_name,
        gls1_0.leader_phone,
        gls1_0.review_comment,
        gls1_0.reviewed_at,
        gls1_0.reviewer_id,
        gls1_0.status,
        gls1_0.store_name,
        gls1_0.total_commission,
        gls1_0.updated_at 
    from
        group_leader_store gls1_0 
    where
        gls1_0.status=0 
    order by
        gls1_0.created_at
[2025-10-30 18:13:47.880] [DEBUG] [LeaderService] [http-nio-8068-exec-4] [org.hibernate.SQL:135] - 
    select
        cr1_0.record_id,
        cr1_0.commission_amount,
        cr1_0.commission_rate,
        cr1_0.created_at,
        cr1_0.leader_id,
        cr1_0.leader_name,
        cr1_0.order_amount,
        cr1_0.order_id,
        cr1_0.remark,
        cr1_0.settled_at,
        cr1_0.settlement_batch,
        cr1_0.status 
    from
        commission_record cr1_0 
    where
        cr1_0.status=0 
    order by
        cr1_0.created_at
[2025-10-30 18:26:05.587] [DEBUG] [LeaderService] [main] [com.bcu.edu.LeaderServiceApplication:51] - Running with Spring Boot v3.2.3, Spring v6.1.4
[2025-10-30 18:26:19.726] [DEBUG] [LeaderService] [http-nio-8068-exec-2] [org.hibernate.SQL:135] - 
    select
        cr1_0.commission_id,
        cr1_0.commission_amount,
        cr1_0.commission_rate,
        cr1_0.created_at,
        cr1_0.leader_id,
        cr1_0.leader_name,
        cr1_0.order_amount,
        cr1_0.order_id,
        cr1_0.remark,
        cr1_0.settled_at,
        cr1_0.settlement_batch,
        cr1_0.status 
    from
        commission_record cr1_0 
    where
        cr1_0.status=0 
    order by
        cr1_0.created_at
[2025-10-30 18:26:21.940] [DEBUG] [LeaderService] [http-nio-8068-exec-3] [org.hibernate.SQL:135] - 
    select
        cr1_0.commission_id,
        cr1_0.commission_amount,
        cr1_0.commission_rate,
        cr1_0.created_at,
        cr1_0.leader_id,
        cr1_0.leader_name,
        cr1_0.order_amount,
        cr1_0.order_id,
        cr1_0.remark,
        cr1_0.settled_at,
        cr1_0.settlement_batch,
        cr1_0.status 
    from
        commission_record cr1_0 
    where
        cr1_0.status=0 
    order by
        cr1_0.created_at
[2025-10-30 18:27:07.377] [DEBUG] [LeaderService] [http-nio-8068-exec-7] [org.hibernate.SQL:135] - 
    select
        cr1_0.commission_id,
        cr1_0.commission_amount,
        cr1_0.commission_rate,
        cr1_0.created_at,
        cr1_0.leader_id,
        cr1_0.leader_name,
        cr1_0.order_amount,
        cr1_0.order_id,
        cr1_0.remark,
        cr1_0.settled_at,
        cr1_0.settlement_batch,
        cr1_0.status 
    from
        commission_record cr1_0 
    where
        cr1_0.status=0 
    order by
        cr1_0.created_at
[2025-10-30 18:27:16.026] [DEBUG] [LeaderService] [http-nio-8068-exec-9] [org.hibernate.SQL:135] - 
    select
        cr1_0.commission_id,
        cr1_0.commission_amount,
        cr1_0.commission_rate,
        cr1_0.created_at,
        cr1_0.leader_id,
        cr1_0.leader_name,
        cr1_0.order_amount,
        cr1_0.order_id,
        cr1_0.remark,
        cr1_0.settled_at,
        cr1_0.settlement_batch,
        cr1_0.status 
    from
        commission_record cr1_0 
    where
        cr1_0.status=0 
    order by
        cr1_0.created_at
[2025-10-30 18:27:17.355] [DEBUG] [LeaderService] [http-nio-8068-exec-10] [org.hibernate.SQL:135] - 
    select
        cr1_0.commission_id,
        cr1_0.commission_amount,
        cr1_0.commission_rate,
        cr1_0.created_at,
        cr1_0.leader_id,
        cr1_0.leader_name,
        cr1_0.order_amount,
        cr1_0.order_id,
        cr1_0.remark,
        cr1_0.settled_at,
        cr1_0.settlement_batch,
        cr1_0.status 
    from
        commission_record cr1_0 
    where
        cr1_0.status=0 
    order by
        cr1_0.created_at
[2025-10-30 18:27:30.058] [DEBUG] [LeaderService] [http-nio-8068-exec-2] [org.hibernate.SQL:135] - 
    select
        cr1_0.commission_id,
        cr1_0.commission_amount,
        cr1_0.commission_rate,
        cr1_0.created_at,
        cr1_0.leader_id,
        cr1_0.leader_name,
        cr1_0.order_amount,
        cr1_0.order_id,
        cr1_0.remark,
        cr1_0.settled_at,
        cr1_0.settlement_batch,
        cr1_0.status 
    from
        commission_record cr1_0 
    where
        cr1_0.status=0 
    order by
        cr1_0.created_at
[2025-10-30 18:27:32.236] [DEBUG] [LeaderService] [http-nio-8068-exec-3] [org.hibernate.SQL:135] - 
    select
        gls1_0.store_id,
        gls1_0.address,
        gls1_0.city,
        gls1_0.commission_rate,
        gls1_0.community_id,
        gls1_0.community_name,
        gls1_0.created_at,
        gls1_0.description,
        gls1_0.detail_address,
        gls1_0.district,
        gls1_0.latitude,
        gls1_0.leader_id,
        gls1_0.leader_name,
        gls1_0.leader_phone,
        gls1_0.longitude,
        gls1_0.max_delivery_range,
        gls1_0.province,
        gls1_0.review_comment,
        gls1_0.reviewed_at,
        gls1_0.reviewer_id,
        gls1_0.status,
        gls1_0.store_name,
        gls1_0.total_commission,
        gls1_0.updated_at 
    from
        group_leader_store gls1_0 
    where
        gls1_0.status=0 
    order by
        gls1_0.created_at
[2025-10-30 18:27:34.740] [DEBUG] [LeaderService] [http-nio-8068-exec-4] [org.hibernate.SQL:135] - 
    select
        gls1_0.store_id,
        gls1_0.address,
        gls1_0.city,
        gls1_0.commission_rate,
        gls1_0.community_id,
        gls1_0.community_name,
        gls1_0.created_at,
        gls1_0.description,
        gls1_0.detail_address,
        gls1_0.district,
        gls1_0.latitude,
        gls1_0.leader_id,
        gls1_0.leader_name,
        gls1_0.leader_phone,
        gls1_0.longitude,
        gls1_0.max_delivery_range,
        gls1_0.province,
        gls1_0.review_comment,
        gls1_0.reviewed_at,
        gls1_0.reviewer_id,
        gls1_0.status,
        gls1_0.store_name,
        gls1_0.total_commission,
        gls1_0.updated_at 
    from
        group_leader_store gls1_0 
    where
        gls1_0.status=0 
    order by
        gls1_0.created_at
[2025-10-30 18:27:35.230] [DEBUG] [LeaderService] [http-nio-8068-exec-5] [org.hibernate.SQL:135] - 
    select
        gls1_0.store_id,
        gls1_0.address,
        gls1_0.city,
        gls1_0.commission_rate,
        gls1_0.community_id,
        gls1_0.community_name,
        gls1_0.created_at,
        gls1_0.description,
        gls1_0.detail_address,
        gls1_0.district,
        gls1_0.latitude,
        gls1_0.leader_id,
        gls1_0.leader_name,
        gls1_0.leader_phone,
        gls1_0.longitude,
        gls1_0.max_delivery_range,
        gls1_0.province,
        gls1_0.review_comment,
        gls1_0.reviewed_at,
        gls1_0.reviewer_id,
        gls1_0.status,
        gls1_0.store_name,
        gls1_0.total_commission,
        gls1_0.updated_at 
    from
        group_leader_store gls1_0 
    where
        gls1_0.status=? 
    order by
        gls1_0.created_at desc
[2025-10-30 18:27:36.066] [DEBUG] [LeaderService] [http-nio-8068-exec-6] [org.hibernate.SQL:135] - 
    select
        ca1_0.application_id,
        ca1_0.address,
        ca1_0.applicant_id,
        ca1_0.applicant_name,
        ca1_0.applicant_phone,
        ca1_0.application_reason,
        ca1_0.city,
        ca1_0.community_name,
        ca1_0.created_at,
        ca1_0.created_community_id,
        ca1_0.description,
        ca1_0.district,
        ca1_0.latitude,
        ca1_0.longitude,
        ca1_0.province,
        ca1_0.review_comment,
        ca1_0.reviewed_at,
        ca1_0.reviewer_id,
        ca1_0.service_radius,
        ca1_0.status,
        ca1_0.updated_at 
    from
        community_application ca1_0 
    where
        ca1_0.status=0 
    order by
        ca1_0.created_at
[2025-10-30 18:27:39.131] [DEBUG] [LeaderService] [http-nio-8068-exec-7] [org.hibernate.SQL:135] - 
    select
        c1_0.community_id,
        c1_0.address,
        c1_0.city,
        c1_0.created_at,
        c1_0.description,
        c1_0.district,
        c1_0.latitude,
        c1_0.longitude,
        c1_0.community_name,
        c1_0.province,
        c1_0.service_radius,
        c1_0.status,
        c1_0.updated_at 
    from
        community c1_0 
    where
        c1_0.status=1 
    order by
        c1_0.created_at desc
[2025-10-30 18:27:43.308] [DEBUG] [LeaderService] [http-nio-8068-exec-9] [org.hibernate.SQL:135] - 
    select
        gls1_0.store_id,
        gls1_0.address,
        gls1_0.city,
        gls1_0.commission_rate,
        gls1_0.community_id,
        gls1_0.community_name,
        gls1_0.created_at,
        gls1_0.description,
        gls1_0.detail_address,
        gls1_0.district,
        gls1_0.latitude,
        gls1_0.leader_id,
        gls1_0.leader_name,
        gls1_0.leader_phone,
        gls1_0.longitude,
        gls1_0.max_delivery_range,
        gls1_0.province,
        gls1_0.review_comment,
        gls1_0.reviewed_at,
        gls1_0.reviewer_id,
        gls1_0.status,
        gls1_0.store_name,
        gls1_0.total_commission,
        gls1_0.updated_at 
    from
        group_leader_store gls1_0 
    where
        gls1_0.status=0 
    order by
        gls1_0.created_at
[2025-10-30 18:27:45.818] [DEBUG] [LeaderService] [http-nio-8068-exec-10] [org.hibernate.SQL:135] - 
    select
        ca1_0.application_id,
        ca1_0.address,
        ca1_0.applicant_id,
        ca1_0.applicant_name,
        ca1_0.applicant_phone,
        ca1_0.application_reason,
        ca1_0.city,
        ca1_0.community_name,
        ca1_0.created_at,
        ca1_0.created_community_id,
        ca1_0.description,
        ca1_0.district,
        ca1_0.latitude,
        ca1_0.longitude,
        ca1_0.province,
        ca1_0.review_comment,
        ca1_0.reviewed_at,
        ca1_0.reviewer_id,
        ca1_0.service_radius,
        ca1_0.status,
        ca1_0.updated_at 
    from
        community_application ca1_0 
    where
        ca1_0.status=0 
    order by
        ca1_0.created_at
[2025-10-30 18:27:48.051] [DEBUG] [LeaderService] [http-nio-8068-exec-1] [org.hibernate.SQL:135] - 
    select
        c1_0.community_id,
        c1_0.address,
        c1_0.city,
        c1_0.created_at,
        c1_0.description,
        c1_0.district,
        c1_0.latitude,
        c1_0.longitude,
        c1_0.community_name,
        c1_0.province,
        c1_0.service_radius,
        c1_0.status,
        c1_0.updated_at 
    from
        community c1_0 
    where
        c1_0.status=1 
    order by
        c1_0.created_at desc
[2025-10-30 18:28:32.558] [DEBUG] [LeaderService] [http-nio-8068-exec-5] [org.hibernate.SQL:135] - 
    select
        c1_0.community_id,
        c1_0.address,
        c1_0.city,
        c1_0.created_at,
        c1_0.description,
        c1_0.district,
        c1_0.latitude,
        c1_0.longitude,
        c1_0.community_name,
        c1_0.province,
        c1_0.service_radius,
        c1_0.status,
        c1_0.updated_at 
    from
        community c1_0 
    where
        c1_0.community_id=?
[2025-10-30 18:28:32.585] [DEBUG] [LeaderService] [http-nio-8068-exec-5] [org.hibernate.SQL:135] - 
    update
        community 
    set
        address=?,
        city=?,
        description=?,
        district=?,
        latitude=?,
        longitude=?,
        community_name=?,
        province=?,
        service_radius=?,
        status=?,
        updated_at=? 
    where
        community_id=?
[2025-10-30 18:29:51.501] [DEBUG] [LeaderService] [http-nio-8068-exec-1] [org.hibernate.SQL:135] - 
    select
        c1_0.community_id,
        c1_0.address,
        c1_0.city,
        c1_0.created_at,
        c1_0.description,
        c1_0.district,
        c1_0.latitude,
        c1_0.longitude,
        c1_0.community_name,
        c1_0.province,
        c1_0.service_radius,
        c1_0.status,
        c1_0.updated_at 
    from
        community c1_0 
    where
        c1_0.status=1 
    order by
        c1_0.created_at desc
[2025-10-30 18:30:04.459] [DEBUG] [LeaderService] [http-nio-8068-exec-3] [org.hibernate.SQL:135] - 
    select
        c1_0.community_id,
        c1_0.address,
        c1_0.city,
        c1_0.created_at,
        c1_0.description,
        c1_0.district,
        c1_0.latitude,
        c1_0.longitude,
        c1_0.community_name,
        c1_0.province,
        c1_0.service_radius,
        c1_0.status,
        c1_0.updated_at 
    from
        community c1_0 
    where
        c1_0.status=1 
    order by
        c1_0.created_at desc
[2025-10-30 18:30:08.078] [DEBUG] [LeaderService] [http-nio-8068-exec-4] [org.hibernate.SQL:135] - 
    select
        c1_0.community_id,
        c1_0.address,
        c1_0.city,
        c1_0.created_at,
        c1_0.description,
        c1_0.district,
        c1_0.latitude,
        c1_0.longitude,
        c1_0.community_name,
        c1_0.province,
        c1_0.service_radius,
        c1_0.status,
        c1_0.updated_at 
    from
        community c1_0 
    where
        c1_0.status=1 
    order by
        c1_0.created_at desc
[2025-10-30 18:30:20.259] [DEBUG] [LeaderService] [http-nio-8068-exec-6] [org.hibernate.SQL:135] - 
    select
        c1_0.community_id,
        c1_0.address,
        c1_0.city,
        c1_0.created_at,
        c1_0.description,
        c1_0.district,
        c1_0.latitude,
        c1_0.longitude,
        c1_0.community_name,
        c1_0.province,
        c1_0.service_radius,
        c1_0.status,
        c1_0.updated_at 
    from
        community c1_0 
    where
        c1_0.status=1 
    order by
        c1_0.created_at desc
[2025-10-30 18:30:26.426] [DEBUG] [LeaderService] [http-nio-8068-exec-7] [org.hibernate.SQL:135] - 
    select
        c1_0.community_id,
        c1_0.address,
        c1_0.city,
        c1_0.created_at,
        c1_0.description,
        c1_0.district,
        c1_0.latitude,
        c1_0.longitude,
        c1_0.community_name,
        c1_0.province,
        c1_0.service_radius,
        c1_0.status,
        c1_0.updated_at 
    from
        community c1_0 
    where
        c1_0.status=1 
    order by
        c1_0.created_at desc
[2025-10-30 18:31:24.065] [DEBUG] [LeaderService] [http-nio-8068-exec-2] [org.hibernate.SQL:135] - 
    select
        c1_0.community_id,
        c1_0.address,
        c1_0.city,
        c1_0.created_at,
        c1_0.description,
        c1_0.district,
        c1_0.latitude,
        c1_0.longitude,
        c1_0.community_name,
        c1_0.province,
        c1_0.service_radius,
        c1_0.status,
        c1_0.updated_at 
    from
        community c1_0 
    where
        c1_0.community_id=?
[2025-10-30 18:31:24.066] [DEBUG] [LeaderService] [http-nio-8068-exec-2] [org.hibernate.SQL:135] - 
    update
        community 
    set
        address=?,
        city=?,
        description=?,
        district=?,
        latitude=?,
        longitude=?,
        community_name=?,
        province=?,
        service_radius=?,
        status=?,
        updated_at=? 
    where
        community_id=?
[2025-10-30 18:31:24.094] [DEBUG] [LeaderService] [http-nio-8068-exec-3] [org.hibernate.SQL:135] - 
    select
        c1_0.community_id,
        c1_0.address,
        c1_0.city,
        c1_0.created_at,
        c1_0.description,
        c1_0.district,
        c1_0.latitude,
        c1_0.longitude,
        c1_0.community_name,
        c1_0.province,
        c1_0.service_radius,
        c1_0.status,
        c1_0.updated_at 
    from
        community c1_0 
    where
        c1_0.status=1 
    order by
        c1_0.created_at desc
[2025-10-30 18:31:29.094] [DEBUG] [LeaderService] [http-nio-8068-exec-5] [org.hibernate.SQL:135] - 
    select
        c1_0.community_id,
        c1_0.address,
        c1_0.city,
        c1_0.created_at,
        c1_0.description,
        c1_0.district,
        c1_0.latitude,
        c1_0.longitude,
        c1_0.community_name,
        c1_0.province,
        c1_0.service_radius,
        c1_0.status,
        c1_0.updated_at 
    from
        community c1_0 
    where
        c1_0.community_id=?
[2025-10-30 18:31:29.097] [DEBUG] [LeaderService] [http-nio-8068-exec-5] [org.hibernate.SQL:135] - 
    update
        community 
    set
        address=?,
        city=?,
        description=?,
        district=?,
        latitude=?,
        longitude=?,
        community_name=?,
        province=?,
        service_radius=?,
        status=?,
        updated_at=? 
    where
        community_id=?
[2025-10-30 18:31:29.120] [DEBUG] [LeaderService] [http-nio-8068-exec-6] [org.hibernate.SQL:135] - 
    select
        c1_0.community_id,
        c1_0.address,
        c1_0.city,
        c1_0.created_at,
        c1_0.description,
        c1_0.district,
        c1_0.latitude,
        c1_0.longitude,
        c1_0.community_name,
        c1_0.province,
        c1_0.service_radius,
        c1_0.status,
        c1_0.updated_at 
    from
        community c1_0 
    where
        c1_0.status=1 
    order by
        c1_0.created_at desc
[2025-10-30 18:44:44.349] [DEBUG] [LeaderService] [http-nio-8068-exec-10] [org.hibernate.SQL:135] - 
    select
        ca1_0.application_id,
        ca1_0.address,
        ca1_0.applicant_id,
        ca1_0.applicant_name,
        ca1_0.applicant_phone,
        ca1_0.application_reason,
        ca1_0.city,
        ca1_0.community_name,
        ca1_0.created_at,
        ca1_0.created_community_id,
        ca1_0.description,
        ca1_0.district,
        ca1_0.latitude,
        ca1_0.longitude,
        ca1_0.province,
        ca1_0.review_comment,
        ca1_0.reviewed_at,
        ca1_0.reviewer_id,
        ca1_0.service_radius,
        ca1_0.status,
        ca1_0.updated_at 
    from
        community_application ca1_0 
    where
        ca1_0.status=0 
    order by
        ca1_0.created_at
[2025-10-30 18:44:45.103] [DEBUG] [LeaderService] [http-nio-8068-exec-2] [org.hibernate.SQL:135] - 
    select
        gls1_0.store_id,
        gls1_0.address,
        gls1_0.city,
        gls1_0.commission_rate,
        gls1_0.community_id,
        gls1_0.community_name,
        gls1_0.created_at,
        gls1_0.description,
        gls1_0.detail_address,
        gls1_0.district,
        gls1_0.latitude,
        gls1_0.leader_id,
        gls1_0.leader_name,
        gls1_0.leader_phone,
        gls1_0.longitude,
        gls1_0.max_delivery_range,
        gls1_0.province,
        gls1_0.review_comment,
        gls1_0.reviewed_at,
        gls1_0.reviewer_id,
        gls1_0.status,
        gls1_0.store_name,
        gls1_0.total_commission,
        gls1_0.updated_at 
    from
        group_leader_store gls1_0 
    where
        gls1_0.status=0 
    order by
        gls1_0.created_at
[2025-10-30 18:44:47.611] [DEBUG] [LeaderService] [http-nio-8068-exec-3] [org.hibernate.SQL:135] - 
    select
        ca1_0.application_id,
        ca1_0.address,
        ca1_0.applicant_id,
        ca1_0.applicant_name,
        ca1_0.applicant_phone,
        ca1_0.application_reason,
        ca1_0.city,
        ca1_0.community_name,
        ca1_0.created_at,
        ca1_0.created_community_id,
        ca1_0.description,
        ca1_0.district,
        ca1_0.latitude,
        ca1_0.longitude,
        ca1_0.province,
        ca1_0.review_comment,
        ca1_0.reviewed_at,
        ca1_0.reviewer_id,
        ca1_0.service_radius,
        ca1_0.status,
        ca1_0.updated_at 
    from
        community_application ca1_0 
    where
        ca1_0.status=0 
    order by
        ca1_0.created_at
[2025-10-30 18:44:50.985] [DEBUG] [LeaderService] [http-nio-8068-exec-4] [org.hibernate.SQL:135] - 
    select
        c1_0.community_id,
        c1_0.address,
        c1_0.city,
        c1_0.created_at,
        c1_0.description,
        c1_0.district,
        c1_0.latitude,
        c1_0.longitude,
        c1_0.community_name,
        c1_0.province,
        c1_0.service_radius,
        c1_0.status,
        c1_0.updated_at 
    from
        community c1_0 
    where
        c1_0.status=1 
    order by
        c1_0.created_at desc
[2025-10-30 18:45:03.280] [DEBUG] [LeaderService] [http-nio-8068-exec-6] [org.hibernate.SQL:135] - 
    select
        ca1_0.application_id,
        ca1_0.address,
        ca1_0.applicant_id,
        ca1_0.applicant_name,
        ca1_0.applicant_phone,
        ca1_0.application_reason,
        ca1_0.city,
        ca1_0.community_name,
        ca1_0.created_at,
        ca1_0.created_community_id,
        ca1_0.description,
        ca1_0.district,
        ca1_0.latitude,
        ca1_0.longitude,
        ca1_0.province,
        ca1_0.review_comment,
        ca1_0.reviewed_at,
        ca1_0.reviewer_id,
        ca1_0.service_radius,
        ca1_0.status,
        ca1_0.updated_at 
    from
        community_application ca1_0 
    where
        ca1_0.status=0 
    order by
        ca1_0.created_at
[2025-10-30 18:45:09.444] [DEBUG] [LeaderService] [http-nio-8068-exec-7] [org.hibernate.SQL:135] - 
    select
        gls1_0.store_id,
        gls1_0.address,
        gls1_0.city,
        gls1_0.commission_rate,
        gls1_0.community_id,
        gls1_0.community_name,
        gls1_0.created_at,
        gls1_0.description,
        gls1_0.detail_address,
        gls1_0.district,
        gls1_0.latitude,
        gls1_0.leader_id,
        gls1_0.leader_name,
        gls1_0.leader_phone,
        gls1_0.longitude,
        gls1_0.max_delivery_range,
        gls1_0.province,
        gls1_0.review_comment,
        gls1_0.reviewed_at,
        gls1_0.reviewer_id,
        gls1_0.status,
        gls1_0.store_name,
        gls1_0.total_commission,
        gls1_0.updated_at 
    from
        group_leader_store gls1_0 
    where
        gls1_0.status=0 
    order by
        gls1_0.created_at
[2025-10-30 18:45:11.667] [DEBUG] [LeaderService] [http-nio-8068-exec-8] [org.hibernate.SQL:135] - 
    select
        cr1_0.commission_id,
        cr1_0.commission_amount,
        cr1_0.commission_rate,
        cr1_0.created_at,
        cr1_0.leader_id,
        cr1_0.leader_name,
        cr1_0.order_amount,
        cr1_0.order_id,
        cr1_0.remark,
        cr1_0.settled_at,
        cr1_0.settlement_batch,
        cr1_0.status 
    from
        commission_record cr1_0 
    where
        cr1_0.status=0 
    order by
        cr1_0.created_at
[2025-10-30 18:45:12.314] [DEBUG] [LeaderService] [http-nio-8068-exec-9] [org.hibernate.SQL:135] - 
    select
        c1_0.community_id,
        c1_0.address,
        c1_0.city,
        c1_0.created_at,
        c1_0.description,
        c1_0.district,
        c1_0.latitude,
        c1_0.longitude,
        c1_0.community_name,
        c1_0.province,
        c1_0.service_radius,
        c1_0.status,
        c1_0.updated_at 
    from
        community c1_0 
    where
        c1_0.status=1 
    order by
        c1_0.created_at desc
[2025-10-30 18:45:14.047] [DEBUG] [LeaderService] [http-nio-8068-exec-10] [org.hibernate.SQL:135] - 
    select
        cr1_0.commission_id,
        cr1_0.commission_amount,
        cr1_0.commission_rate,
        cr1_0.created_at,
        cr1_0.leader_id,
        cr1_0.leader_name,
        cr1_0.order_amount,
        cr1_0.order_id,
        cr1_0.remark,
        cr1_0.settled_at,
        cr1_0.settlement_batch,
        cr1_0.status 
    from
        commission_record cr1_0 
    where
        cr1_0.status=0 
    order by
        cr1_0.created_at
[2025-10-30 18:45:44.789] [DEBUG] [LeaderService] [http-nio-8068-exec-4] [org.hibernate.SQL:135] - 
    select
        gls1_0.store_id,
        gls1_0.address,
        gls1_0.city,
        gls1_0.commission_rate,
        gls1_0.community_id,
        gls1_0.community_name,
        gls1_0.created_at,
        gls1_0.description,
        gls1_0.detail_address,
        gls1_0.district,
        gls1_0.latitude,
        gls1_0.leader_id,
        gls1_0.leader_name,
        gls1_0.leader_phone,
        gls1_0.longitude,
        gls1_0.max_delivery_range,
        gls1_0.province,
        gls1_0.review_comment,
        gls1_0.reviewed_at,
        gls1_0.reviewer_id,
        gls1_0.status,
        gls1_0.store_name,
        gls1_0.total_commission,
        gls1_0.updated_at 
    from
        group_leader_store gls1_0 
    where
        gls1_0.status=0 
    order by
        gls1_0.created_at
[2025-10-30 18:45:46.167] [DEBUG] [LeaderService] [http-nio-8068-exec-5] [org.hibernate.SQL:135] - 
    select
        ca1_0.application_id,
        ca1_0.address,
        ca1_0.applicant_id,
        ca1_0.applicant_name,
        ca1_0.applicant_phone,
        ca1_0.application_reason,
        ca1_0.city,
        ca1_0.community_name,
        ca1_0.created_at,
        ca1_0.created_community_id,
        ca1_0.description,
        ca1_0.district,
        ca1_0.latitude,
        ca1_0.longitude,
        ca1_0.province,
        ca1_0.review_comment,
        ca1_0.reviewed_at,
        ca1_0.reviewer_id,
        ca1_0.service_radius,
        ca1_0.status,
        ca1_0.updated_at 
    from
        community_application ca1_0 
    where
        ca1_0.status=0 
    order by
        ca1_0.created_at
[2025-10-30 18:45:49.200] [DEBUG] [LeaderService] [http-nio-8068-exec-6] [org.hibernate.SQL:135] - 
    select
        gls1_0.store_id,
        gls1_0.address,
        gls1_0.city,
        gls1_0.commission_rate,
        gls1_0.community_id,
        gls1_0.community_name,
        gls1_0.created_at,
        gls1_0.description,
        gls1_0.detail_address,
        gls1_0.district,
        gls1_0.latitude,
        gls1_0.leader_id,
        gls1_0.leader_name,
        gls1_0.leader_phone,
        gls1_0.longitude,
        gls1_0.max_delivery_range,
        gls1_0.province,
        gls1_0.review_comment,
        gls1_0.reviewed_at,
        gls1_0.reviewer_id,
        gls1_0.status,
        gls1_0.store_name,
        gls1_0.total_commission,
        gls1_0.updated_at 
    from
        group_leader_store gls1_0 
    where
        gls1_0.status=0 
    order by
        gls1_0.created_at
[2025-10-30 18:45:50.205] [DEBUG] [LeaderService] [http-nio-8068-exec-7] [org.hibernate.SQL:135] - 
    select
        cr1_0.commission_id,
        cr1_0.commission_amount,
        cr1_0.commission_rate,
        cr1_0.created_at,
        cr1_0.leader_id,
        cr1_0.leader_name,
        cr1_0.order_amount,
        cr1_0.order_id,
        cr1_0.remark,
        cr1_0.settled_at,
        cr1_0.settlement_batch,
        cr1_0.status 
    from
        commission_record cr1_0 
    where
        cr1_0.status=0 
    order by
        cr1_0.created_at
[2025-10-30 19:37:46.348] [DEBUG] [LeaderService] [http-nio-8068-exec-6] [org.hibernate.SQL:135] - 
    select
        c1_0.community_id,
        c1_0.address,
        c1_0.city,
        c1_0.created_at,
        c1_0.description,
        c1_0.district,
        c1_0.latitude,
        c1_0.longitude,
        c1_0.community_name,
        c1_0.province,
        c1_0.service_radius,
        c1_0.status,
        c1_0.updated_at 
    from
        community c1_0 
    where
        c1_0.status=1 
    order by
        c1_0.created_at desc
