[2025-10-31 18:42:58.978] [ERROR] [LeaderService] [main] [o.s.b.diagnostics.LoggingFailureAnalysisReporter:?] - 

***************************
APPLICATION FAILED TO START
***************************

Description:

The bean 'UserService.FeignClientSpecification' could not be registered. A bean with that name has already been defined and overriding is disabled.

Action:

Consider renaming one of the beans or enabling overriding by setting spring.main.allow-bean-definition-overriding=true

[2025-10-31 18:48:50.728] [ERROR] [LeaderService] [main] [o.s.b.diagnostics.LoggingFailureAnalysisReporter:?] - 

***************************
APPLICATION FAILED TO START
***************************

Description:

The bean 'UserService.FeignClientSpecification' could not be registered. A bean with that name has already been defined and overriding is disabled.

Action:

Consider renaming one of the beans or enabling overriding by setting spring.main.allow-bean-definition-overriding=true

[2025-10-31 18:49:17.730] [ERROR] [LeaderService] [main] [o.s.b.diagnostics.LoggingFailureAnalysisReporter:?] - 

***************************
APPLICATION FAILED TO START
***************************

Description:

The bean 'UserService.FeignClientSpecification' could not be registered. A bean with that name has already been defined and overriding is disabled.

Action:

Consider renaming one of the beans or enabling overriding by setting spring.main.allow-bean-definition-overriding=true

