[2025-10-31 18:07:39.711] [INFO ] [LeaderService] [main] [com.bcu.edu.LeaderServiceApplication:?] - Starting LeaderServiceApplication using Java 17.0.6 with PID 29592 (E:\E\BYSJ\community-group-buy-backend\LeaderService\target\classes started by Gkr07 in E:\E\BYSJ\community-group-buy-backend)
[2025-10-31 18:07:39.717] [INFO ] [LeaderService] [main] [com.bcu.edu.LeaderServiceApplication:?] - No active profile set, falling back to 1 default profile: "default"
[2025-10-31 18:07:40.920] [INFO ] [LeaderService] [main] [o.s.d.r.config.RepositoryConfigurationDelegate:?] - Bootstrapping Spring Data JPA repositories in DEFAULT mode.
[2025-10-31 18:07:41.108] [INFO ] [LeaderService] [main] [o.s.d.r.config.RepositoryConfigurationDelegate:?] - Finished Spring Data repository scanning in 179 ms. Found 5 JPA repository interfaces.
[2025-10-31 18:07:41.392] [INFO ] [LeaderService] [main] [o.springframework.cloud.context.scope.GenericScope:?] - BeanFactory id=16faf085-a9a5-31cd-88ca-73988b61b48c
[2025-10-31 18:07:41.750] [WARN ] [LeaderService] [main] [o.s.c.s.PostProcessorRegistrationDelegate$BeanPostProcessorChecker:?] - Bean 'org.springframework.cloud.client.loadbalancer.LoadBalancerAutoConfiguration$LoadBalancerInterceptorConfig' of type [org.springframework.cloud.client.loadbalancer.LoadBalancerAutoConfiguration$LoadBalancerInterceptorConfig] is not eligible for getting processed by all BeanPostProcessors (for example: not eligible for auto-proxying). The currently created BeanPostProcessor [lbRestClientPostProcessor] is declared through a non-static factory method on that class; consider declaring it as static instead.
[2025-10-31 18:07:41.753] [WARN ] [LeaderService] [main] [o.s.c.s.PostProcessorRegistrationDelegate$BeanPostProcessorChecker:?] - Bean 'org.springframework.cloud.loadbalancer.config.BlockingLoadBalancerClientAutoConfiguration' of type [org.springframework.cloud.loadbalancer.config.BlockingLoadBalancerClientAutoConfiguration] is not eligible for getting processed by all BeanPostProcessors (for example: not eligible for auto-proxying). Is this bean getting eagerly injected into a currently created BeanPostProcessor [lbRestClientPostProcessor]? Check the corresponding BeanPostProcessor declaration and its dependencies.
[2025-10-31 18:07:41.754] [WARN ] [LeaderService] [main] [o.s.c.s.PostProcessorRegistrationDelegate$BeanPostProcessorChecker:?] - Bean 'org.springframework.cloud.loadbalancer.config.LoadBalancerAutoConfiguration' of type [org.springframework.cloud.loadbalancer.config.LoadBalancerAutoConfiguration] is not eligible for getting processed by all BeanPostProcessors (for example: not eligible for auto-proxying). Is this bean getting eagerly injected into a currently created BeanPostProcessor [lbRestClientPostProcessor]? Check the corresponding BeanPostProcessor declaration and its dependencies.
[2025-10-31 18:07:41.763] [WARN ] [LeaderService] [main] [o.s.c.s.PostProcessorRegistrationDelegate$BeanPostProcessorChecker:?] - Bean 'org.springframework.cloud.commons.config.CommonsConfigAutoConfiguration' of type [org.springframework.cloud.commons.config.CommonsConfigAutoConfiguration] is not eligible for getting processed by all BeanPostProcessors (for example: not eligible for auto-proxying). Is this bean getting eagerly injected into a currently created BeanPostProcessor [lbRestClientPostProcessor]? Check the corresponding BeanPostProcessor declaration and its dependencies.
[2025-10-31 18:07:41.766] [WARN ] [LeaderService] [main] [o.s.c.s.PostProcessorRegistrationDelegate$BeanPostProcessorChecker:?] - Bean 'org.springframework.cloud.client.loadbalancer.LoadBalancerDefaultMappingsProviderAutoConfiguration' of type [org.springframework.cloud.client.loadbalancer.LoadBalancerDefaultMappingsProviderAutoConfiguration] is not eligible for getting processed by all BeanPostProcessors (for example: not eligible for auto-proxying). Is this bean getting eagerly injected into a currently created BeanPostProcessor [lbRestClientPostProcessor]? Check the corresponding BeanPostProcessor declaration and its dependencies.
[2025-10-31 18:07:41.768] [WARN ] [LeaderService] [main] [o.s.c.s.PostProcessorRegistrationDelegate$BeanPostProcessorChecker:?] - Bean 'loadBalancerClientsDefaultsMappingsProvider' of type [org.springframework.cloud.client.loadbalancer.LoadBalancerDefaultMappingsProviderAutoConfiguration$$Lambda$781/0x000000080113f570] is not eligible for getting processed by all BeanPostProcessors (for example: not eligible for auto-proxying). Is this bean getting eagerly injected into a currently created BeanPostProcessor [lbRestClientPostProcessor]? Check the corresponding BeanPostProcessor declaration and its dependencies.
[2025-10-31 18:07:41.770] [WARN ] [LeaderService] [main] [o.s.c.s.PostProcessorRegistrationDelegate$BeanPostProcessorChecker:?] - Bean 'defaultsBindHandlerAdvisor' of type [org.springframework.cloud.commons.config.DefaultsBindHandlerAdvisor] is not eligible for getting processed by all BeanPostProcessors (for example: not eligible for auto-proxying). Is this bean getting eagerly injected into a currently created BeanPostProcessor [lbRestClientPostProcessor]? Check the corresponding BeanPostProcessor declaration and its dependencies.
[2025-10-31 18:07:41.776] [WARN ] [LeaderService] [main] [o.s.c.s.PostProcessorRegistrationDelegate$BeanPostProcessorChecker:?] - Bean 'spring.cloud.loadbalancer-org.springframework.cloud.client.loadbalancer.LoadBalancerClientsProperties' of type [org.springframework.cloud.client.loadbalancer.LoadBalancerClientsProperties] is not eligible for getting processed by all BeanPostProcessors (for example: not eligible for auto-proxying). Is this bean getting eagerly injected into a currently created BeanPostProcessor [lbRestClientPostProcessor]? Check the corresponding BeanPostProcessor declaration and its dependencies.
[2025-10-31 18:07:41.784] [WARN ] [LeaderService] [main] [o.s.c.s.PostProcessorRegistrationDelegate$BeanPostProcessorChecker:?] - Bean 'default.org.springframework.cloud.loadbalancer.config.LoadBalancerAutoConfiguration.LoadBalancerClientSpecification' of type [org.springframework.cloud.loadbalancer.annotation.LoadBalancerClientSpecification] is not eligible for getting processed by all BeanPostProcessors (for example: not eligible for auto-proxying). Is this bean getting eagerly injected into a currently created BeanPostProcessor [lbRestClientPostProcessor]? Check the corresponding BeanPostProcessor declaration and its dependencies.
[2025-10-31 18:07:41.786] [WARN ] [LeaderService] [main] [o.s.c.s.PostProcessorRegistrationDelegate$BeanPostProcessorChecker:?] - Bean 'default.org.springframework.cloud.loadbalancer.config.BlockingLoadBalancerClientAutoConfiguration.LoadBalancerClientSpecification' of type [org.springframework.cloud.loadbalancer.annotation.LoadBalancerClientSpecification] is not eligible for getting processed by all BeanPostProcessors (for example: not eligible for auto-proxying). Is this bean getting eagerly injected into a currently created BeanPostProcessor [lbRestClientPostProcessor]? Check the corresponding BeanPostProcessor declaration and its dependencies.
[2025-10-31 18:07:41.788] [WARN ] [LeaderService] [main] [o.s.c.s.PostProcessorRegistrationDelegate$BeanPostProcessorChecker:?] - Bean 'loadBalancerClientFactory' of type [org.springframework.cloud.loadbalancer.support.LoadBalancerClientFactory] is not eligible for getting processed by all BeanPostProcessors (for example: not eligible for auto-proxying). Is this bean getting eagerly injected into a currently created BeanPostProcessor [lbRestClientPostProcessor]? Check the corresponding BeanPostProcessor declaration and its dependencies.
[2025-10-31 18:07:41.793] [WARN ] [LeaderService] [main] [o.s.c.s.PostProcessorRegistrationDelegate$BeanPostProcessorChecker:?] - Bean 'blockingLoadBalancerClient' of type [org.springframework.cloud.loadbalancer.blocking.client.BlockingLoadBalancerClient] is not eligible for getting processed by all BeanPostProcessors (for example: not eligible for auto-proxying). Is this bean getting eagerly injected into a currently created BeanPostProcessor [lbRestClientPostProcessor]? Check the corresponding BeanPostProcessor declaration and its dependencies.
[2025-10-31 18:07:41.802] [WARN ] [LeaderService] [main] [o.s.c.s.PostProcessorRegistrationDelegate$BeanPostProcessorChecker:?] - Bean 'loadBalancerServiceInstanceCookieTransformer' of type [org.springframework.cloud.loadbalancer.core.LoadBalancerServiceInstanceCookieTransformer] is not eligible for getting processed by all BeanPostProcessors (for example: not eligible for auto-proxying). Is this bean getting eagerly injected into a currently created BeanPostProcessor [lbRestClientPostProcessor]? Check the corresponding BeanPostProcessor declaration and its dependencies.
[2025-10-31 18:07:41.805] [WARN ] [LeaderService] [main] [o.s.c.s.PostProcessorRegistrationDelegate$BeanPostProcessorChecker:?] - Bean 'xForwarderHeadersTransformer' of type [org.springframework.cloud.loadbalancer.blocking.XForwardedHeadersTransformer] is not eligible for getting processed by all BeanPostProcessors (for example: not eligible for auto-proxying). Is this bean getting eagerly injected into a currently created BeanPostProcessor [lbRestClientPostProcessor]? Check the corresponding BeanPostProcessor declaration and its dependencies.
[2025-10-31 18:07:41.806] [WARN ] [LeaderService] [main] [o.s.c.s.PostProcessorRegistrationDelegate$BeanPostProcessorChecker:?] - Bean 'org.springframework.cloud.client.loadbalancer.LoadBalancerAutoConfiguration' of type [org.springframework.cloud.client.loadbalancer.LoadBalancerAutoConfiguration] is not eligible for getting processed by all BeanPostProcessors (for example: not eligible for auto-proxying). Is this bean getting eagerly injected into a currently created BeanPostProcessor [lbRestClientPostProcessor]? Check the corresponding BeanPostProcessor declaration and its dependencies.
[2025-10-31 18:07:41.809] [WARN ] [LeaderService] [main] [o.s.c.s.PostProcessorRegistrationDelegate$BeanPostProcessorChecker:?] - Bean 'loadBalancerRequestFactory' of type [org.springframework.cloud.client.loadbalancer.LoadBalancerRequestFactory] is not eligible for getting processed by all BeanPostProcessors (for example: not eligible for auto-proxying). Is this bean getting eagerly injected into a currently created BeanPostProcessor [lbRestClientPostProcessor]? Check the corresponding BeanPostProcessor declaration and its dependencies.
[2025-10-31 18:07:41.810] [WARN ] [LeaderService] [main] [o.s.c.s.PostProcessorRegistrationDelegate$BeanPostProcessorChecker:?] - Bean 'loadBalancerInterceptor' of type [org.springframework.cloud.client.loadbalancer.LoadBalancerInterceptor] is not eligible for getting processed by all BeanPostProcessors (for example: not eligible for auto-proxying). Is this bean getting eagerly injected into a currently created BeanPostProcessor [lbRestClientPostProcessor]? Check the corresponding BeanPostProcessor declaration and its dependencies.
[2025-10-31 18:07:42.130] [INFO ] [LeaderService] [main] [o.s.boot.web.embedded.tomcat.TomcatWebServer:?] - Tomcat initialized with port 8068 (http)
[2025-10-31 18:07:42.235] [INFO ] [LeaderService] [main] [o.s.b.w.s.c.ServletWebServerApplicationContext:?] - Root WebApplicationContext: initialization completed in 2473 ms
[2025-10-31 18:07:42.531] [INFO ] [LeaderService] [main] [org.hibernate.jpa.internal.util.LogHelper:?] - HHH000204: Processing PersistenceUnitInfo [name: default]
[2025-10-31 18:07:42.594] [INFO ] [LeaderService] [main] [org.hibernate.Version:?] - HHH000412: Hibernate ORM core version 6.4.4.Final
[2025-10-31 18:07:42.632] [INFO ] [LeaderService] [main] [o.hibernate.cache.internal.RegionFactoryInitiator:?] - HHH000026: Second-level cache disabled
[2025-10-31 18:07:42.867] [INFO ] [LeaderService] [main] [o.s.o.j.persistenceunit.SpringPersistenceUnitInfo:?] - No LoadTimeWeaver setup: ignoring JPA class transformer
[2025-10-31 18:07:42.902] [INFO ] [LeaderService] [main] [com.zaxxer.hikari.HikariDataSource:?] - LeaderServiceHikariCP - Starting...
[2025-10-31 18:07:43.104] [INFO ] [LeaderService] [main] [com.zaxxer.hikari.pool.HikariPool:?] - LeaderServiceHikariCP - Added connection com.mysql.cj.jdbc.ConnectionImpl@192ecf8
[2025-10-31 18:07:43.108] [INFO ] [LeaderService] [main] [com.zaxxer.hikari.HikariDataSource:?] - LeaderServiceHikariCP - Start completed.
[2025-10-31 18:07:43.178] [WARN ] [LeaderService] [main] [org.hibernate.orm.deprecation:?] - HHH90000025: MySQL8Dialect does not need to be specified explicitly using 'hibernate.dialect' (remove the property setting and it will be selected by default)
[2025-10-31 18:07:43.181] [WARN ] [LeaderService] [main] [org.hibernate.orm.deprecation:?] - HHH90000026: MySQL8Dialect has been deprecated; use org.hibernate.dialect.MySQLDialect instead
[2025-10-31 18:07:44.367] [INFO ] [LeaderService] [main] [o.h.e.t.jta.platform.internal.JtaPlatformInitiator:?] - HHH000489: No JTA platform available (set 'hibernate.transaction.jta.platform' to enable JTA platform integration)
[2025-10-31 18:07:44.605] [INFO ] [LeaderService] [main] [o.s.orm.jpa.LocalContainerEntityManagerFactoryBean:?] - Initialized JPA EntityManagerFactory for persistence unit 'default'
[2025-10-31 18:07:44.982] [INFO ] [LeaderService] [main] [o.s.data.jpa.repository.query.QueryEnhancerFactory:?] - Hibernate is in classpath; If applicable, HQL parser will be used.
[2025-10-31 18:07:46.412] [INFO ] [LeaderService] [main] [o.s.b.actuate.endpoint.web.EndpointLinksResolver:?] - Exposing 17 endpoint(s) beneath base path '/actuator'
[2025-10-31 18:07:46.467] [WARN ] [LeaderService] [main] [o.s.b.a.o.j.JpaBaseConfiguration$JpaWebConfiguration:?] - spring.jpa.open-in-view is enabled by default. Therefore, database queries may be performed during view rendering. Explicitly configure spring.jpa.open-in-view to disable this warning
[2025-10-31 18:07:46.534] [INFO ] [LeaderService] [main] [o.s.cloud.openfeign.FeignClientFactoryBean:?] - For 'UserService' URL not provided. Will try picking an instance via load-balancing.
[2025-10-31 18:07:47.761] [WARN ] [LeaderService] [main] [o.s.c.l.c.LoadBalancerCacheAutoConfiguration$LoadBalancerCaffeineWarnLogger:?] - Spring Cloud LoadBalancer is currently working with the default cache. While this cache implementation is useful for development and tests, it's recommended to use Caffeine cache in production.You can switch to using Caffeine cache, by adding it and org.springframework.cache.caffeine.CaffeineCacheManager to the classpath.
[2025-10-31 18:07:47.848] [INFO ] [LeaderService] [main] [o.s.boot.web.embedded.tomcat.TomcatWebServer:?] - Tomcat started on port 8068 (http) with context path ''
[2025-10-31 18:07:47.849] [INFO ] [LeaderService] [main] [o.s.c.consul.serviceregistry.ConsulServiceRegistry:?] - Registering service with consul: NewService{id='LeaderService-8068', name='LeaderService', tags=[], address='192.168.245.1', meta={secure=false}, port=8068, enableTagOverride=null, check=Check{script='null', dockerContainerID='null', shell='null', interval='15s', ttl='null', http='http://192.168.245.1:8068/actuator/health', method='null', header={}, tcp='null', timeout='null', deregisterCriticalServiceAfter='null', tlsSkipVerify=null, status='null', grpc='null', grpcUseTLS=null}, checks=null}
[2025-10-31 18:07:48.215] [INFO ] [LeaderService] [main] [com.bcu.edu.LeaderServiceApplication:?] - Started LeaderServiceApplication in 9.531 seconds (process running for 10.329)
[2025-10-31 18:07:51.732] [INFO ] [LeaderService] [http-nio-8068-exec-1] [org.springframework.web.servlet.DispatcherServlet:?] - Initializing Servlet 'dispatcherServlet'
[2025-10-31 18:07:51.734] [INFO ] [LeaderService] [http-nio-8068-exec-1] [org.springframework.web.servlet.DispatcherServlet:?] - Completed initialization in 1 ms
[2025-10-31 18:08:18.705] [INFO ] [LeaderService] [http-nio-8068-exec-3] [com.bcu.edu.controller.CommunityController:?] - 查询所有正常运营的社区
[2025-10-31 18:08:20.564] [INFO ] [LeaderService] [http-nio-8068-exec-4] [com.bcu.edu.controller.CommunityController:?] - 查询所有正常运营的社区
[2025-10-31 18:08:22.111] [INFO ] [LeaderService] [http-nio-8068-exec-6] [c.b.edu.controller.CommunityApplicationController:?] - 管理员查询待审核申请
[2025-10-31 18:08:22.818] [INFO ] [LeaderService] [http-nio-8068-exec-7] [com.bcu.edu.controller.LeaderController:?] - 管理员查询待审核团长申请
[2025-10-31 18:08:23.457] [INFO ] [LeaderService] [http-nio-8068-exec-8] [com.bcu.edu.controller.CommissionController:?] - 管理员查询待结算佣金
[2025-10-31 18:41:02.536] [INFO ] [LeaderService] [SpringApplicationShutdownHook] [o.s.c.consul.serviceregistry.ConsulServiceRegistry:?] - Deregistering service with consul: LeaderService-8068
[2025-10-31 18:41:02.545] [INFO ] [LeaderService] [SpringApplicationShutdownHook] [o.s.orm.jpa.LocalContainerEntityManagerFactoryBean:?] - Closing JPA EntityManagerFactory for persistence unit 'default'
[2025-10-31 18:41:02.548] [INFO ] [LeaderService] [SpringApplicationShutdownHook] [com.zaxxer.hikari.HikariDataSource:?] - LeaderServiceHikariCP - Shutdown initiated...
[2025-10-31 18:41:02.550] [INFO ] [LeaderService] [SpringApplicationShutdownHook] [com.zaxxer.hikari.HikariDataSource:?] - LeaderServiceHikariCP - Shutdown completed.
[2025-10-31 18:42:58.119] [INFO ] [LeaderService] [main] [com.bcu.edu.LeaderServiceApplication:?] - Starting LeaderServiceApplication using Java 17.0.6 with PID 17764 (E:\E\BYSJ\community-group-buy-backend\LeaderService\target\classes started by Gkr07 in E:\E\BYSJ\community-group-buy-backend)
[2025-10-31 18:42:58.122] [INFO ] [LeaderService] [main] [com.bcu.edu.LeaderServiceApplication:?] - No active profile set, falling back to 1 default profile: "default"
[2025-10-31 18:42:58.945] [WARN ] [LeaderService] [main] [o.s.b.w.s.c.AnnotationConfigServletWebServerApplicationContext:?] - Exception encountered during context initialization - cancelling refresh attempt: org.springframework.beans.factory.support.BeanDefinitionOverrideException: Invalid bean definition with name 'UserService.FeignClientSpecification' defined in null: Cannot register bean definition [Generic bean: class [org.springframework.cloud.openfeign.FeignClientSpecification]; scope=; abstract=false; lazyInit=null; autowireMode=0; dependencyCheck=0; autowireCandidate=true; primary=false; factoryBeanName=null; factoryMethodName=null; initMethodNames=null; destroyMethodNames=null] for bean 'UserService.FeignClientSpecification' since there is already [Generic bean: class [org.springframework.cloud.openfeign.FeignClientSpecification]; scope=; abstract=false; lazyInit=null; autowireMode=0; dependencyCheck=0; autowireCandidate=true; primary=false; factoryBeanName=null; factoryMethodName=null; initMethodNames=null; destroyMethodNames=null] bound.
[2025-10-31 18:42:58.955] [INFO ] [LeaderService] [main] [o.s.b.a.logging.ConditionEvaluationReportLogger:?] - 

Error starting ApplicationContext. To display the condition evaluation report re-run your application with 'debug' enabled.
[2025-10-31 18:42:58.978] [ERROR] [LeaderService] [main] [o.s.b.diagnostics.LoggingFailureAnalysisReporter:?] - 

***************************
APPLICATION FAILED TO START
***************************

Description:

The bean 'UserService.FeignClientSpecification' could not be registered. A bean with that name has already been defined and overriding is disabled.

Action:

Consider renaming one of the beans or enabling overriding by setting spring.main.allow-bean-definition-overriding=true

[2025-10-31 18:48:49.958] [INFO ] [LeaderService] [main] [com.bcu.edu.LeaderServiceApplication:?] - Starting LeaderServiceApplication using Java 17.0.6 with PID 29552 (E:\E\BYSJ\community-group-buy-backend\LeaderService\target\classes started by Gkr07 in E:\E\BYSJ\community-group-buy-backend)
[2025-10-31 18:48:49.962] [INFO ] [LeaderService] [main] [com.bcu.edu.LeaderServiceApplication:?] - No active profile set, falling back to 1 default profile: "default"
[2025-10-31 18:48:50.697] [WARN ] [LeaderService] [main] [o.s.b.w.s.c.AnnotationConfigServletWebServerApplicationContext:?] - Exception encountered during context initialization - cancelling refresh attempt: org.springframework.beans.factory.support.BeanDefinitionOverrideException: Invalid bean definition with name 'UserService.FeignClientSpecification' defined in null: Cannot register bean definition [Generic bean: class [org.springframework.cloud.openfeign.FeignClientSpecification]; scope=; abstract=false; lazyInit=null; autowireMode=0; dependencyCheck=0; autowireCandidate=true; primary=false; factoryBeanName=null; factoryMethodName=null; initMethodNames=null; destroyMethodNames=null] for bean 'UserService.FeignClientSpecification' since there is already [Generic bean: class [org.springframework.cloud.openfeign.FeignClientSpecification]; scope=; abstract=false; lazyInit=null; autowireMode=0; dependencyCheck=0; autowireCandidate=true; primary=false; factoryBeanName=null; factoryMethodName=null; initMethodNames=null; destroyMethodNames=null] bound.
[2025-10-31 18:48:50.707] [INFO ] [LeaderService] [main] [o.s.b.a.logging.ConditionEvaluationReportLogger:?] - 

Error starting ApplicationContext. To display the condition evaluation report re-run your application with 'debug' enabled.
[2025-10-31 18:48:50.728] [ERROR] [LeaderService] [main] [o.s.b.diagnostics.LoggingFailureAnalysisReporter:?] - 

***************************
APPLICATION FAILED TO START
***************************

Description:

The bean 'UserService.FeignClientSpecification' could not be registered. A bean with that name has already been defined and overriding is disabled.

Action:

Consider renaming one of the beans or enabling overriding by setting spring.main.allow-bean-definition-overriding=true

[2025-10-31 18:49:17.076] [INFO ] [LeaderService] [main] [com.bcu.edu.LeaderServiceApplication:?] - Starting LeaderServiceApplication using Java 17.0.6 with PID 16496 (E:\E\BYSJ\community-group-buy-backend\LeaderService\target\classes started by Gkr07 in E:\E\BYSJ\community-group-buy-backend)
[2025-10-31 18:49:17.080] [INFO ] [LeaderService] [main] [com.bcu.edu.LeaderServiceApplication:?] - No active profile set, falling back to 1 default profile: "default"
[2025-10-31 18:49:17.701] [WARN ] [LeaderService] [main] [o.s.b.w.s.c.AnnotationConfigServletWebServerApplicationContext:?] - Exception encountered during context initialization - cancelling refresh attempt: org.springframework.beans.factory.support.BeanDefinitionOverrideException: Invalid bean definition with name 'UserService.FeignClientSpecification' defined in null: Cannot register bean definition [Generic bean: class [org.springframework.cloud.openfeign.FeignClientSpecification]; scope=; abstract=false; lazyInit=null; autowireMode=0; dependencyCheck=0; autowireCandidate=true; primary=false; factoryBeanName=null; factoryMethodName=null; initMethodNames=null; destroyMethodNames=null] for bean 'UserService.FeignClientSpecification' since there is already [Generic bean: class [org.springframework.cloud.openfeign.FeignClientSpecification]; scope=; abstract=false; lazyInit=null; autowireMode=0; dependencyCheck=0; autowireCandidate=true; primary=false; factoryBeanName=null; factoryMethodName=null; initMethodNames=null; destroyMethodNames=null] bound.
[2025-10-31 18:49:17.711] [INFO ] [LeaderService] [main] [o.s.b.a.logging.ConditionEvaluationReportLogger:?] - 

Error starting ApplicationContext. To display the condition evaluation report re-run your application with 'debug' enabled.
[2025-10-31 18:49:17.730] [ERROR] [LeaderService] [main] [o.s.b.diagnostics.LoggingFailureAnalysisReporter:?] - 

***************************
APPLICATION FAILED TO START
***************************

Description:

The bean 'UserService.FeignClientSpecification' could not be registered. A bean with that name has already been defined and overriding is disabled.

Action:

Consider renaming one of the beans or enabling overriding by setting spring.main.allow-bean-definition-overriding=true

[2025-10-31 18:51:25.868] [INFO ] [LeaderService] [main] [com.bcu.edu.LeaderServiceApplication:?] - Starting LeaderServiceApplication using Java 17.0.6 with PID 36056 (E:\E\BYSJ\community-group-buy-backend\LeaderService\target\classes started by Gkr07 in E:\E\BYSJ\community-group-buy-backend)
[2025-10-31 18:51:25.871] [INFO ] [LeaderService] [main] [com.bcu.edu.LeaderServiceApplication:?] - No active profile set, falling back to 1 default profile: "default"
[2025-10-31 18:51:26.819] [INFO ] [LeaderService] [main] [o.s.d.r.config.RepositoryConfigurationDelegate:?] - Bootstrapping Spring Data JPA repositories in DEFAULT mode.
[2025-10-31 18:51:26.967] [INFO ] [LeaderService] [main] [o.s.d.r.config.RepositoryConfigurationDelegate:?] - Finished Spring Data repository scanning in 141 ms. Found 5 JPA repository interfaces.
[2025-10-31 18:51:27.172] [INFO ] [LeaderService] [main] [o.springframework.cloud.context.scope.GenericScope:?] - BeanFactory id=c534ceb8-b4dd-3aeb-9267-f354cbea0ba7
[2025-10-31 18:51:27.453] [WARN ] [LeaderService] [main] [o.s.c.s.PostProcessorRegistrationDelegate$BeanPostProcessorChecker:?] - Bean 'org.springframework.cloud.client.loadbalancer.LoadBalancerAutoConfiguration$LoadBalancerInterceptorConfig' of type [org.springframework.cloud.client.loadbalancer.LoadBalancerAutoConfiguration$LoadBalancerInterceptorConfig] is not eligible for getting processed by all BeanPostProcessors (for example: not eligible for auto-proxying). The currently created BeanPostProcessor [lbRestClientPostProcessor] is declared through a non-static factory method on that class; consider declaring it as static instead.
[2025-10-31 18:51:27.455] [WARN ] [LeaderService] [main] [o.s.c.s.PostProcessorRegistrationDelegate$BeanPostProcessorChecker:?] - Bean 'org.springframework.cloud.loadbalancer.config.BlockingLoadBalancerClientAutoConfiguration' of type [org.springframework.cloud.loadbalancer.config.BlockingLoadBalancerClientAutoConfiguration] is not eligible for getting processed by all BeanPostProcessors (for example: not eligible for auto-proxying). Is this bean getting eagerly injected into a currently created BeanPostProcessor [lbRestClientPostProcessor]? Check the corresponding BeanPostProcessor declaration and its dependencies.
[2025-10-31 18:51:27.457] [WARN ] [LeaderService] [main] [o.s.c.s.PostProcessorRegistrationDelegate$BeanPostProcessorChecker:?] - Bean 'org.springframework.cloud.loadbalancer.config.LoadBalancerAutoConfiguration' of type [org.springframework.cloud.loadbalancer.config.LoadBalancerAutoConfiguration] is not eligible for getting processed by all BeanPostProcessors (for example: not eligible for auto-proxying). Is this bean getting eagerly injected into a currently created BeanPostProcessor [lbRestClientPostProcessor]? Check the corresponding BeanPostProcessor declaration and its dependencies.
[2025-10-31 18:51:27.464] [WARN ] [LeaderService] [main] [o.s.c.s.PostProcessorRegistrationDelegate$BeanPostProcessorChecker:?] - Bean 'org.springframework.cloud.commons.config.CommonsConfigAutoConfiguration' of type [org.springframework.cloud.commons.config.CommonsConfigAutoConfiguration] is not eligible for getting processed by all BeanPostProcessors (for example: not eligible for auto-proxying). Is this bean getting eagerly injected into a currently created BeanPostProcessor [lbRestClientPostProcessor]? Check the corresponding BeanPostProcessor declaration and its dependencies.
[2025-10-31 18:51:27.466] [WARN ] [LeaderService] [main] [o.s.c.s.PostProcessorRegistrationDelegate$BeanPostProcessorChecker:?] - Bean 'org.springframework.cloud.client.loadbalancer.LoadBalancerDefaultMappingsProviderAutoConfiguration' of type [org.springframework.cloud.client.loadbalancer.LoadBalancerDefaultMappingsProviderAutoConfiguration] is not eligible for getting processed by all BeanPostProcessors (for example: not eligible for auto-proxying). Is this bean getting eagerly injected into a currently created BeanPostProcessor [lbRestClientPostProcessor]? Check the corresponding BeanPostProcessor declaration and its dependencies.
[2025-10-31 18:51:27.468] [WARN ] [LeaderService] [main] [o.s.c.s.PostProcessorRegistrationDelegate$BeanPostProcessorChecker:?] - Bean 'loadBalancerClientsDefaultsMappingsProvider' of type [org.springframework.cloud.client.loadbalancer.LoadBalancerDefaultMappingsProviderAutoConfiguration$$Lambda$781/0x000000080113e590] is not eligible for getting processed by all BeanPostProcessors (for example: not eligible for auto-proxying). Is this bean getting eagerly injected into a currently created BeanPostProcessor [lbRestClientPostProcessor]? Check the corresponding BeanPostProcessor declaration and its dependencies.
[2025-10-31 18:51:27.470] [WARN ] [LeaderService] [main] [o.s.c.s.PostProcessorRegistrationDelegate$BeanPostProcessorChecker:?] - Bean 'defaultsBindHandlerAdvisor' of type [org.springframework.cloud.commons.config.DefaultsBindHandlerAdvisor] is not eligible for getting processed by all BeanPostProcessors (for example: not eligible for auto-proxying). Is this bean getting eagerly injected into a currently created BeanPostProcessor [lbRestClientPostProcessor]? Check the corresponding BeanPostProcessor declaration and its dependencies.
[2025-10-31 18:51:27.475] [WARN ] [LeaderService] [main] [o.s.c.s.PostProcessorRegistrationDelegate$BeanPostProcessorChecker:?] - Bean 'spring.cloud.loadbalancer-org.springframework.cloud.client.loadbalancer.LoadBalancerClientsProperties' of type [org.springframework.cloud.client.loadbalancer.LoadBalancerClientsProperties] is not eligible for getting processed by all BeanPostProcessors (for example: not eligible for auto-proxying). Is this bean getting eagerly injected into a currently created BeanPostProcessor [lbRestClientPostProcessor]? Check the corresponding BeanPostProcessor declaration and its dependencies.
[2025-10-31 18:51:27.480] [WARN ] [LeaderService] [main] [o.s.c.s.PostProcessorRegistrationDelegate$BeanPostProcessorChecker:?] - Bean 'default.org.springframework.cloud.loadbalancer.config.LoadBalancerAutoConfiguration.LoadBalancerClientSpecification' of type [org.springframework.cloud.loadbalancer.annotation.LoadBalancerClientSpecification] is not eligible for getting processed by all BeanPostProcessors (for example: not eligible for auto-proxying). Is this bean getting eagerly injected into a currently created BeanPostProcessor [lbRestClientPostProcessor]? Check the corresponding BeanPostProcessor declaration and its dependencies.
[2025-10-31 18:51:27.482] [WARN ] [LeaderService] [main] [o.s.c.s.PostProcessorRegistrationDelegate$BeanPostProcessorChecker:?] - Bean 'default.org.springframework.cloud.loadbalancer.config.BlockingLoadBalancerClientAutoConfiguration.LoadBalancerClientSpecification' of type [org.springframework.cloud.loadbalancer.annotation.LoadBalancerClientSpecification] is not eligible for getting processed by all BeanPostProcessors (for example: not eligible for auto-proxying). Is this bean getting eagerly injected into a currently created BeanPostProcessor [lbRestClientPostProcessor]? Check the corresponding BeanPostProcessor declaration and its dependencies.
[2025-10-31 18:51:27.483] [WARN ] [LeaderService] [main] [o.s.c.s.PostProcessorRegistrationDelegate$BeanPostProcessorChecker:?] - Bean 'loadBalancerClientFactory' of type [org.springframework.cloud.loadbalancer.support.LoadBalancerClientFactory] is not eligible for getting processed by all BeanPostProcessors (for example: not eligible for auto-proxying). Is this bean getting eagerly injected into a currently created BeanPostProcessor [lbRestClientPostProcessor]? Check the corresponding BeanPostProcessor declaration and its dependencies.
[2025-10-31 18:51:27.489] [WARN ] [LeaderService] [main] [o.s.c.s.PostProcessorRegistrationDelegate$BeanPostProcessorChecker:?] - Bean 'blockingLoadBalancerClient' of type [org.springframework.cloud.loadbalancer.blocking.client.BlockingLoadBalancerClient] is not eligible for getting processed by all BeanPostProcessors (for example: not eligible for auto-proxying). Is this bean getting eagerly injected into a currently created BeanPostProcessor [lbRestClientPostProcessor]? Check the corresponding BeanPostProcessor declaration and its dependencies.
[2025-10-31 18:51:27.494] [WARN ] [LeaderService] [main] [o.s.c.s.PostProcessorRegistrationDelegate$BeanPostProcessorChecker:?] - Bean 'loadBalancerServiceInstanceCookieTransformer' of type [org.springframework.cloud.loadbalancer.core.LoadBalancerServiceInstanceCookieTransformer] is not eligible for getting processed by all BeanPostProcessors (for example: not eligible for auto-proxying). Is this bean getting eagerly injected into a currently created BeanPostProcessor [lbRestClientPostProcessor]? Check the corresponding BeanPostProcessor declaration and its dependencies.
[2025-10-31 18:51:27.497] [WARN ] [LeaderService] [main] [o.s.c.s.PostProcessorRegistrationDelegate$BeanPostProcessorChecker:?] - Bean 'xForwarderHeadersTransformer' of type [org.springframework.cloud.loadbalancer.blocking.XForwardedHeadersTransformer] is not eligible for getting processed by all BeanPostProcessors (for example: not eligible for auto-proxying). Is this bean getting eagerly injected into a currently created BeanPostProcessor [lbRestClientPostProcessor]? Check the corresponding BeanPostProcessor declaration and its dependencies.
[2025-10-31 18:51:27.498] [WARN ] [LeaderService] [main] [o.s.c.s.PostProcessorRegistrationDelegate$BeanPostProcessorChecker:?] - Bean 'org.springframework.cloud.client.loadbalancer.LoadBalancerAutoConfiguration' of type [org.springframework.cloud.client.loadbalancer.LoadBalancerAutoConfiguration] is not eligible for getting processed by all BeanPostProcessors (for example: not eligible for auto-proxying). Is this bean getting eagerly injected into a currently created BeanPostProcessor [lbRestClientPostProcessor]? Check the corresponding BeanPostProcessor declaration and its dependencies.
[2025-10-31 18:51:27.499] [WARN ] [LeaderService] [main] [o.s.c.s.PostProcessorRegistrationDelegate$BeanPostProcessorChecker:?] - Bean 'loadBalancerRequestFactory' of type [org.springframework.cloud.client.loadbalancer.LoadBalancerRequestFactory] is not eligible for getting processed by all BeanPostProcessors (for example: not eligible for auto-proxying). Is this bean getting eagerly injected into a currently created BeanPostProcessor [lbRestClientPostProcessor]? Check the corresponding BeanPostProcessor declaration and its dependencies.
[2025-10-31 18:51:27.501] [WARN ] [LeaderService] [main] [o.s.c.s.PostProcessorRegistrationDelegate$BeanPostProcessorChecker:?] - Bean 'loadBalancerInterceptor' of type [org.springframework.cloud.client.loadbalancer.LoadBalancerInterceptor] is not eligible for getting processed by all BeanPostProcessors (for example: not eligible for auto-proxying). Is this bean getting eagerly injected into a currently created BeanPostProcessor [lbRestClientPostProcessor]? Check the corresponding BeanPostProcessor declaration and its dependencies.
[2025-10-31 18:51:27.744] [INFO ] [LeaderService] [main] [o.s.boot.web.embedded.tomcat.TomcatWebServer:?] - Tomcat initialized with port 8068 (http)
[2025-10-31 18:51:27.830] [INFO ] [LeaderService] [main] [o.s.b.w.s.c.ServletWebServerApplicationContext:?] - Root WebApplicationContext: initialization completed in 1922 ms
[2025-10-31 18:51:28.080] [INFO ] [LeaderService] [main] [org.hibernate.jpa.internal.util.LogHelper:?] - HHH000204: Processing PersistenceUnitInfo [name: default]
[2025-10-31 18:51:28.138] [INFO ] [LeaderService] [main] [org.hibernate.Version:?] - HHH000412: Hibernate ORM core version 6.4.4.Final
[2025-10-31 18:51:28.170] [INFO ] [LeaderService] [main] [o.hibernate.cache.internal.RegionFactoryInitiator:?] - HHH000026: Second-level cache disabled
[2025-10-31 18:51:28.388] [INFO ] [LeaderService] [main] [o.s.o.j.persistenceunit.SpringPersistenceUnitInfo:?] - No LoadTimeWeaver setup: ignoring JPA class transformer
[2025-10-31 18:51:28.423] [INFO ] [LeaderService] [main] [com.zaxxer.hikari.HikariDataSource:?] - LeaderServiceHikariCP - Starting...
[2025-10-31 18:51:28.560] [INFO ] [LeaderService] [main] [com.zaxxer.hikari.pool.HikariPool:?] - LeaderServiceHikariCP - Added connection com.mysql.cj.jdbc.ConnectionImpl@4a7c72af
[2025-10-31 18:51:28.561] [INFO ] [LeaderService] [main] [com.zaxxer.hikari.HikariDataSource:?] - LeaderServiceHikariCP - Start completed.
[2025-10-31 18:51:28.602] [WARN ] [LeaderService] [main] [org.hibernate.orm.deprecation:?] - HHH90000025: MySQL8Dialect does not need to be specified explicitly using 'hibernate.dialect' (remove the property setting and it will be selected by default)
[2025-10-31 18:51:28.603] [WARN ] [LeaderService] [main] [org.hibernate.orm.deprecation:?] - HHH90000026: MySQL8Dialect has been deprecated; use org.hibernate.dialect.MySQLDialect instead
[2025-10-31 18:51:29.493] [INFO ] [LeaderService] [main] [o.h.e.t.jta.platform.internal.JtaPlatformInitiator:?] - HHH000489: No JTA platform available (set 'hibernate.transaction.jta.platform' to enable JTA platform integration)
[2025-10-31 18:51:29.551] [INFO ] [LeaderService] [main] [o.s.orm.jpa.LocalContainerEntityManagerFactoryBean:?] - Initialized JPA EntityManagerFactory for persistence unit 'default'
[2025-10-31 18:51:29.832] [INFO ] [LeaderService] [main] [o.s.data.jpa.repository.query.QueryEnhancerFactory:?] - Hibernate is in classpath; If applicable, HQL parser will be used.
[2025-10-31 18:51:31.095] [INFO ] [LeaderService] [main] [o.s.b.actuate.endpoint.web.EndpointLinksResolver:?] - Exposing 17 endpoint(s) beneath base path '/actuator'
[2025-10-31 18:51:31.153] [WARN ] [LeaderService] [main] [o.s.b.a.o.j.JpaBaseConfiguration$JpaWebConfiguration:?] - spring.jpa.open-in-view is enabled by default. Therefore, database queries may be performed during view rendering. Explicitly configure spring.jpa.open-in-view to disable this warning
[2025-10-31 18:51:31.219] [INFO ] [LeaderService] [main] [o.s.cloud.openfeign.FeignClientFactoryBean:?] - For 'UserService' URL not provided. Will try picking an instance via load-balancing.
[2025-10-31 18:51:31.338] [INFO ] [LeaderService] [main] [o.s.cloud.openfeign.FeignClientFactoryBean:?] - For 'UserService' URL not provided. Will try picking an instance via load-balancing.
[2025-10-31 18:51:32.333] [WARN ] [LeaderService] [main] [o.s.c.l.c.LoadBalancerCacheAutoConfiguration$LoadBalancerCaffeineWarnLogger:?] - Spring Cloud LoadBalancer is currently working with the default cache. While this cache implementation is useful for development and tests, it's recommended to use Caffeine cache in production.You can switch to using Caffeine cache, by adding it and org.springframework.cache.caffeine.CaffeineCacheManager to the classpath.
[2025-10-31 18:51:32.415] [INFO ] [LeaderService] [main] [o.s.boot.web.embedded.tomcat.TomcatWebServer:?] - Tomcat started on port 8068 (http) with context path ''
[2025-10-31 18:51:32.417] [INFO ] [LeaderService] [main] [o.s.c.consul.serviceregistry.ConsulServiceRegistry:?] - Registering service with consul: NewService{id='LeaderService-8068', name='LeaderService', tags=[], address='192.168.245.1', meta={secure=false}, port=8068, enableTagOverride=null, check=Check{script='null', dockerContainerID='null', shell='null', interval='15s', ttl='null', http='http://192.168.245.1:8068/actuator/health', method='null', header={}, tcp='null', timeout='null', deregisterCriticalServiceAfter='null', tlsSkipVerify=null, status='null', grpc='null', grpcUseTLS=null}, checks=null}
[2025-10-31 18:51:32.794] [INFO ] [LeaderService] [main] [com.bcu.edu.LeaderServiceApplication:?] - Started LeaderServiceApplication in 7.752 seconds (process running for 8.444)
[2025-10-31 18:51:34.210] [INFO ] [LeaderService] [http-nio-8068-exec-1] [org.springframework.web.servlet.DispatcherServlet:?] - Initializing Servlet 'dispatcherServlet'
[2025-10-31 18:51:34.212] [INFO ] [LeaderService] [http-nio-8068-exec-1] [org.springframework.web.servlet.DispatcherServlet:?] - Completed initialization in 2 ms
[2025-10-31 18:51:36.762] [INFO ] [LeaderService] [http-nio-8068-exec-2] [com.bcu.edu.controller.CommissionController:?] - 管理员查询待结算佣金
[2025-10-31 18:51:37.174] [INFO ] [LeaderService] [http-nio-8068-exec-3] [com.bcu.edu.controller.LeaderController:?] - 管理员查询待审核团长申请
[2025-10-31 18:51:37.706] [INFO ] [LeaderService] [http-nio-8068-exec-4] [c.b.edu.controller.CommunityApplicationController:?] - 管理员查询待审核申请
[2025-10-31 18:51:38.216] [INFO ] [LeaderService] [http-nio-8068-exec-5] [com.bcu.edu.controller.CommunityController:?] - 查询所有正常运营的社区
[2025-10-31 18:51:38.789] [INFO ] [LeaderService] [http-nio-8068-exec-6] [com.bcu.edu.controller.CommunityController:?] - 查询所有正常运营的社区
[2025-10-31 18:51:39.770] [INFO ] [LeaderService] [http-nio-8068-exec-7] [com.bcu.edu.controller.LeaderController:?] - 管理员查询待审核团长申请
[2025-10-31 18:51:40.150] [INFO ] [LeaderService] [http-nio-8068-exec-8] [com.bcu.edu.controller.CommissionController:?] - 管理员查询待结算佣金
[2025-10-31 18:59:45.994] [INFO ] [LeaderService] [SpringApplicationShutdownHook] [o.s.c.consul.serviceregistry.ConsulServiceRegistry:?] - Deregistering service with consul: LeaderService-8068
[2025-10-31 18:59:46.000] [INFO ] [LeaderService] [SpringApplicationShutdownHook] [o.s.orm.jpa.LocalContainerEntityManagerFactoryBean:?] - Closing JPA EntityManagerFactory for persistence unit 'default'
[2025-10-31 18:59:46.004] [INFO ] [LeaderService] [SpringApplicationShutdownHook] [com.zaxxer.hikari.HikariDataSource:?] - LeaderServiceHikariCP - Shutdown initiated...
[2025-10-31 18:59:46.010] [INFO ] [LeaderService] [SpringApplicationShutdownHook] [com.zaxxer.hikari.HikariDataSource:?] - LeaderServiceHikariCP - Shutdown completed.
[2025-10-31 19:01:44.137] [INFO ] [LeaderService] [main] [com.bcu.edu.LeaderServiceApplication:?] - Starting LeaderServiceApplication using Java 17.0.6 with PID 30532 (E:\E\BYSJ\community-group-buy-backend\LeaderService\target\classes started by Gkr07 in E:\E\BYSJ\community-group-buy-backend)
[2025-10-31 19:01:44.140] [INFO ] [LeaderService] [main] [com.bcu.edu.LeaderServiceApplication:?] - No active profile set, falling back to 1 default profile: "default"
[2025-10-31 19:01:45.278] [INFO ] [LeaderService] [main] [o.s.d.r.config.RepositoryConfigurationDelegate:?] - Bootstrapping Spring Data JPA repositories in DEFAULT mode.
[2025-10-31 19:01:45.464] [INFO ] [LeaderService] [main] [o.s.d.r.config.RepositoryConfigurationDelegate:?] - Finished Spring Data repository scanning in 178 ms. Found 5 JPA repository interfaces.
[2025-10-31 19:01:45.773] [INFO ] [LeaderService] [main] [o.springframework.cloud.context.scope.GenericScope:?] - BeanFactory id=c534ceb8-b4dd-3aeb-9267-f354cbea0ba7
[2025-10-31 19:01:46.128] [WARN ] [LeaderService] [main] [o.s.c.s.PostProcessorRegistrationDelegate$BeanPostProcessorChecker:?] - Bean 'org.springframework.cloud.client.loadbalancer.LoadBalancerAutoConfiguration$LoadBalancerInterceptorConfig' of type [org.springframework.cloud.client.loadbalancer.LoadBalancerAutoConfiguration$LoadBalancerInterceptorConfig] is not eligible for getting processed by all BeanPostProcessors (for example: not eligible for auto-proxying). The currently created BeanPostProcessor [lbRestClientPostProcessor] is declared through a non-static factory method on that class; consider declaring it as static instead.
[2025-10-31 19:01:46.132] [WARN ] [LeaderService] [main] [o.s.c.s.PostProcessorRegistrationDelegate$BeanPostProcessorChecker:?] - Bean 'org.springframework.cloud.loadbalancer.config.BlockingLoadBalancerClientAutoConfiguration' of type [org.springframework.cloud.loadbalancer.config.BlockingLoadBalancerClientAutoConfiguration] is not eligible for getting processed by all BeanPostProcessors (for example: not eligible for auto-proxying). Is this bean getting eagerly injected into a currently created BeanPostProcessor [lbRestClientPostProcessor]? Check the corresponding BeanPostProcessor declaration and its dependencies.
[2025-10-31 19:01:46.136] [WARN ] [LeaderService] [main] [o.s.c.s.PostProcessorRegistrationDelegate$BeanPostProcessorChecker:?] - Bean 'org.springframework.cloud.loadbalancer.config.LoadBalancerAutoConfiguration' of type [org.springframework.cloud.loadbalancer.config.LoadBalancerAutoConfiguration] is not eligible for getting processed by all BeanPostProcessors (for example: not eligible for auto-proxying). Is this bean getting eagerly injected into a currently created BeanPostProcessor [lbRestClientPostProcessor]? Check the corresponding BeanPostProcessor declaration and its dependencies.
[2025-10-31 19:01:46.147] [WARN ] [LeaderService] [main] [o.s.c.s.PostProcessorRegistrationDelegate$BeanPostProcessorChecker:?] - Bean 'org.springframework.cloud.commons.config.CommonsConfigAutoConfiguration' of type [org.springframework.cloud.commons.config.CommonsConfigAutoConfiguration] is not eligible for getting processed by all BeanPostProcessors (for example: not eligible for auto-proxying). Is this bean getting eagerly injected into a currently created BeanPostProcessor [lbRestClientPostProcessor]? Check the corresponding BeanPostProcessor declaration and its dependencies.
[2025-10-31 19:01:46.150] [WARN ] [LeaderService] [main] [o.s.c.s.PostProcessorRegistrationDelegate$BeanPostProcessorChecker:?] - Bean 'org.springframework.cloud.client.loadbalancer.LoadBalancerDefaultMappingsProviderAutoConfiguration' of type [org.springframework.cloud.client.loadbalancer.LoadBalancerDefaultMappingsProviderAutoConfiguration] is not eligible for getting processed by all BeanPostProcessors (for example: not eligible for auto-proxying). Is this bean getting eagerly injected into a currently created BeanPostProcessor [lbRestClientPostProcessor]? Check the corresponding BeanPostProcessor declaration and its dependencies.
[2025-10-31 19:01:46.153] [WARN ] [LeaderService] [main] [o.s.c.s.PostProcessorRegistrationDelegate$BeanPostProcessorChecker:?] - Bean 'loadBalancerClientsDefaultsMappingsProvider' of type [org.springframework.cloud.client.loadbalancer.LoadBalancerDefaultMappingsProviderAutoConfiguration$$Lambda$781/0x000000080113e590] is not eligible for getting processed by all BeanPostProcessors (for example: not eligible for auto-proxying). Is this bean getting eagerly injected into a currently created BeanPostProcessor [lbRestClientPostProcessor]? Check the corresponding BeanPostProcessor declaration and its dependencies.
[2025-10-31 19:01:46.155] [WARN ] [LeaderService] [main] [o.s.c.s.PostProcessorRegistrationDelegate$BeanPostProcessorChecker:?] - Bean 'defaultsBindHandlerAdvisor' of type [org.springframework.cloud.commons.config.DefaultsBindHandlerAdvisor] is not eligible for getting processed by all BeanPostProcessors (for example: not eligible for auto-proxying). Is this bean getting eagerly injected into a currently created BeanPostProcessor [lbRestClientPostProcessor]? Check the corresponding BeanPostProcessor declaration and its dependencies.
[2025-10-31 19:01:46.163] [WARN ] [LeaderService] [main] [o.s.c.s.PostProcessorRegistrationDelegate$BeanPostProcessorChecker:?] - Bean 'spring.cloud.loadbalancer-org.springframework.cloud.client.loadbalancer.LoadBalancerClientsProperties' of type [org.springframework.cloud.client.loadbalancer.LoadBalancerClientsProperties] is not eligible for getting processed by all BeanPostProcessors (for example: not eligible for auto-proxying). Is this bean getting eagerly injected into a currently created BeanPostProcessor [lbRestClientPostProcessor]? Check the corresponding BeanPostProcessor declaration and its dependencies.
[2025-10-31 19:01:46.170] [WARN ] [LeaderService] [main] [o.s.c.s.PostProcessorRegistrationDelegate$BeanPostProcessorChecker:?] - Bean 'default.org.springframework.cloud.loadbalancer.config.LoadBalancerAutoConfiguration.LoadBalancerClientSpecification' of type [org.springframework.cloud.loadbalancer.annotation.LoadBalancerClientSpecification] is not eligible for getting processed by all BeanPostProcessors (for example: not eligible for auto-proxying). Is this bean getting eagerly injected into a currently created BeanPostProcessor [lbRestClientPostProcessor]? Check the corresponding BeanPostProcessor declaration and its dependencies.
[2025-10-31 19:01:46.173] [WARN ] [LeaderService] [main] [o.s.c.s.PostProcessorRegistrationDelegate$BeanPostProcessorChecker:?] - Bean 'default.org.springframework.cloud.loadbalancer.config.BlockingLoadBalancerClientAutoConfiguration.LoadBalancerClientSpecification' of type [org.springframework.cloud.loadbalancer.annotation.LoadBalancerClientSpecification] is not eligible for getting processed by all BeanPostProcessors (for example: not eligible for auto-proxying). Is this bean getting eagerly injected into a currently created BeanPostProcessor [lbRestClientPostProcessor]? Check the corresponding BeanPostProcessor declaration and its dependencies.
[2025-10-31 19:01:46.173] [WARN ] [LeaderService] [main] [o.s.c.s.PostProcessorRegistrationDelegate$BeanPostProcessorChecker:?] - Bean 'loadBalancerClientFactory' of type [org.springframework.cloud.loadbalancer.support.LoadBalancerClientFactory] is not eligible for getting processed by all BeanPostProcessors (for example: not eligible for auto-proxying). Is this bean getting eagerly injected into a currently created BeanPostProcessor [lbRestClientPostProcessor]? Check the corresponding BeanPostProcessor declaration and its dependencies.
[2025-10-31 19:01:46.182] [WARN ] [LeaderService] [main] [o.s.c.s.PostProcessorRegistrationDelegate$BeanPostProcessorChecker:?] - Bean 'blockingLoadBalancerClient' of type [org.springframework.cloud.loadbalancer.blocking.client.BlockingLoadBalancerClient] is not eligible for getting processed by all BeanPostProcessors (for example: not eligible for auto-proxying). Is this bean getting eagerly injected into a currently created BeanPostProcessor [lbRestClientPostProcessor]? Check the corresponding BeanPostProcessor declaration and its dependencies.
[2025-10-31 19:01:46.191] [WARN ] [LeaderService] [main] [o.s.c.s.PostProcessorRegistrationDelegate$BeanPostProcessorChecker:?] - Bean 'loadBalancerServiceInstanceCookieTransformer' of type [org.springframework.cloud.loadbalancer.core.LoadBalancerServiceInstanceCookieTransformer] is not eligible for getting processed by all BeanPostProcessors (for example: not eligible for auto-proxying). Is this bean getting eagerly injected into a currently created BeanPostProcessor [lbRestClientPostProcessor]? Check the corresponding BeanPostProcessor declaration and its dependencies.
[2025-10-31 19:01:46.193] [WARN ] [LeaderService] [main] [o.s.c.s.PostProcessorRegistrationDelegate$BeanPostProcessorChecker:?] - Bean 'xForwarderHeadersTransformer' of type [org.springframework.cloud.loadbalancer.blocking.XForwardedHeadersTransformer] is not eligible for getting processed by all BeanPostProcessors (for example: not eligible for auto-proxying). Is this bean getting eagerly injected into a currently created BeanPostProcessor [lbRestClientPostProcessor]? Check the corresponding BeanPostProcessor declaration and its dependencies.
[2025-10-31 19:01:46.196] [WARN ] [LeaderService] [main] [o.s.c.s.PostProcessorRegistrationDelegate$BeanPostProcessorChecker:?] - Bean 'org.springframework.cloud.client.loadbalancer.LoadBalancerAutoConfiguration' of type [org.springframework.cloud.client.loadbalancer.LoadBalancerAutoConfiguration] is not eligible for getting processed by all BeanPostProcessors (for example: not eligible for auto-proxying). Is this bean getting eagerly injected into a currently created BeanPostProcessor [lbRestClientPostProcessor]? Check the corresponding BeanPostProcessor declaration and its dependencies.
[2025-10-31 19:01:46.199] [WARN ] [LeaderService] [main] [o.s.c.s.PostProcessorRegistrationDelegate$BeanPostProcessorChecker:?] - Bean 'loadBalancerRequestFactory' of type [org.springframework.cloud.client.loadbalancer.LoadBalancerRequestFactory] is not eligible for getting processed by all BeanPostProcessors (for example: not eligible for auto-proxying). Is this bean getting eagerly injected into a currently created BeanPostProcessor [lbRestClientPostProcessor]? Check the corresponding BeanPostProcessor declaration and its dependencies.
[2025-10-31 19:01:46.201] [WARN ] [LeaderService] [main] [o.s.c.s.PostProcessorRegistrationDelegate$BeanPostProcessorChecker:?] - Bean 'loadBalancerInterceptor' of type [org.springframework.cloud.client.loadbalancer.LoadBalancerInterceptor] is not eligible for getting processed by all BeanPostProcessors (for example: not eligible for auto-proxying). Is this bean getting eagerly injected into a currently created BeanPostProcessor [lbRestClientPostProcessor]? Check the corresponding BeanPostProcessor declaration and its dependencies.
[2025-10-31 19:01:46.527] [INFO ] [LeaderService] [main] [o.s.boot.web.embedded.tomcat.TomcatWebServer:?] - Tomcat initialized with port 8068 (http)
[2025-10-31 19:01:46.644] [INFO ] [LeaderService] [main] [o.s.b.w.s.c.ServletWebServerApplicationContext:?] - Root WebApplicationContext: initialization completed in 2464 ms
[2025-10-31 19:01:46.979] [INFO ] [LeaderService] [main] [org.hibernate.jpa.internal.util.LogHelper:?] - HHH000204: Processing PersistenceUnitInfo [name: default]
[2025-10-31 19:01:47.044] [INFO ] [LeaderService] [main] [org.hibernate.Version:?] - HHH000412: Hibernate ORM core version 6.4.4.Final
[2025-10-31 19:01:47.079] [INFO ] [LeaderService] [main] [o.hibernate.cache.internal.RegionFactoryInitiator:?] - HHH000026: Second-level cache disabled
[2025-10-31 19:01:47.314] [INFO ] [LeaderService] [main] [o.s.o.j.persistenceunit.SpringPersistenceUnitInfo:?] - No LoadTimeWeaver setup: ignoring JPA class transformer
[2025-10-31 19:01:47.348] [INFO ] [LeaderService] [main] [com.zaxxer.hikari.HikariDataSource:?] - LeaderServiceHikariCP - Starting...
[2025-10-31 19:01:47.488] [INFO ] [LeaderService] [main] [com.zaxxer.hikari.pool.HikariPool:?] - LeaderServiceHikariCP - Added connection com.mysql.cj.jdbc.ConnectionImpl@62c42a3
[2025-10-31 19:01:47.489] [INFO ] [LeaderService] [main] [com.zaxxer.hikari.HikariDataSource:?] - LeaderServiceHikariCP - Start completed.
[2025-10-31 19:01:47.533] [WARN ] [LeaderService] [main] [org.hibernate.orm.deprecation:?] - HHH90000025: MySQL8Dialect does not need to be specified explicitly using 'hibernate.dialect' (remove the property setting and it will be selected by default)
[2025-10-31 19:01:47.534] [WARN ] [LeaderService] [main] [org.hibernate.orm.deprecation:?] - HHH90000026: MySQL8Dialect has been deprecated; use org.hibernate.dialect.MySQLDialect instead
[2025-10-31 19:01:48.474] [INFO ] [LeaderService] [main] [o.h.e.t.jta.platform.internal.JtaPlatformInitiator:?] - HHH000489: No JTA platform available (set 'hibernate.transaction.jta.platform' to enable JTA platform integration)
[2025-10-31 19:01:48.535] [INFO ] [LeaderService] [main] [o.s.orm.jpa.LocalContainerEntityManagerFactoryBean:?] - Initialized JPA EntityManagerFactory for persistence unit 'default'
[2025-10-31 19:01:48.832] [INFO ] [LeaderService] [main] [o.s.data.jpa.repository.query.QueryEnhancerFactory:?] - Hibernate is in classpath; If applicable, HQL parser will be used.
[2025-10-31 19:01:50.210] [INFO ] [LeaderService] [main] [o.s.b.actuate.endpoint.web.EndpointLinksResolver:?] - Exposing 17 endpoint(s) beneath base path '/actuator'
[2025-10-31 19:01:50.270] [WARN ] [LeaderService] [main] [o.s.b.a.o.j.JpaBaseConfiguration$JpaWebConfiguration:?] - spring.jpa.open-in-view is enabled by default. Therefore, database queries may be performed during view rendering. Explicitly configure spring.jpa.open-in-view to disable this warning
[2025-10-31 19:01:50.351] [INFO ] [LeaderService] [main] [o.s.cloud.openfeign.FeignClientFactoryBean:?] - For 'UserService' URL not provided. Will try picking an instance via load-balancing.
[2025-10-31 19:01:50.456] [INFO ] [LeaderService] [main] [o.s.cloud.openfeign.FeignClientFactoryBean:?] - For 'UserService' URL not provided. Will try picking an instance via load-balancing.
[2025-10-31 19:01:51.521] [WARN ] [LeaderService] [main] [o.s.c.l.c.LoadBalancerCacheAutoConfiguration$LoadBalancerCaffeineWarnLogger:?] - Spring Cloud LoadBalancer is currently working with the default cache. While this cache implementation is useful for development and tests, it's recommended to use Caffeine cache in production.You can switch to using Caffeine cache, by adding it and org.springframework.cache.caffeine.CaffeineCacheManager to the classpath.
[2025-10-31 19:01:51.601] [INFO ] [LeaderService] [main] [o.s.boot.web.embedded.tomcat.TomcatWebServer:?] - Tomcat started on port 8068 (http) with context path ''
[2025-10-31 19:01:51.603] [INFO ] [LeaderService] [main] [o.s.c.consul.serviceregistry.ConsulServiceRegistry:?] - Registering service with consul: NewService{id='LeaderService-8068', name='LeaderService', tags=[], address='192.168.245.1', meta={secure=false}, port=8068, enableTagOverride=null, check=Check{script='null', dockerContainerID='null', shell='null', interval='15s', ttl='null', http='http://192.168.245.1:8068/actuator/health', method='null', header={}, tcp='null', timeout='null', deregisterCriticalServiceAfter='null', tlsSkipVerify=null, status='null', grpc='null', grpcUseTLS=null}, checks=null}
[2025-10-31 19:01:51.958] [INFO ] [LeaderService] [main] [com.bcu.edu.LeaderServiceApplication:?] - Started LeaderServiceApplication in 8.69 seconds (process running for 9.416)
[2025-10-31 19:02:05.039] [INFO ] [LeaderService] [http-nio-8068-exec-1] [org.springframework.web.servlet.DispatcherServlet:?] - Initializing Servlet 'dispatcherServlet'
[2025-10-31 19:02:05.043] [INFO ] [LeaderService] [http-nio-8068-exec-1] [org.springframework.web.servlet.DispatcherServlet:?] - Completed initialization in 3 ms
[2025-10-31 19:03:14.088] [INFO ] [LeaderService] [http-nio-8068-exec-4] [com.bcu.edu.controller.LeaderController:?] - 管理员查询待审核团长申请
[2025-10-31 19:03:15.859] [INFO ] [LeaderService] [http-nio-8068-exec-7] [com.bcu.edu.controller.CommissionController:?] - 管理员查询待结算佣金
[2025-10-31 19:22:54.675] [INFO ] [LeaderService] [http-nio-8068-exec-8] [com.bcu.edu.controller.CommissionController:?] - 管理员查询待结算佣金
