[2025-10-31 18:07:39.712] [DEBUG] [LeaderService] [main] [com.bcu.edu.LeaderServiceApplication:51] - Running with Spring Boot v3.2.3, Spring v6.1.4
[2025-10-31 18:07:44.436] [DEBUG] [LeaderService] [main] [org.hibernate.SQL:135] - 
    create table sys_operation_log (
        log_id bigint not null auto_increment,
        create_time datetime(6) not null,
        duration integer,
        error_msg TEXT,
        ip varchar(50),
        method varchar(500),
        module varchar(50) not null,
        operation varchar(255) not null,
        params TEXT,
        result varchar(20),
        user_id bigint,
        username varchar(50),
        primary key (log_id)
    ) engine=InnoDB
[2025-10-31 18:07:44.472] [DEBUG] [LeaderService] [main] [org.hibernate.SQL:135] - 
    alter table commission_record 
       drop index idx_order_id
[2025-10-31 18:07:44.486] [DEBUG] [LeaderService] [main] [org.hibernate.SQL:135] - 
    alter table commission_record 
       add constraint idx_order_id unique (order_id)
[2025-10-31 18:07:44.512] [DEBUG] [LeaderService] [main] [org.hibernate.SQL:135] - 
    alter table group_leader_store 
       drop index idx_leader_id
[2025-10-31 18:07:44.515] [DEBUG] [LeaderService] [main] [org.hibernate.SQL:135] - 
    alter table group_leader_store 
       add constraint idx_leader_id unique (leader_id)
[2025-10-31 18:07:44.547] [DEBUG] [LeaderService] [main] [org.hibernate.SQL:135] - 
    create index idx_user_id 
       on sys_operation_log (user_id)
[2025-10-31 18:07:44.564] [DEBUG] [LeaderService] [main] [org.hibernate.SQL:135] - 
    create index idx_module 
       on sys_operation_log (module)
[2025-10-31 18:07:44.576] [DEBUG] [LeaderService] [main] [org.hibernate.SQL:135] - 
    create index idx_create_time 
       on sys_operation_log (create_time)
[2025-10-31 18:07:44.590] [DEBUG] [LeaderService] [main] [org.hibernate.SQL:135] - 
    create index idx_result 
       on sys_operation_log (result)
[2025-10-31 18:08:18.777] [DEBUG] [LeaderService] [http-nio-8068-exec-3] [org.hibernate.SQL:135] - 
    select
        c1_0.community_id,
        c1_0.address,
        c1_0.city,
        c1_0.created_at,
        c1_0.description,
        c1_0.district,
        c1_0.latitude,
        c1_0.longitude,
        c1_0.community_name,
        c1_0.province,
        c1_0.service_radius,
        c1_0.status,
        c1_0.updated_at 
    from
        community c1_0 
    where
        c1_0.status=1 
    order by
        c1_0.created_at desc
[2025-10-31 18:08:20.565] [DEBUG] [LeaderService] [http-nio-8068-exec-4] [org.hibernate.SQL:135] - 
    select
        c1_0.community_id,
        c1_0.address,
        c1_0.city,
        c1_0.created_at,
        c1_0.description,
        c1_0.district,
        c1_0.latitude,
        c1_0.longitude,
        c1_0.community_name,
        c1_0.province,
        c1_0.service_radius,
        c1_0.status,
        c1_0.updated_at 
    from
        community c1_0 
    where
        c1_0.status=1 
    order by
        c1_0.created_at desc
[2025-10-31 18:08:22.114] [DEBUG] [LeaderService] [http-nio-8068-exec-6] [org.hibernate.SQL:135] - 
    select
        ca1_0.application_id,
        ca1_0.address,
        ca1_0.applicant_id,
        ca1_0.applicant_name,
        ca1_0.applicant_phone,
        ca1_0.application_reason,
        ca1_0.city,
        ca1_0.community_name,
        ca1_0.created_at,
        ca1_0.created_community_id,
        ca1_0.description,
        ca1_0.district,
        ca1_0.latitude,
        ca1_0.longitude,
        ca1_0.province,
        ca1_0.review_comment,
        ca1_0.reviewed_at,
        ca1_0.reviewer_id,
        ca1_0.service_radius,
        ca1_0.status,
        ca1_0.updated_at 
    from
        community_application ca1_0 
    where
        ca1_0.status=0 
    order by
        ca1_0.created_at
[2025-10-31 18:08:22.821] [DEBUG] [LeaderService] [http-nio-8068-exec-7] [org.hibernate.SQL:135] - 
    select
        gls1_0.store_id,
        gls1_0.address,
        gls1_0.city,
        gls1_0.commission_rate,
        gls1_0.community_id,
        gls1_0.community_name,
        gls1_0.created_at,
        gls1_0.description,
        gls1_0.detail_address,
        gls1_0.district,
        gls1_0.latitude,
        gls1_0.leader_id,
        gls1_0.leader_name,
        gls1_0.leader_phone,
        gls1_0.longitude,
        gls1_0.max_delivery_range,
        gls1_0.province,
        gls1_0.review_comment,
        gls1_0.reviewed_at,
        gls1_0.reviewer_id,
        gls1_0.status,
        gls1_0.store_name,
        gls1_0.total_commission,
        gls1_0.updated_at 
    from
        group_leader_store gls1_0 
    where
        gls1_0.status=0 
    order by
        gls1_0.created_at
[2025-10-31 18:08:23.459] [DEBUG] [LeaderService] [http-nio-8068-exec-8] [org.hibernate.SQL:135] - 
    select
        cr1_0.commission_id,
        cr1_0.commission_amount,
        cr1_0.commission_rate,
        cr1_0.created_at,
        cr1_0.leader_id,
        cr1_0.leader_name,
        cr1_0.order_amount,
        cr1_0.order_id,
        cr1_0.remark,
        cr1_0.settled_at,
        cr1_0.settlement_batch,
        cr1_0.status 
    from
        commission_record cr1_0 
    where
        cr1_0.status=0 
    order by
        cr1_0.created_at
[2025-10-31 18:42:58.120] [DEBUG] [LeaderService] [main] [com.bcu.edu.LeaderServiceApplication:51] - Running with Spring Boot v3.2.3, Spring v6.1.4
[2025-10-31 18:48:49.960] [DEBUG] [LeaderService] [main] [com.bcu.edu.LeaderServiceApplication:51] - Running with Spring Boot v3.2.3, Spring v6.1.4
[2025-10-31 18:49:17.077] [DEBUG] [LeaderService] [main] [com.bcu.edu.LeaderServiceApplication:51] - Running with Spring Boot v3.2.3, Spring v6.1.4
[2025-10-31 18:51:25.869] [DEBUG] [LeaderService] [main] [com.bcu.edu.LeaderServiceApplication:51] - Running with Spring Boot v3.2.3, Spring v6.1.4
[2025-10-31 18:51:36.835] [DEBUG] [LeaderService] [http-nio-8068-exec-2] [org.hibernate.SQL:135] - 
    select
        cr1_0.commission_id,
        cr1_0.commission_amount,
        cr1_0.commission_rate,
        cr1_0.created_at,
        cr1_0.leader_id,
        cr1_0.leader_name,
        cr1_0.order_amount,
        cr1_0.order_id,
        cr1_0.remark,
        cr1_0.settled_at,
        cr1_0.settlement_batch,
        cr1_0.status 
    from
        commission_record cr1_0 
    where
        cr1_0.status=0 
    order by
        cr1_0.created_at
[2025-10-31 18:51:37.176] [DEBUG] [LeaderService] [http-nio-8068-exec-3] [org.hibernate.SQL:135] - 
    select
        gls1_0.store_id,
        gls1_0.address,
        gls1_0.city,
        gls1_0.commission_rate,
        gls1_0.community_id,
        gls1_0.community_name,
        gls1_0.created_at,
        gls1_0.description,
        gls1_0.detail_address,
        gls1_0.district,
        gls1_0.latitude,
        gls1_0.leader_id,
        gls1_0.leader_name,
        gls1_0.leader_phone,
        gls1_0.longitude,
        gls1_0.max_delivery_range,
        gls1_0.province,
        gls1_0.review_comment,
        gls1_0.reviewed_at,
        gls1_0.reviewer_id,
        gls1_0.status,
        gls1_0.store_name,
        gls1_0.total_commission,
        gls1_0.updated_at 
    from
        group_leader_store gls1_0 
    where
        gls1_0.status=0 
    order by
        gls1_0.created_at
[2025-10-31 18:51:37.709] [DEBUG] [LeaderService] [http-nio-8068-exec-4] [org.hibernate.SQL:135] - 
    select
        ca1_0.application_id,
        ca1_0.address,
        ca1_0.applicant_id,
        ca1_0.applicant_name,
        ca1_0.applicant_phone,
        ca1_0.application_reason,
        ca1_0.city,
        ca1_0.community_name,
        ca1_0.created_at,
        ca1_0.created_community_id,
        ca1_0.description,
        ca1_0.district,
        ca1_0.latitude,
        ca1_0.longitude,
        ca1_0.province,
        ca1_0.review_comment,
        ca1_0.reviewed_at,
        ca1_0.reviewer_id,
        ca1_0.service_radius,
        ca1_0.status,
        ca1_0.updated_at 
    from
        community_application ca1_0 
    where
        ca1_0.status=0 
    order by
        ca1_0.created_at
[2025-10-31 18:51:38.218] [DEBUG] [LeaderService] [http-nio-8068-exec-5] [org.hibernate.SQL:135] - 
    select
        c1_0.community_id,
        c1_0.address,
        c1_0.city,
        c1_0.created_at,
        c1_0.description,
        c1_0.district,
        c1_0.latitude,
        c1_0.longitude,
        c1_0.community_name,
        c1_0.province,
        c1_0.service_radius,
        c1_0.status,
        c1_0.updated_at 
    from
        community c1_0 
    where
        c1_0.status=1 
    order by
        c1_0.created_at desc
[2025-10-31 18:51:38.791] [DEBUG] [LeaderService] [http-nio-8068-exec-6] [org.hibernate.SQL:135] - 
    select
        c1_0.community_id,
        c1_0.address,
        c1_0.city,
        c1_0.created_at,
        c1_0.description,
        c1_0.district,
        c1_0.latitude,
        c1_0.longitude,
        c1_0.community_name,
        c1_0.province,
        c1_0.service_radius,
        c1_0.status,
        c1_0.updated_at 
    from
        community c1_0 
    where
        c1_0.status=1 
    order by
        c1_0.created_at desc
[2025-10-31 18:51:39.771] [DEBUG] [LeaderService] [http-nio-8068-exec-7] [org.hibernate.SQL:135] - 
    select
        gls1_0.store_id,
        gls1_0.address,
        gls1_0.city,
        gls1_0.commission_rate,
        gls1_0.community_id,
        gls1_0.community_name,
        gls1_0.created_at,
        gls1_0.description,
        gls1_0.detail_address,
        gls1_0.district,
        gls1_0.latitude,
        gls1_0.leader_id,
        gls1_0.leader_name,
        gls1_0.leader_phone,
        gls1_0.longitude,
        gls1_0.max_delivery_range,
        gls1_0.province,
        gls1_0.review_comment,
        gls1_0.reviewed_at,
        gls1_0.reviewer_id,
        gls1_0.status,
        gls1_0.store_name,
        gls1_0.total_commission,
        gls1_0.updated_at 
    from
        group_leader_store gls1_0 
    where
        gls1_0.status=0 
    order by
        gls1_0.created_at
[2025-10-31 18:51:40.151] [DEBUG] [LeaderService] [http-nio-8068-exec-8] [org.hibernate.SQL:135] - 
    select
        cr1_0.commission_id,
        cr1_0.commission_amount,
        cr1_0.commission_rate,
        cr1_0.created_at,
        cr1_0.leader_id,
        cr1_0.leader_name,
        cr1_0.order_amount,
        cr1_0.order_id,
        cr1_0.remark,
        cr1_0.settled_at,
        cr1_0.settlement_batch,
        cr1_0.status 
    from
        commission_record cr1_0 
    where
        cr1_0.status=0 
    order by
        cr1_0.created_at
[2025-10-31 19:01:44.139] [DEBUG] [LeaderService] [main] [com.bcu.edu.LeaderServiceApplication:51] - Running with Spring Boot v3.2.3, Spring v6.1.4
[2025-10-31 19:03:14.159] [DEBUG] [LeaderService] [http-nio-8068-exec-4] [org.hibernate.SQL:135] - 
    select
        gls1_0.store_id,
        gls1_0.address,
        gls1_0.city,
        gls1_0.commission_rate,
        gls1_0.community_id,
        gls1_0.community_name,
        gls1_0.created_at,
        gls1_0.description,
        gls1_0.detail_address,
        gls1_0.district,
        gls1_0.latitude,
        gls1_0.leader_id,
        gls1_0.leader_name,
        gls1_0.leader_phone,
        gls1_0.longitude,
        gls1_0.max_delivery_range,
        gls1_0.province,
        gls1_0.review_comment,
        gls1_0.reviewed_at,
        gls1_0.reviewer_id,
        gls1_0.status,
        gls1_0.store_name,
        gls1_0.total_commission,
        gls1_0.updated_at 
    from
        group_leader_store gls1_0 
    where
        gls1_0.status=0 
    order by
        gls1_0.created_at
[2025-10-31 19:03:15.861] [DEBUG] [LeaderService] [http-nio-8068-exec-7] [org.hibernate.SQL:135] - 
    select
        cr1_0.commission_id,
        cr1_0.commission_amount,
        cr1_0.commission_rate,
        cr1_0.created_at,
        cr1_0.leader_id,
        cr1_0.leader_name,
        cr1_0.order_amount,
        cr1_0.order_id,
        cr1_0.remark,
        cr1_0.settled_at,
        cr1_0.settlement_batch,
        cr1_0.status 
    from
        commission_record cr1_0 
    where
        cr1_0.status=0 
    order by
        cr1_0.created_at
[2025-10-31 19:22:54.676] [DEBUG] [LeaderService] [http-nio-8068-exec-8] [org.hibernate.SQL:135] - 
    select
        cr1_0.commission_id,
        cr1_0.commission_amount,
        cr1_0.commission_rate,
        cr1_0.created_at,
        cr1_0.leader_id,
        cr1_0.leader_name,
        cr1_0.order_amount,
        cr1_0.order_id,
        cr1_0.remark,
        cr1_0.settled_at,
        cr1_0.settlement_batch,
        cr1_0.status 
    from
        commission_record cr1_0 
    where
        cr1_0.status=0 
    order by
        cr1_0.created_at
