[2025-11-10 20:03:49.694] [INFO ] [order-service] [main] [com.bcu.edu.OrderServiceApplication:?] - Starting OrderServiceApplication using Java 17.0.6 with PID 37240 (E:\E\BYSJ\community-group-buy-backend\OrderService\target\classes started by Gkr07 in E:\E\BYSJ\community-group-buy-backend)
[2025-11-10 20:03:49.703] [INFO ] [order-service] [main] [com.bcu.edu.OrderServiceApplication:?] - No active profile set, falling back to 1 default profile: "default"
[2025-11-10 20:03:51.307] [INFO ] [order-service] [main] [o.s.d.r.config.RepositoryConfigurationDelegate:?] - Bootstrapping Spring Data JPA repositories in DEFAULT mode.
[2025-11-10 20:03:51.601] [INFO ] [order-service] [main] [o.s.d.r.config.RepositoryConfigurationDelegate:?] - Finished Spring Data repository scanning in 280 ms. Found 4 JPA repository interfaces.
[2025-11-10 20:03:52.097] [INFO ] [order-service] [main] [o.springframework.cloud.context.scope.GenericScope:?] - BeanFactory id=dfc96946-3f2b-31d7-a6ff-1981739adaa3
[2025-11-10 20:03:52.730] [WARN ] [order-service] [main] [o.s.c.s.PostProcessorRegistrationDelegate$BeanPostProcessorChecker:?] - Bean 'org.springframework.cloud.client.loadbalancer.LoadBalancerAutoConfiguration$LoadBalancerInterceptorConfig' of type [org.springframework.cloud.client.loadbalancer.LoadBalancerAutoConfiguration$LoadBalancerInterceptorConfig] is not eligible for getting processed by all BeanPostProcessors (for example: not eligible for auto-proxying). The currently created BeanPostProcessor [lbRestClientPostProcessor] is declared through a non-static factory method on that class; consider declaring it as static instead.
[2025-11-10 20:03:52.737] [WARN ] [order-service] [main] [o.s.c.s.PostProcessorRegistrationDelegate$BeanPostProcessorChecker:?] - Bean 'org.springframework.cloud.loadbalancer.config.BlockingLoadBalancerClientAutoConfiguration' of type [org.springframework.cloud.loadbalancer.config.BlockingLoadBalancerClientAutoConfiguration] is not eligible for getting processed by all BeanPostProcessors (for example: not eligible for auto-proxying). Is this bean getting eagerly injected into a currently created BeanPostProcessor [lbRestClientPostProcessor]? Check the corresponding BeanPostProcessor declaration and its dependencies.
[2025-11-10 20:03:52.742] [WARN ] [order-service] [main] [o.s.c.s.PostProcessorRegistrationDelegate$BeanPostProcessorChecker:?] - Bean 'org.springframework.cloud.loadbalancer.config.LoadBalancerAutoConfiguration' of type [org.springframework.cloud.loadbalancer.config.LoadBalancerAutoConfiguration] is not eligible for getting processed by all BeanPostProcessors (for example: not eligible for auto-proxying). Is this bean getting eagerly injected into a currently created BeanPostProcessor [lbRestClientPostProcessor]? Check the corresponding BeanPostProcessor declaration and its dependencies.
[2025-11-10 20:03:52.760] [WARN ] [order-service] [main] [o.s.c.s.PostProcessorRegistrationDelegate$BeanPostProcessorChecker:?] - Bean 'org.springframework.cloud.commons.config.CommonsConfigAutoConfiguration' of type [org.springframework.cloud.commons.config.CommonsConfigAutoConfiguration] is not eligible for getting processed by all BeanPostProcessors (for example: not eligible for auto-proxying). Is this bean getting eagerly injected into a currently created BeanPostProcessor [lbRestClientPostProcessor]? Check the corresponding BeanPostProcessor declaration and its dependencies.
[2025-11-10 20:03:52.770] [WARN ] [order-service] [main] [o.s.c.s.PostProcessorRegistrationDelegate$BeanPostProcessorChecker:?] - Bean 'org.springframework.cloud.client.loadbalancer.LoadBalancerDefaultMappingsProviderAutoConfiguration' of type [org.springframework.cloud.client.loadbalancer.LoadBalancerDefaultMappingsProviderAutoConfiguration] is not eligible for getting processed by all BeanPostProcessors (for example: not eligible for auto-proxying). Is this bean getting eagerly injected into a currently created BeanPostProcessor [lbRestClientPostProcessor]? Check the corresponding BeanPostProcessor declaration and its dependencies.
[2025-11-10 20:03:52.778] [WARN ] [order-service] [main] [o.s.c.s.PostProcessorRegistrationDelegate$BeanPostProcessorChecker:?] - Bean 'loadBalancerClientsDefaultsMappingsProvider' of type [org.springframework.cloud.client.loadbalancer.LoadBalancerDefaultMappingsProviderAutoConfiguration$$Lambda$791/0x0000000801168590] is not eligible for getting processed by all BeanPostProcessors (for example: not eligible for auto-proxying). Is this bean getting eagerly injected into a currently created BeanPostProcessor [lbRestClientPostProcessor]? Check the corresponding BeanPostProcessor declaration and its dependencies.
[2025-11-10 20:03:52.794] [WARN ] [order-service] [main] [o.s.c.s.PostProcessorRegistrationDelegate$BeanPostProcessorChecker:?] - Bean 'defaultsBindHandlerAdvisor' of type [org.springframework.cloud.commons.config.DefaultsBindHandlerAdvisor] is not eligible for getting processed by all BeanPostProcessors (for example: not eligible for auto-proxying). Is this bean getting eagerly injected into a currently created BeanPostProcessor [lbRestClientPostProcessor]? Check the corresponding BeanPostProcessor declaration and its dependencies.
[2025-11-10 20:03:52.808] [WARN ] [order-service] [main] [o.s.c.s.PostProcessorRegistrationDelegate$BeanPostProcessorChecker:?] - Bean 'spring.cloud.loadbalancer-org.springframework.cloud.client.loadbalancer.LoadBalancerClientsProperties' of type [org.springframework.cloud.client.loadbalancer.LoadBalancerClientsProperties] is not eligible for getting processed by all BeanPostProcessors (for example: not eligible for auto-proxying). Is this bean getting eagerly injected into a currently created BeanPostProcessor [lbRestClientPostProcessor]? Check the corresponding BeanPostProcessor declaration and its dependencies.
[2025-11-10 20:03:52.829] [WARN ] [order-service] [main] [o.s.c.s.PostProcessorRegistrationDelegate$BeanPostProcessorChecker:?] - Bean 'default.org.springframework.cloud.loadbalancer.config.LoadBalancerAutoConfiguration.LoadBalancerClientSpecification' of type [org.springframework.cloud.loadbalancer.annotation.LoadBalancerClientSpecification] is not eligible for getting processed by all BeanPostProcessors (for example: not eligible for auto-proxying). Is this bean getting eagerly injected into a currently created BeanPostProcessor [lbRestClientPostProcessor]? Check the corresponding BeanPostProcessor declaration and its dependencies.
[2025-11-10 20:03:52.836] [WARN ] [order-service] [main] [o.s.c.s.PostProcessorRegistrationDelegate$BeanPostProcessorChecker:?] - Bean 'default.org.springframework.cloud.loadbalancer.config.BlockingLoadBalancerClientAutoConfiguration.LoadBalancerClientSpecification' of type [org.springframework.cloud.loadbalancer.annotation.LoadBalancerClientSpecification] is not eligible for getting processed by all BeanPostProcessors (for example: not eligible for auto-proxying). Is this bean getting eagerly injected into a currently created BeanPostProcessor [lbRestClientPostProcessor]? Check the corresponding BeanPostProcessor declaration and its dependencies.
[2025-11-10 20:03:52.838] [WARN ] [order-service] [main] [o.s.c.s.PostProcessorRegistrationDelegate$BeanPostProcessorChecker:?] - Bean 'loadBalancerClientFactory' of type [org.springframework.cloud.loadbalancer.support.LoadBalancerClientFactory] is not eligible for getting processed by all BeanPostProcessors (for example: not eligible for auto-proxying). Is this bean getting eagerly injected into a currently created BeanPostProcessor [lbRestClientPostProcessor]? Check the corresponding BeanPostProcessor declaration and its dependencies.
[2025-11-10 20:03:52.852] [WARN ] [order-service] [main] [o.s.c.s.PostProcessorRegistrationDelegate$BeanPostProcessorChecker:?] - Bean 'blockingLoadBalancerClient' of type [org.springframework.cloud.loadbalancer.blocking.client.BlockingLoadBalancerClient] is not eligible for getting processed by all BeanPostProcessors (for example: not eligible for auto-proxying). Is this bean getting eagerly injected into a currently created BeanPostProcessor [lbRestClientPostProcessor]? Check the corresponding BeanPostProcessor declaration and its dependencies.
[2025-11-10 20:03:52.873] [WARN ] [order-service] [main] [o.s.c.s.PostProcessorRegistrationDelegate$BeanPostProcessorChecker:?] - Bean 'loadBalancerServiceInstanceCookieTransformer' of type [org.springframework.cloud.loadbalancer.core.LoadBalancerServiceInstanceCookieTransformer] is not eligible for getting processed by all BeanPostProcessors (for example: not eligible for auto-proxying). Is this bean getting eagerly injected into a currently created BeanPostProcessor [lbRestClientPostProcessor]? Check the corresponding BeanPostProcessor declaration and its dependencies.
[2025-11-10 20:03:52.876] [WARN ] [order-service] [main] [o.s.c.s.PostProcessorRegistrationDelegate$BeanPostProcessorChecker:?] - Bean 'xForwarderHeadersTransformer' of type [org.springframework.cloud.loadbalancer.blocking.XForwardedHeadersTransformer] is not eligible for getting processed by all BeanPostProcessors (for example: not eligible for auto-proxying). Is this bean getting eagerly injected into a currently created BeanPostProcessor [lbRestClientPostProcessor]? Check the corresponding BeanPostProcessor declaration and its dependencies.
[2025-11-10 20:03:52.880] [WARN ] [order-service] [main] [o.s.c.s.PostProcessorRegistrationDelegate$BeanPostProcessorChecker:?] - Bean 'org.springframework.cloud.client.loadbalancer.LoadBalancerAutoConfiguration' of type [org.springframework.cloud.client.loadbalancer.LoadBalancerAutoConfiguration] is not eligible for getting processed by all BeanPostProcessors (for example: not eligible for auto-proxying). Is this bean getting eagerly injected into a currently created BeanPostProcessor [lbRestClientPostProcessor]? Check the corresponding BeanPostProcessor declaration and its dependencies.
[2025-11-10 20:03:52.885] [WARN ] [order-service] [main] [o.s.c.s.PostProcessorRegistrationDelegate$BeanPostProcessorChecker:?] - Bean 'loadBalancerRequestFactory' of type [org.springframework.cloud.client.loadbalancer.LoadBalancerRequestFactory] is not eligible for getting processed by all BeanPostProcessors (for example: not eligible for auto-proxying). Is this bean getting eagerly injected into a currently created BeanPostProcessor [lbRestClientPostProcessor]? Check the corresponding BeanPostProcessor declaration and its dependencies.
[2025-11-10 20:03:52.888] [WARN ] [order-service] [main] [o.s.c.s.PostProcessorRegistrationDelegate$BeanPostProcessorChecker:?] - Bean 'loadBalancerInterceptor' of type [org.springframework.cloud.client.loadbalancer.LoadBalancerInterceptor] is not eligible for getting processed by all BeanPostProcessors (for example: not eligible for auto-proxying). Is this bean getting eagerly injected into a currently created BeanPostProcessor [lbRestClientPostProcessor]? Check the corresponding BeanPostProcessor declaration and its dependencies.
[2025-11-10 20:03:53.411] [INFO ] [order-service] [main] [o.s.boot.web.embedded.tomcat.TomcatWebServer:?] - Tomcat initialized with port 8065 (http)
[2025-11-10 20:03:53.638] [INFO ] [order-service] [main] [o.s.b.w.s.c.ServletWebServerApplicationContext:?] - Root WebApplicationContext: initialization completed in 3850 ms
[2025-11-10 20:03:54.605] [INFO ] [order-service] [main] [org.hibernate.jpa.internal.util.LogHelper:?] - HHH000204: Processing PersistenceUnitInfo [name: default]
[2025-11-10 20:03:54.781] [INFO ] [order-service] [main] [org.hibernate.Version:?] - HHH000412: Hibernate ORM core version 6.4.4.Final
[2025-11-10 20:03:54.885] [INFO ] [order-service] [main] [o.hibernate.cache.internal.RegionFactoryInitiator:?] - HHH000026: Second-level cache disabled
[2025-11-10 20:03:55.643] [INFO ] [order-service] [main] [o.s.o.j.persistenceunit.SpringPersistenceUnitInfo:?] - No LoadTimeWeaver setup: ignoring JPA class transformer
[2025-11-10 20:03:55.832] [INFO ] [order-service] [main] [com.zaxxer.hikari.HikariDataSource:?] - HikariPool-1 - Starting...
[2025-11-10 20:03:56.208] [INFO ] [order-service] [main] [com.zaxxer.hikari.pool.HikariPool:?] - HikariPool-1 - Added connection com.mysql.cj.jdbc.ConnectionImpl@6f7a65e
[2025-11-10 20:03:56.211] [INFO ] [order-service] [main] [com.zaxxer.hikari.HikariDataSource:?] - HikariPool-1 - Start completed.
[2025-11-10 20:03:58.193] [INFO ] [order-service] [main] [o.h.e.t.jta.platform.internal.JtaPlatformInitiator:?] - HHH000489: No JTA platform available (set 'hibernate.transaction.jta.platform' to enable JTA platform integration)
[2025-11-10 20:03:58.197] [INFO ] [order-service] [main] [o.s.orm.jpa.LocalContainerEntityManagerFactoryBean:?] - Initialized JPA EntityManagerFactory for persistence unit 'default'
[2025-11-10 20:03:59.047] [INFO ] [order-service] [main] [o.s.data.jpa.repository.query.QueryEnhancerFactory:?] - Hibernate is in classpath; If applicable, HQL parser will be used.
[2025-11-10 20:04:01.198] [WARN ] [order-service] [main] [o.s.b.a.o.j.JpaBaseConfiguration$JpaWebConfiguration:?] - spring.jpa.open-in-view is enabled by default. Therefore, database queries may be performed during view rendering. Explicitly configure spring.jpa.open-in-view to disable this warning
[2025-11-10 20:04:03.754] [INFO ] [order-service] [main] [o.s.cloud.openfeign.FeignClientFactoryBean:?] - For 'user-service' URL not provided. Will try picking an instance via load-balancing.
[2025-11-10 20:04:03.913] [INFO ] [order-service] [main] [o.s.cloud.openfeign.FeignClientFactoryBean:?] - For 'product-service' URL not provided. Will try picking an instance via load-balancing.
[2025-11-10 20:04:04.008] [INFO ] [order-service] [main] [o.s.cloud.openfeign.FeignClientFactoryBean:?] - For 'leader-service' URL not provided. Will try picking an instance via load-balancing.
[2025-11-10 20:04:04.224] [INFO ] [order-service] [main] [o.s.cloud.openfeign.FeignClientFactoryBean:?] - For 'user-service' URL not provided. Will try picking an instance via load-balancing.
[2025-11-10 20:04:07.701] [WARN ] [order-service] [main] [o.s.c.l.c.LoadBalancerCacheAutoConfiguration$LoadBalancerCaffeineWarnLogger:?] - Spring Cloud LoadBalancer is currently working with the default cache. While this cache implementation is useful for development and tests, it's recommended to use Caffeine cache in production.You can switch to using Caffeine cache, by adding it and org.springframework.cache.caffeine.CaffeineCacheManager to the classpath.
[2025-11-10 20:04:07.737] [INFO ] [order-service] [main] [o.s.b.actuate.endpoint.web.EndpointLinksResolver:?] - Exposing 1 endpoint(s) beneath base path '/actuator'
[2025-11-10 20:04:07.995] [INFO ] [order-service] [main] [o.s.boot.web.embedded.tomcat.TomcatWebServer:?] - Tomcat started on port 8065 (http) with context path ''
[2025-11-10 20:04:07.999] [INFO ] [order-service] [main] [o.s.c.consul.serviceregistry.ConsulServiceRegistry:?] - Registering service with consul: NewService{id='order-service-8065', name='order-service', tags=[], address='192.168.245.1', meta={secure=false}, port=8065, enableTagOverride=null, check=Check{script='null', dockerContainerID='null', shell='null', interval='10s', ttl='null', http='http://192.168.245.1:8065/actuator/health', method='null', header={}, tcp='null', timeout='null', deregisterCriticalServiceAfter='null', tlsSkipVerify=null, status='null', grpc='null', grpcUseTLS=null}, checks=null}
[2025-11-10 20:04:09.019] [INFO ] [order-service] [main] [com.bcu.edu.OrderServiceApplication:?] - Started OrderServiceApplication in 21.593 seconds (process running for 23.697)
[2025-11-10 20:04:09.722] [INFO ] [order-service] [RMI TCP Connection(8)-26.52.41.123] [org.springframework.web.servlet.DispatcherServlet:?] - Initializing Servlet 'dispatcherServlet'
[2025-11-10 20:04:09.728] [INFO ] [order-service] [RMI TCP Connection(8)-26.52.41.123] [org.springframework.web.servlet.DispatcherServlet:?] - Completed initialization in 6 ms
[2025-11-10 20:05:00.018] [INFO ] [order-service] [scheduling-1] [com.bcu.edu.task.OrderExpireTask:?] - ========== 开始检查超时订单 ==========
[2025-11-10 20:05:00.018] [INFO ] [order-service] [scheduling-1] [com.bcu.edu.task.OrderExpireTask:?] - 超时时间设置: 30分钟
[2025-11-10 20:05:00.019] [INFO ] [order-service] [scheduling-1] [com.bcu.edu.task.OrderExpireTask:?] - 过期时间点: 2025-11-10T19:35:00.019429700
[2025-11-10 20:05:00.216] [INFO ] [order-service] [scheduling-1] [com.bcu.edu.task.OrderExpireTask:?] - 找到0条超时订单
[2025-11-10 20:05:00.216] [INFO ] [order-service] [scheduling-1] [com.bcu.edu.task.OrderExpireTask:?] - 没有超时订单，任务结束
[2025-11-10 20:10:00.013] [INFO ] [order-service] [scheduling-1] [com.bcu.edu.task.OrderExpireTask:?] - ========== 开始检查超时订单 ==========
[2025-11-10 20:10:00.013] [INFO ] [order-service] [scheduling-1] [com.bcu.edu.task.OrderExpireTask:?] - 超时时间设置: 30分钟
[2025-11-10 20:10:00.013] [INFO ] [order-service] [scheduling-1] [com.bcu.edu.task.OrderExpireTask:?] - 过期时间点: 2025-11-10T19:40:00.013826800
[2025-11-10 20:10:00.026] [INFO ] [order-service] [scheduling-1] [com.bcu.edu.task.OrderExpireTask:?] - 找到0条超时订单
[2025-11-10 20:10:00.027] [INFO ] [order-service] [scheduling-1] [com.bcu.edu.task.OrderExpireTask:?] - 没有超时订单，任务结束
[2025-11-10 20:15:00.004] [INFO ] [order-service] [scheduling-1] [com.bcu.edu.task.OrderExpireTask:?] - ========== 开始检查超时订单 ==========
[2025-11-10 20:15:00.004] [INFO ] [order-service] [scheduling-1] [com.bcu.edu.task.OrderExpireTask:?] - 超时时间设置: 30分钟
[2025-11-10 20:15:00.004] [INFO ] [order-service] [scheduling-1] [com.bcu.edu.task.OrderExpireTask:?] - 过期时间点: 2025-11-10T19:45:00.004379700
[2025-11-10 20:15:00.009] [INFO ] [order-service] [scheduling-1] [com.bcu.edu.task.OrderExpireTask:?] - 找到0条超时订单
[2025-11-10 20:15:00.009] [INFO ] [order-service] [scheduling-1] [com.bcu.edu.task.OrderExpireTask:?] - 没有超时订单，任务结束
[2025-11-10 20:20:00.012] [INFO ] [order-service] [scheduling-1] [com.bcu.edu.task.OrderExpireTask:?] - ========== 开始检查超时订单 ==========
[2025-11-10 20:20:00.012] [INFO ] [order-service] [scheduling-1] [com.bcu.edu.task.OrderExpireTask:?] - 超时时间设置: 30分钟
[2025-11-10 20:20:00.012] [INFO ] [order-service] [scheduling-1] [com.bcu.edu.task.OrderExpireTask:?] - 过期时间点: 2025-11-10T19:50:00.012441300
[2025-11-10 20:20:00.017] [INFO ] [order-service] [scheduling-1] [com.bcu.edu.task.OrderExpireTask:?] - 找到0条超时订单
[2025-11-10 20:20:00.017] [INFO ] [order-service] [scheduling-1] [com.bcu.edu.task.OrderExpireTask:?] - 没有超时订单，任务结束
[2025-11-10 20:25:00.014] [INFO ] [order-service] [scheduling-1] [com.bcu.edu.task.OrderExpireTask:?] - ========== 开始检查超时订单 ==========
[2025-11-10 20:25:00.014] [INFO ] [order-service] [scheduling-1] [com.bcu.edu.task.OrderExpireTask:?] - 超时时间设置: 30分钟
[2025-11-10 20:25:00.014] [INFO ] [order-service] [scheduling-1] [com.bcu.edu.task.OrderExpireTask:?] - 过期时间点: 2025-11-10T19:55:00.014520500
[2025-11-10 20:25:00.019] [INFO ] [order-service] [scheduling-1] [com.bcu.edu.task.OrderExpireTask:?] - 找到0条超时订单
[2025-11-10 20:25:00.019] [INFO ] [order-service] [scheduling-1] [com.bcu.edu.task.OrderExpireTask:?] - 没有超时订单，任务结束
[2025-11-10 20:30:00.011] [INFO ] [order-service] [scheduling-1] [com.bcu.edu.task.OrderExpireTask:?] - ========== 开始检查超时订单 ==========
[2025-11-10 20:30:00.011] [INFO ] [order-service] [scheduling-1] [com.bcu.edu.task.OrderExpireTask:?] - 超时时间设置: 30分钟
[2025-11-10 20:30:00.011] [INFO ] [order-service] [scheduling-1] [com.bcu.edu.task.OrderExpireTask:?] - 过期时间点: 2025-11-10T20:00:00.011684100
[2025-11-10 20:30:00.015] [INFO ] [order-service] [scheduling-1] [com.bcu.edu.task.OrderExpireTask:?] - 找到0条超时订单
[2025-11-10 20:30:00.015] [INFO ] [order-service] [scheduling-1] [com.bcu.edu.task.OrderExpireTask:?] - 没有超时订单，任务结束
[2025-11-10 20:35:00.002] [INFO ] [order-service] [scheduling-1] [com.bcu.edu.task.OrderExpireTask:?] - ========== 开始检查超时订单 ==========
[2025-11-10 20:35:00.002] [INFO ] [order-service] [scheduling-1] [com.bcu.edu.task.OrderExpireTask:?] - 超时时间设置: 30分钟
[2025-11-10 20:35:00.002] [INFO ] [order-service] [scheduling-1] [com.bcu.edu.task.OrderExpireTask:?] - 过期时间点: 2025-11-10T20:05:00.002695
[2025-11-10 20:35:00.005] [INFO ] [order-service] [scheduling-1] [com.bcu.edu.task.OrderExpireTask:?] - 找到0条超时订单
[2025-11-10 20:35:00.006] [INFO ] [order-service] [scheduling-1] [com.bcu.edu.task.OrderExpireTask:?] - 没有超时订单，任务结束
[2025-11-10 20:40:00.011] [INFO ] [order-service] [scheduling-1] [com.bcu.edu.task.OrderExpireTask:?] - ========== 开始检查超时订单 ==========
[2025-11-10 20:40:00.011] [INFO ] [order-service] [scheduling-1] [com.bcu.edu.task.OrderExpireTask:?] - 超时时间设置: 30分钟
[2025-11-10 20:40:00.011] [INFO ] [order-service] [scheduling-1] [com.bcu.edu.task.OrderExpireTask:?] - 过期时间点: 2025-11-10T20:10:00.011457300
[2025-11-10 20:40:00.015] [INFO ] [order-service] [scheduling-1] [com.bcu.edu.task.OrderExpireTask:?] - 找到0条超时订单
[2025-11-10 20:40:00.015] [INFO ] [order-service] [scheduling-1] [com.bcu.edu.task.OrderExpireTask:?] - 没有超时订单，任务结束
[2025-11-10 20:45:00.001] [INFO ] [order-service] [scheduling-1] [com.bcu.edu.task.OrderExpireTask:?] - ========== 开始检查超时订单 ==========
[2025-11-10 20:45:00.001] [INFO ] [order-service] [scheduling-1] [com.bcu.edu.task.OrderExpireTask:?] - 超时时间设置: 30分钟
[2025-11-10 20:45:00.001] [INFO ] [order-service] [scheduling-1] [com.bcu.edu.task.OrderExpireTask:?] - 过期时间点: 2025-11-10T20:15:00.001083100
[2025-11-10 20:45:00.005] [INFO ] [order-service] [scheduling-1] [com.bcu.edu.task.OrderExpireTask:?] - 找到0条超时订单
[2025-11-10 20:45:00.005] [INFO ] [order-service] [scheduling-1] [com.bcu.edu.task.OrderExpireTask:?] - 没有超时订单，任务结束
[2025-11-10 20:48:41.041] [INFO ] [order-service] [http-nio-8065-exec-8] [com.bcu.edu.controller.FeignController:?] - Feign调用: 创建订单, userId=3, productId=3, quantity=1
[2025-11-10 20:48:41.054] [INFO ] [order-service] [http-nio-8065-exec-8] [com.bcu.edu.service.OrderService:?] - 开始创建订单: userId=3, productId=3, quantity=1
[2025-11-10 20:48:41.267] [INFO ] [order-service] [http-nio-8065-exec-8] [com.bcu.edu.service.OrderService:?] - 订单主表已保存: orderId=16, orderSn=20251110204841809141
[2025-11-10 20:48:41.271] [INFO ] [order-service] [http-nio-8065-exec-8] [com.bcu.edu.service.OrderService:?] - 订单明细已保存: itemId=16, productId=3
[2025-11-10 20:48:41.332] [INFO ] [order-service] [http-nio-8065-exec-8] [com.bcu.edu.controller.FeignController:?] - 订单创建成功: orderId=16
[2025-11-10 20:48:41.917] [INFO ] [order-service] [http-nio-8065-exec-9] [com.bcu.edu.controller.FeignController:?] - Feign调用: 更新订单支付状态, orderId=16, payStatus=1
[2025-11-10 20:48:41.918] [INFO ] [order-service] [http-nio-8065-exec-9] [com.bcu.edu.service.OrderService:?] - 更新支付状态: orderId=16, payStatus=1
[2025-11-10 20:48:41.934] [INFO ] [order-service] [http-nio-8065-exec-9] [com.bcu.edu.service.OrderService:?] - 支付状态已更新: orderId=16, payStatus=1
[2025-11-10 20:48:41.952] [INFO ] [order-service] [http-nio-8065-exec-9] [com.bcu.edu.controller.FeignController:?] - 订单支付状态更新成功: orderId=16, payStatus=1
[2025-11-10 20:48:41.958] [INFO ] [order-service] [http-nio-8065-exec-10] [com.bcu.edu.controller.FeignController:?] - Feign调用: 判断是否拼团订单, orderId=16
[2025-11-10 20:48:41.958] [INFO ] [order-service] [http-nio-8065-exec-10] [com.bcu.edu.service.OrderService:?] - 判断是否拼团订单: orderId=16
[2025-11-10 20:48:41.971] [INFO ] [order-service] [http-nio-8065-exec-10] [com.bcu.edu.service.OrderService:?] - 判断结果: orderId=16, isGroupBuy=true
[2025-11-10 20:48:41.971] [INFO ] [order-service] [http-nio-8065-exec-10] [com.bcu.edu.controller.FeignController:?] - 判断结果: orderId=16, isGroupBuy=true
[2025-11-10 20:49:00.266] [INFO ] [order-service] [http-nio-8065-exec-1] [com.bcu.edu.controller.FeignController:?] - Feign调用: 更新订单状态, orderId=16, status=6
[2025-11-10 20:49:00.267] [INFO ] [order-service] [http-nio-8065-exec-1] [com.bcu.edu.service.OrderService:?] - 更新订单状态: orderId=16, status=6
[2025-11-10 20:49:00.269] [INFO ] [order-service] [http-nio-8065-exec-1] [com.bcu.edu.service.OrderService:?] - 订单状态已更新: orderId=16, status=6
[2025-11-10 20:49:00.279] [INFO ] [order-service] [http-nio-8065-exec-1] [com.bcu.edu.controller.FeignController:?] - 订单状态更新成功: orderId=16
[2025-11-10 20:50:00.005] [INFO ] [order-service] [scheduling-1] [com.bcu.edu.task.OrderExpireTask:?] - ========== 开始检查超时订单 ==========
[2025-11-10 20:50:00.005] [INFO ] [order-service] [scheduling-1] [com.bcu.edu.task.OrderExpireTask:?] - 超时时间设置: 30分钟
[2025-11-10 20:50:00.005] [INFO ] [order-service] [scheduling-1] [com.bcu.edu.task.OrderExpireTask:?] - 过期时间点: 2025-11-10T20:20:00.005057100
[2025-11-10 20:50:00.009] [INFO ] [order-service] [scheduling-1] [com.bcu.edu.task.OrderExpireTask:?] - 找到0条超时订单
[2025-11-10 20:50:00.009] [INFO ] [order-service] [scheduling-1] [com.bcu.edu.task.OrderExpireTask:?] - 没有超时订单，任务结束
[2025-11-10 20:55:00.007] [INFO ] [order-service] [scheduling-1] [com.bcu.edu.task.OrderExpireTask:?] - ========== 开始检查超时订单 ==========
[2025-11-10 20:55:00.007] [INFO ] [order-service] [scheduling-1] [com.bcu.edu.task.OrderExpireTask:?] - 超时时间设置: 30分钟
[2025-11-10 20:55:00.007] [INFO ] [order-service] [scheduling-1] [com.bcu.edu.task.OrderExpireTask:?] - 过期时间点: 2025-11-10T20:25:00.007226400
[2025-11-10 20:55:00.012] [INFO ] [order-service] [scheduling-1] [com.bcu.edu.task.OrderExpireTask:?] - 找到0条超时订单
[2025-11-10 20:55:00.012] [INFO ] [order-service] [scheduling-1] [com.bcu.edu.task.OrderExpireTask:?] - 没有超时订单，任务结束
[2025-11-10 21:00:00.001] [INFO ] [order-service] [scheduling-1] [com.bcu.edu.task.OrderExpireTask:?] - ========== 开始检查超时订单 ==========
[2025-11-10 21:00:00.001] [INFO ] [order-service] [scheduling-1] [com.bcu.edu.task.OrderExpireTask:?] - 超时时间设置: 30分钟
[2025-11-10 21:00:00.001] [INFO ] [order-service] [scheduling-1] [com.bcu.edu.task.OrderExpireTask:?] - 过期时间点: 2025-11-10T20:30:00.001319100
[2025-11-10 21:00:00.004] [INFO ] [order-service] [scheduling-1] [com.bcu.edu.task.OrderExpireTask:?] - 找到0条超时订单
[2025-11-10 21:00:00.004] [INFO ] [order-service] [scheduling-1] [com.bcu.edu.task.OrderExpireTask:?] - 没有超时订单，任务结束
[2025-11-10 21:05:00.015] [INFO ] [order-service] [scheduling-1] [com.bcu.edu.task.OrderExpireTask:?] - ========== 开始检查超时订单 ==========
[2025-11-10 21:05:00.015] [INFO ] [order-service] [scheduling-1] [com.bcu.edu.task.OrderExpireTask:?] - 超时时间设置: 30分钟
[2025-11-10 21:05:00.015] [INFO ] [order-service] [scheduling-1] [com.bcu.edu.task.OrderExpireTask:?] - 过期时间点: 2025-11-10T20:35:00.015457700
[2025-11-10 21:05:00.019] [INFO ] [order-service] [scheduling-1] [com.bcu.edu.task.OrderExpireTask:?] - 找到0条超时订单
[2025-11-10 21:05:00.019] [INFO ] [order-service] [scheduling-1] [com.bcu.edu.task.OrderExpireTask:?] - 没有超时订单，任务结束
[2025-11-10 21:10:00.006] [INFO ] [order-service] [scheduling-1] [com.bcu.edu.task.OrderExpireTask:?] - ========== 开始检查超时订单 ==========
[2025-11-10 21:10:00.006] [INFO ] [order-service] [scheduling-1] [com.bcu.edu.task.OrderExpireTask:?] - 超时时间设置: 30分钟
[2025-11-10 21:10:00.006] [INFO ] [order-service] [scheduling-1] [com.bcu.edu.task.OrderExpireTask:?] - 过期时间点: 2025-11-10T20:40:00.006261900
[2025-11-10 21:10:00.009] [INFO ] [order-service] [scheduling-1] [com.bcu.edu.task.OrderExpireTask:?] - 找到0条超时订单
[2025-11-10 21:10:00.009] [INFO ] [order-service] [scheduling-1] [com.bcu.edu.task.OrderExpireTask:?] - 没有超时订单，任务结束
[2025-11-10 21:15:00.004] [INFO ] [order-service] [scheduling-1] [com.bcu.edu.task.OrderExpireTask:?] - ========== 开始检查超时订单 ==========
[2025-11-10 21:15:00.004] [INFO ] [order-service] [scheduling-1] [com.bcu.edu.task.OrderExpireTask:?] - 超时时间设置: 30分钟
[2025-11-10 21:15:00.004] [INFO ] [order-service] [scheduling-1] [com.bcu.edu.task.OrderExpireTask:?] - 过期时间点: 2025-11-10T20:45:00.004143100
[2025-11-10 21:15:00.008] [INFO ] [order-service] [scheduling-1] [com.bcu.edu.task.OrderExpireTask:?] - 找到0条超时订单
[2025-11-10 21:15:00.008] [INFO ] [order-service] [scheduling-1] [com.bcu.edu.task.OrderExpireTask:?] - 没有超时订单，任务结束
[2025-11-10 21:18:34.027] [INFO ] [order-service] [http-nio-8065-exec-1] [com.bcu.edu.controller.FeignController:?] - Feign调用: 创建订单, userId=4, productId=2, quantity=1
[2025-11-10 21:18:34.028] [INFO ] [order-service] [http-nio-8065-exec-1] [com.bcu.edu.service.OrderService:?] - 开始创建订单: userId=4, productId=2, quantity=1
[2025-11-10 21:18:34.052] [INFO ] [order-service] [http-nio-8065-exec-1] [com.bcu.edu.service.OrderService:?] - 订单主表已保存: orderId=17, orderSn=20251110211834373939
[2025-11-10 21:18:34.054] [INFO ] [order-service] [http-nio-8065-exec-1] [com.bcu.edu.service.OrderService:?] - 订单明细已保存: itemId=17, productId=2
[2025-11-10 21:18:34.061] [INFO ] [order-service] [http-nio-8065-exec-1] [com.bcu.edu.controller.FeignController:?] - 订单创建成功: orderId=17
[2025-11-10 21:18:34.397] [INFO ] [order-service] [http-nio-8065-exec-2] [com.bcu.edu.controller.OrderController:?] - 查询订单详情: orderId=17
[2025-11-10 21:18:47.460] [INFO ] [order-service] [http-nio-8065-exec-6] [com.bcu.edu.controller.OrderController:?] - 查询我的订单: userId=4, page=0, size=10
[2025-11-10 21:18:47.516] [ERROR] [order-service] [http-nio-8065-exec-6] [com.bcu.edu.common.aspect.OperationLogAspect:?] - 参数序列化失败
com.fasterxml.jackson.databind.exc.InvalidDefinitionException: No serializer found for class java.util.Collections$3 and no properties discovered to create BeanSerializer (to avoid exception, disable SerializationFeature.FAIL_ON_EMPTY_BEANS) (through reference chain: org.apache.catalina.connector.RequestFacade[0]->org.apache.catalina.connector.RequestFacade["attributeNames"])
	at com.fasterxml.jackson.databind.exc.InvalidDefinitionException.from(InvalidDefinitionException.java:77)
	at com.fasterxml.jackson.databind.SerializerProvider.reportBadDefinition(SerializerProvider.java:1308)
	at com.fasterxml.jackson.databind.DatabindContext.reportBadDefinition(DatabindContext.java:414)
	at com.fasterxml.jackson.databind.ser.impl.UnknownSerializer.failForEmpty(UnknownSerializer.java:53)
	at com.fasterxml.jackson.databind.ser.impl.UnknownSerializer.serialize(UnknownSerializer.java:30)
	at com.fasterxml.jackson.databind.ser.BeanPropertyWriter.serializeAsField(BeanPropertyWriter.java:732)
	at com.fasterxml.jackson.databind.ser.std.BeanSerializerBase.serializeFields(BeanSerializerBase.java:772)
	at com.fasterxml.jackson.databind.ser.BeanSerializer.serialize(BeanSerializer.java:178)
	at com.fasterxml.jackson.databind.ser.std.ObjectArraySerializer.serializeContents(ObjectArraySerializer.java:253)
	at com.fasterxml.jackson.databind.ser.std.ObjectArraySerializer.serialize(ObjectArraySerializer.java:214)
	at com.fasterxml.jackson.databind.ser.std.ObjectArraySerializer.serialize(ObjectArraySerializer.java:23)
	at com.fasterxml.jackson.databind.ser.DefaultSerializerProvider._serialize(DefaultSerializerProvider.java:479)
	at com.fasterxml.jackson.databind.ser.DefaultSerializerProvider.serializeValue(DefaultSerializerProvider.java:318)
	at com.fasterxml.jackson.databind.ObjectMapper._writeValueAndClose(ObjectMapper.java:4719)
	at com.fasterxml.jackson.databind.ObjectMapper.writeValueAsString(ObjectMapper.java:3964)
	at com.bcu.edu.common.aspect.OperationLogAspect.serializeParams(OperationLogAspect.java:185)
	at com.bcu.edu.common.aspect.OperationLogAspect.saveLogAsync(OperationLogAspect.java:107)
	at com.bcu.edu.common.aspect.OperationLogAspect.around(OperationLogAspect.java:71)
	at java.base/jdk.internal.reflect.NativeMethodAccessorImpl.invoke0(Native Method)
	at java.base/jdk.internal.reflect.NativeMethodAccessorImpl.invoke(NativeMethodAccessorImpl.java:77)
	at java.base/jdk.internal.reflect.DelegatingMethodAccessorImpl.invoke(DelegatingMethodAccessorImpl.java:43)
	at java.base/java.lang.reflect.Method.invoke(Method.java:568)
	at org.springframework.aop.support.AopUtils.invokeJoinpointUsingReflection(AopUtils.java:351)
	at org.springframework.aop.framework.CglibAopProxy$DynamicAdvisedInterceptor.intercept(CglibAopProxy.java:713)
	at com.bcu.edu.common.aspect.OperationLogAspect$$SpringCGLIB$$0.around(<generated>)
	at java.base/jdk.internal.reflect.NativeMethodAccessorImpl.invoke0(Native Method)
	at java.base/jdk.internal.reflect.NativeMethodAccessorImpl.invoke(NativeMethodAccessorImpl.java:77)
	at java.base/jdk.internal.reflect.DelegatingMethodAccessorImpl.invoke(DelegatingMethodAccessorImpl.java:43)
	at java.base/java.lang.reflect.Method.invoke(Method.java:568)
	at org.springframework.aop.aspectj.AbstractAspectJAdvice.invokeAdviceMethodWithGivenArgs(AbstractAspectJAdvice.java:637)
	at org.springframework.aop.aspectj.AbstractAspectJAdvice.invokeAdviceMethod(AbstractAspectJAdvice.java:627)
	at org.springframework.aop.aspectj.AspectJAroundAdvice.invoke(AspectJAroundAdvice.java:71)
	at org.springframework.aop.framework.ReflectiveMethodInvocation.proceed(ReflectiveMethodInvocation.java:173)
	at org.springframework.aop.framework.CglibAopProxy$CglibMethodInvocation.proceed(CglibAopProxy.java:765)
	at org.springframework.aop.interceptor.ExposeInvocationInterceptor.invoke(ExposeInvocationInterceptor.java:97)
	at org.springframework.aop.framework.ReflectiveMethodInvocation.proceed(ReflectiveMethodInvocation.java:184)
	at org.springframework.aop.framework.CglibAopProxy$CglibMethodInvocation.proceed(CglibAopProxy.java:765)
	at org.springframework.aop.framework.CglibAopProxy$DynamicAdvisedInterceptor.intercept(CglibAopProxy.java:717)
	at com.bcu.edu.controller.OrderController$$SpringCGLIB$$0.getMyOrders(<generated>)
	at java.base/jdk.internal.reflect.NativeMethodAccessorImpl.invoke0(Native Method)
	at java.base/jdk.internal.reflect.NativeMethodAccessorImpl.invoke(NativeMethodAccessorImpl.java:77)
	at java.base/jdk.internal.reflect.DelegatingMethodAccessorImpl.invoke(DelegatingMethodAccessorImpl.java:43)
	at java.base/java.lang.reflect.Method.invoke(Method.java:568)
	at org.springframework.web.method.support.InvocableHandlerMethod.doInvoke(InvocableHandlerMethod.java:259)
	at org.springframework.web.method.support.InvocableHandlerMethod.invokeForRequest(InvocableHandlerMethod.java:192)
	at org.springframework.web.servlet.mvc.method.annotation.ServletInvocableHandlerMethod.invokeAndHandle(ServletInvocableHandlerMethod.java:118)
	at org.springframework.web.servlet.mvc.method.annotation.RequestMappingHandlerAdapter.invokeHandlerMethod(RequestMappingHandlerAdapter.java:920)
	at org.springframework.web.servlet.mvc.method.annotation.RequestMappingHandlerAdapter.handleInternal(RequestMappingHandlerAdapter.java:830)
	at org.springframework.web.servlet.mvc.method.AbstractHandlerMethodAdapter.handle(AbstractHandlerMethodAdapter.java:87)
	at org.springframework.web.servlet.DispatcherServlet.doDispatch(DispatcherServlet.java:1089)
	at org.springframework.web.servlet.DispatcherServlet.doService(DispatcherServlet.java:979)
	at org.springframework.web.servlet.FrameworkServlet.processRequest(FrameworkServlet.java:1014)
	at org.springframework.web.servlet.FrameworkServlet.doGet(FrameworkServlet.java:903)
	at jakarta.servlet.http.HttpServlet.service(HttpServlet.java:564)
	at org.springframework.web.servlet.FrameworkServlet.service(FrameworkServlet.java:885)
	at jakarta.servlet.http.HttpServlet.service(HttpServlet.java:658)
	at org.apache.catalina.core.ApplicationFilterChain.internalDoFilter(ApplicationFilterChain.java:205)
	at org.apache.catalina.core.ApplicationFilterChain.doFilter(ApplicationFilterChain.java:149)
	at org.apache.tomcat.websocket.server.WsFilter.doFilter(WsFilter.java:51)
	at org.apache.catalina.core.ApplicationFilterChain.internalDoFilter(ApplicationFilterChain.java:174)
	at org.apache.catalina.core.ApplicationFilterChain.doFilter(ApplicationFilterChain.java:149)
	at com.bcu.edu.filter.UserContextFilter.doFilterInternal(UserContextFilter.java:65)
	at org.springframework.web.filter.OncePerRequestFilter.doFilter(OncePerRequestFilter.java:116)
	at org.apache.catalina.core.ApplicationFilterChain.internalDoFilter(ApplicationFilterChain.java:174)
	at org.apache.catalina.core.ApplicationFilterChain.doFilter(ApplicationFilterChain.java:149)
	at org.springframework.web.filter.RequestContextFilter.doFilterInternal(RequestContextFilter.java:100)
	at org.springframework.web.filter.OncePerRequestFilter.doFilter(OncePerRequestFilter.java:116)
	at org.apache.catalina.core.ApplicationFilterChain.internalDoFilter(ApplicationFilterChain.java:174)
	at org.apache.catalina.core.ApplicationFilterChain.doFilter(ApplicationFilterChain.java:149)
	at org.springframework.web.filter.FormContentFilter.doFilterInternal(FormContentFilter.java:93)
	at org.springframework.web.filter.OncePerRequestFilter.doFilter(OncePerRequestFilter.java:116)
	at org.apache.catalina.core.ApplicationFilterChain.internalDoFilter(ApplicationFilterChain.java:174)
	at org.apache.catalina.core.ApplicationFilterChain.doFilter(ApplicationFilterChain.java:149)
	at org.springframework.web.filter.ServerHttpObservationFilter.doFilterInternal(ServerHttpObservationFilter.java:109)
	at org.springframework.web.filter.OncePerRequestFilter.doFilter(OncePerRequestFilter.java:116)
	at org.apache.catalina.core.ApplicationFilterChain.internalDoFilter(ApplicationFilterChain.java:174)
	at org.apache.catalina.core.ApplicationFilterChain.doFilter(ApplicationFilterChain.java:149)
	at org.springframework.web.filter.CharacterEncodingFilter.doFilterInternal(CharacterEncodingFilter.java:201)
	at org.springframework.web.filter.OncePerRequestFilter.doFilter(OncePerRequestFilter.java:116)
	at org.apache.catalina.core.ApplicationFilterChain.internalDoFilter(ApplicationFilterChain.java:174)
	at org.apache.catalina.core.ApplicationFilterChain.doFilter(ApplicationFilterChain.java:149)
	at org.apache.catalina.core.StandardWrapperValve.invoke(StandardWrapperValve.java:167)
	at org.apache.catalina.core.StandardContextValve.invoke(StandardContextValve.java:90)
	at org.apache.catalina.authenticator.AuthenticatorBase.invoke(AuthenticatorBase.java:482)
	at org.apache.catalina.core.StandardHostValve.invoke(StandardHostValve.java:115)
	at org.apache.catalina.valves.ErrorReportValve.invoke(ErrorReportValve.java:93)
	at org.apache.catalina.core.StandardEngineValve.invoke(StandardEngineValve.java:74)
	at org.apache.catalina.connector.CoyoteAdapter.service(CoyoteAdapter.java:344)
	at org.apache.coyote.http11.Http11Processor.service(Http11Processor.java:391)
	at org.apache.coyote.AbstractProcessorLight.process(AbstractProcessorLight.java:63)
	at org.apache.coyote.AbstractProtocol$ConnectionHandler.process(AbstractProtocol.java:896)
	at org.apache.tomcat.util.net.NioEndpoint$SocketProcessor.doRun(NioEndpoint.java:1744)
	at org.apache.tomcat.util.net.SocketProcessorBase.run(SocketProcessorBase.java:52)
	at org.apache.tomcat.util.threads.ThreadPoolExecutor.runWorker(ThreadPoolExecutor.java:1191)
	at org.apache.tomcat.util.threads.ThreadPoolExecutor$Worker.run(ThreadPoolExecutor.java:659)
	at org.apache.tomcat.util.threads.TaskThread$WrappingRunnable.run(TaskThread.java:63)
	at java.base/java.lang.Thread.run(Thread.java:833)
[2025-11-10 21:18:51.904] [INFO ] [order-service] [http-nio-8065-exec-8] [com.bcu.edu.controller.OrderController:?] - 取消订单: orderId=17, userId=4
[2025-11-10 21:18:51.906] [INFO ] [order-service] [http-nio-8065-exec-8] [com.bcu.edu.service.OrderService:?] - 取消订单: orderId=17
[2025-11-10 21:18:51.908] [INFO ] [order-service] [http-nio-8065-exec-8] [com.bcu.edu.service.OrderService:?] - 订单已取消: orderId=17
[2025-11-10 21:18:51.928] [ERROR] [order-service] [http-nio-8065-exec-8] [com.bcu.edu.common.aspect.OperationLogAspect:?] - 参数序列化失败
com.fasterxml.jackson.databind.exc.InvalidDefinitionException: No serializer found for class java.util.Collections$3 and no properties discovered to create BeanSerializer (to avoid exception, disable SerializationFeature.FAIL_ON_EMPTY_BEANS) (through reference chain: org.apache.catalina.connector.RequestFacade[1]->org.apache.catalina.connector.RequestFacade["attributeNames"])
	at com.fasterxml.jackson.databind.exc.InvalidDefinitionException.from(InvalidDefinitionException.java:77)
	at com.fasterxml.jackson.databind.SerializerProvider.reportBadDefinition(SerializerProvider.java:1308)
	at com.fasterxml.jackson.databind.DatabindContext.reportBadDefinition(DatabindContext.java:414)
	at com.fasterxml.jackson.databind.ser.impl.UnknownSerializer.failForEmpty(UnknownSerializer.java:53)
	at com.fasterxml.jackson.databind.ser.impl.UnknownSerializer.serialize(UnknownSerializer.java:30)
	at com.fasterxml.jackson.databind.ser.BeanPropertyWriter.serializeAsField(BeanPropertyWriter.java:732)
	at com.fasterxml.jackson.databind.ser.std.BeanSerializerBase.serializeFields(BeanSerializerBase.java:772)
	at com.fasterxml.jackson.databind.ser.BeanSerializer.serialize(BeanSerializer.java:178)
	at com.fasterxml.jackson.databind.ser.std.ObjectArraySerializer.serializeContents(ObjectArraySerializer.java:253)
	at com.fasterxml.jackson.databind.ser.std.ObjectArraySerializer.serialize(ObjectArraySerializer.java:214)
	at com.fasterxml.jackson.databind.ser.std.ObjectArraySerializer.serialize(ObjectArraySerializer.java:23)
	at com.fasterxml.jackson.databind.ser.DefaultSerializerProvider._serialize(DefaultSerializerProvider.java:479)
	at com.fasterxml.jackson.databind.ser.DefaultSerializerProvider.serializeValue(DefaultSerializerProvider.java:318)
	at com.fasterxml.jackson.databind.ObjectMapper._writeValueAndClose(ObjectMapper.java:4719)
	at com.fasterxml.jackson.databind.ObjectMapper.writeValueAsString(ObjectMapper.java:3964)
	at com.bcu.edu.common.aspect.OperationLogAspect.serializeParams(OperationLogAspect.java:185)
	at com.bcu.edu.common.aspect.OperationLogAspect.saveLogAsync(OperationLogAspect.java:107)
	at com.bcu.edu.common.aspect.OperationLogAspect.around(OperationLogAspect.java:71)
	at java.base/jdk.internal.reflect.NativeMethodAccessorImpl.invoke0(Native Method)
	at java.base/jdk.internal.reflect.NativeMethodAccessorImpl.invoke(NativeMethodAccessorImpl.java:77)
	at java.base/jdk.internal.reflect.DelegatingMethodAccessorImpl.invoke(DelegatingMethodAccessorImpl.java:43)
	at java.base/java.lang.reflect.Method.invoke(Method.java:568)
	at org.springframework.aop.support.AopUtils.invokeJoinpointUsingReflection(AopUtils.java:351)
	at org.springframework.aop.framework.CglibAopProxy$DynamicAdvisedInterceptor.intercept(CglibAopProxy.java:713)
	at com.bcu.edu.common.aspect.OperationLogAspect$$SpringCGLIB$$0.around(<generated>)
	at java.base/jdk.internal.reflect.NativeMethodAccessorImpl.invoke0(Native Method)
	at java.base/jdk.internal.reflect.NativeMethodAccessorImpl.invoke(NativeMethodAccessorImpl.java:77)
	at java.base/jdk.internal.reflect.DelegatingMethodAccessorImpl.invoke(DelegatingMethodAccessorImpl.java:43)
	at java.base/java.lang.reflect.Method.invoke(Method.java:568)
	at org.springframework.aop.aspectj.AbstractAspectJAdvice.invokeAdviceMethodWithGivenArgs(AbstractAspectJAdvice.java:637)
	at org.springframework.aop.aspectj.AbstractAspectJAdvice.invokeAdviceMethod(AbstractAspectJAdvice.java:627)
	at org.springframework.aop.aspectj.AspectJAroundAdvice.invoke(AspectJAroundAdvice.java:71)
	at org.springframework.aop.framework.ReflectiveMethodInvocation.proceed(ReflectiveMethodInvocation.java:173)
	at org.springframework.aop.framework.CglibAopProxy$CglibMethodInvocation.proceed(CglibAopProxy.java:765)
	at org.springframework.aop.interceptor.ExposeInvocationInterceptor.invoke(ExposeInvocationInterceptor.java:97)
	at org.springframework.aop.framework.ReflectiveMethodInvocation.proceed(ReflectiveMethodInvocation.java:184)
	at org.springframework.aop.framework.CglibAopProxy$CglibMethodInvocation.proceed(CglibAopProxy.java:765)
	at org.springframework.aop.framework.CglibAopProxy$DynamicAdvisedInterceptor.intercept(CglibAopProxy.java:717)
	at com.bcu.edu.controller.OrderController$$SpringCGLIB$$0.cancelOrder(<generated>)
	at java.base/jdk.internal.reflect.NativeMethodAccessorImpl.invoke0(Native Method)
	at java.base/jdk.internal.reflect.NativeMethodAccessorImpl.invoke(NativeMethodAccessorImpl.java:77)
	at java.base/jdk.internal.reflect.DelegatingMethodAccessorImpl.invoke(DelegatingMethodAccessorImpl.java:43)
	at java.base/java.lang.reflect.Method.invoke(Method.java:568)
	at org.springframework.web.method.support.InvocableHandlerMethod.doInvoke(InvocableHandlerMethod.java:259)
	at org.springframework.web.method.support.InvocableHandlerMethod.invokeForRequest(InvocableHandlerMethod.java:192)
	at org.springframework.web.servlet.mvc.method.annotation.ServletInvocableHandlerMethod.invokeAndHandle(ServletInvocableHandlerMethod.java:118)
	at org.springframework.web.servlet.mvc.method.annotation.RequestMappingHandlerAdapter.invokeHandlerMethod(RequestMappingHandlerAdapter.java:920)
	at org.springframework.web.servlet.mvc.method.annotation.RequestMappingHandlerAdapter.handleInternal(RequestMappingHandlerAdapter.java:830)
	at org.springframework.web.servlet.mvc.method.AbstractHandlerMethodAdapter.handle(AbstractHandlerMethodAdapter.java:87)
	at org.springframework.web.servlet.DispatcherServlet.doDispatch(DispatcherServlet.java:1089)
	at org.springframework.web.servlet.DispatcherServlet.doService(DispatcherServlet.java:979)
	at org.springframework.web.servlet.FrameworkServlet.processRequest(FrameworkServlet.java:1014)
	at org.springframework.web.servlet.FrameworkServlet.doPost(FrameworkServlet.java:914)
	at jakarta.servlet.http.HttpServlet.service(HttpServlet.java:590)
	at org.springframework.web.servlet.FrameworkServlet.service(FrameworkServlet.java:885)
	at jakarta.servlet.http.HttpServlet.service(HttpServlet.java:658)
	at org.apache.catalina.core.ApplicationFilterChain.internalDoFilter(ApplicationFilterChain.java:205)
	at org.apache.catalina.core.ApplicationFilterChain.doFilter(ApplicationFilterChain.java:149)
	at org.apache.tomcat.websocket.server.WsFilter.doFilter(WsFilter.java:51)
	at org.apache.catalina.core.ApplicationFilterChain.internalDoFilter(ApplicationFilterChain.java:174)
	at org.apache.catalina.core.ApplicationFilterChain.doFilter(ApplicationFilterChain.java:149)
	at com.bcu.edu.filter.UserContextFilter.doFilterInternal(UserContextFilter.java:65)
	at org.springframework.web.filter.OncePerRequestFilter.doFilter(OncePerRequestFilter.java:116)
	at org.apache.catalina.core.ApplicationFilterChain.internalDoFilter(ApplicationFilterChain.java:174)
	at org.apache.catalina.core.ApplicationFilterChain.doFilter(ApplicationFilterChain.java:149)
	at org.springframework.web.filter.RequestContextFilter.doFilterInternal(RequestContextFilter.java:100)
	at org.springframework.web.filter.OncePerRequestFilter.doFilter(OncePerRequestFilter.java:116)
	at org.apache.catalina.core.ApplicationFilterChain.internalDoFilter(ApplicationFilterChain.java:174)
	at org.apache.catalina.core.ApplicationFilterChain.doFilter(ApplicationFilterChain.java:149)
	at org.springframework.web.filter.FormContentFilter.doFilterInternal(FormContentFilter.java:93)
	at org.springframework.web.filter.OncePerRequestFilter.doFilter(OncePerRequestFilter.java:116)
	at org.apache.catalina.core.ApplicationFilterChain.internalDoFilter(ApplicationFilterChain.java:174)
	at org.apache.catalina.core.ApplicationFilterChain.doFilter(ApplicationFilterChain.java:149)
	at org.springframework.web.filter.ServerHttpObservationFilter.doFilterInternal(ServerHttpObservationFilter.java:109)
	at org.springframework.web.filter.OncePerRequestFilter.doFilter(OncePerRequestFilter.java:116)
	at org.apache.catalina.core.ApplicationFilterChain.internalDoFilter(ApplicationFilterChain.java:174)
	at org.apache.catalina.core.ApplicationFilterChain.doFilter(ApplicationFilterChain.java:149)
	at org.springframework.web.filter.CharacterEncodingFilter.doFilterInternal(CharacterEncodingFilter.java:201)
	at org.springframework.web.filter.OncePerRequestFilter.doFilter(OncePerRequestFilter.java:116)
	at org.apache.catalina.core.ApplicationFilterChain.internalDoFilter(ApplicationFilterChain.java:174)
	at org.apache.catalina.core.ApplicationFilterChain.doFilter(ApplicationFilterChain.java:149)
	at org.apache.catalina.core.StandardWrapperValve.invoke(StandardWrapperValve.java:167)
	at org.apache.catalina.core.StandardContextValve.invoke(StandardContextValve.java:90)
	at org.apache.catalina.authenticator.AuthenticatorBase.invoke(AuthenticatorBase.java:482)
	at org.apache.catalina.core.StandardHostValve.invoke(StandardHostValve.java:115)
	at org.apache.catalina.valves.ErrorReportValve.invoke(ErrorReportValve.java:93)
	at org.apache.catalina.core.StandardEngineValve.invoke(StandardEngineValve.java:74)
	at org.apache.catalina.connector.CoyoteAdapter.service(CoyoteAdapter.java:344)
	at org.apache.coyote.http11.Http11Processor.service(Http11Processor.java:391)
	at org.apache.coyote.AbstractProcessorLight.process(AbstractProcessorLight.java:63)
	at org.apache.coyote.AbstractProtocol$ConnectionHandler.process(AbstractProtocol.java:896)
	at org.apache.tomcat.util.net.NioEndpoint$SocketProcessor.doRun(NioEndpoint.java:1744)
	at org.apache.tomcat.util.net.SocketProcessorBase.run(SocketProcessorBase.java:52)
	at org.apache.tomcat.util.threads.ThreadPoolExecutor.runWorker(ThreadPoolExecutor.java:1191)
	at org.apache.tomcat.util.threads.ThreadPoolExecutor$Worker.run(ThreadPoolExecutor.java:659)
	at org.apache.tomcat.util.threads.TaskThread$WrappingRunnable.run(TaskThread.java:63)
	at java.base/java.lang.Thread.run(Thread.java:833)
[2025-11-10 21:18:52.167] [INFO ] [order-service] [http-nio-8065-exec-9] [com.bcu.edu.controller.OrderController:?] - 查询我的订单: userId=4, page=0, size=10
[2025-11-10 21:18:52.203] [ERROR] [order-service] [http-nio-8065-exec-9] [com.bcu.edu.common.aspect.OperationLogAspect:?] - 参数序列化失败
com.fasterxml.jackson.databind.exc.InvalidDefinitionException: No serializer found for class java.util.Collections$3 and no properties discovered to create BeanSerializer (to avoid exception, disable SerializationFeature.FAIL_ON_EMPTY_BEANS) (through reference chain: org.apache.catalina.connector.RequestFacade[0]->org.apache.catalina.connector.RequestFacade["attributeNames"])
	at com.fasterxml.jackson.databind.exc.InvalidDefinitionException.from(InvalidDefinitionException.java:77)
	at com.fasterxml.jackson.databind.SerializerProvider.reportBadDefinition(SerializerProvider.java:1308)
	at com.fasterxml.jackson.databind.DatabindContext.reportBadDefinition(DatabindContext.java:414)
	at com.fasterxml.jackson.databind.ser.impl.UnknownSerializer.failForEmpty(UnknownSerializer.java:53)
	at com.fasterxml.jackson.databind.ser.impl.UnknownSerializer.serialize(UnknownSerializer.java:30)
	at com.fasterxml.jackson.databind.ser.BeanPropertyWriter.serializeAsField(BeanPropertyWriter.java:732)
	at com.fasterxml.jackson.databind.ser.std.BeanSerializerBase.serializeFields(BeanSerializerBase.java:772)
	at com.fasterxml.jackson.databind.ser.BeanSerializer.serialize(BeanSerializer.java:178)
	at com.fasterxml.jackson.databind.ser.std.ObjectArraySerializer.serializeContents(ObjectArraySerializer.java:253)
	at com.fasterxml.jackson.databind.ser.std.ObjectArraySerializer.serialize(ObjectArraySerializer.java:214)
	at com.fasterxml.jackson.databind.ser.std.ObjectArraySerializer.serialize(ObjectArraySerializer.java:23)
	at com.fasterxml.jackson.databind.ser.DefaultSerializerProvider._serialize(DefaultSerializerProvider.java:479)
	at com.fasterxml.jackson.databind.ser.DefaultSerializerProvider.serializeValue(DefaultSerializerProvider.java:318)
	at com.fasterxml.jackson.databind.ObjectMapper._writeValueAndClose(ObjectMapper.java:4719)
	at com.fasterxml.jackson.databind.ObjectMapper.writeValueAsString(ObjectMapper.java:3964)
	at com.bcu.edu.common.aspect.OperationLogAspect.serializeParams(OperationLogAspect.java:185)
	at com.bcu.edu.common.aspect.OperationLogAspect.saveLogAsync(OperationLogAspect.java:107)
	at com.bcu.edu.common.aspect.OperationLogAspect.around(OperationLogAspect.java:71)
	at jdk.internal.reflect.GeneratedMethodAccessor76.invoke(Unknown Source)
	at java.base/jdk.internal.reflect.DelegatingMethodAccessorImpl.invoke(DelegatingMethodAccessorImpl.java:43)
	at java.base/java.lang.reflect.Method.invoke(Method.java:568)
	at org.springframework.aop.support.AopUtils.invokeJoinpointUsingReflection(AopUtils.java:351)
	at org.springframework.aop.framework.CglibAopProxy$DynamicAdvisedInterceptor.intercept(CglibAopProxy.java:713)
	at com.bcu.edu.common.aspect.OperationLogAspect$$SpringCGLIB$$0.around(<generated>)
	at jdk.internal.reflect.GeneratedMethodAccessor76.invoke(Unknown Source)
	at java.base/jdk.internal.reflect.DelegatingMethodAccessorImpl.invoke(DelegatingMethodAccessorImpl.java:43)
	at java.base/java.lang.reflect.Method.invoke(Method.java:568)
	at org.springframework.aop.aspectj.AbstractAspectJAdvice.invokeAdviceMethodWithGivenArgs(AbstractAspectJAdvice.java:637)
	at org.springframework.aop.aspectj.AbstractAspectJAdvice.invokeAdviceMethod(AbstractAspectJAdvice.java:627)
	at org.springframework.aop.aspectj.AspectJAroundAdvice.invoke(AspectJAroundAdvice.java:71)
	at org.springframework.aop.framework.ReflectiveMethodInvocation.proceed(ReflectiveMethodInvocation.java:173)
	at org.springframework.aop.framework.CglibAopProxy$CglibMethodInvocation.proceed(CglibAopProxy.java:765)
	at org.springframework.aop.interceptor.ExposeInvocationInterceptor.invoke(ExposeInvocationInterceptor.java:97)
	at org.springframework.aop.framework.ReflectiveMethodInvocation.proceed(ReflectiveMethodInvocation.java:184)
	at org.springframework.aop.framework.CglibAopProxy$CglibMethodInvocation.proceed(CglibAopProxy.java:765)
	at org.springframework.aop.framework.CglibAopProxy$DynamicAdvisedInterceptor.intercept(CglibAopProxy.java:717)
	at com.bcu.edu.controller.OrderController$$SpringCGLIB$$0.getMyOrders(<generated>)
	at java.base/jdk.internal.reflect.NativeMethodAccessorImpl.invoke0(Native Method)
	at java.base/jdk.internal.reflect.NativeMethodAccessorImpl.invoke(NativeMethodAccessorImpl.java:77)
	at java.base/jdk.internal.reflect.DelegatingMethodAccessorImpl.invoke(DelegatingMethodAccessorImpl.java:43)
	at java.base/java.lang.reflect.Method.invoke(Method.java:568)
	at org.springframework.web.method.support.InvocableHandlerMethod.doInvoke(InvocableHandlerMethod.java:259)
	at org.springframework.web.method.support.InvocableHandlerMethod.invokeForRequest(InvocableHandlerMethod.java:192)
	at org.springframework.web.servlet.mvc.method.annotation.ServletInvocableHandlerMethod.invokeAndHandle(ServletInvocableHandlerMethod.java:118)
	at org.springframework.web.servlet.mvc.method.annotation.RequestMappingHandlerAdapter.invokeHandlerMethod(RequestMappingHandlerAdapter.java:920)
	at org.springframework.web.servlet.mvc.method.annotation.RequestMappingHandlerAdapter.handleInternal(RequestMappingHandlerAdapter.java:830)
	at org.springframework.web.servlet.mvc.method.AbstractHandlerMethodAdapter.handle(AbstractHandlerMethodAdapter.java:87)
	at org.springframework.web.servlet.DispatcherServlet.doDispatch(DispatcherServlet.java:1089)
	at org.springframework.web.servlet.DispatcherServlet.doService(DispatcherServlet.java:979)
	at org.springframework.web.servlet.FrameworkServlet.processRequest(FrameworkServlet.java:1014)
	at org.springframework.web.servlet.FrameworkServlet.doGet(FrameworkServlet.java:903)
	at jakarta.servlet.http.HttpServlet.service(HttpServlet.java:564)
	at org.springframework.web.servlet.FrameworkServlet.service(FrameworkServlet.java:885)
	at jakarta.servlet.http.HttpServlet.service(HttpServlet.java:658)
	at org.apache.catalina.core.ApplicationFilterChain.internalDoFilter(ApplicationFilterChain.java:205)
	at org.apache.catalina.core.ApplicationFilterChain.doFilter(ApplicationFilterChain.java:149)
	at org.apache.tomcat.websocket.server.WsFilter.doFilter(WsFilter.java:51)
	at org.apache.catalina.core.ApplicationFilterChain.internalDoFilter(ApplicationFilterChain.java:174)
	at org.apache.catalina.core.ApplicationFilterChain.doFilter(ApplicationFilterChain.java:149)
	at com.bcu.edu.filter.UserContextFilter.doFilterInternal(UserContextFilter.java:65)
	at org.springframework.web.filter.OncePerRequestFilter.doFilter(OncePerRequestFilter.java:116)
	at org.apache.catalina.core.ApplicationFilterChain.internalDoFilter(ApplicationFilterChain.java:174)
	at org.apache.catalina.core.ApplicationFilterChain.doFilter(ApplicationFilterChain.java:149)
	at org.springframework.web.filter.RequestContextFilter.doFilterInternal(RequestContextFilter.java:100)
	at org.springframework.web.filter.OncePerRequestFilter.doFilter(OncePerRequestFilter.java:116)
	at org.apache.catalina.core.ApplicationFilterChain.internalDoFilter(ApplicationFilterChain.java:174)
	at org.apache.catalina.core.ApplicationFilterChain.doFilter(ApplicationFilterChain.java:149)
	at org.springframework.web.filter.FormContentFilter.doFilterInternal(FormContentFilter.java:93)
	at org.springframework.web.filter.OncePerRequestFilter.doFilter(OncePerRequestFilter.java:116)
	at org.apache.catalina.core.ApplicationFilterChain.internalDoFilter(ApplicationFilterChain.java:174)
	at org.apache.catalina.core.ApplicationFilterChain.doFilter(ApplicationFilterChain.java:149)
	at org.springframework.web.filter.ServerHttpObservationFilter.doFilterInternal(ServerHttpObservationFilter.java:109)
	at org.springframework.web.filter.OncePerRequestFilter.doFilter(OncePerRequestFilter.java:116)
	at org.apache.catalina.core.ApplicationFilterChain.internalDoFilter(ApplicationFilterChain.java:174)
	at org.apache.catalina.core.ApplicationFilterChain.doFilter(ApplicationFilterChain.java:149)
	at org.springframework.web.filter.CharacterEncodingFilter.doFilterInternal(CharacterEncodingFilter.java:201)
	at org.springframework.web.filter.OncePerRequestFilter.doFilter(OncePerRequestFilter.java:116)
	at org.apache.catalina.core.ApplicationFilterChain.internalDoFilter(ApplicationFilterChain.java:174)
	at org.apache.catalina.core.ApplicationFilterChain.doFilter(ApplicationFilterChain.java:149)
	at org.apache.catalina.core.StandardWrapperValve.invoke(StandardWrapperValve.java:167)
	at org.apache.catalina.core.StandardContextValve.invoke(StandardContextValve.java:90)
	at org.apache.catalina.authenticator.AuthenticatorBase.invoke(AuthenticatorBase.java:482)
	at org.apache.catalina.core.StandardHostValve.invoke(StandardHostValve.java:115)
	at org.apache.catalina.valves.ErrorReportValve.invoke(ErrorReportValve.java:93)
	at org.apache.catalina.core.StandardEngineValve.invoke(StandardEngineValve.java:74)
	at org.apache.catalina.connector.CoyoteAdapter.service(CoyoteAdapter.java:344)
	at org.apache.coyote.http11.Http11Processor.service(Http11Processor.java:391)
	at org.apache.coyote.AbstractProcessorLight.process(AbstractProcessorLight.java:63)
	at org.apache.coyote.AbstractProtocol$ConnectionHandler.process(AbstractProtocol.java:896)
	at org.apache.tomcat.util.net.NioEndpoint$SocketProcessor.doRun(NioEndpoint.java:1744)
	at org.apache.tomcat.util.net.SocketProcessorBase.run(SocketProcessorBase.java:52)
	at org.apache.tomcat.util.threads.ThreadPoolExecutor.runWorker(ThreadPoolExecutor.java:1191)
	at org.apache.tomcat.util.threads.ThreadPoolExecutor$Worker.run(ThreadPoolExecutor.java:659)
	at org.apache.tomcat.util.threads.TaskThread$WrappingRunnable.run(TaskThread.java:63)
	at java.base/java.lang.Thread.run(Thread.java:833)
[2025-11-10 21:20:00.012] [INFO ] [order-service] [scheduling-1] [com.bcu.edu.task.OrderExpireTask:?] - ========== 开始检查超时订单 ==========
[2025-11-10 21:20:00.012] [INFO ] [order-service] [scheduling-1] [com.bcu.edu.task.OrderExpireTask:?] - 超时时间设置: 30分钟
[2025-11-10 21:20:00.012] [INFO ] [order-service] [scheduling-1] [com.bcu.edu.task.OrderExpireTask:?] - 过期时间点: 2025-11-10T20:50:00.012835400
[2025-11-10 21:20:00.016] [INFO ] [order-service] [scheduling-1] [com.bcu.edu.task.OrderExpireTask:?] - 找到0条超时订单
[2025-11-10 21:20:00.016] [INFO ] [order-service] [scheduling-1] [com.bcu.edu.task.OrderExpireTask:?] - 没有超时订单，任务结束
[2025-11-10 21:24:10.074] [INFO ] [order-service] [http-nio-8065-exec-2] [com.bcu.edu.controller.FeignController:?] - Feign调用: 创建订单, userId=4, productId=2, quantity=2
[2025-11-10 21:24:10.074] [INFO ] [order-service] [http-nio-8065-exec-2] [com.bcu.edu.service.OrderService:?] - 开始创建订单: userId=4, productId=2, quantity=2
[2025-11-10 21:24:10.094] [INFO ] [order-service] [http-nio-8065-exec-2] [com.bcu.edu.service.OrderService:?] - 订单主表已保存: orderId=18, orderSn=20251110212410463226
[2025-11-10 21:24:10.095] [INFO ] [order-service] [http-nio-8065-exec-2] [com.bcu.edu.service.OrderService:?] - 订单明细已保存: itemId=18, productId=2
[2025-11-10 21:24:10.103] [INFO ] [order-service] [http-nio-8065-exec-2] [com.bcu.edu.controller.FeignController:?] - 订单创建成功: orderId=18
[2025-11-10 21:24:10.470] [INFO ] [order-service] [http-nio-8065-exec-5] [com.bcu.edu.controller.OrderController:?] - 查询订单详情: orderId=18
[2025-11-10 21:24:13.672] [INFO ] [order-service] [http-nio-8065-exec-6] [com.bcu.edu.controller.FeignController:?] - Feign调用: 更新订单支付状态, orderId=18, payStatus=1
[2025-11-10 21:24:13.672] [INFO ] [order-service] [http-nio-8065-exec-6] [com.bcu.edu.service.OrderService:?] - 更新支付状态: orderId=18, payStatus=1
[2025-11-10 21:24:13.675] [INFO ] [order-service] [http-nio-8065-exec-6] [com.bcu.edu.service.OrderService:?] - 支付状态已更新: orderId=18, payStatus=1
[2025-11-10 21:24:13.684] [INFO ] [order-service] [http-nio-8065-exec-6] [com.bcu.edu.controller.FeignController:?] - 订单支付状态更新成功: orderId=18, payStatus=1
[2025-11-10 21:24:13.687] [INFO ] [order-service] [http-nio-8065-exec-7] [com.bcu.edu.controller.FeignController:?] - Feign调用: 判断是否拼团订单, orderId=18
[2025-11-10 21:24:13.687] [INFO ] [order-service] [http-nio-8065-exec-7] [com.bcu.edu.service.OrderService:?] - 判断是否拼团订单: orderId=18
[2025-11-10 21:24:13.689] [INFO ] [order-service] [http-nio-8065-exec-7] [com.bcu.edu.service.OrderService:?] - 判断结果: orderId=18, isGroupBuy=true
[2025-11-10 21:24:13.689] [INFO ] [order-service] [http-nio-8065-exec-7] [com.bcu.edu.controller.FeignController:?] - 判断结果: orderId=18, isGroupBuy=true
[2025-11-10 21:25:00.009] [INFO ] [order-service] [scheduling-1] [com.bcu.edu.task.OrderExpireTask:?] - ========== 开始检查超时订单 ==========
[2025-11-10 21:25:00.009] [INFO ] [order-service] [scheduling-1] [com.bcu.edu.task.OrderExpireTask:?] - 超时时间设置: 30分钟
[2025-11-10 21:25:00.009] [INFO ] [order-service] [scheduling-1] [com.bcu.edu.task.OrderExpireTask:?] - 过期时间点: 2025-11-10T20:55:00.009315300
[2025-11-10 21:25:00.012] [INFO ] [order-service] [scheduling-1] [com.bcu.edu.task.OrderExpireTask:?] - 找到0条超时订单
[2025-11-10 21:25:00.012] [INFO ] [order-service] [scheduling-1] [com.bcu.edu.task.OrderExpireTask:?] - 没有超时订单，任务结束
[2025-11-10 21:25:02.250] [INFO ] [order-service] [http-nio-8065-exec-1] [com.bcu.edu.controller.AdminController:?] - 管理端查询订单统计
[2025-11-10 21:25:02.252] [INFO ] [order-service] [http-nio-8065-exec-2] [com.bcu.edu.controller.AdminController:?] - 管理端查询订单列表: page=0, size=10, status=null, payStatus=null
[2025-11-10 21:25:05.038] [INFO ] [order-service] [http-nio-8065-exec-5] [com.bcu.edu.controller.OrderController:?] - 查询订单详情: orderId=18
[2025-11-10 21:25:17.615] [INFO ] [order-service] [http-nio-8065-exec-9] [com.bcu.edu.controller.OrderController:?] - 查询订单详情: orderId=14
[2025-11-10 21:25:27.322] [INFO ] [order-service] [http-nio-8065-exec-3] [com.bcu.edu.controller.AdminController:?] - 管理端查询订单列表: page=0, size=10, status=1, payStatus=null
[2025-11-10 21:25:36.246] [INFO ] [order-service] [http-nio-8065-exec-2] [com.bcu.edu.controller.AdminController:?] - 管理端更新订单状态: orderId=11, status=2
[2025-11-10 21:25:36.253] [INFO ] [order-service] [http-nio-8065-exec-2] [com.bcu.edu.service.OrderService:?] - 管理员更新订单状态成功: orderId=11, status=2
[2025-11-10 21:25:36.274] [INFO ] [order-service] [http-nio-8065-exec-5] [com.bcu.edu.controller.AdminController:?] - 管理端查询订单统计
[2025-11-10 21:25:36.274] [INFO ] [order-service] [http-nio-8065-exec-1] [com.bcu.edu.controller.AdminController:?] - 管理端查询订单列表: page=0, size=10, status=1, payStatus=null
[2025-11-10 21:25:40.596] [INFO ] [order-service] [http-nio-8065-exec-7] [com.bcu.edu.controller.AdminController:?] - 管理端查询订单列表: page=0, size=10, status=2, payStatus=null
[2025-11-10 21:25:43.524] [INFO ] [order-service] [http-nio-8065-exec-8] [com.bcu.edu.controller.AdminController:?] - 管理端查询订单列表: page=0, size=10, status=null, payStatus=null
[2025-11-10 21:26:10.784] [INFO ] [order-service] [http-nio-8065-exec-4] [com.bcu.edu.controller.AdminController:?] - 管理端查询订单列表: page=1, size=10, status=null, payStatus=null
[2025-11-10 21:26:12.143] [INFO ] [order-service] [http-nio-8065-exec-2] [com.bcu.edu.controller.AdminController:?] - 管理端查询订单列表: page=0, size=10, status=null, payStatus=null
[2025-11-10 21:27:13.507] [INFO ] [order-service] [SpringApplicationShutdownHook] [o.s.c.consul.serviceregistry.ConsulServiceRegistry:?] - Deregistering service with consul: order-service-8065
[2025-11-10 21:27:13.523] [INFO ] [order-service] [SpringApplicationShutdownHook] [o.s.orm.jpa.LocalContainerEntityManagerFactoryBean:?] - Closing JPA EntityManagerFactory for persistence unit 'default'
[2025-11-10 21:27:13.526] [INFO ] [order-service] [SpringApplicationShutdownHook] [com.zaxxer.hikari.HikariDataSource:?] - HikariPool-1 - Shutdown initiated...
[2025-11-10 21:27:13.528] [INFO ] [order-service] [SpringApplicationShutdownHook] [com.zaxxer.hikari.HikariDataSource:?] - HikariPool-1 - Shutdown completed.
