[2025-11-10 20:03:49.696] [DEBUG] [order-service] [main] [com.bcu.edu.OrderServiceApplication:51] - Running with Spring Boot v3.2.3, Spring v6.1.4
[2025-11-10 20:03:54.138] [DEBUG] [order-service] [main] [com.bcu.edu.filter.UserContextFilter:240] - Filter 'userContextFilter' configured for use
[2025-11-10 20:05:00.187] [DEBUG] [order-service] [scheduling-1] [org.hibernate.SQL:135] - 
    select
        om1_0.order_id,
        om1_0.create_time,
        om1_0.delivery_id,
        om1_0.discount_amount,
        om1_0.dispatch_group,
        om1_0.leader_id,
        om1_0.order_sn,
        om1_0.order_status,
        om1_0.pay_amount,
        om1_0.pay_status,
        om1_0.pay_time,
        om1_0.receive_address_id,
        om1_0.total_amount,
        om1_0.update_time,
        om1_0.user_id 
    from
        order_main om1_0 
    where
        om1_0.order_status=0 
        and om1_0.pay_status=0 
        and om1_0.create_time<?
[2025-11-10 20:10:00.022] [DEBUG] [order-service] [scheduling-1] [org.hibernate.SQL:135] - 
    select
        om1_0.order_id,
        om1_0.create_time,
        om1_0.delivery_id,
        om1_0.discount_amount,
        om1_0.dispatch_group,
        om1_0.leader_id,
        om1_0.order_sn,
        om1_0.order_status,
        om1_0.pay_amount,
        om1_0.pay_status,
        om1_0.pay_time,
        om1_0.receive_address_id,
        om1_0.total_amount,
        om1_0.update_time,
        om1_0.user_id 
    from
        order_main om1_0 
    where
        om1_0.order_status=0 
        and om1_0.pay_status=0 
        and om1_0.create_time<?
[2025-11-10 20:15:00.005] [DEBUG] [order-service] [scheduling-1] [org.hibernate.SQL:135] - 
    select
        om1_0.order_id,
        om1_0.create_time,
        om1_0.delivery_id,
        om1_0.discount_amount,
        om1_0.dispatch_group,
        om1_0.leader_id,
        om1_0.order_sn,
        om1_0.order_status,
        om1_0.pay_amount,
        om1_0.pay_status,
        om1_0.pay_time,
        om1_0.receive_address_id,
        om1_0.total_amount,
        om1_0.update_time,
        om1_0.user_id 
    from
        order_main om1_0 
    where
        om1_0.order_status=0 
        and om1_0.pay_status=0 
        and om1_0.create_time<?
[2025-11-10 20:20:00.013] [DEBUG] [order-service] [scheduling-1] [org.hibernate.SQL:135] - 
    select
        om1_0.order_id,
        om1_0.create_time,
        om1_0.delivery_id,
        om1_0.discount_amount,
        om1_0.dispatch_group,
        om1_0.leader_id,
        om1_0.order_sn,
        om1_0.order_status,
        om1_0.pay_amount,
        om1_0.pay_status,
        om1_0.pay_time,
        om1_0.receive_address_id,
        om1_0.total_amount,
        om1_0.update_time,
        om1_0.user_id 
    from
        order_main om1_0 
    where
        om1_0.order_status=0 
        and om1_0.pay_status=0 
        and om1_0.create_time<?
[2025-11-10 20:25:00.015] [DEBUG] [order-service] [scheduling-1] [org.hibernate.SQL:135] - 
    select
        om1_0.order_id,
        om1_0.create_time,
        om1_0.delivery_id,
        om1_0.discount_amount,
        om1_0.dispatch_group,
        om1_0.leader_id,
        om1_0.order_sn,
        om1_0.order_status,
        om1_0.pay_amount,
        om1_0.pay_status,
        om1_0.pay_time,
        om1_0.receive_address_id,
        om1_0.total_amount,
        om1_0.update_time,
        om1_0.user_id 
    from
        order_main om1_0 
    where
        om1_0.order_status=0 
        and om1_0.pay_status=0 
        and om1_0.create_time<?
[2025-11-10 20:30:00.012] [DEBUG] [order-service] [scheduling-1] [org.hibernate.SQL:135] - 
    select
        om1_0.order_id,
        om1_0.create_time,
        om1_0.delivery_id,
        om1_0.discount_amount,
        om1_0.dispatch_group,
        om1_0.leader_id,
        om1_0.order_sn,
        om1_0.order_status,
        om1_0.pay_amount,
        om1_0.pay_status,
        om1_0.pay_time,
        om1_0.receive_address_id,
        om1_0.total_amount,
        om1_0.update_time,
        om1_0.user_id 
    from
        order_main om1_0 
    where
        om1_0.order_status=0 
        and om1_0.pay_status=0 
        and om1_0.create_time<?
[2025-11-10 20:35:00.003] [DEBUG] [order-service] [scheduling-1] [org.hibernate.SQL:135] - 
    select
        om1_0.order_id,
        om1_0.create_time,
        om1_0.delivery_id,
        om1_0.discount_amount,
        om1_0.dispatch_group,
        om1_0.leader_id,
        om1_0.order_sn,
        om1_0.order_status,
        om1_0.pay_amount,
        om1_0.pay_status,
        om1_0.pay_time,
        om1_0.receive_address_id,
        om1_0.total_amount,
        om1_0.update_time,
        om1_0.user_id 
    from
        order_main om1_0 
    where
        om1_0.order_status=0 
        and om1_0.pay_status=0 
        and om1_0.create_time<?
[2025-11-10 20:40:00.012] [DEBUG] [order-service] [scheduling-1] [org.hibernate.SQL:135] - 
    select
        om1_0.order_id,
        om1_0.create_time,
        om1_0.delivery_id,
        om1_0.discount_amount,
        om1_0.dispatch_group,
        om1_0.leader_id,
        om1_0.order_sn,
        om1_0.order_status,
        om1_0.pay_amount,
        om1_0.pay_status,
        om1_0.pay_time,
        om1_0.receive_address_id,
        om1_0.total_amount,
        om1_0.update_time,
        om1_0.user_id 
    from
        order_main om1_0 
    where
        om1_0.order_status=0 
        and om1_0.pay_status=0 
        and om1_0.create_time<?
[2025-11-10 20:45:00.002] [DEBUG] [order-service] [scheduling-1] [org.hibernate.SQL:135] - 
    select
        om1_0.order_id,
        om1_0.create_time,
        om1_0.delivery_id,
        om1_0.discount_amount,
        om1_0.dispatch_group,
        om1_0.leader_id,
        om1_0.order_sn,
        om1_0.order_status,
        om1_0.pay_amount,
        om1_0.pay_status,
        om1_0.pay_time,
        om1_0.receive_address_id,
        om1_0.total_amount,
        om1_0.update_time,
        om1_0.user_id 
    from
        order_main om1_0 
    where
        om1_0.order_status=0 
        and om1_0.pay_status=0 
        and om1_0.create_time<?
[2025-11-10 20:48:41.005] [DEBUG] [order-service] [http-nio-8065-exec-8] [com.bcu.edu.filter.UserContextFilter:37] - UserContextFilter - X-User-Id: null, X-Username: null, X-User-Role: null
[2025-11-10 20:48:41.253] [DEBUG] [order-service] [http-nio-8065-exec-8] [org.hibernate.SQL:135] - 
    insert 
    into
        order_main
        (create_time, delivery_id, discount_amount, dispatch_group, leader_id, order_sn, order_status, pay_amount, pay_status, pay_time, receive_address_id, total_amount, update_time, user_id) 
    values
        (?, ?, ?, ?, ?, ?, ?, ?, ?, ?, ?, ?, ?, ?)
[2025-11-10 20:48:41.269] [DEBUG] [order-service] [http-nio-8065-exec-8] [org.hibernate.SQL:135] - 
    insert 
    into
        order_item
        (activity_id, order_id, price, product_id, product_img, product_name, quantity, total_price) 
    values
        (?, ?, ?, ?, ?, ?, ?, ?)
[2025-11-10 20:48:41.323] [DEBUG] [order-service] [http-nio-8065-exec-8] [com.bcu.edu.common.aspect.OperationLogAspect:113] - 操作日志已通过Feign记录: module=订单管理, operation=创建订单
[2025-11-10 20:48:41.914] [DEBUG] [order-service] [http-nio-8065-exec-9] [com.bcu.edu.filter.UserContextFilter:37] - UserContextFilter - X-User-Id: null, X-Username: null, X-User-Role: null
[2025-11-10 20:48:41.926] [DEBUG] [order-service] [http-nio-8065-exec-9] [org.hibernate.SQL:135] - 
    select
        om1_0.order_id,
        om1_0.create_time,
        om1_0.delivery_id,
        om1_0.discount_amount,
        om1_0.dispatch_group,
        om1_0.leader_id,
        om1_0.order_sn,
        om1_0.order_status,
        om1_0.pay_amount,
        om1_0.pay_status,
        om1_0.pay_time,
        om1_0.receive_address_id,
        om1_0.total_amount,
        om1_0.update_time,
        om1_0.user_id 
    from
        order_main om1_0 
    where
        om1_0.order_id=?
[2025-11-10 20:48:41.939] [DEBUG] [order-service] [http-nio-8065-exec-9] [com.bcu.edu.common.aspect.OperationLogAspect:113] - 操作日志已通过Feign记录: module=订单管理, operation=更新支付状态
[2025-11-10 20:48:41.947] [DEBUG] [order-service] [http-nio-8065-exec-9] [org.hibernate.SQL:135] - 
    update
        order_main 
    set
        delivery_id=?,
        discount_amount=?,
        dispatch_group=?,
        leader_id=?,
        order_sn=?,
        order_status=?,
        pay_amount=?,
        pay_status=?,
        pay_time=?,
        receive_address_id=?,
        total_amount=?,
        update_time=?,
        user_id=? 
    where
        order_id=?
[2025-11-10 20:48:41.956] [DEBUG] [order-service] [http-nio-8065-exec-10] [com.bcu.edu.filter.UserContextFilter:37] - UserContextFilter - X-User-Id: null, X-Username: null, X-User-Role: null
[2025-11-10 20:48:41.969] [DEBUG] [order-service] [http-nio-8065-exec-10] [org.hibernate.SQL:135] - 
    select
        oi1_0.item_id,
        oi1_0.activity_id,
        oi1_0.order_id,
        oi1_0.price,
        oi1_0.product_id,
        oi1_0.product_img,
        oi1_0.product_name,
        oi1_0.quantity,
        oi1_0.total_price 
    from
        order_item oi1_0 
    where
        oi1_0.order_id=?
[2025-11-10 20:49:00.266] [DEBUG] [order-service] [http-nio-8065-exec-1] [com.bcu.edu.filter.UserContextFilter:37] - UserContextFilter - X-User-Id: null, X-Username: null, X-User-Role: null
[2025-11-10 20:49:00.268] [DEBUG] [order-service] [http-nio-8065-exec-1] [org.hibernate.SQL:135] - 
    select
        om1_0.order_id,
        om1_0.create_time,
        om1_0.delivery_id,
        om1_0.discount_amount,
        om1_0.dispatch_group,
        om1_0.leader_id,
        om1_0.order_sn,
        om1_0.order_status,
        om1_0.pay_amount,
        om1_0.pay_status,
        om1_0.pay_time,
        om1_0.receive_address_id,
        om1_0.total_amount,
        om1_0.update_time,
        om1_0.user_id 
    from
        order_main om1_0 
    where
        om1_0.order_id=?
[2025-11-10 20:49:00.275] [DEBUG] [order-service] [http-nio-8065-exec-1] [com.bcu.edu.common.aspect.OperationLogAspect:113] - 操作日志已通过Feign记录: module=订单管理, operation=更新订单状态
[2025-11-10 20:49:00.276] [DEBUG] [order-service] [http-nio-8065-exec-1] [org.hibernate.SQL:135] - 
    update
        order_main 
    set
        delivery_id=?,
        discount_amount=?,
        dispatch_group=?,
        leader_id=?,
        order_sn=?,
        order_status=?,
        pay_amount=?,
        pay_status=?,
        pay_time=?,
        receive_address_id=?,
        total_amount=?,
        update_time=?,
        user_id=? 
    where
        order_id=?
[2025-11-10 20:50:00.006] [DEBUG] [order-service] [scheduling-1] [org.hibernate.SQL:135] - 
    select
        om1_0.order_id,
        om1_0.create_time,
        om1_0.delivery_id,
        om1_0.discount_amount,
        om1_0.dispatch_group,
        om1_0.leader_id,
        om1_0.order_sn,
        om1_0.order_status,
        om1_0.pay_amount,
        om1_0.pay_status,
        om1_0.pay_time,
        om1_0.receive_address_id,
        om1_0.total_amount,
        om1_0.update_time,
        om1_0.user_id 
    from
        order_main om1_0 
    where
        om1_0.order_status=0 
        and om1_0.pay_status=0 
        and om1_0.create_time<?
[2025-11-10 20:55:00.009] [DEBUG] [order-service] [scheduling-1] [org.hibernate.SQL:135] - 
    select
        om1_0.order_id,
        om1_0.create_time,
        om1_0.delivery_id,
        om1_0.discount_amount,
        om1_0.dispatch_group,
        om1_0.leader_id,
        om1_0.order_sn,
        om1_0.order_status,
        om1_0.pay_amount,
        om1_0.pay_status,
        om1_0.pay_time,
        om1_0.receive_address_id,
        om1_0.total_amount,
        om1_0.update_time,
        om1_0.user_id 
    from
        order_main om1_0 
    where
        om1_0.order_status=0 
        and om1_0.pay_status=0 
        and om1_0.create_time<?
[2025-11-10 21:00:00.002] [DEBUG] [order-service] [scheduling-1] [org.hibernate.SQL:135] - 
    select
        om1_0.order_id,
        om1_0.create_time,
        om1_0.delivery_id,
        om1_0.discount_amount,
        om1_0.dispatch_group,
        om1_0.leader_id,
        om1_0.order_sn,
        om1_0.order_status,
        om1_0.pay_amount,
        om1_0.pay_status,
        om1_0.pay_time,
        om1_0.receive_address_id,
        om1_0.total_amount,
        om1_0.update_time,
        om1_0.user_id 
    from
        order_main om1_0 
    where
        om1_0.order_status=0 
        and om1_0.pay_status=0 
        and om1_0.create_time<?
[2025-11-10 21:05:00.016] [DEBUG] [order-service] [scheduling-1] [org.hibernate.SQL:135] - 
    select
        om1_0.order_id,
        om1_0.create_time,
        om1_0.delivery_id,
        om1_0.discount_amount,
        om1_0.dispatch_group,
        om1_0.leader_id,
        om1_0.order_sn,
        om1_0.order_status,
        om1_0.pay_amount,
        om1_0.pay_status,
        om1_0.pay_time,
        om1_0.receive_address_id,
        om1_0.total_amount,
        om1_0.update_time,
        om1_0.user_id 
    from
        order_main om1_0 
    where
        om1_0.order_status=0 
        and om1_0.pay_status=0 
        and om1_0.create_time<?
[2025-11-10 21:10:00.007] [DEBUG] [order-service] [scheduling-1] [org.hibernate.SQL:135] - 
    select
        om1_0.order_id,
        om1_0.create_time,
        om1_0.delivery_id,
        om1_0.discount_amount,
        om1_0.dispatch_group,
        om1_0.leader_id,
        om1_0.order_sn,
        om1_0.order_status,
        om1_0.pay_amount,
        om1_0.pay_status,
        om1_0.pay_time,
        om1_0.receive_address_id,
        om1_0.total_amount,
        om1_0.update_time,
        om1_0.user_id 
    from
        order_main om1_0 
    where
        om1_0.order_status=0 
        and om1_0.pay_status=0 
        and om1_0.create_time<?
[2025-11-10 21:15:00.006] [DEBUG] [order-service] [scheduling-1] [org.hibernate.SQL:135] - 
    select
        om1_0.order_id,
        om1_0.create_time,
        om1_0.delivery_id,
        om1_0.discount_amount,
        om1_0.dispatch_group,
        om1_0.leader_id,
        om1_0.order_sn,
        om1_0.order_status,
        om1_0.pay_amount,
        om1_0.pay_status,
        om1_0.pay_time,
        om1_0.receive_address_id,
        om1_0.total_amount,
        om1_0.update_time,
        om1_0.user_id 
    from
        order_main om1_0 
    where
        om1_0.order_status=0 
        and om1_0.pay_status=0 
        and om1_0.create_time<?
[2025-11-10 21:18:34.025] [DEBUG] [order-service] [http-nio-8065-exec-1] [com.bcu.edu.filter.UserContextFilter:37] - UserContextFilter - X-User-Id: null, X-Username: null, X-User-Role: null
[2025-11-10 21:18:34.049] [DEBUG] [order-service] [http-nio-8065-exec-1] [org.hibernate.SQL:135] - 
    insert 
    into
        order_main
        (create_time, delivery_id, discount_amount, dispatch_group, leader_id, order_sn, order_status, pay_amount, pay_status, pay_time, receive_address_id, total_amount, update_time, user_id) 
    values
        (?, ?, ?, ?, ?, ?, ?, ?, ?, ?, ?, ?, ?, ?)
[2025-11-10 21:18:34.052] [DEBUG] [order-service] [http-nio-8065-exec-1] [org.hibernate.SQL:135] - 
    insert 
    into
        order_item
        (activity_id, order_id, price, product_id, product_img, product_name, quantity, total_price) 
    values
        (?, ?, ?, ?, ?, ?, ?, ?)
[2025-11-10 21:18:34.058] [DEBUG] [order-service] [http-nio-8065-exec-1] [com.bcu.edu.common.aspect.OperationLogAspect:113] - 操作日志已通过Feign记录: module=订单管理, operation=创建订单
[2025-11-10 21:18:34.395] [DEBUG] [order-service] [http-nio-8065-exec-2] [com.bcu.edu.filter.UserContextFilter:37] - UserContextFilter - X-User-Id: 4, X-Username: 33, X-User-Role: 1
[2025-11-10 21:18:34.395] [DEBUG] [order-service] [http-nio-8065-exec-2] [com.bcu.edu.filter.UserContextFilter:45] - 设置userId到request attribute: 4
[2025-11-10 21:18:34.399] [DEBUG] [order-service] [http-nio-8065-exec-2] [org.hibernate.SQL:135] - 
    select
        om1_0.order_id,
        om1_0.create_time,
        om1_0.delivery_id,
        om1_0.discount_amount,
        om1_0.dispatch_group,
        om1_0.leader_id,
        om1_0.order_sn,
        om1_0.order_status,
        om1_0.pay_amount,
        om1_0.pay_status,
        om1_0.pay_time,
        om1_0.receive_address_id,
        om1_0.total_amount,
        om1_0.update_time,
        om1_0.user_id 
    from
        order_main om1_0 
    where
        om1_0.order_id=?
[2025-11-10 21:18:34.402] [DEBUG] [order-service] [http-nio-8065-exec-2] [org.hibernate.SQL:135] - 
    select
        oi1_0.item_id,
        oi1_0.activity_id,
        oi1_0.order_id,
        oi1_0.price,
        oi1_0.product_id,
        oi1_0.product_img,
        oi1_0.product_name,
        oi1_0.quantity,
        oi1_0.total_price 
    from
        order_item oi1_0 
    where
        oi1_0.order_id=?
[2025-11-10 21:18:34.439] [DEBUG] [order-service] [http-nio-8065-exec-2] [com.bcu.edu.common.aspect.OperationLogAspect:113] - 操作日志已通过Feign记录: module=订单管理, operation=查询订单详情
[2025-11-10 21:18:47.459] [DEBUG] [order-service] [http-nio-8065-exec-6] [com.bcu.edu.filter.UserContextFilter:37] - UserContextFilter - X-User-Id: 4, X-Username: 33, X-User-Role: 1
[2025-11-10 21:18:47.459] [DEBUG] [order-service] [http-nio-8065-exec-6] [com.bcu.edu.filter.UserContextFilter:45] - 设置userId到request attribute: 4
[2025-11-10 21:18:47.467] [DEBUG] [order-service] [http-nio-8065-exec-6] [org.hibernate.SQL:135] - 
    select
        om1_0.order_id,
        om1_0.create_time,
        om1_0.delivery_id,
        om1_0.discount_amount,
        om1_0.dispatch_group,
        om1_0.leader_id,
        om1_0.order_sn,
        om1_0.order_status,
        om1_0.pay_amount,
        om1_0.pay_status,
        om1_0.pay_time,
        om1_0.receive_address_id,
        om1_0.total_amount,
        om1_0.update_time,
        om1_0.user_id 
    from
        order_main om1_0 
    where
        om1_0.user_id=? 
    order by
        om1_0.create_time desc 
    limit
        ?, ?
[2025-11-10 21:18:47.475] [DEBUG] [order-service] [http-nio-8065-exec-6] [org.hibernate.SQL:135] - 
    select
        oi1_0.item_id,
        oi1_0.activity_id,
        oi1_0.order_id,
        oi1_0.price,
        oi1_0.product_id,
        oi1_0.product_img,
        oi1_0.product_name,
        oi1_0.quantity,
        oi1_0.total_price 
    from
        order_item oi1_0 
    where
        oi1_0.order_id=?
[2025-11-10 21:18:47.479] [DEBUG] [order-service] [http-nio-8065-exec-6] [org.hibernate.SQL:135] - 
    select
        oi1_0.item_id,
        oi1_0.activity_id,
        oi1_0.order_id,
        oi1_0.price,
        oi1_0.product_id,
        oi1_0.product_img,
        oi1_0.product_name,
        oi1_0.quantity,
        oi1_0.total_price 
    from
        order_item oi1_0 
    where
        oi1_0.order_id=?
[2025-11-10 21:18:47.482] [DEBUG] [order-service] [http-nio-8065-exec-6] [org.hibernate.SQL:135] - 
    select
        oi1_0.item_id,
        oi1_0.activity_id,
        oi1_0.order_id,
        oi1_0.price,
        oi1_0.product_id,
        oi1_0.product_img,
        oi1_0.product_name,
        oi1_0.quantity,
        oi1_0.total_price 
    from
        order_item oi1_0 
    where
        oi1_0.order_id=?
[2025-11-10 21:18:47.484] [DEBUG] [order-service] [http-nio-8065-exec-6] [org.hibernate.SQL:135] - 
    select
        oi1_0.item_id,
        oi1_0.activity_id,
        oi1_0.order_id,
        oi1_0.price,
        oi1_0.product_id,
        oi1_0.product_img,
        oi1_0.product_name,
        oi1_0.quantity,
        oi1_0.total_price 
    from
        order_item oi1_0 
    where
        oi1_0.order_id=?
[2025-11-10 21:18:47.488] [DEBUG] [order-service] [http-nio-8065-exec-6] [org.hibernate.SQL:135] - 
    select
        oi1_0.item_id,
        oi1_0.activity_id,
        oi1_0.order_id,
        oi1_0.price,
        oi1_0.product_id,
        oi1_0.product_img,
        oi1_0.product_name,
        oi1_0.quantity,
        oi1_0.total_price 
    from
        order_item oi1_0 
    where
        oi1_0.order_id=?
[2025-11-10 21:18:47.490] [DEBUG] [order-service] [http-nio-8065-exec-6] [org.hibernate.SQL:135] - 
    select
        oi1_0.item_id,
        oi1_0.activity_id,
        oi1_0.order_id,
        oi1_0.price,
        oi1_0.product_id,
        oi1_0.product_img,
        oi1_0.product_name,
        oi1_0.quantity,
        oi1_0.total_price 
    from
        order_item oi1_0 
    where
        oi1_0.order_id=?
[2025-11-10 21:18:47.493] [DEBUG] [order-service] [http-nio-8065-exec-6] [org.hibernate.SQL:135] - 
    select
        oi1_0.item_id,
        oi1_0.activity_id,
        oi1_0.order_id,
        oi1_0.price,
        oi1_0.product_id,
        oi1_0.product_img,
        oi1_0.product_name,
        oi1_0.quantity,
        oi1_0.total_price 
    from
        order_item oi1_0 
    where
        oi1_0.order_id=?
[2025-11-10 21:18:47.494] [DEBUG] [order-service] [http-nio-8065-exec-6] [org.hibernate.SQL:135] - 
    select
        oi1_0.item_id,
        oi1_0.activity_id,
        oi1_0.order_id,
        oi1_0.price,
        oi1_0.product_id,
        oi1_0.product_img,
        oi1_0.product_name,
        oi1_0.quantity,
        oi1_0.total_price 
    from
        order_item oi1_0 
    where
        oi1_0.order_id=?
[2025-11-10 21:18:47.497] [DEBUG] [order-service] [http-nio-8065-exec-6] [org.hibernate.SQL:135] - 
    select
        oi1_0.item_id,
        oi1_0.activity_id,
        oi1_0.order_id,
        oi1_0.price,
        oi1_0.product_id,
        oi1_0.product_img,
        oi1_0.product_name,
        oi1_0.quantity,
        oi1_0.total_price 
    from
        order_item oi1_0 
    where
        oi1_0.order_id=?
[2025-11-10 21:18:47.523] [DEBUG] [order-service] [http-nio-8065-exec-6] [com.bcu.edu.common.aspect.OperationLogAspect:113] - 操作日志已通过Feign记录: module=订单管理, operation=查询我的订单
[2025-11-10 21:18:51.903] [DEBUG] [order-service] [http-nio-8065-exec-8] [com.bcu.edu.filter.UserContextFilter:37] - UserContextFilter - X-User-Id: 4, X-Username: 33, X-User-Role: 1
[2025-11-10 21:18:51.904] [DEBUG] [order-service] [http-nio-8065-exec-8] [com.bcu.edu.filter.UserContextFilter:45] - 设置userId到request attribute: 4
[2025-11-10 21:18:51.906] [DEBUG] [order-service] [http-nio-8065-exec-8] [org.hibernate.SQL:135] - 
    select
        om1_0.order_id,
        om1_0.create_time,
        om1_0.delivery_id,
        om1_0.discount_amount,
        om1_0.dispatch_group,
        om1_0.leader_id,
        om1_0.order_sn,
        om1_0.order_status,
        om1_0.pay_amount,
        om1_0.pay_status,
        om1_0.pay_time,
        om1_0.receive_address_id,
        om1_0.total_amount,
        om1_0.update_time,
        om1_0.user_id 
    from
        order_main om1_0 
    where
        om1_0.order_id=?
[2025-11-10 21:18:51.918] [DEBUG] [order-service] [http-nio-8065-exec-8] [com.bcu.edu.common.aspect.OperationLogAspect:113] - 操作日志已通过Feign记录: module=订单管理, operation=取消订单
[2025-11-10 21:18:51.919] [DEBUG] [order-service] [http-nio-8065-exec-8] [org.hibernate.SQL:135] - 
    update
        order_main 
    set
        delivery_id=?,
        discount_amount=?,
        dispatch_group=?,
        leader_id=?,
        order_sn=?,
        order_status=?,
        pay_amount=?,
        pay_status=?,
        pay_time=?,
        receive_address_id=?,
        total_amount=?,
        update_time=?,
        user_id=? 
    where
        order_id=?
[2025-11-10 21:18:51.932] [DEBUG] [order-service] [http-nio-8065-exec-8] [com.bcu.edu.common.aspect.OperationLogAspect:113] - 操作日志已通过Feign记录: module=订单管理, operation=取消订单
[2025-11-10 21:18:52.167] [DEBUG] [order-service] [http-nio-8065-exec-9] [com.bcu.edu.filter.UserContextFilter:37] - UserContextFilter - X-User-Id: 4, X-Username: 33, X-User-Role: 1
[2025-11-10 21:18:52.167] [DEBUG] [order-service] [http-nio-8065-exec-9] [com.bcu.edu.filter.UserContextFilter:45] - 设置userId到request attribute: 4
[2025-11-10 21:18:52.170] [DEBUG] [order-service] [http-nio-8065-exec-9] [org.hibernate.SQL:135] - 
    select
        om1_0.order_id,
        om1_0.create_time,
        om1_0.delivery_id,
        om1_0.discount_amount,
        om1_0.dispatch_group,
        om1_0.leader_id,
        om1_0.order_sn,
        om1_0.order_status,
        om1_0.pay_amount,
        om1_0.pay_status,
        om1_0.pay_time,
        om1_0.receive_address_id,
        om1_0.total_amount,
        om1_0.update_time,
        om1_0.user_id 
    from
        order_main om1_0 
    where
        om1_0.user_id=? 
    order by
        om1_0.create_time desc 
    limit
        ?, ?
[2025-11-10 21:18:52.173] [DEBUG] [order-service] [http-nio-8065-exec-9] [org.hibernate.SQL:135] - 
    select
        oi1_0.item_id,
        oi1_0.activity_id,
        oi1_0.order_id,
        oi1_0.price,
        oi1_0.product_id,
        oi1_0.product_img,
        oi1_0.product_name,
        oi1_0.quantity,
        oi1_0.total_price 
    from
        order_item oi1_0 
    where
        oi1_0.order_id=?
[2025-11-10 21:18:52.175] [DEBUG] [order-service] [http-nio-8065-exec-9] [org.hibernate.SQL:135] - 
    select
        oi1_0.item_id,
        oi1_0.activity_id,
        oi1_0.order_id,
        oi1_0.price,
        oi1_0.product_id,
        oi1_0.product_img,
        oi1_0.product_name,
        oi1_0.quantity,
        oi1_0.total_price 
    from
        order_item oi1_0 
    where
        oi1_0.order_id=?
[2025-11-10 21:18:52.178] [DEBUG] [order-service] [http-nio-8065-exec-9] [org.hibernate.SQL:135] - 
    select
        oi1_0.item_id,
        oi1_0.activity_id,
        oi1_0.order_id,
        oi1_0.price,
        oi1_0.product_id,
        oi1_0.product_img,
        oi1_0.product_name,
        oi1_0.quantity,
        oi1_0.total_price 
    from
        order_item oi1_0 
    where
        oi1_0.order_id=?
[2025-11-10 21:18:52.181] [DEBUG] [order-service] [http-nio-8065-exec-9] [org.hibernate.SQL:135] - 
    select
        oi1_0.item_id,
        oi1_0.activity_id,
        oi1_0.order_id,
        oi1_0.price,
        oi1_0.product_id,
        oi1_0.product_img,
        oi1_0.product_name,
        oi1_0.quantity,
        oi1_0.total_price 
    from
        order_item oi1_0 
    where
        oi1_0.order_id=?
[2025-11-10 21:18:52.183] [DEBUG] [order-service] [http-nio-8065-exec-9] [org.hibernate.SQL:135] - 
    select
        oi1_0.item_id,
        oi1_0.activity_id,
        oi1_0.order_id,
        oi1_0.price,
        oi1_0.product_id,
        oi1_0.product_img,
        oi1_0.product_name,
        oi1_0.quantity,
        oi1_0.total_price 
    from
        order_item oi1_0 
    where
        oi1_0.order_id=?
[2025-11-10 21:18:52.186] [DEBUG] [order-service] [http-nio-8065-exec-9] [org.hibernate.SQL:135] - 
    select
        oi1_0.item_id,
        oi1_0.activity_id,
        oi1_0.order_id,
        oi1_0.price,
        oi1_0.product_id,
        oi1_0.product_img,
        oi1_0.product_name,
        oi1_0.quantity,
        oi1_0.total_price 
    from
        order_item oi1_0 
    where
        oi1_0.order_id=?
[2025-11-10 21:18:52.191] [DEBUG] [order-service] [http-nio-8065-exec-9] [org.hibernate.SQL:135] - 
    select
        oi1_0.item_id,
        oi1_0.activity_id,
        oi1_0.order_id,
        oi1_0.price,
        oi1_0.product_id,
        oi1_0.product_img,
        oi1_0.product_name,
        oi1_0.quantity,
        oi1_0.total_price 
    from
        order_item oi1_0 
    where
        oi1_0.order_id=?
[2025-11-10 21:18:52.193] [DEBUG] [order-service] [http-nio-8065-exec-9] [org.hibernate.SQL:135] - 
    select
        oi1_0.item_id,
        oi1_0.activity_id,
        oi1_0.order_id,
        oi1_0.price,
        oi1_0.product_id,
        oi1_0.product_img,
        oi1_0.product_name,
        oi1_0.quantity,
        oi1_0.total_price 
    from
        order_item oi1_0 
    where
        oi1_0.order_id=?
[2025-11-10 21:18:52.196] [DEBUG] [order-service] [http-nio-8065-exec-9] [org.hibernate.SQL:135] - 
    select
        oi1_0.item_id,
        oi1_0.activity_id,
        oi1_0.order_id,
        oi1_0.price,
        oi1_0.product_id,
        oi1_0.product_img,
        oi1_0.product_name,
        oi1_0.quantity,
        oi1_0.total_price 
    from
        order_item oi1_0 
    where
        oi1_0.order_id=?
[2025-11-10 21:18:52.207] [DEBUG] [order-service] [http-nio-8065-exec-9] [com.bcu.edu.common.aspect.OperationLogAspect:113] - 操作日志已通过Feign记录: module=订单管理, operation=查询我的订单
[2025-11-10 21:20:00.013] [DEBUG] [order-service] [scheduling-1] [org.hibernate.SQL:135] - 
    select
        om1_0.order_id,
        om1_0.create_time,
        om1_0.delivery_id,
        om1_0.discount_amount,
        om1_0.dispatch_group,
        om1_0.leader_id,
        om1_0.order_sn,
        om1_0.order_status,
        om1_0.pay_amount,
        om1_0.pay_status,
        om1_0.pay_time,
        om1_0.receive_address_id,
        om1_0.total_amount,
        om1_0.update_time,
        om1_0.user_id 
    from
        order_main om1_0 
    where
        om1_0.order_status=0 
        and om1_0.pay_status=0 
        and om1_0.create_time<?
[2025-11-10 21:24:10.073] [DEBUG] [order-service] [http-nio-8065-exec-2] [com.bcu.edu.filter.UserContextFilter:37] - UserContextFilter - X-User-Id: null, X-Username: null, X-User-Role: null
[2025-11-10 21:24:10.092] [DEBUG] [order-service] [http-nio-8065-exec-2] [org.hibernate.SQL:135] - 
    insert 
    into
        order_main
        (create_time, delivery_id, discount_amount, dispatch_group, leader_id, order_sn, order_status, pay_amount, pay_status, pay_time, receive_address_id, total_amount, update_time, user_id) 
    values
        (?, ?, ?, ?, ?, ?, ?, ?, ?, ?, ?, ?, ?, ?)
[2025-11-10 21:24:10.094] [DEBUG] [order-service] [http-nio-8065-exec-2] [org.hibernate.SQL:135] - 
    insert 
    into
        order_item
        (activity_id, order_id, price, product_id, product_img, product_name, quantity, total_price) 
    values
        (?, ?, ?, ?, ?, ?, ?, ?)
[2025-11-10 21:24:10.101] [DEBUG] [order-service] [http-nio-8065-exec-2] [com.bcu.edu.common.aspect.OperationLogAspect:113] - 操作日志已通过Feign记录: module=订单管理, operation=创建订单
[2025-11-10 21:24:10.470] [DEBUG] [order-service] [http-nio-8065-exec-5] [com.bcu.edu.filter.UserContextFilter:37] - UserContextFilter - X-User-Id: 4, X-Username: 33, X-User-Role: 1
[2025-11-10 21:24:10.470] [DEBUG] [order-service] [http-nio-8065-exec-5] [com.bcu.edu.filter.UserContextFilter:45] - 设置userId到request attribute: 4
[2025-11-10 21:24:10.471] [DEBUG] [order-service] [http-nio-8065-exec-5] [org.hibernate.SQL:135] - 
    select
        om1_0.order_id,
        om1_0.create_time,
        om1_0.delivery_id,
        om1_0.discount_amount,
        om1_0.dispatch_group,
        om1_0.leader_id,
        om1_0.order_sn,
        om1_0.order_status,
        om1_0.pay_amount,
        om1_0.pay_status,
        om1_0.pay_time,
        om1_0.receive_address_id,
        om1_0.total_amount,
        om1_0.update_time,
        om1_0.user_id 
    from
        order_main om1_0 
    where
        om1_0.order_id=?
[2025-11-10 21:24:10.480] [DEBUG] [order-service] [http-nio-8065-exec-5] [org.hibernate.SQL:135] - 
    select
        oi1_0.item_id,
        oi1_0.activity_id,
        oi1_0.order_id,
        oi1_0.price,
        oi1_0.product_id,
        oi1_0.product_img,
        oi1_0.product_name,
        oi1_0.quantity,
        oi1_0.total_price 
    from
        order_item oi1_0 
    where
        oi1_0.order_id=?
[2025-11-10 21:24:10.490] [DEBUG] [order-service] [http-nio-8065-exec-5] [com.bcu.edu.common.aspect.OperationLogAspect:113] - 操作日志已通过Feign记录: module=订单管理, operation=查询订单详情
[2025-11-10 21:24:13.671] [DEBUG] [order-service] [http-nio-8065-exec-6] [com.bcu.edu.filter.UserContextFilter:37] - UserContextFilter - X-User-Id: null, X-Username: null, X-User-Role: null
[2025-11-10 21:24:13.674] [DEBUG] [order-service] [http-nio-8065-exec-6] [org.hibernate.SQL:135] - 
    select
        om1_0.order_id,
        om1_0.create_time,
        om1_0.delivery_id,
        om1_0.discount_amount,
        om1_0.dispatch_group,
        om1_0.leader_id,
        om1_0.order_sn,
        om1_0.order_status,
        om1_0.pay_amount,
        om1_0.pay_status,
        om1_0.pay_time,
        om1_0.receive_address_id,
        om1_0.total_amount,
        om1_0.update_time,
        om1_0.user_id 
    from
        order_main om1_0 
    where
        om1_0.order_id=?
[2025-11-10 21:24:13.679] [DEBUG] [order-service] [http-nio-8065-exec-6] [com.bcu.edu.common.aspect.OperationLogAspect:113] - 操作日志已通过Feign记录: module=订单管理, operation=更新支付状态
[2025-11-10 21:24:13.680] [DEBUG] [order-service] [http-nio-8065-exec-6] [org.hibernate.SQL:135] - 
    update
        order_main 
    set
        delivery_id=?,
        discount_amount=?,
        dispatch_group=?,
        leader_id=?,
        order_sn=?,
        order_status=?,
        pay_amount=?,
        pay_status=?,
        pay_time=?,
        receive_address_id=?,
        total_amount=?,
        update_time=?,
        user_id=? 
    where
        order_id=?
[2025-11-10 21:24:13.686] [DEBUG] [order-service] [http-nio-8065-exec-7] [com.bcu.edu.filter.UserContextFilter:37] - UserContextFilter - X-User-Id: null, X-Username: null, X-User-Role: null
[2025-11-10 21:24:13.688] [DEBUG] [order-service] [http-nio-8065-exec-7] [org.hibernate.SQL:135] - 
    select
        oi1_0.item_id,
        oi1_0.activity_id,
        oi1_0.order_id,
        oi1_0.price,
        oi1_0.product_id,
        oi1_0.product_img,
        oi1_0.product_name,
        oi1_0.quantity,
        oi1_0.total_price 
    from
        order_item oi1_0 
    where
        oi1_0.order_id=?
[2025-11-10 21:25:00.011] [DEBUG] [order-service] [scheduling-1] [org.hibernate.SQL:135] - 
    select
        om1_0.order_id,
        om1_0.create_time,
        om1_0.delivery_id,
        om1_0.discount_amount,
        om1_0.dispatch_group,
        om1_0.leader_id,
        om1_0.order_sn,
        om1_0.order_status,
        om1_0.pay_amount,
        om1_0.pay_status,
        om1_0.pay_time,
        om1_0.receive_address_id,
        om1_0.total_amount,
        om1_0.update_time,
        om1_0.user_id 
    from
        order_main om1_0 
    where
        om1_0.order_status=0 
        and om1_0.pay_status=0 
        and om1_0.create_time<?
[2025-11-10 21:25:02.247] [DEBUG] [order-service] [http-nio-8065-exec-1] [com.bcu.edu.filter.UserContextFilter:37] - UserContextFilter - X-User-Id: 1, X-Username: 1, X-User-Role: 3
[2025-11-10 21:25:02.248] [DEBUG] [order-service] [http-nio-8065-exec-1] [com.bcu.edu.filter.UserContextFilter:45] - 设置userId到request attribute: 1
[2025-11-10 21:25:02.248] [DEBUG] [order-service] [http-nio-8065-exec-2] [com.bcu.edu.filter.UserContextFilter:37] - UserContextFilter - X-User-Id: 1, X-Username: 1, X-User-Role: 3
[2025-11-10 21:25:02.248] [DEBUG] [order-service] [http-nio-8065-exec-2] [com.bcu.edu.filter.UserContextFilter:45] - 设置userId到request attribute: 1
[2025-11-10 21:25:02.254] [DEBUG] [order-service] [http-nio-8065-exec-2] [org.hibernate.SQL:135] - 
    select
        om1_0.order_id,
        om1_0.create_time,
        om1_0.delivery_id,
        om1_0.discount_amount,
        om1_0.dispatch_group,
        om1_0.leader_id,
        om1_0.order_sn,
        om1_0.order_status,
        om1_0.pay_amount,
        om1_0.pay_status,
        om1_0.pay_time,
        om1_0.receive_address_id,
        om1_0.total_amount,
        om1_0.update_time,
        om1_0.user_id 
    from
        order_main om1_0 
    order by
        om1_0.create_time desc 
    limit
        ?, ?
[2025-11-10 21:25:02.261] [DEBUG] [order-service] [http-nio-8065-exec-2] [org.hibernate.SQL:135] - 
    select
        count(om1_0.order_id) 
    from
        order_main om1_0
[2025-11-10 21:25:02.262] [DEBUG] [order-service] [http-nio-8065-exec-1] [org.hibernate.SQL:135] - 
    select
        count(*) 
    from
        order_main om1_0
[2025-11-10 21:25:02.266] [DEBUG] [order-service] [http-nio-8065-exec-1] [org.hibernate.SQL:135] - 
    select
        count(om1_0.order_id) 
    from
        order_main om1_0 
    where
        om1_0.order_status=?
[2025-11-10 21:25:02.266] [DEBUG] [order-service] [http-nio-8065-exec-2] [org.hibernate.SQL:135] - 
    select
        oi1_0.item_id,
        oi1_0.activity_id,
        oi1_0.order_id,
        oi1_0.price,
        oi1_0.product_id,
        oi1_0.product_img,
        oi1_0.product_name,
        oi1_0.quantity,
        oi1_0.total_price 
    from
        order_item oi1_0 
    where
        oi1_0.order_id=?
[2025-11-10 21:25:02.269] [DEBUG] [order-service] [http-nio-8065-exec-1] [org.hibernate.SQL:135] - 
    select
        count(om1_0.order_id) 
    from
        order_main om1_0 
    where
        om1_0.order_status=?
[2025-11-10 21:25:02.269] [DEBUG] [order-service] [http-nio-8065-exec-2] [org.hibernate.SQL:135] - 
    select
        oi1_0.item_id,
        oi1_0.activity_id,
        oi1_0.order_id,
        oi1_0.price,
        oi1_0.product_id,
        oi1_0.product_img,
        oi1_0.product_name,
        oi1_0.quantity,
        oi1_0.total_price 
    from
        order_item oi1_0 
    where
        oi1_0.order_id=?
[2025-11-10 21:25:02.271] [DEBUG] [order-service] [http-nio-8065-exec-1] [org.hibernate.SQL:135] - 
    select
        count(om1_0.order_id) 
    from
        order_main om1_0 
    where
        om1_0.order_status=?
[2025-11-10 21:25:02.271] [DEBUG] [order-service] [http-nio-8065-exec-2] [org.hibernate.SQL:135] - 
    select
        oi1_0.item_id,
        oi1_0.activity_id,
        oi1_0.order_id,
        oi1_0.price,
        oi1_0.product_id,
        oi1_0.product_img,
        oi1_0.product_name,
        oi1_0.quantity,
        oi1_0.total_price 
    from
        order_item oi1_0 
    where
        oi1_0.order_id=?
[2025-11-10 21:25:02.273] [DEBUG] [order-service] [http-nio-8065-exec-1] [org.hibernate.SQL:135] - 
    select
        count(om1_0.order_id) 
    from
        order_main om1_0 
    where
        om1_0.order_status=?
[2025-11-10 21:25:02.273] [DEBUG] [order-service] [http-nio-8065-exec-2] [org.hibernate.SQL:135] - 
    select
        oi1_0.item_id,
        oi1_0.activity_id,
        oi1_0.order_id,
        oi1_0.price,
        oi1_0.product_id,
        oi1_0.product_img,
        oi1_0.product_name,
        oi1_0.quantity,
        oi1_0.total_price 
    from
        order_item oi1_0 
    where
        oi1_0.order_id=?
[2025-11-10 21:25:02.274] [DEBUG] [order-service] [http-nio-8065-exec-1] [org.hibernate.SQL:135] - 
    select
        count(om1_0.order_id) 
    from
        order_main om1_0 
    where
        om1_0.order_status=?
[2025-11-10 21:25:02.274] [DEBUG] [order-service] [http-nio-8065-exec-2] [org.hibernate.SQL:135] - 
    select
        oi1_0.item_id,
        oi1_0.activity_id,
        oi1_0.order_id,
        oi1_0.price,
        oi1_0.product_id,
        oi1_0.product_img,
        oi1_0.product_name,
        oi1_0.quantity,
        oi1_0.total_price 
    from
        order_item oi1_0 
    where
        oi1_0.order_id=?
[2025-11-10 21:25:02.277] [DEBUG] [order-service] [http-nio-8065-exec-1] [org.hibernate.SQL:135] - 
    select
        count(om1_0.order_id) 
    from
        order_main om1_0 
    where
        om1_0.order_status=?
[2025-11-10 21:25:02.277] [DEBUG] [order-service] [http-nio-8065-exec-2] [org.hibernate.SQL:135] - 
    select
        oi1_0.item_id,
        oi1_0.activity_id,
        oi1_0.order_id,
        oi1_0.price,
        oi1_0.product_id,
        oi1_0.product_img,
        oi1_0.product_name,
        oi1_0.quantity,
        oi1_0.total_price 
    from
        order_item oi1_0 
    where
        oi1_0.order_id=?
[2025-11-10 21:25:02.279] [DEBUG] [order-service] [http-nio-8065-exec-1] [org.hibernate.SQL:135] - 
    select
        count(om1_0.order_id) 
    from
        order_main om1_0 
    where
        om1_0.order_status=?
[2025-11-10 21:25:02.279] [DEBUG] [order-service] [http-nio-8065-exec-2] [org.hibernate.SQL:135] - 
    select
        oi1_0.item_id,
        oi1_0.activity_id,
        oi1_0.order_id,
        oi1_0.price,
        oi1_0.product_id,
        oi1_0.product_img,
        oi1_0.product_name,
        oi1_0.quantity,
        oi1_0.total_price 
    from
        order_item oi1_0 
    where
        oi1_0.order_id=?
[2025-11-10 21:25:02.280] [DEBUG] [order-service] [http-nio-8065-exec-2] [org.hibernate.SQL:135] - 
    select
        oi1_0.item_id,
        oi1_0.activity_id,
        oi1_0.order_id,
        oi1_0.price,
        oi1_0.product_id,
        oi1_0.product_img,
        oi1_0.product_name,
        oi1_0.quantity,
        oi1_0.total_price 
    from
        order_item oi1_0 
    where
        oi1_0.order_id=?
[2025-11-10 21:25:02.280] [DEBUG] [order-service] [http-nio-8065-exec-1] [org.hibernate.SQL:135] - 
    select
        count(om1_0.order_id) 
    from
        order_main om1_0 
    where
        om1_0.create_time>=?
[2025-11-10 21:25:02.282] [DEBUG] [order-service] [http-nio-8065-exec-2] [org.hibernate.SQL:135] - 
    select
        oi1_0.item_id,
        oi1_0.activity_id,
        oi1_0.order_id,
        oi1_0.price,
        oi1_0.product_id,
        oi1_0.product_img,
        oi1_0.product_name,
        oi1_0.quantity,
        oi1_0.total_price 
    from
        order_item oi1_0 
    where
        oi1_0.order_id=?
[2025-11-10 21:25:02.284] [DEBUG] [order-service] [http-nio-8065-exec-2] [org.hibernate.SQL:135] - 
    select
        oi1_0.item_id,
        oi1_0.activity_id,
        oi1_0.order_id,
        oi1_0.price,
        oi1_0.product_id,
        oi1_0.product_img,
        oi1_0.product_name,
        oi1_0.quantity,
        oi1_0.total_price 
    from
        order_item oi1_0 
    where
        oi1_0.order_id=?
[2025-11-10 21:25:02.288] [DEBUG] [order-service] [http-nio-8065-exec-1] [org.hibernate.SQL:135] - 
    select
        coalesce(sum(om1_0.pay_amount), 0) 
    from
        order_main om1_0 
    where
        om1_0.create_time>=? 
        and om1_0.pay_status=1
[2025-11-10 21:25:02.291] [DEBUG] [order-service] [http-nio-8065-exec-1] [org.hibernate.SQL:135] - 
    select
        coalesce(sum(om1_0.pay_amount), 0) 
    from
        order_main om1_0 
    where
        om1_0.pay_status=1
[2025-11-10 21:25:02.297] [DEBUG] [order-service] [http-nio-8065-exec-2] [com.bcu.edu.common.aspect.OperationLogAspect:113] - 操作日志已通过Feign记录: module=订单管理, operation=查询订单列表
[2025-11-10 21:25:02.302] [DEBUG] [order-service] [http-nio-8065-exec-1] [com.bcu.edu.common.aspect.OperationLogAspect:113] - 操作日志已通过Feign记录: module=订单管理, operation=查询订单统计
[2025-11-10 21:25:05.037] [DEBUG] [order-service] [http-nio-8065-exec-5] [com.bcu.edu.filter.UserContextFilter:37] - UserContextFilter - X-User-Id: 1, X-Username: 1, X-User-Role: 3
[2025-11-10 21:25:05.037] [DEBUG] [order-service] [http-nio-8065-exec-5] [com.bcu.edu.filter.UserContextFilter:45] - 设置userId到request attribute: 1
[2025-11-10 21:25:05.038] [DEBUG] [order-service] [http-nio-8065-exec-5] [org.hibernate.SQL:135] - 
    select
        om1_0.order_id,
        om1_0.create_time,
        om1_0.delivery_id,
        om1_0.discount_amount,
        om1_0.dispatch_group,
        om1_0.leader_id,
        om1_0.order_sn,
        om1_0.order_status,
        om1_0.pay_amount,
        om1_0.pay_status,
        om1_0.pay_time,
        om1_0.receive_address_id,
        om1_0.total_amount,
        om1_0.update_time,
        om1_0.user_id 
    from
        order_main om1_0 
    where
        om1_0.order_id=?
[2025-11-10 21:25:05.041] [DEBUG] [order-service] [http-nio-8065-exec-5] [org.hibernate.SQL:135] - 
    select
        oi1_0.item_id,
        oi1_0.activity_id,
        oi1_0.order_id,
        oi1_0.price,
        oi1_0.product_id,
        oi1_0.product_img,
        oi1_0.product_name,
        oi1_0.quantity,
        oi1_0.total_price 
    from
        order_item oi1_0 
    where
        oi1_0.order_id=?
[2025-11-10 21:25:05.051] [DEBUG] [order-service] [http-nio-8065-exec-5] [com.bcu.edu.common.aspect.OperationLogAspect:113] - 操作日志已通过Feign记录: module=订单管理, operation=查询订单详情
[2025-11-10 21:25:17.613] [DEBUG] [order-service] [http-nio-8065-exec-9] [com.bcu.edu.filter.UserContextFilter:37] - UserContextFilter - X-User-Id: 1, X-Username: 1, X-User-Role: 3
[2025-11-10 21:25:17.614] [DEBUG] [order-service] [http-nio-8065-exec-9] [com.bcu.edu.filter.UserContextFilter:45] - 设置userId到request attribute: 1
[2025-11-10 21:25:17.616] [DEBUG] [order-service] [http-nio-8065-exec-9] [org.hibernate.SQL:135] - 
    select
        om1_0.order_id,
        om1_0.create_time,
        om1_0.delivery_id,
        om1_0.discount_amount,
        om1_0.dispatch_group,
        om1_0.leader_id,
        om1_0.order_sn,
        om1_0.order_status,
        om1_0.pay_amount,
        om1_0.pay_status,
        om1_0.pay_time,
        om1_0.receive_address_id,
        om1_0.total_amount,
        om1_0.update_time,
        om1_0.user_id 
    from
        order_main om1_0 
    where
        om1_0.order_id=?
[2025-11-10 21:25:17.618] [DEBUG] [order-service] [http-nio-8065-exec-9] [org.hibernate.SQL:135] - 
    select
        oi1_0.item_id,
        oi1_0.activity_id,
        oi1_0.order_id,
        oi1_0.price,
        oi1_0.product_id,
        oi1_0.product_img,
        oi1_0.product_name,
        oi1_0.quantity,
        oi1_0.total_price 
    from
        order_item oi1_0 
    where
        oi1_0.order_id=?
[2025-11-10 21:25:17.630] [DEBUG] [order-service] [http-nio-8065-exec-9] [com.bcu.edu.common.aspect.OperationLogAspect:113] - 操作日志已通过Feign记录: module=订单管理, operation=查询订单详情
[2025-11-10 21:25:27.320] [DEBUG] [order-service] [http-nio-8065-exec-3] [com.bcu.edu.filter.UserContextFilter:37] - UserContextFilter - X-User-Id: 1, X-Username: 1, X-User-Role: 3
[2025-11-10 21:25:27.320] [DEBUG] [order-service] [http-nio-8065-exec-3] [com.bcu.edu.filter.UserContextFilter:45] - 设置userId到request attribute: 1
[2025-11-10 21:25:27.325] [DEBUG] [order-service] [http-nio-8065-exec-3] [org.hibernate.SQL:135] - 
    select
        om1_0.order_id,
        om1_0.create_time,
        om1_0.delivery_id,
        om1_0.discount_amount,
        om1_0.dispatch_group,
        om1_0.leader_id,
        om1_0.order_sn,
        om1_0.order_status,
        om1_0.pay_amount,
        om1_0.pay_status,
        om1_0.pay_time,
        om1_0.receive_address_id,
        om1_0.total_amount,
        om1_0.update_time,
        om1_0.user_id 
    from
        order_main om1_0 
    where
        om1_0.order_status=? 
    order by
        om1_0.create_time desc 
    limit
        ?, ?
[2025-11-10 21:25:27.328] [DEBUG] [order-service] [http-nio-8065-exec-3] [org.hibernate.SQL:135] - 
    select
        oi1_0.item_id,
        oi1_0.activity_id,
        oi1_0.order_id,
        oi1_0.price,
        oi1_0.product_id,
        oi1_0.product_img,
        oi1_0.product_name,
        oi1_0.quantity,
        oi1_0.total_price 
    from
        order_item oi1_0 
    where
        oi1_0.order_id=?
[2025-11-10 21:25:27.332] [DEBUG] [order-service] [http-nio-8065-exec-3] [org.hibernate.SQL:135] - 
    select
        oi1_0.item_id,
        oi1_0.activity_id,
        oi1_0.order_id,
        oi1_0.price,
        oi1_0.product_id,
        oi1_0.product_img,
        oi1_0.product_name,
        oi1_0.quantity,
        oi1_0.total_price 
    from
        order_item oi1_0 
    where
        oi1_0.order_id=?
[2025-11-10 21:25:27.335] [DEBUG] [order-service] [http-nio-8065-exec-3] [org.hibernate.SQL:135] - 
    select
        oi1_0.item_id,
        oi1_0.activity_id,
        oi1_0.order_id,
        oi1_0.price,
        oi1_0.product_id,
        oi1_0.product_img,
        oi1_0.product_name,
        oi1_0.quantity,
        oi1_0.total_price 
    from
        order_item oi1_0 
    where
        oi1_0.order_id=?
[2025-11-10 21:25:27.352] [DEBUG] [order-service] [http-nio-8065-exec-3] [com.bcu.edu.common.aspect.OperationLogAspect:113] - 操作日志已通过Feign记录: module=订单管理, operation=查询订单列表
[2025-11-10 21:25:36.244] [DEBUG] [order-service] [http-nio-8065-exec-2] [com.bcu.edu.filter.UserContextFilter:37] - UserContextFilter - X-User-Id: 1, X-Username: 1, X-User-Role: 3
[2025-11-10 21:25:36.244] [DEBUG] [order-service] [http-nio-8065-exec-2] [com.bcu.edu.filter.UserContextFilter:45] - 设置userId到request attribute: 1
[2025-11-10 21:25:36.247] [DEBUG] [order-service] [http-nio-8065-exec-2] [org.hibernate.SQL:135] - 
    select
        om1_0.order_id,
        om1_0.create_time,
        om1_0.delivery_id,
        om1_0.discount_amount,
        om1_0.dispatch_group,
        om1_0.leader_id,
        om1_0.order_sn,
        om1_0.order_status,
        om1_0.pay_amount,
        om1_0.pay_status,
        om1_0.pay_time,
        om1_0.receive_address_id,
        om1_0.total_amount,
        om1_0.update_time,
        om1_0.user_id 
    from
        order_main om1_0 
    where
        om1_0.order_id=?
[2025-11-10 21:25:36.249] [DEBUG] [order-service] [http-nio-8065-exec-2] [org.hibernate.SQL:135] - 
    update
        order_main 
    set
        delivery_id=?,
        discount_amount=?,
        dispatch_group=?,
        leader_id=?,
        order_sn=?,
        order_status=?,
        pay_amount=?,
        pay_status=?,
        pay_time=?,
        receive_address_id=?,
        total_amount=?,
        update_time=?,
        user_id=? 
    where
        order_id=?
[2025-11-10 21:25:36.262] [DEBUG] [order-service] [http-nio-8065-exec-2] [com.bcu.edu.common.aspect.OperationLogAspect:113] - 操作日志已通过Feign记录: module=订单管理, operation=更新订单状态
[2025-11-10 21:25:36.273] [DEBUG] [order-service] [http-nio-8065-exec-5] [com.bcu.edu.filter.UserContextFilter:37] - UserContextFilter - X-User-Id: 1, X-Username: 1, X-User-Role: 3
[2025-11-10 21:25:36.273] [DEBUG] [order-service] [http-nio-8065-exec-1] [com.bcu.edu.filter.UserContextFilter:37] - UserContextFilter - X-User-Id: 1, X-Username: 1, X-User-Role: 3
[2025-11-10 21:25:36.273] [DEBUG] [order-service] [http-nio-8065-exec-5] [com.bcu.edu.filter.UserContextFilter:45] - 设置userId到request attribute: 1
[2025-11-10 21:25:36.273] [DEBUG] [order-service] [http-nio-8065-exec-1] [com.bcu.edu.filter.UserContextFilter:45] - 设置userId到request attribute: 1
[2025-11-10 21:25:36.275] [DEBUG] [order-service] [http-nio-8065-exec-5] [org.hibernate.SQL:135] - 
    select
        count(*) 
    from
        order_main om1_0
[2025-11-10 21:25:36.275] [DEBUG] [order-service] [http-nio-8065-exec-1] [org.hibernate.SQL:135] - 
    select
        om1_0.order_id,
        om1_0.create_time,
        om1_0.delivery_id,
        om1_0.discount_amount,
        om1_0.dispatch_group,
        om1_0.leader_id,
        om1_0.order_sn,
        om1_0.order_status,
        om1_0.pay_amount,
        om1_0.pay_status,
        om1_0.pay_time,
        om1_0.receive_address_id,
        om1_0.total_amount,
        om1_0.update_time,
        om1_0.user_id 
    from
        order_main om1_0 
    where
        om1_0.order_status=? 
    order by
        om1_0.create_time desc 
    limit
        ?, ?
[2025-11-10 21:25:36.277] [DEBUG] [order-service] [http-nio-8065-exec-1] [org.hibernate.SQL:135] - 
    select
        oi1_0.item_id,
        oi1_0.activity_id,
        oi1_0.order_id,
        oi1_0.price,
        oi1_0.product_id,
        oi1_0.product_img,
        oi1_0.product_name,
        oi1_0.quantity,
        oi1_0.total_price 
    from
        order_item oi1_0 
    where
        oi1_0.order_id=?
[2025-11-10 21:25:36.277] [DEBUG] [order-service] [http-nio-8065-exec-5] [org.hibernate.SQL:135] - 
    select
        count(om1_0.order_id) 
    from
        order_main om1_0 
    where
        om1_0.order_status=?
[2025-11-10 21:25:36.278] [DEBUG] [order-service] [http-nio-8065-exec-5] [org.hibernate.SQL:135] - 
    select
        count(om1_0.order_id) 
    from
        order_main om1_0 
    where
        om1_0.order_status=?
[2025-11-10 21:25:36.278] [DEBUG] [order-service] [http-nio-8065-exec-1] [org.hibernate.SQL:135] - 
    select
        oi1_0.item_id,
        oi1_0.activity_id,
        oi1_0.order_id,
        oi1_0.price,
        oi1_0.product_id,
        oi1_0.product_img,
        oi1_0.product_name,
        oi1_0.quantity,
        oi1_0.total_price 
    from
        order_item oi1_0 
    where
        oi1_0.order_id=?
[2025-11-10 21:25:36.279] [DEBUG] [order-service] [http-nio-8065-exec-5] [org.hibernate.SQL:135] - 
    select
        count(om1_0.order_id) 
    from
        order_main om1_0 
    where
        om1_0.order_status=?
[2025-11-10 21:25:36.281] [DEBUG] [order-service] [http-nio-8065-exec-5] [org.hibernate.SQL:135] - 
    select
        count(om1_0.order_id) 
    from
        order_main om1_0 
    where
        om1_0.order_status=?
[2025-11-10 21:25:36.283] [DEBUG] [order-service] [http-nio-8065-exec-5] [org.hibernate.SQL:135] - 
    select
        count(om1_0.order_id) 
    from
        order_main om1_0 
    where
        om1_0.order_status=?
[2025-11-10 21:25:36.285] [DEBUG] [order-service] [http-nio-8065-exec-5] [org.hibernate.SQL:135] - 
    select
        count(om1_0.order_id) 
    from
        order_main om1_0 
    where
        om1_0.order_status=?
[2025-11-10 21:25:36.287] [DEBUG] [order-service] [http-nio-8065-exec-5] [org.hibernate.SQL:135] - 
    select
        count(om1_0.order_id) 
    from
        order_main om1_0 
    where
        om1_0.order_status=?
[2025-11-10 21:25:36.288] [DEBUG] [order-service] [http-nio-8065-exec-1] [com.bcu.edu.common.aspect.OperationLogAspect:113] - 操作日志已通过Feign记录: module=订单管理, operation=查询订单列表
[2025-11-10 21:25:36.288] [DEBUG] [order-service] [http-nio-8065-exec-5] [org.hibernate.SQL:135] - 
    select
        count(om1_0.order_id) 
    from
        order_main om1_0 
    where
        om1_0.create_time>=?
[2025-11-10 21:25:36.290] [DEBUG] [order-service] [http-nio-8065-exec-5] [org.hibernate.SQL:135] - 
    select
        coalesce(sum(om1_0.pay_amount), 0) 
    from
        order_main om1_0 
    where
        om1_0.create_time>=? 
        and om1_0.pay_status=1
[2025-11-10 21:25:36.291] [DEBUG] [order-service] [http-nio-8065-exec-5] [org.hibernate.SQL:135] - 
    select
        coalesce(sum(om1_0.pay_amount), 0) 
    from
        order_main om1_0 
    where
        om1_0.pay_status=1
[2025-11-10 21:25:36.301] [DEBUG] [order-service] [http-nio-8065-exec-5] [com.bcu.edu.common.aspect.OperationLogAspect:113] - 操作日志已通过Feign记录: module=订单管理, operation=查询订单统计
[2025-11-10 21:25:40.595] [DEBUG] [order-service] [http-nio-8065-exec-7] [com.bcu.edu.filter.UserContextFilter:37] - UserContextFilter - X-User-Id: 1, X-Username: 1, X-User-Role: 3
[2025-11-10 21:25:40.596] [DEBUG] [order-service] [http-nio-8065-exec-7] [com.bcu.edu.filter.UserContextFilter:45] - 设置userId到request attribute: 1
[2025-11-10 21:25:40.597] [DEBUG] [order-service] [http-nio-8065-exec-7] [org.hibernate.SQL:135] - 
    select
        om1_0.order_id,
        om1_0.create_time,
        om1_0.delivery_id,
        om1_0.discount_amount,
        om1_0.dispatch_group,
        om1_0.leader_id,
        om1_0.order_sn,
        om1_0.order_status,
        om1_0.pay_amount,
        om1_0.pay_status,
        om1_0.pay_time,
        om1_0.receive_address_id,
        om1_0.total_amount,
        om1_0.update_time,
        om1_0.user_id 
    from
        order_main om1_0 
    where
        om1_0.order_status=? 
    order by
        om1_0.create_time desc 
    limit
        ?, ?
[2025-11-10 21:25:40.600] [DEBUG] [order-service] [http-nio-8065-exec-7] [org.hibernate.SQL:135] - 
    select
        oi1_0.item_id,
        oi1_0.activity_id,
        oi1_0.order_id,
        oi1_0.price,
        oi1_0.product_id,
        oi1_0.product_img,
        oi1_0.product_name,
        oi1_0.quantity,
        oi1_0.total_price 
    from
        order_item oi1_0 
    where
        oi1_0.order_id=?
[2025-11-10 21:25:40.612] [DEBUG] [order-service] [http-nio-8065-exec-7] [com.bcu.edu.common.aspect.OperationLogAspect:113] - 操作日志已通过Feign记录: module=订单管理, operation=查询订单列表
[2025-11-10 21:25:43.523] [DEBUG] [order-service] [http-nio-8065-exec-8] [com.bcu.edu.filter.UserContextFilter:37] - UserContextFilter - X-User-Id: 1, X-Username: 1, X-User-Role: 3
[2025-11-10 21:25:43.523] [DEBUG] [order-service] [http-nio-8065-exec-8] [com.bcu.edu.filter.UserContextFilter:45] - 设置userId到request attribute: 1
[2025-11-10 21:25:43.525] [DEBUG] [order-service] [http-nio-8065-exec-8] [org.hibernate.SQL:135] - 
    select
        om1_0.order_id,
        om1_0.create_time,
        om1_0.delivery_id,
        om1_0.discount_amount,
        om1_0.dispatch_group,
        om1_0.leader_id,
        om1_0.order_sn,
        om1_0.order_status,
        om1_0.pay_amount,
        om1_0.pay_status,
        om1_0.pay_time,
        om1_0.receive_address_id,
        om1_0.total_amount,
        om1_0.update_time,
        om1_0.user_id 
    from
        order_main om1_0 
    order by
        om1_0.create_time desc 
    limit
        ?, ?
[2025-11-10 21:25:43.527] [DEBUG] [order-service] [http-nio-8065-exec-8] [org.hibernate.SQL:135] - 
    select
        count(om1_0.order_id) 
    from
        order_main om1_0
[2025-11-10 21:25:43.530] [DEBUG] [order-service] [http-nio-8065-exec-8] [org.hibernate.SQL:135] - 
    select
        oi1_0.item_id,
        oi1_0.activity_id,
        oi1_0.order_id,
        oi1_0.price,
        oi1_0.product_id,
        oi1_0.product_img,
        oi1_0.product_name,
        oi1_0.quantity,
        oi1_0.total_price 
    from
        order_item oi1_0 
    where
        oi1_0.order_id=?
[2025-11-10 21:25:43.531] [DEBUG] [order-service] [http-nio-8065-exec-8] [org.hibernate.SQL:135] - 
    select
        oi1_0.item_id,
        oi1_0.activity_id,
        oi1_0.order_id,
        oi1_0.price,
        oi1_0.product_id,
        oi1_0.product_img,
        oi1_0.product_name,
        oi1_0.quantity,
        oi1_0.total_price 
    from
        order_item oi1_0 
    where
        oi1_0.order_id=?
[2025-11-10 21:25:43.533] [DEBUG] [order-service] [http-nio-8065-exec-8] [org.hibernate.SQL:135] - 
    select
        oi1_0.item_id,
        oi1_0.activity_id,
        oi1_0.order_id,
        oi1_0.price,
        oi1_0.product_id,
        oi1_0.product_img,
        oi1_0.product_name,
        oi1_0.quantity,
        oi1_0.total_price 
    from
        order_item oi1_0 
    where
        oi1_0.order_id=?
[2025-11-10 21:25:43.536] [DEBUG] [order-service] [http-nio-8065-exec-8] [org.hibernate.SQL:135] - 
    select
        oi1_0.item_id,
        oi1_0.activity_id,
        oi1_0.order_id,
        oi1_0.price,
        oi1_0.product_id,
        oi1_0.product_img,
        oi1_0.product_name,
        oi1_0.quantity,
        oi1_0.total_price 
    from
        order_item oi1_0 
    where
        oi1_0.order_id=?
[2025-11-10 21:25:43.537] [DEBUG] [order-service] [http-nio-8065-exec-8] [org.hibernate.SQL:135] - 
    select
        oi1_0.item_id,
        oi1_0.activity_id,
        oi1_0.order_id,
        oi1_0.price,
        oi1_0.product_id,
        oi1_0.product_img,
        oi1_0.product_name,
        oi1_0.quantity,
        oi1_0.total_price 
    from
        order_item oi1_0 
    where
        oi1_0.order_id=?
[2025-11-10 21:25:43.539] [DEBUG] [order-service] [http-nio-8065-exec-8] [org.hibernate.SQL:135] - 
    select
        oi1_0.item_id,
        oi1_0.activity_id,
        oi1_0.order_id,
        oi1_0.price,
        oi1_0.product_id,
        oi1_0.product_img,
        oi1_0.product_name,
        oi1_0.quantity,
        oi1_0.total_price 
    from
        order_item oi1_0 
    where
        oi1_0.order_id=?
[2025-11-10 21:25:43.541] [DEBUG] [order-service] [http-nio-8065-exec-8] [org.hibernate.SQL:135] - 
    select
        oi1_0.item_id,
        oi1_0.activity_id,
        oi1_0.order_id,
        oi1_0.price,
        oi1_0.product_id,
        oi1_0.product_img,
        oi1_0.product_name,
        oi1_0.quantity,
        oi1_0.total_price 
    from
        order_item oi1_0 
    where
        oi1_0.order_id=?
[2025-11-10 21:25:43.544] [DEBUG] [order-service] [http-nio-8065-exec-8] [org.hibernate.SQL:135] - 
    select
        oi1_0.item_id,
        oi1_0.activity_id,
        oi1_0.order_id,
        oi1_0.price,
        oi1_0.product_id,
        oi1_0.product_img,
        oi1_0.product_name,
        oi1_0.quantity,
        oi1_0.total_price 
    from
        order_item oi1_0 
    where
        oi1_0.order_id=?
[2025-11-10 21:25:43.546] [DEBUG] [order-service] [http-nio-8065-exec-8] [org.hibernate.SQL:135] - 
    select
        oi1_0.item_id,
        oi1_0.activity_id,
        oi1_0.order_id,
        oi1_0.price,
        oi1_0.product_id,
        oi1_0.product_img,
        oi1_0.product_name,
        oi1_0.quantity,
        oi1_0.total_price 
    from
        order_item oi1_0 
    where
        oi1_0.order_id=?
[2025-11-10 21:25:43.548] [DEBUG] [order-service] [http-nio-8065-exec-8] [org.hibernate.SQL:135] - 
    select
        oi1_0.item_id,
        oi1_0.activity_id,
        oi1_0.order_id,
        oi1_0.price,
        oi1_0.product_id,
        oi1_0.product_img,
        oi1_0.product_name,
        oi1_0.quantity,
        oi1_0.total_price 
    from
        order_item oi1_0 
    where
        oi1_0.order_id=?
[2025-11-10 21:25:43.558] [DEBUG] [order-service] [http-nio-8065-exec-8] [com.bcu.edu.common.aspect.OperationLogAspect:113] - 操作日志已通过Feign记录: module=订单管理, operation=查询订单列表
[2025-11-10 21:26:10.782] [DEBUG] [order-service] [http-nio-8065-exec-4] [com.bcu.edu.filter.UserContextFilter:37] - UserContextFilter - X-User-Id: 1, X-Username: 1, X-User-Role: 3
[2025-11-10 21:26:10.783] [DEBUG] [order-service] [http-nio-8065-exec-4] [com.bcu.edu.filter.UserContextFilter:45] - 设置userId到request attribute: 1
[2025-11-10 21:26:10.784] [DEBUG] [order-service] [http-nio-8065-exec-4] [org.hibernate.SQL:135] - 
    select
        om1_0.order_id,
        om1_0.create_time,
        om1_0.delivery_id,
        om1_0.discount_amount,
        om1_0.dispatch_group,
        om1_0.leader_id,
        om1_0.order_sn,
        om1_0.order_status,
        om1_0.pay_amount,
        om1_0.pay_status,
        om1_0.pay_time,
        om1_0.receive_address_id,
        om1_0.total_amount,
        om1_0.update_time,
        om1_0.user_id 
    from
        order_main om1_0 
    order by
        om1_0.create_time desc 
    limit
        ?, ?
[2025-11-10 21:26:10.788] [DEBUG] [order-service] [http-nio-8065-exec-4] [org.hibernate.SQL:135] - 
    select
        oi1_0.item_id,
        oi1_0.activity_id,
        oi1_0.order_id,
        oi1_0.price,
        oi1_0.product_id,
        oi1_0.product_img,
        oi1_0.product_name,
        oi1_0.quantity,
        oi1_0.total_price 
    from
        order_item oi1_0 
    where
        oi1_0.order_id=?
[2025-11-10 21:26:10.790] [DEBUG] [order-service] [http-nio-8065-exec-4] [org.hibernate.SQL:135] - 
    select
        oi1_0.item_id,
        oi1_0.activity_id,
        oi1_0.order_id,
        oi1_0.price,
        oi1_0.product_id,
        oi1_0.product_img,
        oi1_0.product_name,
        oi1_0.quantity,
        oi1_0.total_price 
    from
        order_item oi1_0 
    where
        oi1_0.order_id=?
[2025-11-10 21:26:10.791] [DEBUG] [order-service] [http-nio-8065-exec-4] [org.hibernate.SQL:135] - 
    select
        oi1_0.item_id,
        oi1_0.activity_id,
        oi1_0.order_id,
        oi1_0.price,
        oi1_0.product_id,
        oi1_0.product_img,
        oi1_0.product_name,
        oi1_0.quantity,
        oi1_0.total_price 
    from
        order_item oi1_0 
    where
        oi1_0.order_id=?
[2025-11-10 21:26:10.793] [DEBUG] [order-service] [http-nio-8065-exec-4] [org.hibernate.SQL:135] - 
    select
        oi1_0.item_id,
        oi1_0.activity_id,
        oi1_0.order_id,
        oi1_0.price,
        oi1_0.product_id,
        oi1_0.product_img,
        oi1_0.product_name,
        oi1_0.quantity,
        oi1_0.total_price 
    from
        order_item oi1_0 
    where
        oi1_0.order_id=?
[2025-11-10 21:26:10.796] [DEBUG] [order-service] [http-nio-8065-exec-4] [org.hibernate.SQL:135] - 
    select
        oi1_0.item_id,
        oi1_0.activity_id,
        oi1_0.order_id,
        oi1_0.price,
        oi1_0.product_id,
        oi1_0.product_img,
        oi1_0.product_name,
        oi1_0.quantity,
        oi1_0.total_price 
    from
        order_item oi1_0 
    where
        oi1_0.order_id=?
[2025-11-10 21:26:10.798] [DEBUG] [order-service] [http-nio-8065-exec-4] [org.hibernate.SQL:135] - 
    select
        oi1_0.item_id,
        oi1_0.activity_id,
        oi1_0.order_id,
        oi1_0.price,
        oi1_0.product_id,
        oi1_0.product_img,
        oi1_0.product_name,
        oi1_0.quantity,
        oi1_0.total_price 
    from
        order_item oi1_0 
    where
        oi1_0.order_id=?
[2025-11-10 21:26:10.799] [DEBUG] [order-service] [http-nio-8065-exec-4] [org.hibernate.SQL:135] - 
    select
        oi1_0.item_id,
        oi1_0.activity_id,
        oi1_0.order_id,
        oi1_0.price,
        oi1_0.product_id,
        oi1_0.product_img,
        oi1_0.product_name,
        oi1_0.quantity,
        oi1_0.total_price 
    from
        order_item oi1_0 
    where
        oi1_0.order_id=?
[2025-11-10 21:26:10.801] [DEBUG] [order-service] [http-nio-8065-exec-4] [org.hibernate.SQL:135] - 
    select
        oi1_0.item_id,
        oi1_0.activity_id,
        oi1_0.order_id,
        oi1_0.price,
        oi1_0.product_id,
        oi1_0.product_img,
        oi1_0.product_name,
        oi1_0.quantity,
        oi1_0.total_price 
    from
        order_item oi1_0 
    where
        oi1_0.order_id=?
[2025-11-10 21:26:10.811] [DEBUG] [order-service] [http-nio-8065-exec-4] [com.bcu.edu.common.aspect.OperationLogAspect:113] - 操作日志已通过Feign记录: module=订单管理, operation=查询订单列表
[2025-11-10 21:26:12.142] [DEBUG] [order-service] [http-nio-8065-exec-2] [com.bcu.edu.filter.UserContextFilter:37] - UserContextFilter - X-User-Id: 1, X-Username: 1, X-User-Role: 3
[2025-11-10 21:26:12.142] [DEBUG] [order-service] [http-nio-8065-exec-2] [com.bcu.edu.filter.UserContextFilter:45] - 设置userId到request attribute: 1
[2025-11-10 21:26:12.144] [DEBUG] [order-service] [http-nio-8065-exec-2] [org.hibernate.SQL:135] - 
    select
        om1_0.order_id,
        om1_0.create_time,
        om1_0.delivery_id,
        om1_0.discount_amount,
        om1_0.dispatch_group,
        om1_0.leader_id,
        om1_0.order_sn,
        om1_0.order_status,
        om1_0.pay_amount,
        om1_0.pay_status,
        om1_0.pay_time,
        om1_0.receive_address_id,
        om1_0.total_amount,
        om1_0.update_time,
        om1_0.user_id 
    from
        order_main om1_0 
    order by
        om1_0.create_time desc 
    limit
        ?, ?
[2025-11-10 21:26:12.146] [DEBUG] [order-service] [http-nio-8065-exec-2] [org.hibernate.SQL:135] - 
    select
        count(om1_0.order_id) 
    from
        order_main om1_0
[2025-11-10 21:26:12.149] [DEBUG] [order-service] [http-nio-8065-exec-2] [org.hibernate.SQL:135] - 
    select
        oi1_0.item_id,
        oi1_0.activity_id,
        oi1_0.order_id,
        oi1_0.price,
        oi1_0.product_id,
        oi1_0.product_img,
        oi1_0.product_name,
        oi1_0.quantity,
        oi1_0.total_price 
    from
        order_item oi1_0 
    where
        oi1_0.order_id=?
[2025-11-10 21:26:12.152] [DEBUG] [order-service] [http-nio-8065-exec-2] [org.hibernate.SQL:135] - 
    select
        oi1_0.item_id,
        oi1_0.activity_id,
        oi1_0.order_id,
        oi1_0.price,
        oi1_0.product_id,
        oi1_0.product_img,
        oi1_0.product_name,
        oi1_0.quantity,
        oi1_0.total_price 
    from
        order_item oi1_0 
    where
        oi1_0.order_id=?
[2025-11-10 21:26:12.154] [DEBUG] [order-service] [http-nio-8065-exec-2] [org.hibernate.SQL:135] - 
    select
        oi1_0.item_id,
        oi1_0.activity_id,
        oi1_0.order_id,
        oi1_0.price,
        oi1_0.product_id,
        oi1_0.product_img,
        oi1_0.product_name,
        oi1_0.quantity,
        oi1_0.total_price 
    from
        order_item oi1_0 
    where
        oi1_0.order_id=?
[2025-11-10 21:26:12.156] [DEBUG] [order-service] [http-nio-8065-exec-2] [org.hibernate.SQL:135] - 
    select
        oi1_0.item_id,
        oi1_0.activity_id,
        oi1_0.order_id,
        oi1_0.price,
        oi1_0.product_id,
        oi1_0.product_img,
        oi1_0.product_name,
        oi1_0.quantity,
        oi1_0.total_price 
    from
        order_item oi1_0 
    where
        oi1_0.order_id=?
[2025-11-10 21:26:12.158] [DEBUG] [order-service] [http-nio-8065-exec-2] [org.hibernate.SQL:135] - 
    select
        oi1_0.item_id,
        oi1_0.activity_id,
        oi1_0.order_id,
        oi1_0.price,
        oi1_0.product_id,
        oi1_0.product_img,
        oi1_0.product_name,
        oi1_0.quantity,
        oi1_0.total_price 
    from
        order_item oi1_0 
    where
        oi1_0.order_id=?
[2025-11-10 21:26:12.159] [DEBUG] [order-service] [http-nio-8065-exec-2] [org.hibernate.SQL:135] - 
    select
        oi1_0.item_id,
        oi1_0.activity_id,
        oi1_0.order_id,
        oi1_0.price,
        oi1_0.product_id,
        oi1_0.product_img,
        oi1_0.product_name,
        oi1_0.quantity,
        oi1_0.total_price 
    from
        order_item oi1_0 
    where
        oi1_0.order_id=?
[2025-11-10 21:26:12.161] [DEBUG] [order-service] [http-nio-8065-exec-2] [org.hibernate.SQL:135] - 
    select
        oi1_0.item_id,
        oi1_0.activity_id,
        oi1_0.order_id,
        oi1_0.price,
        oi1_0.product_id,
        oi1_0.product_img,
        oi1_0.product_name,
        oi1_0.quantity,
        oi1_0.total_price 
    from
        order_item oi1_0 
    where
        oi1_0.order_id=?
[2025-11-10 21:26:12.162] [DEBUG] [order-service] [http-nio-8065-exec-2] [org.hibernate.SQL:135] - 
    select
        oi1_0.item_id,
        oi1_0.activity_id,
        oi1_0.order_id,
        oi1_0.price,
        oi1_0.product_id,
        oi1_0.product_img,
        oi1_0.product_name,
        oi1_0.quantity,
        oi1_0.total_price 
    from
        order_item oi1_0 
    where
        oi1_0.order_id=?
[2025-11-10 21:26:12.165] [DEBUG] [order-service] [http-nio-8065-exec-2] [org.hibernate.SQL:135] - 
    select
        oi1_0.item_id,
        oi1_0.activity_id,
        oi1_0.order_id,
        oi1_0.price,
        oi1_0.product_id,
        oi1_0.product_img,
        oi1_0.product_name,
        oi1_0.quantity,
        oi1_0.total_price 
    from
        order_item oi1_0 
    where
        oi1_0.order_id=?
[2025-11-10 21:26:12.167] [DEBUG] [order-service] [http-nio-8065-exec-2] [org.hibernate.SQL:135] - 
    select
        oi1_0.item_id,
        oi1_0.activity_id,
        oi1_0.order_id,
        oi1_0.price,
        oi1_0.product_id,
        oi1_0.product_img,
        oi1_0.product_name,
        oi1_0.quantity,
        oi1_0.total_price 
    from
        order_item oi1_0 
    where
        oi1_0.order_id=?
[2025-11-10 21:26:12.176] [DEBUG] [order-service] [http-nio-8065-exec-2] [com.bcu.edu.common.aspect.OperationLogAspect:113] - 操作日志已通过Feign记录: module=订单管理, operation=查询订单列表
