[2025-11-06 19:48:44.120] [INFO ] [order-service] [main] [com.bcu.edu.OrderServiceApplication:?] - Starting OrderServiceApplication using Java 17.0.6 with PID 36696 (E:\E\BYSJ\community-group-buy-backend\OrderService\target\classes started by Gkr07 in E:\E\BYSJ\community-group-buy-backend)
[2025-11-06 19:48:44.131] [INFO ] [order-service] [main] [com.bcu.edu.OrderServiceApplication:?] - No active profile set, falling back to 1 default profile: "default"
[2025-11-06 19:48:46.439] [INFO ] [order-service] [main] [o.s.d.r.config.RepositoryConfigurationDelegate:?] - Bootstrapping Spring Data JPA repositories in DEFAULT mode.
[2025-11-06 19:48:46.775] [INFO ] [order-service] [main] [o.s.d.r.config.RepositoryConfigurationDelegate:?] - Finished Spring Data repository scanning in 323 ms. Found 4 JPA repository interfaces.
[2025-11-06 19:48:47.355] [INFO ] [order-service] [main] [o.springframework.cloud.context.scope.GenericScope:?] - BeanFactory id=01ae364e-fe9f-3eaf-9801-d8190a117b86
[2025-11-06 19:48:48.179] [WARN ] [order-service] [main] [o.s.c.s.PostProcessorRegistrationDelegate$BeanPostProcessorChecker:?] - Bean 'org.springframework.cloud.client.loadbalancer.LoadBalancerAutoConfiguration$LoadBalancerInterceptorConfig' of type [org.springframework.cloud.client.loadbalancer.LoadBalancerAutoConfiguration$LoadBalancerInterceptorConfig] is not eligible for getting processed by all BeanPostProcessors (for example: not eligible for auto-proxying). The currently created BeanPostProcessor [lbRestClientPostProcessor] is declared through a non-static factory method on that class; consider declaring it as static instead.
[2025-11-06 19:48:48.186] [WARN ] [order-service] [main] [o.s.c.s.PostProcessorRegistrationDelegate$BeanPostProcessorChecker:?] - Bean 'org.springframework.cloud.loadbalancer.config.BlockingLoadBalancerClientAutoConfiguration' of type [org.springframework.cloud.loadbalancer.config.BlockingLoadBalancerClientAutoConfiguration] is not eligible for getting processed by all BeanPostProcessors (for example: not eligible for auto-proxying). Is this bean getting eagerly injected into a currently created BeanPostProcessor [lbRestClientPostProcessor]? Check the corresponding BeanPostProcessor declaration and its dependencies.
[2025-11-06 19:48:48.191] [WARN ] [order-service] [main] [o.s.c.s.PostProcessorRegistrationDelegate$BeanPostProcessorChecker:?] - Bean 'org.springframework.cloud.loadbalancer.config.LoadBalancerAutoConfiguration' of type [org.springframework.cloud.loadbalancer.config.LoadBalancerAutoConfiguration] is not eligible for getting processed by all BeanPostProcessors (for example: not eligible for auto-proxying). Is this bean getting eagerly injected into a currently created BeanPostProcessor [lbRestClientPostProcessor]? Check the corresponding BeanPostProcessor declaration and its dependencies.
[2025-11-06 19:48:48.210] [WARN ] [order-service] [main] [o.s.c.s.PostProcessorRegistrationDelegate$BeanPostProcessorChecker:?] - Bean 'org.springframework.cloud.commons.config.CommonsConfigAutoConfiguration' of type [org.springframework.cloud.commons.config.CommonsConfigAutoConfiguration] is not eligible for getting processed by all BeanPostProcessors (for example: not eligible for auto-proxying). Is this bean getting eagerly injected into a currently created BeanPostProcessor [lbRestClientPostProcessor]? Check the corresponding BeanPostProcessor declaration and its dependencies.
[2025-11-06 19:48:48.215] [WARN ] [order-service] [main] [o.s.c.s.PostProcessorRegistrationDelegate$BeanPostProcessorChecker:?] - Bean 'org.springframework.cloud.client.loadbalancer.LoadBalancerDefaultMappingsProviderAutoConfiguration' of type [org.springframework.cloud.client.loadbalancer.LoadBalancerDefaultMappingsProviderAutoConfiguration] is not eligible for getting processed by all BeanPostProcessors (for example: not eligible for auto-proxying). Is this bean getting eagerly injected into a currently created BeanPostProcessor [lbRestClientPostProcessor]? Check the corresponding BeanPostProcessor declaration and its dependencies.
[2025-11-06 19:48:48.219] [WARN ] [order-service] [main] [o.s.c.s.PostProcessorRegistrationDelegate$BeanPostProcessorChecker:?] - Bean 'loadBalancerClientsDefaultsMappingsProvider' of type [org.springframework.cloud.client.loadbalancer.LoadBalancerDefaultMappingsProviderAutoConfiguration$$Lambda$791/0x000000080116ce88] is not eligible for getting processed by all BeanPostProcessors (for example: not eligible for auto-proxying). Is this bean getting eagerly injected into a currently created BeanPostProcessor [lbRestClientPostProcessor]? Check the corresponding BeanPostProcessor declaration and its dependencies.
[2025-11-06 19:48:48.225] [WARN ] [order-service] [main] [o.s.c.s.PostProcessorRegistrationDelegate$BeanPostProcessorChecker:?] - Bean 'defaultsBindHandlerAdvisor' of type [org.springframework.cloud.commons.config.DefaultsBindHandlerAdvisor] is not eligible for getting processed by all BeanPostProcessors (for example: not eligible for auto-proxying). Is this bean getting eagerly injected into a currently created BeanPostProcessor [lbRestClientPostProcessor]? Check the corresponding BeanPostProcessor declaration and its dependencies.
[2025-11-06 19:48:48.237] [WARN ] [order-service] [main] [o.s.c.s.PostProcessorRegistrationDelegate$BeanPostProcessorChecker:?] - Bean 'spring.cloud.loadbalancer-org.springframework.cloud.client.loadbalancer.LoadBalancerClientsProperties' of type [org.springframework.cloud.client.loadbalancer.LoadBalancerClientsProperties] is not eligible for getting processed by all BeanPostProcessors (for example: not eligible for auto-proxying). Is this bean getting eagerly injected into a currently created BeanPostProcessor [lbRestClientPostProcessor]? Check the corresponding BeanPostProcessor declaration and its dependencies.
[2025-11-06 19:48:48.249] [WARN ] [order-service] [main] [o.s.c.s.PostProcessorRegistrationDelegate$BeanPostProcessorChecker:?] - Bean 'default.org.springframework.cloud.loadbalancer.config.LoadBalancerAutoConfiguration.LoadBalancerClientSpecification' of type [org.springframework.cloud.loadbalancer.annotation.LoadBalancerClientSpecification] is not eligible for getting processed by all BeanPostProcessors (for example: not eligible for auto-proxying). Is this bean getting eagerly injected into a currently created BeanPostProcessor [lbRestClientPostProcessor]? Check the corresponding BeanPostProcessor declaration and its dependencies.
[2025-11-06 19:48:48.252] [WARN ] [order-service] [main] [o.s.c.s.PostProcessorRegistrationDelegate$BeanPostProcessorChecker:?] - Bean 'default.org.springframework.cloud.loadbalancer.config.BlockingLoadBalancerClientAutoConfiguration.LoadBalancerClientSpecification' of type [org.springframework.cloud.loadbalancer.annotation.LoadBalancerClientSpecification] is not eligible for getting processed by all BeanPostProcessors (for example: not eligible for auto-proxying). Is this bean getting eagerly injected into a currently created BeanPostProcessor [lbRestClientPostProcessor]? Check the corresponding BeanPostProcessor declaration and its dependencies.
[2025-11-06 19:48:48.255] [WARN ] [order-service] [main] [o.s.c.s.PostProcessorRegistrationDelegate$BeanPostProcessorChecker:?] - Bean 'loadBalancerClientFactory' of type [org.springframework.cloud.loadbalancer.support.LoadBalancerClientFactory] is not eligible for getting processed by all BeanPostProcessors (for example: not eligible for auto-proxying). Is this bean getting eagerly injected into a currently created BeanPostProcessor [lbRestClientPostProcessor]? Check the corresponding BeanPostProcessor declaration and its dependencies.
[2025-11-06 19:48:48.267] [WARN ] [order-service] [main] [o.s.c.s.PostProcessorRegistrationDelegate$BeanPostProcessorChecker:?] - Bean 'blockingLoadBalancerClient' of type [org.springframework.cloud.loadbalancer.blocking.client.BlockingLoadBalancerClient] is not eligible for getting processed by all BeanPostProcessors (for example: not eligible for auto-proxying). Is this bean getting eagerly injected into a currently created BeanPostProcessor [lbRestClientPostProcessor]? Check the corresponding BeanPostProcessor declaration and its dependencies.
[2025-11-06 19:48:48.285] [WARN ] [order-service] [main] [o.s.c.s.PostProcessorRegistrationDelegate$BeanPostProcessorChecker:?] - Bean 'loadBalancerServiceInstanceCookieTransformer' of type [org.springframework.cloud.loadbalancer.core.LoadBalancerServiceInstanceCookieTransformer] is not eligible for getting processed by all BeanPostProcessors (for example: not eligible for auto-proxying). Is this bean getting eagerly injected into a currently created BeanPostProcessor [lbRestClientPostProcessor]? Check the corresponding BeanPostProcessor declaration and its dependencies.
[2025-11-06 19:48:48.288] [WARN ] [order-service] [main] [o.s.c.s.PostProcessorRegistrationDelegate$BeanPostProcessorChecker:?] - Bean 'xForwarderHeadersTransformer' of type [org.springframework.cloud.loadbalancer.blocking.XForwardedHeadersTransformer] is not eligible for getting processed by all BeanPostProcessors (for example: not eligible for auto-proxying). Is this bean getting eagerly injected into a currently created BeanPostProcessor [lbRestClientPostProcessor]? Check the corresponding BeanPostProcessor declaration and its dependencies.
[2025-11-06 19:48:48.291] [WARN ] [order-service] [main] [o.s.c.s.PostProcessorRegistrationDelegate$BeanPostProcessorChecker:?] - Bean 'org.springframework.cloud.client.loadbalancer.LoadBalancerAutoConfiguration' of type [org.springframework.cloud.client.loadbalancer.LoadBalancerAutoConfiguration] is not eligible for getting processed by all BeanPostProcessors (for example: not eligible for auto-proxying). Is this bean getting eagerly injected into a currently created BeanPostProcessor [lbRestClientPostProcessor]? Check the corresponding BeanPostProcessor declaration and its dependencies.
[2025-11-06 19:48:48.295] [WARN ] [order-service] [main] [o.s.c.s.PostProcessorRegistrationDelegate$BeanPostProcessorChecker:?] - Bean 'loadBalancerRequestFactory' of type [org.springframework.cloud.client.loadbalancer.LoadBalancerRequestFactory] is not eligible for getting processed by all BeanPostProcessors (for example: not eligible for auto-proxying). Is this bean getting eagerly injected into a currently created BeanPostProcessor [lbRestClientPostProcessor]? Check the corresponding BeanPostProcessor declaration and its dependencies.
[2025-11-06 19:48:48.298] [WARN ] [order-service] [main] [o.s.c.s.PostProcessorRegistrationDelegate$BeanPostProcessorChecker:?] - Bean 'loadBalancerInterceptor' of type [org.springframework.cloud.client.loadbalancer.LoadBalancerInterceptor] is not eligible for getting processed by all BeanPostProcessors (for example: not eligible for auto-proxying). Is this bean getting eagerly injected into a currently created BeanPostProcessor [lbRestClientPostProcessor]? Check the corresponding BeanPostProcessor declaration and its dependencies.
[2025-11-06 19:48:48.823] [INFO ] [order-service] [main] [o.s.boot.web.embedded.tomcat.TomcatWebServer:?] - Tomcat initialized with port 8065 (http)
[2025-11-06 19:48:48.998] [INFO ] [order-service] [main] [o.s.b.w.s.c.ServletWebServerApplicationContext:?] - Root WebApplicationContext: initialization completed in 4782 ms
[2025-11-06 19:48:49.644] [INFO ] [order-service] [main] [org.hibernate.jpa.internal.util.LogHelper:?] - HHH000204: Processing PersistenceUnitInfo [name: default]
[2025-11-06 19:48:49.848] [INFO ] [order-service] [main] [org.hibernate.Version:?] - HHH000412: Hibernate ORM core version 6.4.4.Final
[2025-11-06 19:48:50.008] [INFO ] [order-service] [main] [o.hibernate.cache.internal.RegionFactoryInitiator:?] - HHH000026: Second-level cache disabled
[2025-11-06 19:48:50.626] [INFO ] [order-service] [main] [o.s.o.j.persistenceunit.SpringPersistenceUnitInfo:?] - No LoadTimeWeaver setup: ignoring JPA class transformer
[2025-11-06 19:48:50.719] [INFO ] [order-service] [main] [com.zaxxer.hikari.HikariDataSource:?] - HikariPool-1 - Starting...
[2025-11-06 19:48:51.041] [INFO ] [order-service] [main] [com.zaxxer.hikari.pool.HikariPool:?] - HikariPool-1 - Added connection com.mysql.cj.jdbc.ConnectionImpl@110318a7
[2025-11-06 19:48:51.046] [INFO ] [order-service] [main] [com.zaxxer.hikari.HikariDataSource:?] - HikariPool-1 - Start completed.
[2025-11-06 19:48:53.590] [INFO ] [order-service] [main] [o.h.e.t.jta.platform.internal.JtaPlatformInitiator:?] - HHH000489: No JTA platform available (set 'hibernate.transaction.jta.platform' to enable JTA platform integration)
[2025-11-06 19:48:53.598] [INFO ] [order-service] [main] [o.s.orm.jpa.LocalContainerEntityManagerFactoryBean:?] - Initialized JPA EntityManagerFactory for persistence unit 'default'
[2025-11-06 19:48:53.640] [WARN ] [order-service] [main] [o.s.b.w.s.c.AnnotationConfigServletWebServerApplicationContext:?] - Exception encountered during context initialization - cancelling refresh attempt: org.springframework.beans.factory.UnsatisfiedDependencyException: Error creating bean with name 'adminController': Unsatisfied dependency expressed through field 'orderService': Error creating bean with name 'orderService': Lookup method resolution failed
[2025-11-06 19:48:53.641] [INFO ] [order-service] [main] [o.s.orm.jpa.LocalContainerEntityManagerFactoryBean:?] - Closing JPA EntityManagerFactory for persistence unit 'default'
[2025-11-06 19:48:53.648] [INFO ] [order-service] [main] [com.zaxxer.hikari.HikariDataSource:?] - HikariPool-1 - Shutdown initiated...
[2025-11-06 19:48:53.659] [INFO ] [order-service] [main] [com.zaxxer.hikari.HikariDataSource:?] - HikariPool-1 - Shutdown completed.
[2025-11-06 19:48:53.688] [INFO ] [order-service] [main] [o.s.b.a.logging.ConditionEvaluationReportLogger:?] - 

Error starting ApplicationContext. To display the condition evaluation report re-run your application with 'debug' enabled.
[2025-11-06 19:48:53.719] [ERROR] [order-service] [main] [org.springframework.boot.SpringApplication:?] - Application run failed
org.springframework.beans.factory.UnsatisfiedDependencyException: Error creating bean with name 'adminController': Unsatisfied dependency expressed through field 'orderService': Error creating bean with name 'orderService': Lookup method resolution failed
	at org.springframework.beans.factory.annotation.AutowiredAnnotationBeanPostProcessor$AutowiredFieldElement.resolveFieldValue(AutowiredAnnotationBeanPostProcessor.java:787)
	at org.springframework.beans.factory.annotation.AutowiredAnnotationBeanPostProcessor$AutowiredFieldElement.inject(AutowiredAnnotationBeanPostProcessor.java:767)
	at org.springframework.beans.factory.annotation.InjectionMetadata.inject(InjectionMetadata.java:145)
	at org.springframework.beans.factory.annotation.AutowiredAnnotationBeanPostProcessor.postProcessProperties(AutowiredAnnotationBeanPostProcessor.java:508)
	at org.springframework.beans.factory.support.AbstractAutowireCapableBeanFactory.populateBean(AbstractAutowireCapableBeanFactory.java:1419)
	at org.springframework.beans.factory.support.AbstractAutowireCapableBeanFactory.doCreateBean(AbstractAutowireCapableBeanFactory.java:599)
	at org.springframework.beans.factory.support.AbstractAutowireCapableBeanFactory.createBean(AbstractAutowireCapableBeanFactory.java:522)
	at org.springframework.beans.factory.support.AbstractBeanFactory.lambda$doGetBean$0(AbstractBeanFactory.java:325)
	at org.springframework.beans.factory.support.DefaultSingletonBeanRegistry.getSingleton(DefaultSingletonBeanRegistry.java:234)
	at org.springframework.beans.factory.support.AbstractBeanFactory.doGetBean(AbstractBeanFactory.java:323)
	at org.springframework.beans.factory.support.AbstractBeanFactory.getBean(AbstractBeanFactory.java:199)
	at org.springframework.beans.factory.support.DefaultListableBeanFactory.preInstantiateSingletons(DefaultListableBeanFactory.java:975)
	at org.springframework.context.support.AbstractApplicationContext.finishBeanFactoryInitialization(AbstractApplicationContext.java:959)
	at org.springframework.context.support.AbstractApplicationContext.refresh(AbstractApplicationContext.java:624)
	at org.springframework.boot.web.servlet.context.ServletWebServerApplicationContext.refresh(ServletWebServerApplicationContext.java:146)
	at org.springframework.boot.SpringApplication.refresh(SpringApplication.java:754)
	at org.springframework.boot.SpringApplication.refreshContext(SpringApplication.java:456)
	at org.springframework.boot.SpringApplication.run(SpringApplication.java:334)
	at org.springframework.boot.SpringApplication.run(SpringApplication.java:1354)
	at org.springframework.boot.SpringApplication.run(SpringApplication.java:1343)
	at com.bcu.edu.OrderServiceApplication.main(OrderServiceApplication.java:34)
Caused by: org.springframework.beans.factory.BeanCreationException: Error creating bean with name 'orderService': Lookup method resolution failed
	at org.springframework.beans.factory.annotation.AutowiredAnnotationBeanPostProcessor.checkLookupMethods(AutowiredAnnotationBeanPostProcessor.java:497)
	at org.springframework.beans.factory.annotation.AutowiredAnnotationBeanPostProcessor.determineCandidateConstructors(AutowiredAnnotationBeanPostProcessor.java:367)
	at org.springframework.beans.factory.support.AbstractAutowireCapableBeanFactory.determineConstructorsFromBeanPostProcessors(AbstractAutowireCapableBeanFactory.java:1294)
	at org.springframework.beans.factory.support.AbstractAutowireCapableBeanFactory.createBeanInstance(AbstractAutowireCapableBeanFactory.java:1189)
	at org.springframework.beans.factory.support.AbstractAutowireCapableBeanFactory.doCreateBean(AbstractAutowireCapableBeanFactory.java:562)
	at org.springframework.beans.factory.support.AbstractAutowireCapableBeanFactory.createBean(AbstractAutowireCapableBeanFactory.java:522)
	at org.springframework.beans.factory.support.AbstractBeanFactory.lambda$doGetBean$0(AbstractBeanFactory.java:325)
	at org.springframework.beans.factory.support.DefaultSingletonBeanRegistry.getSingleton(DefaultSingletonBeanRegistry.java:234)
	at org.springframework.beans.factory.support.AbstractBeanFactory.doGetBean(AbstractBeanFactory.java:323)
	at org.springframework.beans.factory.support.AbstractBeanFactory.getBean(AbstractBeanFactory.java:199)
	at org.springframework.beans.factory.config.DependencyDescriptor.resolveCandidate(DependencyDescriptor.java:254)
	at org.springframework.beans.factory.support.DefaultListableBeanFactory.doResolveDependency(DefaultListableBeanFactory.java:1443)
	at org.springframework.beans.factory.support.DefaultListableBeanFactory.resolveDependency(DefaultListableBeanFactory.java:1353)
	at org.springframework.beans.factory.annotation.AutowiredAnnotationBeanPostProcessor$AutowiredFieldElement.resolveFieldValue(AutowiredAnnotationBeanPostProcessor.java:784)
	... 20 common frames omitted
Caused by: java.lang.IllegalStateException: Failed to introspect Class [com.bcu.edu.service.OrderService] from ClassLoader [jdk.internal.loader.ClassLoaders$AppClassLoader@63947c6b]
	at org.springframework.util.ReflectionUtils.getDeclaredMethods(ReflectionUtils.java:483)
	at org.springframework.util.ReflectionUtils.doWithLocalMethods(ReflectionUtils.java:320)
	at org.springframework.beans.factory.annotation.AutowiredAnnotationBeanPostProcessor.checkLookupMethods(AutowiredAnnotationBeanPostProcessor.java:475)
	... 33 common frames omitted
Caused by: java.lang.NoClassDefFoundError: com/bcu/edu/dto/response/OrderStatisticsVO
	at java.base/java.lang.Class.getDeclaredMethods0(Native Method)
	at java.base/java.lang.Class.privateGetDeclaredMethods(Class.java:3402)
	at java.base/java.lang.Class.getDeclaredMethods(Class.java:2504)
	at org.springframework.util.ReflectionUtils.getDeclaredMethods(ReflectionUtils.java:465)
	... 35 common frames omitted
Caused by: java.lang.ClassNotFoundException: com.bcu.edu.dto.response.OrderStatisticsVO
	at java.base/jdk.internal.loader.BuiltinClassLoader.loadClass(BuiltinClassLoader.java:641)
	at java.base/jdk.internal.loader.ClassLoaders$AppClassLoader.loadClass(ClassLoaders.java:188)
	at java.base/java.lang.ClassLoader.loadClass(ClassLoader.java:520)
	... 39 common frames omitted
[2025-11-06 19:52:29.671] [INFO ] [order-service] [main] [com.bcu.edu.OrderServiceApplication:?] - Starting OrderServiceApplication using Java 17.0.6 with PID 38616 (E:\E\BYSJ\community-group-buy-backend\OrderService\target\classes started by Gkr07 in E:\E\BYSJ\community-group-buy-backend)
[2025-11-06 19:52:29.674] [INFO ] [order-service] [main] [com.bcu.edu.OrderServiceApplication:?] - No active profile set, falling back to 1 default profile: "default"
[2025-11-06 19:52:31.214] [INFO ] [order-service] [main] [o.s.d.r.config.RepositoryConfigurationDelegate:?] - Bootstrapping Spring Data JPA repositories in DEFAULT mode.
[2025-11-06 19:52:31.492] [INFO ] [order-service] [main] [o.s.d.r.config.RepositoryConfigurationDelegate:?] - Finished Spring Data repository scanning in 268 ms. Found 4 JPA repository interfaces.
[2025-11-06 19:52:31.829] [INFO ] [order-service] [main] [o.springframework.cloud.context.scope.GenericScope:?] - BeanFactory id=01ae364e-fe9f-3eaf-9801-d8190a117b86
[2025-11-06 19:52:32.283] [WARN ] [order-service] [main] [o.s.c.s.PostProcessorRegistrationDelegate$BeanPostProcessorChecker:?] - Bean 'org.springframework.cloud.client.loadbalancer.LoadBalancerAutoConfiguration$LoadBalancerInterceptorConfig' of type [org.springframework.cloud.client.loadbalancer.LoadBalancerAutoConfiguration$LoadBalancerInterceptorConfig] is not eligible for getting processed by all BeanPostProcessors (for example: not eligible for auto-proxying). The currently created BeanPostProcessor [lbRestClientPostProcessor] is declared through a non-static factory method on that class; consider declaring it as static instead.
[2025-11-06 19:52:32.287] [WARN ] [order-service] [main] [o.s.c.s.PostProcessorRegistrationDelegate$BeanPostProcessorChecker:?] - Bean 'org.springframework.cloud.loadbalancer.config.BlockingLoadBalancerClientAutoConfiguration' of type [org.springframework.cloud.loadbalancer.config.BlockingLoadBalancerClientAutoConfiguration] is not eligible for getting processed by all BeanPostProcessors (for example: not eligible for auto-proxying). Is this bean getting eagerly injected into a currently created BeanPostProcessor [lbRestClientPostProcessor]? Check the corresponding BeanPostProcessor declaration and its dependencies.
[2025-11-06 19:52:32.292] [WARN ] [order-service] [main] [o.s.c.s.PostProcessorRegistrationDelegate$BeanPostProcessorChecker:?] - Bean 'org.springframework.cloud.loadbalancer.config.LoadBalancerAutoConfiguration' of type [org.springframework.cloud.loadbalancer.config.LoadBalancerAutoConfiguration] is not eligible for getting processed by all BeanPostProcessors (for example: not eligible for auto-proxying). Is this bean getting eagerly injected into a currently created BeanPostProcessor [lbRestClientPostProcessor]? Check the corresponding BeanPostProcessor declaration and its dependencies.
[2025-11-06 19:52:32.303] [WARN ] [order-service] [main] [o.s.c.s.PostProcessorRegistrationDelegate$BeanPostProcessorChecker:?] - Bean 'org.springframework.cloud.commons.config.CommonsConfigAutoConfiguration' of type [org.springframework.cloud.commons.config.CommonsConfigAutoConfiguration] is not eligible for getting processed by all BeanPostProcessors (for example: not eligible for auto-proxying). Is this bean getting eagerly injected into a currently created BeanPostProcessor [lbRestClientPostProcessor]? Check the corresponding BeanPostProcessor declaration and its dependencies.
[2025-11-06 19:52:32.307] [WARN ] [order-service] [main] [o.s.c.s.PostProcessorRegistrationDelegate$BeanPostProcessorChecker:?] - Bean 'org.springframework.cloud.client.loadbalancer.LoadBalancerDefaultMappingsProviderAutoConfiguration' of type [org.springframework.cloud.client.loadbalancer.LoadBalancerDefaultMappingsProviderAutoConfiguration] is not eligible for getting processed by all BeanPostProcessors (for example: not eligible for auto-proxying). Is this bean getting eagerly injected into a currently created BeanPostProcessor [lbRestClientPostProcessor]? Check the corresponding BeanPostProcessor declaration and its dependencies.
[2025-11-06 19:52:32.309] [WARN ] [order-service] [main] [o.s.c.s.PostProcessorRegistrationDelegate$BeanPostProcessorChecker:?] - Bean 'loadBalancerClientsDefaultsMappingsProvider' of type [org.springframework.cloud.client.loadbalancer.LoadBalancerDefaultMappingsProviderAutoConfiguration$$Lambda$791/0x000000080116ce88] is not eligible for getting processed by all BeanPostProcessors (for example: not eligible for auto-proxying). Is this bean getting eagerly injected into a currently created BeanPostProcessor [lbRestClientPostProcessor]? Check the corresponding BeanPostProcessor declaration and its dependencies.
[2025-11-06 19:52:32.313] [WARN ] [order-service] [main] [o.s.c.s.PostProcessorRegistrationDelegate$BeanPostProcessorChecker:?] - Bean 'defaultsBindHandlerAdvisor' of type [org.springframework.cloud.commons.config.DefaultsBindHandlerAdvisor] is not eligible for getting processed by all BeanPostProcessors (for example: not eligible for auto-proxying). Is this bean getting eagerly injected into a currently created BeanPostProcessor [lbRestClientPostProcessor]? Check the corresponding BeanPostProcessor declaration and its dependencies.
[2025-11-06 19:52:32.322] [WARN ] [order-service] [main] [o.s.c.s.PostProcessorRegistrationDelegate$BeanPostProcessorChecker:?] - Bean 'spring.cloud.loadbalancer-org.springframework.cloud.client.loadbalancer.LoadBalancerClientsProperties' of type [org.springframework.cloud.client.loadbalancer.LoadBalancerClientsProperties] is not eligible for getting processed by all BeanPostProcessors (for example: not eligible for auto-proxying). Is this bean getting eagerly injected into a currently created BeanPostProcessor [lbRestClientPostProcessor]? Check the corresponding BeanPostProcessor declaration and its dependencies.
[2025-11-06 19:52:32.331] [WARN ] [order-service] [main] [o.s.c.s.PostProcessorRegistrationDelegate$BeanPostProcessorChecker:?] - Bean 'default.org.springframework.cloud.loadbalancer.config.LoadBalancerAutoConfiguration.LoadBalancerClientSpecification' of type [org.springframework.cloud.loadbalancer.annotation.LoadBalancerClientSpecification] is not eligible for getting processed by all BeanPostProcessors (for example: not eligible for auto-proxying). Is this bean getting eagerly injected into a currently created BeanPostProcessor [lbRestClientPostProcessor]? Check the corresponding BeanPostProcessor declaration and its dependencies.
[2025-11-06 19:52:32.334] [WARN ] [order-service] [main] [o.s.c.s.PostProcessorRegistrationDelegate$BeanPostProcessorChecker:?] - Bean 'default.org.springframework.cloud.loadbalancer.config.BlockingLoadBalancerClientAutoConfiguration.LoadBalancerClientSpecification' of type [org.springframework.cloud.loadbalancer.annotation.LoadBalancerClientSpecification] is not eligible for getting processed by all BeanPostProcessors (for example: not eligible for auto-proxying). Is this bean getting eagerly injected into a currently created BeanPostProcessor [lbRestClientPostProcessor]? Check the corresponding BeanPostProcessor declaration and its dependencies.
[2025-11-06 19:52:32.336] [WARN ] [order-service] [main] [o.s.c.s.PostProcessorRegistrationDelegate$BeanPostProcessorChecker:?] - Bean 'loadBalancerClientFactory' of type [org.springframework.cloud.loadbalancer.support.LoadBalancerClientFactory] is not eligible for getting processed by all BeanPostProcessors (for example: not eligible for auto-proxying). Is this bean getting eagerly injected into a currently created BeanPostProcessor [lbRestClientPostProcessor]? Check the corresponding BeanPostProcessor declaration and its dependencies.
[2025-11-06 19:52:32.344] [WARN ] [order-service] [main] [o.s.c.s.PostProcessorRegistrationDelegate$BeanPostProcessorChecker:?] - Bean 'blockingLoadBalancerClient' of type [org.springframework.cloud.loadbalancer.blocking.client.BlockingLoadBalancerClient] is not eligible for getting processed by all BeanPostProcessors (for example: not eligible for auto-proxying). Is this bean getting eagerly injected into a currently created BeanPostProcessor [lbRestClientPostProcessor]? Check the corresponding BeanPostProcessor declaration and its dependencies.
[2025-11-06 19:52:32.356] [WARN ] [order-service] [main] [o.s.c.s.PostProcessorRegistrationDelegate$BeanPostProcessorChecker:?] - Bean 'loadBalancerServiceInstanceCookieTransformer' of type [org.springframework.cloud.loadbalancer.core.LoadBalancerServiceInstanceCookieTransformer] is not eligible for getting processed by all BeanPostProcessors (for example: not eligible for auto-proxying). Is this bean getting eagerly injected into a currently created BeanPostProcessor [lbRestClientPostProcessor]? Check the corresponding BeanPostProcessor declaration and its dependencies.
[2025-11-06 19:52:32.359] [WARN ] [order-service] [main] [o.s.c.s.PostProcessorRegistrationDelegate$BeanPostProcessorChecker:?] - Bean 'xForwarderHeadersTransformer' of type [org.springframework.cloud.loadbalancer.blocking.XForwardedHeadersTransformer] is not eligible for getting processed by all BeanPostProcessors (for example: not eligible for auto-proxying). Is this bean getting eagerly injected into a currently created BeanPostProcessor [lbRestClientPostProcessor]? Check the corresponding BeanPostProcessor declaration and its dependencies.
[2025-11-06 19:52:32.361] [WARN ] [order-service] [main] [o.s.c.s.PostProcessorRegistrationDelegate$BeanPostProcessorChecker:?] - Bean 'org.springframework.cloud.client.loadbalancer.LoadBalancerAutoConfiguration' of type [org.springframework.cloud.client.loadbalancer.LoadBalancerAutoConfiguration] is not eligible for getting processed by all BeanPostProcessors (for example: not eligible for auto-proxying). Is this bean getting eagerly injected into a currently created BeanPostProcessor [lbRestClientPostProcessor]? Check the corresponding BeanPostProcessor declaration and its dependencies.
[2025-11-06 19:52:32.364] [WARN ] [order-service] [main] [o.s.c.s.PostProcessorRegistrationDelegate$BeanPostProcessorChecker:?] - Bean 'loadBalancerRequestFactory' of type [org.springframework.cloud.client.loadbalancer.LoadBalancerRequestFactory] is not eligible for getting processed by all BeanPostProcessors (for example: not eligible for auto-proxying). Is this bean getting eagerly injected into a currently created BeanPostProcessor [lbRestClientPostProcessor]? Check the corresponding BeanPostProcessor declaration and its dependencies.
[2025-11-06 19:52:32.367] [WARN ] [order-service] [main] [o.s.c.s.PostProcessorRegistrationDelegate$BeanPostProcessorChecker:?] - Bean 'loadBalancerInterceptor' of type [org.springframework.cloud.client.loadbalancer.LoadBalancerInterceptor] is not eligible for getting processed by all BeanPostProcessors (for example: not eligible for auto-proxying). Is this bean getting eagerly injected into a currently created BeanPostProcessor [lbRestClientPostProcessor]? Check the corresponding BeanPostProcessor declaration and its dependencies.
[2025-11-06 19:52:32.760] [INFO ] [order-service] [main] [o.s.boot.web.embedded.tomcat.TomcatWebServer:?] - Tomcat initialized with port 8065 (http)
[2025-11-06 19:52:32.911] [INFO ] [order-service] [main] [o.s.b.w.s.c.ServletWebServerApplicationContext:?] - Root WebApplicationContext: initialization completed in 3185 ms
[2025-11-06 19:52:33.473] [INFO ] [order-service] [main] [org.hibernate.jpa.internal.util.LogHelper:?] - HHH000204: Processing PersistenceUnitInfo [name: default]
[2025-11-06 19:52:33.579] [INFO ] [order-service] [main] [org.hibernate.Version:?] - HHH000412: Hibernate ORM core version 6.4.4.Final
[2025-11-06 19:52:33.635] [INFO ] [order-service] [main] [o.hibernate.cache.internal.RegionFactoryInitiator:?] - HHH000026: Second-level cache disabled
[2025-11-06 19:52:33.997] [INFO ] [order-service] [main] [o.s.o.j.persistenceunit.SpringPersistenceUnitInfo:?] - No LoadTimeWeaver setup: ignoring JPA class transformer
[2025-11-06 19:52:34.051] [INFO ] [order-service] [main] [com.zaxxer.hikari.HikariDataSource:?] - HikariPool-1 - Starting...
[2025-11-06 19:52:34.305] [INFO ] [order-service] [main] [com.zaxxer.hikari.pool.HikariPool:?] - HikariPool-1 - Added connection com.mysql.cj.jdbc.ConnectionImpl@3741071d
[2025-11-06 19:52:34.308] [INFO ] [order-service] [main] [com.zaxxer.hikari.HikariDataSource:?] - HikariPool-1 - Start completed.
[2025-11-06 19:52:35.988] [INFO ] [order-service] [main] [o.h.e.t.jta.platform.internal.JtaPlatformInitiator:?] - HHH000489: No JTA platform available (set 'hibernate.transaction.jta.platform' to enable JTA platform integration)
[2025-11-06 19:52:35.993] [INFO ] [order-service] [main] [o.s.orm.jpa.LocalContainerEntityManagerFactoryBean:?] - Initialized JPA EntityManagerFactory for persistence unit 'default'
[2025-11-06 19:52:36.586] [INFO ] [order-service] [main] [o.s.data.jpa.repository.query.QueryEnhancerFactory:?] - Hibernate is in classpath; If applicable, HQL parser will be used.
[2025-11-06 19:52:37.538] [WARN ] [order-service] [main] [o.s.b.a.o.j.JpaBaseConfiguration$JpaWebConfiguration:?] - spring.jpa.open-in-view is enabled by default. Therefore, database queries may be performed during view rendering. Explicitly configure spring.jpa.open-in-view to disable this warning
[2025-11-06 19:52:38.629] [INFO ] [order-service] [main] [o.s.cloud.openfeign.FeignClientFactoryBean:?] - For 'user-service' URL not provided. Will try picking an instance via load-balancing.
[2025-11-06 19:52:38.713] [INFO ] [order-service] [main] [o.s.cloud.openfeign.FeignClientFactoryBean:?] - For 'product-service' URL not provided. Will try picking an instance via load-balancing.
[2025-11-06 19:52:38.738] [INFO ] [order-service] [main] [o.s.cloud.openfeign.FeignClientFactoryBean:?] - For 'leader-service' URL not provided. Will try picking an instance via load-balancing.
[2025-11-06 19:52:38.812] [INFO ] [order-service] [main] [o.s.cloud.openfeign.FeignClientFactoryBean:?] - For 'user-service' URL not provided. Will try picking an instance via load-balancing.
[2025-11-06 19:52:40.693] [WARN ] [order-service] [main] [o.s.c.l.c.LoadBalancerCacheAutoConfiguration$LoadBalancerCaffeineWarnLogger:?] - Spring Cloud LoadBalancer is currently working with the default cache. While this cache implementation is useful for development and tests, it's recommended to use Caffeine cache in production.You can switch to using Caffeine cache, by adding it and org.springframework.cache.caffeine.CaffeineCacheManager to the classpath.
[2025-11-06 19:52:40.709] [INFO ] [order-service] [main] [o.s.b.actuate.endpoint.web.EndpointLinksResolver:?] - Exposing 1 endpoint(s) beneath base path '/actuator'
[2025-11-06 19:52:40.843] [INFO ] [order-service] [main] [o.s.boot.web.embedded.tomcat.TomcatWebServer:?] - Tomcat started on port 8065 (http) with context path ''
[2025-11-06 19:52:40.846] [INFO ] [order-service] [main] [o.s.c.consul.serviceregistry.ConsulServiceRegistry:?] - Registering service with consul: NewService{id='order-service-8065', name='order-service', tags=[], address='192.168.245.1', meta={secure=false}, port=8065, enableTagOverride=null, check=Check{script='null', dockerContainerID='null', shell='null', interval='10s', ttl='null', http='http://192.168.245.1:8065/actuator/health', method='null', header={}, tcp='null', timeout='null', deregisterCriticalServiceAfter='null', tlsSkipVerify=null, status='null', grpc='null', grpcUseTLS=null}, checks=null}
[2025-11-06 19:52:41.291] [INFO ] [order-service] [main] [com.bcu.edu.OrderServiceApplication:?] - Started OrderServiceApplication in 12.781 seconds (process running for 13.561)
[2025-11-06 19:52:41.814] [INFO ] [order-service] [RMI TCP Connection(5)-26.52.41.123] [org.springframework.web.servlet.DispatcherServlet:?] - Initializing Servlet 'dispatcherServlet'
[2025-11-06 19:52:41.818] [INFO ] [order-service] [RMI TCP Connection(5)-26.52.41.123] [org.springframework.web.servlet.DispatcherServlet:?] - Completed initialization in 4 ms
[2025-11-06 19:53:28.126] [INFO ] [order-service] [http-nio-8065-exec-5] [com.bcu.edu.controller.AdminController:?] - 管理端查询订单列表: page=0, size=10, status=null, payStatus=null
[2025-11-06 19:53:28.126] [INFO ] [order-service] [http-nio-8065-exec-6] [com.bcu.edu.controller.AdminController:?] - 管理端查询订单统计
[2025-11-06 19:53:31.307] [INFO ] [order-service] [http-nio-8065-exec-9] [com.bcu.edu.controller.AdminController:?] - 管理端查询订单统计
[2025-11-06 19:53:31.307] [INFO ] [order-service] [http-nio-8065-exec-8] [com.bcu.edu.controller.AdminController:?] - 管理端查询订单列表: page=0, size=10, status=null, payStatus=null
[2025-11-06 19:55:00.010] [INFO ] [order-service] [scheduling-1] [com.bcu.edu.task.OrderExpireTask:?] - ========== 开始检查超时订单 ==========
[2025-11-06 19:55:00.010] [INFO ] [order-service] [scheduling-1] [com.bcu.edu.task.OrderExpireTask:?] - 超时时间设置: 30分钟
[2025-11-06 19:55:00.010] [INFO ] [order-service] [scheduling-1] [com.bcu.edu.task.OrderExpireTask:?] - 过期时间点: 2025-11-06T19:25:00.010550400
[2025-11-06 19:55:00.032] [INFO ] [order-service] [scheduling-1] [com.bcu.edu.task.OrderExpireTask:?] - 找到0条超时订单
[2025-11-06 19:55:00.032] [INFO ] [order-service] [scheduling-1] [com.bcu.edu.task.OrderExpireTask:?] - 没有超时订单，任务结束
[2025-11-06 20:00:00.013] [INFO ] [order-service] [scheduling-1] [com.bcu.edu.task.OrderExpireTask:?] - ========== 开始检查超时订单 ==========
[2025-11-06 20:00:00.013] [INFO ] [order-service] [scheduling-1] [com.bcu.edu.task.OrderExpireTask:?] - 超时时间设置: 30分钟
[2025-11-06 20:00:00.013] [INFO ] [order-service] [scheduling-1] [com.bcu.edu.task.OrderExpireTask:?] - 过期时间点: 2025-11-06T19:30:00.013196400
[2025-11-06 20:00:00.017] [INFO ] [order-service] [scheduling-1] [com.bcu.edu.task.OrderExpireTask:?] - 找到0条超时订单
[2025-11-06 20:00:00.017] [INFO ] [order-service] [scheduling-1] [com.bcu.edu.task.OrderExpireTask:?] - 没有超时订单，任务结束
[2025-11-06 20:05:00.002] [INFO ] [order-service] [scheduling-1] [com.bcu.edu.task.OrderExpireTask:?] - ========== 开始检查超时订单 ==========
[2025-11-06 20:05:00.002] [INFO ] [order-service] [scheduling-1] [com.bcu.edu.task.OrderExpireTask:?] - 超时时间设置: 30分钟
[2025-11-06 20:05:00.002] [INFO ] [order-service] [scheduling-1] [com.bcu.edu.task.OrderExpireTask:?] - 过期时间点: 2025-11-06T19:35:00.002179800
[2025-11-06 20:05:00.005] [INFO ] [order-service] [scheduling-1] [com.bcu.edu.task.OrderExpireTask:?] - 找到0条超时订单
[2025-11-06 20:05:00.005] [INFO ] [order-service] [scheduling-1] [com.bcu.edu.task.OrderExpireTask:?] - 没有超时订单，任务结束
[2025-11-06 20:10:00.015] [INFO ] [order-service] [scheduling-1] [com.bcu.edu.task.OrderExpireTask:?] - ========== 开始检查超时订单 ==========
[2025-11-06 20:10:00.015] [INFO ] [order-service] [scheduling-1] [com.bcu.edu.task.OrderExpireTask:?] - 超时时间设置: 30分钟
[2025-11-06 20:10:00.015] [INFO ] [order-service] [scheduling-1] [com.bcu.edu.task.OrderExpireTask:?] - 过期时间点: 2025-11-06T19:40:00.015596800
[2025-11-06 20:10:00.018] [INFO ] [order-service] [scheduling-1] [com.bcu.edu.task.OrderExpireTask:?] - 找到0条超时订单
[2025-11-06 20:10:00.018] [INFO ] [order-service] [scheduling-1] [com.bcu.edu.task.OrderExpireTask:?] - 没有超时订单，任务结束
[2025-11-06 20:11:45.609] [INFO ] [order-service] [http-nio-8065-exec-1] [com.bcu.edu.controller.AdminController:?] - 管理端查询订单统计
[2025-11-06 20:11:45.610] [INFO ] [order-service] [http-nio-8065-exec-2] [com.bcu.edu.controller.AdminController:?] - 管理端查询订单列表: page=0, size=10, status=null, payStatus=null
[2025-11-06 20:15:00.008] [INFO ] [order-service] [scheduling-1] [com.bcu.edu.task.OrderExpireTask:?] - ========== 开始检查超时订单 ==========
[2025-11-06 20:15:00.008] [INFO ] [order-service] [scheduling-1] [com.bcu.edu.task.OrderExpireTask:?] - 超时时间设置: 30分钟
[2025-11-06 20:15:00.008] [INFO ] [order-service] [scheduling-1] [com.bcu.edu.task.OrderExpireTask:?] - 过期时间点: 2025-11-06T19:45:00.008657700
[2025-11-06 20:15:00.012] [INFO ] [order-service] [scheduling-1] [com.bcu.edu.task.OrderExpireTask:?] - 找到0条超时订单
[2025-11-06 20:15:00.012] [INFO ] [order-service] [scheduling-1] [com.bcu.edu.task.OrderExpireTask:?] - 没有超时订单，任务结束
[2025-11-06 20:20:00.007] [INFO ] [order-service] [scheduling-1] [com.bcu.edu.task.OrderExpireTask:?] - ========== 开始检查超时订单 ==========
[2025-11-06 20:20:00.007] [INFO ] [order-service] [scheduling-1] [com.bcu.edu.task.OrderExpireTask:?] - 超时时间设置: 30分钟
[2025-11-06 20:20:00.007] [INFO ] [order-service] [scheduling-1] [com.bcu.edu.task.OrderExpireTask:?] - 过期时间点: 2025-11-06T19:50:00.007620
[2025-11-06 20:20:00.011] [INFO ] [order-service] [scheduling-1] [com.bcu.edu.task.OrderExpireTask:?] - 找到0条超时订单
[2025-11-06 20:20:00.011] [INFO ] [order-service] [scheduling-1] [com.bcu.edu.task.OrderExpireTask:?] - 没有超时订单，任务结束
[2025-11-06 20:25:00.009] [INFO ] [order-service] [scheduling-1] [com.bcu.edu.task.OrderExpireTask:?] - ========== 开始检查超时订单 ==========
[2025-11-06 20:25:00.009] [INFO ] [order-service] [scheduling-1] [com.bcu.edu.task.OrderExpireTask:?] - 超时时间设置: 30分钟
[2025-11-06 20:25:00.009] [INFO ] [order-service] [scheduling-1] [com.bcu.edu.task.OrderExpireTask:?] - 过期时间点: 2025-11-06T19:55:00.009641
[2025-11-06 20:25:00.012] [INFO ] [order-service] [scheduling-1] [com.bcu.edu.task.OrderExpireTask:?] - 找到0条超时订单
[2025-11-06 20:25:00.012] [INFO ] [order-service] [scheduling-1] [com.bcu.edu.task.OrderExpireTask:?] - 没有超时订单，任务结束
[2025-11-06 20:30:00.006] [INFO ] [order-service] [scheduling-1] [com.bcu.edu.task.OrderExpireTask:?] - ========== 开始检查超时订单 ==========
[2025-11-06 20:30:00.006] [INFO ] [order-service] [scheduling-1] [com.bcu.edu.task.OrderExpireTask:?] - 超时时间设置: 30分钟
[2025-11-06 20:30:00.006] [INFO ] [order-service] [scheduling-1] [com.bcu.edu.task.OrderExpireTask:?] - 过期时间点: 2025-11-06T20:00:00.006328
[2025-11-06 20:30:00.009] [INFO ] [order-service] [scheduling-1] [com.bcu.edu.task.OrderExpireTask:?] - 找到0条超时订单
[2025-11-06 20:30:00.009] [INFO ] [order-service] [scheduling-1] [com.bcu.edu.task.OrderExpireTask:?] - 没有超时订单，任务结束
[2025-11-06 20:35:00.009] [INFO ] [order-service] [scheduling-1] [com.bcu.edu.task.OrderExpireTask:?] - ========== 开始检查超时订单 ==========
[2025-11-06 20:35:00.009] [INFO ] [order-service] [scheduling-1] [com.bcu.edu.task.OrderExpireTask:?] - 超时时间设置: 30分钟
[2025-11-06 20:35:00.009] [INFO ] [order-service] [scheduling-1] [com.bcu.edu.task.OrderExpireTask:?] - 过期时间点: 2025-11-06T20:05:00.009082700
[2025-11-06 20:35:00.012] [INFO ] [order-service] [scheduling-1] [com.bcu.edu.task.OrderExpireTask:?] - 找到0条超时订单
[2025-11-06 20:35:00.012] [INFO ] [order-service] [scheduling-1] [com.bcu.edu.task.OrderExpireTask:?] - 没有超时订单，任务结束
[2025-11-06 20:40:00.012] [INFO ] [order-service] [scheduling-1] [com.bcu.edu.task.OrderExpireTask:?] - ========== 开始检查超时订单 ==========
[2025-11-06 20:40:00.012] [INFO ] [order-service] [scheduling-1] [com.bcu.edu.task.OrderExpireTask:?] - 超时时间设置: 30分钟
[2025-11-06 20:40:00.012] [INFO ] [order-service] [scheduling-1] [com.bcu.edu.task.OrderExpireTask:?] - 过期时间点: 2025-11-06T20:10:00.012851800
[2025-11-06 20:40:00.016] [INFO ] [order-service] [scheduling-1] [com.bcu.edu.task.OrderExpireTask:?] - 找到0条超时订单
[2025-11-06 20:40:00.016] [INFO ] [order-service] [scheduling-1] [com.bcu.edu.task.OrderExpireTask:?] - 没有超时订单，任务结束
[2025-11-06 20:45:00.015] [INFO ] [order-service] [scheduling-1] [com.bcu.edu.task.OrderExpireTask:?] - ========== 开始检查超时订单 ==========
[2025-11-06 20:45:00.015] [INFO ] [order-service] [scheduling-1] [com.bcu.edu.task.OrderExpireTask:?] - 超时时间设置: 30分钟
[2025-11-06 20:45:00.015] [INFO ] [order-service] [scheduling-1] [com.bcu.edu.task.OrderExpireTask:?] - 过期时间点: 2025-11-06T20:15:00.015087400
[2025-11-06 20:45:00.017] [INFO ] [order-service] [scheduling-1] [com.bcu.edu.task.OrderExpireTask:?] - 找到0条超时订单
[2025-11-06 20:45:00.018] [INFO ] [order-service] [scheduling-1] [com.bcu.edu.task.OrderExpireTask:?] - 没有超时订单，任务结束
[2025-11-06 20:50:00.000] [INFO ] [order-service] [scheduling-1] [com.bcu.edu.task.OrderExpireTask:?] - ========== 开始检查超时订单 ==========
[2025-11-06 20:50:00.000] [INFO ] [order-service] [scheduling-1] [com.bcu.edu.task.OrderExpireTask:?] - 超时时间设置: 30分钟
[2025-11-06 20:50:00.000] [INFO ] [order-service] [scheduling-1] [com.bcu.edu.task.OrderExpireTask:?] - 过期时间点: 2025-11-06T20:20:00.000306400
[2025-11-06 20:50:00.003] [INFO ] [order-service] [scheduling-1] [com.bcu.edu.task.OrderExpireTask:?] - 找到0条超时订单
[2025-11-06 20:50:00.003] [INFO ] [order-service] [scheduling-1] [com.bcu.edu.task.OrderExpireTask:?] - 没有超时订单，任务结束
[2025-11-06 20:55:00.005] [INFO ] [order-service] [scheduling-1] [com.bcu.edu.task.OrderExpireTask:?] - ========== 开始检查超时订单 ==========
[2025-11-06 20:55:00.005] [INFO ] [order-service] [scheduling-1] [com.bcu.edu.task.OrderExpireTask:?] - 超时时间设置: 30分钟
[2025-11-06 20:55:00.005] [INFO ] [order-service] [scheduling-1] [com.bcu.edu.task.OrderExpireTask:?] - 过期时间点: 2025-11-06T20:25:00.005486200
[2025-11-06 20:55:00.008] [INFO ] [order-service] [scheduling-1] [com.bcu.edu.task.OrderExpireTask:?] - 找到0条超时订单
[2025-11-06 20:55:00.008] [INFO ] [order-service] [scheduling-1] [com.bcu.edu.task.OrderExpireTask:?] - 没有超时订单，任务结束
[2025-11-06 21:00:00.012] [INFO ] [order-service] [scheduling-1] [com.bcu.edu.task.OrderExpireTask:?] - ========== 开始检查超时订单 ==========
[2025-11-06 21:00:00.012] [INFO ] [order-service] [scheduling-1] [com.bcu.edu.task.OrderExpireTask:?] - 超时时间设置: 30分钟
[2025-11-06 21:00:00.012] [INFO ] [order-service] [scheduling-1] [com.bcu.edu.task.OrderExpireTask:?] - 过期时间点: 2025-11-06T20:30:00.012142400
[2025-11-06 21:00:00.015] [INFO ] [order-service] [scheduling-1] [com.bcu.edu.task.OrderExpireTask:?] - 找到0条超时订单
[2025-11-06 21:00:00.015] [INFO ] [order-service] [scheduling-1] [com.bcu.edu.task.OrderExpireTask:?] - 没有超时订单，任务结束
[2025-11-06 21:05:00.014] [INFO ] [order-service] [scheduling-1] [com.bcu.edu.task.OrderExpireTask:?] - ========== 开始检查超时订单 ==========
[2025-11-06 21:05:00.014] [INFO ] [order-service] [scheduling-1] [com.bcu.edu.task.OrderExpireTask:?] - 超时时间设置: 30分钟
[2025-11-06 21:05:00.014] [INFO ] [order-service] [scheduling-1] [com.bcu.edu.task.OrderExpireTask:?] - 过期时间点: 2025-11-06T20:35:00.014996400
[2025-11-06 21:05:00.018] [INFO ] [order-service] [scheduling-1] [com.bcu.edu.task.OrderExpireTask:?] - 找到0条超时订单
[2025-11-06 21:05:00.018] [INFO ] [order-service] [scheduling-1] [com.bcu.edu.task.OrderExpireTask:?] - 没有超时订单，任务结束
[2025-11-06 21:10:00.002] [INFO ] [order-service] [scheduling-1] [com.bcu.edu.task.OrderExpireTask:?] - ========== 开始检查超时订单 ==========
[2025-11-06 21:10:00.002] [INFO ] [order-service] [scheduling-1] [com.bcu.edu.task.OrderExpireTask:?] - 超时时间设置: 30分钟
[2025-11-06 21:10:00.002] [INFO ] [order-service] [scheduling-1] [com.bcu.edu.task.OrderExpireTask:?] - 过期时间点: 2025-11-06T20:40:00.002937800
[2025-11-06 21:10:00.007] [INFO ] [order-service] [scheduling-1] [com.bcu.edu.task.OrderExpireTask:?] - 找到0条超时订单
[2025-11-06 21:10:00.007] [INFO ] [order-service] [scheduling-1] [com.bcu.edu.task.OrderExpireTask:?] - 没有超时订单，任务结束
[2025-11-06 21:15:00.000] [INFO ] [order-service] [scheduling-1] [com.bcu.edu.task.OrderExpireTask:?] - ========== 开始检查超时订单 ==========
[2025-11-06 21:15:00.000] [INFO ] [order-service] [scheduling-1] [com.bcu.edu.task.OrderExpireTask:?] - 超时时间设置: 30分钟
[2025-11-06 21:15:00.000] [INFO ] [order-service] [scheduling-1] [com.bcu.edu.task.OrderExpireTask:?] - 过期时间点: 2025-11-06T20:45:00.000864300
[2025-11-06 21:15:00.005] [INFO ] [order-service] [scheduling-1] [com.bcu.edu.task.OrderExpireTask:?] - 找到0条超时订单
[2025-11-06 21:15:00.005] [INFO ] [order-service] [scheduling-1] [com.bcu.edu.task.OrderExpireTask:?] - 没有超时订单，任务结束
[2025-11-06 21:20:00.008] [INFO ] [order-service] [scheduling-1] [com.bcu.edu.task.OrderExpireTask:?] - ========== 开始检查超时订单 ==========
[2025-11-06 21:20:00.008] [INFO ] [order-service] [scheduling-1] [com.bcu.edu.task.OrderExpireTask:?] - 超时时间设置: 30分钟
[2025-11-06 21:20:00.008] [INFO ] [order-service] [scheduling-1] [com.bcu.edu.task.OrderExpireTask:?] - 过期时间点: 2025-11-06T20:50:00.008376
[2025-11-06 21:20:00.011] [INFO ] [order-service] [scheduling-1] [com.bcu.edu.task.OrderExpireTask:?] - 找到0条超时订单
[2025-11-06 21:20:00.011] [INFO ] [order-service] [scheduling-1] [com.bcu.edu.task.OrderExpireTask:?] - 没有超时订单，任务结束
[2025-11-06 21:25:00.003] [INFO ] [order-service] [scheduling-1] [com.bcu.edu.task.OrderExpireTask:?] - ========== 开始检查超时订单 ==========
[2025-11-06 21:25:00.003] [INFO ] [order-service] [scheduling-1] [com.bcu.edu.task.OrderExpireTask:?] - 超时时间设置: 30分钟
[2025-11-06 21:25:00.003] [INFO ] [order-service] [scheduling-1] [com.bcu.edu.task.OrderExpireTask:?] - 过期时间点: 2025-11-06T20:55:00.003186400
[2025-11-06 21:25:00.006] [INFO ] [order-service] [scheduling-1] [com.bcu.edu.task.OrderExpireTask:?] - 找到0条超时订单
[2025-11-06 21:25:00.006] [INFO ] [order-service] [scheduling-1] [com.bcu.edu.task.OrderExpireTask:?] - 没有超时订单，任务结束
[2025-11-06 21:30:00.002] [INFO ] [order-service] [scheduling-1] [com.bcu.edu.task.OrderExpireTask:?] - ========== 开始检查超时订单 ==========
[2025-11-06 21:30:00.002] [INFO ] [order-service] [scheduling-1] [com.bcu.edu.task.OrderExpireTask:?] - 超时时间设置: 30分钟
[2025-11-06 21:30:00.002] [INFO ] [order-service] [scheduling-1] [com.bcu.edu.task.OrderExpireTask:?] - 过期时间点: 2025-11-06T21:00:00.002236900
[2025-11-06 21:30:00.004] [INFO ] [order-service] [scheduling-1] [com.bcu.edu.task.OrderExpireTask:?] - 找到0条超时订单
[2025-11-06 21:30:00.004] [INFO ] [order-service] [scheduling-1] [com.bcu.edu.task.OrderExpireTask:?] - 没有超时订单，任务结束
[2025-11-06 21:35:00.009] [INFO ] [order-service] [scheduling-1] [com.bcu.edu.task.OrderExpireTask:?] - ========== 开始检查超时订单 ==========
[2025-11-06 21:35:00.009] [INFO ] [order-service] [scheduling-1] [com.bcu.edu.task.OrderExpireTask:?] - 超时时间设置: 30分钟
[2025-11-06 21:35:00.009] [INFO ] [order-service] [scheduling-1] [com.bcu.edu.task.OrderExpireTask:?] - 过期时间点: 2025-11-06T21:05:00.009469700
[2025-11-06 21:35:00.012] [INFO ] [order-service] [scheduling-1] [com.bcu.edu.task.OrderExpireTask:?] - 找到0条超时订单
[2025-11-06 21:35:00.012] [INFO ] [order-service] [scheduling-1] [com.bcu.edu.task.OrderExpireTask:?] - 没有超时订单，任务结束
[2025-11-06 21:40:00.009] [INFO ] [order-service] [scheduling-1] [com.bcu.edu.task.OrderExpireTask:?] - ========== 开始检查超时订单 ==========
[2025-11-06 21:40:00.009] [INFO ] [order-service] [scheduling-1] [com.bcu.edu.task.OrderExpireTask:?] - 超时时间设置: 30分钟
[2025-11-06 21:40:00.009] [INFO ] [order-service] [scheduling-1] [com.bcu.edu.task.OrderExpireTask:?] - 过期时间点: 2025-11-06T21:10:00.009507300
[2025-11-06 21:40:00.012] [INFO ] [order-service] [scheduling-1] [com.bcu.edu.task.OrderExpireTask:?] - 找到0条超时订单
[2025-11-06 21:40:00.012] [INFO ] [order-service] [scheduling-1] [com.bcu.edu.task.OrderExpireTask:?] - 没有超时订单，任务结束
[2025-11-06 21:45:00.001] [INFO ] [order-service] [scheduling-1] [com.bcu.edu.task.OrderExpireTask:?] - ========== 开始检查超时订单 ==========
[2025-11-06 21:45:00.001] [INFO ] [order-service] [scheduling-1] [com.bcu.edu.task.OrderExpireTask:?] - 超时时间设置: 30分钟
[2025-11-06 21:45:00.001] [INFO ] [order-service] [scheduling-1] [com.bcu.edu.task.OrderExpireTask:?] - 过期时间点: 2025-11-06T21:15:00.001229600
[2025-11-06 21:45:00.005] [INFO ] [order-service] [scheduling-1] [com.bcu.edu.task.OrderExpireTask:?] - 找到0条超时订单
[2025-11-06 21:45:00.005] [INFO ] [order-service] [scheduling-1] [com.bcu.edu.task.OrderExpireTask:?] - 没有超时订单，任务结束
[2025-11-06 21:50:00.010] [INFO ] [order-service] [scheduling-1] [com.bcu.edu.task.OrderExpireTask:?] - ========== 开始检查超时订单 ==========
[2025-11-06 21:50:00.010] [INFO ] [order-service] [scheduling-1] [com.bcu.edu.task.OrderExpireTask:?] - 超时时间设置: 30分钟
[2025-11-06 21:50:00.010] [INFO ] [order-service] [scheduling-1] [com.bcu.edu.task.OrderExpireTask:?] - 过期时间点: 2025-11-06T21:20:00.010209400
[2025-11-06 21:50:00.013] [INFO ] [order-service] [scheduling-1] [com.bcu.edu.task.OrderExpireTask:?] - 找到0条超时订单
[2025-11-06 21:50:00.013] [INFO ] [order-service] [scheduling-1] [com.bcu.edu.task.OrderExpireTask:?] - 没有超时订单，任务结束
[2025-11-06 21:55:00.005] [INFO ] [order-service] [scheduling-1] [com.bcu.edu.task.OrderExpireTask:?] - ========== 开始检查超时订单 ==========
[2025-11-06 21:55:00.005] [INFO ] [order-service] [scheduling-1] [com.bcu.edu.task.OrderExpireTask:?] - 超时时间设置: 30分钟
[2025-11-06 21:55:00.005] [INFO ] [order-service] [scheduling-1] [com.bcu.edu.task.OrderExpireTask:?] - 过期时间点: 2025-11-06T21:25:00.005143600
[2025-11-06 21:55:00.008] [INFO ] [order-service] [scheduling-1] [com.bcu.edu.task.OrderExpireTask:?] - 找到0条超时订单
[2025-11-06 21:55:00.008] [INFO ] [order-service] [scheduling-1] [com.bcu.edu.task.OrderExpireTask:?] - 没有超时订单，任务结束
[2025-11-06 22:00:00.013] [INFO ] [order-service] [scheduling-1] [com.bcu.edu.task.OrderExpireTask:?] - ========== 开始检查超时订单 ==========
[2025-11-06 22:00:00.013] [INFO ] [order-service] [scheduling-1] [com.bcu.edu.task.OrderExpireTask:?] - 超时时间设置: 30分钟
[2025-11-06 22:00:00.013] [INFO ] [order-service] [scheduling-1] [com.bcu.edu.task.OrderExpireTask:?] - 过期时间点: 2025-11-06T21:30:00.013177300
[2025-11-06 22:00:00.016] [INFO ] [order-service] [scheduling-1] [com.bcu.edu.task.OrderExpireTask:?] - 找到0条超时订单
[2025-11-06 22:00:00.016] [INFO ] [order-service] [scheduling-1] [com.bcu.edu.task.OrderExpireTask:?] - 没有超时订单，任务结束
[2025-11-06 22:05:00.002] [INFO ] [order-service] [scheduling-1] [com.bcu.edu.task.OrderExpireTask:?] - ========== 开始检查超时订单 ==========
[2025-11-06 22:05:00.002] [INFO ] [order-service] [scheduling-1] [com.bcu.edu.task.OrderExpireTask:?] - 超时时间设置: 30分钟
[2025-11-06 22:05:00.002] [INFO ] [order-service] [scheduling-1] [com.bcu.edu.task.OrderExpireTask:?] - 过期时间点: 2025-11-06T21:35:00.002441300
[2025-11-06 22:05:00.006] [INFO ] [order-service] [scheduling-1] [com.bcu.edu.task.OrderExpireTask:?] - 找到0条超时订单
[2025-11-06 22:05:00.006] [INFO ] [order-service] [scheduling-1] [com.bcu.edu.task.OrderExpireTask:?] - 没有超时订单，任务结束
[2025-11-06 22:08:03.762] [INFO ] [order-service] [http-nio-8065-exec-1] [com.bcu.edu.controller.AdminController:?] - 管理端查询订单统计
[2025-11-06 22:08:03.765] [INFO ] [order-service] [http-nio-8065-exec-3] [com.bcu.edu.controller.AdminController:?] - 管理端查询订单列表: page=0, size=10, status=null, payStatus=null
[2025-11-06 22:10:00.008] [INFO ] [order-service] [scheduling-1] [com.bcu.edu.task.OrderExpireTask:?] - ========== 开始检查超时订单 ==========
[2025-11-06 22:10:00.008] [INFO ] [order-service] [scheduling-1] [com.bcu.edu.task.OrderExpireTask:?] - 超时时间设置: 30分钟
[2025-11-06 22:10:00.008] [INFO ] [order-service] [scheduling-1] [com.bcu.edu.task.OrderExpireTask:?] - 过期时间点: 2025-11-06T21:40:00.008545800
[2025-11-06 22:10:00.012] [INFO ] [order-service] [scheduling-1] [com.bcu.edu.task.OrderExpireTask:?] - 找到0条超时订单
[2025-11-06 22:10:00.012] [INFO ] [order-service] [scheduling-1] [com.bcu.edu.task.OrderExpireTask:?] - 没有超时订单，任务结束
[2025-11-06 22:15:00.003] [INFO ] [order-service] [scheduling-1] [com.bcu.edu.task.OrderExpireTask:?] - ========== 开始检查超时订单 ==========
[2025-11-06 22:15:00.003] [INFO ] [order-service] [scheduling-1] [com.bcu.edu.task.OrderExpireTask:?] - 超时时间设置: 30分钟
[2025-11-06 22:15:00.003] [INFO ] [order-service] [scheduling-1] [com.bcu.edu.task.OrderExpireTask:?] - 过期时间点: 2025-11-06T21:45:00.003184300
[2025-11-06 22:15:00.007] [INFO ] [order-service] [scheduling-1] [com.bcu.edu.task.OrderExpireTask:?] - 找到0条超时订单
[2025-11-06 22:15:00.007] [INFO ] [order-service] [scheduling-1] [com.bcu.edu.task.OrderExpireTask:?] - 没有超时订单，任务结束
[2025-11-06 22:20:00.004] [INFO ] [order-service] [scheduling-1] [com.bcu.edu.task.OrderExpireTask:?] - ========== 开始检查超时订单 ==========
[2025-11-06 22:20:00.004] [INFO ] [order-service] [scheduling-1] [com.bcu.edu.task.OrderExpireTask:?] - 超时时间设置: 30分钟
[2025-11-06 22:20:00.004] [INFO ] [order-service] [scheduling-1] [com.bcu.edu.task.OrderExpireTask:?] - 过期时间点: 2025-11-06T21:50:00.004387900
[2025-11-06 22:20:00.007] [INFO ] [order-service] [scheduling-1] [com.bcu.edu.task.OrderExpireTask:?] - 找到0条超时订单
[2025-11-06 22:20:00.007] [INFO ] [order-service] [scheduling-1] [com.bcu.edu.task.OrderExpireTask:?] - 没有超时订单，任务结束
[2025-11-06 22:25:00.010] [INFO ] [order-service] [scheduling-1] [com.bcu.edu.task.OrderExpireTask:?] - ========== 开始检查超时订单 ==========
[2025-11-06 22:25:00.010] [INFO ] [order-service] [scheduling-1] [com.bcu.edu.task.OrderExpireTask:?] - 超时时间设置: 30分钟
[2025-11-06 22:25:00.010] [INFO ] [order-service] [scheduling-1] [com.bcu.edu.task.OrderExpireTask:?] - 过期时间点: 2025-11-06T21:55:00.010924400
[2025-11-06 22:25:00.014] [INFO ] [order-service] [scheduling-1] [com.bcu.edu.task.OrderExpireTask:?] - 找到0条超时订单
[2025-11-06 22:25:00.014] [INFO ] [order-service] [scheduling-1] [com.bcu.edu.task.OrderExpireTask:?] - 没有超时订单，任务结束
[2025-11-06 22:25:24.373] [INFO ] [order-service] [SpringApplicationShutdownHook] [o.s.c.consul.serviceregistry.ConsulServiceRegistry:?] - Deregistering service with consul: order-service-8065
[2025-11-06 22:25:24.385] [INFO ] [order-service] [SpringApplicationShutdownHook] [o.s.orm.jpa.LocalContainerEntityManagerFactoryBean:?] - Closing JPA EntityManagerFactory for persistence unit 'default'
[2025-11-06 22:25:24.391] [INFO ] [order-service] [SpringApplicationShutdownHook] [com.zaxxer.hikari.HikariDataSource:?] - HikariPool-1 - Shutdown initiated...
[2025-11-06 22:25:24.394] [INFO ] [order-service] [SpringApplicationShutdownHook] [com.zaxxer.hikari.HikariDataSource:?] - HikariPool-1 - Shutdown completed.
