[2025-11-05 00:00:00.012] [DEBUG] [order-service] [scheduling-1] [org.hibernate.SQL:135] - 
    select
        om1_0.order_id,
        om1_0.create_time,
        om1_0.delivery_id,
        om1_0.discount_amount,
        om1_0.dispatch_group,
        om1_0.leader_id,
        om1_0.order_sn,
        om1_0.order_status,
        om1_0.pay_amount,
        om1_0.pay_status,
        om1_0.pay_time,
        om1_0.receive_address_id,
        om1_0.total_amount,
        om1_0.update_time,
        om1_0.user_id 
    from
        order_main om1_0 
    where
        om1_0.order_status=0 
        and om1_0.pay_status=0 
        and om1_0.create_time<?
