[2025-11-08 21:50:05.713] [INFO ] [order-service] [main] [com.bcu.edu.OrderServiceApplication:?] - Starting OrderServiceApplication using Java 17.0.6 with PID 40196 (E:\E\BYSJ\community-group-buy-backend\OrderService\target\classes started by Gkr07 in E:\E\BYSJ\community-group-buy-backend)
[2025-11-08 21:50:05.724] [INFO ] [order-service] [main] [com.bcu.edu.OrderServiceApplication:?] - No active profile set, falling back to 1 default profile: "default"
[2025-11-08 21:50:07.802] [INFO ] [order-service] [main] [o.s.d.r.config.RepositoryConfigurationDelegate:?] - Bootstrapping Spring Data JPA repositories in DEFAULT mode.
[2025-11-08 21:50:08.129] [INFO ] [order-service] [main] [o.s.d.r.config.RepositoryConfigurationDelegate:?] - Finished Spring Data repository scanning in 314 ms. Found 4 JPA repository interfaces.
[2025-11-08 21:50:08.711] [INFO ] [order-service] [main] [o.springframework.cloud.context.scope.GenericScope:?] - BeanFactory id=dfc96946-3f2b-31d7-a6ff-1981739adaa3
[2025-11-08 21:50:09.405] [WARN ] [order-service] [main] [o.s.c.s.PostProcessorRegistrationDelegate$BeanPostProcessorChecker:?] - Bean 'org.springframework.cloud.client.loadbalancer.LoadBalancerAutoConfiguration$LoadBalancerInterceptorConfig' of type [org.springframework.cloud.client.loadbalancer.LoadBalancerAutoConfiguration$LoadBalancerInterceptorConfig] is not eligible for getting processed by all BeanPostProcessors (for example: not eligible for auto-proxying). The currently created BeanPostProcessor [lbRestClientPostProcessor] is declared through a non-static factory method on that class; consider declaring it as static instead.
[2025-11-08 21:50:09.411] [WARN ] [order-service] [main] [o.s.c.s.PostProcessorRegistrationDelegate$BeanPostProcessorChecker:?] - Bean 'org.springframework.cloud.loadbalancer.config.BlockingLoadBalancerClientAutoConfiguration' of type [org.springframework.cloud.loadbalancer.config.BlockingLoadBalancerClientAutoConfiguration] is not eligible for getting processed by all BeanPostProcessors (for example: not eligible for auto-proxying). Is this bean getting eagerly injected into a currently created BeanPostProcessor [lbRestClientPostProcessor]? Check the corresponding BeanPostProcessor declaration and its dependencies.
[2025-11-08 21:50:09.417] [WARN ] [order-service] [main] [o.s.c.s.PostProcessorRegistrationDelegate$BeanPostProcessorChecker:?] - Bean 'org.springframework.cloud.loadbalancer.config.LoadBalancerAutoConfiguration' of type [org.springframework.cloud.loadbalancer.config.LoadBalancerAutoConfiguration] is not eligible for getting processed by all BeanPostProcessors (for example: not eligible for auto-proxying). Is this bean getting eagerly injected into a currently created BeanPostProcessor [lbRestClientPostProcessor]? Check the corresponding BeanPostProcessor declaration and its dependencies.
[2025-11-08 21:50:09.436] [WARN ] [order-service] [main] [o.s.c.s.PostProcessorRegistrationDelegate$BeanPostProcessorChecker:?] - Bean 'org.springframework.cloud.commons.config.CommonsConfigAutoConfiguration' of type [org.springframework.cloud.commons.config.CommonsConfigAutoConfiguration] is not eligible for getting processed by all BeanPostProcessors (for example: not eligible for auto-proxying). Is this bean getting eagerly injected into a currently created BeanPostProcessor [lbRestClientPostProcessor]? Check the corresponding BeanPostProcessor declaration and its dependencies.
[2025-11-08 21:50:09.443] [WARN ] [order-service] [main] [o.s.c.s.PostProcessorRegistrationDelegate$BeanPostProcessorChecker:?] - Bean 'org.springframework.cloud.client.loadbalancer.LoadBalancerDefaultMappingsProviderAutoConfiguration' of type [org.springframework.cloud.client.loadbalancer.LoadBalancerDefaultMappingsProviderAutoConfiguration] is not eligible for getting processed by all BeanPostProcessors (for example: not eligible for auto-proxying). Is this bean getting eagerly injected into a currently created BeanPostProcessor [lbRestClientPostProcessor]? Check the corresponding BeanPostProcessor declaration and its dependencies.
[2025-11-08 21:50:09.446] [WARN ] [order-service] [main] [o.s.c.s.PostProcessorRegistrationDelegate$BeanPostProcessorChecker:?] - Bean 'loadBalancerClientsDefaultsMappingsProvider' of type [org.springframework.cloud.client.loadbalancer.LoadBalancerDefaultMappingsProviderAutoConfiguration$$Lambda$791/0x000000080116da10] is not eligible for getting processed by all BeanPostProcessors (for example: not eligible for auto-proxying). Is this bean getting eagerly injected into a currently created BeanPostProcessor [lbRestClientPostProcessor]? Check the corresponding BeanPostProcessor declaration and its dependencies.
[2025-11-08 21:50:09.454] [WARN ] [order-service] [main] [o.s.c.s.PostProcessorRegistrationDelegate$BeanPostProcessorChecker:?] - Bean 'defaultsBindHandlerAdvisor' of type [org.springframework.cloud.commons.config.DefaultsBindHandlerAdvisor] is not eligible for getting processed by all BeanPostProcessors (for example: not eligible for auto-proxying). Is this bean getting eagerly injected into a currently created BeanPostProcessor [lbRestClientPostProcessor]? Check the corresponding BeanPostProcessor declaration and its dependencies.
[2025-11-08 21:50:09.468] [WARN ] [order-service] [main] [o.s.c.s.PostProcessorRegistrationDelegate$BeanPostProcessorChecker:?] - Bean 'spring.cloud.loadbalancer-org.springframework.cloud.client.loadbalancer.LoadBalancerClientsProperties' of type [org.springframework.cloud.client.loadbalancer.LoadBalancerClientsProperties] is not eligible for getting processed by all BeanPostProcessors (for example: not eligible for auto-proxying). Is this bean getting eagerly injected into a currently created BeanPostProcessor [lbRestClientPostProcessor]? Check the corresponding BeanPostProcessor declaration and its dependencies.
[2025-11-08 21:50:09.479] [WARN ] [order-service] [main] [o.s.c.s.PostProcessorRegistrationDelegate$BeanPostProcessorChecker:?] - Bean 'default.org.springframework.cloud.loadbalancer.config.LoadBalancerAutoConfiguration.LoadBalancerClientSpecification' of type [org.springframework.cloud.loadbalancer.annotation.LoadBalancerClientSpecification] is not eligible for getting processed by all BeanPostProcessors (for example: not eligible for auto-proxying). Is this bean getting eagerly injected into a currently created BeanPostProcessor [lbRestClientPostProcessor]? Check the corresponding BeanPostProcessor declaration and its dependencies.
[2025-11-08 21:50:09.484] [WARN ] [order-service] [main] [o.s.c.s.PostProcessorRegistrationDelegate$BeanPostProcessorChecker:?] - Bean 'default.org.springframework.cloud.loadbalancer.config.BlockingLoadBalancerClientAutoConfiguration.LoadBalancerClientSpecification' of type [org.springframework.cloud.loadbalancer.annotation.LoadBalancerClientSpecification] is not eligible for getting processed by all BeanPostProcessors (for example: not eligible for auto-proxying). Is this bean getting eagerly injected into a currently created BeanPostProcessor [lbRestClientPostProcessor]? Check the corresponding BeanPostProcessor declaration and its dependencies.
[2025-11-08 21:50:09.487] [WARN ] [order-service] [main] [o.s.c.s.PostProcessorRegistrationDelegate$BeanPostProcessorChecker:?] - Bean 'loadBalancerClientFactory' of type [org.springframework.cloud.loadbalancer.support.LoadBalancerClientFactory] is not eligible for getting processed by all BeanPostProcessors (for example: not eligible for auto-proxying). Is this bean getting eagerly injected into a currently created BeanPostProcessor [lbRestClientPostProcessor]? Check the corresponding BeanPostProcessor declaration and its dependencies.
[2025-11-08 21:50:09.500] [WARN ] [order-service] [main] [o.s.c.s.PostProcessorRegistrationDelegate$BeanPostProcessorChecker:?] - Bean 'blockingLoadBalancerClient' of type [org.springframework.cloud.loadbalancer.blocking.client.BlockingLoadBalancerClient] is not eligible for getting processed by all BeanPostProcessors (for example: not eligible for auto-proxying). Is this bean getting eagerly injected into a currently created BeanPostProcessor [lbRestClientPostProcessor]? Check the corresponding BeanPostProcessor declaration and its dependencies.
[2025-11-08 21:50:09.518] [WARN ] [order-service] [main] [o.s.c.s.PostProcessorRegistrationDelegate$BeanPostProcessorChecker:?] - Bean 'loadBalancerServiceInstanceCookieTransformer' of type [org.springframework.cloud.loadbalancer.core.LoadBalancerServiceInstanceCookieTransformer] is not eligible for getting processed by all BeanPostProcessors (for example: not eligible for auto-proxying). Is this bean getting eagerly injected into a currently created BeanPostProcessor [lbRestClientPostProcessor]? Check the corresponding BeanPostProcessor declaration and its dependencies.
[2025-11-08 21:50:09.521] [WARN ] [order-service] [main] [o.s.c.s.PostProcessorRegistrationDelegate$BeanPostProcessorChecker:?] - Bean 'xForwarderHeadersTransformer' of type [org.springframework.cloud.loadbalancer.blocking.XForwardedHeadersTransformer] is not eligible for getting processed by all BeanPostProcessors (for example: not eligible for auto-proxying). Is this bean getting eagerly injected into a currently created BeanPostProcessor [lbRestClientPostProcessor]? Check the corresponding BeanPostProcessor declaration and its dependencies.
[2025-11-08 21:50:09.523] [WARN ] [order-service] [main] [o.s.c.s.PostProcessorRegistrationDelegate$BeanPostProcessorChecker:?] - Bean 'org.springframework.cloud.client.loadbalancer.LoadBalancerAutoConfiguration' of type [org.springframework.cloud.client.loadbalancer.LoadBalancerAutoConfiguration] is not eligible for getting processed by all BeanPostProcessors (for example: not eligible for auto-proxying). Is this bean getting eagerly injected into a currently created BeanPostProcessor [lbRestClientPostProcessor]? Check the corresponding BeanPostProcessor declaration and its dependencies.
[2025-11-08 21:50:09.529] [WARN ] [order-service] [main] [o.s.c.s.PostProcessorRegistrationDelegate$BeanPostProcessorChecker:?] - Bean 'loadBalancerRequestFactory' of type [org.springframework.cloud.client.loadbalancer.LoadBalancerRequestFactory] is not eligible for getting processed by all BeanPostProcessors (for example: not eligible for auto-proxying). Is this bean getting eagerly injected into a currently created BeanPostProcessor [lbRestClientPostProcessor]? Check the corresponding BeanPostProcessor declaration and its dependencies.
[2025-11-08 21:50:09.533] [WARN ] [order-service] [main] [o.s.c.s.PostProcessorRegistrationDelegate$BeanPostProcessorChecker:?] - Bean 'loadBalancerInterceptor' of type [org.springframework.cloud.client.loadbalancer.LoadBalancerInterceptor] is not eligible for getting processed by all BeanPostProcessors (for example: not eligible for auto-proxying). Is this bean getting eagerly injected into a currently created BeanPostProcessor [lbRestClientPostProcessor]? Check the corresponding BeanPostProcessor declaration and its dependencies.
[2025-11-08 21:50:10.106] [INFO ] [order-service] [main] [o.s.boot.web.embedded.tomcat.TomcatWebServer:?] - Tomcat initialized with port 8065 (http)
[2025-11-08 21:50:10.280] [INFO ] [order-service] [main] [o.s.b.w.s.c.ServletWebServerApplicationContext:?] - Root WebApplicationContext: initialization completed in 4473 ms
[2025-11-08 21:50:10.952] [INFO ] [order-service] [main] [org.hibernate.jpa.internal.util.LogHelper:?] - HHH000204: Processing PersistenceUnitInfo [name: default]
[2025-11-08 21:50:11.081] [INFO ] [order-service] [main] [org.hibernate.Version:?] - HHH000412: Hibernate ORM core version 6.4.4.Final
[2025-11-08 21:50:11.161] [INFO ] [order-service] [main] [o.hibernate.cache.internal.RegionFactoryInitiator:?] - HHH000026: Second-level cache disabled
[2025-11-08 21:50:11.736] [INFO ] [order-service] [main] [o.s.o.j.persistenceunit.SpringPersistenceUnitInfo:?] - No LoadTimeWeaver setup: ignoring JPA class transformer
[2025-11-08 21:50:11.801] [INFO ] [order-service] [main] [com.zaxxer.hikari.HikariDataSource:?] - HikariPool-1 - Starting...
[2025-11-08 21:50:12.019] [INFO ] [order-service] [main] [com.zaxxer.hikari.pool.HikariPool:?] - HikariPool-1 - Added connection com.mysql.cj.jdbc.ConnectionImpl@3e1c5e0d
[2025-11-08 21:50:12.021] [INFO ] [order-service] [main] [com.zaxxer.hikari.HikariDataSource:?] - HikariPool-1 - Start completed.
[2025-11-08 21:50:13.992] [INFO ] [order-service] [main] [o.h.e.t.jta.platform.internal.JtaPlatformInitiator:?] - HHH000489: No JTA platform available (set 'hibernate.transaction.jta.platform' to enable JTA platform integration)
[2025-11-08 21:50:13.999] [INFO ] [order-service] [main] [o.s.orm.jpa.LocalContainerEntityManagerFactoryBean:?] - Initialized JPA EntityManagerFactory for persistence unit 'default'
[2025-11-08 21:50:14.570] [INFO ] [order-service] [main] [o.s.data.jpa.repository.query.QueryEnhancerFactory:?] - Hibernate is in classpath; If applicable, HQL parser will be used.
[2025-11-08 21:50:15.676] [WARN ] [order-service] [main] [o.s.b.a.o.j.JpaBaseConfiguration$JpaWebConfiguration:?] - spring.jpa.open-in-view is enabled by default. Therefore, database queries may be performed during view rendering. Explicitly configure spring.jpa.open-in-view to disable this warning
[2025-11-08 21:50:17.229] [INFO ] [order-service] [main] [o.s.cloud.openfeign.FeignClientFactoryBean:?] - For 'user-service' URL not provided. Will try picking an instance via load-balancing.
[2025-11-08 21:50:17.367] [INFO ] [order-service] [main] [o.s.cloud.openfeign.FeignClientFactoryBean:?] - For 'product-service' URL not provided. Will try picking an instance via load-balancing.
[2025-11-08 21:50:17.435] [INFO ] [order-service] [main] [o.s.cloud.openfeign.FeignClientFactoryBean:?] - For 'leader-service' URL not provided. Will try picking an instance via load-balancing.
[2025-11-08 21:50:17.579] [INFO ] [order-service] [main] [o.s.cloud.openfeign.FeignClientFactoryBean:?] - For 'user-service' URL not provided. Will try picking an instance via load-balancing.
[2025-11-08 21:50:20.425] [WARN ] [order-service] [main] [o.s.c.l.c.LoadBalancerCacheAutoConfiguration$LoadBalancerCaffeineWarnLogger:?] - Spring Cloud LoadBalancer is currently working with the default cache. While this cache implementation is useful for development and tests, it's recommended to use Caffeine cache in production.You can switch to using Caffeine cache, by adding it and org.springframework.cache.caffeine.CaffeineCacheManager to the classpath.
[2025-11-08 21:50:20.445] [INFO ] [order-service] [main] [o.s.b.actuate.endpoint.web.EndpointLinksResolver:?] - Exposing 1 endpoint(s) beneath base path '/actuator'
[2025-11-08 21:50:20.606] [INFO ] [order-service] [main] [o.s.boot.web.embedded.tomcat.TomcatWebServer:?] - Tomcat started on port 8065 (http) with context path ''
[2025-11-08 21:50:20.610] [INFO ] [order-service] [main] [o.s.c.consul.serviceregistry.ConsulServiceRegistry:?] - Registering service with consul: NewService{id='order-service-8065', name='order-service', tags=[], address='192.168.245.1', meta={secure=false}, port=8065, enableTagOverride=null, check=Check{script='null', dockerContainerID='null', shell='null', interval='10s', ttl='null', http='http://192.168.245.1:8065/actuator/health', method='null', header={}, tcp='null', timeout='null', deregisterCriticalServiceAfter='null', tlsSkipVerify=null, status='null', grpc='null', grpcUseTLS=null}, checks=null}
[2025-11-08 21:50:21.263] [INFO ] [order-service] [main] [com.bcu.edu.OrderServiceApplication:?] - Started OrderServiceApplication in 17.082 seconds (process running for 18.165)
[2025-11-08 21:50:21.929] [INFO ] [order-service] [RMI TCP Connection(5)-26.52.41.123] [org.springframework.web.servlet.DispatcherServlet:?] - Initializing Servlet 'dispatcherServlet'
[2025-11-08 21:50:21.933] [INFO ] [order-service] [RMI TCP Connection(5)-26.52.41.123] [org.springframework.web.servlet.DispatcherServlet:?] - Completed initialization in 4 ms
[2025-11-08 21:55:00.008] [INFO ] [order-service] [scheduling-1] [com.bcu.edu.task.OrderExpireTask:?] - ========== 开始检查超时订单 ==========
[2025-11-08 21:55:00.009] [INFO ] [order-service] [scheduling-1] [com.bcu.edu.task.OrderExpireTask:?] - 超时时间设置: 30分钟
[2025-11-08 21:55:00.009] [INFO ] [order-service] [scheduling-1] [com.bcu.edu.task.OrderExpireTask:?] - 过期时间点: 2025-11-08T21:25:00.009470100
[2025-11-08 21:55:00.161] [INFO ] [order-service] [scheduling-1] [com.bcu.edu.task.OrderExpireTask:?] - 找到0条超时订单
[2025-11-08 21:55:00.161] [INFO ] [order-service] [scheduling-1] [com.bcu.edu.task.OrderExpireTask:?] - 没有超时订单，任务结束
[2025-11-08 22:00:00.012] [INFO ] [order-service] [scheduling-1] [com.bcu.edu.task.OrderExpireTask:?] - ========== 开始检查超时订单 ==========
[2025-11-08 22:00:00.012] [INFO ] [order-service] [scheduling-1] [com.bcu.edu.task.OrderExpireTask:?] - 超时时间设置: 30分钟
[2025-11-08 22:00:00.012] [INFO ] [order-service] [scheduling-1] [com.bcu.edu.task.OrderExpireTask:?] - 过期时间点: 2025-11-08T21:30:00.012189800
[2025-11-08 22:00:00.019] [INFO ] [order-service] [scheduling-1] [com.bcu.edu.task.OrderExpireTask:?] - 找到0条超时订单
[2025-11-08 22:00:00.019] [INFO ] [order-service] [scheduling-1] [com.bcu.edu.task.OrderExpireTask:?] - 没有超时订单，任务结束
[2025-11-08 22:05:00.013] [INFO ] [order-service] [scheduling-1] [com.bcu.edu.task.OrderExpireTask:?] - ========== 开始检查超时订单 ==========
[2025-11-08 22:05:00.013] [INFO ] [order-service] [scheduling-1] [com.bcu.edu.task.OrderExpireTask:?] - 超时时间设置: 30分钟
[2025-11-08 22:05:00.013] [INFO ] [order-service] [scheduling-1] [com.bcu.edu.task.OrderExpireTask:?] - 过期时间点: 2025-11-08T21:35:00.013060600
[2025-11-08 22:05:00.016] [INFO ] [order-service] [scheduling-1] [com.bcu.edu.task.OrderExpireTask:?] - 找到0条超时订单
[2025-11-08 22:05:00.017] [INFO ] [order-service] [scheduling-1] [com.bcu.edu.task.OrderExpireTask:?] - 没有超时订单，任务结束
[2025-11-08 22:10:00.004] [INFO ] [order-service] [scheduling-1] [com.bcu.edu.task.OrderExpireTask:?] - ========== 开始检查超时订单 ==========
[2025-11-08 22:10:00.004] [INFO ] [order-service] [scheduling-1] [com.bcu.edu.task.OrderExpireTask:?] - 超时时间设置: 30分钟
[2025-11-08 22:10:00.004] [INFO ] [order-service] [scheduling-1] [com.bcu.edu.task.OrderExpireTask:?] - 过期时间点: 2025-11-08T21:40:00.004007100
[2025-11-08 22:10:00.008] [INFO ] [order-service] [scheduling-1] [com.bcu.edu.task.OrderExpireTask:?] - 找到0条超时订单
[2025-11-08 22:10:00.009] [INFO ] [order-service] [scheduling-1] [com.bcu.edu.task.OrderExpireTask:?] - 没有超时订单，任务结束
[2025-11-08 22:15:00.009] [INFO ] [order-service] [scheduling-1] [com.bcu.edu.task.OrderExpireTask:?] - ========== 开始检查超时订单 ==========
[2025-11-08 22:15:00.009] [INFO ] [order-service] [scheduling-1] [com.bcu.edu.task.OrderExpireTask:?] - 超时时间设置: 30分钟
[2025-11-08 22:15:00.009] [INFO ] [order-service] [scheduling-1] [com.bcu.edu.task.OrderExpireTask:?] - 过期时间点: 2025-11-08T21:45:00.009982
[2025-11-08 22:15:00.013] [INFO ] [order-service] [scheduling-1] [com.bcu.edu.task.OrderExpireTask:?] - 找到0条超时订单
[2025-11-08 22:15:00.013] [INFO ] [order-service] [scheduling-1] [com.bcu.edu.task.OrderExpireTask:?] - 没有超时订单，任务结束
[2025-11-08 22:20:00.016] [INFO ] [order-service] [scheduling-1] [com.bcu.edu.task.OrderExpireTask:?] - ========== 开始检查超时订单 ==========
[2025-11-08 22:20:00.016] [INFO ] [order-service] [scheduling-1] [com.bcu.edu.task.OrderExpireTask:?] - 超时时间设置: 30分钟
[2025-11-08 22:20:00.016] [INFO ] [order-service] [scheduling-1] [com.bcu.edu.task.OrderExpireTask:?] - 过期时间点: 2025-11-08T21:50:00.016219500
[2025-11-08 22:20:00.019] [INFO ] [order-service] [scheduling-1] [com.bcu.edu.task.OrderExpireTask:?] - 找到0条超时订单
[2025-11-08 22:20:00.019] [INFO ] [order-service] [scheduling-1] [com.bcu.edu.task.OrderExpireTask:?] - 没有超时订单，任务结束
[2025-11-08 22:25:00.009] [INFO ] [order-service] [scheduling-1] [com.bcu.edu.task.OrderExpireTask:?] - ========== 开始检查超时订单 ==========
[2025-11-08 22:25:00.009] [INFO ] [order-service] [scheduling-1] [com.bcu.edu.task.OrderExpireTask:?] - 超时时间设置: 30分钟
[2025-11-08 22:25:00.009] [INFO ] [order-service] [scheduling-1] [com.bcu.edu.task.OrderExpireTask:?] - 过期时间点: 2025-11-08T21:55:00.009319500
[2025-11-08 22:25:00.012] [INFO ] [order-service] [scheduling-1] [com.bcu.edu.task.OrderExpireTask:?] - 找到0条超时订单
[2025-11-08 22:25:00.012] [INFO ] [order-service] [scheduling-1] [com.bcu.edu.task.OrderExpireTask:?] - 没有超时订单，任务结束
[2025-11-08 22:30:00.003] [INFO ] [order-service] [scheduling-1] [com.bcu.edu.task.OrderExpireTask:?] - ========== 开始检查超时订单 ==========
[2025-11-08 22:30:00.003] [INFO ] [order-service] [scheduling-1] [com.bcu.edu.task.OrderExpireTask:?] - 超时时间设置: 30分钟
[2025-11-08 22:30:00.003] [INFO ] [order-service] [scheduling-1] [com.bcu.edu.task.OrderExpireTask:?] - 过期时间点: 2025-11-08T22:00:00.003476400
[2025-11-08 22:30:00.007] [INFO ] [order-service] [scheduling-1] [com.bcu.edu.task.OrderExpireTask:?] - 找到0条超时订单
[2025-11-08 22:30:00.007] [INFO ] [order-service] [scheduling-1] [com.bcu.edu.task.OrderExpireTask:?] - 没有超时订单，任务结束
[2025-11-08 22:35:00.002] [INFO ] [order-service] [scheduling-1] [com.bcu.edu.task.OrderExpireTask:?] - ========== 开始检查超时订单 ==========
[2025-11-08 22:35:00.002] [INFO ] [order-service] [scheduling-1] [com.bcu.edu.task.OrderExpireTask:?] - 超时时间设置: 30分钟
[2025-11-08 22:35:00.002] [INFO ] [order-service] [scheduling-1] [com.bcu.edu.task.OrderExpireTask:?] - 过期时间点: 2025-11-08T22:05:00.002491400
[2025-11-08 22:35:00.005] [INFO ] [order-service] [scheduling-1] [com.bcu.edu.task.OrderExpireTask:?] - 找到0条超时订单
[2025-11-08 22:35:00.005] [INFO ] [order-service] [scheduling-1] [com.bcu.edu.task.OrderExpireTask:?] - 没有超时订单，任务结束
[2025-11-08 22:40:00.010] [INFO ] [order-service] [scheduling-1] [com.bcu.edu.task.OrderExpireTask:?] - ========== 开始检查超时订单 ==========
[2025-11-08 22:40:00.010] [INFO ] [order-service] [scheduling-1] [com.bcu.edu.task.OrderExpireTask:?] - 超时时间设置: 30分钟
[2025-11-08 22:40:00.010] [INFO ] [order-service] [scheduling-1] [com.bcu.edu.task.OrderExpireTask:?] - 过期时间点: 2025-11-08T22:10:00.010066100
[2025-11-08 22:40:00.015] [INFO ] [order-service] [scheduling-1] [com.bcu.edu.task.OrderExpireTask:?] - 找到0条超时订单
[2025-11-08 22:40:00.015] [INFO ] [order-service] [scheduling-1] [com.bcu.edu.task.OrderExpireTask:?] - 没有超时订单，任务结束
[2025-11-08 22:45:00.003] [INFO ] [order-service] [scheduling-1] [com.bcu.edu.task.OrderExpireTask:?] - ========== 开始检查超时订单 ==========
[2025-11-08 22:45:00.003] [INFO ] [order-service] [scheduling-1] [com.bcu.edu.task.OrderExpireTask:?] - 超时时间设置: 30分钟
[2025-11-08 22:45:00.003] [INFO ] [order-service] [scheduling-1] [com.bcu.edu.task.OrderExpireTask:?] - 过期时间点: 2025-11-08T22:15:00.003997100
[2025-11-08 22:45:00.008] [INFO ] [order-service] [scheduling-1] [com.bcu.edu.task.OrderExpireTask:?] - 找到0条超时订单
[2025-11-08 22:45:00.008] [INFO ] [order-service] [scheduling-1] [com.bcu.edu.task.OrderExpireTask:?] - 没有超时订单，任务结束
[2025-11-08 22:50:00.007] [INFO ] [order-service] [scheduling-1] [com.bcu.edu.task.OrderExpireTask:?] - ========== 开始检查超时订单 ==========
[2025-11-08 22:50:00.007] [INFO ] [order-service] [scheduling-1] [com.bcu.edu.task.OrderExpireTask:?] - 超时时间设置: 30分钟
[2025-11-08 22:50:00.007] [INFO ] [order-service] [scheduling-1] [com.bcu.edu.task.OrderExpireTask:?] - 过期时间点: 2025-11-08T22:20:00.007048300
[2025-11-08 22:50:00.015] [INFO ] [order-service] [scheduling-1] [com.bcu.edu.task.OrderExpireTask:?] - 找到0条超时订单
[2025-11-08 22:50:00.015] [INFO ] [order-service] [scheduling-1] [com.bcu.edu.task.OrderExpireTask:?] - 没有超时订单，任务结束
[2025-11-08 22:55:00.015] [INFO ] [order-service] [scheduling-1] [com.bcu.edu.task.OrderExpireTask:?] - ========== 开始检查超时订单 ==========
[2025-11-08 22:55:00.015] [INFO ] [order-service] [scheduling-1] [com.bcu.edu.task.OrderExpireTask:?] - 超时时间设置: 30分钟
[2025-11-08 22:55:00.015] [INFO ] [order-service] [scheduling-1] [com.bcu.edu.task.OrderExpireTask:?] - 过期时间点: 2025-11-08T22:25:00.015938800
[2025-11-08 22:55:00.019] [INFO ] [order-service] [scheduling-1] [com.bcu.edu.task.OrderExpireTask:?] - 找到0条超时订单
[2025-11-08 22:55:00.019] [INFO ] [order-service] [scheduling-1] [com.bcu.edu.task.OrderExpireTask:?] - 没有超时订单，任务结束
[2025-11-08 23:00:00.001] [INFO ] [order-service] [scheduling-1] [com.bcu.edu.task.OrderExpireTask:?] - ========== 开始检查超时订单 ==========
[2025-11-08 23:00:00.001] [INFO ] [order-service] [scheduling-1] [com.bcu.edu.task.OrderExpireTask:?] - 超时时间设置: 30分钟
[2025-11-08 23:00:00.001] [INFO ] [order-service] [scheduling-1] [com.bcu.edu.task.OrderExpireTask:?] - 过期时间点: 2025-11-08T22:30:00.001728800
[2025-11-08 23:00:00.005] [INFO ] [order-service] [scheduling-1] [com.bcu.edu.task.OrderExpireTask:?] - 找到0条超时订单
[2025-11-08 23:00:00.005] [INFO ] [order-service] [scheduling-1] [com.bcu.edu.task.OrderExpireTask:?] - 没有超时订单，任务结束
[2025-11-08 23:05:00.011] [INFO ] [order-service] [scheduling-1] [com.bcu.edu.task.OrderExpireTask:?] - ========== 开始检查超时订单 ==========
[2025-11-08 23:05:00.011] [INFO ] [order-service] [scheduling-1] [com.bcu.edu.task.OrderExpireTask:?] - 超时时间设置: 30分钟
[2025-11-08 23:05:00.011] [INFO ] [order-service] [scheduling-1] [com.bcu.edu.task.OrderExpireTask:?] - 过期时间点: 2025-11-08T22:35:00.011604900
[2025-11-08 23:05:00.015] [INFO ] [order-service] [scheduling-1] [com.bcu.edu.task.OrderExpireTask:?] - 找到0条超时订单
[2025-11-08 23:05:00.015] [INFO ] [order-service] [scheduling-1] [com.bcu.edu.task.OrderExpireTask:?] - 没有超时订单，任务结束
[2025-11-08 23:10:00.009] [INFO ] [order-service] [scheduling-1] [com.bcu.edu.task.OrderExpireTask:?] - ========== 开始检查超时订单 ==========
[2025-11-08 23:10:00.009] [INFO ] [order-service] [scheduling-1] [com.bcu.edu.task.OrderExpireTask:?] - 超时时间设置: 30分钟
[2025-11-08 23:10:00.009] [INFO ] [order-service] [scheduling-1] [com.bcu.edu.task.OrderExpireTask:?] - 过期时间点: 2025-11-08T22:40:00.009391500
[2025-11-08 23:10:00.013] [INFO ] [order-service] [scheduling-1] [com.bcu.edu.task.OrderExpireTask:?] - 找到0条超时订单
[2025-11-08 23:10:00.013] [INFO ] [order-service] [scheduling-1] [com.bcu.edu.task.OrderExpireTask:?] - 没有超时订单，任务结束
[2025-11-08 23:15:00.005] [INFO ] [order-service] [scheduling-1] [com.bcu.edu.task.OrderExpireTask:?] - ========== 开始检查超时订单 ==========
[2025-11-08 23:15:00.005] [INFO ] [order-service] [scheduling-1] [com.bcu.edu.task.OrderExpireTask:?] - 超时时间设置: 30分钟
[2025-11-08 23:15:00.005] [INFO ] [order-service] [scheduling-1] [com.bcu.edu.task.OrderExpireTask:?] - 过期时间点: 2025-11-08T22:45:00.005984300
[2025-11-08 23:15:00.009] [INFO ] [order-service] [scheduling-1] [com.bcu.edu.task.OrderExpireTask:?] - 找到0条超时订单
[2025-11-08 23:15:00.009] [INFO ] [order-service] [scheduling-1] [com.bcu.edu.task.OrderExpireTask:?] - 没有超时订单，任务结束
